[2022-08-12 05:42:22,873] {taskinstance.py:1179} INFO - Dependencies all met for <TaskInstance: ETL_DAG.Load_into_food_availability_percent_table manual__2022-08-12T05:33:31.619708+00:00 [queued]>
[2022-08-12 05:42:22,902] {taskinstance.py:1179} INFO - Dependencies all met for <TaskInstance: ETL_DAG.Load_into_food_availability_percent_table manual__2022-08-12T05:33:31.619708+00:00 [queued]>
[2022-08-12 05:42:22,909] {taskinstance.py:1376} INFO - 
--------------------------------------------------------------------------------
[2022-08-12 05:42:22,910] {taskinstance.py:1377} INFO - Starting attempt 1 of 6
[2022-08-12 05:42:22,911] {taskinstance.py:1378} INFO - 
--------------------------------------------------------------------------------
[2022-08-12 05:42:22,930] {taskinstance.py:1397} INFO - Executing <Task(S3ToSnowflakeOperator): Load_into_food_availability_percent_table> on 2022-08-12 05:33:31.619708+00:00
[2022-08-12 05:42:22,952] {standard_task_runner.py:52} INFO - Started process 994 to run task
[2022-08-12 05:42:22,981] {standard_task_runner.py:79} INFO - Running: ['***', 'tasks', 'run', 'ETL_DAG', 'Load_into_food_availability_percent_table', 'manual__2022-08-12T05:33:31.619708+00:00', '--job-id', '873', '--raw', '--subdir', 'DAGS_FOLDER/etl_dag.py', '--cfg-path', '/tmp/tmp56p0roza', '--error-file', '/tmp/tmpq5y0wssa']
[2022-08-12 05:42:22,989] {standard_task_runner.py:80} INFO - Job 873: Subtask Load_into_food_availability_percent_table
[2022-08-12 05:42:23,170] {task_command.py:371} INFO - Running <TaskInstance: ETL_DAG.Load_into_food_availability_percent_table manual__2022-08-12T05:33:31.619708+00:00 [running]> on host 959a8f00817b
[2022-08-12 05:42:23,303] {taskinstance.py:1591} INFO - Exporting the following env vars:
AIRFLOW_CTX_DAG_OWNER=narapady
AIRFLOW_CTX_DAG_ID=ETL_DAG
AIRFLOW_CTX_TASK_ID=Load_into_food_availability_percent_table
AIRFLOW_CTX_EXECUTION_DATE=2022-08-12T05:33:31.619708+00:00
AIRFLOW_CTX_TRY_NUMBER=1
AIRFLOW_CTX_DAG_RUN_ID=manual__2022-08-12T05:33:31.619708+00:00
[2022-08-12 05:42:23,305] {s3_to_snowflake.py:135} INFO - Executing COPY command...
[2022-08-12 05:42:23,321] {base.py:68} INFO - Using connection ID 'snowflake_conn' for task execution.
[2022-08-12 05:42:23,327] {connection.py:275} INFO - Snowflake Connector for Python Version: 2.7.11, Python Version: 3.7.13, Platform: Linux-5.10.104-linuxkit-aarch64-with-debian-11.3
[2022-08-12 05:42:23,329] {connection.py:927} INFO - This connection is in OCSP Fail Open Mode. TLS Certificates would be checked for validity and revocation status. Any other Certificate Revocation related exceptions or OCSP Responder failures would be disregarded in favor of connectivity.
[2022-08-12 05:42:23,331] {connection.py:944} INFO - Setting use_openssl_only mode to False
[2022-08-12 05:42:24,517] {cursor.py:715} INFO - query: [ALTER SESSION SET autocommit=True]
[2022-08-12 05:42:24,690] {cursor.py:739} INFO - query execution done
[2022-08-12 05:42:24,691] {snowflake.py:328} INFO - Running statement: COPY INTO public.food_availability_percent
FROM @s3_stage/
files=('percents-staged.csv')
file_format=csv_format, parameters: None
[2022-08-12 05:42:24,692] {cursor.py:715} INFO - query: [COPY INTO public.food_availability_percent FROM @s3_stage/ files=('percents-stag...]
[2022-08-12 05:42:26,186] {cursor.py:739} INFO - query execution done
[2022-08-12 05:42:26,188] {snowflake.py:338} INFO - Statement execution info - {'file': 's3://s3-bucket-staged/percents-staged.csv', 'status': 'LOADED', 'rows_parsed': 41, 'rows_loaded': 41, 'error_limit': 1, 'errors_seen': 0, 'first_error': None, 'first_error_line': None, 'first_error_character': None, 'first_error_column_name': None}
[2022-08-12 05:42:26,189] {snowflake.py:342} INFO - Rows affected: 1
[2022-08-12 05:42:26,191] {snowflake.py:343} INFO - Snowflake query id: 01a63b56-0004-2885-001e-00070003c1da
[2022-08-12 05:42:26,192] {connection.py:557} INFO - closed
[2022-08-12 05:42:26,333] {connection.py:560} INFO - No async queries seem to be running, deleting session
[2022-08-12 05:42:26,515] {s3_to_snowflake.py:137} INFO - COPY command completed
[2022-08-12 05:42:26,528] {taskinstance.py:1420} INFO - Marking task as SUCCESS. dag_id=ETL_DAG, task_id=Load_into_food_availability_percent_table, execution_date=20220812T053331, start_date=20220812T054222, end_date=20220812T054226
[2022-08-12 05:42:26,580] {local_task_job.py:156} INFO - Task exited with return code 0
[2022-08-12 05:42:26,615] {local_task_job.py:273} INFO - 0 downstream tasks scheduled from follow-on schedule check
