[2022-08-12 05:37:38,459] {taskinstance.py:1179} INFO - Dependencies all met for <TaskInstance: ETL_DAG.Transform_current-food-expenditure-series manual__2022-08-12T05:33:31.619708+00:00 [queued]>
[2022-08-12 05:37:38,483] {taskinstance.py:1179} INFO - Dependencies all met for <TaskInstance: ETL_DAG.Transform_current-food-expenditure-series manual__2022-08-12T05:33:31.619708+00:00 [queued]>
[2022-08-12 05:37:38,484] {taskinstance.py:1376} INFO - 
--------------------------------------------------------------------------------
[2022-08-12 05:37:38,486] {taskinstance.py:1377} INFO - Starting attempt 1 of 6
[2022-08-12 05:37:38,489] {taskinstance.py:1378} INFO - 
--------------------------------------------------------------------------------
[2022-08-12 05:37:38,510] {taskinstance.py:1397} INFO - Executing <Task(PythonOperator): Transform_current-food-expenditure-series> on 2022-08-12 05:33:31.619708+00:00
[2022-08-12 05:37:38,519] {standard_task_runner.py:52} INFO - Started process 622 to run task
[2022-08-12 05:37:38,525] {standard_task_runner.py:79} INFO - Running: ['***', 'tasks', 'run', 'ETL_DAG', 'Transform_current-food-expenditure-series', 'manual__2022-08-12T05:33:31.619708+00:00', '--job-id', '863', '--raw', '--subdir', 'DAGS_FOLDER/etl_dag.py', '--cfg-path', '/tmp/tmppq78ymra', '--error-file', '/tmp/tmplmqn8yp5']
[2022-08-12 05:37:38,535] {standard_task_runner.py:80} INFO - Job 863: Subtask Transform_current-food-expenditure-series
[2022-08-12 05:37:38,623] {task_command.py:371} INFO - Running <TaskInstance: ETL_DAG.Transform_current-food-expenditure-series manual__2022-08-12T05:33:31.619708+00:00 [running]> on host 959a8f00817b
[2022-08-12 05:37:38,694] {taskinstance.py:1591} INFO - Exporting the following env vars:
AIRFLOW_CTX_DAG_OWNER=narapady
AIRFLOW_CTX_DAG_ID=ETL_DAG
AIRFLOW_CTX_TASK_ID=Transform_current-food-expenditure-series
AIRFLOW_CTX_EXECUTION_DATE=2022-08-12T05:33:31.619708+00:00
AIRFLOW_CTX_TRY_NUMBER=1
AIRFLOW_CTX_DAG_RUN_ID=manual__2022-08-12T05:33:31.619708+00:00
[2022-08-12 05:37:55,990] {logging_mixin.py:115} INFO - Successfully process food-expenditure-clean/constant-total-fah.csv to S3
[2022-08-12 05:37:56,401] {logging_mixin.py:115} INFO - Successfully process food-expenditure-clean/constant-total-fafh.csv to S3
[2022-08-12 05:37:56,886] {logging_mixin.py:115} INFO - Successfully process food-expenditure-clean/constant-total-aah.csv to S3
[2022-08-12 05:37:57,215] {logging_mixin.py:115} INFO - Successfully process food-expenditure-clean/constant-total-aafh.csv to S3
[2022-08-12 05:38:13,878] {logging_mixin.py:115} INFO - Successfully process food-expenditure-clean/nominal-total-fah.csv to S3
[2022-08-12 05:38:14,320] {logging_mixin.py:115} INFO - Successfully process food-expenditure-clean/nominal-total-fafh.csv to S3
[2022-08-12 05:38:14,655] {logging_mixin.py:115} INFO - Successfully process food-expenditure-clean/nominal-total-aah.csv to S3
[2022-08-12 05:38:14,999] {logging_mixin.py:115} INFO - Successfully process food-expenditure-clean/nominal-total-aafh.csv to S3
[2022-08-12 05:38:38,455] {logging_mixin.py:115} INFO - Successfully process food-expenditure-clean/nominal-monthly-sale.csv to S3
[2022-08-12 05:38:38,910] {logging_mixin.py:115} INFO - Successfully process food-expenditure-clean/constant-monthly-sale.csv to S3
[2022-08-12 05:38:38,925] {python.py:173} INFO - Done. Returned value was: None
[2022-08-12 05:38:38,949] {taskinstance.py:1420} INFO - Marking task as SUCCESS. dag_id=ETL_DAG, task_id=Transform_current-food-expenditure-series, execution_date=20220812T053331, start_date=20220812T053738, end_date=20220812T053838
[2022-08-12 05:38:39,001] {local_task_job.py:156} INFO - Task exited with return code 0
[2022-08-12 05:38:39,032] {local_task_job.py:273} INFO - 1 downstream tasks scheduled from follow-on schedule check
