[2022-08-11 20:49:41,562] {taskinstance.py:1179} INFO - Dependencies all met for <TaskInstance: ETL_DAG_V7.Transform_producer-price-index manual__2022-08-11T20:45:41.327998+00:00 [queued]>
[2022-08-11 20:49:41,578] {taskinstance.py:1179} INFO - Dependencies all met for <TaskInstance: ETL_DAG_V7.Transform_producer-price-index manual__2022-08-11T20:45:41.327998+00:00 [queued]>
[2022-08-11 20:49:41,579] {taskinstance.py:1376} INFO - 
--------------------------------------------------------------------------------
[2022-08-11 20:49:41,580] {taskinstance.py:1377} INFO - Starting attempt 1 of 6
[2022-08-11 20:49:41,581] {taskinstance.py:1378} INFO - 
--------------------------------------------------------------------------------
[2022-08-11 20:49:41,610] {taskinstance.py:1397} INFO - Executing <Task(PythonOperator): Transform_producer-price-index> on 2022-08-11 20:45:41.327998+00:00
[2022-08-11 20:49:41,632] {standard_task_runner.py:52} INFO - Started process 8150 to run task
[2022-08-11 20:49:41,644] {standard_task_runner.py:79} INFO - Running: ['***', 'tasks', 'run', 'ETL_DAG_V7', 'Transform_producer-price-index', 'manual__2022-08-11T20:45:41.327998+00:00', '--job-id', '587', '--raw', '--subdir', 'DAGS_FOLDER/etl_dag.py', '--cfg-path', '/tmp/tmpr00za04a', '--error-file', '/tmp/tmp793b_g2e']
[2022-08-11 20:49:41,648] {standard_task_runner.py:80} INFO - Job 587: Subtask Transform_producer-price-index
[2022-08-11 20:49:41,777] {task_command.py:371} INFO - Running <TaskInstance: ETL_DAG_V7.Transform_producer-price-index manual__2022-08-11T20:45:41.327998+00:00 [running]> on host ce1be8c59d56
[2022-08-11 20:49:41,874] {taskinstance.py:1591} INFO - Exporting the following env vars:
AIRFLOW_CTX_DAG_OWNER=narapady
AIRFLOW_CTX_DAG_ID=ETL_DAG_V7
AIRFLOW_CTX_TASK_ID=Transform_producer-price-index
AIRFLOW_CTX_EXECUTION_DATE=2022-08-11T20:45:41.327998+00:00
AIRFLOW_CTX_TRY_NUMBER=1
AIRFLOW_CTX_DAG_RUN_ID=manual__2022-08-11T20:45:41.327998+00:00
[2022-08-11 20:50:12,922] {logging_mixin.py:115} INFO - Successfully process price-index-clean/producer-price-index.csv to S3
[2022-08-11 20:50:12,926] {python.py:173} INFO - Done. Returned value was: None
[2022-08-11 20:50:12,942] {taskinstance.py:1420} INFO - Marking task as SUCCESS. dag_id=ETL_DAG_V7, task_id=Transform_producer-price-index, execution_date=20220811T204541, start_date=20220811T204941, end_date=20220811T205012
[2022-08-11 20:50:12,995] {local_task_job.py:156} INFO - Task exited with return code 0
[2022-08-11 20:50:13,024] {local_task_job.py:273} INFO - 0 downstream tasks scheduled from follow-on schedule check
