[2022-08-11 19:16:46,609] {taskinstance.py:1179} INFO - Dependencies all met for <TaskInstance: ETL_DAG_V2.Ingest_from_2014 manual__2022-08-11T05:57:31.582348+00:00 [queued]>
[2022-08-11 19:16:46,655] {taskinstance.py:1179} INFO - Dependencies all met for <TaskInstance: ETL_DAG_V2.Ingest_from_2014 manual__2022-08-11T05:57:31.582348+00:00 [queued]>
[2022-08-11 19:16:46,658] {taskinstance.py:1376} INFO - 
--------------------------------------------------------------------------------
[2022-08-11 19:16:46,660] {taskinstance.py:1377} INFO - Starting attempt 1 of 6
[2022-08-11 19:16:46,666] {taskinstance.py:1378} INFO - 
--------------------------------------------------------------------------------
[2022-08-11 19:16:46,737] {taskinstance.py:1397} INFO - Executing <Task(PythonOperator): Ingest_from_2014> on 2022-08-11 05:57:31.582348+00:00
[2022-08-11 19:16:46,772] {standard_task_runner.py:52} INFO - Started process 1318 to run task
[2022-08-11 19:16:46,782] {standard_task_runner.py:79} INFO - Running: ['***', 'tasks', 'run', 'ETL_DAG_V2', 'Ingest_from_2014', 'manual__2022-08-11T05:57:31.582348+00:00', '--job-id', '419', '--raw', '--subdir', 'DAGS_FOLDER/etl_dag.py', '--cfg-path', '/tmp/tmpl31txnej', '--error-file', '/tmp/tmpr49o_n68']
[2022-08-11 19:16:46,788] {standard_task_runner.py:80} INFO - Job 419: Subtask Ingest_from_2014
[2022-08-11 19:16:46,993] {task_command.py:371} INFO - Running <TaskInstance: ETL_DAG_V2.Ingest_from_2014 manual__2022-08-11T05:57:31.582348+00:00 [running]> on host ce1be8c59d56
[2022-08-11 19:16:47,248] {taskinstance.py:1591} INFO - Exporting the following env vars:
AIRFLOW_CTX_DAG_OWNER=narapady
AIRFLOW_CTX_DAG_ID=ETL_DAG_V2
AIRFLOW_CTX_TASK_ID=Ingest_from_2014
AIRFLOW_CTX_EXECUTION_DATE=2022-08-11T05:57:31.582348+00:00
AIRFLOW_CTX_TRY_NUMBER=1
AIRFLOW_CTX_DAG_RUN_ID=manual__2022-08-11T05:57:31.582348+00:00
[2022-08-11 19:17:01,819] {logging_mixin.py:115} INFO - Successfully uploaded 2014/table1_2014.xls to s3-bucket-raw-usda
[2022-08-11 19:17:03,436] {logging_mixin.py:115} INFO - Successfully uploaded 2014/table2_2014.xls to s3-bucket-raw-usda
[2022-08-11 19:17:04,963] {logging_mixin.py:115} INFO - Successfully uploaded 2014/table3_2014.xls to s3-bucket-raw-usda
[2022-08-11 19:17:06,932] {logging_mixin.py:115} INFO - Successfully uploaded 2014/table4_2014.xls to s3-bucket-raw-usda
[2022-08-11 19:17:08,753] {logging_mixin.py:115} INFO - Successfully uploaded 2014/table5_2014.xls to s3-bucket-raw-usda
[2022-08-11 19:17:10,242] {logging_mixin.py:115} INFO - Successfully uploaded 2014/table6_2014.xls to s3-bucket-raw-usda
[2022-08-11 19:17:11,936] {logging_mixin.py:115} INFO - Successfully uploaded 2014/table7_2014.xls to s3-bucket-raw-usda
[2022-08-11 19:17:13,697] {logging_mixin.py:115} INFO - Successfully uploaded 2014/table8_2014.xls to s3-bucket-raw-usda
[2022-08-11 19:17:15,406] {logging_mixin.py:115} INFO - Successfully uploaded 2014/2008_table1.xls to s3-bucket-raw-usda
[2022-08-11 19:17:17,171] {logging_mixin.py:115} INFO - Successfully uploaded 2014/2008_table2.xls to s3-bucket-raw-usda
[2022-08-11 19:17:19,499] {logging_mixin.py:115} INFO - Successfully uploaded 2014/2008_table3.xls to s3-bucket-raw-usda
[2022-08-11 19:17:21,195] {logging_mixin.py:115} INFO - Successfully uploaded 2014/2008_table4.xls to s3-bucket-raw-usda
[2022-08-11 19:17:23,891] {logging_mixin.py:115} INFO - Successfully uploaded 2014/2008_table5.xls to s3-bucket-raw-usda
[2022-08-11 19:17:26,373] {logging_mixin.py:115} INFO - Successfully uploaded 2014/2008_table6.xls to s3-bucket-raw-usda
[2022-08-11 19:17:27,916] {logging_mixin.py:115} INFO - Successfully uploaded 2014/2008_table7.xls to s3-bucket-raw-usda
[2022-08-11 19:17:27,937] {python.py:173} INFO - Done. Returned value was: None
[2022-08-11 19:17:27,966] {taskinstance.py:1420} INFO - Marking task as SUCCESS. dag_id=ETL_DAG_V2, task_id=Ingest_from_2014, execution_date=20220811T055731, start_date=20220811T191646, end_date=20220811T191727
[2022-08-11 19:17:28,046] {local_task_job.py:156} INFO - Task exited with return code 0
[2022-08-11 19:17:28,076] {local_task_job.py:273} INFO - 0 downstream tasks scheduled from follow-on schedule check
