[2022-08-15 20:58:16,589] {taskinstance.py:1179} INFO - Dependencies all met for <TaskInstance: ETL_DAG.Stage_nutrient-intake-estimates-clean manual__2022-08-15T20:56:28.970676+00:00 [queued]>
[2022-08-15 20:58:16,617] {taskinstance.py:1179} INFO - Dependencies all met for <TaskInstance: ETL_DAG.Stage_nutrient-intake-estimates-clean manual__2022-08-15T20:56:28.970676+00:00 [queued]>
[2022-08-15 20:58:16,617] {taskinstance.py:1376} INFO - 
--------------------------------------------------------------------------------
[2022-08-15 20:58:16,619] {taskinstance.py:1377} INFO - Starting attempt 1 of 6
[2022-08-15 20:58:16,620] {taskinstance.py:1378} INFO - 
--------------------------------------------------------------------------------
[2022-08-15 20:58:16,640] {taskinstance.py:1397} INFO - Executing <Task(PythonOperator): Stage_nutrient-intake-estimates-clean> on 2022-08-15 20:56:28.970676+00:00
[2022-08-15 20:58:16,647] {standard_task_runner.py:52} INFO - Started process 1714 to run task
[2022-08-15 20:58:16,654] {standard_task_runner.py:79} INFO - Running: ['***', 'tasks', 'run', 'ETL_DAG', 'Stage_nutrient-intake-estimates-clean', 'manual__2022-08-15T20:56:28.970676+00:00', '--job-id', '1063', '--raw', '--subdir', 'DAGS_FOLDER/etl_dag.py', '--cfg-path', '/tmp/tmpvuqdsd3i', '--error-file', '/tmp/tmp3jok1cuh']
[2022-08-15 20:58:16,657] {standard_task_runner.py:80} INFO - Job 1063: Subtask Stage_nutrient-intake-estimates-clean
[2022-08-15 20:58:16,768] {task_command.py:371} INFO - Running <TaskInstance: ETL_DAG.Stage_nutrient-intake-estimates-clean manual__2022-08-15T20:56:28.970676+00:00 [running]> on host 42abdd2e54ec
[2022-08-15 20:58:16,851] {taskinstance.py:1591} INFO - Exporting the following env vars:
AIRFLOW_CTX_DAG_OWNER=narapady
AIRFLOW_CTX_DAG_ID=ETL_DAG
AIRFLOW_CTX_TASK_ID=Stage_nutrient-intake-estimates-clean
AIRFLOW_CTX_EXECUTION_DATE=2022-08-15T20:56:28.970676+00:00
AIRFLOW_CTX_TRY_NUMBER=1
AIRFLOW_CTX_DAG_RUN_ID=manual__2022-08-15T20:56:28.970676+00:00
[2022-08-15 20:58:28,861] {logging_mixin.py:115} INFO - Successfully loaded nutrient-intake-estimates-staged.csv to s3-bucket-staged
[2022-08-15 20:58:28,863] {python.py:173} INFO - Done. Returned value was: None
[2022-08-15 20:58:28,873] {taskinstance.py:1420} INFO - Marking task as SUCCESS. dag_id=ETL_DAG, task_id=Stage_nutrient-intake-estimates-clean, execution_date=20220815T205628, start_date=20220815T205816, end_date=20220815T205828
[2022-08-15 20:58:28,928] {local_task_job.py:156} INFO - Task exited with return code 0
[2022-08-15 20:58:28,953] {local_task_job.py:273} INFO - 0 downstream tasks scheduled from follow-on schedule check
