[2022-08-12 01:21:29,182] {taskinstance.py:1179} INFO - Dependencies all met for <TaskInstance: ETL_DAG_US_FOOD_NUTRITION.Create_s3_bucket_ingest manual__2022-08-12T01:21:26.402383+00:00 [queued]>
[2022-08-12 01:21:29,188] {taskinstance.py:1179} INFO - Dependencies all met for <TaskInstance: ETL_DAG_US_FOOD_NUTRITION.Create_s3_bucket_ingest manual__2022-08-12T01:21:26.402383+00:00 [queued]>
[2022-08-12 01:21:29,189] {taskinstance.py:1376} INFO - 
--------------------------------------------------------------------------------
[2022-08-12 01:21:29,191] {taskinstance.py:1377} INFO - Starting attempt 1 of 6
[2022-08-12 01:21:29,192] {taskinstance.py:1378} INFO - 
--------------------------------------------------------------------------------
[2022-08-12 01:21:29,199] {taskinstance.py:1397} INFO - Executing <Task(PythonOperator): Create_s3_bucket_ingest> on 2022-08-12 01:21:26.402383+00:00
[2022-08-12 01:21:29,204] {standard_task_runner.py:52} INFO - Started process 220 to run task
[2022-08-12 01:21:29,208] {standard_task_runner.py:79} INFO - Running: ['***', 'tasks', 'run', 'ETL_DAG_US_FOOD_NUTRITION', 'Create_s3_bucket_ingest', 'manual__2022-08-12T01:21:26.402383+00:00', '--job-id', '747', '--raw', '--subdir', 'DAGS_FOLDER/etl_dag.py', '--cfg-path', '/tmp/tmpl9cmt2oz', '--error-file', '/tmp/tmp6kvk898a']
[2022-08-12 01:21:29,210] {standard_task_runner.py:80} INFO - Job 747: Subtask Create_s3_bucket_ingest
[2022-08-12 01:21:29,256] {task_command.py:371} INFO - Running <TaskInstance: ETL_DAG_US_FOOD_NUTRITION.Create_s3_bucket_ingest manual__2022-08-12T01:21:26.402383+00:00 [running]> on host ae5c2449a624
[2022-08-12 01:21:29,309] {taskinstance.py:1591} INFO - Exporting the following env vars:
AIRFLOW_CTX_DAG_OWNER=narapady
AIRFLOW_CTX_DAG_ID=ETL_DAG_US_FOOD_NUTRITION
AIRFLOW_CTX_TASK_ID=Create_s3_bucket_ingest
AIRFLOW_CTX_EXECUTION_DATE=2022-08-12T01:21:26.402383+00:00
AIRFLOW_CTX_TRY_NUMBER=1
AIRFLOW_CTX_DAG_RUN_ID=manual__2022-08-12T01:21:26.402383+00:00
[2022-08-12 01:21:30,293] {python.py:173} INFO - Done. Returned value was: {'ResponseMetadata': {'RequestId': '9K419ANHVTFRQ5XQ', 'HostId': 'AcNSqbTl81cKso/gPMr7FRCAJh90IBHXcQv4BSo/SS2ukithyVQ2xuwFYkNT2NYAEulsK7ePnRQ=', 'HTTPStatusCode': 200, 'HTTPHeaders': {'x-amz-id-2': 'AcNSqbTl81cKso/gPMr7FRCAJh90IBHXcQv4BSo/SS2ukithyVQ2xuwFYkNT2NYAEulsK7ePnRQ=', 'x-amz-request-id': '9K419ANHVTFRQ5XQ', 'date': 'Fri, 12 Aug 2022 01:21:31 GMT', 'location': '/s3-bucket-raw-usda', 'server': 'AmazonS3', 'content-length': '0'}, 'RetryAttempts': 0}, 'Location': '/s3-bucket-raw-usda'}
[2022-08-12 01:21:30,331] {taskinstance.py:1420} INFO - Marking task as SUCCESS. dag_id=ETL_DAG_US_FOOD_NUTRITION, task_id=Create_s3_bucket_ingest, execution_date=20220812T012126, start_date=20220812T012129, end_date=20220812T012130
[2022-08-12 01:21:30,367] {local_task_job.py:156} INFO - Task exited with return code 0
[2022-08-12 01:21:30,484] {local_task_job.py:273} INFO - 0 downstream tasks scheduled from follow-on schedule check
