[2022-08-11 19:39:17,483] {taskinstance.py:1179} INFO - Dependencies all met for <TaskInstance: ETL_DAG_V3.Ingest_from_producer_price_index manual__2022-08-11T19:39:13.033032+00:00 [queued]>
[2022-08-11 19:39:17,507] {taskinstance.py:1179} INFO - Dependencies all met for <TaskInstance: ETL_DAG_V3.Ingest_from_producer_price_index manual__2022-08-11T19:39:13.033032+00:00 [queued]>
[2022-08-11 19:39:17,510] {taskinstance.py:1376} INFO - 
--------------------------------------------------------------------------------
[2022-08-11 19:39:17,512] {taskinstance.py:1377} INFO - Starting attempt 1 of 6
[2022-08-11 19:39:17,513] {taskinstance.py:1378} INFO - 
--------------------------------------------------------------------------------
[2022-08-11 19:39:17,533] {taskinstance.py:1397} INFO - Executing <Task(PythonOperator): Ingest_from_producer_price_index> on 2022-08-11 19:39:13.033032+00:00
[2022-08-11 19:39:17,542] {standard_task_runner.py:52} INFO - Started process 3239 to run task
[2022-08-11 19:39:17,552] {standard_task_runner.py:79} INFO - Running: ['***', 'tasks', 'run', 'ETL_DAG_V3', 'Ingest_from_producer_price_index', 'manual__2022-08-11T19:39:13.033032+00:00', '--job-id', '523', '--raw', '--subdir', 'DAGS_FOLDER/etl_dag.py', '--cfg-path', '/tmp/tmpe9gj8vtq', '--error-file', '/tmp/tmpane8vmym']
[2022-08-11 19:39:17,562] {standard_task_runner.py:80} INFO - Job 523: Subtask Ingest_from_producer_price_index
[2022-08-11 19:39:17,710] {task_command.py:371} INFO - Running <TaskInstance: ETL_DAG_V3.Ingest_from_producer_price_index manual__2022-08-11T19:39:13.033032+00:00 [running]> on host ce1be8c59d56
[2022-08-11 19:39:17,851] {taskinstance.py:1591} INFO - Exporting the following env vars:
AIRFLOW_CTX_DAG_OWNER=narapady
AIRFLOW_CTX_DAG_ID=ETL_DAG_V3
AIRFLOW_CTX_TASK_ID=Ingest_from_producer_price_index
AIRFLOW_CTX_EXECUTION_DATE=2022-08-11T19:39:13.033032+00:00
AIRFLOW_CTX_TRY_NUMBER=1
AIRFLOW_CTX_DAG_RUN_ID=manual__2022-08-11T19:39:13.033032+00:00
[2022-08-11 19:39:24,820] {taskinstance.py:1909} ERROR - Task failed with exception
Traceback (most recent call last):
  File "/home/airflow/.local/lib/python3.7/site-packages/airflow/operators/python.py", line 171, in execute
    return_value = self.execute_callable()
  File "/home/airflow/.local/lib/python3.7/site-packages/airflow/operators/python.py", line 189, in execute_callable
    return self.python_callable(*self.op_args, **self.op_kwargs)
  File "/opt/airflow/dags/ingest/ingestor.py", line 132, in run
    ingestor_usda.ingest()
  File "/opt/airflow/dags/ingest/ingestor.py", line 115, in ingest
    ingest_usda(self.s3, self.source, self.bucket_name, self.category)
  File "/opt/airflow/dags/ingest/ingestor.py", line 61, in ingest_usda
    links = filter_links(source_list)[category]
KeyError: 'producer_price_index'
[2022-08-11 19:39:24,831] {taskinstance.py:1420} INFO - Marking task as UP_FOR_RETRY. dag_id=ETL_DAG_V3, task_id=Ingest_from_producer_price_index, execution_date=20220811T193913, start_date=20220811T193917, end_date=20220811T193924
[2022-08-11 19:39:24,841] {standard_task_runner.py:97} ERROR - Failed to execute job 523 for task Ingest_from_producer_price_index ('producer_price_index'; 3239)
[2022-08-11 19:39:24,887] {local_task_job.py:156} INFO - Task exited with return code 1
[2022-08-11 19:39:24,923] {local_task_job.py:273} INFO - 0 downstream tasks scheduled from follow-on schedule check
