[2022-08-11 19:35:54,188] {taskinstance.py:1179} INFO - Dependencies all met for <TaskInstance: ETL_DAG_V2.Create_s3_buckek_raw manual__2022-08-11T00:39:54.349266+00:00 [queued]>
[2022-08-11 19:35:54,215] {taskinstance.py:1179} INFO - Dependencies all met for <TaskInstance: ETL_DAG_V2.Create_s3_buckek_raw manual__2022-08-11T00:39:54.349266+00:00 [queued]>
[2022-08-11 19:35:54,220] {taskinstance.py:1376} INFO - 
--------------------------------------------------------------------------------
[2022-08-11 19:35:54,221] {taskinstance.py:1377} INFO - Starting attempt 1 of 6
[2022-08-11 19:35:54,222] {taskinstance.py:1378} INFO - 
--------------------------------------------------------------------------------
[2022-08-11 19:35:54,240] {taskinstance.py:1397} INFO - Executing <Task(PythonOperator): Create_s3_buckek_raw> on 2022-08-11 00:39:54.349266+00:00
[2022-08-11 19:35:54,247] {standard_task_runner.py:52} INFO - Started process 2972 to run task
[2022-08-11 19:35:54,257] {standard_task_runner.py:79} INFO - Running: ['***', 'tasks', 'run', 'ETL_DAG_V2', 'Create_s3_buckek_raw', 'manual__2022-08-11T00:39:54.349266+00:00', '--job-id', '517', '--raw', '--subdir', 'DAGS_FOLDER/etl_dag.py', '--cfg-path', '/tmp/tmphe__r5sw', '--error-file', '/tmp/tmp5kdkkeko']
[2022-08-11 19:35:54,268] {standard_task_runner.py:80} INFO - Job 517: Subtask Create_s3_buckek_raw
[2022-08-11 19:35:54,386] {task_command.py:371} INFO - Running <TaskInstance: ETL_DAG_V2.Create_s3_buckek_raw manual__2022-08-11T00:39:54.349266+00:00 [running]> on host ce1be8c59d56
[2022-08-11 19:35:54,530] {taskinstance.py:1591} INFO - Exporting the following env vars:
AIRFLOW_CTX_DAG_OWNER=narapady
AIRFLOW_CTX_DAG_ID=ETL_DAG_V2
AIRFLOW_CTX_TASK_ID=Create_s3_buckek_raw
AIRFLOW_CTX_EXECUTION_DATE=2022-08-11T00:39:54.349266+00:00
AIRFLOW_CTX_TRY_NUMBER=1
AIRFLOW_CTX_DAG_RUN_ID=manual__2022-08-11T00:39:54.349266+00:00
[2022-08-11 19:35:55,512] {python.py:173} INFO - Done. Returned value was: {'ResponseMetadata': {'RequestId': '2NH7X25SNF0J3GHK', 'HostId': 'VCAriMgIZJOBpZGQnOJUzHzQgQbKzuDAjn+UBuYUURcFCIH/4T2lEsYvjN4dc4RAbVE3QxYYzVg=', 'HTTPStatusCode': 200, 'HTTPHeaders': {'x-amz-id-2': 'VCAriMgIZJOBpZGQnOJUzHzQgQbKzuDAjn+UBuYUURcFCIH/4T2lEsYvjN4dc4RAbVE3QxYYzVg=', 'x-amz-request-id': '2NH7X25SNF0J3GHK', 'date': 'Thu, 11 Aug 2022 19:35:56 GMT', 'location': '/s3-bucket-raw-usda', 'server': 'AmazonS3', 'content-length': '0'}, 'RetryAttempts': 0}, 'Location': '/s3-bucket-raw-usda'}
[2022-08-11 19:35:55,542] {taskinstance.py:1420} INFO - Marking task as SUCCESS. dag_id=ETL_DAG_V2, task_id=Create_s3_buckek_raw, execution_date=20220811T003954, start_date=20220811T193554, end_date=20220811T193555
[2022-08-11 19:35:55,574] {local_task_job.py:156} INFO - Task exited with return code 0
[2022-08-11 19:35:55,625] {local_task_job.py:273} INFO - 0 downstream tasks scheduled from follow-on schedule check
