[2022-08-14 16:51:41,304] {taskinstance.py:1179} INFO - Dependencies all met for <TaskInstance: ETL_DAG.Stage_fast-food-clean scheduled__2022-08-07T00:00:00+00:00 [queued]>
[2022-08-14 16:51:41,316] {taskinstance.py:1179} INFO - Dependencies all met for <TaskInstance: ETL_DAG.Stage_fast-food-clean scheduled__2022-08-07T00:00:00+00:00 [queued]>
[2022-08-14 16:51:41,330] {taskinstance.py:1376} INFO - 
--------------------------------------------------------------------------------
[2022-08-14 16:51:41,331] {taskinstance.py:1377} INFO - Starting attempt 1 of 6
[2022-08-14 16:51:41,332] {taskinstance.py:1378} INFO - 
--------------------------------------------------------------------------------
[2022-08-14 16:51:41,351] {taskinstance.py:1397} INFO - Executing <Task(PythonOperator): Stage_fast-food-clean> on 2022-08-07 00:00:00+00:00
[2022-08-14 16:51:41,358] {standard_task_runner.py:52} INFO - Started process 750 to run task
[2022-08-14 16:51:41,366] {standard_task_runner.py:79} INFO - Running: ['***', 'tasks', 'run', 'ETL_DAG', 'Stage_fast-food-clean', 'scheduled__2022-08-07T00:00:00+00:00', '--job-id', '957', '--raw', '--subdir', 'DAGS_FOLDER/etl_dag.py', '--cfg-path', '/tmp/tmp5lgjleg7', '--error-file', '/tmp/tmp61ygjh6r']
[2022-08-14 16:51:41,375] {standard_task_runner.py:80} INFO - Job 957: Subtask Stage_fast-food-clean
[2022-08-14 16:51:41,484] {task_command.py:371} INFO - Running <TaskInstance: ETL_DAG.Stage_fast-food-clean scheduled__2022-08-07T00:00:00+00:00 [running]> on host 0dbf9d5e5cdb
[2022-08-14 16:51:41,585] {taskinstance.py:1591} INFO - Exporting the following env vars:
AIRFLOW_CTX_DAG_OWNER=narapady
AIRFLOW_CTX_DAG_ID=ETL_DAG
AIRFLOW_CTX_TASK_ID=Stage_fast-food-clean
AIRFLOW_CTX_EXECUTION_DATE=2022-08-07T00:00:00+00:00
AIRFLOW_CTX_TRY_NUMBER=1
AIRFLOW_CTX_DAG_RUN_ID=scheduled__2022-08-07T00:00:00+00:00
[2022-08-14 16:51:47,268] {logging_mixin.py:115} INFO - Successfully loaded fast-food-staged.csv to s3-bucket-staged
[2022-08-14 16:51:47,270] {python.py:173} INFO - Done. Returned value was: None
[2022-08-14 16:51:47,280] {taskinstance.py:1420} INFO - Marking task as SUCCESS. dag_id=ETL_DAG, task_id=Stage_fast-food-clean, execution_date=20220807T000000, start_date=20220814T165141, end_date=20220814T165147
[2022-08-14 16:51:47,327] {local_task_job.py:156} INFO - Task exited with return code 0
[2022-08-14 16:51:47,351] {local_task_job.py:273} INFO - 0 downstream tasks scheduled from follow-on schedule check
