[2022-08-07 05:39:42,876] {taskinstance.py:1179} INFO - Dependencies all met for <TaskInstance: etl_dag.get_age manual__2022-08-07T05:39:42.169419+00:00 [queued]>
[2022-08-07 05:39:42,894] {taskinstance.py:1179} INFO - Dependencies all met for <TaskInstance: etl_dag.get_age manual__2022-08-07T05:39:42.169419+00:00 [queued]>
[2022-08-07 05:39:42,895] {taskinstance.py:1376} INFO - 
--------------------------------------------------------------------------------
[2022-08-07 05:39:42,896] {taskinstance.py:1377} INFO - Starting attempt 1 of 6
[2022-08-07 05:39:42,897] {taskinstance.py:1378} INFO - 
--------------------------------------------------------------------------------
[2022-08-07 05:39:42,917] {taskinstance.py:1397} INFO - Executing <Task(PythonOperator): get_age> on 2022-08-07 05:39:42.169419+00:00
[2022-08-07 05:39:42,931] {standard_task_runner.py:52} INFO - Started process 230 to run task
[2022-08-07 05:39:42,946] {standard_task_runner.py:79} INFO - Running: ['***', 'tasks', 'run', 'etl_dag', 'get_age', 'manual__2022-08-07T05:39:42.169419+00:00', '--job-id', '44', '--raw', '--subdir', 'DAGS_FOLDER/etl_dag.py', '--cfg-path', '/tmp/tmp8uldlbni', '--error-file', '/tmp/tmpxshmoaju']
[2022-08-07 05:39:42,949] {standard_task_runner.py:80} INFO - Job 44: Subtask get_age
[2022-08-07 05:39:43,104] {task_command.py:371} INFO - Running <TaskInstance: etl_dag.get_age manual__2022-08-07T05:39:42.169419+00:00 [running]> on host 9c2fa859e2fb
[2022-08-07 05:39:43,227] {taskinstance.py:1591} INFO - Exporting the following env vars:
AIRFLOW_CTX_DAG_OWNER=narapady
AIRFLOW_CTX_DAG_ID=etl_dag
AIRFLOW_CTX_TASK_ID=get_age
AIRFLOW_CTX_EXECUTION_DATE=2022-08-07T05:39:42.169419+00:00
AIRFLOW_CTX_TRY_NUMBER=1
AIRFLOW_CTX_DAG_RUN_ID=manual__2022-08-07T05:39:42.169419+00:00
[2022-08-07 05:39:43,230] {logging_mixin.py:115} INFO - Hello World
[2022-08-07 05:39:43,232] {python.py:173} INFO - Done. Returned value was: None
[2022-08-07 05:39:43,245] {taskinstance.py:1420} INFO - Marking task as SUCCESS. dag_id=etl_dag, task_id=get_age, execution_date=20220807T053942, start_date=20220807T053942, end_date=20220807T053943
[2022-08-07 05:39:43,312] {local_task_job.py:156} INFO - Task exited with return code 0
[2022-08-07 05:39:43,359] {local_task_job.py:273} INFO - 1 downstream tasks scheduled from follow-on schedule check
