[2022-08-12 18:26:02,749] {taskinstance.py:1179} INFO - Dependencies all met for <TaskInstance: ETL_DAG.Stage_price-index-clean manual__2022-08-12T18:20:52.559703+00:00 [queued]>
[2022-08-12 18:26:02,760] {taskinstance.py:1179} INFO - Dependencies all met for <TaskInstance: ETL_DAG.Stage_price-index-clean manual__2022-08-12T18:20:52.559703+00:00 [queued]>
[2022-08-12 18:26:02,761] {taskinstance.py:1376} INFO - 
--------------------------------------------------------------------------------
[2022-08-12 18:26:02,762] {taskinstance.py:1377} INFO - Starting attempt 1 of 6
[2022-08-12 18:26:02,762] {taskinstance.py:1378} INFO - 
--------------------------------------------------------------------------------
[2022-08-12 18:26:02,778] {taskinstance.py:1397} INFO - Executing <Task(PythonOperator): Stage_price-index-clean> on 2022-08-12 18:20:52.559703+00:00
[2022-08-12 18:26:02,783] {standard_task_runner.py:52} INFO - Started process 654 to run task
[2022-08-12 18:26:02,790] {standard_task_runner.py:79} INFO - Running: ['***', 'tasks', 'run', 'ETL_DAG', 'Stage_price-index-clean', 'manual__2022-08-12T18:20:52.559703+00:00', '--job-id', '911', '--raw', '--subdir', 'DAGS_FOLDER/etl_dag.py', '--cfg-path', '/tmp/tmpr29qur11', '--error-file', '/tmp/tmpe1mqb007']
[2022-08-12 18:26:02,793] {standard_task_runner.py:80} INFO - Job 911: Subtask Stage_price-index-clean
[2022-08-12 18:26:02,850] {task_command.py:371} INFO - Running <TaskInstance: ETL_DAG.Stage_price-index-clean manual__2022-08-12T18:20:52.559703+00:00 [running]> on host 00aa0783f116
[2022-08-12 18:26:02,901] {taskinstance.py:1591} INFO - Exporting the following env vars:
AIRFLOW_CTX_DAG_OWNER=narapady
AIRFLOW_CTX_DAG_ID=ETL_DAG
AIRFLOW_CTX_TASK_ID=Stage_price-index-clean
AIRFLOW_CTX_EXECUTION_DATE=2022-08-12T18:20:52.559703+00:00
AIRFLOW_CTX_TRY_NUMBER=1
AIRFLOW_CTX_DAG_RUN_ID=manual__2022-08-12T18:20:52.559703+00:00
[2022-08-12 18:26:05,869] {logging_mixin.py:115} INFO - Successfully loaded price-index-staged.csv to s3-bucket-staged
[2022-08-12 18:26:05,874] {python.py:173} INFO - Done. Returned value was: None
[2022-08-12 18:26:05,895] {taskinstance.py:1420} INFO - Marking task as SUCCESS. dag_id=ETL_DAG, task_id=Stage_price-index-clean, execution_date=20220812T182052, start_date=20220812T182602, end_date=20220812T182605
[2022-08-12 18:26:05,919] {local_task_job.py:156} INFO - Task exited with return code 0
[2022-08-12 18:26:05,946] {local_task_job.py:273} INFO - 0 downstream tasks scheduled from follow-on schedule check
