[2022-08-12 05:18:37,323] {taskinstance.py:1179} INFO - Dependencies all met for <TaskInstance: ETL_DAG_US_FOOD_NUTRITION.Ingest_from_producer_price_index manual__2022-08-12T05:11:17.280858+00:00 [queued]>
[2022-08-12 05:18:37,357] {taskinstance.py:1179} INFO - Dependencies all met for <TaskInstance: ETL_DAG_US_FOOD_NUTRITION.Ingest_from_producer_price_index manual__2022-08-12T05:11:17.280858+00:00 [queued]>
[2022-08-12 05:18:37,361] {taskinstance.py:1376} INFO - 
--------------------------------------------------------------------------------
[2022-08-12 05:18:37,362] {taskinstance.py:1377} INFO - Starting attempt 2 of 6
[2022-08-12 05:18:37,364] {taskinstance.py:1378} INFO - 
--------------------------------------------------------------------------------
[2022-08-12 05:18:37,414] {taskinstance.py:1397} INFO - Executing <Task(PythonOperator): Ingest_from_producer_price_index> on 2022-08-12 05:11:17.280858+00:00
[2022-08-12 05:18:37,424] {standard_task_runner.py:52} INFO - Started process 11084 to run task
[2022-08-12 05:18:37,432] {standard_task_runner.py:79} INFO - Running: ['***', 'tasks', 'run', 'ETL_DAG_US_FOOD_NUTRITION', 'Ingest_from_producer_price_index', 'manual__2022-08-12T05:11:17.280858+00:00', '--job-id', '807', '--raw', '--subdir', 'DAGS_FOLDER/etl_dag.py', '--cfg-path', '/tmp/tmpkms6p03g', '--error-file', '/tmp/tmpci6qcb11']
[2022-08-12 05:18:37,437] {standard_task_runner.py:80} INFO - Job 807: Subtask Ingest_from_producer_price_index
[2022-08-12 05:18:37,566] {task_command.py:371} INFO - Running <TaskInstance: ETL_DAG_US_FOOD_NUTRITION.Ingest_from_producer_price_index manual__2022-08-12T05:11:17.280858+00:00 [running]> on host ae5c2449a624
[2022-08-12 05:18:37,739] {taskinstance.py:1591} INFO - Exporting the following env vars:
AIRFLOW_CTX_DAG_OWNER=narapady
AIRFLOW_CTX_DAG_ID=ETL_DAG_US_FOOD_NUTRITION
AIRFLOW_CTX_TASK_ID=Ingest_from_producer_price_index
AIRFLOW_CTX_EXECUTION_DATE=2022-08-12T05:11:17.280858+00:00
AIRFLOW_CTX_TRY_NUMBER=2
AIRFLOW_CTX_DAG_RUN_ID=manual__2022-08-12T05:11:17.280858+00:00
[2022-08-12 05:18:45,877] {logging_mixin.py:115} INFO - Successfully uploaded producer-price-index/PPIforecast.xlsx to s3-bucket-raw-usda
[2022-08-12 05:18:47,132] {logging_mixin.py:115} INFO - Successfully uploaded producer-price-index/historicalppi.xlsx to s3-bucket-raw-usda
[2022-08-12 05:18:49,204] {logging_mixin.py:115} INFO - Successfully uploaded producer-price-index/CPIArchivedForecasts.xlsx to s3-bucket-raw-usda
[2022-08-12 05:18:50,767] {logging_mixin.py:115} INFO - Successfully uploaded producer-price-index/PPIArchivedForecasts.xlsx to s3-bucket-raw-usda
[2022-08-12 05:18:50,769] {python.py:173} INFO - Done. Returned value was: None
[2022-08-12 05:18:50,780] {taskinstance.py:1420} INFO - Marking task as SUCCESS. dag_id=ETL_DAG_US_FOOD_NUTRITION, task_id=Ingest_from_producer_price_index, execution_date=20220812T051117, start_date=20220812T051837, end_date=20220812T051850
[2022-08-12 05:18:50,828] {local_task_job.py:156} INFO - Task exited with return code 0
[2022-08-12 05:18:50,857] {local_task_job.py:273} INFO - 0 downstream tasks scheduled from follow-on schedule check
