[2022-08-17 00:45:12,872] {taskinstance.py:1179} INFO - Dependencies all met for <TaskInstance: ETL_DAG.Transform_producer-price-index manual__2022-08-17T00:44:32.649423+00:00 [queued]>
[2022-08-17 00:45:12,901] {taskinstance.py:1179} INFO - Dependencies all met for <TaskInstance: ETL_DAG.Transform_producer-price-index manual__2022-08-17T00:44:32.649423+00:00 [queued]>
[2022-08-17 00:45:12,905] {taskinstance.py:1376} INFO - 
--------------------------------------------------------------------------------
[2022-08-17 00:45:12,908] {taskinstance.py:1377} INFO - Starting attempt 1 of 6
[2022-08-17 00:45:12,909] {taskinstance.py:1378} INFO - 
--------------------------------------------------------------------------------
[2022-08-17 00:45:12,938] {taskinstance.py:1397} INFO - Executing <Task(PythonOperator): Transform_producer-price-index> on 2022-08-17 00:44:32.649423+00:00
[2022-08-17 00:45:12,947] {standard_task_runner.py:52} INFO - Started process 348 to run task
[2022-08-17 00:45:12,952] {standard_task_runner.py:79} INFO - Running: ['***', 'tasks', 'run', 'ETL_DAG', 'Transform_producer-price-index', 'manual__2022-08-17T00:44:32.649423+00:00', '--job-id', '1130', '--raw', '--subdir', 'DAGS_FOLDER/etl_dag.py', '--cfg-path', '/tmp/tmpkqpqneiy', '--error-file', '/tmp/tmploop3nex']
[2022-08-17 00:45:12,955] {standard_task_runner.py:80} INFO - Job 1130: Subtask Transform_producer-price-index
[2022-08-17 00:45:13,044] {task_command.py:371} INFO - Running <TaskInstance: ETL_DAG.Transform_producer-price-index manual__2022-08-17T00:44:32.649423+00:00 [running]> on host b6e9d58543c5
[2022-08-17 00:45:13,145] {taskinstance.py:1591} INFO - Exporting the following env vars:
AIRFLOW_CTX_DAG_OWNER=narapady
AIRFLOW_CTX_DAG_ID=ETL_DAG
AIRFLOW_CTX_TASK_ID=Transform_producer-price-index
AIRFLOW_CTX_EXECUTION_DATE=2022-08-17T00:44:32.649423+00:00
AIRFLOW_CTX_TRY_NUMBER=1
AIRFLOW_CTX_DAG_RUN_ID=manual__2022-08-17T00:44:32.649423+00:00
[2022-08-17 00:45:44,922] {logging_mixin.py:115} INFO - Successfully process price-index-clean/producer-price-index.csv to S3
[2022-08-17 00:45:44,934] {python.py:173} INFO - Done. Returned value was: None
[2022-08-17 00:45:44,963] {taskinstance.py:1420} INFO - Marking task as SUCCESS. dag_id=ETL_DAG, task_id=Transform_producer-price-index, execution_date=20220817T004432, start_date=20220817T004512, end_date=20220817T004544
[2022-08-17 00:45:45,013] {local_task_job.py:156} INFO - Task exited with return code 0
[2022-08-17 00:45:45,042] {local_task_job.py:273} INFO - 0 downstream tasks scheduled from follow-on schedule check
