[2022-08-10 22:14:42,077] {taskinstance.py:1179} INFO - Dependencies all met for <TaskInstance: ETL_DAG.Ingestor manual__2022-08-10T22:14:40.673169+00:00 [queued]>
[2022-08-10 22:14:42,084] {taskinstance.py:1179} INFO - Dependencies all met for <TaskInstance: ETL_DAG.Ingestor manual__2022-08-10T22:14:40.673169+00:00 [queued]>
[2022-08-10 22:14:42,085] {taskinstance.py:1376} INFO - 
--------------------------------------------------------------------------------
[2022-08-10 22:14:42,085] {taskinstance.py:1377} INFO - Starting attempt 1 of 6
[2022-08-10 22:14:42,086] {taskinstance.py:1378} INFO - 
--------------------------------------------------------------------------------
[2022-08-10 22:14:42,094] {taskinstance.py:1397} INFO - Executing <Task(PythonOperator): Ingestor> on 2022-08-10 22:14:40.673169+00:00
[2022-08-10 22:14:42,099] {standard_task_runner.py:52} INFO - Started process 275 to run task
[2022-08-10 22:14:42,102] {standard_task_runner.py:79} INFO - Running: ['***', 'tasks', 'run', 'ETL_DAG', 'Ingestor', 'manual__2022-08-10T22:14:40.673169+00:00', '--job-id', '140', '--raw', '--subdir', 'DAGS_FOLDER/etl_dag.py', '--cfg-path', '/tmp/tmp9qxlny4w', '--error-file', '/tmp/tmprzbybr_4']
[2022-08-10 22:14:42,104] {standard_task_runner.py:80} INFO - Job 140: Subtask Ingestor
[2022-08-10 22:14:42,162] {task_command.py:371} INFO - Running <TaskInstance: ETL_DAG.Ingestor manual__2022-08-10T22:14:40.673169+00:00 [running]> on host f16520aedf1e
[2022-08-10 22:14:42,217] {taskinstance.py:1591} INFO - Exporting the following env vars:
AIRFLOW_CTX_DAG_OWNER=narapady
AIRFLOW_CTX_DAG_ID=ETL_DAG
AIRFLOW_CTX_TASK_ID=Ingestor
AIRFLOW_CTX_EXECUTION_DATE=2022-08-10T22:14:40.673169+00:00
AIRFLOW_CTX_TRY_NUMBER=1
AIRFLOW_CTX_DAG_RUN_ID=manual__2022-08-10T22:14:40.673169+00:00
[2022-08-10 22:14:51,213] {logging_mixin.py:115} INFO - Successfully uploaded food-at-home-and-food-away-from-home/FAH_total.xls to s3-bucket-raw-usda
[2022-08-10 22:14:52,733] {logging_mixin.py:115} INFO - Successfully uploaded food-at-home-and-food-away-from-home/FAH_gender.xls to s3-bucket-raw-usda
[2022-08-10 22:14:54,407] {logging_mixin.py:115} INFO - Successfully uploaded food-at-home-and-food-away-from-home/FAH_income.xls to s3-bucket-raw-usda
[2022-08-10 22:14:56,042] {logging_mixin.py:115} INFO - Successfully uploaded food-at-home-and-food-away-from-home/FAH_education.xls to s3-bucket-raw-usda
[2022-08-10 22:14:57,823] {logging_mixin.py:115} INFO - Successfully uploaded food-at-home-and-food-away-from-home/FAH_race.xls to s3-bucket-raw-usda
[2022-08-10 22:14:59,290] {logging_mixin.py:115} INFO - Successfully uploaded food-at-home-and-food-away-from-home/FAFH_total.xls to s3-bucket-raw-usda
[2022-08-10 22:15:00,996] {logging_mixin.py:115} INFO - Successfully uploaded food-at-home-and-food-away-from-home/FAFH_gender.xls to s3-bucket-raw-usda
[2022-08-10 22:15:02,449] {logging_mixin.py:115} INFO - Successfully uploaded food-at-home-and-food-away-from-home/FAFH_income.xls to s3-bucket-raw-usda
[2022-08-10 22:15:03,907] {logging_mixin.py:115} INFO - Successfully uploaded food-at-home-and-food-away-from-home/FAFH_education.xls to s3-bucket-raw-usda
[2022-08-10 22:15:05,631] {logging_mixin.py:115} INFO - Successfully uploaded demographic-and-socioeconomic-characteristics/CommodityConsumption_table1.xls to s3-bucket-raw-usda
[2022-08-10 22:15:07,225] {logging_mixin.py:115} INFO - Successfully uploaded demographic-and-socioeconomic-characteristics/CommodityConsumption_table2.xls to s3-bucket-raw-usda
[2022-08-10 22:15:08,806] {logging_mixin.py:115} INFO - Successfully uploaded demographic-and-socioeconomic-characteristics/CommodityConsumption_table3.xls to s3-bucket-raw-usda
[2022-08-10 22:15:10,437] {logging_mixin.py:115} INFO - Successfully uploaded demographic-and-socioeconomic-characteristics/CommodityConsumption_table4.xls to s3-bucket-raw-usda
[2022-08-10 22:15:12,011] {logging_mixin.py:115} INFO - Successfully uploaded demographic-and-socioeconomic-characteristics/CommodityConsumption_table5.xls to s3-bucket-raw-usda
[2022-08-10 22:15:30,301] {logging_mixin.py:115} INFO - Successfully uploaded food-availability/dyfluid.xls to s3-bucket-raw-usda
[2022-08-10 22:15:49,503] {logging_mixin.py:115} INFO - Successfully uploaded food-availability/dymfg.xls to s3-bucket-raw-usda
[2022-08-10 22:15:54,649] {logging_mixin.py:115} INFO - Successfully uploaded food-availability/eggs.xls to s3-bucket-raw-usda
[2022-08-10 22:16:03,739] {logging_mixin.py:115} INFO - Successfully uploaded food-availability/fats.xls to s3-bucket-raw-usda
[2022-08-10 22:16:14,149] {logging_mixin.py:115} INFO - Successfully uploaded food-availability/mtfish.xls to s3-bucket-raw-usda
[2022-08-10 22:16:25,879] {logging_mixin.py:115} INFO - Successfully uploaded food-availability/frtot.xls to s3-bucket-raw-usda
[2022-08-10 22:16:32,272] {logging_mixin.py:115} INFO - Successfully uploaded food-availability/fruitcan.xls to s3-bucket-raw-usda
[2022-08-10 22:16:36,059] {logging_mixin.py:115} INFO - Successfully uploaded food-availability/fruitdr.xls to s3-bucket-raw-usda
[2022-08-10 22:16:57,627] {logging_mixin.py:115} INFO - Successfully uploaded food-availability/fruitfr.xls to s3-bucket-raw-usda
[2022-08-10 22:16:59,609] {logging_mixin.py:115} INFO - Successfully uploaded food-availability/fruitfz.xls to s3-bucket-raw-usda
[2022-08-10 22:17:05,248] {logging_mixin.py:115} INFO - Successfully uploaded food-availability/fruitju.xls to s3-bucket-raw-usda
[2022-08-10 22:17:07,493] {logging_mixin.py:115} INFO - Successfully uploaded food-availability/fruitveg.xls to s3-bucket-raw-usda
[2022-08-10 22:17:15,951] {logging_mixin.py:115} INFO - Successfully uploaded food-availability/grains.xls to s3-bucket-raw-usda
[2022-08-10 22:17:26,446] {logging_mixin.py:115} INFO - Successfully uploaded food-availability/nuts.xls to s3-bucket-raw-usda
[2022-08-10 22:17:30,002] {logging_mixin.py:115} INFO - Successfully uploaded food-availability/pop.xls to s3-bucket-raw-usda
[2022-08-10 22:17:38,905] {logging_mixin.py:115} INFO - Successfully uploaded food-availability/mtpoulsu.xls to s3-bucket-raw-usda
[2022-08-10 22:17:50,409] {logging_mixin.py:115} INFO - Successfully uploaded food-availability/mtredsu.xls to s3-bucket-raw-usda
[2022-08-10 22:17:56,850] {logging_mixin.py:115} INFO - Successfully uploaded food-availability/mtpcc.xls to s3-bucket-raw-usda
[2022-08-10 22:18:07,626] {logging_mixin.py:115} INFO - Successfully uploaded food-availability/sweets.xls to s3-bucket-raw-usda
[2022-08-10 22:18:27,224] {logging_mixin.py:115} INFO - Successfully uploaded food-availability/vegtot.xls to s3-bucket-raw-usda
[2022-08-10 22:18:32,643] {logging_mixin.py:115} INFO - Successfully uploaded food-availability/vegcan.xlsx to s3-bucket-raw-usda
[2022-08-10 22:18:45,901] {logging_mixin.py:115} INFO - Successfully uploaded food-availability/vegfr.xlsx to s3-bucket-raw-usda
[2022-08-10 22:18:55,171] {logging_mixin.py:115} INFO - Successfully uploaded food-availability/vegfrz.xls to s3-bucket-raw-usda
[2022-08-10 22:19:03,786] {logging_mixin.py:115} INFO - Successfully uploaded food-availability/legumes.xls to s3-bucket-raw-usda
[2022-08-10 22:19:11,301] {logging_mixin.py:115} INFO - Successfully uploaded food-availability/potatoes.xls to s3-bucket-raw-usda
[2022-08-10 22:19:20,026] {logging_mixin.py:115} INFO - Successfully uploaded loss-adjusted-food-availability/calories.xls to s3-bucket-raw-usda
[2022-08-10 22:19:54,823] {logging_mixin.py:115} INFO - Successfully uploaded loss-adjusted-food-availability/Dairy.xls to s3-bucket-raw-usda
[2022-08-10 22:20:04,450] {logging_mixin.py:115} INFO - Successfully uploaded loss-adjusted-food-availability/fat.xls to s3-bucket-raw-usda
[2022-08-10 22:20:13,320] {logging_mixin.py:115} INFO - Successfully uploaded loss-adjusted-food-availability/servings.xls to s3-bucket-raw-usda
[2022-08-10 22:21:00,087] {logging_mixin.py:115} INFO - Successfully uploaded loss-adjusted-food-availability/Fruit.xls to s3-bucket-raw-usda
[2022-08-10 22:21:11,011] {logging_mixin.py:115} INFO - Successfully uploaded loss-adjusted-food-availability/grain.xls to s3-bucket-raw-usda
[2022-08-10 22:21:37,008] {logging_mixin.py:115} INFO - Successfully uploaded loss-adjusted-food-availability/meat.xls to s3-bucket-raw-usda
[2022-08-10 22:21:46,020] {logging_mixin.py:115} INFO - Successfully uploaded loss-adjusted-food-availability/sugar.xls to s3-bucket-raw-usda
[2022-08-10 22:22:42,659] {logging_mixin.py:115} INFO - Successfully uploaded loss-adjusted-food-availability/veg.xls to s3-bucket-raw-usda
[2022-08-10 22:22:47,357] {logging_mixin.py:115} INFO - Successfully uploaded archived-tables/nutrients.xls to s3-bucket-raw-usda
[2022-08-10 22:22:53,360] {logging_mixin.py:115} INFO - Successfully uploaded archived-tables/ctcsp.xls to s3-bucket-raw-usda
[2022-08-10 22:22:54,896] {logging_mixin.py:115} INFO - Successfully uploaded food-consumption-estimates/food_table1.xlsx to s3-bucket-raw-usda
[2022-08-10 22:22:56,273] {logging_mixin.py:115} INFO - Successfully uploaded food-consumption-estimates/food_table2.xlsx to s3-bucket-raw-usda
[2022-08-10 22:22:57,516] {logging_mixin.py:115} INFO - Successfully uploaded food-consumption-estimates/food_table3.xlsx to s3-bucket-raw-usda
[2022-08-10 22:22:58,933] {logging_mixin.py:115} INFO - Successfully uploaded nutrient-intake-estimates/nutrient_table1.xlsx to s3-bucket-raw-usda
[2022-08-10 22:23:00,208] {logging_mixin.py:115} INFO - Successfully uploaded nutrient-intake-estimates/nutrient_table2.xlsx to s3-bucket-raw-usda
[2022-08-10 22:23:04,564] {logging_mixin.py:115} INFO - Successfully uploaded archived-files/Archived%202007-10%20Food%20Consumption%20and%20Nutrient%20Inta to s3-bucket-raw-usda
[2022-08-10 22:23:05,895] {logging_mixin.py:115} INFO - Successfully uploaded 2016/Table1_2016.xlsx to s3-bucket-raw-usda
[2022-08-10 22:23:07,330] {logging_mixin.py:115} INFO - Successfully uploaded 2016/Table2_2016.xlsx to s3-bucket-raw-usda
[2022-08-10 22:23:08,665] {logging_mixin.py:115} INFO - Successfully uploaded 2016/Table3_2016.xlsx to s3-bucket-raw-usda
[2022-08-10 22:23:09,993] {logging_mixin.py:115} INFO - Successfully uploaded 2016/Table4_2016.xlsx to s3-bucket-raw-usda
[2022-08-10 22:23:11,319] {logging_mixin.py:115} INFO - Successfully uploaded 2016/Table5_2016.xlsx to s3-bucket-raw-usda
[2022-08-10 22:23:12,552] {logging_mixin.py:115} INFO - Successfully uploaded 2016/Table6_2016.xlsx to s3-bucket-raw-usda
[2022-08-10 22:23:13,780] {logging_mixin.py:115} INFO - Successfully uploaded 2016/Table7_2016.xlsx to s3-bucket-raw-usda
[2022-08-10 22:23:15,022] {logging_mixin.py:115} INFO - Successfully uploaded 2016/Table8_2016.xlsx to s3-bucket-raw-usda
[2022-08-10 22:23:16,182] {logging_mixin.py:115} INFO - Successfully uploaded 2015/Table1_2015.xlsx to s3-bucket-raw-usda
[2022-08-10 22:23:17,569] {logging_mixin.py:115} INFO - Successfully uploaded 2015/Table2_2015.xlsx to s3-bucket-raw-usda
[2022-08-10 22:23:18,819] {logging_mixin.py:115} INFO - Successfully uploaded 2015/Table3_2015.xlsx to s3-bucket-raw-usda
[2022-08-10 22:23:20,233] {logging_mixin.py:115} INFO - Successfully uploaded 2015/Table4_2015.xlsx to s3-bucket-raw-usda
[2022-08-10 22:23:21,399] {logging_mixin.py:115} INFO - Successfully uploaded 2015/Table5_2015.xlsx to s3-bucket-raw-usda
[2022-08-10 22:23:22,669] {logging_mixin.py:115} INFO - Successfully uploaded 2015/Table6_2015.xlsx to s3-bucket-raw-usda
[2022-08-10 22:23:23,822] {logging_mixin.py:115} INFO - Successfully uploaded 2015/Table7_2015.xlsx to s3-bucket-raw-usda
[2022-08-10 22:23:24,979] {logging_mixin.py:115} INFO - Successfully uploaded 2015/Table8_2015.xlsx to s3-bucket-raw-usda
[2022-08-10 22:23:26,684] {logging_mixin.py:115} INFO - Successfully uploaded 2014/table1_2014.xls to s3-bucket-raw-usda
[2022-08-10 22:23:28,321] {logging_mixin.py:115} INFO - Successfully uploaded 2014/table2_2014.xls to s3-bucket-raw-usda
[2022-08-10 22:23:29,858] {logging_mixin.py:115} INFO - Successfully uploaded 2014/table3_2014.xls to s3-bucket-raw-usda
[2022-08-10 22:23:31,389] {logging_mixin.py:115} INFO - Successfully uploaded 2014/table4_2014.xls to s3-bucket-raw-usda
[2022-08-10 22:23:33,137] {logging_mixin.py:115} INFO - Successfully uploaded 2014/table5_2014.xls to s3-bucket-raw-usda
[2022-08-10 22:23:34,574] {logging_mixin.py:115} INFO - Successfully uploaded 2014/table6_2014.xls to s3-bucket-raw-usda
[2022-08-10 22:23:36,107] {logging_mixin.py:115} INFO - Successfully uploaded 2014/table7_2014.xls to s3-bucket-raw-usda
[2022-08-10 22:23:37,745] {logging_mixin.py:115} INFO - Successfully uploaded 2014/table8_2014.xls to s3-bucket-raw-usda
[2022-08-10 22:23:39,893] {logging_mixin.py:115} INFO - Successfully uploaded 2014/2008_table1.xls to s3-bucket-raw-usda
[2022-08-10 22:23:42,454] {logging_mixin.py:115} INFO - Successfully uploaded 2014/2008_table2.xls to s3-bucket-raw-usda
[2022-08-10 22:23:44,194] {logging_mixin.py:115} INFO - Successfully uploaded 2014/2008_table3.xls to s3-bucket-raw-usda
[2022-08-10 22:23:45,471] {logging_mixin.py:115} INFO - Successfully uploaded 2014/2008_table4.xls to s3-bucket-raw-usda
[2022-08-10 22:23:46,855] {logging_mixin.py:115} INFO - Successfully uploaded 2014/2008_table5.xls to s3-bucket-raw-usda
[2022-08-10 22:23:48,374] {logging_mixin.py:115} INFO - Successfully uploaded 2014/2008_table6.xls to s3-bucket-raw-usda
[2022-08-10 22:23:49,880] {logging_mixin.py:115} INFO - Successfully uploaded 2014/2008_table7.xls to s3-bucket-raw-usda
[2022-08-10 22:23:51,242] {logging_mixin.py:115} INFO - Successfully uploaded 2007/2007_table1.xls to s3-bucket-raw-usda
[2022-08-10 22:23:52,795] {logging_mixin.py:115} INFO - Successfully uploaded 2007/2007_table2.xls to s3-bucket-raw-usda
[2022-08-10 22:23:54,535] {logging_mixin.py:115} INFO - Successfully uploaded 2007/2007_table3.xls to s3-bucket-raw-usda
[2022-08-10 22:23:55,976] {logging_mixin.py:115} INFO - Successfully uploaded 2007/2007_table4.xls to s3-bucket-raw-usda
[2022-08-10 22:23:57,817] {logging_mixin.py:115} INFO - Successfully uploaded 2007/2007_table5.xls to s3-bucket-raw-usda
[2022-08-10 22:23:59,451] {logging_mixin.py:115} INFO - Successfully uploaded 2007/2007_table6.xls to s3-bucket-raw-usda
[2022-08-10 22:24:00,987] {logging_mixin.py:115} INFO - Successfully uploaded 2007/2007_table7.xls to s3-bucket-raw-usda
[2022-08-10 22:24:02,306] {logging_mixin.py:115} INFO - Successfully uploaded 2006/2006_table1.xls to s3-bucket-raw-usda
[2022-08-10 22:24:03,754] {logging_mixin.py:115} INFO - Successfully uploaded 2006/2006_table2.xls to s3-bucket-raw-usda
[2022-08-10 22:24:05,218] {logging_mixin.py:115} INFO - Successfully uploaded 2006/2006_table3.xls to s3-bucket-raw-usda
[2022-08-10 22:24:06,658] {logging_mixin.py:115} INFO - Successfully uploaded 2006/2006_table4.xls to s3-bucket-raw-usda
[2022-08-10 22:24:08,116] {logging_mixin.py:115} INFO - Successfully uploaded 2006/2006_table5.xls to s3-bucket-raw-usda
[2022-08-10 22:24:09,575] {logging_mixin.py:115} INFO - Successfully uploaded 2006/2006_table6.xls to s3-bucket-raw-usda
[2022-08-10 22:24:11,232] {logging_mixin.py:115} INFO - Successfully uploaded 2006/2006_table7.xls to s3-bucket-raw-usda
[2022-08-10 22:24:12,561] {logging_mixin.py:115} INFO - Successfully uploaded consumer-price-index/CPIforecast.xlsx to s3-bucket-raw-usda
[2022-08-10 22:24:13,994] {logging_mixin.py:115} INFO - Successfully uploaded consumer-price-index/historicalcpi.xlsx to s3-bucket-raw-usda
[2022-08-10 22:24:15,250] {logging_mixin.py:115} INFO - Successfully uploaded producer-price-index/PPIforecast.xlsx to s3-bucket-raw-usda
[2022-08-10 22:24:16,549] {logging_mixin.py:115} INFO - Successfully uploaded producer-price-index/historicalppi.xlsx to s3-bucket-raw-usda
[2022-08-10 22:24:19,006] {logging_mixin.py:115} INFO - Successfully uploaded archived-versions/CPIArchivedForecasts.xlsx to s3-bucket-raw-usda
[2022-08-10 22:24:20,553] {logging_mixin.py:115} INFO - Successfully uploaded archived-versions/PPIArchivedForecasts.xlsx to s3-bucket-raw-usda
[2022-08-10 22:24:21,980] {logging_mixin.py:115} INFO - Successfully uploaded current-food-expenditure-series/nominal_expenditures.xlsx to s3-bucket-raw-usda
[2022-08-10 22:24:23,311] {logging_mixin.py:115} INFO - Successfully uploaded current-food-expenditure-series/nominal_expenditures_no_taxes_tips.xlsx to s3-bucket-raw-usda
[2022-08-10 22:24:24,662] {logging_mixin.py:115} INFO - Successfully uploaded current-food-expenditure-series/constant_dollar_expenditures.xlsx to s3-bucket-raw-usda
[2022-08-10 22:24:26,103] {logging_mixin.py:115} INFO - Successfully uploaded current-food-expenditure-series/constant_dollar_expenditures_no_taxes_tips.xlsx to s3-bucket-raw-usda
[2022-08-10 22:24:27,419] {logging_mixin.py:115} INFO - Successfully uploaded current-food-expenditure-series/food_expenditures_source_funds.xlsx to s3-bucket-raw-usda
[2022-08-10 22:24:28,733] {logging_mixin.py:115} INFO - Successfully uploaded current-food-expenditure-series/normalized_food_expenditures.xlsx to s3-bucket-raw-usda
[2022-08-10 22:24:30,229] {logging_mixin.py:115} INFO - Successfully uploaded current-food-expenditure-series/monthly_sales.xlsx to s3-bucket-raw-usda
[2022-08-10 22:24:32,129] {logging_mixin.py:115} INFO - Successfully uploaded archived-food-expenditure-tables/archived_nominal_expenditures_1.xlsx to s3-bucket-raw-usda
[2022-08-10 22:24:33,346] {logging_mixin.py:115} INFO - Successfully uploaded archived-food-expenditure-tables/archived_expenditures_purchaser_2.xlsx to s3-bucket-raw-usda
[2022-08-10 22:24:34,702] {logging_mixin.py:115} INFO - Successfully uploaded archived-food-expenditure-tables/archived_normalized_expenditures_3.xlsx to s3-bucket-raw-usda
[2022-08-10 22:24:35,969] {logging_mixin.py:115} INFO - Successfully uploaded archived-food-expenditure-tables/archived_monthly_4.xlsx to s3-bucket-raw-usda
[2022-08-10 22:24:35,973] {python.py:173} INFO - Done. Returned value was: None
[2022-08-10 22:24:35,992] {taskinstance.py:1420} INFO - Marking task as SUCCESS. dag_id=ETL_DAG, task_id=Ingestor, execution_date=20220810T221440, start_date=20220810T221442, end_date=20220810T222435
[2022-08-10 22:24:36,039] {local_task_job.py:156} INFO - Task exited with return code 0
[2022-08-10 22:24:36,066] {local_task_job.py:273} INFO - 0 downstream tasks scheduled from follow-on schedule check
