[2022-08-11 21:34:06,857] {taskinstance.py:1179} INFO - Dependencies all met for <TaskInstance: ETL_DAG_V8.Ingest_from_consumer_price_index manual__2022-08-11T21:34:01.587578+00:00 [queued]>
[2022-08-11 21:34:06,874] {taskinstance.py:1179} INFO - Dependencies all met for <TaskInstance: ETL_DAG_V8.Ingest_from_consumer_price_index manual__2022-08-11T21:34:01.587578+00:00 [queued]>
[2022-08-11 21:34:06,875] {taskinstance.py:1376} INFO - 
--------------------------------------------------------------------------------
[2022-08-11 21:34:06,876] {taskinstance.py:1377} INFO - Starting attempt 1 of 6
[2022-08-11 21:34:06,879] {taskinstance.py:1378} INFO - 
--------------------------------------------------------------------------------
[2022-08-11 21:34:06,903] {taskinstance.py:1397} INFO - Executing <Task(PythonOperator): Ingest_from_consumer_price_index> on 2022-08-11 21:34:01.587578+00:00
[2022-08-11 21:34:06,913] {standard_task_runner.py:52} INFO - Started process 239 to run task
[2022-08-11 21:34:06,919] {standard_task_runner.py:79} INFO - Running: ['***', 'tasks', 'run', 'ETL_DAG_V8', 'Ingest_from_consumer_price_index', 'manual__2022-08-11T21:34:01.587578+00:00', '--job-id', '675', '--raw', '--subdir', 'DAGS_FOLDER/etl_dag.py', '--cfg-path', '/tmp/tmpc71hf9gh', '--error-file', '/tmp/tmpjmg2tv4w']
[2022-08-11 21:34:06,925] {standard_task_runner.py:80} INFO - Job 675: Subtask Ingest_from_consumer_price_index
[2022-08-11 21:34:07,083] {task_command.py:371} INFO - Running <TaskInstance: ETL_DAG_V8.Ingest_from_consumer_price_index manual__2022-08-11T21:34:01.587578+00:00 [running]> on host a02c2b8cab8b
[2022-08-11 21:34:07,170] {taskinstance.py:1591} INFO - Exporting the following env vars:
AIRFLOW_CTX_DAG_OWNER=narapady
AIRFLOW_CTX_DAG_ID=ETL_DAG_V8
AIRFLOW_CTX_TASK_ID=Ingest_from_consumer_price_index
AIRFLOW_CTX_EXECUTION_DATE=2022-08-11T21:34:01.587578+00:00
AIRFLOW_CTX_TRY_NUMBER=1
AIRFLOW_CTX_DAG_RUN_ID=manual__2022-08-11T21:34:01.587578+00:00
[2022-08-11 21:34:14,538] {logging_mixin.py:115} INFO - Successfully uploaded consumer-price-index/CPIforecast.xlsx to s3-bucket-raw-usda
[2022-08-11 21:34:15,877] {logging_mixin.py:115} INFO - Successfully uploaded consumer-price-index/historicalcpi.xlsx to s3-bucket-raw-usda
[2022-08-11 21:34:15,879] {python.py:173} INFO - Done. Returned value was: None
[2022-08-11 21:34:15,889] {taskinstance.py:1420} INFO - Marking task as SUCCESS. dag_id=ETL_DAG_V8, task_id=Ingest_from_consumer_price_index, execution_date=20220811T213401, start_date=20220811T213406, end_date=20220811T213415
[2022-08-11 21:34:15,950] {local_task_job.py:156} INFO - Task exited with return code 0
[2022-08-11 21:34:15,978] {local_task_job.py:273} INFO - 0 downstream tasks scheduled from follow-on schedule check
