[2022-08-12 05:33:37,479] {taskinstance.py:1179} INFO - Dependencies all met for <TaskInstance: ETL_DAG.Ingest_from_2014 manual__2022-08-12T05:33:31.619708+00:00 [queued]>
[2022-08-12 05:33:37,493] {taskinstance.py:1179} INFO - Dependencies all met for <TaskInstance: ETL_DAG.Ingest_from_2014 manual__2022-08-12T05:33:31.619708+00:00 [queued]>
[2022-08-12 05:33:37,495] {taskinstance.py:1376} INFO - 
--------------------------------------------------------------------------------
[2022-08-12 05:33:37,496] {taskinstance.py:1377} INFO - Starting attempt 1 of 6
[2022-08-12 05:33:37,497] {taskinstance.py:1378} INFO - 
--------------------------------------------------------------------------------
[2022-08-12 05:33:37,515] {taskinstance.py:1397} INFO - Executing <Task(PythonOperator): Ingest_from_2014> on 2022-08-12 05:33:31.619708+00:00
[2022-08-12 05:33:37,528] {standard_task_runner.py:52} INFO - Started process 321 to run task
[2022-08-12 05:33:37,536] {standard_task_runner.py:79} INFO - Running: ['***', 'tasks', 'run', 'ETL_DAG', 'Ingest_from_2014', 'manual__2022-08-12T05:33:31.619708+00:00', '--job-id', '852', '--raw', '--subdir', 'DAGS_FOLDER/etl_dag.py', '--cfg-path', '/tmp/tmp7hk0ooup', '--error-file', '/tmp/tmpr09uwi5u']
[2022-08-12 05:33:37,543] {standard_task_runner.py:80} INFO - Job 852: Subtask Ingest_from_2014
[2022-08-12 05:33:37,672] {task_command.py:371} INFO - Running <TaskInstance: ETL_DAG.Ingest_from_2014 manual__2022-08-12T05:33:31.619708+00:00 [running]> on host 959a8f00817b
[2022-08-12 05:33:37,783] {taskinstance.py:1591} INFO - Exporting the following env vars:
AIRFLOW_CTX_DAG_OWNER=narapady
AIRFLOW_CTX_DAG_ID=ETL_DAG
AIRFLOW_CTX_TASK_ID=Ingest_from_2014
AIRFLOW_CTX_EXECUTION_DATE=2022-08-12T05:33:31.619708+00:00
AIRFLOW_CTX_TRY_NUMBER=1
AIRFLOW_CTX_DAG_RUN_ID=manual__2022-08-12T05:33:31.619708+00:00
[2022-08-12 05:33:46,332] {logging_mixin.py:115} INFO - Successfully uploaded 2014/table1_2014.xls to s3-bucket-raw-usda
[2022-08-12 05:33:47,893] {logging_mixin.py:115} INFO - Successfully uploaded 2014/table2_2014.xls to s3-bucket-raw-usda
[2022-08-12 05:33:49,805] {logging_mixin.py:115} INFO - Successfully uploaded 2014/table3_2014.xls to s3-bucket-raw-usda
[2022-08-12 05:33:51,598] {logging_mixin.py:115} INFO - Successfully uploaded 2014/table4_2014.xls to s3-bucket-raw-usda
[2022-08-12 05:33:53,083] {logging_mixin.py:115} INFO - Successfully uploaded 2014/table5_2014.xls to s3-bucket-raw-usda
[2022-08-12 05:33:54,648] {logging_mixin.py:115} INFO - Successfully uploaded 2014/table6_2014.xls to s3-bucket-raw-usda
[2022-08-12 05:33:56,199] {logging_mixin.py:115} INFO - Successfully uploaded 2014/table7_2014.xls to s3-bucket-raw-usda
[2022-08-12 05:33:57,640] {logging_mixin.py:115} INFO - Successfully uploaded 2014/table8_2014.xls to s3-bucket-raw-usda
[2022-08-12 05:33:58,922] {logging_mixin.py:115} INFO - Successfully uploaded 2014/2008_table1.xls to s3-bucket-raw-usda
[2022-08-12 05:34:00,280] {logging_mixin.py:115} INFO - Successfully uploaded 2014/2008_table2.xls to s3-bucket-raw-usda
[2022-08-12 05:34:02,167] {logging_mixin.py:115} INFO - Successfully uploaded 2014/2008_table3.xls to s3-bucket-raw-usda
[2022-08-12 05:34:03,491] {logging_mixin.py:115} INFO - Successfully uploaded 2014/2008_table4.xls to s3-bucket-raw-usda
[2022-08-12 05:34:04,945] {logging_mixin.py:115} INFO - Successfully uploaded 2014/2008_table5.xls to s3-bucket-raw-usda
[2022-08-12 05:34:06,283] {logging_mixin.py:115} INFO - Successfully uploaded 2014/2008_table6.xls to s3-bucket-raw-usda
[2022-08-12 05:34:07,937] {logging_mixin.py:115} INFO - Successfully uploaded 2014/2008_table7.xls to s3-bucket-raw-usda
[2022-08-12 05:34:07,944] {python.py:173} INFO - Done. Returned value was: None
[2022-08-12 05:34:07,976] {taskinstance.py:1420} INFO - Marking task as SUCCESS. dag_id=ETL_DAG, task_id=Ingest_from_2014, execution_date=20220812T053331, start_date=20220812T053337, end_date=20220812T053407
[2022-08-12 05:34:08,019] {local_task_job.py:156} INFO - Task exited with return code 0
[2022-08-12 05:34:08,050] {local_task_job.py:273} INFO - 0 downstream tasks scheduled from follow-on schedule check
