[2022-08-11 06:45:07,594] {taskinstance.py:1179} INFO - Dependencies all met for <TaskInstance: ETL_DAG.Stage_data manual__2022-08-11T06:31:20.995330+00:00 [queued]>
[2022-08-11 06:45:07,602] {taskinstance.py:1179} INFO - Dependencies all met for <TaskInstance: ETL_DAG.Stage_data manual__2022-08-11T06:31:20.995330+00:00 [queued]>
[2022-08-11 06:45:07,603] {taskinstance.py:1376} INFO - 
--------------------------------------------------------------------------------
[2022-08-11 06:45:07,604] {taskinstance.py:1377} INFO - Starting attempt 1 of 6
[2022-08-11 06:45:07,605] {taskinstance.py:1378} INFO - 
--------------------------------------------------------------------------------
[2022-08-11 06:45:07,613] {taskinstance.py:1397} INFO - Executing <Task(PythonOperator): Stage_data> on 2022-08-11 06:31:20.995330+00:00
[2022-08-11 06:45:07,618] {standard_task_runner.py:52} INFO - Started process 22306 to run task
[2022-08-11 06:45:07,621] {standard_task_runner.py:79} INFO - Running: ['***', 'tasks', 'run', 'ETL_DAG', 'Stage_data', 'manual__2022-08-11T06:31:20.995330+00:00', '--job-id', '401', '--raw', '--subdir', 'DAGS_FOLDER/etl_dag.py', '--cfg-path', '/tmp/tmptvbws8ow', '--error-file', '/tmp/tmpjrraya9d']
[2022-08-11 06:45:07,623] {standard_task_runner.py:80} INFO - Job 401: Subtask Stage_data
[2022-08-11 06:45:07,667] {task_command.py:371} INFO - Running <TaskInstance: ETL_DAG.Stage_data manual__2022-08-11T06:31:20.995330+00:00 [running]> on host c9fcec21ee59
[2022-08-11 06:45:07,711] {taskinstance.py:1591} INFO - Exporting the following env vars:
AIRFLOW_CTX_DAG_OWNER=narapady
AIRFLOW_CTX_DAG_ID=ETL_DAG
AIRFLOW_CTX_TASK_ID=Stage_data
AIRFLOW_CTX_EXECUTION_DATE=2022-08-11T06:31:20.995330+00:00
AIRFLOW_CTX_TRY_NUMBER=1
AIRFLOW_CTX_DAG_RUN_ID=manual__2022-08-11T06:31:20.995330+00:00
[2022-08-11 06:45:10,817] {logging_mixin.py:115} INFO - Successfully loaded Obesity_GDP_PanelData-staged.csv to s3-bucket-staged
[2022-08-11 06:45:16,583] {logging_mixin.py:115} INFO - Successfully loaded obesity-staged.csv to s3-bucket-staged
[2022-08-11 06:45:21,848] {logging_mixin.py:115} INFO - Successfully loaded fast-food-staged.csv to s3-bucket-staged
[2022-08-11 06:45:32,520] {logging_mixin.py:115} INFO - Successfully loaded food-consumption-estimates-staged.csv to s3-bucket-staged
[2022-08-11 06:45:43,833] {logging_mixin.py:115} INFO - Successfully loaded nutrient-intake-estimates-staged.csv to s3-bucket-staged
[2022-08-11 06:45:53,599] {logging_mixin.py:115} INFO - Successfully loaded monthly-sales-staged.csv to s3-bucket-staged
[2022-08-11 06:45:54,092] {logging_mixin.py:115} INFO - Successfully loaded food-expenditure-staged.csv to s3-bucket-staged
[2022-08-11 06:45:56,799] {logging_mixin.py:115} INFO - Successfully loaded price-index-staged.csv to s3-bucket-staged
[2022-08-11 06:48:22,297] {logging_mixin.py:115} INFO - Successfully loaded percents-staged.csv to s3-bucket-staged
[2022-08-11 06:48:33,122] {logging_mixin.py:115} INFO - Successfully loaded totals-staged.csv to s3-bucket-staged
[2022-08-11 06:49:33,913] {logging_mixin.py:115} INFO - Successfully loaded loss-adjusted-food-availability-staged.csv to s3-bucket-staged
[2022-08-11 06:49:33,934] {python.py:173} INFO - Done. Returned value was: None
[2022-08-11 06:49:33,969] {taskinstance.py:1420} INFO - Marking task as SUCCESS. dag_id=ETL_DAG, task_id=Stage_data, execution_date=20220811T063120, start_date=20220811T064507, end_date=20220811T064933
[2022-08-11 06:49:34,090] {local_task_job.py:156} INFO - Task exited with return code 0
[2022-08-11 06:49:34,127] {local_task_job.py:273} INFO - 1 downstream tasks scheduled from follow-on schedule check
