[2022-08-11 20:45:36,561] {taskinstance.py:1179} INFO - Dependencies all met for <TaskInstance: ETL_DAG_V7.Create_s3_bucket_ingest manual__2022-08-11T02:24:39.409501+00:00 [queued]>
[2022-08-11 20:45:36,570] {taskinstance.py:1179} INFO - Dependencies all met for <TaskInstance: ETL_DAG_V7.Create_s3_bucket_ingest manual__2022-08-11T02:24:39.409501+00:00 [queued]>
[2022-08-11 20:45:36,571] {taskinstance.py:1376} INFO - 
--------------------------------------------------------------------------------
[2022-08-11 20:45:36,572] {taskinstance.py:1377} INFO - Starting attempt 1 of 6
[2022-08-11 20:45:36,573] {taskinstance.py:1378} INFO - 
--------------------------------------------------------------------------------
[2022-08-11 20:45:36,582] {taskinstance.py:1397} INFO - Executing <Task(PythonOperator): Create_s3_bucket_ingest> on 2022-08-11 02:24:39.409501+00:00
[2022-08-11 20:45:36,588] {standard_task_runner.py:52} INFO - Started process 7779 to run task
[2022-08-11 20:45:36,592] {standard_task_runner.py:79} INFO - Running: ['***', 'tasks', 'run', 'ETL_DAG_V7', 'Create_s3_bucket_ingest', 'manual__2022-08-11T02:24:39.409501+00:00', '--job-id', '564', '--raw', '--subdir', 'DAGS_FOLDER/etl_dag.py', '--cfg-path', '/tmp/tmpwdmlcmhp', '--error-file', '/tmp/tmpe4rjfcou']
[2022-08-11 20:45:36,594] {standard_task_runner.py:80} INFO - Job 564: Subtask Create_s3_bucket_ingest
[2022-08-11 20:45:36,662] {task_command.py:371} INFO - Running <TaskInstance: ETL_DAG_V7.Create_s3_bucket_ingest manual__2022-08-11T02:24:39.409501+00:00 [running]> on host ce1be8c59d56
[2022-08-11 20:45:36,720] {taskinstance.py:1591} INFO - Exporting the following env vars:
AIRFLOW_CTX_DAG_OWNER=narapady
AIRFLOW_CTX_DAG_ID=ETL_DAG_V7
AIRFLOW_CTX_TASK_ID=Create_s3_bucket_ingest
AIRFLOW_CTX_EXECUTION_DATE=2022-08-11T02:24:39.409501+00:00
AIRFLOW_CTX_TRY_NUMBER=1
AIRFLOW_CTX_DAG_RUN_ID=manual__2022-08-11T02:24:39.409501+00:00
[2022-08-11 20:45:37,570] {python.py:173} INFO - Done. Returned value was: {'ResponseMetadata': {'RequestId': 'C502WR51GR8W7CFZ', 'HostId': 'c3ffREKeOO68wRxZvygXwZ0lfQBlklz56gT8rEhGnLirkWZOD5NREKBqwRCtgck75u/R/ivQc2U=', 'HTTPStatusCode': 200, 'HTTPHeaders': {'x-amz-id-2': 'c3ffREKeOO68wRxZvygXwZ0lfQBlklz56gT8rEhGnLirkWZOD5NREKBqwRCtgck75u/R/ivQc2U=', 'x-amz-request-id': 'C502WR51GR8W7CFZ', 'date': 'Thu, 11 Aug 2022 20:45:38 GMT', 'location': '/s3-bucket-raw-usda', 'server': 'AmazonS3', 'content-length': '0'}, 'RetryAttempts': 0}, 'Location': '/s3-bucket-raw-usda'}
[2022-08-11 20:45:37,601] {taskinstance.py:1420} INFO - Marking task as SUCCESS. dag_id=ETL_DAG_V7, task_id=Create_s3_bucket_ingest, execution_date=20220811T022439, start_date=20220811T204536, end_date=20220811T204537
[2022-08-11 20:45:37,644] {local_task_job.py:156} INFO - Task exited with return code 0
[2022-08-11 20:45:37,693] {local_task_job.py:273} INFO - 9 downstream tasks scheduled from follow-on schedule check
