[2022-08-12 05:18:37,937] {taskinstance.py:1179} INFO - Dependencies all met for <TaskInstance: ETL_DAG_US_FOOD_NUTRITION.Ingest_from_nutrient_intake_estimates manual__2022-08-12T05:11:17.280858+00:00 [queued]>
[2022-08-12 05:18:37,946] {taskinstance.py:1179} INFO - Dependencies all met for <TaskInstance: ETL_DAG_US_FOOD_NUTRITION.Ingest_from_nutrient_intake_estimates manual__2022-08-12T05:11:17.280858+00:00 [queued]>
[2022-08-12 05:18:37,947] {taskinstance.py:1376} INFO - 
--------------------------------------------------------------------------------
[2022-08-12 05:18:37,948] {taskinstance.py:1377} INFO - Starting attempt 2 of 6
[2022-08-12 05:18:37,949] {taskinstance.py:1378} INFO - 
--------------------------------------------------------------------------------
[2022-08-12 05:18:37,960] {taskinstance.py:1397} INFO - Executing <Task(PythonOperator): Ingest_from_nutrient_intake_estimates> on 2022-08-12 05:11:17.280858+00:00
[2022-08-12 05:18:37,971] {standard_task_runner.py:52} INFO - Started process 11090 to run task
[2022-08-12 05:18:37,987] {standard_task_runner.py:79} INFO - Running: ['***', 'tasks', 'run', 'ETL_DAG_US_FOOD_NUTRITION', 'Ingest_from_nutrient_intake_estimates', 'manual__2022-08-12T05:11:17.280858+00:00', '--job-id', '813', '--raw', '--subdir', 'DAGS_FOLDER/etl_dag.py', '--cfg-path', '/tmp/tmp4j6iav2g', '--error-file', '/tmp/tmp2pwc0y4z']
[2022-08-12 05:18:37,992] {standard_task_runner.py:80} INFO - Job 813: Subtask Ingest_from_nutrient_intake_estimates
[2022-08-12 05:18:38,086] {task_command.py:371} INFO - Running <TaskInstance: ETL_DAG_US_FOOD_NUTRITION.Ingest_from_nutrient_intake_estimates manual__2022-08-12T05:11:17.280858+00:00 [running]> on host ae5c2449a624
[2022-08-12 05:18:38,177] {taskinstance.py:1591} INFO - Exporting the following env vars:
AIRFLOW_CTX_DAG_OWNER=narapady
AIRFLOW_CTX_DAG_ID=ETL_DAG_US_FOOD_NUTRITION
AIRFLOW_CTX_TASK_ID=Ingest_from_nutrient_intake_estimates
AIRFLOW_CTX_EXECUTION_DATE=2022-08-12T05:11:17.280858+00:00
AIRFLOW_CTX_TRY_NUMBER=2
AIRFLOW_CTX_DAG_RUN_ID=manual__2022-08-12T05:11:17.280858+00:00
[2022-08-12 05:18:46,068] {logging_mixin.py:115} INFO - Successfully uploaded nutrient-intake-estimates/nutrient_table1.xlsx to s3-bucket-raw-usda
[2022-08-12 05:18:47,282] {logging_mixin.py:115} INFO - Successfully uploaded nutrient-intake-estimates/nutrient_table2.xlsx to s3-bucket-raw-usda
[2022-08-12 05:18:51,464] {logging_mixin.py:115} INFO - Successfully uploaded nutrient-intake-estimates/Archived%202007-10%20Food%20Consumption%20and%20Nutrient%20Inta to s3-bucket-raw-usda
[2022-08-12 05:18:51,471] {python.py:173} INFO - Done. Returned value was: None
[2022-08-12 05:18:51,495] {taskinstance.py:1420} INFO - Marking task as SUCCESS. dag_id=ETL_DAG_US_FOOD_NUTRITION, task_id=Ingest_from_nutrient_intake_estimates, execution_date=20220812T051117, start_date=20220812T051837, end_date=20220812T051851
[2022-08-12 05:18:51,537] {local_task_job.py:156} INFO - Task exited with return code 0
[2022-08-12 05:18:51,565] {local_task_job.py:273} INFO - 0 downstream tasks scheduled from follow-on schedule check
