[2022-08-17 00:44:39,069] {taskinstance.py:1179} INFO - Dependencies all met for <TaskInstance: ETL_DAG.Ingest_from_2016 manual__2022-08-17T00:44:32.649423+00:00 [queued]>
[2022-08-17 00:44:39,093] {taskinstance.py:1179} INFO - Dependencies all met for <TaskInstance: ETL_DAG.Ingest_from_2016 manual__2022-08-17T00:44:32.649423+00:00 [queued]>
[2022-08-17 00:44:39,095] {taskinstance.py:1376} INFO - 
--------------------------------------------------------------------------------
[2022-08-17 00:44:39,096] {taskinstance.py:1377} INFO - Starting attempt 1 of 6
[2022-08-17 00:44:39,101] {taskinstance.py:1378} INFO - 
--------------------------------------------------------------------------------
[2022-08-17 00:44:39,128] {taskinstance.py:1397} INFO - Executing <Task(PythonOperator): Ingest_from_2016> on 2022-08-17 00:44:32.649423+00:00
[2022-08-17 00:44:39,142] {standard_task_runner.py:52} INFO - Started process 282 to run task
[2022-08-17 00:44:39,165] {standard_task_runner.py:79} INFO - Running: ['***', 'tasks', 'run', 'ETL_DAG', 'Ingest_from_2016', 'manual__2022-08-17T00:44:32.649423+00:00', '--job-id', '1125', '--raw', '--subdir', 'DAGS_FOLDER/etl_dag.py', '--cfg-path', '/tmp/tmpvn557ic_', '--error-file', '/tmp/tmp202qpax8']
[2022-08-17 00:44:39,173] {standard_task_runner.py:80} INFO - Job 1125: Subtask Ingest_from_2016
[2022-08-17 00:44:39,246] {task_command.py:371} INFO - Running <TaskInstance: ETL_DAG.Ingest_from_2016 manual__2022-08-17T00:44:32.649423+00:00 [running]> on host b6e9d58543c5
[2022-08-17 00:44:39,350] {taskinstance.py:1591} INFO - Exporting the following env vars:
AIRFLOW_CTX_DAG_OWNER=narapady
AIRFLOW_CTX_DAG_ID=ETL_DAG
AIRFLOW_CTX_TASK_ID=Ingest_from_2016
AIRFLOW_CTX_EXECUTION_DATE=2022-08-17T00:44:32.649423+00:00
AIRFLOW_CTX_TRY_NUMBER=1
AIRFLOW_CTX_DAG_RUN_ID=manual__2022-08-17T00:44:32.649423+00:00
[2022-08-17 00:44:47,923] {logging_mixin.py:115} INFO - Successfully uploaded 2016/Table1_2016.xlsx to s3-bucket-raw-usda
[2022-08-17 00:44:49,194] {logging_mixin.py:115} INFO - Successfully uploaded 2016/Table2_2016.xlsx to s3-bucket-raw-usda
[2022-08-17 00:44:50,509] {logging_mixin.py:115} INFO - Successfully uploaded 2016/Table3_2016.xlsx to s3-bucket-raw-usda
[2022-08-17 00:44:51,797] {logging_mixin.py:115} INFO - Successfully uploaded 2016/Table4_2016.xlsx to s3-bucket-raw-usda
[2022-08-17 00:44:53,037] {logging_mixin.py:115} INFO - Successfully uploaded 2016/Table5_2016.xlsx to s3-bucket-raw-usda
[2022-08-17 00:44:54,226] {logging_mixin.py:115} INFO - Successfully uploaded 2016/Table6_2016.xlsx to s3-bucket-raw-usda
[2022-08-17 00:44:55,348] {logging_mixin.py:115} INFO - Successfully uploaded 2016/Table7_2016.xlsx to s3-bucket-raw-usda
[2022-08-17 00:44:56,551] {logging_mixin.py:115} INFO - Successfully uploaded 2016/Table8_2016.xlsx to s3-bucket-raw-usda
[2022-08-17 00:44:56,553] {python.py:173} INFO - Done. Returned value was: None
[2022-08-17 00:44:56,673] {taskinstance.py:1420} INFO - Marking task as SUCCESS. dag_id=ETL_DAG, task_id=Ingest_from_2016, execution_date=20220817T004432, start_date=20220817T004439, end_date=20220817T004456
[2022-08-17 00:44:56,735] {local_task_job.py:156} INFO - Task exited with return code 0
[2022-08-17 00:44:56,764] {local_task_job.py:273} INFO - 0 downstream tasks scheduled from follow-on schedule check
