[2022-08-11 20:50:42,441] {taskinstance.py:1179} INFO - Dependencies all met for <TaskInstance: ETL_DAG_V7.Stage_data manual__2022-08-11T20:45:41.327998+00:00 [queued]>
[2022-08-11 20:50:42,449] {taskinstance.py:1179} INFO - Dependencies all met for <TaskInstance: ETL_DAG_V7.Stage_data manual__2022-08-11T20:45:41.327998+00:00 [queued]>
[2022-08-11 20:50:42,450] {taskinstance.py:1376} INFO - 
--------------------------------------------------------------------------------
[2022-08-11 20:50:42,452] {taskinstance.py:1377} INFO - Starting attempt 1 of 6
[2022-08-11 20:50:42,453] {taskinstance.py:1378} INFO - 
--------------------------------------------------------------------------------
[2022-08-11 20:50:42,461] {taskinstance.py:1397} INFO - Executing <Task(PythonOperator): Stage_data> on 2022-08-11 20:45:41.327998+00:00
[2022-08-11 20:50:42,468] {standard_task_runner.py:52} INFO - Started process 8263 to run task
[2022-08-11 20:50:42,470] {standard_task_runner.py:79} INFO - Running: ['***', 'tasks', 'run', 'ETL_DAG_V7', 'Stage_data', 'manual__2022-08-11T20:45:41.327998+00:00', '--job-id', '602', '--raw', '--subdir', 'DAGS_FOLDER/etl_dag.py', '--cfg-path', '/tmp/tmpzphqwra0', '--error-file', '/tmp/tmpnkrftsnq']
[2022-08-11 20:50:42,473] {standard_task_runner.py:80} INFO - Job 602: Subtask Stage_data
[2022-08-11 20:50:42,527] {task_command.py:371} INFO - Running <TaskInstance: ETL_DAG_V7.Stage_data manual__2022-08-11T20:45:41.327998+00:00 [running]> on host ce1be8c59d56
[2022-08-11 20:50:42,594] {taskinstance.py:1591} INFO - Exporting the following env vars:
AIRFLOW_CTX_DAG_OWNER=narapady
AIRFLOW_CTX_DAG_ID=ETL_DAG_V7
AIRFLOW_CTX_TASK_ID=Stage_data
AIRFLOW_CTX_EXECUTION_DATE=2022-08-11T20:45:41.327998+00:00
AIRFLOW_CTX_TRY_NUMBER=1
AIRFLOW_CTX_DAG_RUN_ID=manual__2022-08-11T20:45:41.327998+00:00
[2022-08-11 20:50:45,770] {logging_mixin.py:115} INFO - Successfully loaded Obesity_GDP_PanelData-staged.csv to s3-bucket-staged
[2022-08-11 20:51:09,073] {logging_mixin.py:115} INFO - Successfully loaded obesity-staged.csv to s3-bucket-staged
[2022-08-11 20:51:14,464] {logging_mixin.py:115} INFO - Successfully loaded fast-food-staged.csv to s3-bucket-staged
[2022-08-11 20:51:25,860] {logging_mixin.py:115} INFO - Successfully loaded food-consumption-estimates-staged.csv to s3-bucket-staged
[2022-08-11 20:51:37,104] {logging_mixin.py:115} INFO - Successfully loaded nutrient-intake-estimates-staged.csv to s3-bucket-staged
[2022-08-11 20:51:46,769] {logging_mixin.py:115} INFO - Successfully loaded monthly-sales-staged.csv to s3-bucket-staged
[2022-08-11 20:51:47,163] {logging_mixin.py:115} INFO - Successfully loaded food-expenditure-staged.csv to s3-bucket-staged
[2022-08-11 20:51:49,866] {logging_mixin.py:115} INFO - Successfully loaded price-index-staged.csv to s3-bucket-staged
