[2022-08-12 05:38:43,843] {taskinstance.py:1179} INFO - Dependencies all met for <TaskInstance: ETL_DAG.Stage_food-expenditure-clean manual__2022-08-12T05:33:31.619708+00:00 [queued]>
[2022-08-12 05:38:43,863] {taskinstance.py:1179} INFO - Dependencies all met for <TaskInstance: ETL_DAG.Stage_food-expenditure-clean manual__2022-08-12T05:33:31.619708+00:00 [queued]>
[2022-08-12 05:38:43,867] {taskinstance.py:1376} INFO - 
--------------------------------------------------------------------------------
[2022-08-12 05:38:43,868] {taskinstance.py:1377} INFO - Starting attempt 1 of 6
[2022-08-12 05:38:43,869] {taskinstance.py:1378} INFO - 
--------------------------------------------------------------------------------
[2022-08-12 05:38:43,890] {taskinstance.py:1397} INFO - Executing <Task(PythonOperator): Stage_food-expenditure-clean> on 2022-08-12 05:33:31.619708+00:00
[2022-08-12 05:38:43,897] {standard_task_runner.py:52} INFO - Started process 718 to run task
[2022-08-12 05:38:43,905] {standard_task_runner.py:79} INFO - Running: ['***', 'tasks', 'run', 'ETL_DAG', 'Stage_food-expenditure-clean', 'manual__2022-08-12T05:33:31.619708+00:00', '--job-id', '865', '--raw', '--subdir', 'DAGS_FOLDER/etl_dag.py', '--cfg-path', '/tmp/tmpyvbc4hbj', '--error-file', '/tmp/tmp2ed_je34']
[2022-08-12 05:38:43,908] {standard_task_runner.py:80} INFO - Job 865: Subtask Stage_food-expenditure-clean
[2022-08-12 05:38:43,997] {task_command.py:371} INFO - Running <TaskInstance: ETL_DAG.Stage_food-expenditure-clean manual__2022-08-12T05:33:31.619708+00:00 [running]> on host 959a8f00817b
[2022-08-12 05:38:44,081] {taskinstance.py:1591} INFO - Exporting the following env vars:
AIRFLOW_CTX_DAG_OWNER=narapady
AIRFLOW_CTX_DAG_ID=ETL_DAG
AIRFLOW_CTX_TASK_ID=Stage_food-expenditure-clean
AIRFLOW_CTX_EXECUTION_DATE=2022-08-12T05:33:31.619708+00:00
AIRFLOW_CTX_TRY_NUMBER=1
AIRFLOW_CTX_DAG_RUN_ID=manual__2022-08-12T05:33:31.619708+00:00
[2022-08-12 05:38:53,452] {logging_mixin.py:115} INFO - Successfully loaded monthly-sales-staged.csv to s3-bucket-staged
[2022-08-12 05:38:53,829] {logging_mixin.py:115} INFO - Successfully loaded food-expenditure-staged.csv to s3-bucket-staged
[2022-08-12 05:38:53,831] {python.py:173} INFO - Done. Returned value was: None
[2022-08-12 05:38:53,846] {taskinstance.py:1420} INFO - Marking task as SUCCESS. dag_id=ETL_DAG, task_id=Stage_food-expenditure-clean, execution_date=20220812T053331, start_date=20220812T053843, end_date=20220812T053853
[2022-08-12 05:38:53,885] {local_task_job.py:156} INFO - Task exited with return code 0
[2022-08-12 05:38:53,912] {local_task_job.py:273} INFO - 0 downstream tasks scheduled from follow-on schedule check
