[2022-08-11 23:14:00,421] {taskinstance.py:1179} INFO - Dependencies all met for <TaskInstance: ETL_DAG_US_FOOD_NUTRITION.Transform_consumer-price-index manual__2022-08-11T23:09:24.436624+00:00 [queued]>
[2022-08-11 23:14:00,443] {taskinstance.py:1179} INFO - Dependencies all met for <TaskInstance: ETL_DAG_US_FOOD_NUTRITION.Transform_consumer-price-index manual__2022-08-11T23:09:24.436624+00:00 [queued]>
[2022-08-11 23:14:00,444] {taskinstance.py:1376} INFO - 
--------------------------------------------------------------------------------
[2022-08-11 23:14:00,445] {taskinstance.py:1377} INFO - Starting attempt 1 of 6
[2022-08-11 23:14:00,446] {taskinstance.py:1378} INFO - 
--------------------------------------------------------------------------------
[2022-08-11 23:14:00,470] {taskinstance.py:1397} INFO - Executing <Task(PythonOperator): Transform_consumer-price-index> on 2022-08-11 23:09:24.436624+00:00
[2022-08-11 23:14:00,481] {standard_task_runner.py:52} INFO - Started process 6540 to run task
[2022-08-11 23:14:00,496] {standard_task_runner.py:79} INFO - Running: ['***', 'tasks', 'run', 'ETL_DAG_US_FOOD_NUTRITION', 'Transform_consumer-price-index', 'manual__2022-08-11T23:09:24.436624+00:00', '--job-id', '722', '--raw', '--subdir', 'DAGS_FOLDER/etl_dag.py', '--cfg-path', '/tmp/tmpewovgg87', '--error-file', '/tmp/tmpmn4fhx65']
[2022-08-11 23:14:00,511] {standard_task_runner.py:80} INFO - Job 722: Subtask Transform_consumer-price-index
[2022-08-11 23:14:00,663] {task_command.py:371} INFO - Running <TaskInstance: ETL_DAG_US_FOOD_NUTRITION.Transform_consumer-price-index manual__2022-08-11T23:09:24.436624+00:00 [running]> on host a02c2b8cab8b
[2022-08-11 23:14:00,806] {taskinstance.py:1591} INFO - Exporting the following env vars:
AIRFLOW_CTX_DAG_OWNER=narapady
AIRFLOW_CTX_DAG_ID=ETL_DAG_US_FOOD_NUTRITION
AIRFLOW_CTX_TASK_ID=Transform_consumer-price-index
AIRFLOW_CTX_EXECUTION_DATE=2022-08-11T23:09:24.436624+00:00
AIRFLOW_CTX_TRY_NUMBER=1
AIRFLOW_CTX_DAG_RUN_ID=manual__2022-08-11T23:09:24.436624+00:00
[2022-08-11 23:14:36,898] {logging_mixin.py:115} INFO - Successfully process price-index-clean/consumer-price-index.csv to S3
[2022-08-11 23:14:36,910] {python.py:173} INFO - Done. Returned value was: None
[2022-08-11 23:14:36,940] {taskinstance.py:1420} INFO - Marking task as SUCCESS. dag_id=ETL_DAG_US_FOOD_NUTRITION, task_id=Transform_consumer-price-index, execution_date=20220811T230924, start_date=20220811T231400, end_date=20220811T231436
[2022-08-11 23:14:36,993] {local_task_job.py:156} INFO - Task exited with return code 0
[2022-08-11 23:14:37,020] {local_task_job.py:273} INFO - 0 downstream tasks scheduled from follow-on schedule check
