[2022-08-08 20:26:36,785] {taskinstance.py:1179} INFO - Dependencies all met for <TaskInstance: ETL_DAG.Ingestor manual__2022-08-08T20:26:35.481143+00:00 [queued]>
[2022-08-08 20:26:36,791] {taskinstance.py:1179} INFO - Dependencies all met for <TaskInstance: ETL_DAG.Ingestor manual__2022-08-08T20:26:35.481143+00:00 [queued]>
[2022-08-08 20:26:36,792] {taskinstance.py:1376} INFO - 
--------------------------------------------------------------------------------
[2022-08-08 20:26:36,793] {taskinstance.py:1377} INFO - Starting attempt 1 of 6
[2022-08-08 20:26:36,794] {taskinstance.py:1378} INFO - 
--------------------------------------------------------------------------------
[2022-08-08 20:26:36,802] {taskinstance.py:1397} INFO - Executing <Task(PythonOperator): Ingestor> on 2022-08-08 20:26:35.481143+00:00
[2022-08-08 20:26:36,808] {standard_task_runner.py:52} INFO - Started process 14710 to run task
[2022-08-08 20:26:36,811] {standard_task_runner.py:79} INFO - Running: ['***', 'tasks', 'run', 'ETL_DAG', 'Ingestor', 'manual__2022-08-08T20:26:35.481143+00:00', '--job-id', '101', '--raw', '--subdir', 'DAGS_FOLDER/etl_dag.py', '--cfg-path', '/tmp/tmp04veqhyf', '--error-file', '/tmp/tmph67kazvn']
[2022-08-08 20:26:36,813] {standard_task_runner.py:80} INFO - Job 101: Subtask Ingestor
[2022-08-08 20:26:36,860] {task_command.py:371} INFO - Running <TaskInstance: ETL_DAG.Ingestor manual__2022-08-08T20:26:35.481143+00:00 [running]> on host 8d3924a1d70c
[2022-08-08 20:26:36,905] {taskinstance.py:1591} INFO - Exporting the following env vars:
AIRFLOW_CTX_DAG_OWNER=narapady
AIRFLOW_CTX_DAG_ID=ETL_DAG
AIRFLOW_CTX_TASK_ID=Ingestor
AIRFLOW_CTX_EXECUTION_DATE=2022-08-08T20:26:35.481143+00:00
AIRFLOW_CTX_TRY_NUMBER=1
AIRFLOW_CTX_DAG_RUN_ID=manual__2022-08-08T20:26:35.481143+00:00
[2022-08-08 20:26:40,626] {logging_mixin.py:115} INFO - Successfully uploaded food-at-home-and-food-away-from-home/FAH_total.xls to s3-bucket-raw-usda
[2022-08-08 20:26:42,543] {logging_mixin.py:115} INFO - Successfully uploaded food-at-home-and-food-away-from-home/FAH_gender.xls to s3-bucket-raw-usda
[2022-08-08 20:26:44,074] {logging_mixin.py:115} INFO - Successfully uploaded food-at-home-and-food-away-from-home/FAH_income.xls to s3-bucket-raw-usda
[2022-08-08 20:26:45,822] {logging_mixin.py:115} INFO - Successfully uploaded food-at-home-and-food-away-from-home/FAH_education.xls to s3-bucket-raw-usda
[2022-08-08 20:26:47,764] {logging_mixin.py:115} INFO - Successfully uploaded food-at-home-and-food-away-from-home/FAH_race.xls to s3-bucket-raw-usda
[2022-08-08 20:26:49,516] {logging_mixin.py:115} INFO - Successfully uploaded food-at-home-and-food-away-from-home/FAFH_total.xls to s3-bucket-raw-usda
[2022-08-08 20:26:51,355] {logging_mixin.py:115} INFO - Successfully uploaded food-at-home-and-food-away-from-home/FAFH_gender.xls to s3-bucket-raw-usda
[2022-08-08 20:26:53,210] {logging_mixin.py:115} INFO - Successfully uploaded food-at-home-and-food-away-from-home/FAFH_income.xls to s3-bucket-raw-usda
[2022-08-08 20:26:55,135] {logging_mixin.py:115} INFO - Successfully uploaded food-at-home-and-food-away-from-home/FAFH_education.xls to s3-bucket-raw-usda
[2022-08-08 20:26:56,876] {logging_mixin.py:115} INFO - Successfully uploaded demographic-and-socioeconomic-characteristics/CommodityConsumption_table1.xls to s3-bucket-raw-usda
[2022-08-08 20:26:58,710] {logging_mixin.py:115} INFO - Successfully uploaded demographic-and-socioeconomic-characteristics/CommodityConsumption_table2.xls to s3-bucket-raw-usda
[2022-08-08 20:27:00,564] {logging_mixin.py:115} INFO - Successfully uploaded demographic-and-socioeconomic-characteristics/CommodityConsumption_table3.xls to s3-bucket-raw-usda
[2022-08-08 20:27:02,712] {logging_mixin.py:115} INFO - Successfully uploaded demographic-and-socioeconomic-characteristics/CommodityConsumption_table4.xls to s3-bucket-raw-usda
[2022-08-08 20:27:04,655] {logging_mixin.py:115} INFO - Successfully uploaded demographic-and-socioeconomic-characteristics/CommodityConsumption_table5.xls to s3-bucket-raw-usda
[2022-08-08 20:27:04,658] {python.py:173} INFO - Done. Returned value was: None
[2022-08-08 20:27:04,674] {taskinstance.py:1420} INFO - Marking task as SUCCESS. dag_id=ETL_DAG, task_id=Ingestor, execution_date=20220808T202635, start_date=20220808T202636, end_date=20220808T202704
[2022-08-08 20:27:04,699] {local_task_job.py:156} INFO - Task exited with return code 0
[2022-08-08 20:27:04,722] {local_task_job.py:273} INFO - 1 downstream tasks scheduled from follow-on schedule check
