[2022-08-11 23:14:00,351] {taskinstance.py:1179} INFO - Dependencies all met for <TaskInstance: ETL_DAG_US_FOOD_NUTRITION.Transform_producer-price-index manual__2022-08-11T23:09:24.436624+00:00 [queued]>
[2022-08-11 23:14:00,379] {taskinstance.py:1179} INFO - Dependencies all met for <TaskInstance: ETL_DAG_US_FOOD_NUTRITION.Transform_producer-price-index manual__2022-08-11T23:09:24.436624+00:00 [queued]>
[2022-08-11 23:14:00,380] {taskinstance.py:1376} INFO - 
--------------------------------------------------------------------------------
[2022-08-11 23:14:00,382] {taskinstance.py:1377} INFO - Starting attempt 1 of 6
[2022-08-11 23:14:00,383] {taskinstance.py:1378} INFO - 
--------------------------------------------------------------------------------
[2022-08-11 23:14:00,416] {taskinstance.py:1397} INFO - Executing <Task(PythonOperator): Transform_producer-price-index> on 2022-08-11 23:09:24.436624+00:00
[2022-08-11 23:14:00,429] {standard_task_runner.py:52} INFO - Started process 6539 to run task
[2022-08-11 23:14:00,447] {standard_task_runner.py:79} INFO - Running: ['***', 'tasks', 'run', 'ETL_DAG_US_FOOD_NUTRITION', 'Transform_producer-price-index', 'manual__2022-08-11T23:09:24.436624+00:00', '--job-id', '721', '--raw', '--subdir', 'DAGS_FOLDER/etl_dag.py', '--cfg-path', '/tmp/tmp1zv_23lc', '--error-file', '/tmp/tmpz39gt_wj']
[2022-08-11 23:14:00,455] {standard_task_runner.py:80} INFO - Job 721: Subtask Transform_producer-price-index
[2022-08-11 23:14:00,587] {task_command.py:371} INFO - Running <TaskInstance: ETL_DAG_US_FOOD_NUTRITION.Transform_producer-price-index manual__2022-08-11T23:09:24.436624+00:00 [running]> on host a02c2b8cab8b
[2022-08-11 23:14:00,708] {taskinstance.py:1591} INFO - Exporting the following env vars:
AIRFLOW_CTX_DAG_OWNER=narapady
AIRFLOW_CTX_DAG_ID=ETL_DAG_US_FOOD_NUTRITION
AIRFLOW_CTX_TASK_ID=Transform_producer-price-index
AIRFLOW_CTX_EXECUTION_DATE=2022-08-11T23:09:24.436624+00:00
AIRFLOW_CTX_TRY_NUMBER=1
AIRFLOW_CTX_DAG_RUN_ID=manual__2022-08-11T23:09:24.436624+00:00
[2022-08-11 23:14:36,213] {logging_mixin.py:115} INFO - Successfully process price-index-clean/producer-price-index.csv to S3
[2022-08-11 23:14:36,232] {python.py:173} INFO - Done. Returned value was: None
[2022-08-11 23:14:36,255] {taskinstance.py:1420} INFO - Marking task as SUCCESS. dag_id=ETL_DAG_US_FOOD_NUTRITION, task_id=Transform_producer-price-index, execution_date=20220811T230924, start_date=20220811T231400, end_date=20220811T231436
[2022-08-11 23:14:36,324] {local_task_job.py:156} INFO - Task exited with return code 0
[2022-08-11 23:14:36,352] {local_task_job.py:273} INFO - 0 downstream tasks scheduled from follow-on schedule check
