[2022-08-11 21:34:06,651] {taskinstance.py:1179} INFO - Dependencies all met for <TaskInstance: ETL_DAG_V8.Ingest_from_producer_price_index manual__2022-08-11T21:34:01.587578+00:00 [queued]>
[2022-08-11 21:34:06,675] {taskinstance.py:1179} INFO - Dependencies all met for <TaskInstance: ETL_DAG_V8.Ingest_from_producer_price_index manual__2022-08-11T21:34:01.587578+00:00 [queued]>
[2022-08-11 21:34:06,677] {taskinstance.py:1376} INFO - 
--------------------------------------------------------------------------------
[2022-08-11 21:34:06,680] {taskinstance.py:1377} INFO - Starting attempt 1 of 6
[2022-08-11 21:34:06,682] {taskinstance.py:1378} INFO - 
--------------------------------------------------------------------------------
[2022-08-11 21:34:06,696] {taskinstance.py:1397} INFO - Executing <Task(PythonOperator): Ingest_from_producer_price_index> on 2022-08-11 21:34:01.587578+00:00
[2022-08-11 21:34:06,708] {standard_task_runner.py:52} INFO - Started process 236 to run task
[2022-08-11 21:34:06,719] {standard_task_runner.py:79} INFO - Running: ['***', 'tasks', 'run', 'ETL_DAG_V8', 'Ingest_from_producer_price_index', 'manual__2022-08-11T21:34:01.587578+00:00', '--job-id', '673', '--raw', '--subdir', 'DAGS_FOLDER/etl_dag.py', '--cfg-path', '/tmp/tmp_mkui8z4', '--error-file', '/tmp/tmpsr69_qkd']
[2022-08-11 21:34:06,725] {standard_task_runner.py:80} INFO - Job 673: Subtask Ingest_from_producer_price_index
[2022-08-11 21:34:06,856] {task_command.py:371} INFO - Running <TaskInstance: ETL_DAG_V8.Ingest_from_producer_price_index manual__2022-08-11T21:34:01.587578+00:00 [running]> on host a02c2b8cab8b
[2022-08-11 21:34:06,983] {taskinstance.py:1591} INFO - Exporting the following env vars:
AIRFLOW_CTX_DAG_OWNER=narapady
AIRFLOW_CTX_DAG_ID=ETL_DAG_V8
AIRFLOW_CTX_TASK_ID=Ingest_from_producer_price_index
AIRFLOW_CTX_EXECUTION_DATE=2022-08-11T21:34:01.587578+00:00
AIRFLOW_CTX_TRY_NUMBER=1
AIRFLOW_CTX_DAG_RUN_ID=manual__2022-08-11T21:34:01.587578+00:00
[2022-08-11 21:34:14,635] {logging_mixin.py:115} INFO - Successfully uploaded producer-price-index/PPIforecast.xlsx to s3-bucket-raw-usda
[2022-08-11 21:34:15,894] {logging_mixin.py:115} INFO - Successfully uploaded producer-price-index/historicalppi.xlsx to s3-bucket-raw-usda
[2022-08-11 21:34:18,299] {logging_mixin.py:115} INFO - Successfully uploaded producer-price-index/CPIArchivedForecasts.xlsx to s3-bucket-raw-usda
[2022-08-11 21:34:20,131] {logging_mixin.py:115} INFO - Successfully uploaded producer-price-index/PPIArchivedForecasts.xlsx to s3-bucket-raw-usda
[2022-08-11 21:34:20,133] {python.py:173} INFO - Done. Returned value was: None
[2022-08-11 21:34:20,144] {taskinstance.py:1420} INFO - Marking task as SUCCESS. dag_id=ETL_DAG_V8, task_id=Ingest_from_producer_price_index, execution_date=20220811T213401, start_date=20220811T213406, end_date=20220811T213420
[2022-08-11 21:34:20,170] {local_task_job.py:156} INFO - Task exited with return code 0
[2022-08-11 21:34:20,200] {local_task_job.py:273} INFO - 0 downstream tasks scheduled from follow-on schedule check
