[2022-08-14 16:50:38,691] {taskinstance.py:1179} INFO - Dependencies all met for <TaskInstance: ETL_DAG.Transform_current-food-expenditure-series scheduled__2022-08-07T00:00:00+00:00 [queued]>
[2022-08-14 16:50:38,706] {taskinstance.py:1179} INFO - Dependencies all met for <TaskInstance: ETL_DAG.Transform_current-food-expenditure-series scheduled__2022-08-07T00:00:00+00:00 [queued]>
[2022-08-14 16:50:38,707] {taskinstance.py:1376} INFO - 
--------------------------------------------------------------------------------
[2022-08-14 16:50:38,708] {taskinstance.py:1377} INFO - Starting attempt 1 of 6
[2022-08-14 16:50:38,709] {taskinstance.py:1378} INFO - 
--------------------------------------------------------------------------------
[2022-08-14 16:50:38,723] {taskinstance.py:1397} INFO - Executing <Task(PythonOperator): Transform_current-food-expenditure-series> on 2022-08-07 00:00:00+00:00
[2022-08-14 16:50:38,729] {standard_task_runner.py:52} INFO - Started process 654 to run task
[2022-08-14 16:50:38,738] {standard_task_runner.py:79} INFO - Running: ['***', 'tasks', 'run', 'ETL_DAG', 'Transform_current-food-expenditure-series', 'scheduled__2022-08-07T00:00:00+00:00', '--job-id', '953', '--raw', '--subdir', 'DAGS_FOLDER/etl_dag.py', '--cfg-path', '/tmp/tmpiaupw67k', '--error-file', '/tmp/tmpmup10pwp']
[2022-08-14 16:50:38,746] {standard_task_runner.py:80} INFO - Job 953: Subtask Transform_current-food-expenditure-series
[2022-08-14 16:50:38,809] {task_command.py:371} INFO - Running <TaskInstance: ETL_DAG.Transform_current-food-expenditure-series scheduled__2022-08-07T00:00:00+00:00 [running]> on host 0dbf9d5e5cdb
[2022-08-14 16:50:38,890] {taskinstance.py:1591} INFO - Exporting the following env vars:
AIRFLOW_CTX_DAG_OWNER=narapady
AIRFLOW_CTX_DAG_ID=ETL_DAG
AIRFLOW_CTX_TASK_ID=Transform_current-food-expenditure-series
AIRFLOW_CTX_EXECUTION_DATE=2022-08-07T00:00:00+00:00
AIRFLOW_CTX_TRY_NUMBER=1
AIRFLOW_CTX_DAG_RUN_ID=scheduled__2022-08-07T00:00:00+00:00
[2022-08-14 16:50:54,839] {logging_mixin.py:115} INFO - Successfully process food-expenditure-clean/constant-total-fah.csv to S3
[2022-08-14 16:50:55,239] {logging_mixin.py:115} INFO - Successfully process food-expenditure-clean/constant-total-fafh.csv to S3
[2022-08-14 16:50:55,537] {logging_mixin.py:115} INFO - Successfully process food-expenditure-clean/constant-total-aah.csv to S3
[2022-08-14 16:50:55,827] {logging_mixin.py:115} INFO - Successfully process food-expenditure-clean/constant-total-aafh.csv to S3
[2022-08-14 16:51:11,827] {logging_mixin.py:115} INFO - Successfully process food-expenditure-clean/nominal-total-fah.csv to S3
[2022-08-14 16:51:12,264] {logging_mixin.py:115} INFO - Successfully process food-expenditure-clean/nominal-total-fafh.csv to S3
[2022-08-14 16:51:12,595] {logging_mixin.py:115} INFO - Successfully process food-expenditure-clean/nominal-total-aah.csv to S3
[2022-08-14 16:51:12,917] {logging_mixin.py:115} INFO - Successfully process food-expenditure-clean/nominal-total-aafh.csv to S3
[2022-08-14 16:51:37,536] {logging_mixin.py:115} INFO - Successfully process food-expenditure-clean/nominal-monthly-sale.csv to S3
[2022-08-14 16:51:37,965] {logging_mixin.py:115} INFO - Successfully process food-expenditure-clean/constant-monthly-sale.csv to S3
[2022-08-14 16:51:37,967] {python.py:173} INFO - Done. Returned value was: None
[2022-08-14 16:51:37,976] {taskinstance.py:1420} INFO - Marking task as SUCCESS. dag_id=ETL_DAG, task_id=Transform_current-food-expenditure-series, execution_date=20220807T000000, start_date=20220814T165038, end_date=20220814T165137
[2022-08-14 16:51:38,028] {local_task_job.py:156} INFO - Task exited with return code 0
[2022-08-14 16:51:38,056] {local_task_job.py:273} INFO - 1 downstream tasks scheduled from follow-on schedule check
