[2022-08-11 21:39:10,437] {taskinstance.py:1179} INFO - Dependencies all met for <TaskInstance: ETL_DAG_V8.Create_s3_bucket_stage manual__2022-08-11T21:34:01.587578+00:00 [queued]>
[2022-08-11 21:39:10,445] {taskinstance.py:1179} INFO - Dependencies all met for <TaskInstance: ETL_DAG_V8.Create_s3_bucket_stage manual__2022-08-11T21:34:01.587578+00:00 [queued]>
[2022-08-11 21:39:10,446] {taskinstance.py:1376} INFO - 
--------------------------------------------------------------------------------
[2022-08-11 21:39:10,447] {taskinstance.py:1377} INFO - Starting attempt 1 of 6
[2022-08-11 21:39:10,448] {taskinstance.py:1378} INFO - 
--------------------------------------------------------------------------------
[2022-08-11 21:39:10,455] {taskinstance.py:1397} INFO - Executing <Task(PythonOperator): Create_s3_bucket_stage> on 2022-08-11 21:34:01.587578+00:00
[2022-08-11 21:39:10,461] {standard_task_runner.py:52} INFO - Started process 603 to run task
[2022-08-11 21:39:10,464] {standard_task_runner.py:79} INFO - Running: ['***', 'tasks', 'run', 'ETL_DAG_V8', 'Create_s3_bucket_stage', 'manual__2022-08-11T21:34:01.587578+00:00', '--job-id', '687', '--raw', '--subdir', 'DAGS_FOLDER/etl_dag.py', '--cfg-path', '/tmp/tmpi6l5zqhf', '--error-file', '/tmp/tmpog7_1kp1']
[2022-08-11 21:39:10,466] {standard_task_runner.py:80} INFO - Job 687: Subtask Create_s3_bucket_stage
[2022-08-11 21:39:10,513] {task_command.py:371} INFO - Running <TaskInstance: ETL_DAG_V8.Create_s3_bucket_stage manual__2022-08-11T21:34:01.587578+00:00 [running]> on host a02c2b8cab8b
[2022-08-11 21:39:10,564] {taskinstance.py:1591} INFO - Exporting the following env vars:
AIRFLOW_CTX_DAG_OWNER=narapady
AIRFLOW_CTX_DAG_ID=ETL_DAG_V8
AIRFLOW_CTX_TASK_ID=Create_s3_bucket_stage
AIRFLOW_CTX_EXECUTION_DATE=2022-08-11T21:34:01.587578+00:00
AIRFLOW_CTX_TRY_NUMBER=1
AIRFLOW_CTX_DAG_RUN_ID=manual__2022-08-11T21:34:01.587578+00:00
[2022-08-11 21:39:11,332] {python.py:173} INFO - Done. Returned value was: {'ResponseMetadata': {'RequestId': '08FQZ2A30MJJBY7G', 'HostId': 'Cyqp6RdCzQKu7CvBLvPYq+Bn5HwrIHkAw92UABzpv49Z++9CmkMU1YuQ3EA7CjP7aayZ4KI0dPn5JtgPrHX+9Q==', 'HTTPStatusCode': 200, 'HTTPHeaders': {'x-amz-id-2': 'Cyqp6RdCzQKu7CvBLvPYq+Bn5HwrIHkAw92UABzpv49Z++9CmkMU1YuQ3EA7CjP7aayZ4KI0dPn5JtgPrHX+9Q==', 'x-amz-request-id': '08FQZ2A30MJJBY7G', 'date': 'Thu, 11 Aug 2022 21:39:12 GMT', 'location': '/s3-bucket-staged', 'server': 'AmazonS3', 'content-length': '0'}, 'RetryAttempts': 0}, 'Location': '/s3-bucket-staged'}
[2022-08-11 21:39:11,381] {taskinstance.py:1420} INFO - Marking task as SUCCESS. dag_id=ETL_DAG_V8, task_id=Create_s3_bucket_stage, execution_date=20220811T213401, start_date=20220811T213910, end_date=20220811T213911
[2022-08-11 21:39:11,410] {local_task_job.py:156} INFO - Task exited with return code 0
[2022-08-11 21:39:11,443] {local_task_job.py:273} INFO - 7 downstream tasks scheduled from follow-on schedule check
