[2022-08-15 20:57:08,534] {taskinstance.py:1179} INFO - Dependencies all met for <TaskInstance: ETL_DAG.Transform_producer-price-index manual__2022-08-15T20:56:28.970676+00:00 [queued]>
[2022-08-15 20:57:08,557] {taskinstance.py:1179} INFO - Dependencies all met for <TaskInstance: ETL_DAG.Transform_producer-price-index manual__2022-08-15T20:56:28.970676+00:00 [queued]>
[2022-08-15 20:57:08,558] {taskinstance.py:1376} INFO - 
--------------------------------------------------------------------------------
[2022-08-15 20:57:08,559] {taskinstance.py:1377} INFO - Starting attempt 1 of 6
[2022-08-15 20:57:08,560] {taskinstance.py:1378} INFO - 
--------------------------------------------------------------------------------
[2022-08-15 20:57:08,581] {taskinstance.py:1397} INFO - Executing <Task(PythonOperator): Transform_producer-price-index> on 2022-08-15 20:56:28.970676+00:00
[2022-08-15 20:57:08,587] {standard_task_runner.py:52} INFO - Started process 1615 to run task
[2022-08-15 20:57:08,612] {standard_task_runner.py:79} INFO - Running: ['***', 'tasks', 'run', 'ETL_DAG', 'Transform_producer-price-index', 'manual__2022-08-15T20:56:28.970676+00:00', '--job-id', '1054', '--raw', '--subdir', 'DAGS_FOLDER/etl_dag.py', '--cfg-path', '/tmp/tmpi_di4dc2', '--error-file', '/tmp/tmp6zujls28']
[2022-08-15 20:57:08,618] {standard_task_runner.py:80} INFO - Job 1054: Subtask Transform_producer-price-index
[2022-08-15 20:57:08,708] {task_command.py:371} INFO - Running <TaskInstance: ETL_DAG.Transform_producer-price-index manual__2022-08-15T20:56:28.970676+00:00 [running]> on host 42abdd2e54ec
[2022-08-15 20:57:08,799] {taskinstance.py:1591} INFO - Exporting the following env vars:
AIRFLOW_CTX_DAG_OWNER=narapady
AIRFLOW_CTX_DAG_ID=ETL_DAG
AIRFLOW_CTX_TASK_ID=Transform_producer-price-index
AIRFLOW_CTX_EXECUTION_DATE=2022-08-15T20:56:28.970676+00:00
AIRFLOW_CTX_TRY_NUMBER=1
AIRFLOW_CTX_DAG_RUN_ID=manual__2022-08-15T20:56:28.970676+00:00
[2022-08-15 20:57:41,958] {logging_mixin.py:115} INFO - Successfully process price-index-clean/producer-price-index.csv to S3
[2022-08-15 20:57:41,960] {python.py:173} INFO - Done. Returned value was: None
[2022-08-15 20:57:41,972] {taskinstance.py:1420} INFO - Marking task as SUCCESS. dag_id=ETL_DAG, task_id=Transform_producer-price-index, execution_date=20220815T205628, start_date=20220815T205708, end_date=20220815T205741
[2022-08-15 20:57:42,016] {local_task_job.py:156} INFO - Task exited with return code 0
[2022-08-15 20:57:42,044] {local_task_job.py:273} INFO - 0 downstream tasks scheduled from follow-on schedule check
