[2022-08-11 19:24:54,104] {taskinstance.py:1179} INFO - Dependencies all met for <TaskInstance: ETL_DAG_V2.Ingest_from_2016 manual__2022-08-11T19:19:47.922898+00:00 [queued]>
[2022-08-11 19:24:54,115] {taskinstance.py:1179} INFO - Dependencies all met for <TaskInstance: ETL_DAG_V2.Ingest_from_2016 manual__2022-08-11T19:19:47.922898+00:00 [queued]>
[2022-08-11 19:24:54,116] {taskinstance.py:1376} INFO - 
--------------------------------------------------------------------------------
[2022-08-11 19:24:54,123] {taskinstance.py:1377} INFO - Starting attempt 2 of 6
[2022-08-11 19:24:54,124] {taskinstance.py:1378} INFO - 
--------------------------------------------------------------------------------
[2022-08-11 19:24:54,135] {taskinstance.py:1397} INFO - Executing <Task(PythonOperator): Ingest_from_2016> on 2022-08-11 19:19:47.922898+00:00
[2022-08-11 19:24:54,142] {standard_task_runner.py:52} INFO - Started process 2104 to run task
[2022-08-11 19:24:54,148] {standard_task_runner.py:79} INFO - Running: ['***', 'tasks', 'run', 'ETL_DAG_V2', 'Ingest_from_2016', 'manual__2022-08-11T19:19:47.922898+00:00', '--job-id', '477', '--raw', '--subdir', 'DAGS_FOLDER/etl_dag.py', '--cfg-path', '/tmp/tmpn7zvpsx_', '--error-file', '/tmp/tmphdx9bs94']
[2022-08-11 19:24:54,151] {standard_task_runner.py:80} INFO - Job 477: Subtask Ingest_from_2016
[2022-08-11 19:24:54,214] {task_command.py:371} INFO - Running <TaskInstance: ETL_DAG_V2.Ingest_from_2016 manual__2022-08-11T19:19:47.922898+00:00 [running]> on host ce1be8c59d56
[2022-08-11 19:24:54,286] {taskinstance.py:1591} INFO - Exporting the following env vars:
AIRFLOW_CTX_DAG_OWNER=narapady
AIRFLOW_CTX_DAG_ID=ETL_DAG_V2
AIRFLOW_CTX_TASK_ID=Ingest_from_2016
AIRFLOW_CTX_EXECUTION_DATE=2022-08-11T19:19:47.922898+00:00
AIRFLOW_CTX_TRY_NUMBER=2
AIRFLOW_CTX_DAG_RUN_ID=manual__2022-08-11T19:19:47.922898+00:00
[2022-08-11 19:24:54,341] {taskinstance.py:1909} ERROR - Task failed with exception
Traceback (most recent call last):
  File "/home/airflow/.local/lib/python3.7/site-packages/airflow/operators/python.py", line 171, in execute
    return_value = self.execute_callable()
  File "/home/airflow/.local/lib/python3.7/site-packages/airflow/operators/python.py", line 189, in execute_callable
    return self.python_callable(*self.op_args, **self.op_kwargs)
  File "/opt/airflow/dags/ingest/ingestor.py", line 124, in run
    if usda:
NameError: name 'usda' is not defined
[2022-08-11 19:24:54,350] {taskinstance.py:1420} INFO - Marking task as UP_FOR_RETRY. dag_id=ETL_DAG_V2, task_id=Ingest_from_2016, execution_date=20220811T191947, start_date=20220811T192454, end_date=20220811T192454
[2022-08-11 19:24:54,358] {standard_task_runner.py:97} ERROR - Failed to execute job 477 for task Ingest_from_2016 (name 'usda' is not defined; 2104)
[2022-08-11 19:24:54,400] {local_task_job.py:156} INFO - Task exited with return code 1
[2022-08-11 19:24:54,437] {local_task_job.py:273} INFO - 0 downstream tasks scheduled from follow-on schedule check
