[2022-08-11 19:35:40,508] {taskinstance.py:1179} INFO - Dependencies all met for <TaskInstance: ETL_DAG_V2.Ingest_from_2016 manual__2022-08-11T19:19:47.922898+00:00 [queued]>
[2022-08-11 19:35:40,540] {taskinstance.py:1179} INFO - Dependencies all met for <TaskInstance: ETL_DAG_V2.Ingest_from_2016 manual__2022-08-11T19:19:47.922898+00:00 [queued]>
[2022-08-11 19:35:40,541] {taskinstance.py:1376} INFO - 
--------------------------------------------------------------------------------
[2022-08-11 19:35:40,542] {taskinstance.py:1377} INFO - Starting attempt 3 of 6
[2022-08-11 19:35:40,543] {taskinstance.py:1378} INFO - 
--------------------------------------------------------------------------------
[2022-08-11 19:35:40,590] {taskinstance.py:1397} INFO - Executing <Task(PythonOperator): Ingest_from_2016> on 2022-08-11 19:19:47.922898+00:00
[2022-08-11 19:35:40,601] {standard_task_runner.py:52} INFO - Started process 2928 to run task
[2022-08-11 19:35:40,618] {standard_task_runner.py:79} INFO - Running: ['***', 'tasks', 'run', 'ETL_DAG_V2', 'Ingest_from_2016', 'manual__2022-08-11T19:19:47.922898+00:00', '--job-id', '506', '--raw', '--subdir', 'DAGS_FOLDER/etl_dag.py', '--cfg-path', '/tmp/tmpyk0drip6', '--error-file', '/tmp/tmp9ik_90lo']
[2022-08-11 19:35:40,626] {standard_task_runner.py:80} INFO - Job 506: Subtask Ingest_from_2016
[2022-08-11 19:35:40,939] {task_command.py:371} INFO - Running <TaskInstance: ETL_DAG_V2.Ingest_from_2016 manual__2022-08-11T19:19:47.922898+00:00 [running]> on host ce1be8c59d56
[2022-08-11 19:35:41,209] {taskinstance.py:1591} INFO - Exporting the following env vars:
AIRFLOW_CTX_DAG_OWNER=narapady
AIRFLOW_CTX_DAG_ID=ETL_DAG_V2
AIRFLOW_CTX_TASK_ID=Ingest_from_2016
AIRFLOW_CTX_EXECUTION_DATE=2022-08-11T19:19:47.922898+00:00
AIRFLOW_CTX_TRY_NUMBER=3
AIRFLOW_CTX_DAG_RUN_ID=manual__2022-08-11T19:19:47.922898+00:00
[2022-08-11 19:35:53,465] {logging_mixin.py:115} INFO - Successfully uploaded 2016/Table1_2016.xlsx to s3-bucket-raw-usda
[2022-08-11 19:35:54,917] {logging_mixin.py:115} INFO - Successfully uploaded 2016/Table2_2016.xlsx to s3-bucket-raw-usda
[2022-08-11 19:35:56,635] {logging_mixin.py:115} INFO - Successfully uploaded 2016/Table3_2016.xlsx to s3-bucket-raw-usda
[2022-08-11 19:35:57,830] {logging_mixin.py:115} INFO - Successfully uploaded 2016/Table4_2016.xlsx to s3-bucket-raw-usda
[2022-08-11 19:35:59,093] {logging_mixin.py:115} INFO - Successfully uploaded 2016/Table5_2016.xlsx to s3-bucket-raw-usda
[2022-08-11 19:36:00,312] {logging_mixin.py:115} INFO - Successfully uploaded 2016/Table6_2016.xlsx to s3-bucket-raw-usda
[2022-08-11 19:36:01,681] {logging_mixin.py:115} INFO - Successfully uploaded 2016/Table7_2016.xlsx to s3-bucket-raw-usda
[2022-08-11 19:36:03,663] {logging_mixin.py:115} INFO - Successfully uploaded 2016/Table8_2016.xlsx to s3-bucket-raw-usda
[2022-08-11 19:36:03,681] {python.py:173} INFO - Done. Returned value was: None
[2022-08-11 19:36:03,717] {taskinstance.py:1420} INFO - Marking task as SUCCESS. dag_id=ETL_DAG_V2, task_id=Ingest_from_2016, execution_date=20220811T191947, start_date=20220811T193540, end_date=20220811T193603
[2022-08-11 19:36:03,783] {local_task_job.py:156} INFO - Task exited with return code 0
[2022-08-11 19:36:03,812] {local_task_job.py:273} INFO - 0 downstream tasks scheduled from follow-on schedule check
