[2022-08-14 16:50:36,168] {taskinstance.py:1179} INFO - Dependencies all met for <TaskInstance: ETL_DAG.Create_s3_bucket_transform scheduled__2022-08-07T00:00:00+00:00 [queued]>
[2022-08-14 16:50:36,176] {taskinstance.py:1179} INFO - Dependencies all met for <TaskInstance: ETL_DAG.Create_s3_bucket_transform scheduled__2022-08-07T00:00:00+00:00 [queued]>
[2022-08-14 16:50:36,177] {taskinstance.py:1376} INFO - 
--------------------------------------------------------------------------------
[2022-08-14 16:50:36,178] {taskinstance.py:1377} INFO - Starting attempt 1 of 6
[2022-08-14 16:50:36,179] {taskinstance.py:1378} INFO - 
--------------------------------------------------------------------------------
[2022-08-14 16:50:36,186] {taskinstance.py:1397} INFO - Executing <Task(PythonOperator): Create_s3_bucket_transform> on 2022-08-07 00:00:00+00:00
[2022-08-14 16:50:36,191] {standard_task_runner.py:52} INFO - Started process 616 to run task
[2022-08-14 16:50:36,195] {standard_task_runner.py:79} INFO - Running: ['***', 'tasks', 'run', 'ETL_DAG', 'Create_s3_bucket_transform', 'scheduled__2022-08-07T00:00:00+00:00', '--job-id', '946', '--raw', '--subdir', 'DAGS_FOLDER/etl_dag.py', '--cfg-path', '/tmp/tmp3o8b4bmw', '--error-file', '/tmp/tmp426i7aba']
[2022-08-14 16:50:36,197] {standard_task_runner.py:80} INFO - Job 946: Subtask Create_s3_bucket_transform
[2022-08-14 16:50:36,239] {task_command.py:371} INFO - Running <TaskInstance: ETL_DAG.Create_s3_bucket_transform scheduled__2022-08-07T00:00:00+00:00 [running]> on host 0dbf9d5e5cdb
[2022-08-14 16:50:36,280] {taskinstance.py:1591} INFO - Exporting the following env vars:
AIRFLOW_CTX_DAG_OWNER=narapady
AIRFLOW_CTX_DAG_ID=ETL_DAG
AIRFLOW_CTX_TASK_ID=Create_s3_bucket_transform
AIRFLOW_CTX_EXECUTION_DATE=2022-08-07T00:00:00+00:00
AIRFLOW_CTX_TRY_NUMBER=1
AIRFLOW_CTX_DAG_RUN_ID=scheduled__2022-08-07T00:00:00+00:00
[2022-08-14 16:50:37,040] {python.py:173} INFO - Done. Returned value was: {'ResponseMetadata': {'RequestId': '3DNNSN1RV4WGNR93', 'HostId': 'aVxWukrvUWQv7eC4lART8zGMVG80Y5YjA4L/eIHi+X+UipI7FImipx724LglxrHr7Q+YbQ5LUgY=', 'HTTPStatusCode': 200, 'HTTPHeaders': {'x-amz-id-2': 'aVxWukrvUWQv7eC4lART8zGMVG80Y5YjA4L/eIHi+X+UipI7FImipx724LglxrHr7Q+YbQ5LUgY=', 'x-amz-request-id': '3DNNSN1RV4WGNR93', 'date': 'Sun, 14 Aug 2022 16:50:37 GMT', 'location': '/s3-bucket-clean-usda', 'server': 'AmazonS3', 'content-length': '0'}, 'RetryAttempts': 0}, 'Location': '/s3-bucket-clean-usda'}
[2022-08-14 16:50:37,060] {taskinstance.py:1420} INFO - Marking task as SUCCESS. dag_id=ETL_DAG, task_id=Create_s3_bucket_transform, execution_date=20220807T000000, start_date=20220814T165036, end_date=20220814T165037
[2022-08-14 16:50:37,110] {local_task_job.py:156} INFO - Task exited with return code 0
[2022-08-14 16:50:37,141] {local_task_job.py:273} INFO - 8 downstream tasks scheduled from follow-on schedule check
