[2022-08-15 20:57:08,876] {taskinstance.py:1179} INFO - Dependencies all met for <TaskInstance: ETL_DAG.Transform_food-consumption-estimates manual__2022-08-15T20:56:28.970676+00:00 [queued]>
[2022-08-15 20:57:08,892] {taskinstance.py:1179} INFO - Dependencies all met for <TaskInstance: ETL_DAG.Transform_food-consumption-estimates manual__2022-08-15T20:56:28.970676+00:00 [queued]>
[2022-08-15 20:57:08,893] {taskinstance.py:1376} INFO - 
--------------------------------------------------------------------------------
[2022-08-15 20:57:08,899] {taskinstance.py:1377} INFO - Starting attempt 1 of 6
[2022-08-15 20:57:08,900] {taskinstance.py:1378} INFO - 
--------------------------------------------------------------------------------
[2022-08-15 20:57:08,933] {taskinstance.py:1397} INFO - Executing <Task(PythonOperator): Transform_food-consumption-estimates> on 2022-08-15 20:56:28.970676+00:00
[2022-08-15 20:57:08,942] {standard_task_runner.py:52} INFO - Started process 1619 to run task
[2022-08-15 20:57:08,945] {standard_task_runner.py:79} INFO - Running: ['***', 'tasks', 'run', 'ETL_DAG', 'Transform_food-consumption-estimates', 'manual__2022-08-15T20:56:28.970676+00:00', '--job-id', '1058', '--raw', '--subdir', 'DAGS_FOLDER/etl_dag.py', '--cfg-path', '/tmp/tmpff9l3vzf', '--error-file', '/tmp/tmpjx5dhz75']
[2022-08-15 20:57:08,948] {standard_task_runner.py:80} INFO - Job 1058: Subtask Transform_food-consumption-estimates
[2022-08-15 20:57:09,010] {task_command.py:371} INFO - Running <TaskInstance: ETL_DAG.Transform_food-consumption-estimates manual__2022-08-15T20:56:28.970676+00:00 [running]> on host 42abdd2e54ec
[2022-08-15 20:57:09,084] {taskinstance.py:1591} INFO - Exporting the following env vars:
AIRFLOW_CTX_DAG_OWNER=narapady
AIRFLOW_CTX_DAG_ID=ETL_DAG
AIRFLOW_CTX_TASK_ID=Transform_food-consumption-estimates
AIRFLOW_CTX_EXECUTION_DATE=2022-08-15T20:56:28.970676+00:00
AIRFLOW_CTX_TRY_NUMBER=1
AIRFLOW_CTX_DAG_RUN_ID=manual__2022-08-15T20:56:28.970676+00:00
[2022-08-15 20:57:27,073] {logging_mixin.py:115} INFO - Successfully process food-consumption-estimates-clean/Total population-2015-2016.csv to S3
[2022-08-15 20:57:27,474] {logging_mixin.py:115} INFO - Successfully process food-consumption-estimates-clean/Total population-2017-2018.csv to S3
[2022-08-15 20:57:27,774] {logging_mixin.py:115} INFO - Successfully process food-consumption-estimates-clean/Children age 2–19-2015-2016.csv to S3
[2022-08-15 20:57:28,089] {logging_mixin.py:115} INFO - Successfully process food-consumption-estimates-clean/Children age 2–19-2017-2018.csv to S3
[2022-08-15 20:57:28,413] {logging_mixin.py:115} INFO - Successfully process food-consumption-estimates-clean/Adults age 20-64-2015-2016.csv to S3
[2022-08-15 20:57:28,749] {logging_mixin.py:115} INFO - Successfully process food-consumption-estimates-clean/Adults age 20-64-2017-2018.csv to S3
[2022-08-15 20:57:29,059] {logging_mixin.py:115} INFO - Successfully process food-consumption-estimates-clean/Seniors age 65 and above-2015-2016.csv to S3
[2022-08-15 20:57:29,462] {logging_mixin.py:115} INFO - Successfully process food-consumption-estimates-clean/Seniors age 65 and above-2017-2018.csv to S3
[2022-08-15 20:57:29,782] {logging_mixin.py:115} INFO - Successfully process food-consumption-estimates-clean/Household income < 185% poverty line-2015-2016.csv to S3
[2022-08-15 20:57:30,119] {logging_mixin.py:115} INFO - Successfully process food-consumption-estimates-clean/Household income < 185% poverty line-2017-2018.csv to S3
[2022-08-15 20:57:30,504] {logging_mixin.py:115} INFO - Successfully process food-consumption-estimates-clean/Household income 185–300% poverty line-2015-2016.csv to S3
[2022-08-15 20:57:30,825] {logging_mixin.py:115} INFO - Successfully process food-consumption-estimates-clean/Household income 185–300% poverty line-2017-2018.csv to S3
[2022-08-15 20:57:31,152] {logging_mixin.py:115} INFO - Successfully process food-consumption-estimates-clean/Household income > 300% poverty line-2015-2016.csv to S3
[2022-08-15 20:57:31,540] {logging_mixin.py:115} INFO - Successfully process food-consumption-estimates-clean/Household income > 300% poverty line-2017-2018.csv to S3
[2022-08-15 20:57:31,547] {python.py:173} INFO - Done. Returned value was: None
[2022-08-15 20:57:31,563] {taskinstance.py:1420} INFO - Marking task as SUCCESS. dag_id=ETL_DAG, task_id=Transform_food-consumption-estimates, execution_date=20220815T205628, start_date=20220815T205708, end_date=20220815T205731
[2022-08-15 20:57:31,628] {local_task_job.py:156} INFO - Task exited with return code 0
[2022-08-15 20:57:31,654] {local_task_job.py:273} INFO - 0 downstream tasks scheduled from follow-on schedule check
