[2022-08-12 18:26:02,648] {taskinstance.py:1179} INFO - Dependencies all met for <TaskInstance: ETL_DAG.Stage_loss-adjusted-food-availability-clean manual__2022-08-12T18:20:52.559703+00:00 [queued]>
[2022-08-12 18:26:02,659] {taskinstance.py:1179} INFO - Dependencies all met for <TaskInstance: ETL_DAG.Stage_loss-adjusted-food-availability-clean manual__2022-08-12T18:20:52.559703+00:00 [queued]>
[2022-08-12 18:26:02,660] {taskinstance.py:1376} INFO - 
--------------------------------------------------------------------------------
[2022-08-12 18:26:02,661] {taskinstance.py:1377} INFO - Starting attempt 1 of 6
[2022-08-12 18:26:02,662] {taskinstance.py:1378} INFO - 
--------------------------------------------------------------------------------
[2022-08-12 18:26:02,675] {taskinstance.py:1397} INFO - Executing <Task(PythonOperator): Stage_loss-adjusted-food-availability-clean> on 2022-08-12 18:20:52.559703+00:00
[2022-08-12 18:26:02,682] {standard_task_runner.py:52} INFO - Started process 651 to run task
[2022-08-12 18:26:02,687] {standard_task_runner.py:79} INFO - Running: ['***', 'tasks', 'run', 'ETL_DAG', 'Stage_loss-adjusted-food-availability-clean', 'manual__2022-08-12T18:20:52.559703+00:00', '--job-id', '908', '--raw', '--subdir', 'DAGS_FOLDER/etl_dag.py', '--cfg-path', '/tmp/tmpt5m1p8o_', '--error-file', '/tmp/tmplnvru5ev']
[2022-08-12 18:26:02,690] {standard_task_runner.py:80} INFO - Job 908: Subtask Stage_loss-adjusted-food-availability-clean
[2022-08-12 18:26:02,748] {task_command.py:371} INFO - Running <TaskInstance: ETL_DAG.Stage_loss-adjusted-food-availability-clean manual__2022-08-12T18:20:52.559703+00:00 [running]> on host 00aa0783f116
[2022-08-12 18:26:02,821] {taskinstance.py:1591} INFO - Exporting the following env vars:
AIRFLOW_CTX_DAG_OWNER=narapady
AIRFLOW_CTX_DAG_ID=ETL_DAG
AIRFLOW_CTX_TASK_ID=Stage_loss-adjusted-food-availability-clean
AIRFLOW_CTX_EXECUTION_DATE=2022-08-12T18:20:52.559703+00:00
AIRFLOW_CTX_TRY_NUMBER=1
AIRFLOW_CTX_DAG_RUN_ID=manual__2022-08-12T18:20:52.559703+00:00
[2022-08-12 18:28:20,819] {logging_mixin.py:115} INFO - Successfully loaded percents-staged.csv to s3-bucket-staged
[2022-08-12 18:28:29,929] {logging_mixin.py:115} INFO - Successfully loaded totals-staged.csv to s3-bucket-staged
[2022-08-12 18:29:26,355] {logging_mixin.py:115} INFO - Successfully loaded loss-adjusted-food-availability-staged.csv to s3-bucket-staged
[2022-08-12 18:29:26,375] {python.py:173} INFO - Done. Returned value was: None
[2022-08-12 18:29:26,396] {taskinstance.py:1420} INFO - Marking task as SUCCESS. dag_id=ETL_DAG, task_id=Stage_loss-adjusted-food-availability-clean, execution_date=20220812T182052, start_date=20220812T182602, end_date=20220812T182926
[2022-08-12 18:29:26,442] {local_task_job.py:156} INFO - Task exited with return code 0
[2022-08-12 18:29:26,467] {local_task_job.py:273} INFO - 1 downstream tasks scheduled from follow-on schedule check
