[2022-08-08 02:17:28,063] {taskinstance.py:1179} INFO - Dependencies all met for <TaskInstance: etl_dag.Ingest scheduled__2022-08-07T00:00:00+00:00 [queued]>
[2022-08-08 02:17:28,070] {taskinstance.py:1179} INFO - Dependencies all met for <TaskInstance: etl_dag.Ingest scheduled__2022-08-07T00:00:00+00:00 [queued]>
[2022-08-08 02:17:28,071] {taskinstance.py:1376} INFO - 
--------------------------------------------------------------------------------
[2022-08-08 02:17:28,076] {taskinstance.py:1377} INFO - Starting attempt 3 of 6
[2022-08-08 02:17:28,077] {taskinstance.py:1378} INFO - 
--------------------------------------------------------------------------------
[2022-08-08 02:17:28,084] {taskinstance.py:1397} INFO - Executing <Task(PythonOperator): Ingest> on 2022-08-07 00:00:00+00:00
[2022-08-08 02:17:28,089] {standard_task_runner.py:52} INFO - Started process 1799 to run task
[2022-08-08 02:17:28,091] {standard_task_runner.py:79} INFO - Running: ['***', 'tasks', 'run', 'etl_dag', 'Ingest', 'scheduled__2022-08-07T00:00:00+00:00', '--job-id', '67', '--raw', '--subdir', 'DAGS_FOLDER/etl_dag.py', '--cfg-path', '/tmp/tmp9txlhb9c', '--error-file', '/tmp/tmpvzjl39ak']
[2022-08-08 02:17:28,093] {standard_task_runner.py:80} INFO - Job 67: Subtask Ingest
[2022-08-08 02:17:28,636] {task_command.py:371} INFO - Running <TaskInstance: etl_dag.Ingest scheduled__2022-08-07T00:00:00+00:00 [running]> on host 314d00d68411
[2022-08-08 02:17:28,732] {taskinstance.py:1591} INFO - Exporting the following env vars:
AIRFLOW_CTX_DAG_OWNER=narapady
AIRFLOW_CTX_DAG_ID=etl_dag
AIRFLOW_CTX_TASK_ID=Ingest
AIRFLOW_CTX_EXECUTION_DATE=2022-08-07T00:00:00+00:00
AIRFLOW_CTX_TRY_NUMBER=3
AIRFLOW_CTX_DAG_RUN_ID=scheduled__2022-08-07T00:00:00+00:00
[2022-08-08 02:17:30,790] {taskinstance.py:1909} ERROR - Task failed with exception
Traceback (most recent call last):
  File "/home/airflow/.local/lib/python3.7/site-packages/airflow/operators/python.py", line 171, in execute
    return_value = self.execute_callable()
  File "/home/airflow/.local/lib/python3.7/site-packages/airflow/operators/python.py", line 189, in execute_callable
    return self.python_callable(*self.op_args, **self.op_kwargs)
  File "/opt/airflow/dags/ingest/ingestor.py", line 128, in main
    kaggle = s3.create_bucket("s3-bucket-raw-kaggle")
  File "/opt/airflow/dags/ingest/s3.py", line 27, in create_bucket
    return self.client.create_bucket(Bucket=bucket_name)
  File "/home/airflow/.local/lib/python3.7/site-packages/botocore/client.py", line 395, in _api_call
    return self._make_api_call(operation_name, kwargs)
  File "/home/airflow/.local/lib/python3.7/site-packages/botocore/client.py", line 712, in _make_api_call
    operation_model, request_dict, request_context)
  File "/home/airflow/.local/lib/python3.7/site-packages/botocore/client.py", line 731, in _make_request
    return self._endpoint.make_request(operation_model, request_dict)
  File "/home/airflow/.local/lib/python3.7/site-packages/botocore/endpoint.py", line 107, in make_request
    return self._send_request(request_dict, operation_model)
  File "/home/airflow/.local/lib/python3.7/site-packages/botocore/endpoint.py", line 180, in _send_request
    request = self.create_request(request_dict, operation_model)
  File "/home/airflow/.local/lib/python3.7/site-packages/botocore/endpoint.py", line 121, in create_request
    operation_name=operation_model.name)
  File "/home/airflow/.local/lib/python3.7/site-packages/botocore/hooks.py", line 357, in emit
    return self._emitter.emit(aliased_event_name, **kwargs)
  File "/home/airflow/.local/lib/python3.7/site-packages/botocore/hooks.py", line 228, in emit
    return self._emit(event_name, kwargs)
  File "/home/airflow/.local/lib/python3.7/site-packages/botocore/hooks.py", line 211, in _emit
    response = handler(**kwargs)
  File "/home/airflow/.local/lib/python3.7/site-packages/botocore/signers.py", line 93, in handler
    return self.sign(operation_name, request)
  File "/home/airflow/.local/lib/python3.7/site-packages/botocore/signers.py", line 165, in sign
    auth.add_auth(request)
  File "/home/airflow/.local/lib/python3.7/site-packages/botocore/auth.py", line 388, in add_auth
    raise NoCredentialsError()
botocore.exceptions.NoCredentialsError: Unable to locate credentials
[2022-08-08 02:17:30,800] {taskinstance.py:1420} INFO - Marking task as UP_FOR_RETRY. dag_id=etl_dag, task_id=Ingest, execution_date=20220807T000000, start_date=20220808T021728, end_date=20220808T021730
[2022-08-08 02:17:30,808] {standard_task_runner.py:97} ERROR - Failed to execute job 67 for task Ingest (Unable to locate credentials; 1799)
[2022-08-08 02:17:30,820] {local_task_job.py:156} INFO - Task exited with return code 1
[2022-08-08 02:17:30,841] {local_task_job.py:273} INFO - 0 downstream tasks scheduled from follow-on schedule check
