[2022-08-12 01:21:32,314] {taskinstance.py:1179} INFO - Dependencies all met for <TaskInstance: ETL_DAG_US_FOOD_NUTRITION.Ingest_from_loss-adjusted_food_availability manual__2022-08-12T01:21:26.402383+00:00 [queued]>
[2022-08-12 01:21:32,331] {taskinstance.py:1179} INFO - Dependencies all met for <TaskInstance: ETL_DAG_US_FOOD_NUTRITION.Ingest_from_loss-adjusted_food_availability manual__2022-08-12T01:21:26.402383+00:00 [queued]>
[2022-08-12 01:21:32,337] {taskinstance.py:1376} INFO - 
--------------------------------------------------------------------------------
[2022-08-12 01:21:32,338] {taskinstance.py:1377} INFO - Starting attempt 1 of 6
[2022-08-12 01:21:32,339] {taskinstance.py:1378} INFO - 
--------------------------------------------------------------------------------
[2022-08-12 01:21:32,368] {taskinstance.py:1397} INFO - Executing <Task(PythonOperator): Ingest_from_loss-adjusted_food_availability> on 2022-08-12 01:21:26.402383+00:00
[2022-08-12 01:21:32,377] {standard_task_runner.py:52} INFO - Started process 255 to run task
[2022-08-12 01:21:32,401] {standard_task_runner.py:79} INFO - Running: ['***', 'tasks', 'run', 'ETL_DAG_US_FOOD_NUTRITION', 'Ingest_from_loss-adjusted_food_availability', 'manual__2022-08-12T01:21:26.402383+00:00', '--job-id', '755', '--raw', '--subdir', 'DAGS_FOLDER/etl_dag.py', '--cfg-path', '/tmp/tmpq71my87s', '--error-file', '/tmp/tmplk_9lkvh']
[2022-08-12 01:21:32,409] {standard_task_runner.py:80} INFO - Job 755: Subtask Ingest_from_loss-adjusted_food_availability
[2022-08-12 01:21:32,521] {task_command.py:371} INFO - Running <TaskInstance: ETL_DAG_US_FOOD_NUTRITION.Ingest_from_loss-adjusted_food_availability manual__2022-08-12T01:21:26.402383+00:00 [running]> on host ae5c2449a624
[2022-08-12 01:21:32,600] {taskinstance.py:1591} INFO - Exporting the following env vars:
AIRFLOW_CTX_DAG_OWNER=narapady
AIRFLOW_CTX_DAG_ID=ETL_DAG_US_FOOD_NUTRITION
AIRFLOW_CTX_TASK_ID=Ingest_from_loss-adjusted_food_availability
AIRFLOW_CTX_EXECUTION_DATE=2022-08-12T01:21:26.402383+00:00
AIRFLOW_CTX_TRY_NUMBER=1
AIRFLOW_CTX_DAG_RUN_ID=manual__2022-08-12T01:21:26.402383+00:00
[2022-08-12 01:21:49,619] {logging_mixin.py:115} INFO - Successfully uploaded loss-adjusted-food-availability/calories.xls to s3-bucket-raw-usda
[2022-08-12 01:22:25,304] {logging_mixin.py:115} INFO - Successfully uploaded loss-adjusted-food-availability/Dairy.xls to s3-bucket-raw-usda
[2022-08-12 01:22:34,600] {logging_mixin.py:115} INFO - Successfully uploaded loss-adjusted-food-availability/fat.xls to s3-bucket-raw-usda
[2022-08-12 01:22:43,678] {logging_mixin.py:115} INFO - Successfully uploaded loss-adjusted-food-availability/servings.xls to s3-bucket-raw-usda
[2022-08-12 01:23:31,886] {logging_mixin.py:115} INFO - Successfully uploaded loss-adjusted-food-availability/Fruit.xls to s3-bucket-raw-usda
[2022-08-12 01:23:43,485] {logging_mixin.py:115} INFO - Successfully uploaded loss-adjusted-food-availability/grain.xls to s3-bucket-raw-usda
[2022-08-12 01:24:11,768] {logging_mixin.py:115} INFO - Successfully uploaded loss-adjusted-food-availability/meat.xls to s3-bucket-raw-usda
[2022-08-12 01:24:21,523] {logging_mixin.py:115} INFO - Successfully uploaded loss-adjusted-food-availability/sugar.xls to s3-bucket-raw-usda
[2022-08-12 01:25:22,204] {logging_mixin.py:115} INFO - Successfully uploaded loss-adjusted-food-availability/veg.xls to s3-bucket-raw-usda
[2022-08-12 01:25:26,316] {logging_mixin.py:115} INFO - Successfully uploaded loss-adjusted-food-availability/nutrients.xls to s3-bucket-raw-usda
[2022-08-12 01:25:32,435] {logging_mixin.py:115} INFO - Successfully uploaded loss-adjusted-food-availability/ctcsp.xls to s3-bucket-raw-usda
[2022-08-12 01:25:32,469] {python.py:173} INFO - Done. Returned value was: None
[2022-08-12 01:25:32,651] {taskinstance.py:1420} INFO - Marking task as SUCCESS. dag_id=ETL_DAG_US_FOOD_NUTRITION, task_id=Ingest_from_loss-adjusted_food_availability, execution_date=20220812T012126, start_date=20220812T012132, end_date=20220812T012532
[2022-08-12 01:25:32,684] {local_task_job.py:156} INFO - Task exited with return code 0
[2022-08-12 01:25:32,719] {local_task_job.py:273} INFO - 1 downstream tasks scheduled from follow-on schedule check
