[2022-08-11 20:45:39,979] {taskinstance.py:1179} INFO - Dependencies all met for <TaskInstance: ETL_DAG_V7.Ingest_from_2014 manual__2022-08-11T02:24:39.409501+00:00 [queued]>
[2022-08-11 20:45:40,015] {taskinstance.py:1179} INFO - Dependencies all met for <TaskInstance: ETL_DAG_V7.Ingest_from_2014 manual__2022-08-11T02:24:39.409501+00:00 [queued]>
[2022-08-11 20:45:40,018] {taskinstance.py:1376} INFO - 
--------------------------------------------------------------------------------
[2022-08-11 20:45:40,019] {taskinstance.py:1377} INFO - Starting attempt 1 of 6
[2022-08-11 20:45:40,020] {taskinstance.py:1378} INFO - 
--------------------------------------------------------------------------------
[2022-08-11 20:45:40,034] {taskinstance.py:1397} INFO - Executing <Task(PythonOperator): Ingest_from_2014> on 2022-08-11 02:24:39.409501+00:00
[2022-08-11 20:45:40,053] {standard_task_runner.py:52} INFO - Started process 7821 to run task
[2022-08-11 20:45:40,062] {standard_task_runner.py:79} INFO - Running: ['***', 'tasks', 'run', 'ETL_DAG_V7', 'Ingest_from_2014', 'manual__2022-08-11T02:24:39.409501+00:00', '--job-id', '570', '--raw', '--subdir', 'DAGS_FOLDER/etl_dag.py', '--cfg-path', '/tmp/tmpfxgajcvr', '--error-file', '/tmp/tmpx26u04e4']
[2022-08-11 20:45:40,065] {standard_task_runner.py:80} INFO - Job 570: Subtask Ingest_from_2014
[2022-08-11 20:45:40,189] {task_command.py:371} INFO - Running <TaskInstance: ETL_DAG_V7.Ingest_from_2014 manual__2022-08-11T02:24:39.409501+00:00 [running]> on host ce1be8c59d56
[2022-08-11 20:45:40,276] {taskinstance.py:1591} INFO - Exporting the following env vars:
AIRFLOW_CTX_DAG_OWNER=narapady
AIRFLOW_CTX_DAG_ID=ETL_DAG_V7
AIRFLOW_CTX_TASK_ID=Ingest_from_2014
AIRFLOW_CTX_EXECUTION_DATE=2022-08-11T02:24:39.409501+00:00
AIRFLOW_CTX_TRY_NUMBER=1
AIRFLOW_CTX_DAG_RUN_ID=manual__2022-08-11T02:24:39.409501+00:00
[2022-08-11 20:45:48,225] {logging_mixin.py:115} INFO - Successfully uploaded 2014/table1_2014.xls to s3-bucket-raw-usda
[2022-08-11 20:45:50,363] {logging_mixin.py:115} INFO - Successfully uploaded 2014/table2_2014.xls to s3-bucket-raw-usda
[2022-08-11 20:45:51,911] {logging_mixin.py:115} INFO - Successfully uploaded 2014/table3_2014.xls to s3-bucket-raw-usda
[2022-08-11 20:45:54,052] {logging_mixin.py:115} INFO - Successfully uploaded 2014/table4_2014.xls to s3-bucket-raw-usda
[2022-08-11 20:45:55,599] {logging_mixin.py:115} INFO - Successfully uploaded 2014/table5_2014.xls to s3-bucket-raw-usda
[2022-08-11 20:45:57,155] {logging_mixin.py:115} INFO - Successfully uploaded 2014/table6_2014.xls to s3-bucket-raw-usda
[2022-08-11 20:45:58,761] {logging_mixin.py:115} INFO - Successfully uploaded 2014/table7_2014.xls to s3-bucket-raw-usda
[2022-08-11 20:46:00,303] {logging_mixin.py:115} INFO - Successfully uploaded 2014/table8_2014.xls to s3-bucket-raw-usda
[2022-08-11 20:46:01,730] {logging_mixin.py:115} INFO - Successfully uploaded 2014/2008_table1.xls to s3-bucket-raw-usda
[2022-08-11 20:46:03,278] {logging_mixin.py:115} INFO - Successfully uploaded 2014/2008_table2.xls to s3-bucket-raw-usda
[2022-08-11 20:46:04,953] {logging_mixin.py:115} INFO - Successfully uploaded 2014/2008_table3.xls to s3-bucket-raw-usda
[2022-08-11 20:46:06,349] {logging_mixin.py:115} INFO - Successfully uploaded 2014/2008_table4.xls to s3-bucket-raw-usda
[2022-08-11 20:46:07,524] {logging_mixin.py:115} INFO - Successfully uploaded 2014/2008_table5.xls to s3-bucket-raw-usda
[2022-08-11 20:46:08,975] {logging_mixin.py:115} INFO - Successfully uploaded 2014/2008_table6.xls to s3-bucket-raw-usda
[2022-08-11 20:46:10,762] {logging_mixin.py:115} INFO - Successfully uploaded 2014/2008_table7.xls to s3-bucket-raw-usda
[2022-08-11 20:46:10,767] {python.py:173} INFO - Done. Returned value was: None
[2022-08-11 20:46:10,787] {taskinstance.py:1420} INFO - Marking task as SUCCESS. dag_id=ETL_DAG_V7, task_id=Ingest_from_2014, execution_date=20220811T022439, start_date=20220811T204539, end_date=20220811T204610
[2022-08-11 20:46:10,862] {local_task_job.py:156} INFO - Task exited with return code 0
[2022-08-11 20:46:10,898] {local_task_job.py:273} INFO - 0 downstream tasks scheduled from follow-on schedule check
