[2022-08-12 05:23:34,055] {taskinstance.py:1179} INFO - Dependencies all met for <TaskInstance: ETL_DAG_US_FOOD_NUTRITION.Stage_obesity manual__2022-08-12T05:11:17.280858+00:00 [queued]>
[2022-08-12 05:23:34,071] {taskinstance.py:1179} INFO - Dependencies all met for <TaskInstance: ETL_DAG_US_FOOD_NUTRITION.Stage_obesity manual__2022-08-12T05:11:17.280858+00:00 [queued]>
[2022-08-12 05:23:34,073] {taskinstance.py:1376} INFO - 
--------------------------------------------------------------------------------
[2022-08-12 05:23:34,074] {taskinstance.py:1377} INFO - Starting attempt 1 of 6
[2022-08-12 05:23:34,075] {taskinstance.py:1378} INFO - 
--------------------------------------------------------------------------------
[2022-08-12 05:23:34,089] {taskinstance.py:1397} INFO - Executing <Task(PythonOperator): Stage_obesity> on 2022-08-12 05:11:17.280858+00:00
[2022-08-12 05:23:34,095] {standard_task_runner.py:52} INFO - Started process 11475 to run task
[2022-08-12 05:23:34,100] {standard_task_runner.py:79} INFO - Running: ['***', 'tasks', 'run', 'ETL_DAG_US_FOOD_NUTRITION', 'Stage_obesity', 'manual__2022-08-12T05:11:17.280858+00:00', '--job-id', '830', '--raw', '--subdir', 'DAGS_FOLDER/etl_dag.py', '--cfg-path', '/tmp/tmpkphuzriw', '--error-file', '/tmp/tmpob3icr43']
[2022-08-12 05:23:34,103] {standard_task_runner.py:80} INFO - Job 830: Subtask Stage_obesity
[2022-08-12 05:23:34,171] {task_command.py:371} INFO - Running <TaskInstance: ETL_DAG_US_FOOD_NUTRITION.Stage_obesity manual__2022-08-12T05:11:17.280858+00:00 [running]> on host ae5c2449a624
[2022-08-12 05:23:34,228] {taskinstance.py:1591} INFO - Exporting the following env vars:
AIRFLOW_CTX_DAG_OWNER=narapady
AIRFLOW_CTX_DAG_ID=ETL_DAG_US_FOOD_NUTRITION
AIRFLOW_CTX_TASK_ID=Stage_obesity
AIRFLOW_CTX_EXECUTION_DATE=2022-08-12T05:11:17.280858+00:00
AIRFLOW_CTX_TRY_NUMBER=1
AIRFLOW_CTX_DAG_RUN_ID=manual__2022-08-12T05:11:17.280858+00:00
[2022-08-12 05:23:37,152] {logging_mixin.py:115} INFO - Successfully loaded Obesity_GDP_PanelData-staged.csv to s3-bucket-staged
[2022-08-12 05:23:58,617] {logging_mixin.py:115} INFO - Successfully loaded obesity-staged.csv to s3-bucket-staged
[2022-08-12 05:23:58,642] {python.py:173} INFO - Done. Returned value was: None
[2022-08-12 05:23:58,665] {taskinstance.py:1420} INFO - Marking task as SUCCESS. dag_id=ETL_DAG_US_FOOD_NUTRITION, task_id=Stage_obesity, execution_date=20220812T051117, start_date=20220812T052334, end_date=20220812T052358
[2022-08-12 05:23:58,722] {local_task_job.py:156} INFO - Task exited with return code 0
[2022-08-12 05:23:58,749] {local_task_job.py:273} INFO - 0 downstream tasks scheduled from follow-on schedule check
