[2022-08-11 19:16:47,134] {taskinstance.py:1179} INFO - Dependencies all met for <TaskInstance: ETL_DAG_V2.Ingest_from_producer_price_index manual__2022-08-11T00:39:54.349266+00:00 [queued]>
[2022-08-11 19:16:47,231] {taskinstance.py:1179} INFO - Dependencies all met for <TaskInstance: ETL_DAG_V2.Ingest_from_producer_price_index manual__2022-08-11T00:39:54.349266+00:00 [queued]>
[2022-08-11 19:16:47,232] {taskinstance.py:1376} INFO - 
--------------------------------------------------------------------------------
[2022-08-11 19:16:47,233] {taskinstance.py:1377} INFO - Starting attempt 1 of 6
[2022-08-11 19:16:47,234] {taskinstance.py:1378} INFO - 
--------------------------------------------------------------------------------
[2022-08-11 19:16:47,281] {taskinstance.py:1397} INFO - Executing <Task(PythonOperator): Ingest_from_producer_price_index> on 2022-08-11 00:39:54.349266+00:00
[2022-08-11 19:16:47,316] {standard_task_runner.py:52} INFO - Started process 1327 to run task
[2022-08-11 19:16:47,343] {standard_task_runner.py:79} INFO - Running: ['***', 'tasks', 'run', 'ETL_DAG_V2', 'Ingest_from_producer_price_index', 'manual__2022-08-11T00:39:54.349266+00:00', '--job-id', '422', '--raw', '--subdir', 'DAGS_FOLDER/etl_dag.py', '--cfg-path', '/tmp/tmp7vxu1oiw', '--error-file', '/tmp/tmpobe1fevi']
[2022-08-11 19:16:47,347] {standard_task_runner.py:80} INFO - Job 422: Subtask Ingest_from_producer_price_index
[2022-08-11 19:16:47,626] {task_command.py:371} INFO - Running <TaskInstance: ETL_DAG_V2.Ingest_from_producer_price_index manual__2022-08-11T00:39:54.349266+00:00 [running]> on host ce1be8c59d56
[2022-08-11 19:16:47,953] {taskinstance.py:1591} INFO - Exporting the following env vars:
AIRFLOW_CTX_DAG_OWNER=narapady
AIRFLOW_CTX_DAG_ID=ETL_DAG_V2
AIRFLOW_CTX_TASK_ID=Ingest_from_producer_price_index
AIRFLOW_CTX_EXECUTION_DATE=2022-08-11T00:39:54.349266+00:00
AIRFLOW_CTX_TRY_NUMBER=1
AIRFLOW_CTX_DAG_RUN_ID=manual__2022-08-11T00:39:54.349266+00:00
[2022-08-11 19:16:48,938] {taskinstance.py:1909} ERROR - Task failed with exception
Traceback (most recent call last):
  File "/home/airflow/.local/lib/python3.7/site-packages/airflow/operators/python.py", line 171, in execute
    return_value = self.execute_callable()
  File "/home/airflow/.local/lib/python3.7/site-packages/airflow/operators/python.py", line 189, in execute_callable
    return self.python_callable(*self.op_args, **self.op_kwargs)
  File "/opt/airflow/dags/ingest/ingestor.py", line 122, in run
    usda = s3.create_bucket("s3-bucket-raw-usda")
  File "/opt/airflow/dags/storage/s3.py", line 26, in create_bucket
    return self.client.create_bucket(Bucket=bucket_name)
  File "/home/airflow/.local/lib/python3.7/site-packages/botocore/client.py", line 395, in _api_call
    return self._make_api_call(operation_name, kwargs)
  File "/home/airflow/.local/lib/python3.7/site-packages/botocore/client.py", line 725, in _make_api_call
    raise error_class(parsed_response, operation_name)
botocore.exceptions.ClientError: An error occurred (OperationAborted) when calling the CreateBucket operation: A conflicting conditional operation is currently in progress against this resource. Please try again.
[2022-08-11 19:16:48,957] {taskinstance.py:1420} INFO - Marking task as UP_FOR_RETRY. dag_id=ETL_DAG_V2, task_id=Ingest_from_producer_price_index, execution_date=20220811T003954, start_date=20220811T191647, end_date=20220811T191648
[2022-08-11 19:16:48,972] {standard_task_runner.py:97} ERROR - Failed to execute job 422 for task Ingest_from_producer_price_index (An error occurred (OperationAborted) when calling the CreateBucket operation: A conflicting conditional operation is currently in progress against this resource. Please try again.; 1327)
[2022-08-11 19:16:49,011] {local_task_job.py:156} INFO - Task exited with return code 1
[2022-08-11 19:16:49,082] {local_task_job.py:273} INFO - 0 downstream tasks scheduled from follow-on schedule check
