[2022-08-15 20:56:31,029] {taskinstance.py:1179} INFO - Dependencies all met for <TaskInstance: ETL_DAG.Create_s3_bucket_ingest manual__2022-08-15T20:56:28.970676+00:00 [queued]>
[2022-08-15 20:56:31,037] {taskinstance.py:1179} INFO - Dependencies all met for <TaskInstance: ETL_DAG.Create_s3_bucket_ingest manual__2022-08-15T20:56:28.970676+00:00 [queued]>
[2022-08-15 20:56:31,038] {taskinstance.py:1376} INFO - 
--------------------------------------------------------------------------------
[2022-08-15 20:56:31,039] {taskinstance.py:1377} INFO - Starting attempt 1 of 6
[2022-08-15 20:56:31,040] {taskinstance.py:1378} INFO - 
--------------------------------------------------------------------------------
[2022-08-15 20:56:31,049] {taskinstance.py:1397} INFO - Executing <Task(PythonOperator): Create_s3_bucket_ingest> on 2022-08-15 20:56:28.970676+00:00
[2022-08-15 20:56:31,054] {standard_task_runner.py:52} INFO - Started process 1520 to run task
[2022-08-15 20:56:31,057] {standard_task_runner.py:79} INFO - Running: ['***', 'tasks', 'run', 'ETL_DAG', 'Create_s3_bucket_ingest', 'manual__2022-08-15T20:56:28.970676+00:00', '--job-id', '1044', '--raw', '--subdir', 'DAGS_FOLDER/etl_dag.py', '--cfg-path', '/tmp/tmp9q11qsix', '--error-file', '/tmp/tmppv550bnp']
[2022-08-15 20:56:31,060] {standard_task_runner.py:80} INFO - Job 1044: Subtask Create_s3_bucket_ingest
[2022-08-15 20:56:31,117] {task_command.py:371} INFO - Running <TaskInstance: ETL_DAG.Create_s3_bucket_ingest manual__2022-08-15T20:56:28.970676+00:00 [running]> on host 42abdd2e54ec
[2022-08-15 20:56:31,171] {taskinstance.py:1591} INFO - Exporting the following env vars:
AIRFLOW_CTX_DAG_OWNER=narapady
AIRFLOW_CTX_DAG_ID=ETL_DAG
AIRFLOW_CTX_TASK_ID=Create_s3_bucket_ingest
AIRFLOW_CTX_EXECUTION_DATE=2022-08-15T20:56:28.970676+00:00
AIRFLOW_CTX_TRY_NUMBER=1
AIRFLOW_CTX_DAG_RUN_ID=manual__2022-08-15T20:56:28.970676+00:00
[2022-08-15 20:56:32,078] {python.py:173} INFO - Done. Returned value was: {'ResponseMetadata': {'RequestId': 'BHDB3WYAHV6AHD8T', 'HostId': 'r9Dn07Tc3KqhBR9lXyUdsmnKpupvdYHUxmOj0V2EMW67AlzeBQYbsMjA7a1XhmYzIDIfOmwsY4c=', 'HTTPStatusCode': 200, 'HTTPHeaders': {'x-amz-id-2': 'r9Dn07Tc3KqhBR9lXyUdsmnKpupvdYHUxmOj0V2EMW67AlzeBQYbsMjA7a1XhmYzIDIfOmwsY4c=', 'x-amz-request-id': 'BHDB3WYAHV6AHD8T', 'date': 'Mon, 15 Aug 2022 20:56:32 GMT', 'location': '/s3-bucket-raw-usda', 'server': 'AmazonS3', 'content-length': '0'}, 'RetryAttempts': 0}, 'Location': '/s3-bucket-raw-usda'}
[2022-08-15 20:56:32,100] {taskinstance.py:1420} INFO - Marking task as SUCCESS. dag_id=ETL_DAG, task_id=Create_s3_bucket_ingest, execution_date=20220815T205628, start_date=20220815T205631, end_date=20220815T205632
[2022-08-15 20:56:32,158] {local_task_job.py:156} INFO - Task exited with return code 0
[2022-08-15 20:56:32,195] {local_task_job.py:273} INFO - 8 downstream tasks scheduled from follow-on schedule check
