[2022-08-12 18:26:02,401] {taskinstance.py:1179} INFO - Dependencies all met for <TaskInstance: ETL_DAG.Stage_food-consumption-estimates-clean manual__2022-08-12T18:20:52.559703+00:00 [queued]>
[2022-08-12 18:26:02,425] {taskinstance.py:1179} INFO - Dependencies all met for <TaskInstance: ETL_DAG.Stage_food-consumption-estimates-clean manual__2022-08-12T18:20:52.559703+00:00 [queued]>
[2022-08-12 18:26:02,427] {taskinstance.py:1376} INFO - 
--------------------------------------------------------------------------------
[2022-08-12 18:26:02,429] {taskinstance.py:1377} INFO - Starting attempt 1 of 6
[2022-08-12 18:26:02,430] {taskinstance.py:1378} INFO - 
--------------------------------------------------------------------------------
[2022-08-12 18:26:02,450] {taskinstance.py:1397} INFO - Executing <Task(PythonOperator): Stage_food-consumption-estimates-clean> on 2022-08-12 18:20:52.559703+00:00
[2022-08-12 18:26:02,455] {standard_task_runner.py:52} INFO - Started process 648 to run task
[2022-08-12 18:26:02,460] {standard_task_runner.py:79} INFO - Running: ['***', 'tasks', 'run', 'ETL_DAG', 'Stage_food-consumption-estimates-clean', 'manual__2022-08-12T18:20:52.559703+00:00', '--job-id', '905', '--raw', '--subdir', 'DAGS_FOLDER/etl_dag.py', '--cfg-path', '/tmp/tmpu8048zuj', '--error-file', '/tmp/tmp6arrqmvr']
[2022-08-12 18:26:02,462] {standard_task_runner.py:80} INFO - Job 905: Subtask Stage_food-consumption-estimates-clean
[2022-08-12 18:26:02,564] {task_command.py:371} INFO - Running <TaskInstance: ETL_DAG.Stage_food-consumption-estimates-clean manual__2022-08-12T18:20:52.559703+00:00 [running]> on host 00aa0783f116
[2022-08-12 18:26:02,656] {taskinstance.py:1591} INFO - Exporting the following env vars:
AIRFLOW_CTX_DAG_OWNER=narapady
AIRFLOW_CTX_DAG_ID=ETL_DAG
AIRFLOW_CTX_TASK_ID=Stage_food-consumption-estimates-clean
AIRFLOW_CTX_EXECUTION_DATE=2022-08-12T18:20:52.559703+00:00
AIRFLOW_CTX_TRY_NUMBER=1
AIRFLOW_CTX_DAG_RUN_ID=manual__2022-08-12T18:20:52.559703+00:00
[2022-08-12 18:26:13,083] {logging_mixin.py:115} INFO - Successfully loaded food-consumption-estimates-staged.csv to s3-bucket-staged
[2022-08-12 18:26:13,085] {python.py:173} INFO - Done. Returned value was: None
[2022-08-12 18:26:13,096] {taskinstance.py:1420} INFO - Marking task as SUCCESS. dag_id=ETL_DAG, task_id=Stage_food-consumption-estimates-clean, execution_date=20220812T182052, start_date=20220812T182602, end_date=20220812T182613
[2022-08-12 18:26:13,115] {local_task_job.py:156} INFO - Task exited with return code 0
[2022-08-12 18:26:13,139] {local_task_job.py:273} INFO - 0 downstream tasks scheduled from follow-on schedule check
