[2022-08-09 02:07:20,525] {taskinstance.py:1179} INFO - Dependencies all met for <TaskInstance: ETL_DAG_V8.Stager manual__2022-08-09T01:53:43.567236+00:00 [queued]>
[2022-08-09 02:07:20,531] {taskinstance.py:1179} INFO - Dependencies all met for <TaskInstance: ETL_DAG_V8.Stager manual__2022-08-09T01:53:43.567236+00:00 [queued]>
[2022-08-09 02:07:20,532] {taskinstance.py:1376} INFO - 
--------------------------------------------------------------------------------
[2022-08-09 02:07:20,534] {taskinstance.py:1377} INFO - Starting attempt 1 of 6
[2022-08-09 02:07:20,535] {taskinstance.py:1378} INFO - 
--------------------------------------------------------------------------------
[2022-08-09 02:07:20,542] {taskinstance.py:1397} INFO - Executing <Task(PythonOperator): Stager> on 2022-08-09 01:53:43.567236+00:00
[2022-08-09 02:07:20,547] {standard_task_runner.py:52} INFO - Started process 18170 to run task
[2022-08-09 02:07:20,549] {standard_task_runner.py:79} INFO - Running: ['***', 'tasks', 'run', 'ETL_DAG_V8', 'Stager', 'manual__2022-08-09T01:53:43.567236+00:00', '--job-id', '123', '--raw', '--subdir', 'DAGS_FOLDER/etl_dag.py', '--cfg-path', '/tmp/tmpfkqo3o2t', '--error-file', '/tmp/tmpm21a4ykm']
[2022-08-09 02:07:20,551] {standard_task_runner.py:80} INFO - Job 123: Subtask Stager
[2022-08-09 02:07:20,595] {task_command.py:371} INFO - Running <TaskInstance: ETL_DAG_V8.Stager manual__2022-08-09T01:53:43.567236+00:00 [running]> on host 8d3924a1d70c
[2022-08-09 02:07:20,637] {taskinstance.py:1591} INFO - Exporting the following env vars:
AIRFLOW_CTX_DAG_OWNER=narapady
AIRFLOW_CTX_DAG_ID=ETL_DAG_V8
AIRFLOW_CTX_TASK_ID=Stager
AIRFLOW_CTX_EXECUTION_DATE=2022-08-09T01:53:43.567236+00:00
AIRFLOW_CTX_TRY_NUMBER=1
AIRFLOW_CTX_DAG_RUN_ID=manual__2022-08-09T01:53:43.567236+00:00
[2022-08-09 02:07:23,776] {logging_mixin.py:115} INFO - Successfully loaded Obesity_GDP_PanelData-staged.csv to s3-bucket-staged
[2022-08-09 02:07:46,274] {logging_mixin.py:115} INFO - Successfully loaded obesity-staged.csv to s3-bucket-staged
[2022-08-09 02:07:51,469] {logging_mixin.py:115} INFO - Successfully loaded fast-food-staged.csv to s3-bucket-staged
[2022-08-09 02:08:02,395] {logging_mixin.py:115} INFO - Successfully loaded food-consumption-estimates-staged.csv to s3-bucket-staged
[2022-08-09 02:08:13,978] {logging_mixin.py:115} INFO - Successfully loaded nutrient-intake-estimates-staged.csv to s3-bucket-staged
[2022-08-09 02:08:23,402] {logging_mixin.py:115} INFO - Successfully loaded monthly-sales-staged.csv to s3-bucket-staged
[2022-08-09 02:08:23,888] {logging_mixin.py:115} INFO - Successfully loaded food-expenditure-staged.csv to s3-bucket-staged
[2022-08-09 02:08:26,517] {logging_mixin.py:115} INFO - Successfully loaded price-index-staged.csv to s3-bucket-staged
[2022-08-09 02:10:45,716] {logging_mixin.py:115} INFO - Successfully loaded percents-staged.csv to s3-bucket-staged
[2022-08-09 02:10:54,664] {logging_mixin.py:115} INFO - Successfully loaded totals-staged.csv to s3-bucket-staged
[2022-08-09 02:11:53,147] {logging_mixin.py:115} INFO - Successfully loaded loss-adjusted-food-availability-staged.csv to s3-bucket-staged
[2022-08-09 02:11:53,168] {python.py:173} INFO - Done. Returned value was: None
[2022-08-09 02:11:53,182] {taskinstance.py:1420} INFO - Marking task as SUCCESS. dag_id=ETL_DAG_V8, task_id=Stager, execution_date=20220809T015343, start_date=20220809T020720, end_date=20220809T021153
[2022-08-09 02:11:53,239] {local_task_job.py:156} INFO - Task exited with return code 0
[2022-08-09 02:11:53,257] {local_task_job.py:273} INFO - 0 downstream tasks scheduled from follow-on schedule check
