[2022-08-17 00:45:10,701] {taskinstance.py:1179} INFO - Dependencies all met for <TaskInstance: ETL_DAG.Create_s3_bucket_transform manual__2022-08-17T00:44:32.649423+00:00 [queued]>
[2022-08-17 00:45:10,708] {taskinstance.py:1179} INFO - Dependencies all met for <TaskInstance: ETL_DAG.Create_s3_bucket_transform manual__2022-08-17T00:44:32.649423+00:00 [queued]>
[2022-08-17 00:45:10,709] {taskinstance.py:1376} INFO - 
--------------------------------------------------------------------------------
[2022-08-17 00:45:10,710] {taskinstance.py:1377} INFO - Starting attempt 1 of 6
[2022-08-17 00:45:10,711] {taskinstance.py:1378} INFO - 
--------------------------------------------------------------------------------
[2022-08-17 00:45:10,719] {taskinstance.py:1397} INFO - Executing <Task(PythonOperator): Create_s3_bucket_transform> on 2022-08-17 00:44:32.649423+00:00
[2022-08-17 00:45:10,725] {standard_task_runner.py:52} INFO - Started process 323 to run task
[2022-08-17 00:45:10,727] {standard_task_runner.py:79} INFO - Running: ['***', 'tasks', 'run', 'ETL_DAG', 'Create_s3_bucket_transform', 'manual__2022-08-17T00:44:32.649423+00:00', '--job-id', '1129', '--raw', '--subdir', 'DAGS_FOLDER/etl_dag.py', '--cfg-path', '/tmp/tmpn_67s60w', '--error-file', '/tmp/tmpjhzv2z2x']
[2022-08-17 00:45:10,730] {standard_task_runner.py:80} INFO - Job 1129: Subtask Create_s3_bucket_transform
[2022-08-17 00:45:10,773] {task_command.py:371} INFO - Running <TaskInstance: ETL_DAG.Create_s3_bucket_transform manual__2022-08-17T00:44:32.649423+00:00 [running]> on host b6e9d58543c5
[2022-08-17 00:45:10,818] {taskinstance.py:1591} INFO - Exporting the following env vars:
AIRFLOW_CTX_DAG_OWNER=narapady
AIRFLOW_CTX_DAG_ID=ETL_DAG
AIRFLOW_CTX_TASK_ID=Create_s3_bucket_transform
AIRFLOW_CTX_EXECUTION_DATE=2022-08-17T00:44:32.649423+00:00
AIRFLOW_CTX_TRY_NUMBER=1
AIRFLOW_CTX_DAG_RUN_ID=manual__2022-08-17T00:44:32.649423+00:00
[2022-08-17 00:45:11,868] {python.py:173} INFO - Done. Returned value was: {'ResponseMetadata': {'RequestId': 'NHRAKRMM9AH6ZT0Q', 'HostId': 'u9cvp6pDMoCtUAqX+aG6Jxxfs6N7G8AZ06j0U4N2Mva6vi2h3hRgQDNHJegz5kovprm72Pg/gBk=', 'HTTPStatusCode': 200, 'HTTPHeaders': {'x-amz-id-2': 'u9cvp6pDMoCtUAqX+aG6Jxxfs6N7G8AZ06j0U4N2Mva6vi2h3hRgQDNHJegz5kovprm72Pg/gBk=', 'x-amz-request-id': 'NHRAKRMM9AH6ZT0Q', 'date': 'Wed, 17 Aug 2022 00:45:12 GMT', 'location': '/s3-bucket-clean-usda', 'server': 'AmazonS3', 'content-length': '0'}, 'RetryAttempts': 0}, 'Location': '/s3-bucket-clean-usda'}
[2022-08-17 00:45:11,912] {taskinstance.py:1420} INFO - Marking task as SUCCESS. dag_id=ETL_DAG, task_id=Create_s3_bucket_transform, execution_date=20220817T004432, start_date=20220817T004510, end_date=20220817T004511
[2022-08-17 00:45:11,959] {local_task_job.py:156} INFO - Task exited with return code 0
[2022-08-17 00:45:11,995] {local_task_job.py:273} INFO - 8 downstream tasks scheduled from follow-on schedule check
