[2022-08-15 20:57:09,008] {taskinstance.py:1179} INFO - Dependencies all met for <TaskInstance: ETL_DAG.Transform_nutrient-intake-estimates manual__2022-08-15T20:56:28.970676+00:00 [queued]>
[2022-08-15 20:57:09,021] {taskinstance.py:1179} INFO - Dependencies all met for <TaskInstance: ETL_DAG.Transform_nutrient-intake-estimates manual__2022-08-15T20:56:28.970676+00:00 [queued]>
[2022-08-15 20:57:09,022] {taskinstance.py:1376} INFO - 
--------------------------------------------------------------------------------
[2022-08-15 20:57:09,023] {taskinstance.py:1377} INFO - Starting attempt 1 of 6
[2022-08-15 20:57:09,023] {taskinstance.py:1378} INFO - 
--------------------------------------------------------------------------------
[2022-08-15 20:57:09,044] {taskinstance.py:1397} INFO - Executing <Task(PythonOperator): Transform_nutrient-intake-estimates> on 2022-08-15 20:56:28.970676+00:00
[2022-08-15 20:57:09,052] {standard_task_runner.py:52} INFO - Started process 1622 to run task
[2022-08-15 20:57:09,057] {standard_task_runner.py:79} INFO - Running: ['***', 'tasks', 'run', 'ETL_DAG', 'Transform_nutrient-intake-estimates', 'manual__2022-08-15T20:56:28.970676+00:00', '--job-id', '1061', '--raw', '--subdir', 'DAGS_FOLDER/etl_dag.py', '--cfg-path', '/tmp/tmpj5_s5eai', '--error-file', '/tmp/tmpg0lg75f6']
[2022-08-15 20:57:09,060] {standard_task_runner.py:80} INFO - Job 1061: Subtask Transform_nutrient-intake-estimates
[2022-08-15 20:57:09,129] {task_command.py:371} INFO - Running <TaskInstance: ETL_DAG.Transform_nutrient-intake-estimates manual__2022-08-15T20:56:28.970676+00:00 [running]> on host 42abdd2e54ec
[2022-08-15 20:57:09,179] {taskinstance.py:1591} INFO - Exporting the following env vars:
AIRFLOW_CTX_DAG_OWNER=narapady
AIRFLOW_CTX_DAG_ID=ETL_DAG
AIRFLOW_CTX_TASK_ID=Transform_nutrient-intake-estimates
AIRFLOW_CTX_EXECUTION_DATE=2022-08-15T20:56:28.970676+00:00
AIRFLOW_CTX_TRY_NUMBER=1
AIRFLOW_CTX_DAG_RUN_ID=manual__2022-08-15T20:56:28.970676+00:00
[2022-08-15 20:57:26,510] {logging_mixin.py:115} INFO - Successfully process nutrient-intake-estimates-clean/Total population-2015-2016.csv to S3
[2022-08-15 20:57:26,838] {logging_mixin.py:115} INFO - Successfully process nutrient-intake-estimates-clean/Total population-2017-2018.csv to S3
[2022-08-15 20:57:27,182] {logging_mixin.py:115} INFO - Successfully process nutrient-intake-estimates-clean/Children age 2–19-2015-2016.csv to S3
[2022-08-15 20:57:27,522] {logging_mixin.py:115} INFO - Successfully process nutrient-intake-estimates-clean/Children age 2–19-2017-2018.csv to S3
[2022-08-15 20:57:27,874] {logging_mixin.py:115} INFO - Successfully process nutrient-intake-estimates-clean/Adults age 20-64-2015-2016.csv to S3
[2022-08-15 20:57:28,237] {logging_mixin.py:115} INFO - Successfully process nutrient-intake-estimates-clean/Adults age 20-64-2017-2018.csv to S3
[2022-08-15 20:57:28,609] {logging_mixin.py:115} INFO - Successfully process nutrient-intake-estimates-clean/Seniors age 65 and above-2015-2016.csv to S3
[2022-08-15 20:57:28,908] {logging_mixin.py:115} INFO - Successfully process nutrient-intake-estimates-clean/Seniors age 65 and above-2017-2018.csv to S3
[2022-08-15 20:57:29,291] {logging_mixin.py:115} INFO - Successfully process nutrient-intake-estimates-clean/Household income < 185% poverty line-2015-2016.csv to S3
[2022-08-15 20:57:29,591] {logging_mixin.py:115} INFO - Successfully process nutrient-intake-estimates-clean/Household income < 185% poverty line-2017-2018.csv to S3
[2022-08-15 20:57:29,916] {logging_mixin.py:115} INFO - Successfully process nutrient-intake-estimates-clean/Household income 185–300% poverty line-2015-2016.csv to S3
[2022-08-15 20:57:30,337] {logging_mixin.py:115} INFO - Successfully process nutrient-intake-estimates-clean/Household income 185–300% poverty line-2017-2018.csv to S3
[2022-08-15 20:57:30,699] {logging_mixin.py:115} INFO - Successfully process nutrient-intake-estimates-clean/Household income > 300% poverty line-2015-2016.csv to S3
[2022-08-15 20:57:31,010] {logging_mixin.py:115} INFO - Successfully process nutrient-intake-estimates-clean/Household income > 300% poverty line-2017-2018.csv to S3
[2022-08-15 20:57:31,014] {python.py:173} INFO - Done. Returned value was: None
[2022-08-15 20:57:31,030] {taskinstance.py:1420} INFO - Marking task as SUCCESS. dag_id=ETL_DAG, task_id=Transform_nutrient-intake-estimates, execution_date=20220815T205628, start_date=20220815T205709, end_date=20220815T205731
[2022-08-15 20:57:31,088] {local_task_job.py:156} INFO - Task exited with return code 0
[2022-08-15 20:57:31,115] {local_task_job.py:273} INFO - 0 downstream tasks scheduled from follow-on schedule check
