[2022-08-11 21:16:08,559] {taskinstance.py:1179} INFO - Dependencies all met for <TaskInstance: ETL_DAG_V8.Ingest_from_producer_price_index manual__2022-08-11T21:16:03.096610+00:00 [queued]>
[2022-08-11 21:16:08,575] {taskinstance.py:1179} INFO - Dependencies all met for <TaskInstance: ETL_DAG_V8.Ingest_from_producer_price_index manual__2022-08-11T21:16:03.096610+00:00 [queued]>
[2022-08-11 21:16:08,578] {taskinstance.py:1376} INFO - 
--------------------------------------------------------------------------------
[2022-08-11 21:16:08,578] {taskinstance.py:1377} INFO - Starting attempt 1 of 6
[2022-08-11 21:16:08,579] {taskinstance.py:1378} INFO - 
--------------------------------------------------------------------------------
[2022-08-11 21:16:08,614] {taskinstance.py:1397} INFO - Executing <Task(PythonOperator): Ingest_from_producer_price_index> on 2022-08-11 21:16:03.096610+00:00
[2022-08-11 21:16:08,637] {standard_task_runner.py:52} INFO - Started process 10119 to run task
[2022-08-11 21:16:08,646] {standard_task_runner.py:79} INFO - Running: ['***', 'tasks', 'run', 'ETL_DAG_V8', 'Ingest_from_producer_price_index', 'manual__2022-08-11T21:16:03.096610+00:00', '--job-id', '637', '--raw', '--subdir', 'DAGS_FOLDER/etl_dag.py', '--cfg-path', '/tmp/tmpltd7bled', '--error-file', '/tmp/tmpuzi9p3ev']
[2022-08-11 21:16:08,652] {standard_task_runner.py:80} INFO - Job 637: Subtask Ingest_from_producer_price_index
[2022-08-11 21:16:08,765] {task_command.py:371} INFO - Running <TaskInstance: ETL_DAG_V8.Ingest_from_producer_price_index manual__2022-08-11T21:16:03.096610+00:00 [running]> on host ce1be8c59d56
[2022-08-11 21:16:08,838] {taskinstance.py:1591} INFO - Exporting the following env vars:
AIRFLOW_CTX_DAG_OWNER=narapady
AIRFLOW_CTX_DAG_ID=ETL_DAG_V8
AIRFLOW_CTX_TASK_ID=Ingest_from_producer_price_index
AIRFLOW_CTX_EXECUTION_DATE=2022-08-11T21:16:03.096610+00:00
AIRFLOW_CTX_TRY_NUMBER=1
AIRFLOW_CTX_DAG_RUN_ID=manual__2022-08-11T21:16:03.096610+00:00
[2022-08-11 21:16:15,992] {logging_mixin.py:115} INFO - Successfully uploaded producer-price-index/PPIforecast.xlsx to s3-bucket-raw-usda
[2022-08-11 21:16:17,258] {logging_mixin.py:115} INFO - Successfully uploaded producer-price-index/historicalppi.xlsx to s3-bucket-raw-usda
[2022-08-11 21:16:19,470] {logging_mixin.py:115} INFO - Successfully uploaded producer-price-index/CPIArchivedForecasts.xlsx to s3-bucket-raw-usda
[2022-08-11 21:16:21,242] {logging_mixin.py:115} INFO - Successfully uploaded producer-price-index/PPIArchivedForecasts.xlsx to s3-bucket-raw-usda
[2022-08-11 21:16:21,248] {python.py:173} INFO - Done. Returned value was: None
[2022-08-11 21:16:21,269] {taskinstance.py:1420} INFO - Marking task as SUCCESS. dag_id=ETL_DAG_V8, task_id=Ingest_from_producer_price_index, execution_date=20220811T211603, start_date=20220811T211608, end_date=20220811T211621
[2022-08-11 21:16:21,313] {local_task_job.py:156} INFO - Task exited with return code 0
[2022-08-11 21:16:21,343] {local_task_job.py:273} INFO - 0 downstream tasks scheduled from follow-on schedule check
