[2022-08-12 18:25:59,912] {taskinstance.py:1179} INFO - Dependencies all met for <TaskInstance: ETL_DAG.Create_s3_bucket_stage manual__2022-08-12T18:20:52.559703+00:00 [queued]>
[2022-08-12 18:25:59,919] {taskinstance.py:1179} INFO - Dependencies all met for <TaskInstance: ETL_DAG.Create_s3_bucket_stage manual__2022-08-12T18:20:52.559703+00:00 [queued]>
[2022-08-12 18:25:59,920] {taskinstance.py:1376} INFO - 
--------------------------------------------------------------------------------
[2022-08-12 18:25:59,921] {taskinstance.py:1377} INFO - Starting attempt 1 of 6
[2022-08-12 18:25:59,923] {taskinstance.py:1378} INFO - 
--------------------------------------------------------------------------------
[2022-08-12 18:25:59,931] {taskinstance.py:1397} INFO - Executing <Task(PythonOperator): Create_s3_bucket_stage> on 2022-08-12 18:20:52.559703+00:00
[2022-08-12 18:25:59,935] {standard_task_runner.py:52} INFO - Started process 626 to run task
[2022-08-12 18:25:59,938] {standard_task_runner.py:79} INFO - Running: ['***', 'tasks', 'run', 'ETL_DAG', 'Create_s3_bucket_stage', 'manual__2022-08-12T18:20:52.559703+00:00', '--job-id', '904', '--raw', '--subdir', 'DAGS_FOLDER/etl_dag.py', '--cfg-path', '/tmp/tmpg3o9nbrq', '--error-file', '/tmp/tmpg5ezlpkc']
[2022-08-12 18:25:59,940] {standard_task_runner.py:80} INFO - Job 904: Subtask Create_s3_bucket_stage
[2022-08-12 18:25:59,984] {task_command.py:371} INFO - Running <TaskInstance: ETL_DAG.Create_s3_bucket_stage manual__2022-08-12T18:20:52.559703+00:00 [running]> on host 00aa0783f116
[2022-08-12 18:26:00,028] {taskinstance.py:1591} INFO - Exporting the following env vars:
AIRFLOW_CTX_DAG_OWNER=narapady
AIRFLOW_CTX_DAG_ID=ETL_DAG
AIRFLOW_CTX_TASK_ID=Create_s3_bucket_stage
AIRFLOW_CTX_EXECUTION_DATE=2022-08-12T18:20:52.559703+00:00
AIRFLOW_CTX_TRY_NUMBER=1
AIRFLOW_CTX_DAG_RUN_ID=manual__2022-08-12T18:20:52.559703+00:00
[2022-08-12 18:26:00,915] {python.py:173} INFO - Done. Returned value was: {'ResponseMetadata': {'RequestId': '1KEEA73ZHSF9RY5Y', 'HostId': 'ALIrp8cM+jjAIXACFywXBEst7bl/TPTWIc5mE1dHGwWyuu8SDP3LIO1qYoJbM40Itj7/JY+4Vy4=', 'HTTPStatusCode': 200, 'HTTPHeaders': {'x-amz-id-2': 'ALIrp8cM+jjAIXACFywXBEst7bl/TPTWIc5mE1dHGwWyuu8SDP3LIO1qYoJbM40Itj7/JY+4Vy4=', 'x-amz-request-id': '1KEEA73ZHSF9RY5Y', 'date': 'Fri, 12 Aug 2022 18:26:02 GMT', 'location': '/s3-bucket-staged', 'server': 'AmazonS3', 'content-length': '0'}, 'RetryAttempts': 0}, 'Location': '/s3-bucket-staged'}
[2022-08-12 18:26:00,961] {taskinstance.py:1420} INFO - Marking task as SUCCESS. dag_id=ETL_DAG, task_id=Create_s3_bucket_stage, execution_date=20220812T182052, start_date=20220812T182559, end_date=20220812T182600
[2022-08-12 18:26:00,999] {local_task_job.py:156} INFO - Task exited with return code 0
[2022-08-12 18:26:01,029] {local_task_job.py:273} INFO - 7 downstream tasks scheduled from follow-on schedule check
