[2022-08-11 23:09:29,951] {taskinstance.py:1179} INFO - Dependencies all met for <TaskInstance: ETL_DAG_US_FOOD_NUTRITION.Ingest_from_current_food_expenditure_series manual__2022-08-11T23:09:24.436624+00:00 [queued]>
[2022-08-11 23:09:29,962] {taskinstance.py:1179} INFO - Dependencies all met for <TaskInstance: ETL_DAG_US_FOOD_NUTRITION.Ingest_from_current_food_expenditure_series manual__2022-08-11T23:09:24.436624+00:00 [queued]>
[2022-08-11 23:09:29,963] {taskinstance.py:1376} INFO - 
--------------------------------------------------------------------------------
[2022-08-11 23:09:29,964] {taskinstance.py:1377} INFO - Starting attempt 1 of 6
[2022-08-11 23:09:29,965] {taskinstance.py:1378} INFO - 
--------------------------------------------------------------------------------
[2022-08-11 23:09:29,979] {taskinstance.py:1397} INFO - Executing <Task(PythonOperator): Ingest_from_current_food_expenditure_series> on 2022-08-11 23:09:24.436624+00:00
[2022-08-11 23:09:29,998] {standard_task_runner.py:52} INFO - Started process 6207 to run task
[2022-08-11 23:09:30,008] {standard_task_runner.py:79} INFO - Running: ['***', 'tasks', 'run', 'ETL_DAG_US_FOOD_NUTRITION', 'Ingest_from_current_food_expenditure_series', 'manual__2022-08-11T23:09:24.436624+00:00', '--job-id', '713', '--raw', '--subdir', 'DAGS_FOLDER/etl_dag.py', '--cfg-path', '/tmp/tmpva10g_mp', '--error-file', '/tmp/tmp1ba3__xo']
[2022-08-11 23:09:30,017] {standard_task_runner.py:80} INFO - Job 713: Subtask Ingest_from_current_food_expenditure_series
[2022-08-11 23:09:30,146] {task_command.py:371} INFO - Running <TaskInstance: ETL_DAG_US_FOOD_NUTRITION.Ingest_from_current_food_expenditure_series manual__2022-08-11T23:09:24.436624+00:00 [running]> on host a02c2b8cab8b
[2022-08-11 23:09:30,238] {taskinstance.py:1591} INFO - Exporting the following env vars:
AIRFLOW_CTX_DAG_OWNER=narapady
AIRFLOW_CTX_DAG_ID=ETL_DAG_US_FOOD_NUTRITION
AIRFLOW_CTX_TASK_ID=Ingest_from_current_food_expenditure_series
AIRFLOW_CTX_EXECUTION_DATE=2022-08-11T23:09:24.436624+00:00
AIRFLOW_CTX_TRY_NUMBER=1
AIRFLOW_CTX_DAG_RUN_ID=manual__2022-08-11T23:09:24.436624+00:00
[2022-08-11 23:09:38,278] {logging_mixin.py:115} INFO - Successfully uploaded current-food-expenditure-series/nominal_expenditures.xlsx to s3-bucket-raw-usda
[2022-08-11 23:09:39,580] {logging_mixin.py:115} INFO - Successfully uploaded current-food-expenditure-series/nominal_expenditures_no_taxes_tips.xlsx to s3-bucket-raw-usda
[2022-08-11 23:09:41,090] {logging_mixin.py:115} INFO - Successfully uploaded current-food-expenditure-series/constant_dollar_expenditures.xlsx to s3-bucket-raw-usda
[2022-08-11 23:09:42,573] {logging_mixin.py:115} INFO - Successfully uploaded current-food-expenditure-series/constant_dollar_expenditures_no_taxes_tips.xlsx to s3-bucket-raw-usda
[2022-08-11 23:09:44,008] {logging_mixin.py:115} INFO - Successfully uploaded current-food-expenditure-series/food_expenditures_source_funds.xlsx to s3-bucket-raw-usda
[2022-08-11 23:09:45,391] {logging_mixin.py:115} INFO - Successfully uploaded current-food-expenditure-series/normalized_food_expenditures.xlsx to s3-bucket-raw-usda
[2022-08-11 23:09:47,325] {logging_mixin.py:115} INFO - Successfully uploaded current-food-expenditure-series/monthly_sales.xlsx to s3-bucket-raw-usda
[2022-08-11 23:09:48,913] {logging_mixin.py:115} INFO - Successfully uploaded current-food-expenditure-series/archived_nominal_expenditures_1.xlsx to s3-bucket-raw-usda
[2022-08-11 23:09:50,182] {logging_mixin.py:115} INFO - Successfully uploaded current-food-expenditure-series/archived_expenditures_purchaser_2.xlsx to s3-bucket-raw-usda
[2022-08-11 23:09:51,922] {logging_mixin.py:115} INFO - Successfully uploaded current-food-expenditure-series/archived_normalized_expenditures_3.xlsx to s3-bucket-raw-usda
[2022-08-11 23:09:53,366] {logging_mixin.py:115} INFO - Successfully uploaded current-food-expenditure-series/archived_monthly_4.xlsx to s3-bucket-raw-usda
[2022-08-11 23:09:53,369] {python.py:173} INFO - Done. Returned value was: None
[2022-08-11 23:09:53,388] {taskinstance.py:1420} INFO - Marking task as SUCCESS. dag_id=ETL_DAG_US_FOOD_NUTRITION, task_id=Ingest_from_current_food_expenditure_series, execution_date=20220811T230924, start_date=20220811T230929, end_date=20220811T230953
[2022-08-11 23:09:53,451] {local_task_job.py:156} INFO - Task exited with return code 0
[2022-08-11 23:09:53,481] {local_task_job.py:273} INFO - 0 downstream tasks scheduled from follow-on schedule check
