[2022-08-08 20:10:50,814] {taskinstance.py:1179} INFO - Dependencies all met for <TaskInstance: etl_dag_v6.Transformer manual__2022-08-08T20:10:20.944782+00:00 [queued]>
[2022-08-08 20:10:50,821] {taskinstance.py:1179} INFO - Dependencies all met for <TaskInstance: etl_dag_v6.Transformer manual__2022-08-08T20:10:20.944782+00:00 [queued]>
[2022-08-08 20:10:50,822] {taskinstance.py:1376} INFO - 
--------------------------------------------------------------------------------
[2022-08-08 20:10:50,823] {taskinstance.py:1377} INFO - Starting attempt 1 of 6
[2022-08-08 20:10:50,823] {taskinstance.py:1378} INFO - 
--------------------------------------------------------------------------------
[2022-08-08 20:10:50,831] {taskinstance.py:1397} INFO - Executing <Task(PythonOperator): Transformer> on 2022-08-08 20:10:20.944782+00:00
[2022-08-08 20:10:50,836] {standard_task_runner.py:52} INFO - Started process 13730 to run task
[2022-08-08 20:10:50,839] {standard_task_runner.py:79} INFO - Running: ['***', 'tasks', 'run', 'etl_dag_v6', 'Transformer', 'manual__2022-08-08T20:10:20.944782+00:00', '--job-id', '99', '--raw', '--subdir', 'DAGS_FOLDER/etl_dag.py', '--cfg-path', '/tmp/tmpe87ajfnp', '--error-file', '/tmp/tmpg660644s']
[2022-08-08 20:10:50,841] {standard_task_runner.py:80} INFO - Job 99: Subtask Transformer
[2022-08-08 20:10:50,885] {task_command.py:371} INFO - Running <TaskInstance: etl_dag_v6.Transformer manual__2022-08-08T20:10:20.944782+00:00 [running]> on host 8d3924a1d70c
[2022-08-08 20:10:50,928] {taskinstance.py:1591} INFO - Exporting the following env vars:
AIRFLOW_CTX_DAG_OWNER=narapady
AIRFLOW_CTX_DAG_ID=etl_dag_v6
AIRFLOW_CTX_TASK_ID=Transformer
AIRFLOW_CTX_EXECUTION_DATE=2022-08-08T20:10:20.944782+00:00
AIRFLOW_CTX_TRY_NUMBER=1
AIRFLOW_CTX_DAG_RUN_ID=manual__2022-08-08T20:10:20.944782+00:00
[2022-08-08 20:11:10,348] {logging_mixin.py:115} INFO - Successfully process food-expenditure-clean/constant-total-fah.csv to S3
[2022-08-08 20:11:10,793] {logging_mixin.py:115} INFO - Successfully process food-expenditure-clean/constant-total-fafh.csv to S3
[2022-08-08 20:11:11,111] {logging_mixin.py:115} INFO - Successfully process food-expenditure-clean/constant-total-aah.csv to S3
[2022-08-08 20:11:11,516] {logging_mixin.py:115} INFO - Successfully process food-expenditure-clean/constant-total-aafh.csv to S3
[2022-08-08 20:11:31,098] {logging_mixin.py:115} INFO - Successfully process food-expenditure-clean/nominal-total-fah.csv to S3
[2022-08-08 20:11:31,568] {logging_mixin.py:115} INFO - Successfully process food-expenditure-clean/nominal-total-fafh.csv to S3
[2022-08-08 20:11:31,895] {logging_mixin.py:115} INFO - Successfully process food-expenditure-clean/nominal-total-aah.csv to S3
[2022-08-08 20:11:32,212] {logging_mixin.py:115} INFO - Successfully process food-expenditure-clean/nominal-total-aafh.csv to S3
[2022-08-08 20:12:04,995] {logging_mixin.py:115} INFO - Successfully process food-expenditure-clean/nominal-monthly-sale.csv to S3
[2022-08-08 20:12:05,525] {logging_mixin.py:115} INFO - Successfully process food-expenditure-clean/constant-monthly-sale.csv to S3
[2022-08-08 20:12:05,534] {python.py:173} INFO - Done. Returned value was: None
[2022-08-08 20:12:05,557] {taskinstance.py:1420} INFO - Marking task as SUCCESS. dag_id=etl_dag_v6, task_id=Transformer, execution_date=20220808T201020, start_date=20220808T201050, end_date=20220808T201205
[2022-08-08 20:12:05,600] {local_task_job.py:156} INFO - Task exited with return code 0
[2022-08-08 20:12:05,620] {local_task_job.py:273} INFO - 1 downstream tasks scheduled from follow-on schedule check
