[2022-08-12 05:38:43,897] {taskinstance.py:1179} INFO - Dependencies all met for <TaskInstance: ETL_DAG.Stage_fast-food-clean manual__2022-08-12T05:33:31.619708+00:00 [queued]>
[2022-08-12 05:38:43,922] {taskinstance.py:1179} INFO - Dependencies all met for <TaskInstance: ETL_DAG.Stage_fast-food-clean manual__2022-08-12T05:33:31.619708+00:00 [queued]>
[2022-08-12 05:38:43,923] {taskinstance.py:1376} INFO - 
--------------------------------------------------------------------------------
[2022-08-12 05:38:43,924] {taskinstance.py:1377} INFO - Starting attempt 1 of 6
[2022-08-12 05:38:43,932] {taskinstance.py:1378} INFO - 
--------------------------------------------------------------------------------
[2022-08-12 05:38:43,946] {taskinstance.py:1397} INFO - Executing <Task(PythonOperator): Stage_fast-food-clean> on 2022-08-12 05:33:31.619708+00:00
[2022-08-12 05:38:43,954] {standard_task_runner.py:52} INFO - Started process 719 to run task
[2022-08-12 05:38:43,962] {standard_task_runner.py:79} INFO - Running: ['***', 'tasks', 'run', 'ETL_DAG', 'Stage_fast-food-clean', 'manual__2022-08-12T05:33:31.619708+00:00', '--job-id', '867', '--raw', '--subdir', 'DAGS_FOLDER/etl_dag.py', '--cfg-path', '/tmp/tmp_5g475ea', '--error-file', '/tmp/tmphbq6dzxu']
[2022-08-12 05:38:43,966] {standard_task_runner.py:80} INFO - Job 867: Subtask Stage_fast-food-clean
[2022-08-12 05:38:44,046] {task_command.py:371} INFO - Running <TaskInstance: ETL_DAG.Stage_fast-food-clean manual__2022-08-12T05:33:31.619708+00:00 [running]> on host 959a8f00817b
[2022-08-12 05:38:44,162] {taskinstance.py:1591} INFO - Exporting the following env vars:
AIRFLOW_CTX_DAG_OWNER=narapady
AIRFLOW_CTX_DAG_ID=ETL_DAG
AIRFLOW_CTX_TASK_ID=Stage_fast-food-clean
AIRFLOW_CTX_EXECUTION_DATE=2022-08-12T05:33:31.619708+00:00
AIRFLOW_CTX_TRY_NUMBER=1
AIRFLOW_CTX_DAG_RUN_ID=manual__2022-08-12T05:33:31.619708+00:00
[2022-08-12 05:38:50,284] {logging_mixin.py:115} INFO - Successfully loaded fast-food-staged.csv to s3-bucket-staged
[2022-08-12 05:38:50,287] {python.py:173} INFO - Done. Returned value was: None
[2022-08-12 05:38:50,298] {taskinstance.py:1420} INFO - Marking task as SUCCESS. dag_id=ETL_DAG, task_id=Stage_fast-food-clean, execution_date=20220812T053331, start_date=20220812T053843, end_date=20220812T053850
[2022-08-12 05:38:50,324] {local_task_job.py:156} INFO - Task exited with return code 0
[2022-08-12 05:38:50,351] {local_task_job.py:273} INFO - 0 downstream tasks scheduled from follow-on schedule check
