[2022-08-17 00:45:13,039] {taskinstance.py:1179} INFO - Dependencies all met for <TaskInstance: ETL_DAG.Transform_2014 manual__2022-08-17T00:44:32.649423+00:00 [queued]>
[2022-08-17 00:45:13,053] {taskinstance.py:1179} INFO - Dependencies all met for <TaskInstance: ETL_DAG.Transform_2014 manual__2022-08-17T00:44:32.649423+00:00 [queued]>
[2022-08-17 00:45:13,057] {taskinstance.py:1376} INFO - 
--------------------------------------------------------------------------------
[2022-08-17 00:45:13,059] {taskinstance.py:1377} INFO - Starting attempt 1 of 6
[2022-08-17 00:45:13,060] {taskinstance.py:1378} INFO - 
--------------------------------------------------------------------------------
[2022-08-17 00:45:13,075] {taskinstance.py:1397} INFO - Executing <Task(PythonOperator): Transform_2014> on 2022-08-17 00:44:32.649423+00:00
[2022-08-17 00:45:13,084] {standard_task_runner.py:52} INFO - Started process 349 to run task
[2022-08-17 00:45:13,090] {standard_task_runner.py:79} INFO - Running: ['***', 'tasks', 'run', 'ETL_DAG', 'Transform_2014', 'manual__2022-08-17T00:44:32.649423+00:00', '--job-id', '1132', '--raw', '--subdir', 'DAGS_FOLDER/etl_dag.py', '--cfg-path', '/tmp/tmp4nxpk85f', '--error-file', '/tmp/tmpjlm0y2b5']
[2022-08-17 00:45:13,094] {standard_task_runner.py:80} INFO - Job 1132: Subtask Transform_2014
[2022-08-17 00:45:13,199] {task_command.py:371} INFO - Running <TaskInstance: ETL_DAG.Transform_2014 manual__2022-08-17T00:44:32.649423+00:00 [running]> on host b6e9d58543c5
[2022-08-17 00:45:13,291] {taskinstance.py:1591} INFO - Exporting the following env vars:
AIRFLOW_CTX_DAG_OWNER=narapady
AIRFLOW_CTX_DAG_ID=ETL_DAG
AIRFLOW_CTX_TASK_ID=Transform_2014
AIRFLOW_CTX_EXECUTION_DATE=2022-08-17T00:44:32.649423+00:00
AIRFLOW_CTX_TRY_NUMBER=1
AIRFLOW_CTX_DAG_RUN_ID=manual__2022-08-17T00:44:32.649423+00:00
[2022-08-17 00:45:17,225] {logging_mixin.py:115} INFO - Successfully process fast-food-clean/age-15-and-older-2014.csv to S3
[2022-08-17 00:45:17,551] {logging_mixin.py:115} INFO - Successfully process fast-food-clean/age-18-and-older-2014.csv to S3
[2022-08-17 00:45:17,552] {python.py:173} INFO - Done. Returned value was: None
[2022-08-17 00:45:17,562] {taskinstance.py:1420} INFO - Marking task as SUCCESS. dag_id=ETL_DAG, task_id=Transform_2014, execution_date=20220817T004432, start_date=20220817T004513, end_date=20220817T004517
[2022-08-17 00:45:17,610] {local_task_job.py:156} INFO - Task exited with return code 0
[2022-08-17 00:45:17,643] {local_task_job.py:273} INFO - 0 downstream tasks scheduled from follow-on schedule check
