[2022-08-15 20:58:14,142] {taskinstance.py:1179} INFO - Dependencies all met for <TaskInstance: ETL_DAG.Create_s3_bucket_stage manual__2022-08-15T20:56:28.970676+00:00 [queued]>
[2022-08-15 20:58:14,151] {taskinstance.py:1179} INFO - Dependencies all met for <TaskInstance: ETL_DAG.Create_s3_bucket_stage manual__2022-08-15T20:56:28.970676+00:00 [queued]>
[2022-08-15 20:58:14,152] {taskinstance.py:1376} INFO - 
--------------------------------------------------------------------------------
[2022-08-15 20:58:14,153] {taskinstance.py:1377} INFO - Starting attempt 1 of 6
[2022-08-15 20:58:14,155] {taskinstance.py:1378} INFO - 
--------------------------------------------------------------------------------
[2022-08-15 20:58:14,163] {taskinstance.py:1397} INFO - Executing <Task(PythonOperator): Create_s3_bucket_stage> on 2022-08-15 20:56:28.970676+00:00
[2022-08-15 20:58:14,168] {standard_task_runner.py:52} INFO - Started process 1695 to run task
[2022-08-15 20:58:14,171] {standard_task_runner.py:79} INFO - Running: ['***', 'tasks', 'run', 'ETL_DAG', 'Create_s3_bucket_stage', 'manual__2022-08-15T20:56:28.970676+00:00', '--job-id', '1062', '--raw', '--subdir', 'DAGS_FOLDER/etl_dag.py', '--cfg-path', '/tmp/tmp9vgo8qz0', '--error-file', '/tmp/tmpgcqnkimw']
[2022-08-15 20:58:14,174] {standard_task_runner.py:80} INFO - Job 1062: Subtask Create_s3_bucket_stage
[2022-08-15 20:58:14,224] {task_command.py:371} INFO - Running <TaskInstance: ETL_DAG.Create_s3_bucket_stage manual__2022-08-15T20:56:28.970676+00:00 [running]> on host 42abdd2e54ec
[2022-08-15 20:58:14,273] {taskinstance.py:1591} INFO - Exporting the following env vars:
AIRFLOW_CTX_DAG_OWNER=narapady
AIRFLOW_CTX_DAG_ID=ETL_DAG
AIRFLOW_CTX_TASK_ID=Create_s3_bucket_stage
AIRFLOW_CTX_EXECUTION_DATE=2022-08-15T20:56:28.970676+00:00
AIRFLOW_CTX_TRY_NUMBER=1
AIRFLOW_CTX_DAG_RUN_ID=manual__2022-08-15T20:56:28.970676+00:00
[2022-08-15 20:58:15,057] {python.py:173} INFO - Done. Returned value was: {'ResponseMetadata': {'RequestId': 'M3X8K6T14W6E75KX', 'HostId': 'fVEO7WTi26WNyZh9lvMVgQ3GwcING4dMzfd7PTKfVP+s16GCfPMFrLxRYHyEh9mltvK9kUvR6H0=', 'HTTPStatusCode': 200, 'HTTPHeaders': {'x-amz-id-2': 'fVEO7WTi26WNyZh9lvMVgQ3GwcING4dMzfd7PTKfVP+s16GCfPMFrLxRYHyEh9mltvK9kUvR6H0=', 'x-amz-request-id': 'M3X8K6T14W6E75KX', 'date': 'Mon, 15 Aug 2022 20:58:15 GMT', 'location': '/s3-bucket-staged', 'server': 'AmazonS3', 'content-length': '0'}, 'RetryAttempts': 0}, 'Location': '/s3-bucket-staged'}
[2022-08-15 20:58:15,090] {taskinstance.py:1420} INFO - Marking task as SUCCESS. dag_id=ETL_DAG, task_id=Create_s3_bucket_stage, execution_date=20220815T205628, start_date=20220815T205814, end_date=20220815T205815
[2022-08-15 20:58:15,146] {local_task_job.py:156} INFO - Task exited with return code 0
[2022-08-15 20:58:15,179] {local_task_job.py:273} INFO - 6 downstream tasks scheduled from follow-on schedule check
