[2022-08-14 16:48:33,093] {taskinstance.py:1179} INFO - Dependencies all met for <TaskInstance: ETL_DAG.Ingest_from_food_consumption_estimates manual__2022-08-14T16:48:28.179984+00:00 [queued]>
[2022-08-14 16:48:33,104] {taskinstance.py:1179} INFO - Dependencies all met for <TaskInstance: ETL_DAG.Ingest_from_food_consumption_estimates manual__2022-08-14T16:48:28.179984+00:00 [queued]>
[2022-08-14 16:48:33,105] {taskinstance.py:1376} INFO - 
--------------------------------------------------------------------------------
[2022-08-14 16:48:33,107] {taskinstance.py:1377} INFO - Starting attempt 1 of 6
[2022-08-14 16:48:33,109] {taskinstance.py:1378} INFO - 
--------------------------------------------------------------------------------
[2022-08-14 16:48:33,120] {taskinstance.py:1397} INFO - Executing <Task(PythonOperator): Ingest_from_food_consumption_estimates> on 2022-08-14 16:48:28.179984+00:00
[2022-08-14 16:48:33,126] {standard_task_runner.py:52} INFO - Started process 471 to run task
[2022-08-14 16:48:33,130] {standard_task_runner.py:79} INFO - Running: ['***', 'tasks', 'run', 'ETL_DAG', 'Ingest_from_food_consumption_estimates', 'manual__2022-08-14T16:48:28.179984+00:00', '--job-id', '940', '--raw', '--subdir', 'DAGS_FOLDER/etl_dag.py', '--cfg-path', '/tmp/tmpioblj0xs', '--error-file', '/tmp/tmp4zfqbt8t']
[2022-08-14 16:48:33,133] {standard_task_runner.py:80} INFO - Job 940: Subtask Ingest_from_food_consumption_estimates
[2022-08-14 16:48:33,203] {task_command.py:371} INFO - Running <TaskInstance: ETL_DAG.Ingest_from_food_consumption_estimates manual__2022-08-14T16:48:28.179984+00:00 [running]> on host 0dbf9d5e5cdb
[2022-08-14 16:48:33,389] {taskinstance.py:1591} INFO - Exporting the following env vars:
AIRFLOW_CTX_DAG_OWNER=narapady
AIRFLOW_CTX_DAG_ID=ETL_DAG
AIRFLOW_CTX_TASK_ID=Ingest_from_food_consumption_estimates
AIRFLOW_CTX_EXECUTION_DATE=2022-08-14T16:48:28.179984+00:00
AIRFLOW_CTX_TRY_NUMBER=1
AIRFLOW_CTX_DAG_RUN_ID=manual__2022-08-14T16:48:28.179984+00:00
[2022-08-14 16:48:39,643] {logging_mixin.py:115} INFO - Successfully uploaded food-consumption-estimates/food_table1.xlsx to s3-bucket-raw-usda
[2022-08-14 16:48:40,951] {logging_mixin.py:115} INFO - Successfully uploaded food-consumption-estimates/food_table2.xlsx to s3-bucket-raw-usda
[2022-08-14 16:48:42,077] {logging_mixin.py:115} INFO - Successfully uploaded food-consumption-estimates/food_table3.xlsx to s3-bucket-raw-usda
[2022-08-14 16:48:42,080] {python.py:173} INFO - Done. Returned value was: None
[2022-08-14 16:48:42,096] {taskinstance.py:1420} INFO - Marking task as SUCCESS. dag_id=ETL_DAG, task_id=Ingest_from_food_consumption_estimates, execution_date=20220814T164828, start_date=20220814T164833, end_date=20220814T164842
[2022-08-14 16:48:42,129] {local_task_job.py:156} INFO - Task exited with return code 0
[2022-08-14 16:48:42,160] {local_task_job.py:273} INFO - 0 downstream tasks scheduled from follow-on schedule check
