[2022-08-14 16:50:38,300] {taskinstance.py:1179} INFO - Dependencies all met for <TaskInstance: ETL_DAG.Transform_2016 scheduled__2022-08-07T00:00:00+00:00 [queued]>
[2022-08-14 16:50:38,321] {taskinstance.py:1179} INFO - Dependencies all met for <TaskInstance: ETL_DAG.Transform_2016 scheduled__2022-08-07T00:00:00+00:00 [queued]>
[2022-08-14 16:50:38,322] {taskinstance.py:1376} INFO - 
--------------------------------------------------------------------------------
[2022-08-14 16:50:38,323] {taskinstance.py:1377} INFO - Starting attempt 1 of 6
[2022-08-14 16:50:38,324] {taskinstance.py:1378} INFO - 
--------------------------------------------------------------------------------
[2022-08-14 16:50:38,345] {taskinstance.py:1397} INFO - Executing <Task(PythonOperator): Transform_2016> on 2022-08-07 00:00:00+00:00
[2022-08-14 16:50:38,355] {standard_task_runner.py:52} INFO - Started process 648 to run task
[2022-08-14 16:50:38,377] {standard_task_runner.py:79} INFO - Running: ['***', 'tasks', 'run', 'ETL_DAG', 'Transform_2016', 'scheduled__2022-08-07T00:00:00+00:00', '--job-id', '948', '--raw', '--subdir', 'DAGS_FOLDER/etl_dag.py', '--cfg-path', '/tmp/tmpahfmei1o', '--error-file', '/tmp/tmphjh7zdce']
[2022-08-14 16:50:38,383] {standard_task_runner.py:80} INFO - Job 948: Subtask Transform_2016
[2022-08-14 16:50:38,481] {task_command.py:371} INFO - Running <TaskInstance: ETL_DAG.Transform_2016 scheduled__2022-08-07T00:00:00+00:00 [running]> on host 0dbf9d5e5cdb
[2022-08-14 16:50:38,572] {taskinstance.py:1591} INFO - Exporting the following env vars:
AIRFLOW_CTX_DAG_OWNER=narapady
AIRFLOW_CTX_DAG_ID=ETL_DAG
AIRFLOW_CTX_TASK_ID=Transform_2016
AIRFLOW_CTX_EXECUTION_DATE=2022-08-07T00:00:00+00:00
AIRFLOW_CTX_TRY_NUMBER=1
AIRFLOW_CTX_DAG_RUN_ID=scheduled__2022-08-07T00:00:00+00:00
[2022-08-14 16:50:54,869] {logging_mixin.py:115} INFO - Successfully process fast-food-clean/age-15-and-older-2016.csv to S3
[2022-08-14 16:50:55,206] {logging_mixin.py:115} INFO - Successfully process fast-food-clean/age-18-and-older-2016.csv to S3
[2022-08-14 16:50:55,210] {python.py:173} INFO - Done. Returned value was: None
[2022-08-14 16:50:55,226] {taskinstance.py:1420} INFO - Marking task as SUCCESS. dag_id=ETL_DAG, task_id=Transform_2016, execution_date=20220807T000000, start_date=20220814T165038, end_date=20220814T165055
[2022-08-14 16:50:55,277] {local_task_job.py:156} INFO - Task exited with return code 0
[2022-08-14 16:50:55,302] {local_task_job.py:273} INFO - 0 downstream tasks scheduled from follow-on schedule check
