[2022-08-14 16:53:10,212] {taskinstance.py:1179} INFO - Dependencies all met for <TaskInstance: ETL_DAG.Stage_food-consumption-estimates-clean manual__2022-08-14T16:48:28.179984+00:00 [queued]>
[2022-08-14 16:53:10,241] {taskinstance.py:1179} INFO - Dependencies all met for <TaskInstance: ETL_DAG.Stage_food-consumption-estimates-clean manual__2022-08-14T16:48:28.179984+00:00 [queued]>
[2022-08-14 16:53:10,243] {taskinstance.py:1376} INFO - 
--------------------------------------------------------------------------------
[2022-08-14 16:53:10,244] {taskinstance.py:1377} INFO - Starting attempt 1 of 6
[2022-08-14 16:53:10,245] {taskinstance.py:1378} INFO - 
--------------------------------------------------------------------------------
[2022-08-14 16:53:10,262] {taskinstance.py:1397} INFO - Executing <Task(PythonOperator): Stage_food-consumption-estimates-clean> on 2022-08-14 16:48:28.179984+00:00
[2022-08-14 16:53:10,273] {standard_task_runner.py:52} INFO - Started process 909 to run task
[2022-08-14 16:53:10,287] {standard_task_runner.py:79} INFO - Running: ['***', 'tasks', 'run', 'ETL_DAG', 'Stage_food-consumption-estimates-clean', 'manual__2022-08-14T16:48:28.179984+00:00', '--job-id', '974', '--raw', '--subdir', 'DAGS_FOLDER/etl_dag.py', '--cfg-path', '/tmp/tmpo14jjpzc', '--error-file', '/tmp/tmpm1mxw9f3']
[2022-08-14 16:53:10,301] {standard_task_runner.py:80} INFO - Job 974: Subtask Stage_food-consumption-estimates-clean
[2022-08-14 16:53:10,381] {task_command.py:371} INFO - Running <TaskInstance: ETL_DAG.Stage_food-consumption-estimates-clean manual__2022-08-14T16:48:28.179984+00:00 [running]> on host 0dbf9d5e5cdb
[2022-08-14 16:53:10,503] {taskinstance.py:1591} INFO - Exporting the following env vars:
AIRFLOW_CTX_DAG_OWNER=narapady
AIRFLOW_CTX_DAG_ID=ETL_DAG
AIRFLOW_CTX_TASK_ID=Stage_food-consumption-estimates-clean
AIRFLOW_CTX_EXECUTION_DATE=2022-08-14T16:48:28.179984+00:00
AIRFLOW_CTX_TRY_NUMBER=1
AIRFLOW_CTX_DAG_RUN_ID=manual__2022-08-14T16:48:28.179984+00:00
[2022-08-14 16:53:21,440] {logging_mixin.py:115} INFO - Successfully loaded food-consumption-estimates-staged.csv to s3-bucket-staged
[2022-08-14 16:53:21,444] {python.py:173} INFO - Done. Returned value was: None
[2022-08-14 16:53:21,463] {taskinstance.py:1420} INFO - Marking task as SUCCESS. dag_id=ETL_DAG, task_id=Stage_food-consumption-estimates-clean, execution_date=20220814T164828, start_date=20220814T165310, end_date=20220814T165321
[2022-08-14 16:53:21,497] {local_task_job.py:156} INFO - Task exited with return code 0
[2022-08-14 16:53:21,520] {local_task_job.py:273} INFO - 0 downstream tasks scheduled from follow-on schedule check
