[2022-08-15 20:57:08,804] {taskinstance.py:1179} INFO - Dependencies all met for <TaskInstance: ETL_DAG.Transform_current-food-expenditure-series manual__2022-08-15T20:56:28.970676+00:00 [queued]>
[2022-08-15 20:57:08,822] {taskinstance.py:1179} INFO - Dependencies all met for <TaskInstance: ETL_DAG.Transform_current-food-expenditure-series manual__2022-08-15T20:56:28.970676+00:00 [queued]>
[2022-08-15 20:57:08,823] {taskinstance.py:1376} INFO - 
--------------------------------------------------------------------------------
[2022-08-15 20:57:08,826] {taskinstance.py:1377} INFO - Starting attempt 1 of 6
[2022-08-15 20:57:08,828] {taskinstance.py:1378} INFO - 
--------------------------------------------------------------------------------
[2022-08-15 20:57:08,849] {taskinstance.py:1397} INFO - Executing <Task(PythonOperator): Transform_current-food-expenditure-series> on 2022-08-15 20:56:28.970676+00:00
[2022-08-15 20:57:08,856] {standard_task_runner.py:52} INFO - Started process 1618 to run task
[2022-08-15 20:57:08,861] {standard_task_runner.py:79} INFO - Running: ['***', 'tasks', 'run', 'ETL_DAG', 'Transform_current-food-expenditure-series', 'manual__2022-08-15T20:56:28.970676+00:00', '--job-id', '1056', '--raw', '--subdir', 'DAGS_FOLDER/etl_dag.py', '--cfg-path', '/tmp/tmp9oojaed4', '--error-file', '/tmp/tmpa8p11rvu']
[2022-08-15 20:57:08,864] {standard_task_runner.py:80} INFO - Job 1056: Subtask Transform_current-food-expenditure-series
[2022-08-15 20:57:08,957] {task_command.py:371} INFO - Running <TaskInstance: ETL_DAG.Transform_current-food-expenditure-series manual__2022-08-15T20:56:28.970676+00:00 [running]> on host 42abdd2e54ec
[2022-08-15 20:57:09,037] {taskinstance.py:1591} INFO - Exporting the following env vars:
AIRFLOW_CTX_DAG_OWNER=narapady
AIRFLOW_CTX_DAG_ID=ETL_DAG
AIRFLOW_CTX_TASK_ID=Transform_current-food-expenditure-series
AIRFLOW_CTX_EXECUTION_DATE=2022-08-15T20:56:28.970676+00:00
AIRFLOW_CTX_TRY_NUMBER=1
AIRFLOW_CTX_DAG_RUN_ID=manual__2022-08-15T20:56:28.970676+00:00
[2022-08-15 20:57:25,593] {logging_mixin.py:115} INFO - Successfully process food-expenditure-clean/constant-total-fah.csv to S3
[2022-08-15 20:57:25,889] {logging_mixin.py:115} INFO - Successfully process food-expenditure-clean/constant-total-fafh.csv to S3
[2022-08-15 20:57:26,281] {logging_mixin.py:115} INFO - Successfully process food-expenditure-clean/constant-total-aah.csv to S3
[2022-08-15 20:57:26,630] {logging_mixin.py:115} INFO - Successfully process food-expenditure-clean/constant-total-aafh.csv to S3
[2022-08-15 20:57:43,951] {logging_mixin.py:115} INFO - Successfully process food-expenditure-clean/nominal-total-fah.csv to S3
[2022-08-15 20:57:44,337] {logging_mixin.py:115} INFO - Successfully process food-expenditure-clean/nominal-total-fafh.csv to S3
[2022-08-15 20:57:44,695] {logging_mixin.py:115} INFO - Successfully process food-expenditure-clean/nominal-total-aah.csv to S3
[2022-08-15 20:57:45,066] {logging_mixin.py:115} INFO - Successfully process food-expenditure-clean/nominal-total-aafh.csv to S3
[2022-08-15 20:58:12,639] {logging_mixin.py:115} INFO - Successfully process food-expenditure-clean/nominal-monthly-sale.csv to S3
[2022-08-15 20:58:13,084] {logging_mixin.py:115} INFO - Successfully process food-expenditure-clean/constant-monthly-sale.csv to S3
[2022-08-15 20:58:13,094] {python.py:173} INFO - Done. Returned value was: None
[2022-08-15 20:58:13,109] {taskinstance.py:1420} INFO - Marking task as SUCCESS. dag_id=ETL_DAG, task_id=Transform_current-food-expenditure-series, execution_date=20220815T205628, start_date=20220815T205708, end_date=20220815T205813
[2022-08-15 20:58:13,161] {local_task_job.py:156} INFO - Task exited with return code 0
[2022-08-15 20:58:13,192] {local_task_job.py:273} INFO - 1 downstream tasks scheduled from follow-on schedule check
