[2022-08-17 00:46:18,427] {taskinstance.py:1179} INFO - Dependencies all met for <TaskInstance: ETL_DAG.Stage_food-expenditure-clean manual__2022-08-17T00:44:32.649423+00:00 [queued]>
[2022-08-17 00:46:18,441] {taskinstance.py:1179} INFO - Dependencies all met for <TaskInstance: ETL_DAG.Stage_food-expenditure-clean manual__2022-08-17T00:44:32.649423+00:00 [queued]>
[2022-08-17 00:46:18,443] {taskinstance.py:1376} INFO - 
--------------------------------------------------------------------------------
[2022-08-17 00:46:18,444] {taskinstance.py:1377} INFO - Starting attempt 1 of 6
[2022-08-17 00:46:18,446] {taskinstance.py:1378} INFO - 
--------------------------------------------------------------------------------
[2022-08-17 00:46:18,462] {taskinstance.py:1397} INFO - Executing <Task(PythonOperator): Stage_food-expenditure-clean> on 2022-08-17 00:44:32.649423+00:00
[2022-08-17 00:46:18,468] {standard_task_runner.py:52} INFO - Started process 447 to run task
[2022-08-17 00:46:18,471] {standard_task_runner.py:79} INFO - Running: ['***', 'tasks', 'run', 'ETL_DAG', 'Stage_food-expenditure-clean', 'manual__2022-08-17T00:44:32.649423+00:00', '--job-id', '1139', '--raw', '--subdir', 'DAGS_FOLDER/etl_dag.py', '--cfg-path', '/tmp/tmpheg38jta', '--error-file', '/tmp/tmpsy2w6tpf']
[2022-08-17 00:46:18,473] {standard_task_runner.py:80} INFO - Job 1139: Subtask Stage_food-expenditure-clean
[2022-08-17 00:46:18,547] {task_command.py:371} INFO - Running <TaskInstance: ETL_DAG.Stage_food-expenditure-clean manual__2022-08-17T00:44:32.649423+00:00 [running]> on host b6e9d58543c5
[2022-08-17 00:46:18,626] {taskinstance.py:1591} INFO - Exporting the following env vars:
AIRFLOW_CTX_DAG_OWNER=narapady
AIRFLOW_CTX_DAG_ID=ETL_DAG
AIRFLOW_CTX_TASK_ID=Stage_food-expenditure-clean
AIRFLOW_CTX_EXECUTION_DATE=2022-08-17T00:44:32.649423+00:00
AIRFLOW_CTX_TRY_NUMBER=1
AIRFLOW_CTX_DAG_RUN_ID=manual__2022-08-17T00:44:32.649423+00:00
[2022-08-17 00:46:28,313] {logging_mixin.py:115} INFO - Successfully loaded monthly-sales-staged.csv to s3-bucket-staged
[2022-08-17 00:46:28,724] {logging_mixin.py:115} INFO - Successfully loaded food-expenditure-staged.csv to s3-bucket-staged
[2022-08-17 00:46:28,727] {python.py:173} INFO - Done. Returned value was: None
[2022-08-17 00:46:28,740] {taskinstance.py:1420} INFO - Marking task as SUCCESS. dag_id=ETL_DAG, task_id=Stage_food-expenditure-clean, execution_date=20220817T004432, start_date=20220817T004618, end_date=20220817T004628
[2022-08-17 00:46:28,781] {local_task_job.py:156} INFO - Task exited with return code 0
[2022-08-17 00:46:28,807] {local_task_job.py:273} INFO - 0 downstream tasks scheduled from follow-on schedule check
