[2022-08-15 20:56:35,161] {taskinstance.py:1179} INFO - Dependencies all met for <TaskInstance: ETL_DAG.Ingest_from_2016 manual__2022-08-15T20:56:28.970676+00:00 [queued]>
[2022-08-15 20:56:35,173] {taskinstance.py:1179} INFO - Dependencies all met for <TaskInstance: ETL_DAG.Ingest_from_2016 manual__2022-08-15T20:56:28.970676+00:00 [queued]>
[2022-08-15 20:56:35,175] {taskinstance.py:1376} INFO - 
--------------------------------------------------------------------------------
[2022-08-15 20:56:35,176] {taskinstance.py:1377} INFO - Starting attempt 1 of 6
[2022-08-15 20:56:35,177] {taskinstance.py:1378} INFO - 
--------------------------------------------------------------------------------
[2022-08-15 20:56:35,187] {taskinstance.py:1397} INFO - Executing <Task(PythonOperator): Ingest_from_2016> on 2022-08-15 20:56:28.970676+00:00
[2022-08-15 20:56:35,193] {standard_task_runner.py:52} INFO - Started process 1551 to run task
[2022-08-15 20:56:35,201] {standard_task_runner.py:79} INFO - Running: ['***', 'tasks', 'run', 'ETL_DAG', 'Ingest_from_2016', 'manual__2022-08-15T20:56:28.970676+00:00', '--job-id', '1051', '--raw', '--subdir', 'DAGS_FOLDER/etl_dag.py', '--cfg-path', '/tmp/tmpf8wz1ws5', '--error-file', '/tmp/tmpkdjb2cjd']
[2022-08-15 20:56:35,204] {standard_task_runner.py:80} INFO - Job 1051: Subtask Ingest_from_2016
[2022-08-15 20:56:35,285] {task_command.py:371} INFO - Running <TaskInstance: ETL_DAG.Ingest_from_2016 manual__2022-08-15T20:56:28.970676+00:00 [running]> on host 42abdd2e54ec
[2022-08-15 20:56:35,363] {taskinstance.py:1591} INFO - Exporting the following env vars:
AIRFLOW_CTX_DAG_OWNER=narapady
AIRFLOW_CTX_DAG_ID=ETL_DAG
AIRFLOW_CTX_TASK_ID=Ingest_from_2016
AIRFLOW_CTX_EXECUTION_DATE=2022-08-15T20:56:28.970676+00:00
AIRFLOW_CTX_TRY_NUMBER=1
AIRFLOW_CTX_DAG_RUN_ID=manual__2022-08-15T20:56:28.970676+00:00
[2022-08-15 20:56:43,143] {logging_mixin.py:115} INFO - Successfully uploaded 2016/Table1_2016.xlsx to s3-bucket-raw-usda
[2022-08-15 20:56:45,135] {logging_mixin.py:115} INFO - Successfully uploaded 2016/Table2_2016.xlsx to s3-bucket-raw-usda
[2022-08-15 20:56:46,372] {logging_mixin.py:115} INFO - Successfully uploaded 2016/Table3_2016.xlsx to s3-bucket-raw-usda
[2022-08-15 20:56:47,717] {logging_mixin.py:115} INFO - Successfully uploaded 2016/Table4_2016.xlsx to s3-bucket-raw-usda
[2022-08-15 20:56:48,957] {logging_mixin.py:115} INFO - Successfully uploaded 2016/Table5_2016.xlsx to s3-bucket-raw-usda
[2022-08-15 20:56:50,221] {logging_mixin.py:115} INFO - Successfully uploaded 2016/Table6_2016.xlsx to s3-bucket-raw-usda
[2022-08-15 20:56:51,336] {logging_mixin.py:115} INFO - Successfully uploaded 2016/Table7_2016.xlsx to s3-bucket-raw-usda
[2022-08-15 20:56:52,577] {logging_mixin.py:115} INFO - Successfully uploaded 2016/Table8_2016.xlsx to s3-bucket-raw-usda
[2022-08-15 20:56:52,579] {python.py:173} INFO - Done. Returned value was: None
[2022-08-15 20:56:52,589] {taskinstance.py:1420} INFO - Marking task as SUCCESS. dag_id=ETL_DAG, task_id=Ingest_from_2016, execution_date=20220815T205628, start_date=20220815T205635, end_date=20220815T205652
[2022-08-15 20:56:52,630] {local_task_job.py:156} INFO - Task exited with return code 0
[2022-08-15 20:56:52,660] {local_task_job.py:273} INFO - 0 downstream tasks scheduled from follow-on schedule check
