[2022-08-14 16:48:33,041] {taskinstance.py:1179} INFO - Dependencies all met for <TaskInstance: ETL_DAG.Ingest_from_nutrient_intake_estimates manual__2022-08-14T16:48:28.179984+00:00 [queued]>
[2022-08-14 16:48:33,056] {taskinstance.py:1179} INFO - Dependencies all met for <TaskInstance: ETL_DAG.Ingest_from_nutrient_intake_estimates manual__2022-08-14T16:48:28.179984+00:00 [queued]>
[2022-08-14 16:48:33,058] {taskinstance.py:1376} INFO - 
--------------------------------------------------------------------------------
[2022-08-14 16:48:33,064] {taskinstance.py:1377} INFO - Starting attempt 1 of 6
[2022-08-14 16:48:33,064] {taskinstance.py:1378} INFO - 
--------------------------------------------------------------------------------
[2022-08-14 16:48:33,086] {taskinstance.py:1397} INFO - Executing <Task(PythonOperator): Ingest_from_nutrient_intake_estimates> on 2022-08-14 16:48:28.179984+00:00
[2022-08-14 16:48:33,091] {standard_task_runner.py:52} INFO - Started process 470 to run task
[2022-08-14 16:48:33,094] {standard_task_runner.py:79} INFO - Running: ['***', 'tasks', 'run', 'ETL_DAG', 'Ingest_from_nutrient_intake_estimates', 'manual__2022-08-14T16:48:28.179984+00:00', '--job-id', '939', '--raw', '--subdir', 'DAGS_FOLDER/etl_dag.py', '--cfg-path', '/tmp/tmpit4_9ume', '--error-file', '/tmp/tmp3wht616b']
[2022-08-14 16:48:33,099] {standard_task_runner.py:80} INFO - Job 939: Subtask Ingest_from_nutrient_intake_estimates
[2022-08-14 16:48:33,166] {task_command.py:371} INFO - Running <TaskInstance: ETL_DAG.Ingest_from_nutrient_intake_estimates manual__2022-08-14T16:48:28.179984+00:00 [running]> on host 0dbf9d5e5cdb
[2022-08-14 16:48:33,255] {taskinstance.py:1591} INFO - Exporting the following env vars:
AIRFLOW_CTX_DAG_OWNER=narapady
AIRFLOW_CTX_DAG_ID=ETL_DAG
AIRFLOW_CTX_TASK_ID=Ingest_from_nutrient_intake_estimates
AIRFLOW_CTX_EXECUTION_DATE=2022-08-14T16:48:28.179984+00:00
AIRFLOW_CTX_TRY_NUMBER=1
AIRFLOW_CTX_DAG_RUN_ID=manual__2022-08-14T16:48:28.179984+00:00
[2022-08-14 16:48:39,557] {logging_mixin.py:115} INFO - Successfully uploaded nutrient-intake-estimates/nutrient_table1.xlsx to s3-bucket-raw-usda
[2022-08-14 16:48:40,871] {logging_mixin.py:115} INFO - Successfully uploaded nutrient-intake-estimates/nutrient_table2.xlsx to s3-bucket-raw-usda
[2022-08-14 16:48:44,929] {logging_mixin.py:115} INFO - Successfully uploaded nutrient-intake-estimates/Archived%202007-10%20Food%20Consumption%20and%20Nutrient%20Inta to s3-bucket-raw-usda
[2022-08-14 16:48:44,931] {python.py:173} INFO - Done. Returned value was: None
[2022-08-14 16:48:44,941] {taskinstance.py:1420} INFO - Marking task as SUCCESS. dag_id=ETL_DAG, task_id=Ingest_from_nutrient_intake_estimates, execution_date=20220814T164828, start_date=20220814T164833, end_date=20220814T164844
[2022-08-14 16:48:44,999] {local_task_job.py:156} INFO - Task exited with return code 0
[2022-08-14 16:48:45,031] {local_task_job.py:273} INFO - 0 downstream tasks scheduled from follow-on schedule check
