[2022-08-12 18:20:58,119] {taskinstance.py:1179} INFO - Dependencies all met for <TaskInstance: ETL_DAG.Ingest_from_2014 manual__2022-08-12T18:20:52.559703+00:00 [queued]>
[2022-08-12 18:20:58,139] {taskinstance.py:1179} INFO - Dependencies all met for <TaskInstance: ETL_DAG.Ingest_from_2014 manual__2022-08-12T18:20:52.559703+00:00 [queued]>
[2022-08-12 18:20:58,141] {taskinstance.py:1376} INFO - 
--------------------------------------------------------------------------------
[2022-08-12 18:20:58,142] {taskinstance.py:1377} INFO - Starting attempt 1 of 6
[2022-08-12 18:20:58,142] {taskinstance.py:1378} INFO - 
--------------------------------------------------------------------------------
[2022-08-12 18:20:58,152] {taskinstance.py:1397} INFO - Executing <Task(PythonOperator): Ingest_from_2014> on 2022-08-12 18:20:52.559703+00:00
[2022-08-12 18:20:58,158] {standard_task_runner.py:52} INFO - Started process 255 to run task
[2022-08-12 18:20:58,171] {standard_task_runner.py:79} INFO - Running: ['***', 'tasks', 'run', 'ETL_DAG', 'Ingest_from_2014', 'manual__2022-08-12T18:20:52.559703+00:00', '--job-id', '892', '--raw', '--subdir', 'DAGS_FOLDER/etl_dag.py', '--cfg-path', '/tmp/tmpom96n73t', '--error-file', '/tmp/tmpt3qg49o2']
[2022-08-12 18:20:58,174] {standard_task_runner.py:80} INFO - Job 892: Subtask Ingest_from_2014
[2022-08-12 18:20:58,265] {task_command.py:371} INFO - Running <TaskInstance: ETL_DAG.Ingest_from_2014 manual__2022-08-12T18:20:52.559703+00:00 [running]> on host 00aa0783f116
[2022-08-12 18:20:58,368] {taskinstance.py:1591} INFO - Exporting the following env vars:
AIRFLOW_CTX_DAG_OWNER=narapady
AIRFLOW_CTX_DAG_ID=ETL_DAG
AIRFLOW_CTX_TASK_ID=Ingest_from_2014
AIRFLOW_CTX_EXECUTION_DATE=2022-08-12T18:20:52.559703+00:00
AIRFLOW_CTX_TRY_NUMBER=1
AIRFLOW_CTX_DAG_RUN_ID=manual__2022-08-12T18:20:52.559703+00:00
[2022-08-12 18:21:06,013] {logging_mixin.py:115} INFO - Successfully uploaded 2014/table1_2014.xls to s3-bucket-raw-usda
[2022-08-12 18:21:07,463] {logging_mixin.py:115} INFO - Successfully uploaded 2014/table2_2014.xls to s3-bucket-raw-usda
[2022-08-12 18:21:09,024] {logging_mixin.py:115} INFO - Successfully uploaded 2014/table3_2014.xls to s3-bucket-raw-usda
[2022-08-12 18:21:10,463] {logging_mixin.py:115} INFO - Successfully uploaded 2014/table4_2014.xls to s3-bucket-raw-usda
[2022-08-12 18:21:11,923] {logging_mixin.py:115} INFO - Successfully uploaded 2014/table5_2014.xls to s3-bucket-raw-usda
[2022-08-12 18:21:13,316] {logging_mixin.py:115} INFO - Successfully uploaded 2014/table6_2014.xls to s3-bucket-raw-usda
[2022-08-12 18:21:14,687] {logging_mixin.py:115} INFO - Successfully uploaded 2014/table7_2014.xls to s3-bucket-raw-usda
[2022-08-12 18:21:16,038] {logging_mixin.py:115} INFO - Successfully uploaded 2014/table8_2014.xls to s3-bucket-raw-usda
[2022-08-12 18:21:17,272] {logging_mixin.py:115} INFO - Successfully uploaded 2014/2008_table1.xls to s3-bucket-raw-usda
[2022-08-12 18:21:19,771] {logging_mixin.py:115} INFO - Successfully uploaded 2014/2008_table2.xls to s3-bucket-raw-usda
[2022-08-12 18:21:21,538] {logging_mixin.py:115} INFO - Successfully uploaded 2014/2008_table3.xls to s3-bucket-raw-usda
[2022-08-12 18:21:22,814] {logging_mixin.py:115} INFO - Successfully uploaded 2014/2008_table4.xls to s3-bucket-raw-usda
[2022-08-12 18:21:24,202] {logging_mixin.py:115} INFO - Successfully uploaded 2014/2008_table5.xls to s3-bucket-raw-usda
[2022-08-12 18:21:25,768] {logging_mixin.py:115} INFO - Successfully uploaded 2014/2008_table6.xls to s3-bucket-raw-usda
[2022-08-12 18:21:27,206] {logging_mixin.py:115} INFO - Successfully uploaded 2014/2008_table7.xls to s3-bucket-raw-usda
[2022-08-12 18:21:27,224] {python.py:173} INFO - Done. Returned value was: None
[2022-08-12 18:21:27,243] {taskinstance.py:1420} INFO - Marking task as SUCCESS. dag_id=ETL_DAG, task_id=Ingest_from_2014, execution_date=20220812T182052, start_date=20220812T182058, end_date=20220812T182127
[2022-08-12 18:21:27,300] {local_task_job.py:156} INFO - Task exited with return code 0
[2022-08-12 18:21:27,331] {local_task_job.py:273} INFO - 0 downstream tasks scheduled from follow-on schedule check
