[2022-08-12 01:25:36,961] {taskinstance.py:1179} INFO - Dependencies all met for <TaskInstance: ETL_DAG_US_FOOD_NUTRITION.Transform_current-food-expenditure-series manual__2022-08-12T01:21:26.402383+00:00 [queued]>
[2022-08-12 01:25:36,976] {taskinstance.py:1179} INFO - Dependencies all met for <TaskInstance: ETL_DAG_US_FOOD_NUTRITION.Transform_current-food-expenditure-series manual__2022-08-12T01:21:26.402383+00:00 [queued]>
[2022-08-12 01:25:36,978] {taskinstance.py:1376} INFO - 
--------------------------------------------------------------------------------
[2022-08-12 01:25:36,978] {taskinstance.py:1377} INFO - Starting attempt 1 of 6
[2022-08-12 01:25:36,979] {taskinstance.py:1378} INFO - 
--------------------------------------------------------------------------------
[2022-08-12 01:25:36,997] {taskinstance.py:1397} INFO - Executing <Task(PythonOperator): Transform_current-food-expenditure-series> on 2022-08-12 01:21:26.402383+00:00
[2022-08-12 01:25:37,013] {standard_task_runner.py:52} INFO - Started process 558 to run task
[2022-08-12 01:25:37,029] {standard_task_runner.py:79} INFO - Running: ['***', 'tasks', 'run', 'ETL_DAG_US_FOOD_NUTRITION', 'Transform_current-food-expenditure-series', 'manual__2022-08-12T01:21:26.402383+00:00', '--job-id', '765', '--raw', '--subdir', 'DAGS_FOLDER/etl_dag.py', '--cfg-path', '/tmp/tmp5ggcn_33', '--error-file', '/tmp/tmp5fuifky9']
[2022-08-12 01:25:37,035] {standard_task_runner.py:80} INFO - Job 765: Subtask Transform_current-food-expenditure-series
[2022-08-12 01:25:37,172] {task_command.py:371} INFO - Running <TaskInstance: ETL_DAG_US_FOOD_NUTRITION.Transform_current-food-expenditure-series manual__2022-08-12T01:21:26.402383+00:00 [running]> on host ae5c2449a624
[2022-08-12 01:25:37,288] {taskinstance.py:1591} INFO - Exporting the following env vars:
AIRFLOW_CTX_DAG_OWNER=narapady
AIRFLOW_CTX_DAG_ID=ETL_DAG_US_FOOD_NUTRITION
AIRFLOW_CTX_TASK_ID=Transform_current-food-expenditure-series
AIRFLOW_CTX_EXECUTION_DATE=2022-08-12T01:21:26.402383+00:00
AIRFLOW_CTX_TRY_NUMBER=1
AIRFLOW_CTX_DAG_RUN_ID=manual__2022-08-12T01:21:26.402383+00:00
[2022-08-12 01:25:54,584] {logging_mixin.py:115} INFO - Successfully process food-expenditure-clean/constant-total-fah.csv to S3
[2022-08-12 01:25:55,070] {logging_mixin.py:115} INFO - Successfully process food-expenditure-clean/constant-total-fafh.csv to S3
[2022-08-12 01:25:55,348] {logging_mixin.py:115} INFO - Successfully process food-expenditure-clean/constant-total-aah.csv to S3
[2022-08-12 01:25:55,701] {logging_mixin.py:115} INFO - Successfully process food-expenditure-clean/constant-total-aafh.csv to S3
[2022-08-12 01:26:12,824] {logging_mixin.py:115} INFO - Successfully process food-expenditure-clean/nominal-total-fah.csv to S3
[2022-08-12 01:26:13,361] {logging_mixin.py:115} INFO - Successfully process food-expenditure-clean/nominal-total-fafh.csv to S3
[2022-08-12 01:26:13,706] {logging_mixin.py:115} INFO - Successfully process food-expenditure-clean/nominal-total-aah.csv to S3
[2022-08-12 01:26:14,006] {logging_mixin.py:115} INFO - Successfully process food-expenditure-clean/nominal-total-aafh.csv to S3
[2022-08-12 01:26:40,314] {logging_mixin.py:115} INFO - Successfully process food-expenditure-clean/nominal-monthly-sale.csv to S3
[2022-08-12 01:26:40,793] {logging_mixin.py:115} INFO - Successfully process food-expenditure-clean/constant-monthly-sale.csv to S3
[2022-08-12 01:26:40,799] {python.py:173} INFO - Done. Returned value was: None
[2022-08-12 01:26:40,830] {taskinstance.py:1420} INFO - Marking task as SUCCESS. dag_id=ETL_DAG_US_FOOD_NUTRITION, task_id=Transform_current-food-expenditure-series, execution_date=20220812T012126, start_date=20220812T012536, end_date=20220812T012640
[2022-08-12 01:26:40,868] {local_task_job.py:156} INFO - Task exited with return code 0
[2022-08-12 01:26:40,896] {local_task_job.py:273} INFO - 1 downstream tasks scheduled from follow-on schedule check
