[2022-08-11 21:38:01,459] {taskinstance.py:1179} INFO - Dependencies all met for <TaskInstance: ETL_DAG_V8.Transform_2016 manual__2022-08-11T21:34:01.587578+00:00 [queued]>
[2022-08-11 21:38:01,475] {taskinstance.py:1179} INFO - Dependencies all met for <TaskInstance: ETL_DAG_V8.Transform_2016 manual__2022-08-11T21:34:01.587578+00:00 [queued]>
[2022-08-11 21:38:01,477] {taskinstance.py:1376} INFO - 
--------------------------------------------------------------------------------
[2022-08-11 21:38:01,477] {taskinstance.py:1377} INFO - Starting attempt 1 of 6
[2022-08-11 21:38:01,479] {taskinstance.py:1378} INFO - 
--------------------------------------------------------------------------------
[2022-08-11 21:38:01,493] {taskinstance.py:1397} INFO - Executing <Task(PythonOperator): Transform_2016> on 2022-08-11 21:34:01.587578+00:00
[2022-08-11 21:38:01,509] {standard_task_runner.py:52} INFO - Started process 517 to run task
[2022-08-11 21:38:01,516] {standard_task_runner.py:79} INFO - Running: ['***', 'tasks', 'run', 'ETL_DAG_V8', 'Transform_2016', 'manual__2022-08-11T21:34:01.587578+00:00', '--job-id', '681', '--raw', '--subdir', 'DAGS_FOLDER/etl_dag.py', '--cfg-path', '/tmp/tmppi3tvbx_', '--error-file', '/tmp/tmpt9xh3h1u']
[2022-08-11 21:38:01,519] {standard_task_runner.py:80} INFO - Job 681: Subtask Transform_2016
[2022-08-11 21:38:01,592] {task_command.py:371} INFO - Running <TaskInstance: ETL_DAG_V8.Transform_2016 manual__2022-08-11T21:34:01.587578+00:00 [running]> on host a02c2b8cab8b
[2022-08-11 21:38:01,690] {taskinstance.py:1591} INFO - Exporting the following env vars:
AIRFLOW_CTX_DAG_OWNER=narapady
AIRFLOW_CTX_DAG_ID=ETL_DAG_V8
AIRFLOW_CTX_TASK_ID=Transform_2016
AIRFLOW_CTX_EXECUTION_DATE=2022-08-11T21:34:01.587578+00:00
AIRFLOW_CTX_TRY_NUMBER=1
AIRFLOW_CTX_DAG_RUN_ID=manual__2022-08-11T21:34:01.587578+00:00
[2022-08-11 21:38:18,794] {logging_mixin.py:115} INFO - Successfully process fast-food-clean/age-15-and-older-2016.csv to S3
[2022-08-11 21:38:19,129] {logging_mixin.py:115} INFO - Successfully process fast-food-clean/age-18-and-older-2016.csv to S3
[2022-08-11 21:38:19,132] {python.py:173} INFO - Done. Returned value was: None
[2022-08-11 21:38:19,147] {taskinstance.py:1420} INFO - Marking task as SUCCESS. dag_id=ETL_DAG_V8, task_id=Transform_2016, execution_date=20220811T213401, start_date=20220811T213801, end_date=20220811T213819
[2022-08-11 21:38:19,169] {local_task_job.py:156} INFO - Task exited with return code 0
[2022-08-11 21:38:19,203] {local_task_job.py:273} INFO - 0 downstream tasks scheduled from follow-on schedule check
