[2022-08-11 05:55:23,456] {taskinstance.py:1179} INFO - Dependencies all met for <TaskInstance: ETL_DAG_V2.Create_snowflake_database manual__2022-08-11T00:39:54.349266+00:00 [queued]>
[2022-08-11 05:55:23,463] {taskinstance.py:1179} INFO - Dependencies all met for <TaskInstance: ETL_DAG_V2.Create_snowflake_database manual__2022-08-11T00:39:54.349266+00:00 [queued]>
[2022-08-11 05:55:23,465] {taskinstance.py:1376} INFO - 
--------------------------------------------------------------------------------
[2022-08-11 05:55:23,466] {taskinstance.py:1377} INFO - Starting attempt 1 of 6
[2022-08-11 05:55:23,467] {taskinstance.py:1378} INFO - 
--------------------------------------------------------------------------------
[2022-08-11 05:55:23,476] {taskinstance.py:1397} INFO - Executing <Task(SnowflakeOperator): Create_snowflake_database> on 2022-08-11 00:39:54.349266+00:00
[2022-08-11 05:55:23,483] {standard_task_runner.py:52} INFO - Started process 17896 to run task
[2022-08-11 05:55:23,487] {standard_task_runner.py:79} INFO - Running: ['***', 'tasks', 'run', 'ETL_DAG_V2', 'Create_snowflake_database', 'manual__2022-08-11T00:39:54.349266+00:00', '--job-id', '201', '--raw', '--subdir', 'DAGS_FOLDER/etl_dag.py', '--cfg-path', '/tmp/tmpp1klfxiw', '--error-file', '/tmp/tmpy_yr793a']
[2022-08-11 05:55:23,490] {standard_task_runner.py:80} INFO - Job 201: Subtask Create_snowflake_database
[2022-08-11 05:55:23,547] {task_command.py:371} INFO - Running <TaskInstance: ETL_DAG_V2.Create_snowflake_database manual__2022-08-11T00:39:54.349266+00:00 [running]> on host c9fcec21ee59
[2022-08-11 05:55:23,603] {taskinstance.py:1591} INFO - Exporting the following env vars:
AIRFLOW_CTX_DAG_OWNER=narapady
AIRFLOW_CTX_DAG_ID=ETL_DAG_V2
AIRFLOW_CTX_TASK_ID=Create_snowflake_database
AIRFLOW_CTX_EXECUTION_DATE=2022-08-11T00:39:54.349266+00:00
AIRFLOW_CTX_TRY_NUMBER=1
AIRFLOW_CTX_DAG_RUN_ID=manual__2022-08-11T00:39:54.349266+00:00
[2022-08-11 05:55:23,606] {snowflake.py:118} INFO - Executing: 
create or replace database us_food_nutrition;
use database us_food_nutrition;
use schema us_food_nutrition.public;

create or replace warehouse food_nutrition_wh with
  warehouse_size='X-SMALL'
  auto_suspend = 180
  auto_resume = true
  initially_suspended=true;

use warehouse food_nutrition_wh;
[2022-08-11 05:55:23,615] {base.py:68} INFO - Using connection ID 'snowflake_conn' for task execution.
[2022-08-11 05:55:23,620] {connection.py:275} INFO - Snowflake Connector for Python Version: 2.7.11, Python Version: 3.7.13, Platform: Linux-5.10.104-linuxkit-aarch64-with-debian-11.3
[2022-08-11 05:55:23,621] {connection.py:927} INFO - This connection is in OCSP Fail Open Mode. TLS Certificates would be checked for validity and revocation status. Any other Certificate Revocation related exceptions or OCSP Responder failures would be disregarded in favor of connectivity.
[2022-08-11 05:55:23,622] {connection.py:944} INFO - Setting use_openssl_only mode to False
[2022-08-11 05:55:24,782] {cursor.py:715} INFO - query: [ALTER SESSION SET autocommit=True]
[2022-08-11 05:55:25,104] {cursor.py:739} INFO - query execution done
[2022-08-11 05:55:25,107] {snowflake.py:328} INFO - Running statement: create or replace database us_food_nutrition;, parameters: None
[2022-08-11 05:55:25,110] {cursor.py:715} INFO - query: [create or replace database us_food_nutrition;]
[2022-08-11 05:55:25,501] {cursor.py:739} INFO - query execution done
[2022-08-11 05:55:25,505] {snowflake.py:338} INFO - Statement execution info - {'status': 'Database US_FOOD_NUTRITION successfully created.'}
[2022-08-11 05:55:25,507] {snowflake.py:342} INFO - Rows affected: 1
[2022-08-11 05:55:25,510] {snowflake.py:343} INFO - Snowflake query id: 01a635c3-0004-2875-001e-00070003507e
[2022-08-11 05:55:25,513] {snowflake.py:328} INFO - Running statement: use database us_food_nutrition;, parameters: None
[2022-08-11 05:55:25,515] {cursor.py:715} INFO - query: [use database us_food_nutrition;]
[2022-08-11 05:55:25,766] {cursor.py:739} INFO - query execution done
[2022-08-11 05:55:25,778] {snowflake.py:338} INFO - Statement execution info - {'status': 'Statement executed successfully.'}
[2022-08-11 05:55:25,790] {snowflake.py:342} INFO - Rows affected: 1
[2022-08-11 05:55:25,798] {snowflake.py:343} INFO - Snowflake query id: 01a635c3-0004-2870-001e-0007000302ce
[2022-08-11 05:55:25,803] {snowflake.py:328} INFO - Running statement: use schema us_food_nutrition.public;, parameters: None
[2022-08-11 05:55:25,807] {cursor.py:715} INFO - query: [use schema us_food_nutrition.public;]
[2022-08-11 05:55:26,045] {cursor.py:739} INFO - query execution done
[2022-08-11 05:55:26,055] {snowflake.py:338} INFO - Statement execution info - {'status': 'Statement executed successfully.'}
[2022-08-11 05:55:26,064] {snowflake.py:342} INFO - Rows affected: 1
[2022-08-11 05:55:26,072] {snowflake.py:343} INFO - Snowflake query id: 01a635c3-0004-2875-001e-000700035082
[2022-08-11 05:55:26,075] {snowflake.py:328} INFO - Running statement: create or replace warehouse food_nutrition_wh with
  warehouse_size='X-SMALL'
  auto_suspend = 180
  auto_resume = true
  initially_suspended=true;, parameters: None
[2022-08-11 05:55:26,079] {cursor.py:715} INFO - query: [create or replace warehouse food_nutrition_wh with warehouse_size='X-SMALL' auto...]
[2022-08-11 05:55:26,490] {cursor.py:739} INFO - query execution done
[2022-08-11 05:55:26,493] {snowflake.py:338} INFO - Statement execution info - {'status': 'Warehouse FOOD_NUTRITION_WH successfully created.'}
[2022-08-11 05:55:26,494] {snowflake.py:342} INFO - Rows affected: 1
[2022-08-11 05:55:26,495] {snowflake.py:343} INFO - Snowflake query id: 01a635c3-0004-286c-001e-00070002c222
[2022-08-11 05:55:26,496] {snowflake.py:328} INFO - Running statement: use warehouse food_nutrition_wh;, parameters: None
[2022-08-11 05:55:26,498] {cursor.py:715} INFO - query: [use warehouse food_nutrition_wh;]
[2022-08-11 05:55:26,719] {cursor.py:739} INFO - query execution done
[2022-08-11 05:55:26,721] {snowflake.py:338} INFO - Statement execution info - {'status': 'Statement executed successfully.'}
[2022-08-11 05:55:26,722] {snowflake.py:342} INFO - Rows affected: 1
[2022-08-11 05:55:26,724] {snowflake.py:343} INFO - Snowflake query id: 01a635c3-0004-2875-001e-000700035086
[2022-08-11 05:55:26,725] {connection.py:557} INFO - closed
[2022-08-11 05:55:26,878] {connection.py:560} INFO - No async queries seem to be running, deleting session
[2022-08-11 05:55:27,102] {taskinstance.py:1420} INFO - Marking task as SUCCESS. dag_id=ETL_DAG_V2, task_id=Create_snowflake_database, execution_date=20220811T003954, start_date=20220811T055523, end_date=20220811T055527
[2022-08-11 05:55:27,142] {local_task_job.py:156} INFO - Task exited with return code 0
[2022-08-11 05:55:27,178] {local_task_job.py:273} INFO - 1 downstream tasks scheduled from follow-on schedule check
