[2022-08-17 00:45:13,254] {taskinstance.py:1179} INFO - Dependencies all met for <TaskInstance: ETL_DAG.Transform_nutrient-intake-estimates manual__2022-08-17T00:44:32.649423+00:00 [queued]>
[2022-08-17 00:45:13,270] {taskinstance.py:1179} INFO - Dependencies all met for <TaskInstance: ETL_DAG.Transform_nutrient-intake-estimates manual__2022-08-17T00:44:32.649423+00:00 [queued]>
[2022-08-17 00:45:13,271] {taskinstance.py:1376} INFO - 
--------------------------------------------------------------------------------
[2022-08-17 00:45:13,272] {taskinstance.py:1377} INFO - Starting attempt 1 of 6
[2022-08-17 00:45:13,273] {taskinstance.py:1378} INFO - 
--------------------------------------------------------------------------------
[2022-08-17 00:45:13,296] {taskinstance.py:1397} INFO - Executing <Task(PythonOperator): Transform_nutrient-intake-estimates> on 2022-08-17 00:44:32.649423+00:00
[2022-08-17 00:45:13,303] {standard_task_runner.py:52} INFO - Started process 353 to run task
[2022-08-17 00:45:13,308] {standard_task_runner.py:79} INFO - Running: ['***', 'tasks', 'run', 'ETL_DAG', 'Transform_nutrient-intake-estimates', 'manual__2022-08-17T00:44:32.649423+00:00', '--job-id', '1135', '--raw', '--subdir', 'DAGS_FOLDER/etl_dag.py', '--cfg-path', '/tmp/tmp0x2sgngh', '--error-file', '/tmp/tmp05fpsjwn']
[2022-08-17 00:45:13,312] {standard_task_runner.py:80} INFO - Job 1135: Subtask Transform_nutrient-intake-estimates
[2022-08-17 00:45:13,399] {task_command.py:371} INFO - Running <TaskInstance: ETL_DAG.Transform_nutrient-intake-estimates manual__2022-08-17T00:44:32.649423+00:00 [running]> on host b6e9d58543c5
[2022-08-17 00:45:13,461] {taskinstance.py:1591} INFO - Exporting the following env vars:
AIRFLOW_CTX_DAG_OWNER=narapady
AIRFLOW_CTX_DAG_ID=ETL_DAG
AIRFLOW_CTX_TASK_ID=Transform_nutrient-intake-estimates
AIRFLOW_CTX_EXECUTION_DATE=2022-08-17T00:44:32.649423+00:00
AIRFLOW_CTX_TRY_NUMBER=1
AIRFLOW_CTX_DAG_RUN_ID=manual__2022-08-17T00:44:32.649423+00:00
[2022-08-17 00:45:30,905] {logging_mixin.py:115} INFO - Successfully process nutrient-intake-estimates-clean/Total population-2015-2016.csv to S3
[2022-08-17 00:45:31,272] {logging_mixin.py:115} INFO - Successfully process nutrient-intake-estimates-clean/Total population-2017-2018.csv to S3
[2022-08-17 00:45:31,556] {logging_mixin.py:115} INFO - Successfully process nutrient-intake-estimates-clean/Children age 2–19-2015-2016.csv to S3
[2022-08-17 00:45:31,871] {logging_mixin.py:115} INFO - Successfully process nutrient-intake-estimates-clean/Children age 2–19-2017-2018.csv to S3
[2022-08-17 00:45:32,205] {logging_mixin.py:115} INFO - Successfully process nutrient-intake-estimates-clean/Adults age 20-64-2015-2016.csv to S3
[2022-08-17 00:45:32,533] {logging_mixin.py:115} INFO - Successfully process nutrient-intake-estimates-clean/Adults age 20-64-2017-2018.csv to S3
[2022-08-17 00:45:32,885] {logging_mixin.py:115} INFO - Successfully process nutrient-intake-estimates-clean/Seniors age 65 and above-2015-2016.csv to S3
[2022-08-17 00:45:33,227] {logging_mixin.py:115} INFO - Successfully process nutrient-intake-estimates-clean/Seniors age 65 and above-2017-2018.csv to S3
[2022-08-17 00:45:33,542] {logging_mixin.py:115} INFO - Successfully process nutrient-intake-estimates-clean/Household income < 185% poverty line-2015-2016.csv to S3
[2022-08-17 00:45:33,840] {logging_mixin.py:115} INFO - Successfully process nutrient-intake-estimates-clean/Household income < 185% poverty line-2017-2018.csv to S3
[2022-08-17 00:45:34,158] {logging_mixin.py:115} INFO - Successfully process nutrient-intake-estimates-clean/Household income 185–300% poverty line-2015-2016.csv to S3
[2022-08-17 00:45:34,466] {logging_mixin.py:115} INFO - Successfully process nutrient-intake-estimates-clean/Household income 185–300% poverty line-2017-2018.csv to S3
[2022-08-17 00:45:34,793] {logging_mixin.py:115} INFO - Successfully process nutrient-intake-estimates-clean/Household income > 300% poverty line-2015-2016.csv to S3
[2022-08-17 00:45:35,134] {logging_mixin.py:115} INFO - Successfully process nutrient-intake-estimates-clean/Household income > 300% poverty line-2017-2018.csv to S3
[2022-08-17 00:45:35,146] {python.py:173} INFO - Done. Returned value was: None
[2022-08-17 00:45:35,170] {taskinstance.py:1420} INFO - Marking task as SUCCESS. dag_id=ETL_DAG, task_id=Transform_nutrient-intake-estimates, execution_date=20220817T004432, start_date=20220817T004513, end_date=20220817T004535
[2022-08-17 00:45:35,213] {local_task_job.py:156} INFO - Task exited with return code 0
[2022-08-17 00:45:35,239] {local_task_job.py:273} INFO - 0 downstream tasks scheduled from follow-on schedule check
