[2022-08-14 16:51:41,680] {taskinstance.py:1179} INFO - Dependencies all met for <TaskInstance: ETL_DAG.Stage_price-index-clean scheduled__2022-08-07T00:00:00+00:00 [queued]>
[2022-08-14 16:51:41,689] {taskinstance.py:1179} INFO - Dependencies all met for <TaskInstance: ETL_DAG.Stage_price-index-clean scheduled__2022-08-07T00:00:00+00:00 [queued]>
[2022-08-14 16:51:41,690] {taskinstance.py:1376} INFO - 
--------------------------------------------------------------------------------
[2022-08-14 16:51:41,691] {taskinstance.py:1377} INFO - Starting attempt 1 of 6
[2022-08-14 16:51:41,692] {taskinstance.py:1378} INFO - 
--------------------------------------------------------------------------------
[2022-08-14 16:51:41,702] {taskinstance.py:1397} INFO - Executing <Task(PythonOperator): Stage_price-index-clean> on 2022-08-07 00:00:00+00:00
[2022-08-14 16:51:41,706] {standard_task_runner.py:52} INFO - Started process 754 to run task
[2022-08-14 16:51:41,710] {standard_task_runner.py:79} INFO - Running: ['***', 'tasks', 'run', 'ETL_DAG', 'Stage_price-index-clean', 'scheduled__2022-08-07T00:00:00+00:00', '--job-id', '961', '--raw', '--subdir', 'DAGS_FOLDER/etl_dag.py', '--cfg-path', '/tmp/tmpig7jgeh1', '--error-file', '/tmp/tmplaw91jg8']
[2022-08-14 16:51:41,712] {standard_task_runner.py:80} INFO - Job 961: Subtask Stage_price-index-clean
[2022-08-14 16:51:41,761] {task_command.py:371} INFO - Running <TaskInstance: ETL_DAG.Stage_price-index-clean scheduled__2022-08-07T00:00:00+00:00 [running]> on host 0dbf9d5e5cdb
[2022-08-14 16:51:41,807] {taskinstance.py:1591} INFO - Exporting the following env vars:
AIRFLOW_CTX_DAG_OWNER=narapady
AIRFLOW_CTX_DAG_ID=ETL_DAG
AIRFLOW_CTX_TASK_ID=Stage_price-index-clean
AIRFLOW_CTX_EXECUTION_DATE=2022-08-07T00:00:00+00:00
AIRFLOW_CTX_TRY_NUMBER=1
AIRFLOW_CTX_DAG_RUN_ID=scheduled__2022-08-07T00:00:00+00:00
[2022-08-14 16:51:44,772] {logging_mixin.py:115} INFO - Successfully loaded price-index-staged.csv to s3-bucket-staged
[2022-08-14 16:51:44,774] {python.py:173} INFO - Done. Returned value was: None
[2022-08-14 16:51:44,789] {taskinstance.py:1420} INFO - Marking task as SUCCESS. dag_id=ETL_DAG, task_id=Stage_price-index-clean, execution_date=20220807T000000, start_date=20220814T165141, end_date=20220814T165144
[2022-08-14 16:51:44,828] {local_task_job.py:156} INFO - Task exited with return code 0
[2022-08-14 16:51:44,856] {local_task_job.py:273} INFO - 0 downstream tasks scheduled from follow-on schedule check
