[2022-08-11 21:34:06,813] {taskinstance.py:1179} INFO - Dependencies all met for <TaskInstance: ETL_DAG_V8.Ingest_from_2015 manual__2022-08-11T21:34:01.587578+00:00 [queued]>
[2022-08-11 21:34:06,827] {taskinstance.py:1179} INFO - Dependencies all met for <TaskInstance: ETL_DAG_V8.Ingest_from_2015 manual__2022-08-11T21:34:01.587578+00:00 [queued]>
[2022-08-11 21:34:06,829] {taskinstance.py:1376} INFO - 
--------------------------------------------------------------------------------
[2022-08-11 21:34:06,830] {taskinstance.py:1377} INFO - Starting attempt 1 of 6
[2022-08-11 21:34:06,831] {taskinstance.py:1378} INFO - 
--------------------------------------------------------------------------------
[2022-08-11 21:34:06,845] {taskinstance.py:1397} INFO - Executing <Task(PythonOperator): Ingest_from_2015> on 2022-08-11 21:34:01.587578+00:00
[2022-08-11 21:34:06,853] {standard_task_runner.py:52} INFO - Started process 238 to run task
[2022-08-11 21:34:06,861] {standard_task_runner.py:79} INFO - Running: ['***', 'tasks', 'run', 'ETL_DAG_V8', 'Ingest_from_2015', 'manual__2022-08-11T21:34:01.587578+00:00', '--job-id', '676', '--raw', '--subdir', 'DAGS_FOLDER/etl_dag.py', '--cfg-path', '/tmp/tmpeavopfrs', '--error-file', '/tmp/tmp7jg3j4ds']
[2022-08-11 21:34:06,869] {standard_task_runner.py:80} INFO - Job 676: Subtask Ingest_from_2015
[2022-08-11 21:34:07,010] {task_command.py:371} INFO - Running <TaskInstance: ETL_DAG_V8.Ingest_from_2015 manual__2022-08-11T21:34:01.587578+00:00 [running]> on host a02c2b8cab8b
[2022-08-11 21:34:07,121] {taskinstance.py:1591} INFO - Exporting the following env vars:
AIRFLOW_CTX_DAG_OWNER=narapady
AIRFLOW_CTX_DAG_ID=ETL_DAG_V8
AIRFLOW_CTX_TASK_ID=Ingest_from_2015
AIRFLOW_CTX_EXECUTION_DATE=2022-08-11T21:34:01.587578+00:00
AIRFLOW_CTX_TRY_NUMBER=1
AIRFLOW_CTX_DAG_RUN_ID=manual__2022-08-11T21:34:01.587578+00:00
[2022-08-11 21:34:14,390] {logging_mixin.py:115} INFO - Successfully uploaded 2015/Table1_2015.xlsx to s3-bucket-raw-usda
[2022-08-11 21:34:15,594] {logging_mixin.py:115} INFO - Successfully uploaded 2015/Table2_2015.xlsx to s3-bucket-raw-usda
[2022-08-11 21:34:16,738] {logging_mixin.py:115} INFO - Successfully uploaded 2015/Table3_2015.xlsx to s3-bucket-raw-usda
[2022-08-11 21:34:18,058] {logging_mixin.py:115} INFO - Successfully uploaded 2015/Table4_2015.xlsx to s3-bucket-raw-usda
[2022-08-11 21:34:19,164] {logging_mixin.py:115} INFO - Successfully uploaded 2015/Table5_2015.xlsx to s3-bucket-raw-usda
[2022-08-11 21:34:20,323] {logging_mixin.py:115} INFO - Successfully uploaded 2015/Table6_2015.xlsx to s3-bucket-raw-usda
[2022-08-11 21:34:21,625] {logging_mixin.py:115} INFO - Successfully uploaded 2015/Table7_2015.xlsx to s3-bucket-raw-usda
[2022-08-11 21:34:22,724] {logging_mixin.py:115} INFO - Successfully uploaded 2015/Table8_2015.xlsx to s3-bucket-raw-usda
[2022-08-11 21:34:22,735] {python.py:173} INFO - Done. Returned value was: None
[2022-08-11 21:34:22,757] {taskinstance.py:1420} INFO - Marking task as SUCCESS. dag_id=ETL_DAG_V8, task_id=Ingest_from_2015, execution_date=20220811T213401, start_date=20220811T213406, end_date=20220811T213422
[2022-08-11 21:34:22,796] {local_task_job.py:156} INFO - Task exited with return code 0
[2022-08-11 21:34:22,827] {local_task_job.py:273} INFO - 0 downstream tasks scheduled from follow-on schedule check
