[2022-08-12 05:38:43,952] {taskinstance.py:1179} INFO - Dependencies all met for <TaskInstance: ETL_DAG.Stage_loss-adjusted-food-availability-clean manual__2022-08-12T05:33:31.619708+00:00 [queued]>
[2022-08-12 05:38:43,964] {taskinstance.py:1179} INFO - Dependencies all met for <TaskInstance: ETL_DAG.Stage_loss-adjusted-food-availability-clean manual__2022-08-12T05:33:31.619708+00:00 [queued]>
[2022-08-12 05:38:43,967] {taskinstance.py:1376} INFO - 
--------------------------------------------------------------------------------
[2022-08-12 05:38:43,968] {taskinstance.py:1377} INFO - Starting attempt 1 of 6
[2022-08-12 05:38:43,970] {taskinstance.py:1378} INFO - 
--------------------------------------------------------------------------------
[2022-08-12 05:38:43,983] {taskinstance.py:1397} INFO - Executing <Task(PythonOperator): Stage_loss-adjusted-food-availability-clean> on 2022-08-12 05:33:31.619708+00:00
[2022-08-12 05:38:43,989] {standard_task_runner.py:52} INFO - Started process 720 to run task
[2022-08-12 05:38:43,993] {standard_task_runner.py:79} INFO - Running: ['***', 'tasks', 'run', 'ETL_DAG', 'Stage_loss-adjusted-food-availability-clean', 'manual__2022-08-12T05:33:31.619708+00:00', '--job-id', '868', '--raw', '--subdir', 'DAGS_FOLDER/etl_dag.py', '--cfg-path', '/tmp/tmpue3439oi', '--error-file', '/tmp/tmptjy79pnv']
[2022-08-12 05:38:43,996] {standard_task_runner.py:80} INFO - Job 868: Subtask Stage_loss-adjusted-food-availability-clean
[2022-08-12 05:38:44,063] {task_command.py:371} INFO - Running <TaskInstance: ETL_DAG.Stage_loss-adjusted-food-availability-clean manual__2022-08-12T05:33:31.619708+00:00 [running]> on host 959a8f00817b
[2022-08-12 05:38:44,159] {taskinstance.py:1591} INFO - Exporting the following env vars:
AIRFLOW_CTX_DAG_OWNER=narapady
AIRFLOW_CTX_DAG_ID=ETL_DAG
AIRFLOW_CTX_TASK_ID=Stage_loss-adjusted-food-availability-clean
AIRFLOW_CTX_EXECUTION_DATE=2022-08-12T05:33:31.619708+00:00
AIRFLOW_CTX_TRY_NUMBER=1
AIRFLOW_CTX_DAG_RUN_ID=manual__2022-08-12T05:33:31.619708+00:00
[2022-08-12 05:41:02,887] {logging_mixin.py:115} INFO - Successfully loaded percents-staged.csv to s3-bucket-staged
[2022-08-12 05:41:11,632] {logging_mixin.py:115} INFO - Successfully loaded totals-staged.csv to s3-bucket-staged
[2022-08-12 05:42:12,931] {logging_mixin.py:115} INFO - Successfully loaded loss-adjusted-food-availability-staged.csv to s3-bucket-staged
[2022-08-12 05:42:12,951] {python.py:173} INFO - Done. Returned value was: None
[2022-08-12 05:42:12,976] {taskinstance.py:1420} INFO - Marking task as SUCCESS. dag_id=ETL_DAG, task_id=Stage_loss-adjusted-food-availability-clean, execution_date=20220812T053331, start_date=20220812T053843, end_date=20220812T054212
[2022-08-12 05:42:13,059] {local_task_job.py:156} INFO - Task exited with return code 0
[2022-08-12 05:42:13,089] {local_task_job.py:273} INFO - 1 downstream tasks scheduled from follow-on schedule check
