[2022-08-11 05:57:45,449] {taskinstance.py:1179} INFO - Dependencies all met for <TaskInstance: ETL_DAG_V2.load_into_fast_food_table manual__2022-08-11T05:57:31.582348+00:00 [queued]>
[2022-08-11 05:57:45,481] {taskinstance.py:1179} INFO - Dependencies all met for <TaskInstance: ETL_DAG_V2.load_into_fast_food_table manual__2022-08-11T05:57:31.582348+00:00 [queued]>
[2022-08-11 05:57:45,488] {taskinstance.py:1376} INFO - 
--------------------------------------------------------------------------------
[2022-08-11 05:57:45,493] {taskinstance.py:1377} INFO - Starting attempt 1 of 6
[2022-08-11 05:57:45,494] {taskinstance.py:1378} INFO - 
--------------------------------------------------------------------------------
[2022-08-11 05:57:45,521] {taskinstance.py:1397} INFO - Executing <Task(S3ToSnowflakeOperator): load_into_fast_food_table> on 2022-08-11 05:57:31.582348+00:00
[2022-08-11 05:57:45,537] {standard_task_runner.py:52} INFO - Started process 18170 to run task
[2022-08-11 05:57:45,576] {standard_task_runner.py:79} INFO - Running: ['***', 'tasks', 'run', 'ETL_DAG_V2', 'load_into_fast_food_table', 'manual__2022-08-11T05:57:31.582348+00:00', '--job-id', '217', '--raw', '--subdir', 'DAGS_FOLDER/etl_dag.py', '--cfg-path', '/tmp/tmpzpkj9p5r', '--error-file', '/tmp/tmph7qdu3nv']
[2022-08-11 05:57:45,591] {standard_task_runner.py:80} INFO - Job 217: Subtask load_into_fast_food_table
[2022-08-11 05:57:45,884] {task_command.py:371} INFO - Running <TaskInstance: ETL_DAG_V2.load_into_fast_food_table manual__2022-08-11T05:57:31.582348+00:00 [running]> on host c9fcec21ee59
[2022-08-11 05:57:46,011] {taskinstance.py:1591} INFO - Exporting the following env vars:
AIRFLOW_CTX_DAG_OWNER=narapady
AIRFLOW_CTX_DAG_ID=ETL_DAG_V2
AIRFLOW_CTX_TASK_ID=load_into_fast_food_table
AIRFLOW_CTX_EXECUTION_DATE=2022-08-11T05:57:31.582348+00:00
AIRFLOW_CTX_TRY_NUMBER=1
AIRFLOW_CTX_DAG_RUN_ID=manual__2022-08-11T05:57:31.582348+00:00
[2022-08-11 05:57:46,014] {s3_to_snowflake.py:135} INFO - Executing COPY command...
[2022-08-11 05:57:46,032] {base.py:68} INFO - Using connection ID 'snowflake_conn' for task execution.
[2022-08-11 05:57:46,043] {connection.py:275} INFO - Snowflake Connector for Python Version: 2.7.11, Python Version: 3.7.13, Platform: Linux-5.10.104-linuxkit-aarch64-with-debian-11.3
[2022-08-11 05:57:46,047] {connection.py:927} INFO - This connection is in OCSP Fail Open Mode. TLS Certificates would be checked for validity and revocation status. Any other Certificate Revocation related exceptions or OCSP Responder failures would be disregarded in favor of connectivity.
[2022-08-11 05:57:46,049] {connection.py:944} INFO - Setting use_openssl_only mode to False
[2022-08-11 05:57:47,201] {cursor.py:715} INFO - query: [ALTER SESSION SET autocommit=True]
[2022-08-11 05:57:47,383] {cursor.py:739} INFO - query execution done
[2022-08-11 05:57:47,385] {snowflake.py:328} INFO - Running statement: COPY INTO public.fast_food
FROM @s3_stage/
files=('fast-food-staged.csv')
file_format=csv_format, parameters: None
[2022-08-11 05:57:47,386] {cursor.py:715} INFO - query: [COPY INTO public.fast_food FROM @s3_stage/ files=('fast-food-staged.csv') file_f...]
[2022-08-11 05:57:47,569] {cursor.py:739} INFO - query execution done
[2022-08-11 05:57:47,573] {connection.py:557} INFO - closed
[2022-08-11 05:57:47,796] {connection.py:560} INFO - No async queries seem to be running, deleting session
[2022-08-11 05:57:47,971] {taskinstance.py:1909} ERROR - Task failed with exception
Traceback (most recent call last):
  File "/home/airflow/.local/lib/python3.7/site-packages/airflow/providers/snowflake/transfers/s3_to_snowflake.py", line 136, in execute
    snowflake_hook.run(copy_query, self.autocommit)
  File "/home/airflow/.local/lib/python3.7/site-packages/airflow/providers/snowflake/hooks/snowflake.py", line 332, in run
    cur.execute(sql_statement)
  File "/home/airflow/.local/lib/python3.7/site-packages/snowflake/connector/cursor.py", line 804, in execute
    Error.errorhandler_wrapper(self.connection, self, error_class, errvalue)
  File "/home/airflow/.local/lib/python3.7/site-packages/snowflake/connector/errors.py", line 280, in errorhandler_wrapper
    error_value,
  File "/home/airflow/.local/lib/python3.7/site-packages/snowflake/connector/errors.py", line 331, in hand_to_other_handler
    cursor.errorhandler(connection, cursor, error_class, error_value)
  File "/home/airflow/.local/lib/python3.7/site-packages/snowflake/connector/errors.py", line 217, in default_errorhandler
    cursor=cursor,
snowflake.connector.errors.ProgrammingError: 002003 (02000): 01a635c5-0004-2875-001e-0007000350e6: SQL compilation error:
Stage 'US_FOOD_NUTRITION.PUBLIC.S3_STAGE' does not exist or not authorized.
[2022-08-11 05:57:47,982] {taskinstance.py:1420} INFO - Marking task as UP_FOR_RETRY. dag_id=ETL_DAG_V2, task_id=load_into_fast_food_table, execution_date=20220811T055731, start_date=20220811T055745, end_date=20220811T055747
[2022-08-11 05:57:47,993] {standard_task_runner.py:97} ERROR - Failed to execute job 217 for task load_into_fast_food_table (002003 (02000): 01a635c5-0004-2875-001e-0007000350e6: SQL compilation error:
Stage 'US_FOOD_NUTRITION.PUBLIC.S3_STAGE' does not exist or not authorized.; 18170)
[2022-08-11 05:57:48,020] {local_task_job.py:156} INFO - Task exited with return code 1
[2022-08-11 05:57:48,046] {local_task_job.py:273} INFO - 0 downstream tasks scheduled from follow-on schedule check
[2022-08-11 19:17:03,008] {taskinstance.py:1179} INFO - Dependencies all met for <TaskInstance: ETL_DAG_V2.Load_into_fast_food_table manual__2022-08-11T05:57:31.582348+00:00 [queued]>
[2022-08-11 19:17:03,061] {taskinstance.py:1179} INFO - Dependencies all met for <TaskInstance: ETL_DAG_V2.Load_into_fast_food_table manual__2022-08-11T05:57:31.582348+00:00 [queued]>
[2022-08-11 19:17:03,064] {taskinstance.py:1376} INFO - 
--------------------------------------------------------------------------------
[2022-08-11 19:17:03,065] {taskinstance.py:1377} INFO - Starting attempt 1 of 6
[2022-08-11 19:17:03,066] {taskinstance.py:1378} INFO - 
--------------------------------------------------------------------------------
[2022-08-11 19:17:03,109] {taskinstance.py:1397} INFO - Executing <Task(S3ToSnowflakeOperator): Load_into_fast_food_table> on 2022-08-11 05:57:31.582348+00:00
[2022-08-11 19:17:03,119] {standard_task_runner.py:52} INFO - Started process 1422 to run task
[2022-08-11 19:17:03,159] {standard_task_runner.py:79} INFO - Running: ['***', 'tasks', 'run', 'ETL_DAG_V2', 'Load_into_fast_food_table', 'manual__2022-08-11T05:57:31.582348+00:00', '--job-id', '445', '--raw', '--subdir', 'DAGS_FOLDER/etl_dag.py', '--cfg-path', '/tmp/tmpuq6_zwtc', '--error-file', '/tmp/tmpka3g3m8g']
[2022-08-11 19:17:03,163] {standard_task_runner.py:80} INFO - Job 445: Subtask Load_into_fast_food_table
[2022-08-11 19:17:03,315] {task_command.py:371} INFO - Running <TaskInstance: ETL_DAG_V2.Load_into_fast_food_table manual__2022-08-11T05:57:31.582348+00:00 [running]> on host ce1be8c59d56
[2022-08-11 19:17:03,444] {taskinstance.py:1591} INFO - Exporting the following env vars:
AIRFLOW_CTX_DAG_OWNER=narapady
AIRFLOW_CTX_DAG_ID=ETL_DAG_V2
AIRFLOW_CTX_TASK_ID=Load_into_fast_food_table
AIRFLOW_CTX_EXECUTION_DATE=2022-08-11T05:57:31.582348+00:00
AIRFLOW_CTX_TRY_NUMBER=1
AIRFLOW_CTX_DAG_RUN_ID=manual__2022-08-11T05:57:31.582348+00:00
[2022-08-11 19:17:03,448] {s3_to_snowflake.py:135} INFO - Executing COPY command...
[2022-08-11 19:17:03,469] {base.py:68} INFO - Using connection ID 'snowflake_conn' for task execution.
[2022-08-11 19:17:03,474] {connection.py:275} INFO - Snowflake Connector for Python Version: 2.7.11, Python Version: 3.7.13, Platform: Linux-5.10.104-linuxkit-aarch64-with-debian-11.3
[2022-08-11 19:17:03,475] {connection.py:927} INFO - This connection is in OCSP Fail Open Mode. TLS Certificates would be checked for validity and revocation status. Any other Certificate Revocation related exceptions or OCSP Responder failures would be disregarded in favor of connectivity.
[2022-08-11 19:17:03,476] {connection.py:944} INFO - Setting use_openssl_only mode to False
[2022-08-11 19:17:04,756] {cursor.py:715} INFO - query: [ALTER SESSION SET autocommit=True]
[2022-08-11 19:17:04,966] {cursor.py:739} INFO - query execution done
[2022-08-11 19:17:04,968] {snowflake.py:328} INFO - Running statement: COPY INTO public.fast_food
FROM @s3_stage/
files=('fast-food-staged.csv')
file_format=csv_format, parameters: None
[2022-08-11 19:17:04,971] {cursor.py:715} INFO - query: [COPY INTO public.fast_food FROM @s3_stage/ files=('fast-food-staged.csv') file_f...]
[2022-08-11 19:17:05,664] {cursor.py:739} INFO - query execution done
[2022-08-11 19:17:05,666] {snowflake.py:338} INFO - Statement execution info - {'file': 's3://s3-bucket-staged/fast-food-staged.csv', 'status': 'LOAD_SKIPPED', 'rows_parsed': 0, 'rows_loaded': 0, 'error_limit': None, 'errors_seen': 1, 'first_error': 'File was loaded before.', 'first_error_line': None, 'first_error_character': None, 'first_error_column_name': None}
[2022-08-11 19:17:05,667] {snowflake.py:342} INFO - Rows affected: 1
[2022-08-11 19:17:05,668] {snowflake.py:343} INFO - Snowflake query id: 01a638e5-0004-2881-001e-00070003a03a
[2022-08-11 19:17:05,669] {connection.py:557} INFO - closed
[2022-08-11 19:17:05,823] {connection.py:560} INFO - No async queries seem to be running, deleting session
[2022-08-11 19:17:06,030] {s3_to_snowflake.py:137} INFO - COPY command completed
[2022-08-11 19:17:06,057] {taskinstance.py:1420} INFO - Marking task as SUCCESS. dag_id=ETL_DAG_V2, task_id=Load_into_fast_food_table, execution_date=20220811T055731, start_date=20220811T191703, end_date=20220811T191706
[2022-08-11 19:17:06,104] {local_task_job.py:156} INFO - Task exited with return code 0
[2022-08-11 19:17:06,162] {local_task_job.py:273} INFO - 0 downstream tasks scheduled from follow-on schedule check
