[2022-08-15 20:57:06,341] {taskinstance.py:1179} INFO - Dependencies all met for <TaskInstance: ETL_DAG.Create_s3_bucket_transform manual__2022-08-15T20:56:28.970676+00:00 [queued]>
[2022-08-15 20:57:06,347] {taskinstance.py:1179} INFO - Dependencies all met for <TaskInstance: ETL_DAG.Create_s3_bucket_transform manual__2022-08-15T20:56:28.970676+00:00 [queued]>
[2022-08-15 20:57:06,348] {taskinstance.py:1376} INFO - 
--------------------------------------------------------------------------------
[2022-08-15 20:57:06,349] {taskinstance.py:1377} INFO - Starting attempt 1 of 6
[2022-08-15 20:57:06,350] {taskinstance.py:1378} INFO - 
--------------------------------------------------------------------------------
[2022-08-15 20:57:06,358] {taskinstance.py:1397} INFO - Executing <Task(PythonOperator): Create_s3_bucket_transform> on 2022-08-15 20:56:28.970676+00:00
[2022-08-15 20:57:06,363] {standard_task_runner.py:52} INFO - Started process 1590 to run task
[2022-08-15 20:57:06,366] {standard_task_runner.py:79} INFO - Running: ['***', 'tasks', 'run', 'ETL_DAG', 'Create_s3_bucket_transform', 'manual__2022-08-15T20:56:28.970676+00:00', '--job-id', '1053', '--raw', '--subdir', 'DAGS_FOLDER/etl_dag.py', '--cfg-path', '/tmp/tmprwhvexl1', '--error-file', '/tmp/tmp1ror444e']
[2022-08-15 20:57:06,369] {standard_task_runner.py:80} INFO - Job 1053: Subtask Create_s3_bucket_transform
[2022-08-15 20:57:06,411] {task_command.py:371} INFO - Running <TaskInstance: ETL_DAG.Create_s3_bucket_transform manual__2022-08-15T20:56:28.970676+00:00 [running]> on host 42abdd2e54ec
[2022-08-15 20:57:06,455] {taskinstance.py:1591} INFO - Exporting the following env vars:
AIRFLOW_CTX_DAG_OWNER=narapady
AIRFLOW_CTX_DAG_ID=ETL_DAG
AIRFLOW_CTX_TASK_ID=Create_s3_bucket_transform
AIRFLOW_CTX_EXECUTION_DATE=2022-08-15T20:56:28.970676+00:00
AIRFLOW_CTX_TRY_NUMBER=1
AIRFLOW_CTX_DAG_RUN_ID=manual__2022-08-15T20:56:28.970676+00:00
[2022-08-15 20:57:07,319] {python.py:173} INFO - Done. Returned value was: {'ResponseMetadata': {'RequestId': 'XFFR0AYJ0823MXGH', 'HostId': 'LGQPNHuKBlY0oRYmX+AkHwjbeeUtKAaEkdrngfRVooc96kfHhtS440TdCmzEhbe2YhsLpLSY+ZA=', 'HTTPStatusCode': 200, 'HTTPHeaders': {'x-amz-id-2': 'LGQPNHuKBlY0oRYmX+AkHwjbeeUtKAaEkdrngfRVooc96kfHhtS440TdCmzEhbe2YhsLpLSY+ZA=', 'x-amz-request-id': 'XFFR0AYJ0823MXGH', 'date': 'Mon, 15 Aug 2022 20:57:08 GMT', 'location': '/s3-bucket-clean-usda', 'server': 'AmazonS3', 'content-length': '0'}, 'RetryAttempts': 0}, 'Location': '/s3-bucket-clean-usda'}
[2022-08-15 20:57:07,367] {taskinstance.py:1420} INFO - Marking task as SUCCESS. dag_id=ETL_DAG, task_id=Create_s3_bucket_transform, execution_date=20220815T205628, start_date=20220815T205706, end_date=20220815T205707
[2022-08-15 20:57:07,401] {local_task_job.py:156} INFO - Task exited with return code 0
[2022-08-15 20:57:07,436] {local_task_job.py:273} INFO - 8 downstream tasks scheduled from follow-on schedule check
