[2022-08-11 21:21:02,626] {taskinstance.py:1179} INFO - Dependencies all met for <TaskInstance: ETL_DAG_V8.Stage_price-index-clean manual__2022-08-11T21:16:03.096610+00:00 [queued]>
[2022-08-11 21:21:02,655] {taskinstance.py:1179} INFO - Dependencies all met for <TaskInstance: ETL_DAG_V8.Stage_price-index-clean manual__2022-08-11T21:16:03.096610+00:00 [queued]>
[2022-08-11 21:21:02,656] {taskinstance.py:1376} INFO - 
--------------------------------------------------------------------------------
[2022-08-11 21:21:02,659] {taskinstance.py:1377} INFO - Starting attempt 1 of 6
[2022-08-11 21:21:02,660] {taskinstance.py:1378} INFO - 
--------------------------------------------------------------------------------
[2022-08-11 21:21:02,685] {taskinstance.py:1397} INFO - Executing <Task(PythonOperator): Stage_price-index-clean> on 2022-08-11 21:16:03.096610+00:00
[2022-08-11 21:21:02,696] {standard_task_runner.py:52} INFO - Started process 10489 to run task
[2022-08-11 21:21:02,707] {standard_task_runner.py:79} INFO - Running: ['***', 'tasks', 'run', 'ETL_DAG_V8', 'Stage_price-index-clean', 'manual__2022-08-11T21:16:03.096610+00:00', '--job-id', '651', '--raw', '--subdir', 'DAGS_FOLDER/etl_dag.py', '--cfg-path', '/tmp/tmpxm_m9ham', '--error-file', '/tmp/tmp4y7kcc0b']
[2022-08-11 21:21:02,713] {standard_task_runner.py:80} INFO - Job 651: Subtask Stage_price-index-clean
[2022-08-11 21:21:02,825] {task_command.py:371} INFO - Running <TaskInstance: ETL_DAG_V8.Stage_price-index-clean manual__2022-08-11T21:16:03.096610+00:00 [running]> on host ce1be8c59d56
[2022-08-11 21:21:02,896] {taskinstance.py:1591} INFO - Exporting the following env vars:
AIRFLOW_CTX_DAG_OWNER=narapady
AIRFLOW_CTX_DAG_ID=ETL_DAG_V8
AIRFLOW_CTX_TASK_ID=Stage_price-index-clean
AIRFLOW_CTX_EXECUTION_DATE=2022-08-11T21:16:03.096610+00:00
AIRFLOW_CTX_TRY_NUMBER=1
AIRFLOW_CTX_DAG_RUN_ID=manual__2022-08-11T21:16:03.096610+00:00
[2022-08-11 21:21:05,885] {logging_mixin.py:115} INFO - Successfully loaded price-index-staged.csv to s3-bucket-staged
[2022-08-11 21:21:05,888] {python.py:173} INFO - Done. Returned value was: None
[2022-08-11 21:21:05,899] {taskinstance.py:1420} INFO - Marking task as SUCCESS. dag_id=ETL_DAG_V8, task_id=Stage_price-index-clean, execution_date=20220811T211603, start_date=20220811T212102, end_date=20220811T212105
[2022-08-11 21:21:05,924] {local_task_job.py:156} INFO - Task exited with return code 0
[2022-08-11 21:21:05,953] {local_task_job.py:273} INFO - 0 downstream tasks scheduled from follow-on schedule check
