[2022-08-11 21:38:01,674] {taskinstance.py:1179} INFO - Dependencies all met for <TaskInstance: ETL_DAG_V8.Transform_food-consumption-estimates manual__2022-08-11T21:34:01.587578+00:00 [queued]>
[2022-08-11 21:38:01,691] {taskinstance.py:1179} INFO - Dependencies all met for <TaskInstance: ETL_DAG_V8.Transform_food-consumption-estimates manual__2022-08-11T21:34:01.587578+00:00 [queued]>
[2022-08-11 21:38:01,692] {taskinstance.py:1376} INFO - 
--------------------------------------------------------------------------------
[2022-08-11 21:38:01,693] {taskinstance.py:1377} INFO - Starting attempt 1 of 6
[2022-08-11 21:38:01,696] {taskinstance.py:1378} INFO - 
--------------------------------------------------------------------------------
[2022-08-11 21:38:01,715] {taskinstance.py:1397} INFO - Executing <Task(PythonOperator): Transform_food-consumption-estimates> on 2022-08-11 21:34:01.587578+00:00
[2022-08-11 21:38:01,722] {standard_task_runner.py:52} INFO - Started process 522 to run task
[2022-08-11 21:38:01,736] {standard_task_runner.py:79} INFO - Running: ['***', 'tasks', 'run', 'ETL_DAG_V8', 'Transform_food-consumption-estimates', 'manual__2022-08-11T21:34:01.587578+00:00', '--job-id', '686', '--raw', '--subdir', 'DAGS_FOLDER/etl_dag.py', '--cfg-path', '/tmp/tmpj6pxxa83', '--error-file', '/tmp/tmpdr6ge7mz']
[2022-08-11 21:38:01,743] {standard_task_runner.py:80} INFO - Job 686: Subtask Transform_food-consumption-estimates
[2022-08-11 21:38:01,838] {task_command.py:371} INFO - Running <TaskInstance: ETL_DAG_V8.Transform_food-consumption-estimates manual__2022-08-11T21:34:01.587578+00:00 [running]> on host a02c2b8cab8b
[2022-08-11 21:38:01,933] {taskinstance.py:1591} INFO - Exporting the following env vars:
AIRFLOW_CTX_DAG_OWNER=narapady
AIRFLOW_CTX_DAG_ID=ETL_DAG_V8
AIRFLOW_CTX_TASK_ID=Transform_food-consumption-estimates
AIRFLOW_CTX_EXECUTION_DATE=2022-08-11T21:34:01.587578+00:00
AIRFLOW_CTX_TRY_NUMBER=1
AIRFLOW_CTX_DAG_RUN_ID=manual__2022-08-11T21:34:01.587578+00:00
[2022-08-11 21:38:19,671] {logging_mixin.py:115} INFO - Successfully process food-consumption-estimates-clean/Total population-2015-2016.csv to S3
[2022-08-11 21:38:19,981] {logging_mixin.py:115} INFO - Successfully process food-consumption-estimates-clean/Total population-2017-2018.csv to S3
[2022-08-11 21:38:20,302] {logging_mixin.py:115} INFO - Successfully process food-consumption-estimates-clean/Children age 2–19-2015-2016.csv to S3
[2022-08-11 21:38:20,585] {logging_mixin.py:115} INFO - Successfully process food-consumption-estimates-clean/Children age 2–19-2017-2018.csv to S3
[2022-08-11 21:38:20,887] {logging_mixin.py:115} INFO - Successfully process food-consumption-estimates-clean/Adults age 20-64-2015-2016.csv to S3
[2022-08-11 21:38:21,189] {logging_mixin.py:115} INFO - Successfully process food-consumption-estimates-clean/Adults age 20-64-2017-2018.csv to S3
[2022-08-11 21:38:21,497] {logging_mixin.py:115} INFO - Successfully process food-consumption-estimates-clean/Seniors age 65 and above-2015-2016.csv to S3
[2022-08-11 21:38:21,801] {logging_mixin.py:115} INFO - Successfully process food-consumption-estimates-clean/Seniors age 65 and above-2017-2018.csv to S3
[2022-08-11 21:38:22,118] {logging_mixin.py:115} INFO - Successfully process food-consumption-estimates-clean/Household income < 185% poverty line-2015-2016.csv to S3
[2022-08-11 21:38:22,440] {logging_mixin.py:115} INFO - Successfully process food-consumption-estimates-clean/Household income < 185% poverty line-2017-2018.csv to S3
[2022-08-11 21:38:22,763] {logging_mixin.py:115} INFO - Successfully process food-consumption-estimates-clean/Household income 185–300% poverty line-2015-2016.csv to S3
[2022-08-11 21:38:23,091] {logging_mixin.py:115} INFO - Successfully process food-consumption-estimates-clean/Household income 185–300% poverty line-2017-2018.csv to S3
[2022-08-11 21:38:23,395] {logging_mixin.py:115} INFO - Successfully process food-consumption-estimates-clean/Household income > 300% poverty line-2015-2016.csv to S3
[2022-08-11 21:38:23,689] {logging_mixin.py:115} INFO - Successfully process food-consumption-estimates-clean/Household income > 300% poverty line-2017-2018.csv to S3
[2022-08-11 21:38:23,696] {python.py:173} INFO - Done. Returned value was: None
[2022-08-11 21:38:23,718] {taskinstance.py:1420} INFO - Marking task as SUCCESS. dag_id=ETL_DAG_V8, task_id=Transform_food-consumption-estimates, execution_date=20220811T213401, start_date=20220811T213801, end_date=20220811T213823
[2022-08-11 21:38:23,777] {local_task_job.py:156} INFO - Task exited with return code 0
[2022-08-11 21:38:23,807] {local_task_job.py:273} INFO - 0 downstream tasks scheduled from follow-on schedule check
