[2022-08-11 23:19:02,761] {taskinstance.py:1179} INFO - Dependencies all met for <TaskInstance: ETL_DAG_US_FOOD_NUTRITION.Load_into_monthly_sales_table manual__2022-08-11T23:09:24.436624+00:00 [queued]>
[2022-08-11 23:19:02,797] {taskinstance.py:1179} INFO - Dependencies all met for <TaskInstance: ETL_DAG_US_FOOD_NUTRITION.Load_into_monthly_sales_table manual__2022-08-11T23:09:24.436624+00:00 [queued]>
[2022-08-11 23:19:02,799] {taskinstance.py:1376} INFO - 
--------------------------------------------------------------------------------
[2022-08-11 23:19:02,800] {taskinstance.py:1377} INFO - Starting attempt 1 of 6
[2022-08-11 23:19:02,801] {taskinstance.py:1378} INFO - 
--------------------------------------------------------------------------------
[2022-08-11 23:19:02,842] {taskinstance.py:1397} INFO - Executing <Task(S3ToSnowflakeOperator): Load_into_monthly_sales_table> on 2022-08-11 23:09:24.436624+00:00
[2022-08-11 23:19:02,853] {standard_task_runner.py:52} INFO - Started process 6936 to run task
[2022-08-11 23:19:02,859] {standard_task_runner.py:79} INFO - Running: ['***', 'tasks', 'run', 'ETL_DAG_US_FOOD_NUTRITION', 'Load_into_monthly_sales_table', 'manual__2022-08-11T23:09:24.436624+00:00', '--job-id', '736', '--raw', '--subdir', 'DAGS_FOLDER/etl_dag.py', '--cfg-path', '/tmp/tmpx7d9yn5o', '--error-file', '/tmp/tmpyf47odjk']
[2022-08-11 23:19:02,866] {standard_task_runner.py:80} INFO - Job 736: Subtask Load_into_monthly_sales_table
[2022-08-11 23:19:03,056] {task_command.py:371} INFO - Running <TaskInstance: ETL_DAG_US_FOOD_NUTRITION.Load_into_monthly_sales_table manual__2022-08-11T23:09:24.436624+00:00 [running]> on host a02c2b8cab8b
[2022-08-11 23:19:03,179] {taskinstance.py:1591} INFO - Exporting the following env vars:
AIRFLOW_CTX_DAG_OWNER=narapady
AIRFLOW_CTX_DAG_ID=ETL_DAG_US_FOOD_NUTRITION
AIRFLOW_CTX_TASK_ID=Load_into_monthly_sales_table
AIRFLOW_CTX_EXECUTION_DATE=2022-08-11T23:09:24.436624+00:00
AIRFLOW_CTX_TRY_NUMBER=1
AIRFLOW_CTX_DAG_RUN_ID=manual__2022-08-11T23:09:24.436624+00:00
[2022-08-11 23:19:03,184] {s3_to_snowflake.py:135} INFO - Executing COPY command...
[2022-08-11 23:19:03,214] {base.py:68} INFO - Using connection ID 'snowflake_conn' for task execution.
[2022-08-11 23:19:03,219] {connection.py:275} INFO - Snowflake Connector for Python Version: 2.7.11, Python Version: 3.7.13, Platform: Linux-5.10.104-linuxkit-aarch64-with-debian-11.3
[2022-08-11 23:19:03,220] {connection.py:927} INFO - This connection is in OCSP Fail Open Mode. TLS Certificates would be checked for validity and revocation status. Any other Certificate Revocation related exceptions or OCSP Responder failures would be disregarded in favor of connectivity.
[2022-08-11 23:19:03,221] {connection.py:944} INFO - Setting use_openssl_only mode to False
[2022-08-11 23:19:04,487] {cursor.py:715} INFO - query: [ALTER SESSION SET autocommit=True]
[2022-08-11 23:19:04,667] {cursor.py:739} INFO - query execution done
[2022-08-11 23:19:04,668] {snowflake.py:328} INFO - Running statement: COPY INTO public.monthly_sales
FROM @s3_stage/
files=('monthly-sales-staged.csv')
file_format=csv_format, parameters: None
[2022-08-11 23:19:04,669] {cursor.py:715} INFO - query: [COPY INTO public.monthly_sales FROM @s3_stage/ files=('monthly-sales-staged.csv'...]
[2022-08-11 23:19:07,108] {cursor.py:739} INFO - query execution done
[2022-08-11 23:19:07,110] {snowflake.py:338} INFO - Statement execution info - {'file': 's3://s3-bucket-staged/monthly-sales-staged.csv', 'status': 'LOADED', 'rows_parsed': 608, 'rows_loaded': 608, 'error_limit': 1, 'errors_seen': 0, 'first_error': None, 'first_error_line': None, 'first_error_character': None, 'first_error_column_name': None}
[2022-08-11 23:19:07,112] {snowflake.py:342} INFO - Rows affected: 1
[2022-08-11 23:19:07,114] {snowflake.py:343} INFO - Snowflake query id: 01a639d7-0004-2885-001e-00070003c012
[2022-08-11 23:19:07,115] {connection.py:557} INFO - closed
[2022-08-11 23:19:07,256] {connection.py:560} INFO - No async queries seem to be running, deleting session
[2022-08-11 23:19:07,550] {s3_to_snowflake.py:137} INFO - COPY command completed
[2022-08-11 23:19:07,574] {taskinstance.py:1420} INFO - Marking task as SUCCESS. dag_id=ETL_DAG_US_FOOD_NUTRITION, task_id=Load_into_monthly_sales_table, execution_date=20220811T230924, start_date=20220811T231902, end_date=20220811T231907
[2022-08-11 23:19:07,631] {local_task_job.py:156} INFO - Task exited with return code 0
[2022-08-11 23:19:07,668] {local_task_job.py:273} INFO - 0 downstream tasks scheduled from follow-on schedule check
