[2022-08-12 01:21:31,896] {taskinstance.py:1179} INFO - Dependencies all met for <TaskInstance: ETL_DAG_US_FOOD_NUTRITION.Ingest_from_consumer_price_index manual__2022-08-12T01:21:26.402383+00:00 [queued]>
[2022-08-12 01:21:31,911] {taskinstance.py:1179} INFO - Dependencies all met for <TaskInstance: ETL_DAG_US_FOOD_NUTRITION.Ingest_from_consumer_price_index manual__2022-08-12T01:21:26.402383+00:00 [queued]>
[2022-08-12 01:21:31,912] {taskinstance.py:1376} INFO - 
--------------------------------------------------------------------------------
[2022-08-12 01:21:31,913] {taskinstance.py:1377} INFO - Starting attempt 1 of 6
[2022-08-12 01:21:31,915] {taskinstance.py:1378} INFO - 
--------------------------------------------------------------------------------
[2022-08-12 01:21:31,944] {taskinstance.py:1397} INFO - Executing <Task(PythonOperator): Ingest_from_consumer_price_index> on 2022-08-12 01:21:26.402383+00:00
[2022-08-12 01:21:31,952] {standard_task_runner.py:52} INFO - Started process 249 to run task
[2022-08-12 01:21:31,964] {standard_task_runner.py:79} INFO - Running: ['***', 'tasks', 'run', 'ETL_DAG_US_FOOD_NUTRITION', 'Ingest_from_consumer_price_index', 'manual__2022-08-12T01:21:26.402383+00:00', '--job-id', '749', '--raw', '--subdir', 'DAGS_FOLDER/etl_dag.py', '--cfg-path', '/tmp/tmpn56zk3du', '--error-file', '/tmp/tmpbuuewu7y']
[2022-08-12 01:21:31,969] {standard_task_runner.py:80} INFO - Job 749: Subtask Ingest_from_consumer_price_index
[2022-08-12 01:21:32,106] {task_command.py:371} INFO - Running <TaskInstance: ETL_DAG_US_FOOD_NUTRITION.Ingest_from_consumer_price_index manual__2022-08-12T01:21:26.402383+00:00 [running]> on host ae5c2449a624
[2022-08-12 01:21:32,219] {taskinstance.py:1591} INFO - Exporting the following env vars:
AIRFLOW_CTX_DAG_OWNER=narapady
AIRFLOW_CTX_DAG_ID=ETL_DAG_US_FOOD_NUTRITION
AIRFLOW_CTX_TASK_ID=Ingest_from_consumer_price_index
AIRFLOW_CTX_EXECUTION_DATE=2022-08-12T01:21:26.402383+00:00
AIRFLOW_CTX_TRY_NUMBER=1
AIRFLOW_CTX_DAG_RUN_ID=manual__2022-08-12T01:21:26.402383+00:00
[2022-08-12 01:21:40,528] {logging_mixin.py:115} INFO - Successfully uploaded consumer-price-index/CPIforecast.xlsx to s3-bucket-raw-usda
[2022-08-12 01:21:41,945] {logging_mixin.py:115} INFO - Successfully uploaded consumer-price-index/historicalcpi.xlsx to s3-bucket-raw-usda
[2022-08-12 01:21:41,949] {python.py:173} INFO - Done. Returned value was: None
[2022-08-12 01:21:41,970] {taskinstance.py:1420} INFO - Marking task as SUCCESS. dag_id=ETL_DAG_US_FOOD_NUTRITION, task_id=Ingest_from_consumer_price_index, execution_date=20220812T012126, start_date=20220812T012131, end_date=20220812T012141
[2022-08-12 01:21:42,035] {local_task_job.py:156} INFO - Task exited with return code 0
[2022-08-12 01:21:42,065] {local_task_job.py:273} INFO - 0 downstream tasks scheduled from follow-on schedule check
