[2022-08-12 04:42:13,349] {taskinstance.py:1179} INFO - Dependencies all met for <TaskInstance: ETL_DAG_US_FOOD_NUTRITION.Ingest_from_current_food_expenditure_series manual__2022-08-12T04:42:08.092521+00:00 [queued]>
[2022-08-12 04:42:13,379] {taskinstance.py:1179} INFO - Dependencies all met for <TaskInstance: ETL_DAG_US_FOOD_NUTRITION.Ingest_from_current_food_expenditure_series manual__2022-08-12T04:42:08.092521+00:00 [queued]>
[2022-08-12 04:42:13,380] {taskinstance.py:1376} INFO - 
--------------------------------------------------------------------------------
[2022-08-12 04:42:13,386] {taskinstance.py:1377} INFO - Starting attempt 1 of 6
[2022-08-12 04:42:13,387] {taskinstance.py:1378} INFO - 
--------------------------------------------------------------------------------
[2022-08-12 04:42:13,421] {taskinstance.py:1397} INFO - Executing <Task(PythonOperator): Ingest_from_current_food_expenditure_series> on 2022-08-12 04:42:08.092521+00:00
[2022-08-12 04:42:13,438] {standard_task_runner.py:52} INFO - Started process 8680 to run task
[2022-08-12 04:42:13,465] {standard_task_runner.py:79} INFO - Running: ['***', 'tasks', 'run', 'ETL_DAG_US_FOOD_NUTRITION', 'Ingest_from_current_food_expenditure_series', 'manual__2022-08-12T04:42:08.092521+00:00', '--job-id', '787', '--raw', '--subdir', 'DAGS_FOLDER/etl_dag.py', '--cfg-path', '/tmp/tmpgqm4kdt5', '--error-file', '/tmp/tmphyifadf5']
[2022-08-12 04:42:13,472] {standard_task_runner.py:80} INFO - Job 787: Subtask Ingest_from_current_food_expenditure_series
[2022-08-12 04:42:13,642] {task_command.py:371} INFO - Running <TaskInstance: ETL_DAG_US_FOOD_NUTRITION.Ingest_from_current_food_expenditure_series manual__2022-08-12T04:42:08.092521+00:00 [running]> on host ae5c2449a624
[2022-08-12 04:42:13,803] {taskinstance.py:1591} INFO - Exporting the following env vars:
AIRFLOW_CTX_DAG_OWNER=narapady
AIRFLOW_CTX_DAG_ID=ETL_DAG_US_FOOD_NUTRITION
AIRFLOW_CTX_TASK_ID=Ingest_from_current_food_expenditure_series
AIRFLOW_CTX_EXECUTION_DATE=2022-08-12T04:42:08.092521+00:00
AIRFLOW_CTX_TRY_NUMBER=1
AIRFLOW_CTX_DAG_RUN_ID=manual__2022-08-12T04:42:08.092521+00:00
[2022-08-12 04:42:21,723] {logging_mixin.py:115} INFO - Successfully uploaded current-food-expenditure-series/nominal_expenditures.xlsx to s3-bucket-raw-usda
[2022-08-12 04:42:22,983] {logging_mixin.py:115} INFO - Successfully uploaded current-food-expenditure-series/nominal_expenditures_no_taxes_tips.xlsx to s3-bucket-raw-usda
[2022-08-12 04:42:24,281] {logging_mixin.py:115} INFO - Successfully uploaded current-food-expenditure-series/constant_dollar_expenditures.xlsx to s3-bucket-raw-usda
[2022-08-12 04:42:25,591] {logging_mixin.py:115} INFO - Successfully uploaded current-food-expenditure-series/constant_dollar_expenditures_no_taxes_tips.xlsx to s3-bucket-raw-usda
[2022-08-12 04:42:26,757] {logging_mixin.py:115} INFO - Successfully uploaded current-food-expenditure-series/food_expenditures_source_funds.xlsx to s3-bucket-raw-usda
[2022-08-12 04:42:28,080] {logging_mixin.py:115} INFO - Successfully uploaded current-food-expenditure-series/normalized_food_expenditures.xlsx to s3-bucket-raw-usda
[2022-08-12 04:42:29,564] {logging_mixin.py:115} INFO - Successfully uploaded current-food-expenditure-series/monthly_sales.xlsx to s3-bucket-raw-usda
[2022-08-12 04:42:31,067] {logging_mixin.py:115} INFO - Successfully uploaded current-food-expenditure-series/archived_nominal_expenditures_1.xlsx to s3-bucket-raw-usda
[2022-08-12 04:42:32,417] {logging_mixin.py:115} INFO - Successfully uploaded current-food-expenditure-series/archived_expenditures_purchaser_2.xlsx to s3-bucket-raw-usda
[2022-08-12 04:42:33,752] {logging_mixin.py:115} INFO - Successfully uploaded current-food-expenditure-series/archived_normalized_expenditures_3.xlsx to s3-bucket-raw-usda
[2022-08-12 04:42:35,229] {logging_mixin.py:115} INFO - Successfully uploaded current-food-expenditure-series/archived_monthly_4.xlsx to s3-bucket-raw-usda
[2022-08-12 04:42:35,236] {python.py:173} INFO - Done. Returned value was: None
[2022-08-12 04:42:35,259] {taskinstance.py:1420} INFO - Marking task as SUCCESS. dag_id=ETL_DAG_US_FOOD_NUTRITION, task_id=Ingest_from_current_food_expenditure_series, execution_date=20220812T044208, start_date=20220812T044213, end_date=20220812T044235
[2022-08-12 04:42:35,306] {local_task_job.py:156} INFO - Task exited with return code 0
[2022-08-12 04:42:35,340] {local_task_job.py:273} INFO - 0 downstream tasks scheduled from follow-on schedule check
