[2022-08-11 21:34:06,577] {taskinstance.py:1179} INFO - Dependencies all met for <TaskInstance: ETL_DAG_V8.Ingest_from_2014 manual__2022-08-11T21:34:01.587578+00:00 [queued]>
[2022-08-11 21:34:06,620] {taskinstance.py:1179} INFO - Dependencies all met for <TaskInstance: ETL_DAG_V8.Ingest_from_2014 manual__2022-08-11T21:34:01.587578+00:00 [queued]>
[2022-08-11 21:34:06,621] {taskinstance.py:1376} INFO - 
--------------------------------------------------------------------------------
[2022-08-11 21:34:06,624] {taskinstance.py:1377} INFO - Starting attempt 1 of 6
[2022-08-11 21:34:06,630] {taskinstance.py:1378} INFO - 
--------------------------------------------------------------------------------
[2022-08-11 21:34:06,645] {taskinstance.py:1397} INFO - Executing <Task(PythonOperator): Ingest_from_2014> on 2022-08-11 21:34:01.587578+00:00
[2022-08-11 21:34:06,658] {standard_task_runner.py:52} INFO - Started process 235 to run task
[2022-08-11 21:34:06,685] {standard_task_runner.py:79} INFO - Running: ['***', 'tasks', 'run', 'ETL_DAG_V8', 'Ingest_from_2014', 'manual__2022-08-11T21:34:01.587578+00:00', '--job-id', '672', '--raw', '--subdir', 'DAGS_FOLDER/etl_dag.py', '--cfg-path', '/tmp/tmpr7in5u6a', '--error-file', '/tmp/tmpapxrru2g']
[2022-08-11 21:34:06,695] {standard_task_runner.py:80} INFO - Job 672: Subtask Ingest_from_2014
[2022-08-11 21:34:06,818] {task_command.py:371} INFO - Running <TaskInstance: ETL_DAG_V8.Ingest_from_2014 manual__2022-08-11T21:34:01.587578+00:00 [running]> on host a02c2b8cab8b
[2022-08-11 21:34:06,932] {taskinstance.py:1591} INFO - Exporting the following env vars:
AIRFLOW_CTX_DAG_OWNER=narapady
AIRFLOW_CTX_DAG_ID=ETL_DAG_V8
AIRFLOW_CTX_TASK_ID=Ingest_from_2014
AIRFLOW_CTX_EXECUTION_DATE=2022-08-11T21:34:01.587578+00:00
AIRFLOW_CTX_TRY_NUMBER=1
AIRFLOW_CTX_DAG_RUN_ID=manual__2022-08-11T21:34:01.587578+00:00
[2022-08-11 21:34:14,675] {logging_mixin.py:115} INFO - Successfully uploaded 2014/table1_2014.xls to s3-bucket-raw-usda
[2022-08-11 21:34:16,189] {logging_mixin.py:115} INFO - Successfully uploaded 2014/table2_2014.xls to s3-bucket-raw-usda
[2022-08-11 21:34:17,625] {logging_mixin.py:115} INFO - Successfully uploaded 2014/table3_2014.xls to s3-bucket-raw-usda
[2022-08-11 21:34:19,088] {logging_mixin.py:115} INFO - Successfully uploaded 2014/table4_2014.xls to s3-bucket-raw-usda
[2022-08-11 21:34:20,747] {logging_mixin.py:115} INFO - Successfully uploaded 2014/table5_2014.xls to s3-bucket-raw-usda
[2022-08-11 21:34:22,282] {logging_mixin.py:115} INFO - Successfully uploaded 2014/table6_2014.xls to s3-bucket-raw-usda
[2022-08-11 21:34:23,640] {logging_mixin.py:115} INFO - Successfully uploaded 2014/table7_2014.xls to s3-bucket-raw-usda
[2022-08-11 21:34:25,289] {logging_mixin.py:115} INFO - Successfully uploaded 2014/table8_2014.xls to s3-bucket-raw-usda
[2022-08-11 21:34:26,554] {logging_mixin.py:115} INFO - Successfully uploaded 2014/2008_table1.xls to s3-bucket-raw-usda
[2022-08-11 21:34:28,027] {logging_mixin.py:115} INFO - Successfully uploaded 2014/2008_table2.xls to s3-bucket-raw-usda
[2022-08-11 21:34:29,659] {logging_mixin.py:115} INFO - Successfully uploaded 2014/2008_table3.xls to s3-bucket-raw-usda
[2022-08-11 21:34:31,055] {logging_mixin.py:115} INFO - Successfully uploaded 2014/2008_table4.xls to s3-bucket-raw-usda
[2022-08-11 21:34:32,345] {logging_mixin.py:115} INFO - Successfully uploaded 2014/2008_table5.xls to s3-bucket-raw-usda
[2022-08-11 21:34:33,687] {logging_mixin.py:115} INFO - Successfully uploaded 2014/2008_table6.xls to s3-bucket-raw-usda
[2022-08-11 21:34:35,451] {logging_mixin.py:115} INFO - Successfully uploaded 2014/2008_table7.xls to s3-bucket-raw-usda
[2022-08-11 21:34:35,454] {python.py:173} INFO - Done. Returned value was: None
[2022-08-11 21:34:35,465] {taskinstance.py:1420} INFO - Marking task as SUCCESS. dag_id=ETL_DAG_V8, task_id=Ingest_from_2014, execution_date=20220811T213401, start_date=20220811T213406, end_date=20220811T213435
[2022-08-11 21:34:35,518] {local_task_job.py:156} INFO - Task exited with return code 0
[2022-08-11 21:34:35,554] {local_task_job.py:273} INFO - 0 downstream tasks scheduled from follow-on schedule check
