[2022-08-12 05:33:34,007] {taskinstance.py:1179} INFO - Dependencies all met for <TaskInstance: ETL_DAG.Create_s3_bucket_ingest manual__2022-08-12T05:33:31.619708+00:00 [queued]>
[2022-08-12 05:33:34,014] {taskinstance.py:1179} INFO - Dependencies all met for <TaskInstance: ETL_DAG.Create_s3_bucket_ingest manual__2022-08-12T05:33:31.619708+00:00 [queued]>
[2022-08-12 05:33:34,015] {taskinstance.py:1376} INFO - 
--------------------------------------------------------------------------------
[2022-08-12 05:33:34,016] {taskinstance.py:1377} INFO - Starting attempt 1 of 6
[2022-08-12 05:33:34,017] {taskinstance.py:1378} INFO - 
--------------------------------------------------------------------------------
[2022-08-12 05:33:34,025] {taskinstance.py:1397} INFO - Executing <Task(PythonOperator): Create_s3_bucket_ingest> on 2022-08-12 05:33:31.619708+00:00
[2022-08-12 05:33:34,031] {standard_task_runner.py:52} INFO - Started process 287 to run task
[2022-08-12 05:33:34,034] {standard_task_runner.py:79} INFO - Running: ['***', 'tasks', 'run', 'ETL_DAG', 'Create_s3_bucket_ingest', 'manual__2022-08-12T05:33:31.619708+00:00', '--job-id', '845', '--raw', '--subdir', 'DAGS_FOLDER/etl_dag.py', '--cfg-path', '/tmp/tmprl4hhe_o', '--error-file', '/tmp/tmpjtwgdsqn']
[2022-08-12 05:33:34,037] {standard_task_runner.py:80} INFO - Job 845: Subtask Create_s3_bucket_ingest
[2022-08-12 05:33:34,083] {task_command.py:371} INFO - Running <TaskInstance: ETL_DAG.Create_s3_bucket_ingest manual__2022-08-12T05:33:31.619708+00:00 [running]> on host 959a8f00817b
[2022-08-12 05:33:34,135] {taskinstance.py:1591} INFO - Exporting the following env vars:
AIRFLOW_CTX_DAG_OWNER=narapady
AIRFLOW_CTX_DAG_ID=ETL_DAG
AIRFLOW_CTX_TASK_ID=Create_s3_bucket_ingest
AIRFLOW_CTX_EXECUTION_DATE=2022-08-12T05:33:31.619708+00:00
AIRFLOW_CTX_TRY_NUMBER=1
AIRFLOW_CTX_DAG_RUN_ID=manual__2022-08-12T05:33:31.619708+00:00
[2022-08-12 05:33:34,950] {python.py:173} INFO - Done. Returned value was: {'ResponseMetadata': {'RequestId': 'JD7ZM88VW70V3PSX', 'HostId': '9pzDgnLtLTuxdSLSAeknkQY37hyLOjG69hDliI5poAsLPxA1fIvlGaYJwpI3J/qI+yp6oEkfQrw=', 'HTTPStatusCode': 200, 'HTTPHeaders': {'x-amz-id-2': '9pzDgnLtLTuxdSLSAeknkQY37hyLOjG69hDliI5poAsLPxA1fIvlGaYJwpI3J/qI+yp6oEkfQrw=', 'x-amz-request-id': 'JD7ZM88VW70V3PSX', 'date': 'Fri, 12 Aug 2022 05:33:36 GMT', 'location': '/s3-bucket-raw-usda', 'server': 'AmazonS3', 'content-length': '0'}, 'RetryAttempts': 0}, 'Location': '/s3-bucket-raw-usda'}
[2022-08-12 05:33:34,988] {taskinstance.py:1420} INFO - Marking task as SUCCESS. dag_id=ETL_DAG, task_id=Create_s3_bucket_ingest, execution_date=20220812T053331, start_date=20220812T053334, end_date=20220812T053334
[2022-08-12 05:33:35,023] {local_task_job.py:156} INFO - Task exited with return code 0
[2022-08-12 05:33:35,079] {local_task_job.py:273} INFO - 9 downstream tasks scheduled from follow-on schedule check
