[2022-08-11 19:16:46,741] {taskinstance.py:1179} INFO - Dependencies all met for <TaskInstance: ETL_DAG_V2.Ingest_from_2015 manual__2022-08-11T05:57:31.582348+00:00 [queued]>
[2022-08-11 19:16:46,789] {taskinstance.py:1179} INFO - Dependencies all met for <TaskInstance: ETL_DAG_V2.Ingest_from_2015 manual__2022-08-11T05:57:31.582348+00:00 [queued]>
[2022-08-11 19:16:46,792] {taskinstance.py:1376} INFO - 
--------------------------------------------------------------------------------
[2022-08-11 19:16:46,794] {taskinstance.py:1377} INFO - Starting attempt 1 of 6
[2022-08-11 19:16:46,799] {taskinstance.py:1378} INFO - 
--------------------------------------------------------------------------------
[2022-08-11 19:16:46,867] {taskinstance.py:1397} INFO - Executing <Task(PythonOperator): Ingest_from_2015> on 2022-08-11 05:57:31.582348+00:00
[2022-08-11 19:16:46,893] {standard_task_runner.py:52} INFO - Started process 1320 to run task
[2022-08-11 19:16:46,910] {standard_task_runner.py:79} INFO - Running: ['***', 'tasks', 'run', 'ETL_DAG_V2', 'Ingest_from_2015', 'manual__2022-08-11T05:57:31.582348+00:00', '--job-id', '420', '--raw', '--subdir', 'DAGS_FOLDER/etl_dag.py', '--cfg-path', '/tmp/tmp55qy1k0_', '--error-file', '/tmp/tmp4jv23q4a']
[2022-08-11 19:16:46,914] {standard_task_runner.py:80} INFO - Job 420: Subtask Ingest_from_2015
[2022-08-11 19:16:47,276] {task_command.py:371} INFO - Running <TaskInstance: ETL_DAG_V2.Ingest_from_2015 manual__2022-08-11T05:57:31.582348+00:00 [running]> on host ce1be8c59d56
[2022-08-11 19:16:47,575] {taskinstance.py:1591} INFO - Exporting the following env vars:
AIRFLOW_CTX_DAG_OWNER=narapady
AIRFLOW_CTX_DAG_ID=ETL_DAG_V2
AIRFLOW_CTX_TASK_ID=Ingest_from_2015
AIRFLOW_CTX_EXECUTION_DATE=2022-08-11T05:57:31.582348+00:00
AIRFLOW_CTX_TRY_NUMBER=1
AIRFLOW_CTX_DAG_RUN_ID=manual__2022-08-11T05:57:31.582348+00:00
[2022-08-11 19:17:01,454] {logging_mixin.py:115} INFO - Successfully uploaded 2015/Table1_2015.xlsx to s3-bucket-raw-usda
[2022-08-11 19:17:02,670] {logging_mixin.py:115} INFO - Successfully uploaded 2015/Table2_2015.xlsx to s3-bucket-raw-usda
[2022-08-11 19:17:04,000] {logging_mixin.py:115} INFO - Successfully uploaded 2015/Table3_2015.xlsx to s3-bucket-raw-usda
[2022-08-11 19:17:05,362] {logging_mixin.py:115} INFO - Successfully uploaded 2015/Table4_2015.xlsx to s3-bucket-raw-usda
[2022-08-11 19:17:06,791] {logging_mixin.py:115} INFO - Successfully uploaded 2015/Table5_2015.xlsx to s3-bucket-raw-usda
[2022-08-11 19:17:08,212] {logging_mixin.py:115} INFO - Successfully uploaded 2015/Table6_2015.xlsx to s3-bucket-raw-usda
[2022-08-11 19:17:09,644] {logging_mixin.py:115} INFO - Successfully uploaded 2015/Table7_2015.xlsx to s3-bucket-raw-usda
[2022-08-11 19:17:10,985] {logging_mixin.py:115} INFO - Successfully uploaded 2015/Table8_2015.xlsx to s3-bucket-raw-usda
[2022-08-11 19:17:10,991] {python.py:173} INFO - Done. Returned value was: None
[2022-08-11 19:17:11,031] {taskinstance.py:1420} INFO - Marking task as SUCCESS. dag_id=ETL_DAG_V2, task_id=Ingest_from_2015, execution_date=20220811T055731, start_date=20220811T191646, end_date=20220811T191711
[2022-08-11 19:17:11,105] {local_task_job.py:156} INFO - Task exited with return code 0
[2022-08-11 19:17:11,142] {local_task_job.py:273} INFO - 0 downstream tasks scheduled from follow-on schedule check
