[2022-08-12 18:24:56,117] {taskinstance.py:1179} INFO - Dependencies all met for <TaskInstance: ETL_DAG.Create_s3_bucket_transform manual__2022-08-12T18:20:52.559703+00:00 [queued]>
[2022-08-12 18:24:56,123] {taskinstance.py:1179} INFO - Dependencies all met for <TaskInstance: ETL_DAG.Create_s3_bucket_transform manual__2022-08-12T18:20:52.559703+00:00 [queued]>
[2022-08-12 18:24:56,124] {taskinstance.py:1376} INFO - 
--------------------------------------------------------------------------------
[2022-08-12 18:24:56,126] {taskinstance.py:1377} INFO - Starting attempt 1 of 6
[2022-08-12 18:24:56,127] {taskinstance.py:1378} INFO - 
--------------------------------------------------------------------------------
[2022-08-12 18:24:56,134] {taskinstance.py:1397} INFO - Executing <Task(PythonOperator): Create_s3_bucket_transform> on 2022-08-12 18:20:52.559703+00:00
[2022-08-12 18:24:56,139] {standard_task_runner.py:52} INFO - Started process 522 to run task
[2022-08-12 18:24:56,142] {standard_task_runner.py:79} INFO - Running: ['***', 'tasks', 'run', 'ETL_DAG', 'Create_s3_bucket_transform', 'manual__2022-08-12T18:20:52.559703+00:00', '--job-id', '895', '--raw', '--subdir', 'DAGS_FOLDER/etl_dag.py', '--cfg-path', '/tmp/tmp4w5t7moo', '--error-file', '/tmp/tmpdz1twj9e']
[2022-08-12 18:24:56,144] {standard_task_runner.py:80} INFO - Job 895: Subtask Create_s3_bucket_transform
[2022-08-12 18:24:56,188] {task_command.py:371} INFO - Running <TaskInstance: ETL_DAG.Create_s3_bucket_transform manual__2022-08-12T18:20:52.559703+00:00 [running]> on host 00aa0783f116
[2022-08-12 18:24:56,231] {taskinstance.py:1591} INFO - Exporting the following env vars:
AIRFLOW_CTX_DAG_OWNER=narapady
AIRFLOW_CTX_DAG_ID=ETL_DAG
AIRFLOW_CTX_TASK_ID=Create_s3_bucket_transform
AIRFLOW_CTX_EXECUTION_DATE=2022-08-12T18:20:52.559703+00:00
AIRFLOW_CTX_TRY_NUMBER=1
AIRFLOW_CTX_DAG_RUN_ID=manual__2022-08-12T18:20:52.559703+00:00
[2022-08-12 18:24:57,086] {python.py:173} INFO - Done. Returned value was: {'ResponseMetadata': {'RequestId': 'VP0G5EWZS47SNWXR', 'HostId': 'p1LbLo923Y/8y+a23Xl1yO0P6uQaNx+zLaogSTdp2eoaO5kgIJpJJTQ8lyuZvo1Vz7arBWYtAbw=', 'HTTPStatusCode': 200, 'HTTPHeaders': {'x-amz-id-2': 'p1LbLo923Y/8y+a23Xl1yO0P6uQaNx+zLaogSTdp2eoaO5kgIJpJJTQ8lyuZvo1Vz7arBWYtAbw=', 'x-amz-request-id': 'VP0G5EWZS47SNWXR', 'date': 'Fri, 12 Aug 2022 18:24:58 GMT', 'location': '/s3-bucket-clean-usda', 'server': 'AmazonS3', 'content-length': '0'}, 'RetryAttempts': 0}, 'Location': '/s3-bucket-clean-usda'}
[2022-08-12 18:24:57,115] {taskinstance.py:1420} INFO - Marking task as SUCCESS. dag_id=ETL_DAG, task_id=Create_s3_bucket_transform, execution_date=20220812T182052, start_date=20220812T182456, end_date=20220812T182457
[2022-08-12 18:24:57,167] {local_task_job.py:156} INFO - Task exited with return code 0
[2022-08-12 18:24:57,200] {local_task_job.py:273} INFO - 8 downstream tasks scheduled from follow-on schedule check
