[2022-08-12 05:18:37,623] {taskinstance.py:1179} INFO - Dependencies all met for <TaskInstance: ETL_DAG_US_FOOD_NUTRITION.Ingest_from_2016 manual__2022-08-12T05:11:17.280858+00:00 [queued]>
[2022-08-12 05:18:37,645] {taskinstance.py:1179} INFO - Dependencies all met for <TaskInstance: ETL_DAG_US_FOOD_NUTRITION.Ingest_from_2016 manual__2022-08-12T05:11:17.280858+00:00 [queued]>
[2022-08-12 05:18:37,649] {taskinstance.py:1376} INFO - 
--------------------------------------------------------------------------------
[2022-08-12 05:18:37,649] {taskinstance.py:1377} INFO - Starting attempt 2 of 6
[2022-08-12 05:18:37,650] {taskinstance.py:1378} INFO - 
--------------------------------------------------------------------------------
[2022-08-12 05:18:37,688] {taskinstance.py:1397} INFO - Executing <Task(PythonOperator): Ingest_from_2016> on 2022-08-12 05:11:17.280858+00:00
[2022-08-12 05:18:37,696] {standard_task_runner.py:52} INFO - Started process 11086 to run task
[2022-08-12 05:18:37,704] {standard_task_runner.py:79} INFO - Running: ['***', 'tasks', 'run', 'ETL_DAG_US_FOOD_NUTRITION', 'Ingest_from_2016', 'manual__2022-08-12T05:11:17.280858+00:00', '--job-id', '809', '--raw', '--subdir', 'DAGS_FOLDER/etl_dag.py', '--cfg-path', '/tmp/tmpoqfkpxzn', '--error-file', '/tmp/tmpmo0dc46i']
[2022-08-12 05:18:37,722] {standard_task_runner.py:80} INFO - Job 809: Subtask Ingest_from_2016
[2022-08-12 05:18:37,872] {task_command.py:371} INFO - Running <TaskInstance: ETL_DAG_US_FOOD_NUTRITION.Ingest_from_2016 manual__2022-08-12T05:11:17.280858+00:00 [running]> on host ae5c2449a624
[2022-08-12 05:18:37,987] {taskinstance.py:1591} INFO - Exporting the following env vars:
AIRFLOW_CTX_DAG_OWNER=narapady
AIRFLOW_CTX_DAG_ID=ETL_DAG_US_FOOD_NUTRITION
AIRFLOW_CTX_TASK_ID=Ingest_from_2016
AIRFLOW_CTX_EXECUTION_DATE=2022-08-12T05:11:17.280858+00:00
AIRFLOW_CTX_TRY_NUMBER=2
AIRFLOW_CTX_DAG_RUN_ID=manual__2022-08-12T05:11:17.280858+00:00
[2022-08-12 05:18:45,953] {logging_mixin.py:115} INFO - Successfully uploaded 2016/Table1_2016.xlsx to s3-bucket-raw-usda
[2022-08-12 05:18:47,227] {logging_mixin.py:115} INFO - Successfully uploaded 2016/Table2_2016.xlsx to s3-bucket-raw-usda
[2022-08-12 05:18:48,420] {logging_mixin.py:115} INFO - Successfully uploaded 2016/Table3_2016.xlsx to s3-bucket-raw-usda
[2022-08-12 05:18:49,723] {logging_mixin.py:115} INFO - Successfully uploaded 2016/Table4_2016.xlsx to s3-bucket-raw-usda
[2022-08-12 05:18:50,883] {logging_mixin.py:115} INFO - Successfully uploaded 2016/Table5_2016.xlsx to s3-bucket-raw-usda
[2022-08-12 05:18:52,132] {logging_mixin.py:115} INFO - Successfully uploaded 2016/Table6_2016.xlsx to s3-bucket-raw-usda
[2022-08-12 05:18:53,270] {logging_mixin.py:115} INFO - Successfully uploaded 2016/Table7_2016.xlsx to s3-bucket-raw-usda
[2022-08-12 05:18:54,485] {logging_mixin.py:115} INFO - Successfully uploaded 2016/Table8_2016.xlsx to s3-bucket-raw-usda
[2022-08-12 05:18:54,488] {python.py:173} INFO - Done. Returned value was: None
[2022-08-12 05:18:54,503] {taskinstance.py:1420} INFO - Marking task as SUCCESS. dag_id=ETL_DAG_US_FOOD_NUTRITION, task_id=Ingest_from_2016, execution_date=20220812T051117, start_date=20220812T051837, end_date=20220812T051854
[2022-08-12 05:18:54,527] {local_task_job.py:156} INFO - Task exited with return code 0
[2022-08-12 05:18:54,554] {local_task_job.py:273} INFO - 0 downstream tasks scheduled from follow-on schedule check
