[2022-08-11 20:45:39,933] {taskinstance.py:1179} INFO - Dependencies all met for <TaskInstance: ETL_DAG_V7.Ingest_from_producer_price_index manual__2022-08-11T02:24:39.409501+00:00 [queued]>
[2022-08-11 20:45:39,949] {taskinstance.py:1179} INFO - Dependencies all met for <TaskInstance: ETL_DAG_V7.Ingest_from_producer_price_index manual__2022-08-11T02:24:39.409501+00:00 [queued]>
[2022-08-11 20:45:39,949] {taskinstance.py:1376} INFO - 
--------------------------------------------------------------------------------
[2022-08-11 20:45:39,950] {taskinstance.py:1377} INFO - Starting attempt 1 of 6
[2022-08-11 20:45:39,951] {taskinstance.py:1378} INFO - 
--------------------------------------------------------------------------------
[2022-08-11 20:45:39,972] {taskinstance.py:1397} INFO - Executing <Task(PythonOperator): Ingest_from_producer_price_index> on 2022-08-11 02:24:39.409501+00:00
[2022-08-11 20:45:39,980] {standard_task_runner.py:52} INFO - Started process 7820 to run task
[2022-08-11 20:45:39,991] {standard_task_runner.py:79} INFO - Running: ['***', 'tasks', 'run', 'ETL_DAG_V7', 'Ingest_from_producer_price_index', 'manual__2022-08-11T02:24:39.409501+00:00', '--job-id', '569', '--raw', '--subdir', 'DAGS_FOLDER/etl_dag.py', '--cfg-path', '/tmp/tmp59na0pbg', '--error-file', '/tmp/tmp4spzf9yx']
[2022-08-11 20:45:39,994] {standard_task_runner.py:80} INFO - Job 569: Subtask Ingest_from_producer_price_index
[2022-08-11 20:45:40,105] {task_command.py:371} INFO - Running <TaskInstance: ETL_DAG_V7.Ingest_from_producer_price_index manual__2022-08-11T02:24:39.409501+00:00 [running]> on host ce1be8c59d56
[2022-08-11 20:45:40,234] {taskinstance.py:1591} INFO - Exporting the following env vars:
AIRFLOW_CTX_DAG_OWNER=narapady
AIRFLOW_CTX_DAG_ID=ETL_DAG_V7
AIRFLOW_CTX_TASK_ID=Ingest_from_producer_price_index
AIRFLOW_CTX_EXECUTION_DATE=2022-08-11T02:24:39.409501+00:00
AIRFLOW_CTX_TRY_NUMBER=1
AIRFLOW_CTX_DAG_RUN_ID=manual__2022-08-11T02:24:39.409501+00:00
[2022-08-11 20:45:48,017] {logging_mixin.py:115} INFO - Successfully uploaded producer-price-index/PPIforecast.xlsx to s3-bucket-raw-usda
[2022-08-11 20:45:49,423] {logging_mixin.py:115} INFO - Successfully uploaded producer-price-index/historicalppi.xlsx to s3-bucket-raw-usda
[2022-08-11 20:45:51,817] {logging_mixin.py:115} INFO - Successfully uploaded producer-price-index/CPIArchivedForecasts.xlsx to s3-bucket-raw-usda
[2022-08-11 20:45:54,158] {logging_mixin.py:115} INFO - Successfully uploaded producer-price-index/PPIArchivedForecasts.xlsx to s3-bucket-raw-usda
[2022-08-11 20:45:54,168] {python.py:173} INFO - Done. Returned value was: None
[2022-08-11 20:45:54,201] {taskinstance.py:1420} INFO - Marking task as SUCCESS. dag_id=ETL_DAG_V7, task_id=Ingest_from_producer_price_index, execution_date=20220811T022439, start_date=20220811T204539, end_date=20220811T204554
[2022-08-11 20:45:54,258] {local_task_job.py:156} INFO - Task exited with return code 0
[2022-08-11 20:45:54,302] {local_task_job.py:273} INFO - 0 downstream tasks scheduled from follow-on schedule check
