[2022-08-11 19:47:21,065] {taskinstance.py:1179} INFO - Dependencies all met for <TaskInstance: ETL_DAG_V6.Ingest_from_nutrient_intake_estimates manual__2022-08-11T19:47:15.827552+00:00 [queued]>
[2022-08-11 19:47:21,078] {taskinstance.py:1179} INFO - Dependencies all met for <TaskInstance: ETL_DAG_V6.Ingest_from_nutrient_intake_estimates manual__2022-08-11T19:47:15.827552+00:00 [queued]>
[2022-08-11 19:47:21,079] {taskinstance.py:1376} INFO - 
--------------------------------------------------------------------------------
[2022-08-11 19:47:21,080] {taskinstance.py:1377} INFO - Starting attempt 1 of 6
[2022-08-11 19:47:21,081] {taskinstance.py:1378} INFO - 
--------------------------------------------------------------------------------
[2022-08-11 19:47:21,103] {taskinstance.py:1397} INFO - Executing <Task(PythonOperator): Ingest_from_nutrient_intake_estimates> on 2022-08-11 19:47:15.827552+00:00
[2022-08-11 19:47:21,123] {standard_task_runner.py:52} INFO - Started process 3842 to run task
[2022-08-11 19:47:21,147] {standard_task_runner.py:79} INFO - Running: ['***', 'tasks', 'run', 'ETL_DAG_V6', 'Ingest_from_nutrient_intake_estimates', 'manual__2022-08-11T19:47:15.827552+00:00', '--job-id', '540', '--raw', '--subdir', 'DAGS_FOLDER/etl_dag.py', '--cfg-path', '/tmp/tmpvilq_qu8', '--error-file', '/tmp/tmp9_qgm7pn']
[2022-08-11 19:47:21,162] {standard_task_runner.py:80} INFO - Job 540: Subtask Ingest_from_nutrient_intake_estimates
[2022-08-11 19:47:21,313] {task_command.py:371} INFO - Running <TaskInstance: ETL_DAG_V6.Ingest_from_nutrient_intake_estimates manual__2022-08-11T19:47:15.827552+00:00 [running]> on host ce1be8c59d56
[2022-08-11 19:47:21,421] {taskinstance.py:1591} INFO - Exporting the following env vars:
AIRFLOW_CTX_DAG_OWNER=narapady
AIRFLOW_CTX_DAG_ID=ETL_DAG_V6
AIRFLOW_CTX_TASK_ID=Ingest_from_nutrient_intake_estimates
AIRFLOW_CTX_EXECUTION_DATE=2022-08-11T19:47:15.827552+00:00
AIRFLOW_CTX_TRY_NUMBER=1
AIRFLOW_CTX_DAG_RUN_ID=manual__2022-08-11T19:47:15.827552+00:00
[2022-08-11 19:47:28,662] {logging_mixin.py:115} INFO - Successfully uploaded nutrient-intake-estimates/nutrient_table1.xlsx to s3-bucket-raw-usda
[2022-08-11 19:47:29,980] {logging_mixin.py:115} INFO - Successfully uploaded nutrient-intake-estimates/nutrient_table2.xlsx to s3-bucket-raw-usda
[2022-08-11 19:47:34,711] {logging_mixin.py:115} INFO - Successfully uploaded nutrient-intake-estimates/Archived%202007-10%20Food%20Consumption%20and%20Nutrient%20Inta to s3-bucket-raw-usda
[2022-08-11 19:47:34,717] {python.py:173} INFO - Done. Returned value was: None
[2022-08-11 19:47:34,739] {taskinstance.py:1420} INFO - Marking task as SUCCESS. dag_id=ETL_DAG_V6, task_id=Ingest_from_nutrient_intake_estimates, execution_date=20220811T194715, start_date=20220811T194721, end_date=20220811T194734
[2022-08-11 19:47:34,791] {local_task_job.py:156} INFO - Task exited with return code 0
[2022-08-11 19:47:34,818] {local_task_job.py:273} INFO - 0 downstream tasks scheduled from follow-on schedule check
