[2022-08-12 05:22:29,133] {taskinstance.py:1179} INFO - Dependencies all met for <TaskInstance: ETL_DAG_US_FOOD_NUTRITION.Transform_food-consumption-estimates manual__2022-08-12T05:11:17.280858+00:00 [queued]>
[2022-08-12 05:22:29,165] {taskinstance.py:1179} INFO - Dependencies all met for <TaskInstance: ETL_DAG_US_FOOD_NUTRITION.Transform_food-consumption-estimates manual__2022-08-12T05:11:17.280858+00:00 [queued]>
[2022-08-12 05:22:29,167] {taskinstance.py:1376} INFO - 
--------------------------------------------------------------------------------
[2022-08-12 05:22:29,168] {taskinstance.py:1377} INFO - Starting attempt 1 of 6
[2022-08-12 05:22:29,171] {taskinstance.py:1378} INFO - 
--------------------------------------------------------------------------------
[2022-08-12 05:22:29,199] {taskinstance.py:1397} INFO - Executing <Task(PythonOperator): Transform_food-consumption-estimates> on 2022-08-12 05:11:17.280858+00:00
[2022-08-12 05:22:29,214] {standard_task_runner.py:52} INFO - Started process 11367 to run task
[2022-08-12 05:22:29,248] {standard_task_runner.py:79} INFO - Running: ['***', 'tasks', 'run', 'ETL_DAG_US_FOOD_NUTRITION', 'Transform_food-consumption-estimates', 'manual__2022-08-12T05:11:17.280858+00:00', '--job-id', '816', '--raw', '--subdir', 'DAGS_FOLDER/etl_dag.py', '--cfg-path', '/tmp/tmp74rzuinm', '--error-file', '/tmp/tmp60hnpj4j']
[2022-08-12 05:22:29,272] {standard_task_runner.py:80} INFO - Job 816: Subtask Transform_food-consumption-estimates
[2022-08-12 05:22:29,396] {task_command.py:371} INFO - Running <TaskInstance: ETL_DAG_US_FOOD_NUTRITION.Transform_food-consumption-estimates manual__2022-08-12T05:11:17.280858+00:00 [running]> on host ae5c2449a624
[2022-08-12 05:22:29,497] {taskinstance.py:1591} INFO - Exporting the following env vars:
AIRFLOW_CTX_DAG_OWNER=narapady
AIRFLOW_CTX_DAG_ID=ETL_DAG_US_FOOD_NUTRITION
AIRFLOW_CTX_TASK_ID=Transform_food-consumption-estimates
AIRFLOW_CTX_EXECUTION_DATE=2022-08-12T05:11:17.280858+00:00
AIRFLOW_CTX_TRY_NUMBER=1
AIRFLOW_CTX_DAG_RUN_ID=manual__2022-08-12T05:11:17.280858+00:00
[2022-08-12 05:22:47,028] {logging_mixin.py:115} INFO - Successfully process food-consumption-estimates-clean/Total population-2015-2016.csv to S3
[2022-08-12 05:22:47,315] {logging_mixin.py:115} INFO - Successfully process food-consumption-estimates-clean/Total population-2017-2018.csv to S3
[2022-08-12 05:22:47,617] {logging_mixin.py:115} INFO - Successfully process food-consumption-estimates-clean/Children age 2–19-2015-2016.csv to S3
[2022-08-12 05:22:47,927] {logging_mixin.py:115} INFO - Successfully process food-consumption-estimates-clean/Children age 2–19-2017-2018.csv to S3
[2022-08-12 05:22:48,254] {logging_mixin.py:115} INFO - Successfully process food-consumption-estimates-clean/Adults age 20-64-2015-2016.csv to S3
[2022-08-12 05:22:48,544] {logging_mixin.py:115} INFO - Successfully process food-consumption-estimates-clean/Adults age 20-64-2017-2018.csv to S3
[2022-08-12 05:22:48,916] {logging_mixin.py:115} INFO - Successfully process food-consumption-estimates-clean/Seniors age 65 and above-2015-2016.csv to S3
[2022-08-12 05:22:49,246] {logging_mixin.py:115} INFO - Successfully process food-consumption-estimates-clean/Seniors age 65 and above-2017-2018.csv to S3
[2022-08-12 05:22:49,588] {logging_mixin.py:115} INFO - Successfully process food-consumption-estimates-clean/Household income < 185% poverty line-2015-2016.csv to S3
[2022-08-12 05:22:49,921] {logging_mixin.py:115} INFO - Successfully process food-consumption-estimates-clean/Household income < 185% poverty line-2017-2018.csv to S3
[2022-08-12 05:22:50,209] {logging_mixin.py:115} INFO - Successfully process food-consumption-estimates-clean/Household income 185–300% poverty line-2015-2016.csv to S3
[2022-08-12 05:22:50,494] {logging_mixin.py:115} INFO - Successfully process food-consumption-estimates-clean/Household income 185–300% poverty line-2017-2018.csv to S3
[2022-08-12 05:22:50,814] {logging_mixin.py:115} INFO - Successfully process food-consumption-estimates-clean/Household income > 300% poverty line-2015-2016.csv to S3
[2022-08-12 05:22:51,135] {logging_mixin.py:115} INFO - Successfully process food-consumption-estimates-clean/Household income > 300% poverty line-2017-2018.csv to S3
[2022-08-12 05:22:51,148] {python.py:173} INFO - Done. Returned value was: None
[2022-08-12 05:22:51,175] {taskinstance.py:1420} INFO - Marking task as SUCCESS. dag_id=ETL_DAG_US_FOOD_NUTRITION, task_id=Transform_food-consumption-estimates, execution_date=20220812T051117, start_date=20220812T052229, end_date=20220812T052251
[2022-08-12 05:22:51,235] {local_task_job.py:156} INFO - Task exited with return code 0
[2022-08-12 05:22:51,265] {local_task_job.py:273} INFO - 0 downstream tasks scheduled from follow-on schedule check
