[2022-08-11 19:43:25,606] {taskinstance.py:1179} INFO - Dependencies all met for <TaskInstance: ETL_DAG_V5.Ingest_from_food_consumption_estimates manual__2022-08-11T19:43:19.932213+00:00 [queued]>
[2022-08-11 19:43:25,623] {taskinstance.py:1179} INFO - Dependencies all met for <TaskInstance: ETL_DAG_V5.Ingest_from_food_consumption_estimates manual__2022-08-11T19:43:19.932213+00:00 [queued]>
[2022-08-11 19:43:25,624] {taskinstance.py:1376} INFO - 
--------------------------------------------------------------------------------
[2022-08-11 19:43:25,625] {taskinstance.py:1377} INFO - Starting attempt 1 of 6
[2022-08-11 19:43:25,626] {taskinstance.py:1378} INFO - 
--------------------------------------------------------------------------------
[2022-08-11 19:43:25,641] {taskinstance.py:1397} INFO - Executing <Task(PythonOperator): Ingest_from_food_consumption_estimates> on 2022-08-11 19:43:19.932213+00:00
[2022-08-11 19:43:25,651] {standard_task_runner.py:52} INFO - Started process 3561 to run task
[2022-08-11 19:43:25,671] {standard_task_runner.py:79} INFO - Running: ['***', 'tasks', 'run', 'ETL_DAG_V5', 'Ingest_from_food_consumption_estimates', 'manual__2022-08-11T19:43:19.932213+00:00', '--job-id', '536', '--raw', '--subdir', 'DAGS_FOLDER/etl_dag.py', '--cfg-path', '/tmp/tmpk2nhoo4w', '--error-file', '/tmp/tmpg267af7p']
[2022-08-11 19:43:25,678] {standard_task_runner.py:80} INFO - Job 536: Subtask Ingest_from_food_consumption_estimates
[2022-08-11 19:43:25,786] {task_command.py:371} INFO - Running <TaskInstance: ETL_DAG_V5.Ingest_from_food_consumption_estimates manual__2022-08-11T19:43:19.932213+00:00 [running]> on host ce1be8c59d56
[2022-08-11 19:43:25,908] {taskinstance.py:1591} INFO - Exporting the following env vars:
AIRFLOW_CTX_DAG_OWNER=narapady
AIRFLOW_CTX_DAG_ID=ETL_DAG_V5
AIRFLOW_CTX_TASK_ID=Ingest_from_food_consumption_estimates
AIRFLOW_CTX_EXECUTION_DATE=2022-08-11T19:43:19.932213+00:00
AIRFLOW_CTX_TRY_NUMBER=1
AIRFLOW_CTX_DAG_RUN_ID=manual__2022-08-11T19:43:19.932213+00:00
[2022-08-11 19:43:33,358] {logging_mixin.py:115} INFO - Successfully uploaded food-consumption-estimates/food_table1.xlsx to s3-bucket-raw-usda
[2022-08-11 19:43:34,798] {logging_mixin.py:115} INFO - Successfully uploaded food-consumption-estimates/food_table2.xlsx to s3-bucket-raw-usda
[2022-08-11 19:43:36,146] {logging_mixin.py:115} INFO - Successfully uploaded food-consumption-estimates/food_table3.xlsx to s3-bucket-raw-usda
[2022-08-11 19:43:36,153] {python.py:173} INFO - Done. Returned value was: None
[2022-08-11 19:43:36,177] {taskinstance.py:1420} INFO - Marking task as SUCCESS. dag_id=ETL_DAG_V5, task_id=Ingest_from_food_consumption_estimates, execution_date=20220811T194319, start_date=20220811T194325, end_date=20220811T194336
[2022-08-11 19:43:36,217] {local_task_job.py:156} INFO - Task exited with return code 0
[2022-08-11 19:43:36,244] {local_task_job.py:273} INFO - 0 downstream tasks scheduled from follow-on schedule check
