[2022-08-11 19:39:17,736] {taskinstance.py:1179} INFO - Dependencies all met for <TaskInstance: ETL_DAG_V3.Ingest_from_2015 manual__2022-08-11T19:39:13.033032+00:00 [queued]>
[2022-08-11 19:39:17,751] {taskinstance.py:1179} INFO - Dependencies all met for <TaskInstance: ETL_DAG_V3.Ingest_from_2015 manual__2022-08-11T19:39:13.033032+00:00 [queued]>
[2022-08-11 19:39:17,753] {taskinstance.py:1376} INFO - 
--------------------------------------------------------------------------------
[2022-08-11 19:39:17,755] {taskinstance.py:1377} INFO - Starting attempt 1 of 6
[2022-08-11 19:39:17,755] {taskinstance.py:1378} INFO - 
--------------------------------------------------------------------------------
[2022-08-11 19:39:17,775] {taskinstance.py:1397} INFO - Executing <Task(PythonOperator): Ingest_from_2015> on 2022-08-11 19:39:13.033032+00:00
[2022-08-11 19:39:17,785] {standard_task_runner.py:52} INFO - Started process 3243 to run task
[2022-08-11 19:39:17,811] {standard_task_runner.py:79} INFO - Running: ['***', 'tasks', 'run', 'ETL_DAG_V3', 'Ingest_from_2015', 'manual__2022-08-11T19:39:13.033032+00:00', '--job-id', '527', '--raw', '--subdir', 'DAGS_FOLDER/etl_dag.py', '--cfg-path', '/tmp/tmpluk0qdh6', '--error-file', '/tmp/tmp5va1s1kv']
[2022-08-11 19:39:17,815] {standard_task_runner.py:80} INFO - Job 527: Subtask Ingest_from_2015
[2022-08-11 19:39:17,981] {task_command.py:371} INFO - Running <TaskInstance: ETL_DAG_V3.Ingest_from_2015 manual__2022-08-11T19:39:13.033032+00:00 [running]> on host ce1be8c59d56
[2022-08-11 19:39:18,069] {taskinstance.py:1591} INFO - Exporting the following env vars:
AIRFLOW_CTX_DAG_OWNER=narapady
AIRFLOW_CTX_DAG_ID=ETL_DAG_V3
AIRFLOW_CTX_TASK_ID=Ingest_from_2015
AIRFLOW_CTX_EXECUTION_DATE=2022-08-11T19:39:13.033032+00:00
AIRFLOW_CTX_TRY_NUMBER=1
AIRFLOW_CTX_DAG_RUN_ID=manual__2022-08-11T19:39:13.033032+00:00
[2022-08-11 19:39:27,733] {logging_mixin.py:115} INFO - Successfully uploaded 2015/Table1_2015.xlsx to s3-bucket-raw-usda
[2022-08-11 19:39:29,229] {logging_mixin.py:115} INFO - Successfully uploaded 2015/Table2_2015.xlsx to s3-bucket-raw-usda
[2022-08-11 19:39:30,560] {logging_mixin.py:115} INFO - Successfully uploaded 2015/Table3_2015.xlsx to s3-bucket-raw-usda
[2022-08-11 19:39:31,915] {logging_mixin.py:115} INFO - Successfully uploaded 2015/Table4_2015.xlsx to s3-bucket-raw-usda
[2022-08-11 19:39:33,065] {logging_mixin.py:115} INFO - Successfully uploaded 2015/Table5_2015.xlsx to s3-bucket-raw-usda
[2022-08-11 19:39:35,483] {logging_mixin.py:115} INFO - Successfully uploaded 2015/Table6_2015.xlsx to s3-bucket-raw-usda
[2022-08-11 19:39:37,179] {logging_mixin.py:115} INFO - Successfully uploaded 2015/Table7_2015.xlsx to s3-bucket-raw-usda
[2022-08-11 19:39:39,138] {logging_mixin.py:115} INFO - Successfully uploaded 2015/Table8_2015.xlsx to s3-bucket-raw-usda
[2022-08-11 19:39:39,145] {python.py:173} INFO - Done. Returned value was: None
[2022-08-11 19:39:39,165] {taskinstance.py:1420} INFO - Marking task as SUCCESS. dag_id=ETL_DAG_V3, task_id=Ingest_from_2015, execution_date=20220811T193913, start_date=20220811T193917, end_date=20220811T193939
[2022-08-11 19:39:39,232] {local_task_job.py:156} INFO - Task exited with return code 0
[2022-08-11 19:39:39,261] {local_task_job.py:273} INFO - 0 downstream tasks scheduled from follow-on schedule check
