[2022-08-12 18:20:55,166] {taskinstance.py:1179} INFO - Dependencies all met for <TaskInstance: ETL_DAG.Create_s3_bucket_ingest manual__2022-08-12T18:20:52.559703+00:00 [queued]>
[2022-08-12 18:20:55,173] {taskinstance.py:1179} INFO - Dependencies all met for <TaskInstance: ETL_DAG.Create_s3_bucket_ingest manual__2022-08-12T18:20:52.559703+00:00 [queued]>
[2022-08-12 18:20:55,188] {taskinstance.py:1376} INFO - 
--------------------------------------------------------------------------------
[2022-08-12 18:20:55,189] {taskinstance.py:1377} INFO - Starting attempt 1 of 6
[2022-08-12 18:20:55,190] {taskinstance.py:1378} INFO - 
--------------------------------------------------------------------------------
[2022-08-12 18:20:55,198] {taskinstance.py:1397} INFO - Executing <Task(PythonOperator): Create_s3_bucket_ingest> on 2022-08-12 18:20:52.559703+00:00
[2022-08-12 18:20:55,202] {standard_task_runner.py:52} INFO - Started process 220 to run task
[2022-08-12 18:20:55,206] {standard_task_runner.py:79} INFO - Running: ['***', 'tasks', 'run', 'ETL_DAG', 'Create_s3_bucket_ingest', 'manual__2022-08-12T18:20:52.559703+00:00', '--job-id', '885', '--raw', '--subdir', 'DAGS_FOLDER/etl_dag.py', '--cfg-path', '/tmp/tmpfl_9yuyl', '--error-file', '/tmp/tmpgfrx_vlv']
[2022-08-12 18:20:55,209] {standard_task_runner.py:80} INFO - Job 885: Subtask Create_s3_bucket_ingest
[2022-08-12 18:20:55,258] {task_command.py:371} INFO - Running <TaskInstance: ETL_DAG.Create_s3_bucket_ingest manual__2022-08-12T18:20:52.559703+00:00 [running]> on host 00aa0783f116
[2022-08-12 18:20:55,310] {taskinstance.py:1591} INFO - Exporting the following env vars:
AIRFLOW_CTX_DAG_OWNER=narapady
AIRFLOW_CTX_DAG_ID=ETL_DAG
AIRFLOW_CTX_TASK_ID=Create_s3_bucket_ingest
AIRFLOW_CTX_EXECUTION_DATE=2022-08-12T18:20:52.559703+00:00
AIRFLOW_CTX_TRY_NUMBER=1
AIRFLOW_CTX_DAG_RUN_ID=manual__2022-08-12T18:20:52.559703+00:00
[2022-08-12 18:20:56,130] {python.py:173} INFO - Done. Returned value was: {'ResponseMetadata': {'RequestId': 'VEQER4C2JRAQQBEV', 'HostId': 'o9o5sac/2ZYWFVwRmaYeP/Lj9lVgtEj/4ygdL58cXUXRP6z+AqsmCzaB+LJH0bYnRgWdp/jR3Zo=', 'HTTPStatusCode': 200, 'HTTPHeaders': {'x-amz-id-2': 'o9o5sac/2ZYWFVwRmaYeP/Lj9lVgtEj/4ygdL58cXUXRP6z+AqsmCzaB+LJH0bYnRgWdp/jR3Zo=', 'x-amz-request-id': 'VEQER4C2JRAQQBEV', 'date': 'Fri, 12 Aug 2022 18:20:57 GMT', 'location': '/s3-bucket-raw-usda', 'server': 'AmazonS3', 'content-length': '0'}, 'RetryAttempts': 0}, 'Location': '/s3-bucket-raw-usda'}
[2022-08-12 18:20:56,166] {taskinstance.py:1420} INFO - Marking task as SUCCESS. dag_id=ETL_DAG, task_id=Create_s3_bucket_ingest, execution_date=20220812T182052, start_date=20220812T182055, end_date=20220812T182056
[2022-08-12 18:20:56,211] {local_task_job.py:156} INFO - Task exited with return code 0
[2022-08-12 18:20:56,245] {local_task_job.py:273} INFO - 9 downstream tasks scheduled from follow-on schedule check
