[2022-08-14 16:51:41,408] {taskinstance.py:1179} INFO - Dependencies all met for <TaskInstance: ETL_DAG.Stage_loss-adjusted-food-availability-clean scheduled__2022-08-07T00:00:00+00:00 [queued]>
[2022-08-14 16:51:41,426] {taskinstance.py:1179} INFO - Dependencies all met for <TaskInstance: ETL_DAG.Stage_loss-adjusted-food-availability-clean scheduled__2022-08-07T00:00:00+00:00 [queued]>
[2022-08-14 16:51:41,428] {taskinstance.py:1376} INFO - 
--------------------------------------------------------------------------------
[2022-08-14 16:51:41,428] {taskinstance.py:1377} INFO - Starting attempt 1 of 6
[2022-08-14 16:51:41,429] {taskinstance.py:1378} INFO - 
--------------------------------------------------------------------------------
[2022-08-14 16:51:41,451] {taskinstance.py:1397} INFO - Executing <Task(PythonOperator): Stage_loss-adjusted-food-availability-clean> on 2022-08-07 00:00:00+00:00
[2022-08-14 16:51:41,459] {standard_task_runner.py:52} INFO - Started process 752 to run task
[2022-08-14 16:51:41,477] {standard_task_runner.py:79} INFO - Running: ['***', 'tasks', 'run', 'ETL_DAG', 'Stage_loss-adjusted-food-availability-clean', 'scheduled__2022-08-07T00:00:00+00:00', '--job-id', '959', '--raw', '--subdir', 'DAGS_FOLDER/etl_dag.py', '--cfg-path', '/tmp/tmpbx4bvefp', '--error-file', '/tmp/tmplrx6w4fq']
[2022-08-14 16:51:41,479] {standard_task_runner.py:80} INFO - Job 959: Subtask Stage_loss-adjusted-food-availability-clean
[2022-08-14 16:51:41,566] {task_command.py:371} INFO - Running <TaskInstance: ETL_DAG.Stage_loss-adjusted-food-availability-clean scheduled__2022-08-07T00:00:00+00:00 [running]> on host 0dbf9d5e5cdb
[2022-08-14 16:51:41,642] {taskinstance.py:1591} INFO - Exporting the following env vars:
AIRFLOW_CTX_DAG_OWNER=narapady
AIRFLOW_CTX_DAG_ID=ETL_DAG
AIRFLOW_CTX_TASK_ID=Stage_loss-adjusted-food-availability-clean
AIRFLOW_CTX_EXECUTION_DATE=2022-08-07T00:00:00+00:00
AIRFLOW_CTX_TRY_NUMBER=1
AIRFLOW_CTX_DAG_RUN_ID=scheduled__2022-08-07T00:00:00+00:00
[2022-08-14 16:53:55,537] {logging_mixin.py:115} INFO - Successfully loaded percents-staged.csv to s3-bucket-staged
[2022-08-14 16:54:04,298] {logging_mixin.py:115} INFO - Successfully loaded totals-staged.csv to s3-bucket-staged
[2022-08-14 16:54:58,822] {logging_mixin.py:115} INFO - Successfully loaded loss-adjusted-food-availability-staged.csv to s3-bucket-staged
[2022-08-14 16:54:58,852] {python.py:173} INFO - Done. Returned value was: None
[2022-08-14 16:54:58,875] {taskinstance.py:1420} INFO - Marking task as SUCCESS. dag_id=ETL_DAG, task_id=Stage_loss-adjusted-food-availability-clean, execution_date=20220807T000000, start_date=20220814T165141, end_date=20220814T165458
[2022-08-14 16:54:58,936] {local_task_job.py:156} INFO - Task exited with return code 0
[2022-08-14 16:54:58,960] {local_task_job.py:273} INFO - 1 downstream tasks scheduled from follow-on schedule check
