[2022-08-11 20:45:46,084] {taskinstance.py:1179} INFO - Dependencies all met for <TaskInstance: ETL_DAG_V7.Ingest_from_nutrient_intake_estimates manual__2022-08-11T20:45:41.327998+00:00 [queued]>
[2022-08-11 20:45:46,099] {taskinstance.py:1179} INFO - Dependencies all met for <TaskInstance: ETL_DAG_V7.Ingest_from_nutrient_intake_estimates manual__2022-08-11T20:45:41.327998+00:00 [queued]>
[2022-08-11 20:45:46,100] {taskinstance.py:1376} INFO - 
--------------------------------------------------------------------------------
[2022-08-11 20:45:46,100] {taskinstance.py:1377} INFO - Starting attempt 1 of 6
[2022-08-11 20:45:46,101] {taskinstance.py:1378} INFO - 
--------------------------------------------------------------------------------
[2022-08-11 20:45:46,122] {taskinstance.py:1397} INFO - Executing <Task(PythonOperator): Ingest_from_nutrient_intake_estimates> on 2022-08-11 20:45:41.327998+00:00
[2022-08-11 20:45:46,135] {standard_task_runner.py:52} INFO - Started process 7852 to run task
[2022-08-11 20:45:46,153] {standard_task_runner.py:79} INFO - Running: ['***', 'tasks', 'run', 'ETL_DAG_V7', 'Ingest_from_nutrient_intake_estimates', 'manual__2022-08-11T20:45:41.327998+00:00', '--job-id', '577', '--raw', '--subdir', 'DAGS_FOLDER/etl_dag.py', '--cfg-path', '/tmp/tmpbap42bgd', '--error-file', '/tmp/tmpgg2egvxi']
[2022-08-11 20:45:46,163] {standard_task_runner.py:80} INFO - Job 577: Subtask Ingest_from_nutrient_intake_estimates
[2022-08-11 20:45:46,264] {task_command.py:371} INFO - Running <TaskInstance: ETL_DAG_V7.Ingest_from_nutrient_intake_estimates manual__2022-08-11T20:45:41.327998+00:00 [running]> on host ce1be8c59d56
[2022-08-11 20:45:46,544] {taskinstance.py:1591} INFO - Exporting the following env vars:
AIRFLOW_CTX_DAG_OWNER=narapady
AIRFLOW_CTX_DAG_ID=ETL_DAG_V7
AIRFLOW_CTX_TASK_ID=Ingest_from_nutrient_intake_estimates
AIRFLOW_CTX_EXECUTION_DATE=2022-08-11T20:45:41.327998+00:00
AIRFLOW_CTX_TRY_NUMBER=1
AIRFLOW_CTX_DAG_RUN_ID=manual__2022-08-11T20:45:41.327998+00:00
[2022-08-11 20:45:53,722] {logging_mixin.py:115} INFO - Successfully uploaded nutrient-intake-estimates/nutrient_table1.xlsx to s3-bucket-raw-usda
[2022-08-11 20:45:55,070] {logging_mixin.py:115} INFO - Successfully uploaded nutrient-intake-estimates/nutrient_table2.xlsx to s3-bucket-raw-usda
[2022-08-11 20:45:59,430] {logging_mixin.py:115} INFO - Successfully uploaded nutrient-intake-estimates/Archived%202007-10%20Food%20Consumption%20and%20Nutrient%20Inta to s3-bucket-raw-usda
[2022-08-11 20:45:59,436] {python.py:173} INFO - Done. Returned value was: None
[2022-08-11 20:45:59,456] {taskinstance.py:1420} INFO - Marking task as SUCCESS. dag_id=ETL_DAG_V7, task_id=Ingest_from_nutrient_intake_estimates, execution_date=20220811T204541, start_date=20220811T204546, end_date=20220811T204559
[2022-08-11 20:45:59,509] {local_task_job.py:156} INFO - Task exited with return code 0
[2022-08-11 20:45:59,546] {local_task_job.py:273} INFO - 0 downstream tasks scheduled from follow-on schedule check
