[2022-08-12 05:37:38,389] {taskinstance.py:1179} INFO - Dependencies all met for <TaskInstance: ETL_DAG.Transform_nutrient-intake-estimates manual__2022-08-12T05:33:31.619708+00:00 [queued]>
[2022-08-12 05:37:38,400] {taskinstance.py:1179} INFO - Dependencies all met for <TaskInstance: ETL_DAG.Transform_nutrient-intake-estimates manual__2022-08-12T05:33:31.619708+00:00 [queued]>
[2022-08-12 05:37:38,402] {taskinstance.py:1376} INFO - 
--------------------------------------------------------------------------------
[2022-08-12 05:37:38,402] {taskinstance.py:1377} INFO - Starting attempt 1 of 6
[2022-08-12 05:37:38,403] {taskinstance.py:1378} INFO - 
--------------------------------------------------------------------------------
[2022-08-12 05:37:38,414] {taskinstance.py:1397} INFO - Executing <Task(PythonOperator): Transform_nutrient-intake-estimates> on 2022-08-12 05:33:31.619708+00:00
[2022-08-12 05:37:38,424] {standard_task_runner.py:52} INFO - Started process 620 to run task
[2022-08-12 05:37:38,433] {standard_task_runner.py:79} INFO - Running: ['***', 'tasks', 'run', 'ETL_DAG', 'Transform_nutrient-intake-estimates', 'manual__2022-08-12T05:33:31.619708+00:00', '--job-id', '861', '--raw', '--subdir', 'DAGS_FOLDER/etl_dag.py', '--cfg-path', '/tmp/tmpsc09rvhr', '--error-file', '/tmp/tmp_udf35oo']
[2022-08-12 05:37:38,437] {standard_task_runner.py:80} INFO - Job 861: Subtask Transform_nutrient-intake-estimates
[2022-08-12 05:37:38,558] {task_command.py:371} INFO - Running <TaskInstance: ETL_DAG.Transform_nutrient-intake-estimates manual__2022-08-12T05:33:31.619708+00:00 [running]> on host 959a8f00817b
[2022-08-12 05:37:38,630] {taskinstance.py:1591} INFO - Exporting the following env vars:
AIRFLOW_CTX_DAG_OWNER=narapady
AIRFLOW_CTX_DAG_ID=ETL_DAG
AIRFLOW_CTX_TASK_ID=Transform_nutrient-intake-estimates
AIRFLOW_CTX_EXECUTION_DATE=2022-08-12T05:33:31.619708+00:00
AIRFLOW_CTX_TRY_NUMBER=1
AIRFLOW_CTX_DAG_RUN_ID=manual__2022-08-12T05:33:31.619708+00:00
[2022-08-12 05:37:56,547] {logging_mixin.py:115} INFO - Successfully process nutrient-intake-estimates-clean/Total population-2015-2016.csv to S3
[2022-08-12 05:37:56,832] {logging_mixin.py:115} INFO - Successfully process nutrient-intake-estimates-clean/Total population-2017-2018.csv to S3
[2022-08-12 05:37:57,113] {logging_mixin.py:115} INFO - Successfully process nutrient-intake-estimates-clean/Children age 2–19-2015-2016.csv to S3
[2022-08-12 05:37:57,496] {logging_mixin.py:115} INFO - Successfully process nutrient-intake-estimates-clean/Children age 2–19-2017-2018.csv to S3
[2022-08-12 05:37:57,848] {logging_mixin.py:115} INFO - Successfully process nutrient-intake-estimates-clean/Adults age 20-64-2015-2016.csv to S3
[2022-08-12 05:37:58,257] {logging_mixin.py:115} INFO - Successfully process nutrient-intake-estimates-clean/Adults age 20-64-2017-2018.csv to S3
[2022-08-12 05:37:58,575] {logging_mixin.py:115} INFO - Successfully process nutrient-intake-estimates-clean/Seniors age 65 and above-2015-2016.csv to S3
[2022-08-12 05:37:58,877] {logging_mixin.py:115} INFO - Successfully process nutrient-intake-estimates-clean/Seniors age 65 and above-2017-2018.csv to S3
[2022-08-12 05:37:59,201] {logging_mixin.py:115} INFO - Successfully process nutrient-intake-estimates-clean/Household income < 185% poverty line-2015-2016.csv to S3
[2022-08-12 05:37:59,539] {logging_mixin.py:115} INFO - Successfully process nutrient-intake-estimates-clean/Household income < 185% poverty line-2017-2018.csv to S3
[2022-08-12 05:37:59,864] {logging_mixin.py:115} INFO - Successfully process nutrient-intake-estimates-clean/Household income 185–300% poverty line-2015-2016.csv to S3
[2022-08-12 05:38:00,147] {logging_mixin.py:115} INFO - Successfully process nutrient-intake-estimates-clean/Household income 185–300% poverty line-2017-2018.csv to S3
[2022-08-12 05:38:00,487] {logging_mixin.py:115} INFO - Successfully process nutrient-intake-estimates-clean/Household income > 300% poverty line-2015-2016.csv to S3
[2022-08-12 05:38:00,868] {logging_mixin.py:115} INFO - Successfully process nutrient-intake-estimates-clean/Household income > 300% poverty line-2017-2018.csv to S3
[2022-08-12 05:38:00,890] {python.py:173} INFO - Done. Returned value was: None
[2022-08-12 05:38:00,915] {taskinstance.py:1420} INFO - Marking task as SUCCESS. dag_id=ETL_DAG, task_id=Transform_nutrient-intake-estimates, execution_date=20220812T053331, start_date=20220812T053738, end_date=20220812T053800
[2022-08-12 05:38:00,972] {local_task_job.py:156} INFO - Task exited with return code 0
[2022-08-12 05:38:01,008] {local_task_job.py:273} INFO - 0 downstream tasks scheduled from follow-on schedule check
