[2022-08-11 23:09:26,681] {taskinstance.py:1179} INFO - Dependencies all met for <TaskInstance: ETL_DAG_US_FOOD_NUTRITION.Create_s3_bucket_ingest manual__2022-08-11T23:09:24.436624+00:00 [queued]>
[2022-08-11 23:09:26,688] {taskinstance.py:1179} INFO - Dependencies all met for <TaskInstance: ETL_DAG_US_FOOD_NUTRITION.Create_s3_bucket_ingest manual__2022-08-11T23:09:24.436624+00:00 [queued]>
[2022-08-11 23:09:26,689] {taskinstance.py:1376} INFO - 
--------------------------------------------------------------------------------
[2022-08-11 23:09:26,690] {taskinstance.py:1377} INFO - Starting attempt 1 of 6
[2022-08-11 23:09:26,691] {taskinstance.py:1378} INFO - 
--------------------------------------------------------------------------------
[2022-08-11 23:09:26,699] {taskinstance.py:1397} INFO - Executing <Task(PythonOperator): Create_s3_bucket_ingest> on 2022-08-11 23:09:24.436624+00:00
[2022-08-11 23:09:26,705] {standard_task_runner.py:52} INFO - Started process 6173 to run task
[2022-08-11 23:09:26,709] {standard_task_runner.py:79} INFO - Running: ['***', 'tasks', 'run', 'ETL_DAG_US_FOOD_NUTRITION', 'Create_s3_bucket_ingest', 'manual__2022-08-11T23:09:24.436624+00:00', '--job-id', '707', '--raw', '--subdir', 'DAGS_FOLDER/etl_dag.py', '--cfg-path', '/tmp/tmp8ar23pnu', '--error-file', '/tmp/tmpvtc7txid']
[2022-08-11 23:09:26,712] {standard_task_runner.py:80} INFO - Job 707: Subtask Create_s3_bucket_ingest
[2022-08-11 23:09:26,763] {task_command.py:371} INFO - Running <TaskInstance: ETL_DAG_US_FOOD_NUTRITION.Create_s3_bucket_ingest manual__2022-08-11T23:09:24.436624+00:00 [running]> on host a02c2b8cab8b
[2022-08-11 23:09:26,812] {taskinstance.py:1591} INFO - Exporting the following env vars:
AIRFLOW_CTX_DAG_OWNER=narapady
AIRFLOW_CTX_DAG_ID=ETL_DAG_US_FOOD_NUTRITION
AIRFLOW_CTX_TASK_ID=Create_s3_bucket_ingest
AIRFLOW_CTX_EXECUTION_DATE=2022-08-11T23:09:24.436624+00:00
AIRFLOW_CTX_TRY_NUMBER=1
AIRFLOW_CTX_DAG_RUN_ID=manual__2022-08-11T23:09:24.436624+00:00
[2022-08-11 23:09:27,718] {python.py:173} INFO - Done. Returned value was: {'ResponseMetadata': {'RequestId': 'P6JK0W86M8Y9TPX7', 'HostId': 'efM5tQILz6movcb01jXUn7wufC1GMZeTTzMZqsVXNNd4VWNZst+1gk4DWnj8kVZOOzpBJvBF0xU=', 'HTTPStatusCode': 200, 'HTTPHeaders': {'x-amz-id-2': 'efM5tQILz6movcb01jXUn7wufC1GMZeTTzMZqsVXNNd4VWNZst+1gk4DWnj8kVZOOzpBJvBF0xU=', 'x-amz-request-id': 'P6JK0W86M8Y9TPX7', 'date': 'Thu, 11 Aug 2022 23:09:28 GMT', 'location': '/s3-bucket-raw-usda', 'server': 'AmazonS3', 'content-length': '0'}, 'RetryAttempts': 0}, 'Location': '/s3-bucket-raw-usda'}
[2022-08-11 23:09:27,737] {taskinstance.py:1420} INFO - Marking task as SUCCESS. dag_id=ETL_DAG_US_FOOD_NUTRITION, task_id=Create_s3_bucket_ingest, execution_date=20220811T230924, start_date=20220811T230926, end_date=20220811T230927
[2022-08-11 23:09:27,760] {local_task_job.py:156} INFO - Task exited with return code 0
[2022-08-11 23:09:27,797] {local_task_job.py:273} INFO - 9 downstream tasks scheduled from follow-on schedule check
