[2022-08-11 20:49:41,794] {taskinstance.py:1179} INFO - Dependencies all met for <TaskInstance: ETL_DAG_V7.Transform_2014 manual__2022-08-11T20:45:41.327998+00:00 [queued]>
[2022-08-11 20:49:41,814] {taskinstance.py:1179} INFO - Dependencies all met for <TaskInstance: ETL_DAG_V7.Transform_2014 manual__2022-08-11T20:45:41.327998+00:00 [queued]>
[2022-08-11 20:49:41,817] {taskinstance.py:1376} INFO - 
--------------------------------------------------------------------------------
[2022-08-11 20:49:41,821] {taskinstance.py:1377} INFO - Starting attempt 1 of 6
[2022-08-11 20:49:41,823] {taskinstance.py:1378} INFO - 
--------------------------------------------------------------------------------
[2022-08-11 20:49:41,847] {taskinstance.py:1397} INFO - Executing <Task(PythonOperator): Transform_2014> on 2022-08-11 20:45:41.327998+00:00
[2022-08-11 20:49:41,855] {standard_task_runner.py:52} INFO - Started process 8152 to run task
[2022-08-11 20:49:41,865] {standard_task_runner.py:79} INFO - Running: ['***', 'tasks', 'run', 'ETL_DAG_V7', 'Transform_2014', 'manual__2022-08-11T20:45:41.327998+00:00', '--job-id', '589', '--raw', '--subdir', 'DAGS_FOLDER/etl_dag.py', '--cfg-path', '/tmp/tmpu7qsqo22', '--error-file', '/tmp/tmpma7poxlv']
[2022-08-11 20:49:41,870] {standard_task_runner.py:80} INFO - Job 589: Subtask Transform_2014
[2022-08-11 20:49:41,969] {task_command.py:371} INFO - Running <TaskInstance: ETL_DAG_V7.Transform_2014 manual__2022-08-11T20:45:41.327998+00:00 [running]> on host ce1be8c59d56
[2022-08-11 20:49:42,059] {taskinstance.py:1591} INFO - Exporting the following env vars:
AIRFLOW_CTX_DAG_OWNER=narapady
AIRFLOW_CTX_DAG_ID=ETL_DAG_V7
AIRFLOW_CTX_TASK_ID=Transform_2014
AIRFLOW_CTX_EXECUTION_DATE=2022-08-11T20:45:41.327998+00:00
AIRFLOW_CTX_TRY_NUMBER=1
AIRFLOW_CTX_DAG_RUN_ID=manual__2022-08-11T20:45:41.327998+00:00
[2022-08-11 20:49:46,100] {logging_mixin.py:115} INFO - Successfully process fast-food-clean/age-15-and-older-2014.csv to S3
[2022-08-11 20:49:46,454] {logging_mixin.py:115} INFO - Successfully process fast-food-clean/age-18-and-older-2014.csv to S3
[2022-08-11 20:49:46,459] {python.py:173} INFO - Done. Returned value was: None
[2022-08-11 20:49:46,522] {taskinstance.py:1420} INFO - Marking task as SUCCESS. dag_id=ETL_DAG_V7, task_id=Transform_2014, execution_date=20220811T204541, start_date=20220811T204941, end_date=20220811T204946
[2022-08-11 20:49:46,679] {local_task_job.py:156} INFO - Task exited with return code 0
[2022-08-11 20:49:46,860] {local_task_job.py:273} INFO - 0 downstream tasks scheduled from follow-on schedule check
