[2022-08-15 20:40:56,731] {taskinstance.py:1179} INFO - Dependencies all met for <TaskInstance: ETL_DAG.Ingest_from_current_food_expenditure_series manual__2022-08-15T20:40:50.207703+00:00 [queued]>
[2022-08-15 20:40:56,740] {taskinstance.py:1179} INFO - Dependencies all met for <TaskInstance: ETL_DAG.Ingest_from_current_food_expenditure_series manual__2022-08-15T20:40:50.207703+00:00 [queued]>
[2022-08-15 20:40:56,741] {taskinstance.py:1376} INFO - 
--------------------------------------------------------------------------------
[2022-08-15 20:40:56,742] {taskinstance.py:1377} INFO - Starting attempt 1 of 6
[2022-08-15 20:40:56,743] {taskinstance.py:1378} INFO - 
--------------------------------------------------------------------------------
[2022-08-15 20:40:56,764] {taskinstance.py:1397} INFO - Executing <Task(PythonOperator): Ingest_from_current_food_expenditure_series> on 2022-08-15 20:40:50.207703+00:00
[2022-08-15 20:40:56,777] {standard_task_runner.py:52} INFO - Started process 382 to run task
[2022-08-15 20:40:56,784] {standard_task_runner.py:79} INFO - Running: ['***', 'tasks', 'run', 'ETL_DAG', 'Ingest_from_current_food_expenditure_series', 'manual__2022-08-15T20:40:50.207703+00:00', '--job-id', '1014', '--raw', '--subdir', 'DAGS_FOLDER/etl_dag.py', '--cfg-path', '/tmp/tmp37uvisav', '--error-file', '/tmp/tmppc9e388g']
[2022-08-15 20:40:56,787] {standard_task_runner.py:80} INFO - Job 1014: Subtask Ingest_from_current_food_expenditure_series
[2022-08-15 20:40:56,881] {task_command.py:371} INFO - Running <TaskInstance: ETL_DAG.Ingest_from_current_food_expenditure_series manual__2022-08-15T20:40:50.207703+00:00 [running]> on host 42abdd2e54ec
[2022-08-15 20:40:56,964] {taskinstance.py:1591} INFO - Exporting the following env vars:
AIRFLOW_CTX_DAG_OWNER=narapady
AIRFLOW_CTX_DAG_ID=ETL_DAG
AIRFLOW_CTX_TASK_ID=Ingest_from_current_food_expenditure_series
AIRFLOW_CTX_EXECUTION_DATE=2022-08-15T20:40:50.207703+00:00
AIRFLOW_CTX_TRY_NUMBER=1
AIRFLOW_CTX_DAG_RUN_ID=manual__2022-08-15T20:40:50.207703+00:00
[2022-08-15 20:41:05,951] {logging_mixin.py:115} INFO - Successfully uploaded current-food-expenditure-series/nominal_expenditures.xlsx to s3-bucket-raw-usda
[2022-08-15 20:41:07,723] {logging_mixin.py:115} INFO - Successfully uploaded current-food-expenditure-series/nominal_expenditures_no_taxes_tips.xlsx to s3-bucket-raw-usda
[2022-08-15 20:41:09,263] {logging_mixin.py:115} INFO - Successfully uploaded current-food-expenditure-series/constant_dollar_expenditures.xlsx to s3-bucket-raw-usda
[2022-08-15 20:41:10,678] {logging_mixin.py:115} INFO - Successfully uploaded current-food-expenditure-series/constant_dollar_expenditures_no_taxes_tips.xlsx to s3-bucket-raw-usda
[2022-08-15 20:41:12,030] {logging_mixin.py:115} INFO - Successfully uploaded current-food-expenditure-series/food_expenditures_source_funds.xlsx to s3-bucket-raw-usda
[2022-08-15 20:41:13,518] {logging_mixin.py:115} INFO - Successfully uploaded current-food-expenditure-series/normalized_food_expenditures.xlsx to s3-bucket-raw-usda
[2022-08-15 20:41:15,310] {logging_mixin.py:115} INFO - Successfully uploaded current-food-expenditure-series/monthly_sales.xlsx to s3-bucket-raw-usda
[2022-08-15 20:41:16,816] {logging_mixin.py:115} INFO - Successfully uploaded current-food-expenditure-series/archived_nominal_expenditures_1.xlsx to s3-bucket-raw-usda
[2022-08-15 20:41:18,303] {logging_mixin.py:115} INFO - Successfully uploaded current-food-expenditure-series/archived_expenditures_purchaser_2.xlsx to s3-bucket-raw-usda
[2022-08-15 20:41:19,561] {logging_mixin.py:115} INFO - Successfully uploaded current-food-expenditure-series/archived_normalized_expenditures_3.xlsx to s3-bucket-raw-usda
[2022-08-15 20:41:20,833] {logging_mixin.py:115} INFO - Successfully uploaded current-food-expenditure-series/archived_monthly_4.xlsx to s3-bucket-raw-usda
[2022-08-15 20:41:20,844] {python.py:173} INFO - Done. Returned value was: None
[2022-08-15 20:41:20,868] {taskinstance.py:1420} INFO - Marking task as SUCCESS. dag_id=ETL_DAG, task_id=Ingest_from_current_food_expenditure_series, execution_date=20220815T204050, start_date=20220815T204056, end_date=20220815T204120
[2022-08-15 20:41:20,933] {local_task_job.py:156} INFO - Task exited with return code 0
[2022-08-15 20:41:20,964] {local_task_job.py:273} INFO - 0 downstream tasks scheduled from follow-on schedule check
