[2022-08-11 20:45:46,042] {taskinstance.py:1179} INFO - Dependencies all met for <TaskInstance: ETL_DAG_V7.Ingest_from_2014 manual__2022-08-11T20:45:41.327998+00:00 [queued]>
[2022-08-11 20:45:46,054] {taskinstance.py:1179} INFO - Dependencies all met for <TaskInstance: ETL_DAG_V7.Ingest_from_2014 manual__2022-08-11T20:45:41.327998+00:00 [queued]>
[2022-08-11 20:45:46,056] {taskinstance.py:1376} INFO - 
--------------------------------------------------------------------------------
[2022-08-11 20:45:46,057] {taskinstance.py:1377} INFO - Starting attempt 1 of 6
[2022-08-11 20:45:46,059] {taskinstance.py:1378} INFO - 
--------------------------------------------------------------------------------
[2022-08-11 20:45:46,077] {taskinstance.py:1397} INFO - Executing <Task(PythonOperator): Ingest_from_2014> on 2022-08-11 20:45:41.327998+00:00
[2022-08-11 20:45:46,084] {standard_task_runner.py:52} INFO - Started process 7851 to run task
[2022-08-11 20:45:46,093] {standard_task_runner.py:79} INFO - Running: ['***', 'tasks', 'run', 'ETL_DAG_V7', 'Ingest_from_2014', 'manual__2022-08-11T20:45:41.327998+00:00', '--job-id', '576', '--raw', '--subdir', 'DAGS_FOLDER/etl_dag.py', '--cfg-path', '/tmp/tmpcivp2lcu', '--error-file', '/tmp/tmpmi_bncya']
[2022-08-11 20:45:46,099] {standard_task_runner.py:80} INFO - Job 576: Subtask Ingest_from_2014
[2022-08-11 20:45:46,230] {task_command.py:371} INFO - Running <TaskInstance: ETL_DAG_V7.Ingest_from_2014 manual__2022-08-11T20:45:41.327998+00:00 [running]> on host ce1be8c59d56
[2022-08-11 20:45:46,323] {taskinstance.py:1591} INFO - Exporting the following env vars:
AIRFLOW_CTX_DAG_OWNER=narapady
AIRFLOW_CTX_DAG_ID=ETL_DAG_V7
AIRFLOW_CTX_TASK_ID=Ingest_from_2014
AIRFLOW_CTX_EXECUTION_DATE=2022-08-11T20:45:41.327998+00:00
AIRFLOW_CTX_TRY_NUMBER=1
AIRFLOW_CTX_DAG_RUN_ID=manual__2022-08-11T20:45:41.327998+00:00
[2022-08-11 20:45:53,007] {logging_mixin.py:115} INFO - Successfully uploaded 2014/table1_2014.xls to s3-bucket-raw-usda
[2022-08-11 20:45:54,567] {logging_mixin.py:115} INFO - Successfully uploaded 2014/table2_2014.xls to s3-bucket-raw-usda
[2022-08-11 20:45:56,345] {logging_mixin.py:115} INFO - Successfully uploaded 2014/table3_2014.xls to s3-bucket-raw-usda
[2022-08-11 20:45:57,993] {logging_mixin.py:115} INFO - Successfully uploaded 2014/table4_2014.xls to s3-bucket-raw-usda
[2022-08-11 20:45:59,555] {logging_mixin.py:115} INFO - Successfully uploaded 2014/table5_2014.xls to s3-bucket-raw-usda
[2022-08-11 20:46:01,164] {logging_mixin.py:115} INFO - Successfully uploaded 2014/table6_2014.xls to s3-bucket-raw-usda
[2022-08-11 20:46:02,908] {logging_mixin.py:115} INFO - Successfully uploaded 2014/table7_2014.xls to s3-bucket-raw-usda
[2022-08-11 20:46:04,680] {logging_mixin.py:115} INFO - Successfully uploaded 2014/table8_2014.xls to s3-bucket-raw-usda
[2022-08-11 20:46:05,911] {logging_mixin.py:115} INFO - Successfully uploaded 2014/2008_table1.xls to s3-bucket-raw-usda
[2022-08-11 20:46:07,423] {logging_mixin.py:115} INFO - Successfully uploaded 2014/2008_table2.xls to s3-bucket-raw-usda
[2022-08-11 20:46:09,134] {logging_mixin.py:115} INFO - Successfully uploaded 2014/2008_table3.xls to s3-bucket-raw-usda
[2022-08-11 20:46:10,535] {logging_mixin.py:115} INFO - Successfully uploaded 2014/2008_table4.xls to s3-bucket-raw-usda
[2022-08-11 20:46:11,940] {logging_mixin.py:115} INFO - Successfully uploaded 2014/2008_table5.xls to s3-bucket-raw-usda
[2022-08-11 20:46:13,358] {logging_mixin.py:115} INFO - Successfully uploaded 2014/2008_table6.xls to s3-bucket-raw-usda
[2022-08-11 20:46:14,859] {logging_mixin.py:115} INFO - Successfully uploaded 2014/2008_table7.xls to s3-bucket-raw-usda
[2022-08-11 20:46:14,864] {python.py:173} INFO - Done. Returned value was: None
[2022-08-11 20:46:14,885] {taskinstance.py:1420} INFO - Marking task as SUCCESS. dag_id=ETL_DAG_V7, task_id=Ingest_from_2014, execution_date=20220811T204541, start_date=20220811T204546, end_date=20220811T204614
[2022-08-11 20:46:14,946] {local_task_job.py:156} INFO - Task exited with return code 0
[2022-08-11 20:46:14,977] {local_task_job.py:273} INFO - 0 downstream tasks scheduled from follow-on schedule check
