[2022-08-14 16:45:02,578] {taskinstance.py:1179} INFO - Dependencies all met for <TaskInstance: ETL_DAG.Ingest_from_2015 scheduled__2022-08-07T00:00:00+00:00 [queued]>
[2022-08-14 16:45:02,589] {taskinstance.py:1179} INFO - Dependencies all met for <TaskInstance: ETL_DAG.Ingest_from_2015 scheduled__2022-08-07T00:00:00+00:00 [queued]>
[2022-08-14 16:45:02,592] {taskinstance.py:1376} INFO - 
--------------------------------------------------------------------------------
[2022-08-14 16:45:02,596] {taskinstance.py:1377} INFO - Starting attempt 1 of 6
[2022-08-14 16:45:02,598] {taskinstance.py:1378} INFO - 
--------------------------------------------------------------------------------
[2022-08-14 16:45:02,620] {taskinstance.py:1397} INFO - Executing <Task(PythonOperator): Ingest_from_2015> on 2022-08-07 00:00:00+00:00
[2022-08-14 16:45:02,633] {standard_task_runner.py:52} INFO - Started process 216 to run task
[2022-08-14 16:45:02,644] {standard_task_runner.py:79} INFO - Running: ['***', 'tasks', 'run', 'ETL_DAG', 'Ingest_from_2015', 'scheduled__2022-08-07T00:00:00+00:00', '--job-id', '930', '--raw', '--subdir', 'DAGS_FOLDER/etl_dag.py', '--cfg-path', '/tmp/tmp8n4pr4bw', '--error-file', '/tmp/tmphtexj367']
[2022-08-14 16:45:02,657] {standard_task_runner.py:80} INFO - Job 930: Subtask Ingest_from_2015
[2022-08-14 16:45:02,827] {task_command.py:371} INFO - Running <TaskInstance: ETL_DAG.Ingest_from_2015 scheduled__2022-08-07T00:00:00+00:00 [running]> on host 0dbf9d5e5cdb
[2022-08-14 16:45:02,929] {taskinstance.py:1591} INFO - Exporting the following env vars:
AIRFLOW_CTX_DAG_OWNER=narapady
AIRFLOW_CTX_DAG_ID=ETL_DAG
AIRFLOW_CTX_TASK_ID=Ingest_from_2015
AIRFLOW_CTX_EXECUTION_DATE=2022-08-07T00:00:00+00:00
AIRFLOW_CTX_TRY_NUMBER=1
AIRFLOW_CTX_DAG_RUN_ID=scheduled__2022-08-07T00:00:00+00:00
[2022-08-14 16:45:10,707] {logging_mixin.py:115} INFO - Successfully uploaded 2015/Table1_2015.xlsx to s3-bucket-raw-usda
[2022-08-14 16:45:11,970] {logging_mixin.py:115} INFO - Successfully uploaded 2015/Table2_2015.xlsx to s3-bucket-raw-usda
[2022-08-14 16:45:13,109] {logging_mixin.py:115} INFO - Successfully uploaded 2015/Table3_2015.xlsx to s3-bucket-raw-usda
[2022-08-14 16:45:14,285] {logging_mixin.py:115} INFO - Successfully uploaded 2015/Table4_2015.xlsx to s3-bucket-raw-usda
[2022-08-14 16:45:15,440] {logging_mixin.py:115} INFO - Successfully uploaded 2015/Table5_2015.xlsx to s3-bucket-raw-usda
[2022-08-14 16:45:16,493] {logging_mixin.py:115} INFO - Successfully uploaded 2015/Table6_2015.xlsx to s3-bucket-raw-usda
[2022-08-14 16:45:17,615] {logging_mixin.py:115} INFO - Successfully uploaded 2015/Table7_2015.xlsx to s3-bucket-raw-usda
[2022-08-14 16:45:18,837] {logging_mixin.py:115} INFO - Successfully uploaded 2015/Table8_2015.xlsx to s3-bucket-raw-usda
[2022-08-14 16:45:18,841] {python.py:173} INFO - Done. Returned value was: None
[2022-08-14 16:45:18,952] {taskinstance.py:1420} INFO - Marking task as SUCCESS. dag_id=ETL_DAG, task_id=Ingest_from_2015, execution_date=20220807T000000, start_date=20220814T164502, end_date=20220814T164518
[2022-08-14 16:45:19,010] {local_task_job.py:156} INFO - Task exited with return code 0
[2022-08-14 16:45:19,039] {local_task_job.py:273} INFO - 0 downstream tasks scheduled from follow-on schedule check
