[2022-08-14 16:52:10,949] {taskinstance.py:1179} INFO - Dependencies all met for <TaskInstance: ETL_DAG.Transform_current-food-expenditure-series manual__2022-08-14T16:48:28.179984+00:00 [queued]>
[2022-08-14 16:52:10,964] {taskinstance.py:1179} INFO - Dependencies all met for <TaskInstance: ETL_DAG.Transform_current-food-expenditure-series manual__2022-08-14T16:48:28.179984+00:00 [queued]>
[2022-08-14 16:52:10,971] {taskinstance.py:1376} INFO - 
--------------------------------------------------------------------------------
[2022-08-14 16:52:10,972] {taskinstance.py:1377} INFO - Starting attempt 1 of 6
[2022-08-14 16:52:10,973] {taskinstance.py:1378} INFO - 
--------------------------------------------------------------------------------
[2022-08-14 16:52:10,986] {taskinstance.py:1397} INFO - Executing <Task(PythonOperator): Transform_current-food-expenditure-series> on 2022-08-14 16:48:28.179984+00:00
[2022-08-14 16:52:10,992] {standard_task_runner.py:52} INFO - Started process 815 to run task
[2022-08-14 16:52:10,998] {standard_task_runner.py:79} INFO - Running: ['***', 'tasks', 'run', 'ETL_DAG', 'Transform_current-food-expenditure-series', 'manual__2022-08-14T16:48:28.179984+00:00', '--job-id', '970', '--raw', '--subdir', 'DAGS_FOLDER/etl_dag.py', '--cfg-path', '/tmp/tmp3q0hf5r3', '--error-file', '/tmp/tmp1put5e39']
[2022-08-14 16:52:11,001] {standard_task_runner.py:80} INFO - Job 970: Subtask Transform_current-food-expenditure-series
[2022-08-14 16:52:11,071] {task_command.py:371} INFO - Running <TaskInstance: ETL_DAG.Transform_current-food-expenditure-series manual__2022-08-14T16:48:28.179984+00:00 [running]> on host 0dbf9d5e5cdb
[2022-08-14 16:52:11,129] {taskinstance.py:1591} INFO - Exporting the following env vars:
AIRFLOW_CTX_DAG_OWNER=narapady
AIRFLOW_CTX_DAG_ID=ETL_DAG
AIRFLOW_CTX_TASK_ID=Transform_current-food-expenditure-series
AIRFLOW_CTX_EXECUTION_DATE=2022-08-14T16:48:28.179984+00:00
AIRFLOW_CTX_TRY_NUMBER=1
AIRFLOW_CTX_DAG_RUN_ID=manual__2022-08-14T16:48:28.179984+00:00
[2022-08-14 16:52:26,337] {logging_mixin.py:115} INFO - Successfully process food-expenditure-clean/constant-total-fah.csv to S3
[2022-08-14 16:52:26,660] {logging_mixin.py:115} INFO - Successfully process food-expenditure-clean/constant-total-fafh.csv to S3
[2022-08-14 16:52:26,987] {logging_mixin.py:115} INFO - Successfully process food-expenditure-clean/constant-total-aah.csv to S3
[2022-08-14 16:52:27,273] {logging_mixin.py:115} INFO - Successfully process food-expenditure-clean/constant-total-aafh.csv to S3
[2022-08-14 16:52:42,448] {logging_mixin.py:115} INFO - Successfully process food-expenditure-clean/nominal-total-fah.csv to S3
[2022-08-14 16:52:42,800] {logging_mixin.py:115} INFO - Successfully process food-expenditure-clean/nominal-total-fafh.csv to S3
[2022-08-14 16:52:43,112] {logging_mixin.py:115} INFO - Successfully process food-expenditure-clean/nominal-total-aah.csv to S3
[2022-08-14 16:52:43,405] {logging_mixin.py:115} INFO - Successfully process food-expenditure-clean/nominal-total-aafh.csv to S3
[2022-08-14 16:53:06,137] {logging_mixin.py:115} INFO - Successfully process food-expenditure-clean/nominal-monthly-sale.csv to S3
[2022-08-14 16:53:06,554] {logging_mixin.py:115} INFO - Successfully process food-expenditure-clean/constant-monthly-sale.csv to S3
[2022-08-14 16:53:06,559] {python.py:173} INFO - Done. Returned value was: None
[2022-08-14 16:53:06,578] {taskinstance.py:1420} INFO - Marking task as SUCCESS. dag_id=ETL_DAG, task_id=Transform_current-food-expenditure-series, execution_date=20220814T164828, start_date=20220814T165210, end_date=20220814T165306
[2022-08-14 16:53:06,631] {local_task_job.py:156} INFO - Task exited with return code 0
[2022-08-14 16:53:06,659] {local_task_job.py:273} INFO - 1 downstream tasks scheduled from follow-on schedule check
