[2022-08-14 16:52:10,654] {taskinstance.py:1179} INFO - Dependencies all met for <TaskInstance: ETL_DAG.Transform_2015 manual__2022-08-14T16:48:28.179984+00:00 [queued]>
[2022-08-14 16:52:10,672] {taskinstance.py:1179} INFO - Dependencies all met for <TaskInstance: ETL_DAG.Transform_2015 manual__2022-08-14T16:48:28.179984+00:00 [queued]>
[2022-08-14 16:52:10,674] {taskinstance.py:1376} INFO - 
--------------------------------------------------------------------------------
[2022-08-14 16:52:10,675] {taskinstance.py:1377} INFO - Starting attempt 1 of 6
[2022-08-14 16:52:10,678] {taskinstance.py:1378} INFO - 
--------------------------------------------------------------------------------
[2022-08-14 16:52:10,693] {taskinstance.py:1397} INFO - Executing <Task(PythonOperator): Transform_2015> on 2022-08-14 16:48:28.179984+00:00
[2022-08-14 16:52:10,700] {standard_task_runner.py:52} INFO - Started process 811 to run task
[2022-08-14 16:52:10,709] {standard_task_runner.py:79} INFO - Running: ['***', 'tasks', 'run', 'ETL_DAG', 'Transform_2015', 'manual__2022-08-14T16:48:28.179984+00:00', '--job-id', '966', '--raw', '--subdir', 'DAGS_FOLDER/etl_dag.py', '--cfg-path', '/tmp/tmp7rp4afdf', '--error-file', '/tmp/tmpggy39s6d']
[2022-08-14 16:52:10,718] {standard_task_runner.py:80} INFO - Job 966: Subtask Transform_2015
[2022-08-14 16:52:10,841] {task_command.py:371} INFO - Running <TaskInstance: ETL_DAG.Transform_2015 manual__2022-08-14T16:48:28.179984+00:00 [running]> on host 0dbf9d5e5cdb
[2022-08-14 16:52:11,067] {taskinstance.py:1591} INFO - Exporting the following env vars:
AIRFLOW_CTX_DAG_OWNER=narapady
AIRFLOW_CTX_DAG_ID=ETL_DAG
AIRFLOW_CTX_TASK_ID=Transform_2015
AIRFLOW_CTX_EXECUTION_DATE=2022-08-14T16:48:28.179984+00:00
AIRFLOW_CTX_TRY_NUMBER=1
AIRFLOW_CTX_DAG_RUN_ID=manual__2022-08-14T16:48:28.179984+00:00
[2022-08-14 16:52:26,375] {logging_mixin.py:115} INFO - Successfully process fast-food-clean/age-15-and-older-2015.csv to S3
[2022-08-14 16:52:26,653] {logging_mixin.py:115} INFO - Successfully process fast-food-clean/age-18-and-older-2015.csv to S3
[2022-08-14 16:52:26,655] {python.py:173} INFO - Done. Returned value was: None
[2022-08-14 16:52:26,664] {taskinstance.py:1420} INFO - Marking task as SUCCESS. dag_id=ETL_DAG, task_id=Transform_2015, execution_date=20220814T164828, start_date=20220814T165210, end_date=20220814T165226
[2022-08-14 16:52:26,686] {local_task_job.py:156} INFO - Task exited with return code 0
[2022-08-14 16:52:26,710] {local_task_job.py:273} INFO - 0 downstream tasks scheduled from follow-on schedule check
