[2022-08-12 18:20:58,044] {taskinstance.py:1179} INFO - Dependencies all met for <TaskInstance: ETL_DAG.Ingest_from_2016 manual__2022-08-12T18:20:52.559703+00:00 [queued]>
[2022-08-12 18:20:58,051] {taskinstance.py:1179} INFO - Dependencies all met for <TaskInstance: ETL_DAG.Ingest_from_2016 manual__2022-08-12T18:20:52.559703+00:00 [queued]>
[2022-08-12 18:20:58,052] {taskinstance.py:1376} INFO - 
--------------------------------------------------------------------------------
[2022-08-12 18:20:58,053] {taskinstance.py:1377} INFO - Starting attempt 1 of 6
[2022-08-12 18:20:58,053] {taskinstance.py:1378} INFO - 
--------------------------------------------------------------------------------
[2022-08-12 18:20:58,066] {taskinstance.py:1397} INFO - Executing <Task(PythonOperator): Ingest_from_2016> on 2022-08-12 18:20:52.559703+00:00
[2022-08-12 18:20:58,072] {standard_task_runner.py:52} INFO - Started process 253 to run task
[2022-08-12 18:20:58,084] {standard_task_runner.py:79} INFO - Running: ['***', 'tasks', 'run', 'ETL_DAG', 'Ingest_from_2016', 'manual__2022-08-12T18:20:52.559703+00:00', '--job-id', '891', '--raw', '--subdir', 'DAGS_FOLDER/etl_dag.py', '--cfg-path', '/tmp/tmplqqbds3i', '--error-file', '/tmp/tmppoc24b42']
[2022-08-12 18:20:58,089] {standard_task_runner.py:80} INFO - Job 891: Subtask Ingest_from_2016
[2022-08-12 18:20:58,220] {task_command.py:371} INFO - Running <TaskInstance: ETL_DAG.Ingest_from_2016 manual__2022-08-12T18:20:52.559703+00:00 [running]> on host 00aa0783f116
[2022-08-12 18:20:58,302] {taskinstance.py:1591} INFO - Exporting the following env vars:
AIRFLOW_CTX_DAG_OWNER=narapady
AIRFLOW_CTX_DAG_ID=ETL_DAG
AIRFLOW_CTX_TASK_ID=Ingest_from_2016
AIRFLOW_CTX_EXECUTION_DATE=2022-08-12T18:20:52.559703+00:00
AIRFLOW_CTX_TRY_NUMBER=1
AIRFLOW_CTX_DAG_RUN_ID=manual__2022-08-12T18:20:52.559703+00:00
[2022-08-12 18:21:05,721] {logging_mixin.py:115} INFO - Successfully uploaded 2016/Table1_2016.xlsx to s3-bucket-raw-usda
[2022-08-12 18:21:07,083] {logging_mixin.py:115} INFO - Successfully uploaded 2016/Table2_2016.xlsx to s3-bucket-raw-usda
[2022-08-12 18:21:08,306] {logging_mixin.py:115} INFO - Successfully uploaded 2016/Table3_2016.xlsx to s3-bucket-raw-usda
[2022-08-12 18:21:09,577] {logging_mixin.py:115} INFO - Successfully uploaded 2016/Table4_2016.xlsx to s3-bucket-raw-usda
[2022-08-12 18:21:10,731] {logging_mixin.py:115} INFO - Successfully uploaded 2016/Table5_2016.xlsx to s3-bucket-raw-usda
[2022-08-12 18:21:12,024] {logging_mixin.py:115} INFO - Successfully uploaded 2016/Table6_2016.xlsx to s3-bucket-raw-usda
[2022-08-12 18:21:13,154] {logging_mixin.py:115} INFO - Successfully uploaded 2016/Table7_2016.xlsx to s3-bucket-raw-usda
[2022-08-12 18:21:14,246] {logging_mixin.py:115} INFO - Successfully uploaded 2016/Table8_2016.xlsx to s3-bucket-raw-usda
[2022-08-12 18:21:14,256] {python.py:173} INFO - Done. Returned value was: None
[2022-08-12 18:21:14,383] {taskinstance.py:1420} INFO - Marking task as SUCCESS. dag_id=ETL_DAG, task_id=Ingest_from_2016, execution_date=20220812T182052, start_date=20220812T182058, end_date=20220812T182114
[2022-08-12 18:21:14,450] {local_task_job.py:156} INFO - Task exited with return code 0
[2022-08-12 18:21:14,477] {local_task_job.py:273} INFO - 0 downstream tasks scheduled from follow-on schedule check
