[2022-08-11 21:20:59,118] {taskinstance.py:1179} INFO - Dependencies all met for <TaskInstance: ETL_DAG_V8.Create_s3_bucket_stage manual__2022-08-11T21:16:03.096610+00:00 [queued]>
[2022-08-11 21:20:59,127] {taskinstance.py:1179} INFO - Dependencies all met for <TaskInstance: ETL_DAG_V8.Create_s3_bucket_stage manual__2022-08-11T21:16:03.096610+00:00 [queued]>
[2022-08-11 21:20:59,128] {taskinstance.py:1376} INFO - 
--------------------------------------------------------------------------------
[2022-08-11 21:20:59,129] {taskinstance.py:1377} INFO - Starting attempt 1 of 6
[2022-08-11 21:20:59,131] {taskinstance.py:1378} INFO - 
--------------------------------------------------------------------------------
[2022-08-11 21:20:59,139] {taskinstance.py:1397} INFO - Executing <Task(PythonOperator): Create_s3_bucket_stage> on 2022-08-11 21:16:03.096610+00:00
[2022-08-11 21:20:59,145] {standard_task_runner.py:52} INFO - Started process 10464 to run task
[2022-08-11 21:20:59,150] {standard_task_runner.py:79} INFO - Running: ['***', 'tasks', 'run', 'ETL_DAG_V8', 'Create_s3_bucket_stage', 'manual__2022-08-11T21:16:03.096610+00:00', '--job-id', '647', '--raw', '--subdir', 'DAGS_FOLDER/etl_dag.py', '--cfg-path', '/tmp/tmphgiadf3o', '--error-file', '/tmp/tmpc6umnp5i']
[2022-08-11 21:20:59,154] {standard_task_runner.py:80} INFO - Job 647: Subtask Create_s3_bucket_stage
[2022-08-11 21:20:59,208] {task_command.py:371} INFO - Running <TaskInstance: ETL_DAG_V8.Create_s3_bucket_stage manual__2022-08-11T21:16:03.096610+00:00 [running]> on host ce1be8c59d56
[2022-08-11 21:20:59,260] {taskinstance.py:1591} INFO - Exporting the following env vars:
AIRFLOW_CTX_DAG_OWNER=narapady
AIRFLOW_CTX_DAG_ID=ETL_DAG_V8
AIRFLOW_CTX_TASK_ID=Create_s3_bucket_stage
AIRFLOW_CTX_EXECUTION_DATE=2022-08-11T21:16:03.096610+00:00
AIRFLOW_CTX_TRY_NUMBER=1
AIRFLOW_CTX_DAG_RUN_ID=manual__2022-08-11T21:16:03.096610+00:00
[2022-08-11 21:21:00,604] {python.py:173} INFO - Done. Returned value was: {'ResponseMetadata': {'RequestId': 'X1FDG26ZB2SXHKFP', 'HostId': 'kAoINiFUlJVsRjfazgsFTgnGJjK8Ga34rJI0SYSYLL0GkSkOFi+xQI41xQNBEjk/mIOPhL5HygOYwM3fUPHXOg==', 'HTTPStatusCode': 200, 'HTTPHeaders': {'x-amz-id-2': 'kAoINiFUlJVsRjfazgsFTgnGJjK8Ga34rJI0SYSYLL0GkSkOFi+xQI41xQNBEjk/mIOPhL5HygOYwM3fUPHXOg==', 'x-amz-request-id': 'X1FDG26ZB2SXHKFP', 'date': 'Thu, 11 Aug 2022 21:21:01 GMT', 'location': '/s3-bucket-staged', 'server': 'AmazonS3', 'content-length': '0'}, 'RetryAttempts': 0}, 'Location': '/s3-bucket-staged'}
[2022-08-11 21:21:00,624] {taskinstance.py:1420} INFO - Marking task as SUCCESS. dag_id=ETL_DAG_V8, task_id=Create_s3_bucket_stage, execution_date=20220811T211603, start_date=20220811T212059, end_date=20220811T212100
[2022-08-11 21:21:00,643] {local_task_job.py:156} INFO - Task exited with return code 0
[2022-08-11 21:21:00,673] {local_task_job.py:273} INFO - 7 downstream tasks scheduled from follow-on schedule check
