[2022-08-12 05:22:29,647] {taskinstance.py:1179} INFO - Dependencies all met for <TaskInstance: ETL_DAG_US_FOOD_NUTRITION.Transform_current-food-expenditure-series manual__2022-08-12T05:11:17.280858+00:00 [queued]>
[2022-08-12 05:22:29,669] {taskinstance.py:1179} INFO - Dependencies all met for <TaskInstance: ETL_DAG_US_FOOD_NUTRITION.Transform_current-food-expenditure-series manual__2022-08-12T05:11:17.280858+00:00 [queued]>
[2022-08-12 05:22:29,670] {taskinstance.py:1376} INFO - 
--------------------------------------------------------------------------------
[2022-08-12 05:22:29,671] {taskinstance.py:1377} INFO - Starting attempt 1 of 6
[2022-08-12 05:22:29,672] {taskinstance.py:1378} INFO - 
--------------------------------------------------------------------------------
[2022-08-12 05:22:29,690] {taskinstance.py:1397} INFO - Executing <Task(PythonOperator): Transform_current-food-expenditure-series> on 2022-08-12 05:11:17.280858+00:00
[2022-08-12 05:22:29,706] {standard_task_runner.py:52} INFO - Started process 11370 to run task
[2022-08-12 05:22:29,717] {standard_task_runner.py:79} INFO - Running: ['***', 'tasks', 'run', 'ETL_DAG_US_FOOD_NUTRITION', 'Transform_current-food-expenditure-series', 'manual__2022-08-12T05:11:17.280858+00:00', '--job-id', '819', '--raw', '--subdir', 'DAGS_FOLDER/etl_dag.py', '--cfg-path', '/tmp/tmplra0xv2n', '--error-file', '/tmp/tmp5806y5c2']
[2022-08-12 05:22:29,721] {standard_task_runner.py:80} INFO - Job 819: Subtask Transform_current-food-expenditure-series
[2022-08-12 05:22:29,829] {task_command.py:371} INFO - Running <TaskInstance: ETL_DAG_US_FOOD_NUTRITION.Transform_current-food-expenditure-series manual__2022-08-12T05:11:17.280858+00:00 [running]> on host ae5c2449a624
[2022-08-12 05:22:29,953] {taskinstance.py:1591} INFO - Exporting the following env vars:
AIRFLOW_CTX_DAG_OWNER=narapady
AIRFLOW_CTX_DAG_ID=ETL_DAG_US_FOOD_NUTRITION
AIRFLOW_CTX_TASK_ID=Transform_current-food-expenditure-series
AIRFLOW_CTX_EXECUTION_DATE=2022-08-12T05:11:17.280858+00:00
AIRFLOW_CTX_TRY_NUMBER=1
AIRFLOW_CTX_DAG_RUN_ID=manual__2022-08-12T05:11:17.280858+00:00
[2022-08-12 05:22:45,784] {logging_mixin.py:115} INFO - Successfully process food-expenditure-clean/constant-total-fah.csv to S3
[2022-08-12 05:22:46,184] {logging_mixin.py:115} INFO - Successfully process food-expenditure-clean/constant-total-fafh.csv to S3
[2022-08-12 05:22:46,533] {logging_mixin.py:115} INFO - Successfully process food-expenditure-clean/constant-total-aah.csv to S3
[2022-08-12 05:22:46,829] {logging_mixin.py:115} INFO - Successfully process food-expenditure-clean/constant-total-aafh.csv to S3
[2022-08-12 05:23:02,950] {logging_mixin.py:115} INFO - Successfully process food-expenditure-clean/nominal-total-fah.csv to S3
[2022-08-12 05:23:03,373] {logging_mixin.py:115} INFO - Successfully process food-expenditure-clean/nominal-total-fafh.csv to S3
[2022-08-12 05:23:03,687] {logging_mixin.py:115} INFO - Successfully process food-expenditure-clean/nominal-total-aah.csv to S3
[2022-08-12 05:23:04,022] {logging_mixin.py:115} INFO - Successfully process food-expenditure-clean/nominal-total-aafh.csv to S3
[2022-08-12 05:23:29,612] {logging_mixin.py:115} INFO - Successfully process food-expenditure-clean/nominal-monthly-sale.csv to S3
[2022-08-12 05:23:30,058] {logging_mixin.py:115} INFO - Successfully process food-expenditure-clean/constant-monthly-sale.csv to S3
[2022-08-12 05:23:30,060] {python.py:173} INFO - Done. Returned value was: None
[2022-08-12 05:23:30,071] {taskinstance.py:1420} INFO - Marking task as SUCCESS. dag_id=ETL_DAG_US_FOOD_NUTRITION, task_id=Transform_current-food-expenditure-series, execution_date=20220812T051117, start_date=20220812T052229, end_date=20220812T052330
[2022-08-12 05:23:30,147] {local_task_job.py:156} INFO - Task exited with return code 0
[2022-08-12 05:23:30,177] {local_task_job.py:273} INFO - 1 downstream tasks scheduled from follow-on schedule check
