[2022-08-15 20:40:56,611] {taskinstance.py:1179} INFO - Dependencies all met for <TaskInstance: ETL_DAG.Ingest_from_2015 manual__2022-08-15T20:40:50.207703+00:00 [queued]>
[2022-08-15 20:40:56,647] {taskinstance.py:1179} INFO - Dependencies all met for <TaskInstance: ETL_DAG.Ingest_from_2015 manual__2022-08-15T20:40:50.207703+00:00 [queued]>
[2022-08-15 20:40:56,648] {taskinstance.py:1376} INFO - 
--------------------------------------------------------------------------------
[2022-08-15 20:40:56,652] {taskinstance.py:1377} INFO - Starting attempt 1 of 6
[2022-08-15 20:40:56,653] {taskinstance.py:1378} INFO - 
--------------------------------------------------------------------------------
[2022-08-15 20:40:56,693] {taskinstance.py:1397} INFO - Executing <Task(PythonOperator): Ingest_from_2015> on 2022-08-15 20:40:50.207703+00:00
[2022-08-15 20:40:56,710] {standard_task_runner.py:52} INFO - Started process 380 to run task
[2022-08-15 20:40:56,714] {standard_task_runner.py:79} INFO - Running: ['***', 'tasks', 'run', 'ETL_DAG', 'Ingest_from_2015', 'manual__2022-08-15T20:40:50.207703+00:00', '--job-id', '1011', '--raw', '--subdir', 'DAGS_FOLDER/etl_dag.py', '--cfg-path', '/tmp/tmp5qf531zx', '--error-file', '/tmp/tmpo0xqfusx']
[2022-08-15 20:40:56,719] {standard_task_runner.py:80} INFO - Job 1011: Subtask Ingest_from_2015
[2022-08-15 20:40:56,807] {task_command.py:371} INFO - Running <TaskInstance: ETL_DAG.Ingest_from_2015 manual__2022-08-15T20:40:50.207703+00:00 [running]> on host 42abdd2e54ec
[2022-08-15 20:40:56,925] {taskinstance.py:1591} INFO - Exporting the following env vars:
AIRFLOW_CTX_DAG_OWNER=narapady
AIRFLOW_CTX_DAG_ID=ETL_DAG
AIRFLOW_CTX_TASK_ID=Ingest_from_2015
AIRFLOW_CTX_EXECUTION_DATE=2022-08-15T20:40:50.207703+00:00
AIRFLOW_CTX_TRY_NUMBER=1
AIRFLOW_CTX_DAG_RUN_ID=manual__2022-08-15T20:40:50.207703+00:00
[2022-08-15 20:41:05,751] {logging_mixin.py:115} INFO - Successfully uploaded 2015/Table1_2015.xlsx to s3-bucket-raw-usda
[2022-08-15 20:41:07,396] {logging_mixin.py:115} INFO - Successfully uploaded 2015/Table2_2015.xlsx to s3-bucket-raw-usda
[2022-08-15 20:41:08,879] {logging_mixin.py:115} INFO - Successfully uploaded 2015/Table3_2015.xlsx to s3-bucket-raw-usda
[2022-08-15 20:41:10,309] {logging_mixin.py:115} INFO - Successfully uploaded 2015/Table4_2015.xlsx to s3-bucket-raw-usda
[2022-08-15 20:41:11,738] {logging_mixin.py:115} INFO - Successfully uploaded 2015/Table5_2015.xlsx to s3-bucket-raw-usda
[2022-08-15 20:41:13,113] {logging_mixin.py:115} INFO - Successfully uploaded 2015/Table6_2015.xlsx to s3-bucket-raw-usda
[2022-08-15 20:41:14,405] {logging_mixin.py:115} INFO - Successfully uploaded 2015/Table7_2015.xlsx to s3-bucket-raw-usda
[2022-08-15 20:41:15,828] {logging_mixin.py:115} INFO - Successfully uploaded 2015/Table8_2015.xlsx to s3-bucket-raw-usda
[2022-08-15 20:41:15,833] {python.py:173} INFO - Done. Returned value was: None
[2022-08-15 20:41:15,858] {taskinstance.py:1420} INFO - Marking task as SUCCESS. dag_id=ETL_DAG, task_id=Ingest_from_2015, execution_date=20220815T204050, start_date=20220815T204056, end_date=20220815T204115
[2022-08-15 20:41:15,910] {local_task_job.py:156} INFO - Task exited with return code 0
[2022-08-15 20:41:15,947] {local_task_job.py:273} INFO - 0 downstream tasks scheduled from follow-on schedule check
