[2022-08-11 20:45:40,137] {taskinstance.py:1179} INFO - Dependencies all met for <TaskInstance: ETL_DAG_V7.Ingest_from_2016 manual__2022-08-11T02:24:39.409501+00:00 [queued]>
[2022-08-11 20:45:40,166] {taskinstance.py:1179} INFO - Dependencies all met for <TaskInstance: ETL_DAG_V7.Ingest_from_2016 manual__2022-08-11T02:24:39.409501+00:00 [queued]>
[2022-08-11 20:45:40,167] {taskinstance.py:1376} INFO - 
--------------------------------------------------------------------------------
[2022-08-11 20:45:40,167] {taskinstance.py:1377} INFO - Starting attempt 1 of 6
[2022-08-11 20:45:40,168] {taskinstance.py:1378} INFO - 
--------------------------------------------------------------------------------
[2022-08-11 20:45:40,182] {taskinstance.py:1397} INFO - Executing <Task(PythonOperator): Ingest_from_2016> on 2022-08-11 02:24:39.409501+00:00
[2022-08-11 20:45:40,192] {standard_task_runner.py:52} INFO - Started process 7824 to run task
[2022-08-11 20:45:40,203] {standard_task_runner.py:79} INFO - Running: ['***', 'tasks', 'run', 'ETL_DAG_V7', 'Ingest_from_2016', 'manual__2022-08-11T02:24:39.409501+00:00', '--job-id', '572', '--raw', '--subdir', 'DAGS_FOLDER/etl_dag.py', '--cfg-path', '/tmp/tmp248b77l2', '--error-file', '/tmp/tmp1pyyelmr']
[2022-08-11 20:45:40,206] {standard_task_runner.py:80} INFO - Job 572: Subtask Ingest_from_2016
[2022-08-11 20:45:40,300] {task_command.py:371} INFO - Running <TaskInstance: ETL_DAG_V7.Ingest_from_2016 manual__2022-08-11T02:24:39.409501+00:00 [running]> on host ce1be8c59d56
[2022-08-11 20:45:40,380] {taskinstance.py:1591} INFO - Exporting the following env vars:
AIRFLOW_CTX_DAG_OWNER=narapady
AIRFLOW_CTX_DAG_ID=ETL_DAG_V7
AIRFLOW_CTX_TASK_ID=Ingest_from_2016
AIRFLOW_CTX_EXECUTION_DATE=2022-08-11T02:24:39.409501+00:00
AIRFLOW_CTX_TRY_NUMBER=1
AIRFLOW_CTX_DAG_RUN_ID=manual__2022-08-11T02:24:39.409501+00:00
[2022-08-11 20:45:47,900] {logging_mixin.py:115} INFO - Successfully uploaded 2016/Table1_2016.xlsx to s3-bucket-raw-usda
[2022-08-11 20:45:49,207] {logging_mixin.py:115} INFO - Successfully uploaded 2016/Table2_2016.xlsx to s3-bucket-raw-usda
[2022-08-11 20:45:50,631] {logging_mixin.py:115} INFO - Successfully uploaded 2016/Table3_2016.xlsx to s3-bucket-raw-usda
[2022-08-11 20:45:51,935] {logging_mixin.py:115} INFO - Successfully uploaded 2016/Table4_2016.xlsx to s3-bucket-raw-usda
[2022-08-11 20:45:53,634] {logging_mixin.py:115} INFO - Successfully uploaded 2016/Table5_2016.xlsx to s3-bucket-raw-usda
[2022-08-11 20:45:54,889] {logging_mixin.py:115} INFO - Successfully uploaded 2016/Table6_2016.xlsx to s3-bucket-raw-usda
[2022-08-11 20:45:56,202] {logging_mixin.py:115} INFO - Successfully uploaded 2016/Table7_2016.xlsx to s3-bucket-raw-usda
[2022-08-11 20:45:57,439] {logging_mixin.py:115} INFO - Successfully uploaded 2016/Table8_2016.xlsx to s3-bucket-raw-usda
[2022-08-11 20:45:57,443] {python.py:173} INFO - Done. Returned value was: None
[2022-08-11 20:45:57,463] {taskinstance.py:1420} INFO - Marking task as SUCCESS. dag_id=ETL_DAG_V7, task_id=Ingest_from_2016, execution_date=20220811T022439, start_date=20220811T204540, end_date=20220811T204557
[2022-08-11 20:45:57,521] {local_task_job.py:156} INFO - Task exited with return code 0
[2022-08-11 20:45:57,566] {local_task_job.py:273} INFO - 0 downstream tasks scheduled from follow-on schedule check
