[2022-08-17 00:46:18,472] {taskinstance.py:1179} INFO - Dependencies all met for <TaskInstance: ETL_DAG.Stage_obesity manual__2022-08-17T00:44:32.649423+00:00 [queued]>
[2022-08-17 00:46:18,483] {taskinstance.py:1179} INFO - Dependencies all met for <TaskInstance: ETL_DAG.Stage_obesity manual__2022-08-17T00:44:32.649423+00:00 [queued]>
[2022-08-17 00:46:18,485] {taskinstance.py:1376} INFO - 
--------------------------------------------------------------------------------
[2022-08-17 00:46:18,486] {taskinstance.py:1377} INFO - Starting attempt 1 of 6
[2022-08-17 00:46:18,487] {taskinstance.py:1378} INFO - 
--------------------------------------------------------------------------------
[2022-08-17 00:46:18,499] {taskinstance.py:1397} INFO - Executing <Task(PythonOperator): Stage_obesity> on 2022-08-17 00:44:32.649423+00:00
[2022-08-17 00:46:18,503] {standard_task_runner.py:52} INFO - Started process 448 to run task
[2022-08-17 00:46:18,507] {standard_task_runner.py:79} INFO - Running: ['***', 'tasks', 'run', 'ETL_DAG', 'Stage_obesity', 'manual__2022-08-17T00:44:32.649423+00:00', '--job-id', '1140', '--raw', '--subdir', 'DAGS_FOLDER/etl_dag.py', '--cfg-path', '/tmp/tmph0w26las', '--error-file', '/tmp/tmprngers_b']
[2022-08-17 00:46:18,509] {standard_task_runner.py:80} INFO - Job 1140: Subtask Stage_obesity
[2022-08-17 00:46:18,578] {task_command.py:371} INFO - Running <TaskInstance: ETL_DAG.Stage_obesity manual__2022-08-17T00:44:32.649423+00:00 [running]> on host b6e9d58543c5
[2022-08-17 00:46:18,654] {taskinstance.py:1591} INFO - Exporting the following env vars:
AIRFLOW_CTX_DAG_OWNER=narapady
AIRFLOW_CTX_DAG_ID=ETL_DAG
AIRFLOW_CTX_TASK_ID=Stage_obesity
AIRFLOW_CTX_EXECUTION_DATE=2022-08-17T00:44:32.649423+00:00
AIRFLOW_CTX_TRY_NUMBER=1
AIRFLOW_CTX_DAG_RUN_ID=manual__2022-08-17T00:44:32.649423+00:00
[2022-08-17 00:46:21,367] {logging_mixin.py:115} INFO - Successfully loaded Obesity_GDP_PanelData-staged.csv to s3-bucket-staged
[2022-08-17 00:46:45,227] {logging_mixin.py:115} INFO - Successfully loaded obesity-staged.csv to s3-bucket-staged
[2022-08-17 00:46:45,249] {python.py:173} INFO - Done. Returned value was: None
[2022-08-17 00:46:45,275] {taskinstance.py:1420} INFO - Marking task as SUCCESS. dag_id=ETL_DAG, task_id=Stage_obesity, execution_date=20220817T004432, start_date=20220817T004618, end_date=20220817T004645
[2022-08-17 00:46:45,323] {local_task_job.py:156} INFO - Task exited with return code 0
[2022-08-17 00:46:45,350] {local_task_job.py:273} INFO - 1 downstream tasks scheduled from follow-on schedule check
