[2022-08-15 20:56:35,034] {taskinstance.py:1179} INFO - Dependencies all met for <TaskInstance: ETL_DAG.Ingest_from_consumer_price_index manual__2022-08-15T20:56:28.970676+00:00 [queued]>
[2022-08-15 20:56:35,048] {taskinstance.py:1179} INFO - Dependencies all met for <TaskInstance: ETL_DAG.Ingest_from_consumer_price_index manual__2022-08-15T20:56:28.970676+00:00 [queued]>
[2022-08-15 20:56:35,057] {taskinstance.py:1376} INFO - 
--------------------------------------------------------------------------------
[2022-08-15 20:56:35,059] {taskinstance.py:1377} INFO - Starting attempt 1 of 6
[2022-08-15 20:56:35,060] {taskinstance.py:1378} INFO - 
--------------------------------------------------------------------------------
[2022-08-15 20:56:35,086] {taskinstance.py:1397} INFO - Executing <Task(PythonOperator): Ingest_from_consumer_price_index> on 2022-08-15 20:56:28.970676+00:00
[2022-08-15 20:56:35,094] {standard_task_runner.py:52} INFO - Started process 1549 to run task
[2022-08-15 20:56:35,121] {standard_task_runner.py:79} INFO - Running: ['***', 'tasks', 'run', 'ETL_DAG', 'Ingest_from_consumer_price_index', 'manual__2022-08-15T20:56:28.970676+00:00', '--job-id', '1049', '--raw', '--subdir', 'DAGS_FOLDER/etl_dag.py', '--cfg-path', '/tmp/tmpzfnvca73', '--error-file', '/tmp/tmpkf1katg_']
[2022-08-15 20:56:35,124] {standard_task_runner.py:80} INFO - Job 1049: Subtask Ingest_from_consumer_price_index
[2022-08-15 20:56:35,211] {task_command.py:371} INFO - Running <TaskInstance: ETL_DAG.Ingest_from_consumer_price_index manual__2022-08-15T20:56:28.970676+00:00 [running]> on host 42abdd2e54ec
[2022-08-15 20:56:35,286] {taskinstance.py:1591} INFO - Exporting the following env vars:
AIRFLOW_CTX_DAG_OWNER=narapady
AIRFLOW_CTX_DAG_ID=ETL_DAG
AIRFLOW_CTX_TASK_ID=Ingest_from_consumer_price_index
AIRFLOW_CTX_EXECUTION_DATE=2022-08-15T20:56:28.970676+00:00
AIRFLOW_CTX_TRY_NUMBER=1
AIRFLOW_CTX_DAG_RUN_ID=manual__2022-08-15T20:56:28.970676+00:00
[2022-08-15 20:56:43,168] {logging_mixin.py:115} INFO - Successfully uploaded consumer-price-index/CPIforecast.xlsx to s3-bucket-raw-usda
[2022-08-15 20:56:44,898] {logging_mixin.py:115} INFO - Successfully uploaded consumer-price-index/historicalcpi.xlsx to s3-bucket-raw-usda
[2022-08-15 20:56:44,901] {python.py:173} INFO - Done. Returned value was: None
[2022-08-15 20:56:44,914] {taskinstance.py:1420} INFO - Marking task as SUCCESS. dag_id=ETL_DAG, task_id=Ingest_from_consumer_price_index, execution_date=20220815T205628, start_date=20220815T205635, end_date=20220815T205644
[2022-08-15 20:56:44,971] {local_task_job.py:156} INFO - Task exited with return code 0
[2022-08-15 20:56:44,999] {local_task_job.py:273} INFO - 0 downstream tasks scheduled from follow-on schedule check
