[2022-08-12 01:21:32,066] {taskinstance.py:1179} INFO - Dependencies all met for <TaskInstance: ETL_DAG_US_FOOD_NUTRITION.Ingest_from_current_food_expenditure_series manual__2022-08-12T01:21:26.402383+00:00 [queued]>
[2022-08-12 01:21:32,095] {taskinstance.py:1179} INFO - Dependencies all met for <TaskInstance: ETL_DAG_US_FOOD_NUTRITION.Ingest_from_current_food_expenditure_series manual__2022-08-12T01:21:26.402383+00:00 [queued]>
[2022-08-12 01:21:32,096] {taskinstance.py:1376} INFO - 
--------------------------------------------------------------------------------
[2022-08-12 01:21:32,097] {taskinstance.py:1377} INFO - Starting attempt 1 of 6
[2022-08-12 01:21:32,098] {taskinstance.py:1378} INFO - 
--------------------------------------------------------------------------------
[2022-08-12 01:21:32,118] {taskinstance.py:1397} INFO - Executing <Task(PythonOperator): Ingest_from_current_food_expenditure_series> on 2022-08-12 01:21:26.402383+00:00
[2022-08-12 01:21:32,135] {standard_task_runner.py:52} INFO - Started process 250 to run task
[2022-08-12 01:21:32,139] {standard_task_runner.py:79} INFO - Running: ['***', 'tasks', 'run', 'ETL_DAG_US_FOOD_NUTRITION', 'Ingest_from_current_food_expenditure_series', 'manual__2022-08-12T01:21:26.402383+00:00', '--job-id', '750', '--raw', '--subdir', 'DAGS_FOLDER/etl_dag.py', '--cfg-path', '/tmp/tmpblaxa8e6', '--error-file', '/tmp/tmpetmjfnrn']
[2022-08-12 01:21:32,143] {standard_task_runner.py:80} INFO - Job 750: Subtask Ingest_from_current_food_expenditure_series
[2022-08-12 01:21:32,257] {task_command.py:371} INFO - Running <TaskInstance: ETL_DAG_US_FOOD_NUTRITION.Ingest_from_current_food_expenditure_series manual__2022-08-12T01:21:26.402383+00:00 [running]> on host ae5c2449a624
[2022-08-12 01:21:32,370] {taskinstance.py:1591} INFO - Exporting the following env vars:
AIRFLOW_CTX_DAG_OWNER=narapady
AIRFLOW_CTX_DAG_ID=ETL_DAG_US_FOOD_NUTRITION
AIRFLOW_CTX_TASK_ID=Ingest_from_current_food_expenditure_series
AIRFLOW_CTX_EXECUTION_DATE=2022-08-12T01:21:26.402383+00:00
AIRFLOW_CTX_TRY_NUMBER=1
AIRFLOW_CTX_DAG_RUN_ID=manual__2022-08-12T01:21:26.402383+00:00
[2022-08-12 01:21:41,347] {logging_mixin.py:115} INFO - Successfully uploaded current-food-expenditure-series/nominal_expenditures.xlsx to s3-bucket-raw-usda
[2022-08-12 01:21:42,749] {logging_mixin.py:115} INFO - Successfully uploaded current-food-expenditure-series/nominal_expenditures_no_taxes_tips.xlsx to s3-bucket-raw-usda
[2022-08-12 01:21:44,236] {logging_mixin.py:115} INFO - Successfully uploaded current-food-expenditure-series/constant_dollar_expenditures.xlsx to s3-bucket-raw-usda
[2022-08-12 01:21:45,919] {logging_mixin.py:115} INFO - Successfully uploaded current-food-expenditure-series/constant_dollar_expenditures_no_taxes_tips.xlsx to s3-bucket-raw-usda
[2022-08-12 01:21:47,251] {logging_mixin.py:115} INFO - Successfully uploaded current-food-expenditure-series/food_expenditures_source_funds.xlsx to s3-bucket-raw-usda
[2022-08-12 01:21:48,629] {logging_mixin.py:115} INFO - Successfully uploaded current-food-expenditure-series/normalized_food_expenditures.xlsx to s3-bucket-raw-usda
[2022-08-12 01:21:50,527] {logging_mixin.py:115} INFO - Successfully uploaded current-food-expenditure-series/monthly_sales.xlsx to s3-bucket-raw-usda
[2022-08-12 01:21:52,331] {logging_mixin.py:115} INFO - Successfully uploaded current-food-expenditure-series/archived_nominal_expenditures_1.xlsx to s3-bucket-raw-usda
[2022-08-12 01:21:53,562] {logging_mixin.py:115} INFO - Successfully uploaded current-food-expenditure-series/archived_expenditures_purchaser_2.xlsx to s3-bucket-raw-usda
[2022-08-12 01:21:54,990] {logging_mixin.py:115} INFO - Successfully uploaded current-food-expenditure-series/archived_normalized_expenditures_3.xlsx to s3-bucket-raw-usda
[2022-08-12 01:21:56,398] {logging_mixin.py:115} INFO - Successfully uploaded current-food-expenditure-series/archived_monthly_4.xlsx to s3-bucket-raw-usda
[2022-08-12 01:21:56,412] {python.py:173} INFO - Done. Returned value was: None
[2022-08-12 01:21:56,439] {taskinstance.py:1420} INFO - Marking task as SUCCESS. dag_id=ETL_DAG_US_FOOD_NUTRITION, task_id=Ingest_from_current_food_expenditure_series, execution_date=20220812T012126, start_date=20220812T012132, end_date=20220812T012156
[2022-08-12 01:21:56,469] {local_task_job.py:156} INFO - Task exited with return code 0
[2022-08-12 01:21:56,501] {local_task_job.py:273} INFO - 0 downstream tasks scheduled from follow-on schedule check
