[2022-08-11 00:37:43,190] {taskinstance.py:1179} INFO - Dependencies all met for <TaskInstance: ETL_DAG_V1.copy_into_table manual__2022-08-11T00:37:41.769140+00:00 [queued]>
[2022-08-11 00:37:43,196] {taskinstance.py:1179} INFO - Dependencies all met for <TaskInstance: ETL_DAG_V1.copy_into_table manual__2022-08-11T00:37:41.769140+00:00 [queued]>
[2022-08-11 00:37:43,197] {taskinstance.py:1376} INFO - 
--------------------------------------------------------------------------------
[2022-08-11 00:37:43,198] {taskinstance.py:1377} INFO - Starting attempt 1 of 6
[2022-08-11 00:37:43,199] {taskinstance.py:1378} INFO - 
--------------------------------------------------------------------------------
[2022-08-11 00:37:43,207] {taskinstance.py:1397} INFO - Executing <Task(S3ToSnowflakeOperator): copy_into_table> on 2022-08-11 00:37:41.769140+00:00
[2022-08-11 00:37:43,213] {standard_task_runner.py:52} INFO - Started process 1447 to run task
[2022-08-11 00:37:43,216] {standard_task_runner.py:79} INFO - Running: ['***', 'tasks', 'run', 'ETL_DAG_V1', 'copy_into_table', 'manual__2022-08-11T00:37:41.769140+00:00', '--job-id', '144', '--raw', '--subdir', 'DAGS_FOLDER/etl_dag.py', '--cfg-path', '/tmp/tmpgltk08mh', '--error-file', '/tmp/tmpnysx3_vp']
[2022-08-11 00:37:43,219] {standard_task_runner.py:80} INFO - Job 144: Subtask copy_into_table
[2022-08-11 00:37:43,262] {task_command.py:371} INFO - Running <TaskInstance: ETL_DAG_V1.copy_into_table manual__2022-08-11T00:37:41.769140+00:00 [running]> on host c9fcec21ee59
[2022-08-11 00:37:43,320] {taskinstance.py:1591} INFO - Exporting the following env vars:
AIRFLOW_CTX_DAG_OWNER=narapady
AIRFLOW_CTX_DAG_ID=ETL_DAG_V1
AIRFLOW_CTX_TASK_ID=copy_into_table
AIRFLOW_CTX_EXECUTION_DATE=2022-08-11T00:37:41.769140+00:00
AIRFLOW_CTX_TRY_NUMBER=1
AIRFLOW_CTX_DAG_RUN_ID=manual__2022-08-11T00:37:41.769140+00:00
[2022-08-11 00:37:43,322] {s3_to_snowflake.py:135} INFO - Executing COPY command...
[2022-08-11 00:37:43,330] {base.py:68} INFO - Using connection ID 'snowflake_con' for task execution.
[2022-08-11 00:37:43,335] {connection.py:275} INFO - Snowflake Connector for Python Version: 2.7.11, Python Version: 3.7.13, Platform: Linux-5.10.104-linuxkit-aarch64-with-debian-11.3
[2022-08-11 00:37:43,337] {connection.py:927} INFO - This connection is in OCSP Fail Open Mode. TLS Certificates would be checked for validity and revocation status. Any other Certificate Revocation related exceptions or OCSP Responder failures would be disregarded in favor of connectivity.
[2022-08-11 00:37:43,338] {connection.py:944} INFO - Setting use_openssl_only mode to False
[2022-08-11 00:37:45,331] {cursor.py:715} INFO - query: [ALTER SESSION SET autocommit=True]
[2022-08-11 00:37:45,587] {cursor.py:739} INFO - query execution done
[2022-08-11 00:37:45,596] {snowflake.py:328} INFO - Running statement: COPY INTO food_nutrition_wh.monthly_sales
FROM @s3_stage/
files=('s3://s3-bucket-staged/monthly-sales-staged.csv')
file_format=csv_format, parameters: None
[2022-08-11 00:37:45,604] {cursor.py:715} INFO - query: [COPY INTO food_nutrition_wh.monthly_sales FROM @s3_stage/ files=('s3://s3-bucket...]
[2022-08-11 00:37:45,944] {cursor.py:739} INFO - query execution done
[2022-08-11 00:37:45,967] {connection.py:557} INFO - closed
[2022-08-11 00:37:46,202] {connection.py:560} INFO - No async queries seem to be running, deleting session
[2022-08-11 00:37:46,461] {taskinstance.py:1909} ERROR - Task failed with exception
Traceback (most recent call last):
  File "/home/airflow/.local/lib/python3.7/site-packages/airflow/providers/snowflake/transfers/s3_to_snowflake.py", line 136, in execute
    snowflake_hook.run(copy_query, self.autocommit)
  File "/home/airflow/.local/lib/python3.7/site-packages/airflow/providers/snowflake/hooks/snowflake.py", line 332, in run
    cur.execute(sql_statement)
  File "/home/airflow/.local/lib/python3.7/site-packages/snowflake/connector/cursor.py", line 804, in execute
    Error.errorhandler_wrapper(self.connection, self, error_class, errvalue)
  File "/home/airflow/.local/lib/python3.7/site-packages/snowflake/connector/errors.py", line 280, in errorhandler_wrapper
    error_value,
  File "/home/airflow/.local/lib/python3.7/site-packages/snowflake/connector/errors.py", line 331, in hand_to_other_handler
    cursor.errorhandler(connection, cursor, error_class, error_value)
  File "/home/airflow/.local/lib/python3.7/site-packages/snowflake/connector/errors.py", line 217, in default_errorhandler
    cursor=cursor,
snowflake.connector.errors.ProgrammingError: 001757 (42601): 01a63485-0004-2870-001e-0007000300d6: SQL compilation error:
Table 'FOOD_NUTRITION_WH.MONTHLY_SALES' does not exist
[2022-08-11 00:37:46,493] {taskinstance.py:1420} INFO - Marking task as UP_FOR_RETRY. dag_id=ETL_DAG_V1, task_id=copy_into_table, execution_date=20220811T003741, start_date=20220811T003743, end_date=20220811T003746
[2022-08-11 00:37:46,509] {standard_task_runner.py:97} ERROR - Failed to execute job 144 for task copy_into_table (001757 (42601): 01a63485-0004-2870-001e-0007000300d6: SQL compilation error:
Table 'FOOD_NUTRITION_WH.MONTHLY_SALES' does not exist; 1447)
[2022-08-11 00:37:46,563] {local_task_job.py:156} INFO - Task exited with return code 1
[2022-08-11 00:37:46,588] {local_task_job.py:273} INFO - 0 downstream tasks scheduled from follow-on schedule check
