[2022-08-11 21:34:06,703] {taskinstance.py:1179} INFO - Dependencies all met for <TaskInstance: ETL_DAG_V8.Ingest_from_loss-adjusted_food_availability manual__2022-08-11T21:34:01.587578+00:00 [queued]>
[2022-08-11 21:34:06,725] {taskinstance.py:1179} INFO - Dependencies all met for <TaskInstance: ETL_DAG_V8.Ingest_from_loss-adjusted_food_availability manual__2022-08-11T21:34:01.587578+00:00 [queued]>
[2022-08-11 21:34:06,732] {taskinstance.py:1376} INFO - 
--------------------------------------------------------------------------------
[2022-08-11 21:34:06,733] {taskinstance.py:1377} INFO - Starting attempt 1 of 6
[2022-08-11 21:34:06,738] {taskinstance.py:1378} INFO - 
--------------------------------------------------------------------------------
[2022-08-11 21:34:06,773] {taskinstance.py:1397} INFO - Executing <Task(PythonOperator): Ingest_from_loss-adjusted_food_availability> on 2022-08-11 21:34:01.587578+00:00
[2022-08-11 21:34:06,789] {standard_task_runner.py:52} INFO - Started process 237 to run task
[2022-08-11 21:34:06,801] {standard_task_runner.py:79} INFO - Running: ['***', 'tasks', 'run', 'ETL_DAG_V8', 'Ingest_from_loss-adjusted_food_availability', 'manual__2022-08-11T21:34:01.587578+00:00', '--job-id', '674', '--raw', '--subdir', 'DAGS_FOLDER/etl_dag.py', '--cfg-path', '/tmp/tmpw1gc7spc', '--error-file', '/tmp/tmpbtanphya']
[2022-08-11 21:34:06,821] {standard_task_runner.py:80} INFO - Job 674: Subtask Ingest_from_loss-adjusted_food_availability
[2022-08-11 21:34:06,913] {task_command.py:371} INFO - Running <TaskInstance: ETL_DAG_V8.Ingest_from_loss-adjusted_food_availability manual__2022-08-11T21:34:01.587578+00:00 [running]> on host a02c2b8cab8b
[2022-08-11 21:34:07,064] {taskinstance.py:1591} INFO - Exporting the following env vars:
AIRFLOW_CTX_DAG_OWNER=narapady
AIRFLOW_CTX_DAG_ID=ETL_DAG_V8
AIRFLOW_CTX_TASK_ID=Ingest_from_loss-adjusted_food_availability
AIRFLOW_CTX_EXECUTION_DATE=2022-08-11T21:34:01.587578+00:00
AIRFLOW_CTX_TRY_NUMBER=1
AIRFLOW_CTX_DAG_RUN_ID=manual__2022-08-11T21:34:01.587578+00:00
[2022-08-11 21:34:21,411] {logging_mixin.py:115} INFO - Successfully uploaded loss-adjusted-food-availability/calories.xls to s3-bucket-raw-usda
[2022-08-11 21:34:56,113] {logging_mixin.py:115} INFO - Successfully uploaded loss-adjusted-food-availability/Dairy.xls to s3-bucket-raw-usda
[2022-08-11 21:35:06,264] {logging_mixin.py:115} INFO - Successfully uploaded loss-adjusted-food-availability/fat.xls to s3-bucket-raw-usda
[2022-08-11 21:35:14,997] {logging_mixin.py:115} INFO - Successfully uploaded loss-adjusted-food-availability/servings.xls to s3-bucket-raw-usda
