[2022-08-17 00:44:39,225] {taskinstance.py:1179} INFO - Dependencies all met for <TaskInstance: ETL_DAG.Ingest_from_2014 manual__2022-08-17T00:44:32.649423+00:00 [queued]>
[2022-08-17 00:44:39,235] {taskinstance.py:1179} INFO - Dependencies all met for <TaskInstance: ETL_DAG.Ingest_from_2014 manual__2022-08-17T00:44:32.649423+00:00 [queued]>
[2022-08-17 00:44:39,238] {taskinstance.py:1376} INFO - 
--------------------------------------------------------------------------------
[2022-08-17 00:44:39,239] {taskinstance.py:1377} INFO - Starting attempt 1 of 6
[2022-08-17 00:44:39,240] {taskinstance.py:1378} INFO - 
--------------------------------------------------------------------------------
[2022-08-17 00:44:39,253] {taskinstance.py:1397} INFO - Executing <Task(PythonOperator): Ingest_from_2014> on 2022-08-17 00:44:32.649423+00:00
[2022-08-17 00:44:39,258] {standard_task_runner.py:52} INFO - Started process 284 to run task
[2022-08-17 00:44:39,264] {standard_task_runner.py:79} INFO - Running: ['***', 'tasks', 'run', 'ETL_DAG', 'Ingest_from_2014', 'manual__2022-08-17T00:44:32.649423+00:00', '--job-id', '1127', '--raw', '--subdir', 'DAGS_FOLDER/etl_dag.py', '--cfg-path', '/tmp/tmp2scjda26', '--error-file', '/tmp/tmp828cvd9u']
[2022-08-17 00:44:39,267] {standard_task_runner.py:80} INFO - Job 1127: Subtask Ingest_from_2014
[2022-08-17 00:44:39,363] {task_command.py:371} INFO - Running <TaskInstance: ETL_DAG.Ingest_from_2014 manual__2022-08-17T00:44:32.649423+00:00 [running]> on host b6e9d58543c5
[2022-08-17 00:44:39,433] {taskinstance.py:1591} INFO - Exporting the following env vars:
AIRFLOW_CTX_DAG_OWNER=narapady
AIRFLOW_CTX_DAG_ID=ETL_DAG
AIRFLOW_CTX_TASK_ID=Ingest_from_2014
AIRFLOW_CTX_EXECUTION_DATE=2022-08-17T00:44:32.649423+00:00
AIRFLOW_CTX_TRY_NUMBER=1
AIRFLOW_CTX_DAG_RUN_ID=manual__2022-08-17T00:44:32.649423+00:00
[2022-08-17 00:44:48,236] {logging_mixin.py:115} INFO - Successfully uploaded 2014/table1_2014.xls to s3-bucket-raw-usda
[2022-08-17 00:44:49,652] {logging_mixin.py:115} INFO - Successfully uploaded 2014/table2_2014.xls to s3-bucket-raw-usda
[2022-08-17 00:44:51,190] {logging_mixin.py:115} INFO - Successfully uploaded 2014/table3_2014.xls to s3-bucket-raw-usda
[2022-08-17 00:44:52,641] {logging_mixin.py:115} INFO - Successfully uploaded 2014/table4_2014.xls to s3-bucket-raw-usda
[2022-08-17 00:44:54,093] {logging_mixin.py:115} INFO - Successfully uploaded 2014/table5_2014.xls to s3-bucket-raw-usda
[2022-08-17 00:44:55,441] {logging_mixin.py:115} INFO - Successfully uploaded 2014/table6_2014.xls to s3-bucket-raw-usda
[2022-08-17 00:44:56,902] {logging_mixin.py:115} INFO - Successfully uploaded 2014/table7_2014.xls to s3-bucket-raw-usda
[2022-08-17 00:44:58,377] {logging_mixin.py:115} INFO - Successfully uploaded 2014/table8_2014.xls to s3-bucket-raw-usda
[2022-08-17 00:44:59,726] {logging_mixin.py:115} INFO - Successfully uploaded 2014/2008_table1.xls to s3-bucket-raw-usda
[2022-08-17 00:45:01,160] {logging_mixin.py:115} INFO - Successfully uploaded 2014/2008_table2.xls to s3-bucket-raw-usda
[2022-08-17 00:45:02,926] {logging_mixin.py:115} INFO - Successfully uploaded 2014/2008_table3.xls to s3-bucket-raw-usda
[2022-08-17 00:45:04,272] {logging_mixin.py:115} INFO - Successfully uploaded 2014/2008_table4.xls to s3-bucket-raw-usda
[2022-08-17 00:45:05,671] {logging_mixin.py:115} INFO - Successfully uploaded 2014/2008_table5.xls to s3-bucket-raw-usda
[2022-08-17 00:45:07,501] {logging_mixin.py:115} INFO - Successfully uploaded 2014/2008_table6.xls to s3-bucket-raw-usda
[2022-08-17 00:45:09,299] {logging_mixin.py:115} INFO - Successfully uploaded 2014/2008_table7.xls to s3-bucket-raw-usda
[2022-08-17 00:45:09,316] {python.py:173} INFO - Done. Returned value was: None
[2022-08-17 00:45:09,343] {taskinstance.py:1420} INFO - Marking task as SUCCESS. dag_id=ETL_DAG, task_id=Ingest_from_2014, execution_date=20220817T004432, start_date=20220817T004439, end_date=20220817T004509
[2022-08-17 00:45:09,376] {local_task_job.py:156} INFO - Task exited with return code 0
[2022-08-17 00:45:09,406] {local_task_job.py:273} INFO - 1 downstream tasks scheduled from follow-on schedule check
