[2022-08-12 05:33:37,237] {taskinstance.py:1179} INFO - Dependencies all met for <TaskInstance: ETL_DAG.Ingest_from_2016 manual__2022-08-12T05:33:31.619708+00:00 [queued]>
[2022-08-12 05:33:37,260] {taskinstance.py:1179} INFO - Dependencies all met for <TaskInstance: ETL_DAG.Ingest_from_2016 manual__2022-08-12T05:33:31.619708+00:00 [queued]>
[2022-08-12 05:33:37,262] {taskinstance.py:1376} INFO - 
--------------------------------------------------------------------------------
[2022-08-12 05:33:37,264] {taskinstance.py:1377} INFO - Starting attempt 1 of 6
[2022-08-12 05:33:37,267] {taskinstance.py:1378} INFO - 
--------------------------------------------------------------------------------
[2022-08-12 05:33:37,286] {taskinstance.py:1397} INFO - Executing <Task(PythonOperator): Ingest_from_2016> on 2022-08-12 05:33:31.619708+00:00
[2022-08-12 05:33:37,293] {standard_task_runner.py:52} INFO - Started process 317 to run task
[2022-08-12 05:33:37,300] {standard_task_runner.py:79} INFO - Running: ['***', 'tasks', 'run', 'ETL_DAG', 'Ingest_from_2016', 'manual__2022-08-12T05:33:31.619708+00:00', '--job-id', '848', '--raw', '--subdir', 'DAGS_FOLDER/etl_dag.py', '--cfg-path', '/tmp/tmpvbrw49ij', '--error-file', '/tmp/tmpmxek9key']
[2022-08-12 05:33:37,309] {standard_task_runner.py:80} INFO - Job 848: Subtask Ingest_from_2016
[2022-08-12 05:33:37,454] {task_command.py:371} INFO - Running <TaskInstance: ETL_DAG.Ingest_from_2016 manual__2022-08-12T05:33:31.619708+00:00 [running]> on host 959a8f00817b
[2022-08-12 05:33:37,559] {taskinstance.py:1591} INFO - Exporting the following env vars:
AIRFLOW_CTX_DAG_OWNER=narapady
AIRFLOW_CTX_DAG_ID=ETL_DAG
AIRFLOW_CTX_TASK_ID=Ingest_from_2016
AIRFLOW_CTX_EXECUTION_DATE=2022-08-12T05:33:31.619708+00:00
AIRFLOW_CTX_TRY_NUMBER=1
AIRFLOW_CTX_DAG_RUN_ID=manual__2022-08-12T05:33:31.619708+00:00
[2022-08-12 05:33:46,896] {logging_mixin.py:115} INFO - Successfully uploaded 2016/Table1_2016.xlsx to s3-bucket-raw-usda
[2022-08-12 05:33:48,230] {logging_mixin.py:115} INFO - Successfully uploaded 2016/Table2_2016.xlsx to s3-bucket-raw-usda
[2022-08-12 05:33:49,454] {logging_mixin.py:115} INFO - Successfully uploaded 2016/Table3_2016.xlsx to s3-bucket-raw-usda
[2022-08-12 05:33:50,837] {logging_mixin.py:115} INFO - Successfully uploaded 2016/Table4_2016.xlsx to s3-bucket-raw-usda
[2022-08-12 05:33:52,053] {logging_mixin.py:115} INFO - Successfully uploaded 2016/Table5_2016.xlsx to s3-bucket-raw-usda
[2022-08-12 05:33:53,423] {logging_mixin.py:115} INFO - Successfully uploaded 2016/Table6_2016.xlsx to s3-bucket-raw-usda
[2022-08-12 05:33:54,640] {logging_mixin.py:115} INFO - Successfully uploaded 2016/Table7_2016.xlsx to s3-bucket-raw-usda
[2022-08-12 05:33:55,907] {logging_mixin.py:115} INFO - Successfully uploaded 2016/Table8_2016.xlsx to s3-bucket-raw-usda
[2022-08-12 05:33:55,928] {python.py:173} INFO - Done. Returned value was: None
[2022-08-12 05:33:56,110] {taskinstance.py:1420} INFO - Marking task as SUCCESS. dag_id=ETL_DAG, task_id=Ingest_from_2016, execution_date=20220812T053331, start_date=20220812T053337, end_date=20220812T053356
[2022-08-12 05:33:56,146] {local_task_job.py:156} INFO - Task exited with return code 0
[2022-08-12 05:33:56,181] {local_task_job.py:273} INFO - 0 downstream tasks scheduled from follow-on schedule check
