[2022-08-12 05:22:29,864] {taskinstance.py:1179} INFO - Dependencies all met for <TaskInstance: ETL_DAG_US_FOOD_NUTRITION.Transform_2015 manual__2022-08-12T05:11:17.280858+00:00 [queued]>
[2022-08-12 05:22:29,891] {taskinstance.py:1179} INFO - Dependencies all met for <TaskInstance: ETL_DAG_US_FOOD_NUTRITION.Transform_2015 manual__2022-08-12T05:11:17.280858+00:00 [queued]>
[2022-08-12 05:22:29,892] {taskinstance.py:1376} INFO - 
--------------------------------------------------------------------------------
[2022-08-12 05:22:29,893] {taskinstance.py:1377} INFO - Starting attempt 1 of 6
[2022-08-12 05:22:29,894] {taskinstance.py:1378} INFO - 
--------------------------------------------------------------------------------
[2022-08-12 05:22:29,910] {taskinstance.py:1397} INFO - Executing <Task(PythonOperator): Transform_2015> on 2022-08-12 05:11:17.280858+00:00
[2022-08-12 05:22:29,922] {standard_task_runner.py:52} INFO - Started process 11381 to run task
[2022-08-12 05:22:29,936] {standard_task_runner.py:79} INFO - Running: ['***', 'tasks', 'run', 'ETL_DAG_US_FOOD_NUTRITION', 'Transform_2015', 'manual__2022-08-12T05:11:17.280858+00:00', '--job-id', '822', '--raw', '--subdir', 'DAGS_FOLDER/etl_dag.py', '--cfg-path', '/tmp/tmpi1hqyau9', '--error-file', '/tmp/tmphghl062l']
[2022-08-12 05:22:29,940] {standard_task_runner.py:80} INFO - Job 822: Subtask Transform_2015
[2022-08-12 05:22:30,057] {task_command.py:371} INFO - Running <TaskInstance: ETL_DAG_US_FOOD_NUTRITION.Transform_2015 manual__2022-08-12T05:11:17.280858+00:00 [running]> on host ae5c2449a624
[2022-08-12 05:22:30,123] {taskinstance.py:1591} INFO - Exporting the following env vars:
AIRFLOW_CTX_DAG_OWNER=narapady
AIRFLOW_CTX_DAG_ID=ETL_DAG_US_FOOD_NUTRITION
AIRFLOW_CTX_TASK_ID=Transform_2015
AIRFLOW_CTX_EXECUTION_DATE=2022-08-12T05:11:17.280858+00:00
AIRFLOW_CTX_TRY_NUMBER=1
AIRFLOW_CTX_DAG_RUN_ID=manual__2022-08-12T05:11:17.280858+00:00
[2022-08-12 05:22:46,426] {logging_mixin.py:115} INFO - Successfully process fast-food-clean/age-15-and-older-2015.csv to S3
[2022-08-12 05:22:46,718] {logging_mixin.py:115} INFO - Successfully process fast-food-clean/age-18-and-older-2015.csv to S3
[2022-08-12 05:22:46,720] {python.py:173} INFO - Done. Returned value was: None
[2022-08-12 05:22:46,732] {taskinstance.py:1420} INFO - Marking task as SUCCESS. dag_id=ETL_DAG_US_FOOD_NUTRITION, task_id=Transform_2015, execution_date=20220812T051117, start_date=20220812T052229, end_date=20220812T052246
[2022-08-12 05:22:46,761] {local_task_job.py:156} INFO - Task exited with return code 0
[2022-08-12 05:22:46,786] {local_task_job.py:273} INFO - 0 downstream tasks scheduled from follow-on schedule check
