[2022-08-10 22:27:55,553] {taskinstance.py:1179} INFO - Dependencies all met for <TaskInstance: ETL_DAG.Stager manual__2022-08-10T22:14:40.673169+00:00 [queued]>
[2022-08-10 22:27:55,559] {taskinstance.py:1179} INFO - Dependencies all met for <TaskInstance: ETL_DAG.Stager manual__2022-08-10T22:14:40.673169+00:00 [queued]>
[2022-08-10 22:27:55,560] {taskinstance.py:1376} INFO - 
--------------------------------------------------------------------------------
[2022-08-10 22:27:55,561] {taskinstance.py:1377} INFO - Starting attempt 1 of 6
[2022-08-10 22:27:55,562] {taskinstance.py:1378} INFO - 
--------------------------------------------------------------------------------
[2022-08-10 22:27:55,571] {taskinstance.py:1397} INFO - Executing <Task(PythonOperator): Stager> on 2022-08-10 22:14:40.673169+00:00
[2022-08-10 22:27:55,576] {standard_task_runner.py:52} INFO - Started process 1104 to run task
[2022-08-10 22:27:55,579] {standard_task_runner.py:79} INFO - Running: ['***', 'tasks', 'run', 'ETL_DAG', 'Stager', 'manual__2022-08-10T22:14:40.673169+00:00', '--job-id', '142', '--raw', '--subdir', 'DAGS_FOLDER/etl_dag.py', '--cfg-path', '/tmp/tmpo23n81mz', '--error-file', '/tmp/tmphgbbkb2g']
[2022-08-10 22:27:55,583] {standard_task_runner.py:80} INFO - Job 142: Subtask Stager
[2022-08-10 22:27:55,627] {task_command.py:371} INFO - Running <TaskInstance: ETL_DAG.Stager manual__2022-08-10T22:14:40.673169+00:00 [running]> on host f16520aedf1e
[2022-08-10 22:27:55,672] {taskinstance.py:1591} INFO - Exporting the following env vars:
AIRFLOW_CTX_DAG_OWNER=narapady
AIRFLOW_CTX_DAG_ID=ETL_DAG
AIRFLOW_CTX_TASK_ID=Stager
AIRFLOW_CTX_EXECUTION_DATE=2022-08-10T22:14:40.673169+00:00
AIRFLOW_CTX_TRY_NUMBER=1
AIRFLOW_CTX_DAG_RUN_ID=manual__2022-08-10T22:14:40.673169+00:00
[2022-08-10 22:27:58,685] {logging_mixin.py:115} INFO - Successfully loaded Obesity_GDP_PanelData-staged.csv to s3-bucket-staged
[2022-08-10 22:28:20,021] {logging_mixin.py:115} INFO - Successfully loaded obesity-staged.csv to s3-bucket-staged
[2022-08-10 22:28:25,095] {logging_mixin.py:115} INFO - Successfully loaded fast-food-staged.csv to s3-bucket-staged
[2022-08-10 22:28:35,929] {logging_mixin.py:115} INFO - Successfully loaded food-consumption-estimates-staged.csv to s3-bucket-staged
[2022-08-10 22:28:47,381] {logging_mixin.py:115} INFO - Successfully loaded nutrient-intake-estimates-staged.csv to s3-bucket-staged
[2022-08-10 22:28:57,062] {logging_mixin.py:115} INFO - Successfully loaded monthly-sales-staged.csv to s3-bucket-staged
[2022-08-10 22:28:57,640] {logging_mixin.py:115} INFO - Successfully loaded food-expenditure-staged.csv to s3-bucket-staged
[2022-08-10 22:29:00,488] {logging_mixin.py:115} INFO - Successfully loaded price-index-staged.csv to s3-bucket-staged
[2022-08-10 22:31:19,981] {logging_mixin.py:115} INFO - Successfully loaded percents-staged.csv to s3-bucket-staged
[2022-08-10 22:31:29,144] {logging_mixin.py:115} INFO - Successfully loaded totals-staged.csv to s3-bucket-staged
[2022-08-10 22:32:27,660] {logging_mixin.py:115} INFO - Successfully loaded loss-adjusted-food-availability-staged.csv to s3-bucket-staged
[2022-08-10 22:32:27,685] {python.py:173} INFO - Done. Returned value was: None
[2022-08-10 22:32:27,709] {taskinstance.py:1420} INFO - Marking task as SUCCESS. dag_id=ETL_DAG, task_id=Stager, execution_date=20220810T221440, start_date=20220810T222755, end_date=20220810T223227
[2022-08-10 22:32:27,782] {local_task_job.py:156} INFO - Task exited with return code 0
[2022-08-10 22:32:27,802] {local_task_job.py:273} INFO - 0 downstream tasks scheduled from follow-on schedule check
