[2022-08-16 18:57:58,275] {taskinstance.py:1179} INFO - Dependencies all met for <TaskInstance: ETL_DAG.Transform_2014 manual__2022-08-16T18:57:11.917054+00:00 [queued]>
[2022-08-16 18:57:58,301] {taskinstance.py:1179} INFO - Dependencies all met for <TaskInstance: ETL_DAG.Transform_2014 manual__2022-08-16T18:57:11.917054+00:00 [queued]>
[2022-08-16 18:57:58,302] {taskinstance.py:1376} INFO - 
--------------------------------------------------------------------------------
[2022-08-16 18:57:58,303] {taskinstance.py:1377} INFO - Starting attempt 1 of 6
[2022-08-16 18:57:58,305] {taskinstance.py:1378} INFO - 
--------------------------------------------------------------------------------
[2022-08-16 18:57:58,330] {taskinstance.py:1397} INFO - Executing <Task(PythonOperator): Transform_2014> on 2022-08-16 18:57:11.917054+00:00
[2022-08-16 18:57:58,347] {standard_task_runner.py:52} INFO - Started process 325 to run task
[2022-08-16 18:57:58,355] {standard_task_runner.py:79} INFO - Running: ['***', 'tasks', 'run', 'ETL_DAG', 'Transform_2014', 'manual__2022-08-16T18:57:11.917054+00:00', '--job-id', '1092', '--raw', '--subdir', 'DAGS_FOLDER/etl_dag.py', '--cfg-path', '/tmp/tmpsrfwuu2w', '--error-file', '/tmp/tmprg05xopj']
[2022-08-16 18:57:58,361] {standard_task_runner.py:80} INFO - Job 1092: Subtask Transform_2014
[2022-08-16 18:57:58,427] {task_command.py:371} INFO - Running <TaskInstance: ETL_DAG.Transform_2014 manual__2022-08-16T18:57:11.917054+00:00 [running]> on host c7fa0145da3e
[2022-08-16 18:57:58,570] {taskinstance.py:1591} INFO - Exporting the following env vars:
AIRFLOW_CTX_DAG_OWNER=narapady
AIRFLOW_CTX_DAG_ID=ETL_DAG
AIRFLOW_CTX_TASK_ID=Transform_2014
AIRFLOW_CTX_EXECUTION_DATE=2022-08-16T18:57:11.917054+00:00
AIRFLOW_CTX_TRY_NUMBER=1
AIRFLOW_CTX_DAG_RUN_ID=manual__2022-08-16T18:57:11.917054+00:00
[2022-08-16 18:58:02,283] {logging_mixin.py:115} INFO - Successfully process fast-food-clean/age-15-and-older-2014.csv to S3
[2022-08-16 18:58:02,609] {logging_mixin.py:115} INFO - Successfully process fast-food-clean/age-18-and-older-2014.csv to S3
[2022-08-16 18:58:02,614] {python.py:173} INFO - Done. Returned value was: None
[2022-08-16 18:58:02,628] {taskinstance.py:1420} INFO - Marking task as SUCCESS. dag_id=ETL_DAG, task_id=Transform_2014, execution_date=20220816T185711, start_date=20220816T185758, end_date=20220816T185802
[2022-08-16 18:58:02,684] {local_task_job.py:156} INFO - Task exited with return code 0
[2022-08-16 18:58:02,714] {local_task_job.py:273} INFO - 0 downstream tasks scheduled from follow-on schedule check
