[2022-08-15 20:58:16,645] {taskinstance.py:1179} INFO - Dependencies all met for <TaskInstance: ETL_DAG.Stage_food-expenditure-clean manual__2022-08-15T20:56:28.970676+00:00 [queued]>
[2022-08-15 20:58:16,664] {taskinstance.py:1179} INFO - Dependencies all met for <TaskInstance: ETL_DAG.Stage_food-expenditure-clean manual__2022-08-15T20:56:28.970676+00:00 [queued]>
[2022-08-15 20:58:16,665] {taskinstance.py:1376} INFO - 
--------------------------------------------------------------------------------
[2022-08-15 20:58:16,666] {taskinstance.py:1377} INFO - Starting attempt 1 of 6
[2022-08-15 20:58:16,667] {taskinstance.py:1378} INFO - 
--------------------------------------------------------------------------------
[2022-08-15 20:58:16,696] {taskinstance.py:1397} INFO - Executing <Task(PythonOperator): Stage_food-expenditure-clean> on 2022-08-15 20:56:28.970676+00:00
[2022-08-15 20:58:16,704] {standard_task_runner.py:52} INFO - Started process 1715 to run task
[2022-08-15 20:58:16,729] {standard_task_runner.py:79} INFO - Running: ['***', 'tasks', 'run', 'ETL_DAG', 'Stage_food-expenditure-clean', 'manual__2022-08-15T20:56:28.970676+00:00', '--job-id', '1064', '--raw', '--subdir', 'DAGS_FOLDER/etl_dag.py', '--cfg-path', '/tmp/tmp0dy0e0ab', '--error-file', '/tmp/tmpt7pkdit9']
[2022-08-15 20:58:16,746] {standard_task_runner.py:80} INFO - Job 1064: Subtask Stage_food-expenditure-clean
[2022-08-15 20:58:16,841] {task_command.py:371} INFO - Running <TaskInstance: ETL_DAG.Stage_food-expenditure-clean manual__2022-08-15T20:56:28.970676+00:00 [running]> on host 42abdd2e54ec
[2022-08-15 20:58:16,935] {taskinstance.py:1591} INFO - Exporting the following env vars:
AIRFLOW_CTX_DAG_OWNER=narapady
AIRFLOW_CTX_DAG_ID=ETL_DAG
AIRFLOW_CTX_TASK_ID=Stage_food-expenditure-clean
AIRFLOW_CTX_EXECUTION_DATE=2022-08-15T20:56:28.970676+00:00
AIRFLOW_CTX_TRY_NUMBER=1
AIRFLOW_CTX_DAG_RUN_ID=manual__2022-08-15T20:56:28.970676+00:00
[2022-08-15 20:58:26,299] {logging_mixin.py:115} INFO - Successfully loaded monthly-sales-staged.csv to s3-bucket-staged
[2022-08-15 20:58:26,780] {logging_mixin.py:115} INFO - Successfully loaded food-expenditure-staged.csv to s3-bucket-staged
[2022-08-15 20:58:26,783] {python.py:173} INFO - Done. Returned value was: None
[2022-08-15 20:58:26,795] {taskinstance.py:1420} INFO - Marking task as SUCCESS. dag_id=ETL_DAG, task_id=Stage_food-expenditure-clean, execution_date=20220815T205628, start_date=20220815T205816, end_date=20220815T205826
[2022-08-15 20:58:26,817] {local_task_job.py:156} INFO - Task exited with return code 0
[2022-08-15 20:58:26,841] {local_task_job.py:273} INFO - 0 downstream tasks scheduled from follow-on schedule check
