[2022-08-11 21:34:03,634] {taskinstance.py:1179} INFO - Dependencies all met for <TaskInstance: ETL_DAG_V8.Create_s3_bucket_ingest manual__2022-08-11T21:34:01.587578+00:00 [queued]>
[2022-08-11 21:34:03,641] {taskinstance.py:1179} INFO - Dependencies all met for <TaskInstance: ETL_DAG_V8.Create_s3_bucket_ingest manual__2022-08-11T21:34:01.587578+00:00 [queued]>
[2022-08-11 21:34:03,642] {taskinstance.py:1376} INFO - 
--------------------------------------------------------------------------------
[2022-08-11 21:34:03,643] {taskinstance.py:1377} INFO - Starting attempt 1 of 6
[2022-08-11 21:34:03,644] {taskinstance.py:1378} INFO - 
--------------------------------------------------------------------------------
[2022-08-11 21:34:03,652] {taskinstance.py:1397} INFO - Executing <Task(PythonOperator): Create_s3_bucket_ingest> on 2022-08-11 21:34:01.587578+00:00
[2022-08-11 21:34:03,658] {standard_task_runner.py:52} INFO - Started process 195 to run task
[2022-08-11 21:34:03,661] {standard_task_runner.py:79} INFO - Running: ['***', 'tasks', 'run', 'ETL_DAG_V8', 'Create_s3_bucket_ingest', 'manual__2022-08-11T21:34:01.587578+00:00', '--job-id', '668', '--raw', '--subdir', 'DAGS_FOLDER/etl_dag.py', '--cfg-path', '/tmp/tmps5y1b154', '--error-file', '/tmp/tmp0d1i5v_m']
[2022-08-11 21:34:03,664] {standard_task_runner.py:80} INFO - Job 668: Subtask Create_s3_bucket_ingest
[2022-08-11 21:34:03,724] {task_command.py:371} INFO - Running <TaskInstance: ETL_DAG_V8.Create_s3_bucket_ingest manual__2022-08-11T21:34:01.587578+00:00 [running]> on host a02c2b8cab8b
[2022-08-11 21:34:03,778] {taskinstance.py:1591} INFO - Exporting the following env vars:
AIRFLOW_CTX_DAG_OWNER=narapady
AIRFLOW_CTX_DAG_ID=ETL_DAG_V8
AIRFLOW_CTX_TASK_ID=Create_s3_bucket_ingest
AIRFLOW_CTX_EXECUTION_DATE=2022-08-11T21:34:01.587578+00:00
AIRFLOW_CTX_TRY_NUMBER=1
AIRFLOW_CTX_DAG_RUN_ID=manual__2022-08-11T21:34:01.587578+00:00
[2022-08-11 21:34:04,584] {python.py:173} INFO - Done. Returned value was: {'ResponseMetadata': {'RequestId': 'RVVA39RHNV0N5ZQY', 'HostId': '1ate+pbOg6V/psjcrwKPPVGL2oWh2TKSnC0zs2rzPc+VVhIHR3PEKeac88I8GNHbB88sCl6ud+E=', 'HTTPStatusCode': 200, 'HTTPHeaders': {'x-amz-id-2': '1ate+pbOg6V/psjcrwKPPVGL2oWh2TKSnC0zs2rzPc+VVhIHR3PEKeac88I8GNHbB88sCl6ud+E=', 'x-amz-request-id': 'RVVA39RHNV0N5ZQY', 'date': 'Thu, 11 Aug 2022 21:34:05 GMT', 'location': '/s3-bucket-raw-usda', 'server': 'AmazonS3', 'content-length': '0'}, 'RetryAttempts': 0}, 'Location': '/s3-bucket-raw-usda'}
[2022-08-11 21:34:04,636] {taskinstance.py:1420} INFO - Marking task as SUCCESS. dag_id=ETL_DAG_V8, task_id=Create_s3_bucket_ingest, execution_date=20220811T213401, start_date=20220811T213403, end_date=20220811T213404
[2022-08-11 21:34:04,679] {local_task_job.py:156} INFO - Task exited with return code 0
[2022-08-11 21:34:04,715] {local_task_job.py:273} INFO - 9 downstream tasks scheduled from follow-on schedule check
