[2022-08-07 05:39:43,049] {taskinstance.py:1179} INFO - Dependencies all met for <TaskInstance: etl_dag.get_name scheduled__2022-08-05T00:00:00+00:00 [queued]>
[2022-08-07 05:39:43,063] {taskinstance.py:1179} INFO - Dependencies all met for <TaskInstance: etl_dag.get_name scheduled__2022-08-05T00:00:00+00:00 [queued]>
[2022-08-07 05:39:43,063] {taskinstance.py:1376} INFO - 
--------------------------------------------------------------------------------
[2022-08-07 05:39:43,065] {taskinstance.py:1377} INFO - Starting attempt 1 of 6
[2022-08-07 05:39:43,066] {taskinstance.py:1378} INFO - 
--------------------------------------------------------------------------------
[2022-08-07 05:39:43,090] {taskinstance.py:1397} INFO - Executing <Task(PythonOperator): get_name> on 2022-08-05 00:00:00+00:00
[2022-08-07 05:39:43,099] {standard_task_runner.py:52} INFO - Started process 236 to run task
[2022-08-07 05:39:43,107] {standard_task_runner.py:79} INFO - Running: ['***', 'tasks', 'run', 'etl_dag', 'get_name', 'scheduled__2022-08-05T00:00:00+00:00', '--job-id', '47', '--raw', '--subdir', 'DAGS_FOLDER/etl_dag.py', '--cfg-path', '/tmp/tmp_3a5l01l', '--error-file', '/tmp/tmprclkve0j']
[2022-08-07 05:39:43,110] {standard_task_runner.py:80} INFO - Job 47: Subtask get_name
[2022-08-07 05:39:43,240] {task_command.py:371} INFO - Running <TaskInstance: etl_dag.get_name scheduled__2022-08-05T00:00:00+00:00 [running]> on host 9c2fa859e2fb
[2022-08-07 05:39:43,343] {taskinstance.py:1591} INFO - Exporting the following env vars:
AIRFLOW_CTX_DAG_OWNER=narapady
AIRFLOW_CTX_DAG_ID=etl_dag
AIRFLOW_CTX_TASK_ID=get_name
AIRFLOW_CTX_EXECUTION_DATE=2022-08-05T00:00:00+00:00
AIRFLOW_CTX_TRY_NUMBER=1
AIRFLOW_CTX_DAG_RUN_ID=scheduled__2022-08-05T00:00:00+00:00
[2022-08-07 05:39:43,345] {logging_mixin.py:115} INFO - Hello World
[2022-08-07 05:39:43,350] {python.py:173} INFO - Done. Returned value was: None
[2022-08-07 05:39:43,366] {taskinstance.py:1420} INFO - Marking task as SUCCESS. dag_id=etl_dag, task_id=get_name, execution_date=20220805T000000, start_date=20220807T053943, end_date=20220807T053943
[2022-08-07 05:39:43,399] {local_task_job.py:156} INFO - Task exited with return code 0
[2022-08-07 05:39:43,424] {local_task_job.py:273} INFO - 0 downstream tasks scheduled from follow-on schedule check
