[2022-08-11 19:43:25,163] {taskinstance.py:1179} INFO - Dependencies all met for <TaskInstance: ETL_DAG_V5.Ingest_from_nutrient_intake_estimates manual__2022-08-11T19:43:19.932213+00:00 [queued]>
[2022-08-11 19:43:25,210] {taskinstance.py:1179} INFO - Dependencies all met for <TaskInstance: ETL_DAG_V5.Ingest_from_nutrient_intake_estimates manual__2022-08-11T19:43:19.932213+00:00 [queued]>
[2022-08-11 19:43:25,211] {taskinstance.py:1376} INFO - 
--------------------------------------------------------------------------------
[2022-08-11 19:43:25,213] {taskinstance.py:1377} INFO - Starting attempt 1 of 6
[2022-08-11 19:43:25,214] {taskinstance.py:1378} INFO - 
--------------------------------------------------------------------------------
[2022-08-11 19:43:25,245] {taskinstance.py:1397} INFO - Executing <Task(PythonOperator): Ingest_from_nutrient_intake_estimates> on 2022-08-11 19:43:19.932213+00:00
[2022-08-11 19:43:25,254] {standard_task_runner.py:52} INFO - Started process 3549 to run task
[2022-08-11 19:43:25,264] {standard_task_runner.py:79} INFO - Running: ['***', 'tasks', 'run', 'ETL_DAG_V5', 'Ingest_from_nutrient_intake_estimates', 'manual__2022-08-11T19:43:19.932213+00:00', '--job-id', '531', '--raw', '--subdir', 'DAGS_FOLDER/etl_dag.py', '--cfg-path', '/tmp/tmpdt_3ex9v', '--error-file', '/tmp/tmpvw4g6_xa']
[2022-08-11 19:43:25,281] {standard_task_runner.py:80} INFO - Job 531: Subtask Ingest_from_nutrient_intake_estimates
[2022-08-11 19:43:25,494] {task_command.py:371} INFO - Running <TaskInstance: ETL_DAG_V5.Ingest_from_nutrient_intake_estimates manual__2022-08-11T19:43:19.932213+00:00 [running]> on host ce1be8c59d56
[2022-08-11 19:43:25,624] {taskinstance.py:1591} INFO - Exporting the following env vars:
AIRFLOW_CTX_DAG_OWNER=narapady
AIRFLOW_CTX_DAG_ID=ETL_DAG_V5
AIRFLOW_CTX_TASK_ID=Ingest_from_nutrient_intake_estimates
AIRFLOW_CTX_EXECUTION_DATE=2022-08-11T19:43:19.932213+00:00
AIRFLOW_CTX_TRY_NUMBER=1
AIRFLOW_CTX_DAG_RUN_ID=manual__2022-08-11T19:43:19.932213+00:00
[2022-08-11 19:43:33,358] {logging_mixin.py:115} INFO - Successfully uploaded nutrient-intake-estimates/nutrient_table1.xlsx to s3-bucket-raw-usda
[2022-08-11 19:43:34,766] {logging_mixin.py:115} INFO - Successfully uploaded nutrient-intake-estimates/nutrient_table2.xlsx to s3-bucket-raw-usda
[2022-08-11 19:43:39,465] {logging_mixin.py:115} INFO - Successfully uploaded nutrient-intake-estimates/Archived%202007-10%20Food%20Consumption%20and%20Nutrient%20Inta to s3-bucket-raw-usda
[2022-08-11 19:43:39,469] {python.py:173} INFO - Done. Returned value was: None
[2022-08-11 19:43:39,487] {taskinstance.py:1420} INFO - Marking task as SUCCESS. dag_id=ETL_DAG_V5, task_id=Ingest_from_nutrient_intake_estimates, execution_date=20220811T194319, start_date=20220811T194325, end_date=20220811T194339
[2022-08-11 19:43:39,544] {local_task_job.py:156} INFO - Task exited with return code 0
[2022-08-11 19:43:39,570] {local_task_job.py:273} INFO - 0 downstream tasks scheduled from follow-on schedule check
