[2022-08-12 05:23:33,757] {taskinstance.py:1179} INFO - Dependencies all met for <TaskInstance: ETL_DAG_US_FOOD_NUTRITION.Stage_food-consumption-estimates-clean manual__2022-08-12T05:11:17.280858+00:00 [queued]>
[2022-08-12 05:23:33,775] {taskinstance.py:1179} INFO - Dependencies all met for <TaskInstance: ETL_DAG_US_FOOD_NUTRITION.Stage_food-consumption-estimates-clean manual__2022-08-12T05:11:17.280858+00:00 [queued]>
[2022-08-12 05:23:33,776] {taskinstance.py:1376} INFO - 
--------------------------------------------------------------------------------
[2022-08-12 05:23:33,777] {taskinstance.py:1377} INFO - Starting attempt 1 of 6
[2022-08-12 05:23:33,777] {taskinstance.py:1378} INFO - 
--------------------------------------------------------------------------------
[2022-08-12 05:23:33,792] {taskinstance.py:1397} INFO - Executing <Task(PythonOperator): Stage_food-consumption-estimates-clean> on 2022-08-12 05:11:17.280858+00:00
[2022-08-12 05:23:33,798] {standard_task_runner.py:52} INFO - Started process 11472 to run task
[2022-08-12 05:23:33,803] {standard_task_runner.py:79} INFO - Running: ['***', 'tasks', 'run', 'ETL_DAG_US_FOOD_NUTRITION', 'Stage_food-consumption-estimates-clean', 'manual__2022-08-12T05:11:17.280858+00:00', '--job-id', '827', '--raw', '--subdir', 'DAGS_FOLDER/etl_dag.py', '--cfg-path', '/tmp/tmpz8rbzp73', '--error-file', '/tmp/tmp62opfrc6']
[2022-08-12 05:23:33,807] {standard_task_runner.py:80} INFO - Job 827: Subtask Stage_food-consumption-estimates-clean
[2022-08-12 05:23:33,938] {task_command.py:371} INFO - Running <TaskInstance: ETL_DAG_US_FOOD_NUTRITION.Stage_food-consumption-estimates-clean manual__2022-08-12T05:11:17.280858+00:00 [running]> on host ae5c2449a624
[2022-08-12 05:23:34,019] {taskinstance.py:1591} INFO - Exporting the following env vars:
AIRFLOW_CTX_DAG_OWNER=narapady
AIRFLOW_CTX_DAG_ID=ETL_DAG_US_FOOD_NUTRITION
AIRFLOW_CTX_TASK_ID=Stage_food-consumption-estimates-clean
AIRFLOW_CTX_EXECUTION_DATE=2022-08-12T05:11:17.280858+00:00
AIRFLOW_CTX_TRY_NUMBER=1
AIRFLOW_CTX_DAG_RUN_ID=manual__2022-08-12T05:11:17.280858+00:00
[2022-08-12 05:23:45,257] {logging_mixin.py:115} INFO - Successfully loaded food-consumption-estimates-staged.csv to s3-bucket-staged
[2022-08-12 05:23:45,259] {python.py:173} INFO - Done. Returned value was: None
[2022-08-12 05:23:45,271] {taskinstance.py:1420} INFO - Marking task as SUCCESS. dag_id=ETL_DAG_US_FOOD_NUTRITION, task_id=Stage_food-consumption-estimates-clean, execution_date=20220812T051117, start_date=20220812T052333, end_date=20220812T052345
[2022-08-12 05:23:45,297] {local_task_job.py:156} INFO - Task exited with return code 0
[2022-08-12 05:23:45,327] {local_task_job.py:273} INFO - 0 downstream tasks scheduled from follow-on schedule check
