[2022-08-11 05:54:19,313] {taskinstance.py:1179} INFO - Dependencies all met for <TaskInstance: ETL_DAG_V1.Ingest_data_from_sources manual__2022-08-11T00:37:41.769140+00:00 [queued]>
[2022-08-11 05:54:19,322] {taskinstance.py:1179} INFO - Dependencies all met for <TaskInstance: ETL_DAG_V1.Ingest_data_from_sources manual__2022-08-11T00:37:41.769140+00:00 [queued]>
[2022-08-11 05:54:19,323] {taskinstance.py:1376} INFO - 
--------------------------------------------------------------------------------
[2022-08-11 05:54:19,324] {taskinstance.py:1377} INFO - Starting attempt 1 of 6
[2022-08-11 05:54:19,325] {taskinstance.py:1378} INFO - 
--------------------------------------------------------------------------------
[2022-08-11 05:54:19,334] {taskinstance.py:1397} INFO - Executing <Task(PythonOperator): Ingest_data_from_sources> on 2022-08-11 00:37:41.769140+00:00
[2022-08-11 05:54:19,342] {standard_task_runner.py:52} INFO - Started process 17742 to run task
[2022-08-11 05:54:19,345] {standard_task_runner.py:79} INFO - Running: ['***', 'tasks', 'run', 'ETL_DAG_V1', 'Ingest_data_from_sources', 'manual__2022-08-11T00:37:41.769140+00:00', '--job-id', '185', '--raw', '--subdir', 'DAGS_FOLDER/etl_dag.py', '--cfg-path', '/tmp/tmp2jchl6s8', '--error-file', '/tmp/tmp0zx84bgw']
[2022-08-11 05:54:19,348] {standard_task_runner.py:80} INFO - Job 185: Subtask Ingest_data_from_sources
[2022-08-11 05:54:19,422] {task_command.py:371} INFO - Running <TaskInstance: ETL_DAG_V1.Ingest_data_from_sources manual__2022-08-11T00:37:41.769140+00:00 [running]> on host c9fcec21ee59
[2022-08-11 05:54:19,517] {taskinstance.py:1591} INFO - Exporting the following env vars:
AIRFLOW_CTX_DAG_OWNER=narapady
AIRFLOW_CTX_DAG_ID=ETL_DAG_V1
AIRFLOW_CTX_TASK_ID=Ingest_data_from_sources
AIRFLOW_CTX_EXECUTION_DATE=2022-08-11T00:37:41.769140+00:00
AIRFLOW_CTX_TRY_NUMBER=1
AIRFLOW_CTX_DAG_RUN_ID=manual__2022-08-11T00:37:41.769140+00:00
[2022-08-11 05:54:27,865] {logging_mixin.py:115} INFO - Successfully uploaded food-at-home-and-food-away-from-home/FAH_total.xls to s3-bucket-raw-usda
[2022-08-11 05:54:29,364] {logging_mixin.py:115} INFO - Successfully uploaded food-at-home-and-food-away-from-home/FAH_gender.xls to s3-bucket-raw-usda
[2022-08-11 05:54:30,762] {logging_mixin.py:115} INFO - Successfully uploaded food-at-home-and-food-away-from-home/FAH_income.xls to s3-bucket-raw-usda
[2022-08-11 05:54:32,581] {logging_mixin.py:115} INFO - Successfully uploaded food-at-home-and-food-away-from-home/FAH_education.xls to s3-bucket-raw-usda
[2022-08-11 05:54:34,133] {logging_mixin.py:115} INFO - Successfully uploaded food-at-home-and-food-away-from-home/FAH_race.xls to s3-bucket-raw-usda
[2022-08-11 05:54:35,678] {logging_mixin.py:115} INFO - Successfully uploaded food-at-home-and-food-away-from-home/FAFH_total.xls to s3-bucket-raw-usda
[2022-08-11 05:54:37,181] {logging_mixin.py:115} INFO - Successfully uploaded food-at-home-and-food-away-from-home/FAFH_gender.xls to s3-bucket-raw-usda
[2022-08-11 05:54:38,632] {logging_mixin.py:115} INFO - Successfully uploaded food-at-home-and-food-away-from-home/FAFH_income.xls to s3-bucket-raw-usda
[2022-08-11 05:54:40,121] {logging_mixin.py:115} INFO - Successfully uploaded food-at-home-and-food-away-from-home/FAFH_education.xls to s3-bucket-raw-usda
[2022-08-11 05:54:41,852] {logging_mixin.py:115} INFO - Successfully uploaded demographic-and-socioeconomic-characteristics/CommodityConsumption_table1.xls to s3-bucket-raw-usda
[2022-08-11 05:54:43,635] {logging_mixin.py:115} INFO - Successfully uploaded demographic-and-socioeconomic-characteristics/CommodityConsumption_table2.xls to s3-bucket-raw-usda
[2022-08-11 05:54:45,153] {logging_mixin.py:115} INFO - Successfully uploaded demographic-and-socioeconomic-characteristics/CommodityConsumption_table3.xls to s3-bucket-raw-usda
[2022-08-11 05:54:46,664] {logging_mixin.py:115} INFO - Successfully uploaded demographic-and-socioeconomic-characteristics/CommodityConsumption_table4.xls to s3-bucket-raw-usda
[2022-08-11 05:54:48,472] {logging_mixin.py:115} INFO - Successfully uploaded demographic-and-socioeconomic-characteristics/CommodityConsumption_table5.xls to s3-bucket-raw-usda
[2022-08-11 05:55:05,463] {logging_mixin.py:115} INFO - Successfully uploaded food-availability/dyfluid.xls to s3-bucket-raw-usda
[2022-08-11 05:55:05,463] {local_task_job.py:221} WARNING - State of this instance has been externally set to removed. Terminating instance.
[2022-08-11 05:55:05,473] {process_utils.py:129} INFO - Sending Signals.SIGTERM to group 17742. PIDs of all processes in the group: [17742]
[2022-08-11 05:55:05,475] {process_utils.py:80} INFO - Sending the signal Signals.SIGTERM to group 17742
[2022-08-11 05:55:05,477] {taskinstance.py:1561} ERROR - Received SIGTERM. Terminating subprocesses.
[2022-08-11 05:55:05,533] {process_utils.py:75} INFO - Process psutil.Process(pid=17742, status='terminated', exitcode=0, started='05:54:18') (17742) terminated with exit code 0
