[2022-08-10 22:01:34,083] {taskinstance.py:1179} INFO - Dependencies all met for <TaskInstance: ETL_DAG_V12.Stager manual__2022-08-10T21:48:18.888050+00:00 [queued]>
[2022-08-10 22:01:34,090] {taskinstance.py:1179} INFO - Dependencies all met for <TaskInstance: ETL_DAG_V12.Stager manual__2022-08-10T21:48:18.888050+00:00 [queued]>
[2022-08-10 22:01:34,091] {taskinstance.py:1376} INFO - 
--------------------------------------------------------------------------------
[2022-08-10 22:01:34,092] {taskinstance.py:1377} INFO - Starting attempt 1 of 6
[2022-08-10 22:01:34,092] {taskinstance.py:1378} INFO - 
--------------------------------------------------------------------------------
[2022-08-10 22:01:34,100] {taskinstance.py:1397} INFO - Executing <Task(PythonOperator): Stager> on 2022-08-10 21:48:18.888050+00:00
[2022-08-10 22:01:34,105] {standard_task_runner.py:52} INFO - Started process 1071 to run task
[2022-08-10 22:01:34,108] {standard_task_runner.py:79} INFO - Running: ['***', 'tasks', 'run', 'ETL_DAG_V12', 'Stager', 'manual__2022-08-10T21:48:18.888050+00:00', '--job-id', '138', '--raw', '--subdir', 'DAGS_FOLDER/etl_dag.py', '--cfg-path', '/tmp/tmpzjzf_9l4', '--error-file', '/tmp/tmpdk3kxk72']
[2022-08-10 22:01:34,110] {standard_task_runner.py:80} INFO - Job 138: Subtask Stager
[2022-08-10 22:01:34,154] {task_command.py:371} INFO - Running <TaskInstance: ETL_DAG_V12.Stager manual__2022-08-10T21:48:18.888050+00:00 [running]> on host 67fb14bd52e6
[2022-08-10 22:01:34,245] {taskinstance.py:1591} INFO - Exporting the following env vars:
AIRFLOW_CTX_DAG_OWNER=narapady
AIRFLOW_CTX_DAG_ID=ETL_DAG_V12
AIRFLOW_CTX_TASK_ID=Stager
AIRFLOW_CTX_EXECUTION_DATE=2022-08-10T21:48:18.888050+00:00
AIRFLOW_CTX_TRY_NUMBER=1
AIRFLOW_CTX_DAG_RUN_ID=manual__2022-08-10T21:48:18.888050+00:00
[2022-08-10 22:01:37,208] {logging_mixin.py:115} INFO - Successfully loaded Obesity_GDP_PanelData-staged.csv to s3-bucket-staged
[2022-08-10 22:01:58,225] {logging_mixin.py:115} INFO - Successfully loaded obesity-staged.csv to s3-bucket-staged
[2022-08-10 22:02:03,780] {logging_mixin.py:115} INFO - Successfully loaded fast-food-staged.csv to s3-bucket-staged
[2022-08-10 22:02:14,762] {logging_mixin.py:115} INFO - Successfully loaded food-consumption-estimates-staged.csv to s3-bucket-staged
[2022-08-10 22:02:36,480] {logging_mixin.py:115} INFO - Successfully loaded nutrient-intake-estimates-staged.csv to s3-bucket-staged
[2022-08-10 22:02:45,841] {logging_mixin.py:115} INFO - Successfully loaded monthly-sales-staged.csv to s3-bucket-staged
[2022-08-10 22:02:46,398] {logging_mixin.py:115} INFO - Successfully loaded food-expenditure-staged.csv to s3-bucket-staged
[2022-08-10 22:02:48,912] {logging_mixin.py:115} INFO - Successfully loaded price-index-staged.csv to s3-bucket-staged
[2022-08-10 22:05:08,080] {logging_mixin.py:115} INFO - Successfully loaded percents-staged.csv to s3-bucket-staged
[2022-08-10 22:05:17,276] {logging_mixin.py:115} INFO - Successfully loaded totals-staged.csv to s3-bucket-staged
[2022-08-10 22:06:15,669] {logging_mixin.py:115} INFO - Successfully loaded loss-adjusted-food-availability-staged.csv to s3-bucket-staged
[2022-08-10 22:06:15,686] {python.py:173} INFO - Done. Returned value was: None
[2022-08-10 22:06:15,709] {taskinstance.py:1420} INFO - Marking task as SUCCESS. dag_id=ETL_DAG_V12, task_id=Stager, execution_date=20220810T214818, start_date=20220810T220134, end_date=20220810T220615
[2022-08-10 22:06:15,747] {local_task_job.py:156} INFO - Task exited with return code 0
[2022-08-10 22:06:15,765] {local_task_job.py:273} INFO - 0 downstream tasks scheduled from follow-on schedule check
