[2022-08-10 00:39:10,751] {taskinstance.py:1179} INFO - Dependencies all met for <TaskInstance: ETL_DAG_V12.Stager manual__2022-08-10T00:25:42.579447+00:00 [queued]>
[2022-08-10 00:39:10,758] {taskinstance.py:1179} INFO - Dependencies all met for <TaskInstance: ETL_DAG_V12.Stager manual__2022-08-10T00:25:42.579447+00:00 [queued]>
[2022-08-10 00:39:10,759] {taskinstance.py:1376} INFO - 
--------------------------------------------------------------------------------
[2022-08-10 00:39:10,760] {taskinstance.py:1377} INFO - Starting attempt 1 of 6
[2022-08-10 00:39:10,761] {taskinstance.py:1378} INFO - 
--------------------------------------------------------------------------------
[2022-08-10 00:39:10,768] {taskinstance.py:1397} INFO - Executing <Task(PythonOperator): Stager> on 2022-08-10 00:25:42.579447+00:00
[2022-08-10 00:39:10,774] {standard_task_runner.py:52} INFO - Started process 55032 to run task
[2022-08-10 00:39:10,776] {standard_task_runner.py:79} INFO - Running: ['***', 'tasks', 'run', 'ETL_DAG_V12', 'Stager', 'manual__2022-08-10T00:25:42.579447+00:00', '--job-id', '131', '--raw', '--subdir', 'DAGS_FOLDER/etl_dag.py', '--cfg-path', '/tmp/tmph28em5rp', '--error-file', '/tmp/tmpqawk64dv']
[2022-08-10 00:39:10,778] {standard_task_runner.py:80} INFO - Job 131: Subtask Stager
[2022-08-10 00:39:10,819] {task_command.py:371} INFO - Running <TaskInstance: ETL_DAG_V12.Stager manual__2022-08-10T00:25:42.579447+00:00 [running]> on host 8d3924a1d70c
[2022-08-10 00:39:10,862] {taskinstance.py:1591} INFO - Exporting the following env vars:
AIRFLOW_CTX_DAG_OWNER=narapady
AIRFLOW_CTX_DAG_ID=ETL_DAG_V12
AIRFLOW_CTX_TASK_ID=Stager
AIRFLOW_CTX_EXECUTION_DATE=2022-08-10T00:25:42.579447+00:00
AIRFLOW_CTX_TRY_NUMBER=1
AIRFLOW_CTX_DAG_RUN_ID=manual__2022-08-10T00:25:42.579447+00:00
[2022-08-10 00:39:13,941] {logging_mixin.py:115} INFO - Successfully loaded Obesity_GDP_PanelData-staged.csv to s3-bucket-staged
[2022-08-10 00:39:35,976] {logging_mixin.py:115} INFO - Successfully loaded obesity-staged.csv to s3-bucket-staged
[2022-08-10 00:39:41,290] {logging_mixin.py:115} INFO - Successfully loaded fast-food-staged.csv to s3-bucket-staged
[2022-08-10 00:39:52,163] {logging_mixin.py:115} INFO - Successfully loaded food-consumption-estimates-staged.csv to s3-bucket-staged
[2022-08-10 00:40:03,823] {logging_mixin.py:115} INFO - Successfully loaded nutrient-intake-estimates-staged.csv to s3-bucket-staged
[2022-08-10 00:40:13,344] {logging_mixin.py:115} INFO - Successfully loaded monthly-sales-staged.csv to s3-bucket-staged
[2022-08-10 00:40:13,974] {logging_mixin.py:115} INFO - Successfully loaded food-expenditure-staged.csv to s3-bucket-staged
[2022-08-10 00:40:16,593] {logging_mixin.py:115} INFO - Successfully loaded price-index-staged.csv to s3-bucket-staged
[2022-08-10 00:42:44,298] {logging_mixin.py:115} INFO - Successfully loaded percents-staged.csv to s3-bucket-staged
[2022-08-10 00:42:53,189] {logging_mixin.py:115} INFO - Successfully loaded totals-staged.csv to s3-bucket-staged
[2022-08-10 00:43:52,598] {logging_mixin.py:115} INFO - Successfully loaded loss-adjusted-food-availability-staged.csv to s3-bucket-staged
[2022-08-10 00:43:52,614] {python.py:173} INFO - Done. Returned value was: None
[2022-08-10 00:43:52,661] {taskinstance.py:1420} INFO - Marking task as SUCCESS. dag_id=ETL_DAG_V12, task_id=Stager, execution_date=20220810T002542, start_date=20220810T003910, end_date=20220810T004352
[2022-08-10 00:43:52,757] {local_task_job.py:156} INFO - Task exited with return code 0
[2022-08-10 00:43:52,780] {local_task_job.py:273} INFO - 0 downstream tasks scheduled from follow-on schedule check
