[2022-08-12 18:24:59,375] {taskinstance.py:1179} INFO - Dependencies all met for <TaskInstance: ETL_DAG.Transform_2016 manual__2022-08-12T18:20:52.559703+00:00 [queued]>
[2022-08-12 18:24:59,399] {taskinstance.py:1179} INFO - Dependencies all met for <TaskInstance: ETL_DAG.Transform_2016 manual__2022-08-12T18:20:52.559703+00:00 [queued]>
[2022-08-12 18:24:59,401] {taskinstance.py:1376} INFO - 
--------------------------------------------------------------------------------
[2022-08-12 18:24:59,402] {taskinstance.py:1377} INFO - Starting attempt 1 of 6
[2022-08-12 18:24:59,403] {taskinstance.py:1378} INFO - 
--------------------------------------------------------------------------------
[2022-08-12 18:24:59,416] {taskinstance.py:1397} INFO - Executing <Task(PythonOperator): Transform_2016> on 2022-08-12 18:20:52.559703+00:00
[2022-08-12 18:24:59,422] {standard_task_runner.py:52} INFO - Started process 551 to run task
[2022-08-12 18:24:59,428] {standard_task_runner.py:79} INFO - Running: ['***', 'tasks', 'run', 'ETL_DAG', 'Transform_2016', 'manual__2022-08-12T18:20:52.559703+00:00', '--job-id', '900', '--raw', '--subdir', 'DAGS_FOLDER/etl_dag.py', '--cfg-path', '/tmp/tmp04dcwb7d', '--error-file', '/tmp/tmph7qwck8l']
[2022-08-12 18:24:59,435] {standard_task_runner.py:80} INFO - Job 900: Subtask Transform_2016
[2022-08-12 18:24:59,521] {task_command.py:371} INFO - Running <TaskInstance: ETL_DAG.Transform_2016 manual__2022-08-12T18:20:52.559703+00:00 [running]> on host 00aa0783f116
[2022-08-12 18:24:59,597] {taskinstance.py:1591} INFO - Exporting the following env vars:
AIRFLOW_CTX_DAG_OWNER=narapady
AIRFLOW_CTX_DAG_ID=ETL_DAG
AIRFLOW_CTX_TASK_ID=Transform_2016
AIRFLOW_CTX_EXECUTION_DATE=2022-08-12T18:20:52.559703+00:00
AIRFLOW_CTX_TRY_NUMBER=1
AIRFLOW_CTX_DAG_RUN_ID=manual__2022-08-12T18:20:52.559703+00:00
[2022-08-12 18:25:17,059] {logging_mixin.py:115} INFO - Successfully process fast-food-clean/age-15-and-older-2016.csv to S3
[2022-08-12 18:25:17,378] {logging_mixin.py:115} INFO - Successfully process fast-food-clean/age-18-and-older-2016.csv to S3
[2022-08-12 18:25:17,382] {python.py:173} INFO - Done. Returned value was: None
[2022-08-12 18:25:17,401] {taskinstance.py:1420} INFO - Marking task as SUCCESS. dag_id=ETL_DAG, task_id=Transform_2016, execution_date=20220812T182052, start_date=20220812T182459, end_date=20220812T182517
[2022-08-12 18:25:17,458] {local_task_job.py:156} INFO - Task exited with return code 0
[2022-08-12 18:25:17,485] {local_task_job.py:273} INFO - 0 downstream tasks scheduled from follow-on schedule check
