[2022-08-16 18:59:02,579] {taskinstance.py:1179} INFO - Dependencies all met for <TaskInstance: ETL_DAG.Create_s3_bucket_stage manual__2022-08-16T18:57:11.917054+00:00 [queued]>
[2022-08-16 18:59:02,586] {taskinstance.py:1179} INFO - Dependencies all met for <TaskInstance: ETL_DAG.Create_s3_bucket_stage manual__2022-08-16T18:57:11.917054+00:00 [queued]>
[2022-08-16 18:59:02,587] {taskinstance.py:1376} INFO - 
--------------------------------------------------------------------------------
[2022-08-16 18:59:02,588] {taskinstance.py:1377} INFO - Starting attempt 1 of 6
[2022-08-16 18:59:02,589] {taskinstance.py:1378} INFO - 
--------------------------------------------------------------------------------
[2022-08-16 18:59:02,597] {taskinstance.py:1397} INFO - Executing <Task(PythonOperator): Create_s3_bucket_stage> on 2022-08-16 18:57:11.917054+00:00
[2022-08-16 18:59:02,601] {standard_task_runner.py:52} INFO - Started process 404 to run task
[2022-08-16 18:59:02,605] {standard_task_runner.py:79} INFO - Running: ['***', 'tasks', 'run', 'ETL_DAG', 'Create_s3_bucket_stage', 'manual__2022-08-16T18:57:11.917054+00:00', '--job-id', '1100', '--raw', '--subdir', 'DAGS_FOLDER/etl_dag.py', '--cfg-path', '/tmp/tmpgkhxfxxk', '--error-file', '/tmp/tmpmngw20hw']
[2022-08-16 18:59:02,608] {standard_task_runner.py:80} INFO - Job 1100: Subtask Create_s3_bucket_stage
[2022-08-16 18:59:02,652] {task_command.py:371} INFO - Running <TaskInstance: ETL_DAG.Create_s3_bucket_stage manual__2022-08-16T18:57:11.917054+00:00 [running]> on host c7fa0145da3e
[2022-08-16 18:59:02,698] {taskinstance.py:1591} INFO - Exporting the following env vars:
AIRFLOW_CTX_DAG_OWNER=narapady
AIRFLOW_CTX_DAG_ID=ETL_DAG
AIRFLOW_CTX_TASK_ID=Create_s3_bucket_stage
AIRFLOW_CTX_EXECUTION_DATE=2022-08-16T18:57:11.917054+00:00
AIRFLOW_CTX_TRY_NUMBER=1
AIRFLOW_CTX_DAG_RUN_ID=manual__2022-08-16T18:57:11.917054+00:00
[2022-08-16 18:59:03,453] {python.py:173} INFO - Done. Returned value was: {'ResponseMetadata': {'RequestId': '71FR7G8NFKTNWSBR', 'HostId': 'XHpjt2HHjk18vwigdBn8EJfi/nDLBNSn+ZwoCyRUz8bIFAx2Ru8Z+JB0UGdq9QLPksqsvlQPVsI=', 'HTTPStatusCode': 200, 'HTTPHeaders': {'x-amz-id-2': 'XHpjt2HHjk18vwigdBn8EJfi/nDLBNSn+ZwoCyRUz8bIFAx2Ru8Z+JB0UGdq9QLPksqsvlQPVsI=', 'x-amz-request-id': '71FR7G8NFKTNWSBR', 'date': 'Tue, 16 Aug 2022 18:59:04 GMT', 'location': '/s3-bucket-staged', 'server': 'AmazonS3', 'content-length': '0'}, 'RetryAttempts': 0}, 'Location': '/s3-bucket-staged'}
[2022-08-16 18:59:03,490] {taskinstance.py:1420} INFO - Marking task as SUCCESS. dag_id=ETL_DAG, task_id=Create_s3_bucket_stage, execution_date=20220816T185711, start_date=20220816T185902, end_date=20220816T185903
[2022-08-16 18:59:03,549] {local_task_job.py:156} INFO - Task exited with return code 0
[2022-08-16 18:59:03,584] {local_task_job.py:273} INFO - 6 downstream tasks scheduled from follow-on schedule check
