[2022-08-14 16:45:02,687] {taskinstance.py:1179} INFO - Dependencies all met for <TaskInstance: ETL_DAG.Ingest_from_current_food_expenditure_series scheduled__2022-08-07T00:00:00+00:00 [queued]>
[2022-08-14 16:45:02,706] {taskinstance.py:1179} INFO - Dependencies all met for <TaskInstance: ETL_DAG.Ingest_from_current_food_expenditure_series scheduled__2022-08-07T00:00:00+00:00 [queued]>
[2022-08-14 16:45:02,710] {taskinstance.py:1376} INFO - 
--------------------------------------------------------------------------------
[2022-08-14 16:45:02,712] {taskinstance.py:1377} INFO - Starting attempt 1 of 6
[2022-08-14 16:45:02,713] {taskinstance.py:1378} INFO - 
--------------------------------------------------------------------------------
[2022-08-14 16:45:02,739] {taskinstance.py:1397} INFO - Executing <Task(PythonOperator): Ingest_from_current_food_expenditure_series> on 2022-08-07 00:00:00+00:00
[2022-08-14 16:45:02,746] {standard_task_runner.py:52} INFO - Started process 220 to run task
[2022-08-14 16:45:02,761] {standard_task_runner.py:79} INFO - Running: ['***', 'tasks', 'run', 'ETL_DAG', 'Ingest_from_current_food_expenditure_series', 'scheduled__2022-08-07T00:00:00+00:00', '--job-id', '932', '--raw', '--subdir', 'DAGS_FOLDER/etl_dag.py', '--cfg-path', '/tmp/tmparg9qk01', '--error-file', '/tmp/tmpk0ji2tyq']
[2022-08-14 16:45:02,765] {standard_task_runner.py:80} INFO - Job 932: Subtask Ingest_from_current_food_expenditure_series
[2022-08-14 16:45:02,857] {task_command.py:371} INFO - Running <TaskInstance: ETL_DAG.Ingest_from_current_food_expenditure_series scheduled__2022-08-07T00:00:00+00:00 [running]> on host 0dbf9d5e5cdb
[2022-08-14 16:45:02,952] {taskinstance.py:1591} INFO - Exporting the following env vars:
AIRFLOW_CTX_DAG_OWNER=narapady
AIRFLOW_CTX_DAG_ID=ETL_DAG
AIRFLOW_CTX_TASK_ID=Ingest_from_current_food_expenditure_series
AIRFLOW_CTX_EXECUTION_DATE=2022-08-07T00:00:00+00:00
AIRFLOW_CTX_TRY_NUMBER=1
AIRFLOW_CTX_DAG_RUN_ID=scheduled__2022-08-07T00:00:00+00:00
[2022-08-14 16:45:10,724] {logging_mixin.py:115} INFO - Successfully uploaded current-food-expenditure-series/nominal_expenditures.xlsx to s3-bucket-raw-usda
[2022-08-14 16:45:11,991] {logging_mixin.py:115} INFO - Successfully uploaded current-food-expenditure-series/nominal_expenditures_no_taxes_tips.xlsx to s3-bucket-raw-usda
[2022-08-14 16:45:13,294] {logging_mixin.py:115} INFO - Successfully uploaded current-food-expenditure-series/constant_dollar_expenditures.xlsx to s3-bucket-raw-usda
[2022-08-14 16:45:14,586] {logging_mixin.py:115} INFO - Successfully uploaded current-food-expenditure-series/constant_dollar_expenditures_no_taxes_tips.xlsx to s3-bucket-raw-usda
[2022-08-14 16:45:15,853] {logging_mixin.py:115} INFO - Successfully uploaded current-food-expenditure-series/food_expenditures_source_funds.xlsx to s3-bucket-raw-usda
[2022-08-14 16:45:17,131] {logging_mixin.py:115} INFO - Successfully uploaded current-food-expenditure-series/normalized_food_expenditures.xlsx to s3-bucket-raw-usda
[2022-08-14 16:45:18,770] {logging_mixin.py:115} INFO - Successfully uploaded current-food-expenditure-series/monthly_sales.xlsx to s3-bucket-raw-usda
[2022-08-14 16:45:20,172] {logging_mixin.py:115} INFO - Successfully uploaded current-food-expenditure-series/archived_nominal_expenditures_1.xlsx to s3-bucket-raw-usda
[2022-08-14 16:45:21,331] {logging_mixin.py:115} INFO - Successfully uploaded current-food-expenditure-series/archived_expenditures_purchaser_2.xlsx to s3-bucket-raw-usda
[2022-08-14 16:45:22,615] {logging_mixin.py:115} INFO - Successfully uploaded current-food-expenditure-series/archived_normalized_expenditures_3.xlsx to s3-bucket-raw-usda
[2022-08-14 16:45:23,743] {logging_mixin.py:115} INFO - Successfully uploaded current-food-expenditure-series/archived_monthly_4.xlsx to s3-bucket-raw-usda
[2022-08-14 16:45:23,755] {python.py:173} INFO - Done. Returned value was: None
[2022-08-14 16:45:23,775] {taskinstance.py:1420} INFO - Marking task as SUCCESS. dag_id=ETL_DAG, task_id=Ingest_from_current_food_expenditure_series, execution_date=20220807T000000, start_date=20220814T164502, end_date=20220814T164523
[2022-08-14 16:45:23,836] {local_task_job.py:156} INFO - Task exited with return code 0
[2022-08-14 16:45:23,866] {local_task_job.py:273} INFO - 0 downstream tasks scheduled from follow-on schedule check
