[2022-08-11 19:16:47,731] {taskinstance.py:1179} INFO - Dependencies all met for <TaskInstance: ETL_DAG_V2.Ingest_from_2016 manual__2022-08-11T05:57:31.582348+00:00 [queued]>
[2022-08-11 19:16:47,788] {taskinstance.py:1179} INFO - Dependencies all met for <TaskInstance: ETL_DAG_V2.Ingest_from_2016 manual__2022-08-11T05:57:31.582348+00:00 [queued]>
[2022-08-11 19:16:47,792] {taskinstance.py:1376} INFO - 
--------------------------------------------------------------------------------
[2022-08-11 19:16:47,802] {taskinstance.py:1377} INFO - Starting attempt 1 of 6
[2022-08-11 19:16:47,805] {taskinstance.py:1378} INFO - 
--------------------------------------------------------------------------------
[2022-08-11 19:16:47,850] {taskinstance.py:1397} INFO - Executing <Task(PythonOperator): Ingest_from_2016> on 2022-08-11 05:57:31.582348+00:00
[2022-08-11 19:16:47,877] {standard_task_runner.py:52} INFO - Started process 1338 to run task
[2022-08-11 19:16:47,895] {standard_task_runner.py:79} INFO - Running: ['***', 'tasks', 'run', 'ETL_DAG_V2', 'Ingest_from_2016', 'manual__2022-08-11T05:57:31.582348+00:00', '--job-id', '429', '--raw', '--subdir', 'DAGS_FOLDER/etl_dag.py', '--cfg-path', '/tmp/tmpmtbryhak', '--error-file', '/tmp/tmp53p30dym']
[2022-08-11 19:16:47,900] {standard_task_runner.py:80} INFO - Job 429: Subtask Ingest_from_2016
[2022-08-11 19:16:48,017] {task_command.py:371} INFO - Running <TaskInstance: ETL_DAG_V2.Ingest_from_2016 manual__2022-08-11T05:57:31.582348+00:00 [running]> on host ce1be8c59d56
[2022-08-11 19:16:48,186] {taskinstance.py:1591} INFO - Exporting the following env vars:
AIRFLOW_CTX_DAG_OWNER=narapady
AIRFLOW_CTX_DAG_ID=ETL_DAG_V2
AIRFLOW_CTX_TASK_ID=Ingest_from_2016
AIRFLOW_CTX_EXECUTION_DATE=2022-08-11T05:57:31.582348+00:00
AIRFLOW_CTX_TRY_NUMBER=1
AIRFLOW_CTX_DAG_RUN_ID=manual__2022-08-11T05:57:31.582348+00:00
[2022-08-11 19:17:01,443] {logging_mixin.py:115} INFO - Successfully uploaded 2016/Table1_2016.xlsx to s3-bucket-raw-usda
[2022-08-11 19:17:02,670] {logging_mixin.py:115} INFO - Successfully uploaded 2016/Table2_2016.xlsx to s3-bucket-raw-usda
[2022-08-11 19:17:04,144] {logging_mixin.py:115} INFO - Successfully uploaded 2016/Table3_2016.xlsx to s3-bucket-raw-usda
[2022-08-11 19:17:05,525] {logging_mixin.py:115} INFO - Successfully uploaded 2016/Table4_2016.xlsx to s3-bucket-raw-usda
[2022-08-11 19:17:07,082] {logging_mixin.py:115} INFO - Successfully uploaded 2016/Table5_2016.xlsx to s3-bucket-raw-usda
[2022-08-11 19:17:08,525] {logging_mixin.py:115} INFO - Successfully uploaded 2016/Table6_2016.xlsx to s3-bucket-raw-usda
[2022-08-11 19:17:09,888] {logging_mixin.py:115} INFO - Successfully uploaded 2016/Table7_2016.xlsx to s3-bucket-raw-usda
[2022-08-11 19:17:11,250] {logging_mixin.py:115} INFO - Successfully uploaded 2016/Table8_2016.xlsx to s3-bucket-raw-usda
[2022-08-11 19:17:11,257] {python.py:173} INFO - Done. Returned value was: None
[2022-08-11 19:17:11,299] {taskinstance.py:1420} INFO - Marking task as SUCCESS. dag_id=ETL_DAG_V2, task_id=Ingest_from_2016, execution_date=20220811T055731, start_date=20220811T191647, end_date=20220811T191711
[2022-08-11 19:17:11,346] {local_task_job.py:156} INFO - Task exited with return code 0
[2022-08-11 19:17:11,390] {local_task_job.py:273} INFO - 0 downstream tasks scheduled from follow-on schedule check
