[2022-08-12 01:26:45,167] {taskinstance.py:1179} INFO - Dependencies all met for <TaskInstance: ETL_DAG_US_FOOD_NUTRITION.Stage_loss-adjusted-food-availability-clean manual__2022-08-12T01:21:26.402383+00:00 [queued]>
[2022-08-12 01:26:45,193] {taskinstance.py:1179} INFO - Dependencies all met for <TaskInstance: ETL_DAG_US_FOOD_NUTRITION.Stage_loss-adjusted-food-availability-clean manual__2022-08-12T01:21:26.402383+00:00 [queued]>
[2022-08-12 01:26:45,195] {taskinstance.py:1376} INFO - 
--------------------------------------------------------------------------------
[2022-08-12 01:26:45,197] {taskinstance.py:1377} INFO - Starting attempt 1 of 6
[2022-08-12 01:26:45,198] {taskinstance.py:1378} INFO - 
--------------------------------------------------------------------------------
[2022-08-12 01:26:45,234] {taskinstance.py:1397} INFO - Executing <Task(PythonOperator): Stage_loss-adjusted-food-availability-clean> on 2022-08-12 01:21:26.402383+00:00
[2022-08-12 01:26:45,242] {standard_task_runner.py:52} INFO - Started process 652 to run task
[2022-08-12 01:26:45,250] {standard_task_runner.py:79} INFO - Running: ['***', 'tasks', 'run', 'ETL_DAG_US_FOOD_NUTRITION', 'Stage_loss-adjusted-food-availability-clean', 'manual__2022-08-12T01:21:26.402383+00:00', '--job-id', '767', '--raw', '--subdir', 'DAGS_FOLDER/etl_dag.py', '--cfg-path', '/tmp/tmpcnbj5gtd', '--error-file', '/tmp/tmprhiviv1_']
[2022-08-12 01:26:45,253] {standard_task_runner.py:80} INFO - Job 767: Subtask Stage_loss-adjusted-food-availability-clean
[2022-08-12 01:26:45,384] {task_command.py:371} INFO - Running <TaskInstance: ETL_DAG_US_FOOD_NUTRITION.Stage_loss-adjusted-food-availability-clean manual__2022-08-12T01:21:26.402383+00:00 [running]> on host ae5c2449a624
[2022-08-12 01:26:45,518] {taskinstance.py:1591} INFO - Exporting the following env vars:
AIRFLOW_CTX_DAG_OWNER=narapady
AIRFLOW_CTX_DAG_ID=ETL_DAG_US_FOOD_NUTRITION
AIRFLOW_CTX_TASK_ID=Stage_loss-adjusted-food-availability-clean
AIRFLOW_CTX_EXECUTION_DATE=2022-08-12T01:21:26.402383+00:00
AIRFLOW_CTX_TRY_NUMBER=1
AIRFLOW_CTX_DAG_RUN_ID=manual__2022-08-12T01:21:26.402383+00:00
[2022-08-12 01:29:16,591] {logging_mixin.py:115} INFO - Successfully loaded percents-staged.csv to s3-bucket-staged
[2022-08-12 01:29:26,483] {logging_mixin.py:115} INFO - Successfully loaded totals-staged.csv to s3-bucket-staged
[2022-08-12 01:30:29,280] {logging_mixin.py:115} INFO - Successfully loaded loss-adjusted-food-availability-staged.csv to s3-bucket-staged
[2022-08-12 01:30:29,291] {python.py:173} INFO - Done. Returned value was: None
[2022-08-12 01:30:29,315] {taskinstance.py:1420} INFO - Marking task as SUCCESS. dag_id=ETL_DAG_US_FOOD_NUTRITION, task_id=Stage_loss-adjusted-food-availability-clean, execution_date=20220812T012126, start_date=20220812T012645, end_date=20220812T013029
[2022-08-12 01:30:29,394] {local_task_job.py:156} INFO - Task exited with return code 0
[2022-08-12 01:30:29,428] {local_task_job.py:273} INFO - 1 downstream tasks scheduled from follow-on schedule check
