[2022-08-09 01:43:35,553] {taskinstance.py:1179} INFO - Dependencies all met for <TaskInstance: ETL_DAG_V7.Stager manual__2022-08-09T01:43:34.470077+00:00 [queued]>
[2022-08-09 01:43:35,559] {taskinstance.py:1179} INFO - Dependencies all met for <TaskInstance: ETL_DAG_V7.Stager manual__2022-08-09T01:43:34.470077+00:00 [queued]>
[2022-08-09 01:43:35,560] {taskinstance.py:1376} INFO - 
--------------------------------------------------------------------------------
[2022-08-09 01:43:35,561] {taskinstance.py:1377} INFO - Starting attempt 1 of 6
[2022-08-09 01:43:35,561] {taskinstance.py:1378} INFO - 
--------------------------------------------------------------------------------
[2022-08-09 01:43:35,569] {taskinstance.py:1397} INFO - Executing <Task(PythonOperator): Stager> on 2022-08-09 01:43:34.470077+00:00
[2022-08-09 01:43:35,575] {standard_task_runner.py:52} INFO - Started process 16666 to run task
[2022-08-09 01:43:35,578] {standard_task_runner.py:79} INFO - Running: ['***', 'tasks', 'run', 'ETL_DAG_V7', 'Stager', 'manual__2022-08-09T01:43:34.470077+00:00', '--job-id', '120', '--raw', '--subdir', 'DAGS_FOLDER/etl_dag.py', '--cfg-path', '/tmp/tmp8j5sat0i', '--error-file', '/tmp/tmpqeywrazy']
[2022-08-09 01:43:35,580] {standard_task_runner.py:80} INFO - Job 120: Subtask Stager
[2022-08-09 01:43:35,622] {task_command.py:371} INFO - Running <TaskInstance: ETL_DAG_V7.Stager manual__2022-08-09T01:43:34.470077+00:00 [running]> on host 8d3924a1d70c
[2022-08-09 01:43:35,666] {taskinstance.py:1591} INFO - Exporting the following env vars:
AIRFLOW_CTX_DAG_OWNER=narapady
AIRFLOW_CTX_DAG_ID=ETL_DAG_V7
AIRFLOW_CTX_TASK_ID=Stager
AIRFLOW_CTX_EXECUTION_DATE=2022-08-09T01:43:34.470077+00:00
AIRFLOW_CTX_TRY_NUMBER=1
AIRFLOW_CTX_DAG_RUN_ID=manual__2022-08-09T01:43:34.470077+00:00
[2022-08-09 01:43:38,872] {logging_mixin.py:115} INFO - Successfully loaded Obesity_GDP_PanelData-staged.csv to s3-bucket-staged
[2022-08-09 01:44:01,449] {logging_mixin.py:115} INFO - Successfully loaded obesity-staged.csv to s3-bucket-staged
[2022-08-09 01:44:06,788] {logging_mixin.py:115} INFO - Successfully loaded fast-food-staged.csv to s3-bucket-staged
[2022-08-09 01:44:17,527] {logging_mixin.py:115} INFO - Successfully loaded food-consumption-estimates-staged.csv to s3-bucket-staged
[2022-08-09 01:44:28,784] {logging_mixin.py:115} INFO - Successfully loaded nutrient-intake-estimates-staged.csv to s3-bucket-staged
[2022-08-09 01:44:37,769] {logging_mixin.py:115} INFO - Successfully loaded monthly-sales-staged.csv to s3-bucket-staged
[2022-08-09 01:44:38,268] {logging_mixin.py:115} INFO - Successfully loaded food-expenditure-staged.csv to s3-bucket-staged
[2022-08-09 01:44:41,100] {logging_mixin.py:115} INFO - Successfully loaded price-index-staged.csv to s3-bucket-staged
[2022-08-09 01:46:59,891] {logging_mixin.py:115} INFO - Successfully loaded percents-staged.csv to s3-bucket-staged
[2022-08-09 01:47:09,528] {logging_mixin.py:115} INFO - Successfully loaded totals-staged.csv to s3-bucket-staged
[2022-08-09 01:48:07,765] {logging_mixin.py:115} INFO - Successfully loaded loss-adjusted-food-availability-staged.csv to s3-bucket-staged
[2022-08-09 01:48:07,780] {python.py:173} INFO - Done. Returned value was: None
[2022-08-09 01:48:07,807] {taskinstance.py:1420} INFO - Marking task as SUCCESS. dag_id=ETL_DAG_V7, task_id=Stager, execution_date=20220809T014334, start_date=20220809T014335, end_date=20220809T014807
[2022-08-09 01:48:07,851] {local_task_job.py:156} INFO - Task exited with return code 0
[2022-08-09 01:48:07,869] {local_task_job.py:273} INFO - 0 downstream tasks scheduled from follow-on schedule check
