[2022-08-11 20:49:41,859] {taskinstance.py:1179} INFO - Dependencies all met for <TaskInstance: ETL_DAG_V7.Transform_current-food-expenditure-series manual__2022-08-11T20:45:41.327998+00:00 [queued]>
[2022-08-11 20:49:41,870] {taskinstance.py:1179} INFO - Dependencies all met for <TaskInstance: ETL_DAG_V7.Transform_current-food-expenditure-series manual__2022-08-11T20:45:41.327998+00:00 [queued]>
[2022-08-11 20:49:41,871] {taskinstance.py:1376} INFO - 
--------------------------------------------------------------------------------
[2022-08-11 20:49:41,872] {taskinstance.py:1377} INFO - Starting attempt 1 of 6
[2022-08-11 20:49:41,873] {taskinstance.py:1378} INFO - 
--------------------------------------------------------------------------------
[2022-08-11 20:49:41,890] {taskinstance.py:1397} INFO - Executing <Task(PythonOperator): Transform_current-food-expenditure-series> on 2022-08-11 20:45:41.327998+00:00
[2022-08-11 20:49:41,897] {standard_task_runner.py:52} INFO - Started process 8153 to run task
[2022-08-11 20:49:41,906] {standard_task_runner.py:79} INFO - Running: ['***', 'tasks', 'run', 'ETL_DAG_V7', 'Transform_current-food-expenditure-series', 'manual__2022-08-11T20:45:41.327998+00:00', '--job-id', '590', '--raw', '--subdir', 'DAGS_FOLDER/etl_dag.py', '--cfg-path', '/tmp/tmp44ce1utx', '--error-file', '/tmp/tmp18vt25ug']
[2022-08-11 20:49:41,911] {standard_task_runner.py:80} INFO - Job 590: Subtask Transform_current-food-expenditure-series
[2022-08-11 20:49:42,007] {task_command.py:371} INFO - Running <TaskInstance: ETL_DAG_V7.Transform_current-food-expenditure-series manual__2022-08-11T20:45:41.327998+00:00 [running]> on host ce1be8c59d56
[2022-08-11 20:49:42,093] {taskinstance.py:1591} INFO - Exporting the following env vars:
AIRFLOW_CTX_DAG_OWNER=narapady
AIRFLOW_CTX_DAG_ID=ETL_DAG_V7
AIRFLOW_CTX_TASK_ID=Transform_current-food-expenditure-series
AIRFLOW_CTX_EXECUTION_DATE=2022-08-11T20:45:41.327998+00:00
AIRFLOW_CTX_TRY_NUMBER=1
AIRFLOW_CTX_DAG_RUN_ID=manual__2022-08-11T20:45:41.327998+00:00
[2022-08-11 20:49:59,217] {logging_mixin.py:115} INFO - Successfully process food-expenditure-clean/constant-total-fah.csv to S3
[2022-08-11 20:49:59,682] {logging_mixin.py:115} INFO - Successfully process food-expenditure-clean/constant-total-fafh.csv to S3
[2022-08-11 20:49:59,996] {logging_mixin.py:115} INFO - Successfully process food-expenditure-clean/constant-total-aah.csv to S3
[2022-08-11 20:50:00,358] {logging_mixin.py:115} INFO - Successfully process food-expenditure-clean/constant-total-aafh.csv to S3
[2022-08-11 20:50:16,378] {logging_mixin.py:115} INFO - Successfully process food-expenditure-clean/nominal-total-fah.csv to S3
[2022-08-11 20:50:16,796] {logging_mixin.py:115} INFO - Successfully process food-expenditure-clean/nominal-total-fafh.csv to S3
[2022-08-11 20:50:17,117] {logging_mixin.py:115} INFO - Successfully process food-expenditure-clean/nominal-total-aah.csv to S3
[2022-08-11 20:50:17,418] {logging_mixin.py:115} INFO - Successfully process food-expenditure-clean/nominal-total-aafh.csv to S3
[2022-08-11 20:50:41,202] {logging_mixin.py:115} INFO - Successfully process food-expenditure-clean/nominal-monthly-sale.csv to S3
[2022-08-11 20:50:41,596] {logging_mixin.py:115} INFO - Successfully process food-expenditure-clean/constant-monthly-sale.csv to S3
[2022-08-11 20:50:41,599] {python.py:173} INFO - Done. Returned value was: None
[2022-08-11 20:50:41,613] {taskinstance.py:1420} INFO - Marking task as SUCCESS. dag_id=ETL_DAG_V7, task_id=Transform_current-food-expenditure-series, execution_date=20220811T204541, start_date=20220811T204941, end_date=20220811T205041
[2022-08-11 20:50:41,671] {local_task_job.py:156} INFO - Task exited with return code 0
[2022-08-11 20:50:41,700] {local_task_job.py:273} INFO - 1 downstream tasks scheduled from follow-on schedule check
