[2022-08-17 00:44:38,969] {taskinstance.py:1179} INFO - Dependencies all met for <TaskInstance: ETL_DAG.Ingest_from_consumer_price_index manual__2022-08-17T00:44:32.649423+00:00 [queued]>
[2022-08-17 00:44:38,983] {taskinstance.py:1179} INFO - Dependencies all met for <TaskInstance: ETL_DAG.Ingest_from_consumer_price_index manual__2022-08-17T00:44:32.649423+00:00 [queued]>
[2022-08-17 00:44:38,984] {taskinstance.py:1376} INFO - 
--------------------------------------------------------------------------------
[2022-08-17 00:44:38,985] {taskinstance.py:1377} INFO - Starting attempt 1 of 6
[2022-08-17 00:44:38,986] {taskinstance.py:1378} INFO - 
--------------------------------------------------------------------------------
[2022-08-17 00:44:39,003] {taskinstance.py:1397} INFO - Executing <Task(PythonOperator): Ingest_from_consumer_price_index> on 2022-08-17 00:44:32.649423+00:00
[2022-08-17 00:44:39,009] {standard_task_runner.py:52} INFO - Started process 280 to run task
[2022-08-17 00:44:39,022] {standard_task_runner.py:79} INFO - Running: ['***', 'tasks', 'run', 'ETL_DAG', 'Ingest_from_consumer_price_index', 'manual__2022-08-17T00:44:32.649423+00:00', '--job-id', '1124', '--raw', '--subdir', 'DAGS_FOLDER/etl_dag.py', '--cfg-path', '/tmp/tmp_mwjmmis', '--error-file', '/tmp/tmpwr7wiy_f']
[2022-08-17 00:44:39,026] {standard_task_runner.py:80} INFO - Job 1124: Subtask Ingest_from_consumer_price_index
[2022-08-17 00:44:39,157] {task_command.py:371} INFO - Running <TaskInstance: ETL_DAG.Ingest_from_consumer_price_index manual__2022-08-17T00:44:32.649423+00:00 [running]> on host b6e9d58543c5
[2022-08-17 00:44:39,266] {taskinstance.py:1591} INFO - Exporting the following env vars:
AIRFLOW_CTX_DAG_OWNER=narapady
AIRFLOW_CTX_DAG_ID=ETL_DAG
AIRFLOW_CTX_TASK_ID=Ingest_from_consumer_price_index
AIRFLOW_CTX_EXECUTION_DATE=2022-08-17T00:44:32.649423+00:00
AIRFLOW_CTX_TRY_NUMBER=1
AIRFLOW_CTX_DAG_RUN_ID=manual__2022-08-17T00:44:32.649423+00:00
[2022-08-17 00:44:48,836] {logging_mixin.py:115} INFO - Successfully uploaded consumer-price-index/CPIforecast.xlsx to s3-bucket-raw-usda
[2022-08-17 00:44:50,093] {logging_mixin.py:115} INFO - Successfully uploaded consumer-price-index/historicalcpi.xlsx to s3-bucket-raw-usda
[2022-08-17 00:44:50,095] {python.py:173} INFO - Done. Returned value was: None
[2022-08-17 00:44:50,106] {taskinstance.py:1420} INFO - Marking task as SUCCESS. dag_id=ETL_DAG, task_id=Ingest_from_consumer_price_index, execution_date=20220817T004432, start_date=20220817T004438, end_date=20220817T004450
[2022-08-17 00:44:50,153] {local_task_job.py:156} INFO - Task exited with return code 0
[2022-08-17 00:44:50,181] {local_task_job.py:273} INFO - 0 downstream tasks scheduled from follow-on schedule check
