[2022-08-12 01:25:36,681] {taskinstance.py:1179} INFO - Dependencies all met for <TaskInstance: ETL_DAG_US_FOOD_NUTRITION.Transform_food-consumption-estimates manual__2022-08-12T01:21:26.402383+00:00 [queued]>
[2022-08-12 01:25:36,709] {taskinstance.py:1179} INFO - Dependencies all met for <TaskInstance: ETL_DAG_US_FOOD_NUTRITION.Transform_food-consumption-estimates manual__2022-08-12T01:21:26.402383+00:00 [queued]>
[2022-08-12 01:25:36,710] {taskinstance.py:1376} INFO - 
--------------------------------------------------------------------------------
[2022-08-12 01:25:36,711] {taskinstance.py:1377} INFO - Starting attempt 1 of 6
[2022-08-12 01:25:36,712] {taskinstance.py:1378} INFO - 
--------------------------------------------------------------------------------
[2022-08-12 01:25:36,730] {taskinstance.py:1397} INFO - Executing <Task(PythonOperator): Transform_food-consumption-estimates> on 2022-08-12 01:21:26.402383+00:00
[2022-08-12 01:25:36,738] {standard_task_runner.py:52} INFO - Started process 553 to run task
[2022-08-12 01:25:36,747] {standard_task_runner.py:79} INFO - Running: ['***', 'tasks', 'run', 'ETL_DAG_US_FOOD_NUTRITION', 'Transform_food-consumption-estimates', 'manual__2022-08-12T01:21:26.402383+00:00', '--job-id', '761', '--raw', '--subdir', 'DAGS_FOLDER/etl_dag.py', '--cfg-path', '/tmp/tmp3csd544o', '--error-file', '/tmp/tmp9o1xjtzu']
[2022-08-12 01:25:36,761] {standard_task_runner.py:80} INFO - Job 761: Subtask Transform_food-consumption-estimates
[2022-08-12 01:25:36,890] {task_command.py:371} INFO - Running <TaskInstance: ETL_DAG_US_FOOD_NUTRITION.Transform_food-consumption-estimates manual__2022-08-12T01:21:26.402383+00:00 [running]> on host ae5c2449a624
[2022-08-12 01:25:36,983] {taskinstance.py:1591} INFO - Exporting the following env vars:
AIRFLOW_CTX_DAG_OWNER=narapady
AIRFLOW_CTX_DAG_ID=ETL_DAG_US_FOOD_NUTRITION
AIRFLOW_CTX_TASK_ID=Transform_food-consumption-estimates
AIRFLOW_CTX_EXECUTION_DATE=2022-08-12T01:21:26.402383+00:00
AIRFLOW_CTX_TRY_NUMBER=1
AIRFLOW_CTX_DAG_RUN_ID=manual__2022-08-12T01:21:26.402383+00:00
[2022-08-12 01:25:56,172] {logging_mixin.py:115} INFO - Successfully process food-consumption-estimates-clean/Total population-2015-2016.csv to S3
[2022-08-12 01:25:56,483] {logging_mixin.py:115} INFO - Successfully process food-consumption-estimates-clean/Total population-2017-2018.csv to S3
[2022-08-12 01:25:56,783] {logging_mixin.py:115} INFO - Successfully process food-consumption-estimates-clean/Children age 2–19-2015-2016.csv to S3
[2022-08-12 01:25:57,087] {logging_mixin.py:115} INFO - Successfully process food-consumption-estimates-clean/Children age 2–19-2017-2018.csv to S3
[2022-08-12 01:25:57,404] {logging_mixin.py:115} INFO - Successfully process food-consumption-estimates-clean/Adults age 20-64-2015-2016.csv to S3
[2022-08-12 01:25:57,687] {logging_mixin.py:115} INFO - Successfully process food-consumption-estimates-clean/Adults age 20-64-2017-2018.csv to S3
[2022-08-12 01:25:57,975] {logging_mixin.py:115} INFO - Successfully process food-consumption-estimates-clean/Seniors age 65 and above-2015-2016.csv to S3
[2022-08-12 01:25:58,269] {logging_mixin.py:115} INFO - Successfully process food-consumption-estimates-clean/Seniors age 65 and above-2017-2018.csv to S3
[2022-08-12 01:25:58,582] {logging_mixin.py:115} INFO - Successfully process food-consumption-estimates-clean/Household income < 185% poverty line-2015-2016.csv to S3
[2022-08-12 01:25:58,893] {logging_mixin.py:115} INFO - Successfully process food-consumption-estimates-clean/Household income < 185% poverty line-2017-2018.csv to S3
[2022-08-12 01:25:59,209] {logging_mixin.py:115} INFO - Successfully process food-consumption-estimates-clean/Household income 185–300% poverty line-2015-2016.csv to S3
[2022-08-12 01:25:59,531] {logging_mixin.py:115} INFO - Successfully process food-consumption-estimates-clean/Household income 185–300% poverty line-2017-2018.csv to S3
[2022-08-12 01:26:00,070] {logging_mixin.py:115} INFO - Successfully process food-consumption-estimates-clean/Household income > 300% poverty line-2015-2016.csv to S3
[2022-08-12 01:26:00,406] {logging_mixin.py:115} INFO - Successfully process food-consumption-estimates-clean/Household income > 300% poverty line-2017-2018.csv to S3
[2022-08-12 01:26:00,428] {python.py:173} INFO - Done. Returned value was: None
[2022-08-12 01:26:00,450] {taskinstance.py:1420} INFO - Marking task as SUCCESS. dag_id=ETL_DAG_US_FOOD_NUTRITION, task_id=Transform_food-consumption-estimates, execution_date=20220812T012126, start_date=20220812T012536, end_date=20220812T012600
[2022-08-12 01:26:00,510] {local_task_job.py:156} INFO - Task exited with return code 0
[2022-08-12 01:26:00,538] {local_task_job.py:273} INFO - 0 downstream tasks scheduled from follow-on schedule check
