[2022-08-11 19:19:51,075] {taskinstance.py:1179} INFO - Dependencies all met for <TaskInstance: ETL_DAG_V2.Ingest_from_loss-adjusted_food_availability manual__2022-08-11T19:19:47.922898+00:00 [queued]>
[2022-08-11 19:19:51,087] {taskinstance.py:1179} INFO - Dependencies all met for <TaskInstance: ETL_DAG_V2.Ingest_from_loss-adjusted_food_availability manual__2022-08-11T19:19:47.922898+00:00 [queued]>
[2022-08-11 19:19:51,089] {taskinstance.py:1376} INFO - 
--------------------------------------------------------------------------------
[2022-08-11 19:19:51,090] {taskinstance.py:1377} INFO - Starting attempt 1 of 6
[2022-08-11 19:19:51,091] {taskinstance.py:1378} INFO - 
--------------------------------------------------------------------------------
[2022-08-11 19:19:51,109] {taskinstance.py:1397} INFO - Executing <Task(PythonOperator): Ingest_from_loss-adjusted_food_availability> on 2022-08-11 19:19:47.922898+00:00
[2022-08-11 19:19:51,126] {standard_task_runner.py:52} INFO - Started process 1716 to run task
[2022-08-11 19:19:51,129] {standard_task_runner.py:79} INFO - Running: ['***', 'tasks', 'run', 'ETL_DAG_V2', 'Ingest_from_loss-adjusted_food_availability', 'manual__2022-08-11T19:19:47.922898+00:00', '--job-id', '457', '--raw', '--subdir', 'DAGS_FOLDER/etl_dag.py', '--cfg-path', '/tmp/tmphrokvhzp', '--error-file', '/tmp/tmpi16mf3q4']
[2022-08-11 19:19:51,134] {standard_task_runner.py:80} INFO - Job 457: Subtask Ingest_from_loss-adjusted_food_availability
[2022-08-11 19:19:51,224] {task_command.py:371} INFO - Running <TaskInstance: ETL_DAG_V2.Ingest_from_loss-adjusted_food_availability manual__2022-08-11T19:19:47.922898+00:00 [running]> on host ce1be8c59d56
[2022-08-11 19:19:51,315] {taskinstance.py:1591} INFO - Exporting the following env vars:
AIRFLOW_CTX_DAG_OWNER=narapady
AIRFLOW_CTX_DAG_ID=ETL_DAG_V2
AIRFLOW_CTX_TASK_ID=Ingest_from_loss-adjusted_food_availability
AIRFLOW_CTX_EXECUTION_DATE=2022-08-11T19:19:47.922898+00:00
AIRFLOW_CTX_TRY_NUMBER=1
AIRFLOW_CTX_DAG_RUN_ID=manual__2022-08-11T19:19:47.922898+00:00
[2022-08-11 19:19:58,559] {taskinstance.py:1909} ERROR - Task failed with exception
Traceback (most recent call last):
  File "/home/airflow/.local/lib/python3.7/site-packages/airflow/operators/python.py", line 171, in execute
    return_value = self.execute_callable()
  File "/home/airflow/.local/lib/python3.7/site-packages/airflow/operators/python.py", line 189, in execute_callable
    return self.python_callable(*self.op_args, **self.op_kwargs)
  File "/opt/airflow/dags/ingest/ingestor.py", line 129, in run
    ingestor_usda.ingest()
  File "/opt/airflow/dags/ingest/ingestor.py", line 111, in ingest
    ingest_usda(self.s3, self.source, self.bucket_name, self.category)
  File "/opt/airflow/dags/ingest/ingestor.py", line 61, in ingest_usda
    links = filter_links(source_list)[category]
KeyError: 'loss-adjusted_food_availability'
[2022-08-11 19:19:58,573] {taskinstance.py:1420} INFO - Marking task as UP_FOR_RETRY. dag_id=ETL_DAG_V2, task_id=Ingest_from_loss-adjusted_food_availability, execution_date=20220811T191947, start_date=20220811T191951, end_date=20220811T191958
[2022-08-11 19:19:58,583] {standard_task_runner.py:97} ERROR - Failed to execute job 457 for task Ingest_from_loss-adjusted_food_availability ('loss-adjusted_food_availability'; 1716)
[2022-08-11 19:19:58,637] {local_task_job.py:156} INFO - Task exited with return code 1
[2022-08-11 19:19:58,663] {local_task_job.py:273} INFO - 0 downstream tasks scheduled from follow-on schedule check
