[2022-08-15 20:46:27,243] {taskinstance.py:1179} INFO - Dependencies all met for <TaskInstance: ETL_DAG.Stage_food-consumption-estimates-clean manual__2022-08-15T20:40:50.207703+00:00 [queued]>
[2022-08-15 20:46:27,254] {taskinstance.py:1179} INFO - Dependencies all met for <TaskInstance: ETL_DAG.Stage_food-consumption-estimates-clean manual__2022-08-15T20:40:50.207703+00:00 [queued]>
[2022-08-15 20:46:27,255] {taskinstance.py:1376} INFO - 
--------------------------------------------------------------------------------
[2022-08-15 20:46:27,256] {taskinstance.py:1377} INFO - Starting attempt 1 of 6
[2022-08-15 20:46:27,257] {taskinstance.py:1378} INFO - 
--------------------------------------------------------------------------------
[2022-08-15 20:46:27,269] {taskinstance.py:1397} INFO - Executing <Task(PythonOperator): Stage_food-consumption-estimates-clean> on 2022-08-15 20:40:50.207703+00:00
[2022-08-15 20:46:27,277] {standard_task_runner.py:52} INFO - Started process 789 to run task
[2022-08-15 20:46:27,283] {standard_task_runner.py:79} INFO - Running: ['***', 'tasks', 'run', 'ETL_DAG', 'Stage_food-consumption-estimates-clean', 'manual__2022-08-15T20:40:50.207703+00:00', '--job-id', '1029', '--raw', '--subdir', 'DAGS_FOLDER/etl_dag.py', '--cfg-path', '/tmp/tmp32oaa4ig', '--error-file', '/tmp/tmpcofdorpo']
[2022-08-15 20:46:27,285] {standard_task_runner.py:80} INFO - Job 1029: Subtask Stage_food-consumption-estimates-clean
[2022-08-15 20:46:27,357] {task_command.py:371} INFO - Running <TaskInstance: ETL_DAG.Stage_food-consumption-estimates-clean manual__2022-08-15T20:40:50.207703+00:00 [running]> on host 42abdd2e54ec
[2022-08-15 20:46:27,414] {taskinstance.py:1591} INFO - Exporting the following env vars:
AIRFLOW_CTX_DAG_OWNER=narapady
AIRFLOW_CTX_DAG_ID=ETL_DAG
AIRFLOW_CTX_TASK_ID=Stage_food-consumption-estimates-clean
AIRFLOW_CTX_EXECUTION_DATE=2022-08-15T20:40:50.207703+00:00
AIRFLOW_CTX_TRY_NUMBER=1
AIRFLOW_CTX_DAG_RUN_ID=manual__2022-08-15T20:40:50.207703+00:00
[2022-08-15 20:46:39,894] {logging_mixin.py:115} INFO - Successfully loaded food-consumption-estimates-staged.csv to s3-bucket-staged
[2022-08-15 20:46:39,902] {python.py:173} INFO - Done. Returned value was: None
[2022-08-15 20:46:39,928] {taskinstance.py:1420} INFO - Marking task as SUCCESS. dag_id=ETL_DAG, task_id=Stage_food-consumption-estimates-clean, execution_date=20220815T204050, start_date=20220815T204627, end_date=20220815T204639
[2022-08-15 20:46:39,972] {local_task_job.py:156} INFO - Task exited with return code 0
[2022-08-15 20:46:39,998] {local_task_job.py:273} INFO - 0 downstream tasks scheduled from follow-on schedule check
