[2022-08-11 21:19:59,910] {taskinstance.py:1179} INFO - Dependencies all met for <TaskInstance: ETL_DAG_V8.Transform_producer-price-index manual__2022-08-11T21:16:03.096610+00:00 [queued]>
[2022-08-11 21:19:59,932] {taskinstance.py:1179} INFO - Dependencies all met for <TaskInstance: ETL_DAG_V8.Transform_producer-price-index manual__2022-08-11T21:16:03.096610+00:00 [queued]>
[2022-08-11 21:19:59,934] {taskinstance.py:1376} INFO - 
--------------------------------------------------------------------------------
[2022-08-11 21:19:59,942] {taskinstance.py:1377} INFO - Starting attempt 1 of 6
[2022-08-11 21:19:59,943] {taskinstance.py:1378} INFO - 
--------------------------------------------------------------------------------
[2022-08-11 21:19:59,957] {taskinstance.py:1397} INFO - Executing <Task(PythonOperator): Transform_producer-price-index> on 2022-08-11 21:16:03.096610+00:00
[2022-08-11 21:19:59,970] {standard_task_runner.py:52} INFO - Started process 10393 to run task
[2022-08-11 21:19:59,979] {standard_task_runner.py:79} INFO - Running: ['***', 'tasks', 'run', 'ETL_DAG_V8', 'Transform_producer-price-index', 'manual__2022-08-11T21:16:03.096610+00:00', '--job-id', '646', '--raw', '--subdir', 'DAGS_FOLDER/etl_dag.py', '--cfg-path', '/tmp/tmp7zygrays', '--error-file', '/tmp/tmpp47ah3zb']
[2022-08-11 21:19:59,982] {standard_task_runner.py:80} INFO - Job 646: Subtask Transform_producer-price-index
[2022-08-11 21:20:00,113] {task_command.py:371} INFO - Running <TaskInstance: ETL_DAG_V8.Transform_producer-price-index manual__2022-08-11T21:16:03.096610+00:00 [running]> on host ce1be8c59d56
[2022-08-11 21:20:00,173] {taskinstance.py:1591} INFO - Exporting the following env vars:
AIRFLOW_CTX_DAG_OWNER=narapady
AIRFLOW_CTX_DAG_ID=ETL_DAG_V8
AIRFLOW_CTX_TASK_ID=Transform_producer-price-index
AIRFLOW_CTX_EXECUTION_DATE=2022-08-11T21:16:03.096610+00:00
AIRFLOW_CTX_TRY_NUMBER=1
AIRFLOW_CTX_DAG_RUN_ID=manual__2022-08-11T21:16:03.096610+00:00
[2022-08-11 21:20:31,284] {logging_mixin.py:115} INFO - Successfully process price-index-clean/producer-price-index.csv to S3
[2022-08-11 21:20:31,297] {python.py:173} INFO - Done. Returned value was: None
[2022-08-11 21:20:31,321] {taskinstance.py:1420} INFO - Marking task as SUCCESS. dag_id=ETL_DAG_V8, task_id=Transform_producer-price-index, execution_date=20220811T211603, start_date=20220811T211959, end_date=20220811T212031
[2022-08-11 21:20:31,388] {local_task_job.py:156} INFO - Task exited with return code 0
[2022-08-11 21:20:31,417] {local_task_job.py:273} INFO - 0 downstream tasks scheduled from follow-on schedule check
