[2022-08-11 19:47:21,442] {taskinstance.py:1179} INFO - Dependencies all met for <TaskInstance: ETL_DAG_V6.Ingest_from_2014 manual__2022-08-11T19:47:15.827552+00:00 [queued]>
[2022-08-11 19:47:21,471] {taskinstance.py:1179} INFO - Dependencies all met for <TaskInstance: ETL_DAG_V6.Ingest_from_2014 manual__2022-08-11T19:47:15.827552+00:00 [queued]>
[2022-08-11 19:47:21,473] {taskinstance.py:1376} INFO - 
--------------------------------------------------------------------------------
[2022-08-11 19:47:21,477] {taskinstance.py:1377} INFO - Starting attempt 1 of 6
[2022-08-11 19:47:21,479] {taskinstance.py:1378} INFO - 
--------------------------------------------------------------------------------
[2022-08-11 19:47:21,527] {taskinstance.py:1397} INFO - Executing <Task(PythonOperator): Ingest_from_2014> on 2022-08-11 19:47:15.827552+00:00
[2022-08-11 19:47:21,539] {standard_task_runner.py:52} INFO - Started process 3845 to run task
[2022-08-11 19:47:21,557] {standard_task_runner.py:79} INFO - Running: ['***', 'tasks', 'run', 'ETL_DAG_V6', 'Ingest_from_2014', 'manual__2022-08-11T19:47:15.827552+00:00', '--job-id', '543', '--raw', '--subdir', 'DAGS_FOLDER/etl_dag.py', '--cfg-path', '/tmp/tmpk1r7gppx', '--error-file', '/tmp/tmp6zmzzu80']
[2022-08-11 19:47:21,566] {standard_task_runner.py:80} INFO - Job 543: Subtask Ingest_from_2014
[2022-08-11 19:47:21,695] {task_command.py:371} INFO - Running <TaskInstance: ETL_DAG_V6.Ingest_from_2014 manual__2022-08-11T19:47:15.827552+00:00 [running]> on host ce1be8c59d56
[2022-08-11 19:47:21,816] {taskinstance.py:1591} INFO - Exporting the following env vars:
AIRFLOW_CTX_DAG_OWNER=narapady
AIRFLOW_CTX_DAG_ID=ETL_DAG_V6
AIRFLOW_CTX_TASK_ID=Ingest_from_2014
AIRFLOW_CTX_EXECUTION_DATE=2022-08-11T19:47:15.827552+00:00
AIRFLOW_CTX_TRY_NUMBER=1
AIRFLOW_CTX_DAG_RUN_ID=manual__2022-08-11T19:47:15.827552+00:00
[2022-08-11 19:47:29,573] {logging_mixin.py:115} INFO - Successfully uploaded 2014/table1_2014.xls to s3-bucket-raw-usda
[2022-08-11 19:47:31,080] {logging_mixin.py:115} INFO - Successfully uploaded 2014/table2_2014.xls to s3-bucket-raw-usda
[2022-08-11 19:47:33,186] {logging_mixin.py:115} INFO - Successfully uploaded 2014/table3_2014.xls to s3-bucket-raw-usda
[2022-08-11 19:47:34,735] {logging_mixin.py:115} INFO - Successfully uploaded 2014/table4_2014.xls to s3-bucket-raw-usda
[2022-08-11 19:47:36,699] {logging_mixin.py:115} INFO - Successfully uploaded 2014/table5_2014.xls to s3-bucket-raw-usda
[2022-08-11 19:47:38,533] {logging_mixin.py:115} INFO - Successfully uploaded 2014/table6_2014.xls to s3-bucket-raw-usda
[2022-08-11 19:47:40,200] {logging_mixin.py:115} INFO - Successfully uploaded 2014/table7_2014.xls to s3-bucket-raw-usda
[2022-08-11 19:47:41,692] {logging_mixin.py:115} INFO - Successfully uploaded 2014/table8_2014.xls to s3-bucket-raw-usda
[2022-08-11 19:47:43,144] {logging_mixin.py:115} INFO - Successfully uploaded 2014/2008_table1.xls to s3-bucket-raw-usda
[2022-08-11 19:47:45,045] {logging_mixin.py:115} INFO - Successfully uploaded 2014/2008_table2.xls to s3-bucket-raw-usda
[2022-08-11 19:47:46,901] {logging_mixin.py:115} INFO - Successfully uploaded 2014/2008_table3.xls to s3-bucket-raw-usda
[2022-08-11 19:47:48,194] {logging_mixin.py:115} INFO - Successfully uploaded 2014/2008_table4.xls to s3-bucket-raw-usda
[2022-08-11 19:47:49,492] {logging_mixin.py:115} INFO - Successfully uploaded 2014/2008_table5.xls to s3-bucket-raw-usda
[2022-08-11 19:47:51,342] {logging_mixin.py:115} INFO - Successfully uploaded 2014/2008_table6.xls to s3-bucket-raw-usda
[2022-08-11 19:47:52,949] {logging_mixin.py:115} INFO - Successfully uploaded 2014/2008_table7.xls to s3-bucket-raw-usda
[2022-08-11 19:47:52,957] {python.py:173} INFO - Done. Returned value was: None
[2022-08-11 19:47:52,991] {taskinstance.py:1420} INFO - Marking task as SUCCESS. dag_id=ETL_DAG_V6, task_id=Ingest_from_2014, execution_date=20220811T194715, start_date=20220811T194721, end_date=20220811T194752
[2022-08-11 19:47:53,043] {local_task_job.py:156} INFO - Task exited with return code 0
[2022-08-11 19:47:53,072] {local_task_job.py:273} INFO - 0 downstream tasks scheduled from follow-on schedule check
