[2022-08-15 20:45:13,389] {taskinstance.py:1179} INFO - Dependencies all met for <TaskInstance: ETL_DAG.Create_s3_bucket_transform manual__2022-08-15T20:40:50.207703+00:00 [queued]>
[2022-08-15 20:45:13,396] {taskinstance.py:1179} INFO - Dependencies all met for <TaskInstance: ETL_DAG.Create_s3_bucket_transform manual__2022-08-15T20:40:50.207703+00:00 [queued]>
[2022-08-15 20:45:13,396] {taskinstance.py:1376} INFO - 
--------------------------------------------------------------------------------
[2022-08-15 20:45:13,397] {taskinstance.py:1377} INFO - Starting attempt 1 of 6
[2022-08-15 20:45:13,398] {taskinstance.py:1378} INFO - 
--------------------------------------------------------------------------------
[2022-08-15 20:45:13,406] {taskinstance.py:1397} INFO - Executing <Task(PythonOperator): Create_s3_bucket_transform> on 2022-08-15 20:40:50.207703+00:00
[2022-08-15 20:45:13,411] {standard_task_runner.py:52} INFO - Started process 649 to run task
[2022-08-15 20:45:13,414] {standard_task_runner.py:79} INFO - Running: ['***', 'tasks', 'run', 'ETL_DAG', 'Create_s3_bucket_transform', 'manual__2022-08-15T20:40:50.207703+00:00', '--job-id', '1015', '--raw', '--subdir', 'DAGS_FOLDER/etl_dag.py', '--cfg-path', '/tmp/tmp4l8ugybc', '--error-file', '/tmp/tmpzogxz65n']
[2022-08-15 20:45:13,416] {standard_task_runner.py:80} INFO - Job 1015: Subtask Create_s3_bucket_transform
[2022-08-15 20:45:13,462] {task_command.py:371} INFO - Running <TaskInstance: ETL_DAG.Create_s3_bucket_transform manual__2022-08-15T20:40:50.207703+00:00 [running]> on host 42abdd2e54ec
[2022-08-15 20:45:13,508] {taskinstance.py:1591} INFO - Exporting the following env vars:
AIRFLOW_CTX_DAG_OWNER=narapady
AIRFLOW_CTX_DAG_ID=ETL_DAG
AIRFLOW_CTX_TASK_ID=Create_s3_bucket_transform
AIRFLOW_CTX_EXECUTION_DATE=2022-08-15T20:40:50.207703+00:00
AIRFLOW_CTX_TRY_NUMBER=1
AIRFLOW_CTX_DAG_RUN_ID=manual__2022-08-15T20:40:50.207703+00:00
[2022-08-15 20:45:14,500] {python.py:173} INFO - Done. Returned value was: {'ResponseMetadata': {'RequestId': 'RPN5VGMXRF25BS03', 'HostId': '8iQL96yDfwbhvv8UXlh+soboiUkVbbehflr3ZflPUSZXFwPbI+9bAaNH/9RROVtOjxGCKJ34q0E=', 'HTTPStatusCode': 200, 'HTTPHeaders': {'x-amz-id-2': '8iQL96yDfwbhvv8UXlh+soboiUkVbbehflr3ZflPUSZXFwPbI+9bAaNH/9RROVtOjxGCKJ34q0E=', 'x-amz-request-id': 'RPN5VGMXRF25BS03', 'date': 'Mon, 15 Aug 2022 20:45:15 GMT', 'location': '/s3-bucket-clean-usda', 'server': 'AmazonS3', 'content-length': '0'}, 'RetryAttempts': 0}, 'Location': '/s3-bucket-clean-usda'}
[2022-08-15 20:45:14,518] {taskinstance.py:1420} INFO - Marking task as SUCCESS. dag_id=ETL_DAG, task_id=Create_s3_bucket_transform, execution_date=20220815T204050, start_date=20220815T204513, end_date=20220815T204514
[2022-08-15 20:45:14,574] {local_task_job.py:156} INFO - Task exited with return code 0
[2022-08-15 20:45:14,612] {local_task_job.py:273} INFO - 8 downstream tasks scheduled from follow-on schedule check
