[2022-08-11 21:39:12,869] {taskinstance.py:1179} INFO - Dependencies all met for <TaskInstance: ETL_DAG_V8.Stage_obesity manual__2022-08-11T21:34:01.587578+00:00 [queued]>
[2022-08-11 21:39:12,881] {taskinstance.py:1179} INFO - Dependencies all met for <TaskInstance: ETL_DAG_V8.Stage_obesity manual__2022-08-11T21:34:01.587578+00:00 [queued]>
[2022-08-11 21:39:12,882] {taskinstance.py:1376} INFO - 
--------------------------------------------------------------------------------
[2022-08-11 21:39:12,883] {taskinstance.py:1377} INFO - Starting attempt 1 of 6
[2022-08-11 21:39:12,884] {taskinstance.py:1378} INFO - 
--------------------------------------------------------------------------------
[2022-08-11 21:39:12,896] {taskinstance.py:1397} INFO - Executing <Task(PythonOperator): Stage_obesity> on 2022-08-11 21:34:01.587578+00:00
[2022-08-11 21:39:12,902] {standard_task_runner.py:52} INFO - Started process 630 to run task
[2022-08-11 21:39:12,907] {standard_task_runner.py:79} INFO - Running: ['***', 'tasks', 'run', 'ETL_DAG_V8', 'Stage_obesity', 'manual__2022-08-11T21:34:01.587578+00:00', '--job-id', '693', '--raw', '--subdir', 'DAGS_FOLDER/etl_dag.py', '--cfg-path', '/tmp/tmp0qulfuct', '--error-file', '/tmp/tmpsz1i3ded']
[2022-08-11 21:39:12,909] {standard_task_runner.py:80} INFO - Job 693: Subtask Stage_obesity
[2022-08-11 21:39:12,973] {task_command.py:371} INFO - Running <TaskInstance: ETL_DAG_V8.Stage_obesity manual__2022-08-11T21:34:01.587578+00:00 [running]> on host a02c2b8cab8b
[2022-08-11 21:39:13,031] {taskinstance.py:1591} INFO - Exporting the following env vars:
AIRFLOW_CTX_DAG_OWNER=narapady
AIRFLOW_CTX_DAG_ID=ETL_DAG_V8
AIRFLOW_CTX_TASK_ID=Stage_obesity
AIRFLOW_CTX_EXECUTION_DATE=2022-08-11T21:34:01.587578+00:00
AIRFLOW_CTX_TRY_NUMBER=1
AIRFLOW_CTX_DAG_RUN_ID=manual__2022-08-11T21:34:01.587578+00:00
[2022-08-11 21:39:15,712] {logging_mixin.py:115} INFO - Successfully loaded Obesity_GDP_PanelData-staged.csv to s3-bucket-staged
[2022-08-11 21:39:40,036] {logging_mixin.py:115} INFO - Successfully loaded obesity-staged.csv to s3-bucket-staged
[2022-08-11 21:39:40,038] {python.py:173} INFO - Done. Returned value was: None
[2022-08-11 21:39:40,048] {taskinstance.py:1420} INFO - Marking task as SUCCESS. dag_id=ETL_DAG_V8, task_id=Stage_obesity, execution_date=20220811T213401, start_date=20220811T213912, end_date=20220811T213940
[2022-08-11 21:39:40,085] {local_task_job.py:156} INFO - Task exited with return code 0
[2022-08-11 21:39:40,110] {local_task_job.py:273} INFO - 0 downstream tasks scheduled from follow-on schedule check
