[2022-08-12 05:38:44,025] {taskinstance.py:1179} INFO - Dependencies all met for <TaskInstance: ETL_DAG.Stage_obesity manual__2022-08-12T05:33:31.619708+00:00 [queued]>
[2022-08-12 05:38:44,044] {taskinstance.py:1179} INFO - Dependencies all met for <TaskInstance: ETL_DAG.Stage_obesity manual__2022-08-12T05:33:31.619708+00:00 [queued]>
[2022-08-12 05:38:44,045] {taskinstance.py:1376} INFO - 
--------------------------------------------------------------------------------
[2022-08-12 05:38:44,046] {taskinstance.py:1377} INFO - Starting attempt 1 of 6
[2022-08-12 05:38:44,047] {taskinstance.py:1378} INFO - 
--------------------------------------------------------------------------------
[2022-08-12 05:38:44,059] {taskinstance.py:1397} INFO - Executing <Task(PythonOperator): Stage_obesity> on 2022-08-12 05:33:31.619708+00:00
[2022-08-12 05:38:44,066] {standard_task_runner.py:52} INFO - Started process 722 to run task
[2022-08-12 05:38:44,075] {standard_task_runner.py:79} INFO - Running: ['***', 'tasks', 'run', 'ETL_DAG', 'Stage_obesity', 'manual__2022-08-12T05:33:31.619708+00:00', '--job-id', '870', '--raw', '--subdir', 'DAGS_FOLDER/etl_dag.py', '--cfg-path', '/tmp/tmprje5y3f0', '--error-file', '/tmp/tmp30lb04ll']
[2022-08-12 05:38:44,078] {standard_task_runner.py:80} INFO - Job 870: Subtask Stage_obesity
[2022-08-12 05:38:44,175] {task_command.py:371} INFO - Running <TaskInstance: ETL_DAG.Stage_obesity manual__2022-08-12T05:33:31.619708+00:00 [running]> on host 959a8f00817b
[2022-08-12 05:38:44,251] {taskinstance.py:1591} INFO - Exporting the following env vars:
AIRFLOW_CTX_DAG_OWNER=narapady
AIRFLOW_CTX_DAG_ID=ETL_DAG
AIRFLOW_CTX_TASK_ID=Stage_obesity
AIRFLOW_CTX_EXECUTION_DATE=2022-08-12T05:33:31.619708+00:00
AIRFLOW_CTX_TRY_NUMBER=1
AIRFLOW_CTX_DAG_RUN_ID=manual__2022-08-12T05:33:31.619708+00:00
[2022-08-12 05:38:47,090] {logging_mixin.py:115} INFO - Successfully loaded Obesity_GDP_PanelData-staged.csv to s3-bucket-staged
[2022-08-12 05:39:10,610] {logging_mixin.py:115} INFO - Successfully loaded obesity-staged.csv to s3-bucket-staged
[2022-08-12 05:39:10,641] {python.py:173} INFO - Done. Returned value was: None
[2022-08-12 05:39:10,666] {taskinstance.py:1420} INFO - Marking task as SUCCESS. dag_id=ETL_DAG, task_id=Stage_obesity, execution_date=20220812T053331, start_date=20220812T053844, end_date=20220812T053910
[2022-08-12 05:39:10,719] {local_task_job.py:156} INFO - Task exited with return code 0
[2022-08-12 05:39:10,744] {local_task_job.py:273} INFO - 0 downstream tasks scheduled from follow-on schedule check
