[2022-08-12 18:20:57,607] {taskinstance.py:1179} INFO - Dependencies all met for <TaskInstance: ETL_DAG.Ingest_from_food_consumption_estimates manual__2022-08-12T18:20:52.559703+00:00 [queued]>
[2022-08-12 18:20:57,620] {taskinstance.py:1179} INFO - Dependencies all met for <TaskInstance: ETL_DAG.Ingest_from_food_consumption_estimates manual__2022-08-12T18:20:52.559703+00:00 [queued]>
[2022-08-12 18:20:57,624] {taskinstance.py:1376} INFO - 
--------------------------------------------------------------------------------
[2022-08-12 18:20:57,628] {taskinstance.py:1377} INFO - Starting attempt 1 of 6
[2022-08-12 18:20:57,628] {taskinstance.py:1378} INFO - 
--------------------------------------------------------------------------------
[2022-08-12 18:20:57,669] {taskinstance.py:1397} INFO - Executing <Task(PythonOperator): Ingest_from_food_consumption_estimates> on 2022-08-12 18:20:52.559703+00:00
[2022-08-12 18:20:57,702] {standard_task_runner.py:52} INFO - Started process 248 to run task
[2022-08-12 18:20:57,717] {standard_task_runner.py:79} INFO - Running: ['***', 'tasks', 'run', 'ETL_DAG', 'Ingest_from_food_consumption_estimates', 'manual__2022-08-12T18:20:52.559703+00:00', '--job-id', '886', '--raw', '--subdir', 'DAGS_FOLDER/etl_dag.py', '--cfg-path', '/tmp/tmpo_rpbk74', '--error-file', '/tmp/tmprgda7bqk']
[2022-08-12 18:20:57,723] {standard_task_runner.py:80} INFO - Job 886: Subtask Ingest_from_food_consumption_estimates
[2022-08-12 18:20:57,806] {task_command.py:371} INFO - Running <TaskInstance: ETL_DAG.Ingest_from_food_consumption_estimates manual__2022-08-12T18:20:52.559703+00:00 [running]> on host 00aa0783f116
[2022-08-12 18:20:57,891] {taskinstance.py:1591} INFO - Exporting the following env vars:
AIRFLOW_CTX_DAG_OWNER=narapady
AIRFLOW_CTX_DAG_ID=ETL_DAG
AIRFLOW_CTX_TASK_ID=Ingest_from_food_consumption_estimates
AIRFLOW_CTX_EXECUTION_DATE=2022-08-12T18:20:52.559703+00:00
AIRFLOW_CTX_TRY_NUMBER=1
AIRFLOW_CTX_DAG_RUN_ID=manual__2022-08-12T18:20:52.559703+00:00
[2022-08-12 18:21:05,818] {logging_mixin.py:115} INFO - Successfully uploaded food-consumption-estimates/food_table1.xlsx to s3-bucket-raw-usda
[2022-08-12 18:21:07,217] {logging_mixin.py:115} INFO - Successfully uploaded food-consumption-estimates/food_table2.xlsx to s3-bucket-raw-usda
[2022-08-12 18:21:08,281] {logging_mixin.py:115} INFO - Successfully uploaded food-consumption-estimates/food_table3.xlsx to s3-bucket-raw-usda
[2022-08-12 18:21:08,283] {python.py:173} INFO - Done. Returned value was: None
[2022-08-12 18:21:08,406] {taskinstance.py:1420} INFO - Marking task as SUCCESS. dag_id=ETL_DAG, task_id=Ingest_from_food_consumption_estimates, execution_date=20220812T182052, start_date=20220812T182057, end_date=20220812T182108
[2022-08-12 18:21:08,452] {local_task_job.py:156} INFO - Task exited with return code 0
[2022-08-12 18:21:08,481] {local_task_job.py:273} INFO - 0 downstream tasks scheduled from follow-on schedule check
