[2022-08-12 05:23:33,870] {taskinstance.py:1179} INFO - Dependencies all met for <TaskInstance: ETL_DAG_US_FOOD_NUTRITION.Stage_fast-food-clean manual__2022-08-12T05:11:17.280858+00:00 [queued]>
[2022-08-12 05:23:33,888] {taskinstance.py:1179} INFO - Dependencies all met for <TaskInstance: ETL_DAG_US_FOOD_NUTRITION.Stage_fast-food-clean manual__2022-08-12T05:11:17.280858+00:00 [queued]>
[2022-08-12 05:23:33,890] {taskinstance.py:1376} INFO - 
--------------------------------------------------------------------------------
[2022-08-12 05:23:33,891] {taskinstance.py:1377} INFO - Starting attempt 1 of 6
[2022-08-12 05:23:33,895] {taskinstance.py:1378} INFO - 
--------------------------------------------------------------------------------
[2022-08-12 05:23:33,923] {taskinstance.py:1397} INFO - Executing <Task(PythonOperator): Stage_fast-food-clean> on 2022-08-12 05:11:17.280858+00:00
[2022-08-12 05:23:33,929] {standard_task_runner.py:52} INFO - Started process 11474 to run task
[2022-08-12 05:23:33,945] {standard_task_runner.py:79} INFO - Running: ['***', 'tasks', 'run', 'ETL_DAG_US_FOOD_NUTRITION', 'Stage_fast-food-clean', 'manual__2022-08-12T05:11:17.280858+00:00', '--job-id', '829', '--raw', '--subdir', 'DAGS_FOLDER/etl_dag.py', '--cfg-path', '/tmp/tmpyo9legmi', '--error-file', '/tmp/tmpki0ehzm3']
[2022-08-12 05:23:33,962] {standard_task_runner.py:80} INFO - Job 829: Subtask Stage_fast-food-clean
[2022-08-12 05:23:34,042] {task_command.py:371} INFO - Running <TaskInstance: ETL_DAG_US_FOOD_NUTRITION.Stage_fast-food-clean manual__2022-08-12T05:11:17.280858+00:00 [running]> on host ae5c2449a624
[2022-08-12 05:23:34,127] {taskinstance.py:1591} INFO - Exporting the following env vars:
AIRFLOW_CTX_DAG_OWNER=narapady
AIRFLOW_CTX_DAG_ID=ETL_DAG_US_FOOD_NUTRITION
AIRFLOW_CTX_TASK_ID=Stage_fast-food-clean
AIRFLOW_CTX_EXECUTION_DATE=2022-08-12T05:11:17.280858+00:00
AIRFLOW_CTX_TRY_NUMBER=1
AIRFLOW_CTX_DAG_RUN_ID=manual__2022-08-12T05:11:17.280858+00:00
[2022-08-12 05:23:39,906] {logging_mixin.py:115} INFO - Successfully loaded fast-food-staged.csv to s3-bucket-staged
[2022-08-12 05:23:39,908] {python.py:173} INFO - Done. Returned value was: None
[2022-08-12 05:23:39,921] {taskinstance.py:1420} INFO - Marking task as SUCCESS. dag_id=ETL_DAG_US_FOOD_NUTRITION, task_id=Stage_fast-food-clean, execution_date=20220812T051117, start_date=20220812T052333, end_date=20220812T052339
[2022-08-12 05:23:39,961] {local_task_job.py:156} INFO - Task exited with return code 0
[2022-08-12 05:23:39,986] {local_task_job.py:273} INFO - 0 downstream tasks scheduled from follow-on schedule check
