[2022-08-12 05:38:43,799] {taskinstance.py:1179} INFO - Dependencies all met for <TaskInstance: ETL_DAG.Stage_nutrient-intake-estimates-clean manual__2022-08-12T05:33:31.619708+00:00 [queued]>
[2022-08-12 05:38:43,817] {taskinstance.py:1179} INFO - Dependencies all met for <TaskInstance: ETL_DAG.Stage_nutrient-intake-estimates-clean manual__2022-08-12T05:33:31.619708+00:00 [queued]>
[2022-08-12 05:38:43,819] {taskinstance.py:1376} INFO - 
--------------------------------------------------------------------------------
[2022-08-12 05:38:43,821] {taskinstance.py:1377} INFO - Starting attempt 1 of 6
[2022-08-12 05:38:43,822] {taskinstance.py:1378} INFO - 
--------------------------------------------------------------------------------
[2022-08-12 05:38:43,834] {taskinstance.py:1397} INFO - Executing <Task(PythonOperator): Stage_nutrient-intake-estimates-clean> on 2022-08-12 05:33:31.619708+00:00
[2022-08-12 05:38:43,845] {standard_task_runner.py:52} INFO - Started process 717 to run task
[2022-08-12 05:38:43,850] {standard_task_runner.py:79} INFO - Running: ['***', 'tasks', 'run', 'ETL_DAG', 'Stage_nutrient-intake-estimates-clean', 'manual__2022-08-12T05:33:31.619708+00:00', '--job-id', '866', '--raw', '--subdir', 'DAGS_FOLDER/etl_dag.py', '--cfg-path', '/tmp/tmp1bi4buk9', '--error-file', '/tmp/tmp409ectk5']
[2022-08-12 05:38:43,854] {standard_task_runner.py:80} INFO - Job 866: Subtask Stage_nutrient-intake-estimates-clean
[2022-08-12 05:38:43,978] {task_command.py:371} INFO - Running <TaskInstance: ETL_DAG.Stage_nutrient-intake-estimates-clean manual__2022-08-12T05:33:31.619708+00:00 [running]> on host 959a8f00817b
[2022-08-12 05:38:44,077] {taskinstance.py:1591} INFO - Exporting the following env vars:
AIRFLOW_CTX_DAG_OWNER=narapady
AIRFLOW_CTX_DAG_ID=ETL_DAG
AIRFLOW_CTX_TASK_ID=Stage_nutrient-intake-estimates-clean
AIRFLOW_CTX_EXECUTION_DATE=2022-08-12T05:33:31.619708+00:00
AIRFLOW_CTX_TRY_NUMBER=1
AIRFLOW_CTX_DAG_RUN_ID=manual__2022-08-12T05:33:31.619708+00:00
[2022-08-12 05:38:55,336] {logging_mixin.py:115} INFO - Successfully loaded nutrient-intake-estimates-staged.csv to s3-bucket-staged
[2022-08-12 05:38:55,341] {python.py:173} INFO - Done. Returned value was: None
[2022-08-12 05:38:55,362] {taskinstance.py:1420} INFO - Marking task as SUCCESS. dag_id=ETL_DAG, task_id=Stage_nutrient-intake-estimates-clean, execution_date=20220812T053331, start_date=20220812T053843, end_date=20220812T053855
[2022-08-12 05:38:55,415] {local_task_job.py:156} INFO - Task exited with return code 0
[2022-08-12 05:38:55,441] {local_task_job.py:273} INFO - 0 downstream tasks scheduled from follow-on schedule check
