[2022-08-11 23:15:15,359] {taskinstance.py:1179} INFO - Dependencies all met for <TaskInstance: ETL_DAG_US_FOOD_NUTRITION.Stage_loss-adjusted-food-availability-clean manual__2022-08-11T23:09:24.436624+00:00 [queued]>
[2022-08-11 23:15:15,372] {taskinstance.py:1179} INFO - Dependencies all met for <TaskInstance: ETL_DAG_US_FOOD_NUTRITION.Stage_loss-adjusted-food-availability-clean manual__2022-08-11T23:09:24.436624+00:00 [queued]>
[2022-08-11 23:15:15,373] {taskinstance.py:1376} INFO - 
--------------------------------------------------------------------------------
[2022-08-11 23:15:15,374] {taskinstance.py:1377} INFO - Starting attempt 1 of 6
[2022-08-11 23:15:15,375] {taskinstance.py:1378} INFO - 
--------------------------------------------------------------------------------
[2022-08-11 23:15:15,385] {taskinstance.py:1397} INFO - Executing <Task(PythonOperator): Stage_loss-adjusted-food-availability-clean> on 2022-08-11 23:09:24.436624+00:00
[2022-08-11 23:15:15,390] {standard_task_runner.py:52} INFO - Started process 6646 to run task
[2022-08-11 23:15:15,399] {standard_task_runner.py:79} INFO - Running: ['***', 'tasks', 'run', 'ETL_DAG_US_FOOD_NUTRITION', 'Stage_loss-adjusted-food-availability-clean', 'manual__2022-08-11T23:09:24.436624+00:00', '--job-id', '731', '--raw', '--subdir', 'DAGS_FOLDER/etl_dag.py', '--cfg-path', '/tmp/tmp9ij8ggtq', '--error-file', '/tmp/tmpwe_14whv']
[2022-08-11 23:15:15,403] {standard_task_runner.py:80} INFO - Job 731: Subtask Stage_loss-adjusted-food-availability-clean
[2022-08-11 23:15:15,509] {task_command.py:371} INFO - Running <TaskInstance: ETL_DAG_US_FOOD_NUTRITION.Stage_loss-adjusted-food-availability-clean manual__2022-08-11T23:09:24.436624+00:00 [running]> on host a02c2b8cab8b
[2022-08-11 23:15:15,598] {taskinstance.py:1591} INFO - Exporting the following env vars:
AIRFLOW_CTX_DAG_OWNER=narapady
AIRFLOW_CTX_DAG_ID=ETL_DAG_US_FOOD_NUTRITION
AIRFLOW_CTX_TASK_ID=Stage_loss-adjusted-food-availability-clean
AIRFLOW_CTX_EXECUTION_DATE=2022-08-11T23:09:24.436624+00:00
AIRFLOW_CTX_TRY_NUMBER=1
AIRFLOW_CTX_DAG_RUN_ID=manual__2022-08-11T23:09:24.436624+00:00
[2022-08-11 23:17:43,096] {logging_mixin.py:115} INFO - Successfully loaded percents-staged.csv to s3-bucket-staged
[2022-08-11 23:17:52,472] {logging_mixin.py:115} INFO - Successfully loaded totals-staged.csv to s3-bucket-staged
[2022-08-11 23:18:51,913] {logging_mixin.py:115} INFO - Successfully loaded loss-adjusted-food-availability-staged.csv to s3-bucket-staged
[2022-08-11 23:18:51,935] {python.py:173} INFO - Done. Returned value was: None
[2022-08-11 23:18:51,961] {taskinstance.py:1420} INFO - Marking task as SUCCESS. dag_id=ETL_DAG_US_FOOD_NUTRITION, task_id=Stage_loss-adjusted-food-availability-clean, execution_date=20220811T230924, start_date=20220811T231515, end_date=20220811T231851
[2022-08-11 23:18:52,026] {local_task_job.py:156} INFO - Task exited with return code 0
[2022-08-11 23:18:52,058] {local_task_job.py:273} INFO - 1 downstream tasks scheduled from follow-on schedule check
