[2022-08-11 21:37:58,483] {taskinstance.py:1179} INFO - Dependencies all met for <TaskInstance: ETL_DAG_V8.Create_s3_bucket_transform manual__2022-08-11T21:34:01.587578+00:00 [queued]>
[2022-08-11 21:37:58,491] {taskinstance.py:1179} INFO - Dependencies all met for <TaskInstance: ETL_DAG_V8.Create_s3_bucket_transform manual__2022-08-11T21:34:01.587578+00:00 [queued]>
[2022-08-11 21:37:58,492] {taskinstance.py:1376} INFO - 
--------------------------------------------------------------------------------
[2022-08-11 21:37:58,493] {taskinstance.py:1377} INFO - Starting attempt 1 of 6
[2022-08-11 21:37:58,494] {taskinstance.py:1378} INFO - 
--------------------------------------------------------------------------------
[2022-08-11 21:37:58,502] {taskinstance.py:1397} INFO - Executing <Task(PythonOperator): Create_s3_bucket_transform> on 2022-08-11 21:34:01.587578+00:00
[2022-08-11 21:37:58,507] {standard_task_runner.py:52} INFO - Started process 490 to run task
[2022-08-11 21:37:58,510] {standard_task_runner.py:79} INFO - Running: ['***', 'tasks', 'run', 'ETL_DAG_V8', 'Create_s3_bucket_transform', 'manual__2022-08-11T21:34:01.587578+00:00', '--job-id', '678', '--raw', '--subdir', 'DAGS_FOLDER/etl_dag.py', '--cfg-path', '/tmp/tmpc43c6t19', '--error-file', '/tmp/tmpmd0a1qhs']
[2022-08-11 21:37:58,513] {standard_task_runner.py:80} INFO - Job 678: Subtask Create_s3_bucket_transform
[2022-08-11 21:37:58,558] {task_command.py:371} INFO - Running <TaskInstance: ETL_DAG_V8.Create_s3_bucket_transform manual__2022-08-11T21:34:01.587578+00:00 [running]> on host a02c2b8cab8b
[2022-08-11 21:37:58,603] {taskinstance.py:1591} INFO - Exporting the following env vars:
AIRFLOW_CTX_DAG_OWNER=narapady
AIRFLOW_CTX_DAG_ID=ETL_DAG_V8
AIRFLOW_CTX_TASK_ID=Create_s3_bucket_transform
AIRFLOW_CTX_EXECUTION_DATE=2022-08-11T21:34:01.587578+00:00
AIRFLOW_CTX_TRY_NUMBER=1
AIRFLOW_CTX_DAG_RUN_ID=manual__2022-08-11T21:34:01.587578+00:00
[2022-08-11 21:37:59,423] {python.py:173} INFO - Done. Returned value was: {'ResponseMetadata': {'RequestId': 'PFXWRG3SKSC4465F', 'HostId': 'FXFwri6iEBC5uT4WxDc0JBUNzvJNZYUyalVf/MzkjXLWGOx9OJR2qUPpvSPsOf9QN2vmPLIN960=', 'HTTPStatusCode': 200, 'HTTPHeaders': {'x-amz-id-2': 'FXFwri6iEBC5uT4WxDc0JBUNzvJNZYUyalVf/MzkjXLWGOx9OJR2qUPpvSPsOf9QN2vmPLIN960=', 'x-amz-request-id': 'PFXWRG3SKSC4465F', 'date': 'Thu, 11 Aug 2022 21:38:00 GMT', 'location': '/s3-bucket-clean-usda', 'server': 'AmazonS3', 'content-length': '0'}, 'RetryAttempts': 0}, 'Location': '/s3-bucket-clean-usda'}
[2022-08-11 21:37:59,462] {taskinstance.py:1420} INFO - Marking task as SUCCESS. dag_id=ETL_DAG_V8, task_id=Create_s3_bucket_transform, execution_date=20220811T213401, start_date=20220811T213758, end_date=20220811T213759
[2022-08-11 21:37:59,499] {local_task_job.py:156} INFO - Task exited with return code 0
[2022-08-11 21:37:59,533] {local_task_job.py:273} INFO - 8 downstream tasks scheduled from follow-on schedule check
