[2022-08-12 04:42:13,992] {taskinstance.py:1179} INFO - Dependencies all met for <TaskInstance: ETL_DAG_US_FOOD_NUTRITION.Ingest_from_consumer_price_index manual__2022-08-12T04:42:08.092521+00:00 [queued]>
[2022-08-12 04:42:14,028] {taskinstance.py:1179} INFO - Dependencies all met for <TaskInstance: ETL_DAG_US_FOOD_NUTRITION.Ingest_from_consumer_price_index manual__2022-08-12T04:42:08.092521+00:00 [queued]>
[2022-08-12 04:42:14,029] {taskinstance.py:1376} INFO - 
--------------------------------------------------------------------------------
[2022-08-12 04:42:14,031] {taskinstance.py:1377} INFO - Starting attempt 1 of 6
[2022-08-12 04:42:14,034] {taskinstance.py:1378} INFO - 
--------------------------------------------------------------------------------
[2022-08-12 04:42:14,049] {taskinstance.py:1397} INFO - Executing <Task(PythonOperator): Ingest_from_consumer_price_index> on 2022-08-12 04:42:08.092521+00:00
[2022-08-12 04:42:14,059] {standard_task_runner.py:52} INFO - Started process 8691 to run task
[2022-08-12 04:42:14,120] {standard_task_runner.py:79} INFO - Running: ['***', 'tasks', 'run', 'ETL_DAG_US_FOOD_NUTRITION', 'Ingest_from_consumer_price_index', 'manual__2022-08-12T04:42:08.092521+00:00', '--job-id', '794', '--raw', '--subdir', 'DAGS_FOLDER/etl_dag.py', '--cfg-path', '/tmp/tmp0yh4xopr', '--error-file', '/tmp/tmpea22yxoq']
[2022-08-12 04:42:14,126] {standard_task_runner.py:80} INFO - Job 794: Subtask Ingest_from_consumer_price_index
[2022-08-12 04:42:14,243] {task_command.py:371} INFO - Running <TaskInstance: ETL_DAG_US_FOOD_NUTRITION.Ingest_from_consumer_price_index manual__2022-08-12T04:42:08.092521+00:00 [running]> on host ae5c2449a624
[2022-08-12 04:42:14,333] {taskinstance.py:1591} INFO - Exporting the following env vars:
AIRFLOW_CTX_DAG_OWNER=narapady
AIRFLOW_CTX_DAG_ID=ETL_DAG_US_FOOD_NUTRITION
AIRFLOW_CTX_TASK_ID=Ingest_from_consumer_price_index
AIRFLOW_CTX_EXECUTION_DATE=2022-08-12T04:42:08.092521+00:00
AIRFLOW_CTX_TRY_NUMBER=1
AIRFLOW_CTX_DAG_RUN_ID=manual__2022-08-12T04:42:08.092521+00:00
[2022-08-12 04:42:21,583] {logging_mixin.py:115} INFO - Successfully uploaded consumer-price-index/CPIforecast.xlsx to s3-bucket-raw-usda
[2022-08-12 04:42:22,825] {logging_mixin.py:115} INFO - Successfully uploaded consumer-price-index/historicalcpi.xlsx to s3-bucket-raw-usda
[2022-08-12 04:42:22,830] {python.py:173} INFO - Done. Returned value was: None
[2022-08-12 04:42:22,855] {taskinstance.py:1420} INFO - Marking task as SUCCESS. dag_id=ETL_DAG_US_FOOD_NUTRITION, task_id=Ingest_from_consumer_price_index, execution_date=20220812T044208, start_date=20220812T044213, end_date=20220812T044222
[2022-08-12 04:42:22,903] {local_task_job.py:156} INFO - Task exited with return code 0
[2022-08-12 04:42:22,945] {local_task_job.py:273} INFO - 0 downstream tasks scheduled from follow-on schedule check
