[2022-08-15 20:45:16,902] {taskinstance.py:1179} INFO - Dependencies all met for <TaskInstance: ETL_DAG.Transform_consumer-price-index manual__2022-08-15T20:40:50.207703+00:00 [queued]>
[2022-08-15 20:45:16,919] {taskinstance.py:1179} INFO - Dependencies all met for <TaskInstance: ETL_DAG.Transform_consumer-price-index manual__2022-08-15T20:40:50.207703+00:00 [queued]>
[2022-08-15 20:45:16,920] {taskinstance.py:1376} INFO - 
--------------------------------------------------------------------------------
[2022-08-15 20:45:16,921] {taskinstance.py:1377} INFO - Starting attempt 1 of 6
[2022-08-15 20:45:16,923] {taskinstance.py:1378} INFO - 
--------------------------------------------------------------------------------
[2022-08-15 20:45:16,942] {taskinstance.py:1397} INFO - Executing <Task(PythonOperator): Transform_consumer-price-index> on 2022-08-15 20:40:50.207703+00:00
[2022-08-15 20:45:16,956] {standard_task_runner.py:52} INFO - Started process 688 to run task
[2022-08-15 20:45:16,967] {standard_task_runner.py:79} INFO - Running: ['***', 'tasks', 'run', 'ETL_DAG', 'Transform_consumer-price-index', 'manual__2022-08-15T20:40:50.207703+00:00', '--job-id', '1022', '--raw', '--subdir', 'DAGS_FOLDER/etl_dag.py', '--cfg-path', '/tmp/tmpb3ge_5bp', '--error-file', '/tmp/tmpn_f102og']
[2022-08-15 20:45:16,971] {standard_task_runner.py:80} INFO - Job 1022: Subtask Transform_consumer-price-index
[2022-08-15 20:45:17,088] {task_command.py:371} INFO - Running <TaskInstance: ETL_DAG.Transform_consumer-price-index manual__2022-08-15T20:40:50.207703+00:00 [running]> on host 42abdd2e54ec
[2022-08-15 20:45:17,171] {taskinstance.py:1591} INFO - Exporting the following env vars:
AIRFLOW_CTX_DAG_OWNER=narapady
AIRFLOW_CTX_DAG_ID=ETL_DAG
AIRFLOW_CTX_TASK_ID=Transform_consumer-price-index
AIRFLOW_CTX_EXECUTION_DATE=2022-08-15T20:40:50.207703+00:00
AIRFLOW_CTX_TRY_NUMBER=1
AIRFLOW_CTX_DAG_RUN_ID=manual__2022-08-15T20:40:50.207703+00:00
[2022-08-15 20:45:51,334] {logging_mixin.py:115} INFO - Successfully process price-index-clean/consumer-price-index.csv to S3
[2022-08-15 20:45:51,340] {python.py:173} INFO - Done. Returned value was: None
[2022-08-15 20:45:51,358] {taskinstance.py:1420} INFO - Marking task as SUCCESS. dag_id=ETL_DAG, task_id=Transform_consumer-price-index, execution_date=20220815T204050, start_date=20220815T204516, end_date=20220815T204551
[2022-08-15 20:45:51,415] {local_task_job.py:156} INFO - Task exited with return code 0
[2022-08-15 20:45:51,441] {local_task_job.py:273} INFO - 0 downstream tasks scheduled from follow-on schedule check
