[2022-08-11 23:09:29,920] {taskinstance.py:1179} INFO - Dependencies all met for <TaskInstance: ETL_DAG_US_FOOD_NUTRITION.Ingest_from_food_consumption_estimates manual__2022-08-11T23:09:24.436624+00:00 [queued]>
[2022-08-11 23:09:29,928] {taskinstance.py:1179} INFO - Dependencies all met for <TaskInstance: ETL_DAG_US_FOOD_NUTRITION.Ingest_from_food_consumption_estimates manual__2022-08-11T23:09:24.436624+00:00 [queued]>
[2022-08-11 23:09:29,930] {taskinstance.py:1376} INFO - 
--------------------------------------------------------------------------------
[2022-08-11 23:09:29,933] {taskinstance.py:1377} INFO - Starting attempt 1 of 6
[2022-08-11 23:09:29,934] {taskinstance.py:1378} INFO - 
--------------------------------------------------------------------------------
[2022-08-11 23:09:29,945] {taskinstance.py:1397} INFO - Executing <Task(PythonOperator): Ingest_from_food_consumption_estimates> on 2022-08-11 23:09:24.436624+00:00
[2022-08-11 23:09:29,960] {standard_task_runner.py:52} INFO - Started process 6206 to run task
[2022-08-11 23:09:29,964] {standard_task_runner.py:79} INFO - Running: ['***', 'tasks', 'run', 'ETL_DAG_US_FOOD_NUTRITION', 'Ingest_from_food_consumption_estimates', 'manual__2022-08-11T23:09:24.436624+00:00', '--job-id', '714', '--raw', '--subdir', 'DAGS_FOLDER/etl_dag.py', '--cfg-path', '/tmp/tmpxdubhhv7', '--error-file', '/tmp/tmpr5eipkev']
[2022-08-11 23:09:29,967] {standard_task_runner.py:80} INFO - Job 714: Subtask Ingest_from_food_consumption_estimates
[2022-08-11 23:09:30,059] {task_command.py:371} INFO - Running <TaskInstance: ETL_DAG_US_FOOD_NUTRITION.Ingest_from_food_consumption_estimates manual__2022-08-11T23:09:24.436624+00:00 [running]> on host a02c2b8cab8b
[2022-08-11 23:09:30,176] {taskinstance.py:1591} INFO - Exporting the following env vars:
AIRFLOW_CTX_DAG_OWNER=narapady
AIRFLOW_CTX_DAG_ID=ETL_DAG_US_FOOD_NUTRITION
AIRFLOW_CTX_TASK_ID=Ingest_from_food_consumption_estimates
AIRFLOW_CTX_EXECUTION_DATE=2022-08-11T23:09:24.436624+00:00
AIRFLOW_CTX_TRY_NUMBER=1
AIRFLOW_CTX_DAG_RUN_ID=manual__2022-08-11T23:09:24.436624+00:00
[2022-08-11 23:09:38,290] {logging_mixin.py:115} INFO - Successfully uploaded food-consumption-estimates/food_table1.xlsx to s3-bucket-raw-usda
[2022-08-11 23:09:39,713] {logging_mixin.py:115} INFO - Successfully uploaded food-consumption-estimates/food_table2.xlsx to s3-bucket-raw-usda
[2022-08-11 23:09:41,017] {logging_mixin.py:115} INFO - Successfully uploaded food-consumption-estimates/food_table3.xlsx to s3-bucket-raw-usda
[2022-08-11 23:09:41,024] {python.py:173} INFO - Done. Returned value was: None
[2022-08-11 23:09:41,196] {taskinstance.py:1420} INFO - Marking task as SUCCESS. dag_id=ETL_DAG_US_FOOD_NUTRITION, task_id=Ingest_from_food_consumption_estimates, execution_date=20220811T230924, start_date=20220811T230929, end_date=20220811T230941
[2022-08-11 23:09:41,226] {local_task_job.py:156} INFO - Task exited with return code 0
[2022-08-11 23:09:41,258] {local_task_job.py:273} INFO - 0 downstream tasks scheduled from follow-on schedule check
