[2022-08-11 06:31:22,994] {taskinstance.py:1179} INFO - Dependencies all met for <TaskInstance: ETL_DAG.Ingest_data_from_sources manual__2022-08-11T06:31:20.995330+00:00 [queued]>
[2022-08-11 06:31:23,002] {taskinstance.py:1179} INFO - Dependencies all met for <TaskInstance: ETL_DAG.Ingest_data_from_sources manual__2022-08-11T06:31:20.995330+00:00 [queued]>
[2022-08-11 06:31:23,003] {taskinstance.py:1376} INFO - 
--------------------------------------------------------------------------------
[2022-08-11 06:31:23,004] {taskinstance.py:1377} INFO - Starting attempt 1 of 6
[2022-08-11 06:31:23,005] {taskinstance.py:1378} INFO - 
--------------------------------------------------------------------------------
[2022-08-11 06:31:23,012] {taskinstance.py:1397} INFO - Executing <Task(PythonOperator): Ingest_data_from_sources> on 2022-08-11 06:31:20.995330+00:00
[2022-08-11 06:31:23,018] {standard_task_runner.py:52} INFO - Started process 21411 to run task
[2022-08-11 06:31:23,022] {standard_task_runner.py:79} INFO - Running: ['***', 'tasks', 'run', 'ETL_DAG', 'Ingest_data_from_sources', 'manual__2022-08-11T06:31:20.995330+00:00', '--job-id', '399', '--raw', '--subdir', 'DAGS_FOLDER/etl_dag.py', '--cfg-path', '/tmp/tmpa6ydo7c4', '--error-file', '/tmp/tmplzal5emg']
[2022-08-11 06:31:23,025] {standard_task_runner.py:80} INFO - Job 399: Subtask Ingest_data_from_sources
[2022-08-11 06:31:23,075] {task_command.py:371} INFO - Running <TaskInstance: ETL_DAG.Ingest_data_from_sources manual__2022-08-11T06:31:20.995330+00:00 [running]> on host c9fcec21ee59
[2022-08-11 06:31:23,121] {taskinstance.py:1591} INFO - Exporting the following env vars:
AIRFLOW_CTX_DAG_OWNER=narapady
AIRFLOW_CTX_DAG_ID=ETL_DAG
AIRFLOW_CTX_TASK_ID=Ingest_data_from_sources
AIRFLOW_CTX_EXECUTION_DATE=2022-08-11T06:31:20.995330+00:00
AIRFLOW_CTX_TRY_NUMBER=1
AIRFLOW_CTX_DAG_RUN_ID=manual__2022-08-11T06:31:20.995330+00:00
[2022-08-11 06:31:32,470] {logging_mixin.py:115} INFO - Successfully uploaded food-at-home-and-food-away-from-home/FAH_total.xls to s3-bucket-raw-usda
[2022-08-11 06:31:34,585] {logging_mixin.py:115} INFO - Successfully uploaded food-at-home-and-food-away-from-home/FAH_gender.xls to s3-bucket-raw-usda
[2022-08-11 06:31:36,217] {logging_mixin.py:115} INFO - Successfully uploaded food-at-home-and-food-away-from-home/FAH_income.xls to s3-bucket-raw-usda
[2022-08-11 06:31:37,768] {logging_mixin.py:115} INFO - Successfully uploaded food-at-home-and-food-away-from-home/FAH_education.xls to s3-bucket-raw-usda
[2022-08-11 06:31:39,878] {logging_mixin.py:115} INFO - Successfully uploaded food-at-home-and-food-away-from-home/FAH_race.xls to s3-bucket-raw-usda
[2022-08-11 06:31:41,733] {logging_mixin.py:115} INFO - Successfully uploaded food-at-home-and-food-away-from-home/FAFH_total.xls to s3-bucket-raw-usda
[2022-08-11 06:31:43,625] {logging_mixin.py:115} INFO - Successfully uploaded food-at-home-and-food-away-from-home/FAFH_gender.xls to s3-bucket-raw-usda
[2022-08-11 06:31:45,174] {logging_mixin.py:115} INFO - Successfully uploaded food-at-home-and-food-away-from-home/FAFH_income.xls to s3-bucket-raw-usda
[2022-08-11 06:31:47,056] {logging_mixin.py:115} INFO - Successfully uploaded food-at-home-and-food-away-from-home/FAFH_education.xls to s3-bucket-raw-usda
[2022-08-11 06:31:48,716] {logging_mixin.py:115} INFO - Successfully uploaded demographic-and-socioeconomic-characteristics/CommodityConsumption_table1.xls to s3-bucket-raw-usda
[2022-08-11 06:31:50,472] {logging_mixin.py:115} INFO - Successfully uploaded demographic-and-socioeconomic-characteristics/CommodityConsumption_table2.xls to s3-bucket-raw-usda
[2022-08-11 06:31:52,096] {logging_mixin.py:115} INFO - Successfully uploaded demographic-and-socioeconomic-characteristics/CommodityConsumption_table3.xls to s3-bucket-raw-usda
[2022-08-11 06:31:53,853] {logging_mixin.py:115} INFO - Successfully uploaded demographic-and-socioeconomic-characteristics/CommodityConsumption_table4.xls to s3-bucket-raw-usda
[2022-08-11 06:31:55,573] {logging_mixin.py:115} INFO - Successfully uploaded demographic-and-socioeconomic-characteristics/CommodityConsumption_table5.xls to s3-bucket-raw-usda
[2022-08-11 06:32:13,092] {logging_mixin.py:115} INFO - Successfully uploaded food-availability/dyfluid.xls to s3-bucket-raw-usda
[2022-08-11 06:32:30,896] {logging_mixin.py:115} INFO - Successfully uploaded food-availability/dymfg.xls to s3-bucket-raw-usda
[2022-08-11 06:32:35,511] {logging_mixin.py:115} INFO - Successfully uploaded food-availability/eggs.xls to s3-bucket-raw-usda
[2022-08-11 06:32:44,909] {logging_mixin.py:115} INFO - Successfully uploaded food-availability/fats.xls to s3-bucket-raw-usda
[2022-08-11 06:32:53,739] {logging_mixin.py:115} INFO - Successfully uploaded food-availability/mtfish.xls to s3-bucket-raw-usda
[2022-08-11 06:33:06,551] {logging_mixin.py:115} INFO - Successfully uploaded food-availability/frtot.xls to s3-bucket-raw-usda
[2022-08-11 06:33:13,904] {logging_mixin.py:115} INFO - Successfully uploaded food-availability/fruitcan.xls to s3-bucket-raw-usda
[2022-08-11 06:33:17,504] {logging_mixin.py:115} INFO - Successfully uploaded food-availability/fruitdr.xls to s3-bucket-raw-usda
[2022-08-11 06:33:37,664] {logging_mixin.py:115} INFO - Successfully uploaded food-availability/fruitfr.xls to s3-bucket-raw-usda
[2022-08-11 06:33:39,715] {logging_mixin.py:115} INFO - Successfully uploaded food-availability/fruitfz.xls to s3-bucket-raw-usda
[2022-08-11 06:33:44,847] {logging_mixin.py:115} INFO - Successfully uploaded food-availability/fruitju.xls to s3-bucket-raw-usda
[2022-08-11 06:33:47,137] {logging_mixin.py:115} INFO - Successfully uploaded food-availability/fruitveg.xls to s3-bucket-raw-usda
[2022-08-11 06:33:55,596] {logging_mixin.py:115} INFO - Successfully uploaded food-availability/grains.xls to s3-bucket-raw-usda
[2022-08-11 06:34:06,275] {logging_mixin.py:115} INFO - Successfully uploaded food-availability/nuts.xls to s3-bucket-raw-usda
[2022-08-11 06:34:10,003] {logging_mixin.py:115} INFO - Successfully uploaded food-availability/pop.xls to s3-bucket-raw-usda
[2022-08-11 06:34:19,037] {logging_mixin.py:115} INFO - Successfully uploaded food-availability/mtpoulsu.xls to s3-bucket-raw-usda
[2022-08-11 06:34:29,785] {logging_mixin.py:115} INFO - Successfully uploaded food-availability/mtredsu.xls to s3-bucket-raw-usda
[2022-08-11 06:34:36,255] {logging_mixin.py:115} INFO - Successfully uploaded food-availability/mtpcc.xls to s3-bucket-raw-usda
[2022-08-11 06:34:46,296] {logging_mixin.py:115} INFO - Successfully uploaded food-availability/sweets.xls to s3-bucket-raw-usda
[2022-08-11 06:35:05,496] {logging_mixin.py:115} INFO - Successfully uploaded food-availability/vegtot.xls to s3-bucket-raw-usda
[2022-08-11 06:35:10,781] {logging_mixin.py:115} INFO - Successfully uploaded food-availability/vegcan.xlsx to s3-bucket-raw-usda
[2022-08-11 06:35:22,932] {logging_mixin.py:115} INFO - Successfully uploaded food-availability/vegfr.xlsx to s3-bucket-raw-usda
[2022-08-11 06:35:31,880] {logging_mixin.py:115} INFO - Successfully uploaded food-availability/vegfrz.xls to s3-bucket-raw-usda
[2022-08-11 06:35:41,523] {logging_mixin.py:115} INFO - Successfully uploaded food-availability/legumes.xls to s3-bucket-raw-usda
[2022-08-11 06:35:49,655] {logging_mixin.py:115} INFO - Successfully uploaded food-availability/potatoes.xls to s3-bucket-raw-usda
[2022-08-11 06:35:58,039] {logging_mixin.py:115} INFO - Successfully uploaded loss-adjusted-food-availability/calories.xls to s3-bucket-raw-usda
[2022-08-11 06:36:32,465] {logging_mixin.py:115} INFO - Successfully uploaded loss-adjusted-food-availability/Dairy.xls to s3-bucket-raw-usda
[2022-08-11 06:36:41,787] {logging_mixin.py:115} INFO - Successfully uploaded loss-adjusted-food-availability/fat.xls to s3-bucket-raw-usda
[2022-08-11 06:36:49,989] {logging_mixin.py:115} INFO - Successfully uploaded loss-adjusted-food-availability/servings.xls to s3-bucket-raw-usda
[2022-08-11 06:37:35,160] {logging_mixin.py:115} INFO - Successfully uploaded loss-adjusted-food-availability/Fruit.xls to s3-bucket-raw-usda
[2022-08-11 06:37:45,886] {logging_mixin.py:115} INFO - Successfully uploaded loss-adjusted-food-availability/grain.xls to s3-bucket-raw-usda
[2022-08-11 06:38:11,567] {logging_mixin.py:115} INFO - Successfully uploaded loss-adjusted-food-availability/meat.xls to s3-bucket-raw-usda
[2022-08-11 06:38:21,966] {logging_mixin.py:115} INFO - Successfully uploaded loss-adjusted-food-availability/sugar.xls to s3-bucket-raw-usda
[2022-08-11 06:39:18,094] {logging_mixin.py:115} INFO - Successfully uploaded loss-adjusted-food-availability/veg.xls to s3-bucket-raw-usda
[2022-08-11 06:39:22,087] {logging_mixin.py:115} INFO - Successfully uploaded archived-tables/nutrients.xls to s3-bucket-raw-usda
[2022-08-11 06:39:28,798] {logging_mixin.py:115} INFO - Successfully uploaded archived-tables/ctcsp.xls to s3-bucket-raw-usda
[2022-08-11 06:39:30,184] {logging_mixin.py:115} INFO - Successfully uploaded food-consumption-estimates/food_table1.xlsx to s3-bucket-raw-usda
[2022-08-11 06:39:32,087] {logging_mixin.py:115} INFO - Successfully uploaded food-consumption-estimates/food_table2.xlsx to s3-bucket-raw-usda
[2022-08-11 06:39:33,723] {logging_mixin.py:115} INFO - Successfully uploaded food-consumption-estimates/food_table3.xlsx to s3-bucket-raw-usda
[2022-08-11 06:39:35,358] {logging_mixin.py:115} INFO - Successfully uploaded nutrient-intake-estimates/nutrient_table1.xlsx to s3-bucket-raw-usda
[2022-08-11 06:39:36,713] {logging_mixin.py:115} INFO - Successfully uploaded nutrient-intake-estimates/nutrient_table2.xlsx to s3-bucket-raw-usda
[2022-08-11 06:39:41,765] {logging_mixin.py:115} INFO - Successfully uploaded archived-files/Archived%202007-10%20Food%20Consumption%20and%20Nutrient%20Inta to s3-bucket-raw-usda
[2022-08-11 06:39:43,179] {logging_mixin.py:115} INFO - Successfully uploaded 2016/Table1_2016.xlsx to s3-bucket-raw-usda
[2022-08-11 06:39:44,783] {logging_mixin.py:115} INFO - Successfully uploaded 2016/Table2_2016.xlsx to s3-bucket-raw-usda
[2022-08-11 06:39:46,211] {logging_mixin.py:115} INFO - Successfully uploaded 2016/Table3_2016.xlsx to s3-bucket-raw-usda
[2022-08-11 06:39:47,565] {logging_mixin.py:115} INFO - Successfully uploaded 2016/Table4_2016.xlsx to s3-bucket-raw-usda
[2022-08-11 06:39:49,078] {logging_mixin.py:115} INFO - Successfully uploaded 2016/Table5_2016.xlsx to s3-bucket-raw-usda
[2022-08-11 06:39:50,515] {logging_mixin.py:115} INFO - Successfully uploaded 2016/Table6_2016.xlsx to s3-bucket-raw-usda
[2022-08-11 06:39:52,103] {logging_mixin.py:115} INFO - Successfully uploaded 2016/Table7_2016.xlsx to s3-bucket-raw-usda
[2022-08-11 06:39:53,467] {logging_mixin.py:115} INFO - Successfully uploaded 2016/Table8_2016.xlsx to s3-bucket-raw-usda
[2022-08-11 06:39:54,711] {logging_mixin.py:115} INFO - Successfully uploaded 2015/Table1_2015.xlsx to s3-bucket-raw-usda
[2022-08-11 06:39:55,914] {logging_mixin.py:115} INFO - Successfully uploaded 2015/Table2_2015.xlsx to s3-bucket-raw-usda
[2022-08-11 06:39:57,184] {logging_mixin.py:115} INFO - Successfully uploaded 2015/Table3_2015.xlsx to s3-bucket-raw-usda
[2022-08-11 06:39:58,507] {logging_mixin.py:115} INFO - Successfully uploaded 2015/Table4_2015.xlsx to s3-bucket-raw-usda
[2022-08-11 06:39:59,921] {logging_mixin.py:115} INFO - Successfully uploaded 2015/Table5_2015.xlsx to s3-bucket-raw-usda
[2022-08-11 06:40:01,149] {logging_mixin.py:115} INFO - Successfully uploaded 2015/Table6_2015.xlsx to s3-bucket-raw-usda
[2022-08-11 06:40:02,438] {logging_mixin.py:115} INFO - Successfully uploaded 2015/Table7_2015.xlsx to s3-bucket-raw-usda
[2022-08-11 06:40:03,686] {logging_mixin.py:115} INFO - Successfully uploaded 2015/Table8_2015.xlsx to s3-bucket-raw-usda
[2022-08-11 06:40:05,259] {logging_mixin.py:115} INFO - Successfully uploaded 2014/table1_2014.xls to s3-bucket-raw-usda
[2022-08-11 06:40:07,098] {logging_mixin.py:115} INFO - Successfully uploaded 2014/table2_2014.xls to s3-bucket-raw-usda
[2022-08-11 06:40:08,612] {logging_mixin.py:115} INFO - Successfully uploaded 2014/table3_2014.xls to s3-bucket-raw-usda
[2022-08-11 06:40:10,914] {logging_mixin.py:115} INFO - Successfully uploaded 2014/table4_2014.xls to s3-bucket-raw-usda
[2022-08-11 06:40:12,390] {logging_mixin.py:115} INFO - Successfully uploaded 2014/table5_2014.xls to s3-bucket-raw-usda
[2022-08-11 06:40:14,277] {logging_mixin.py:115} INFO - Successfully uploaded 2014/table6_2014.xls to s3-bucket-raw-usda
[2022-08-11 06:40:16,078] {logging_mixin.py:115} INFO - Successfully uploaded 2014/table7_2014.xls to s3-bucket-raw-usda
[2022-08-11 06:40:18,003] {logging_mixin.py:115} INFO - Successfully uploaded 2014/table8_2014.xls to s3-bucket-raw-usda
[2022-08-11 06:40:19,491] {logging_mixin.py:115} INFO - Successfully uploaded 2014/2008_table1.xls to s3-bucket-raw-usda
[2022-08-11 06:40:21,468] {logging_mixin.py:115} INFO - Successfully uploaded 2014/2008_table2.xls to s3-bucket-raw-usda
[2022-08-11 06:40:23,386] {logging_mixin.py:115} INFO - Successfully uploaded 2014/2008_table3.xls to s3-bucket-raw-usda
[2022-08-11 06:40:25,017] {logging_mixin.py:115} INFO - Successfully uploaded 2014/2008_table4.xls to s3-bucket-raw-usda
[2022-08-11 06:40:26,419] {logging_mixin.py:115} INFO - Successfully uploaded 2014/2008_table5.xls to s3-bucket-raw-usda
[2022-08-11 06:40:27,901] {logging_mixin.py:115} INFO - Successfully uploaded 2014/2008_table6.xls to s3-bucket-raw-usda
[2022-08-11 06:40:29,653] {logging_mixin.py:115} INFO - Successfully uploaded 2014/2008_table7.xls to s3-bucket-raw-usda
[2022-08-11 06:40:31,115] {logging_mixin.py:115} INFO - Successfully uploaded 2007/2007_table1.xls to s3-bucket-raw-usda
[2022-08-11 06:40:32,801] {logging_mixin.py:115} INFO - Successfully uploaded 2007/2007_table2.xls to s3-bucket-raw-usda
[2022-08-11 06:40:34,867] {logging_mixin.py:115} INFO - Successfully uploaded 2007/2007_table3.xls to s3-bucket-raw-usda
[2022-08-11 06:40:37,714] {logging_mixin.py:115} INFO - Successfully uploaded 2007/2007_table4.xls to s3-bucket-raw-usda
[2022-08-11 06:40:39,603] {logging_mixin.py:115} INFO - Successfully uploaded 2007/2007_table5.xls to s3-bucket-raw-usda
[2022-08-11 06:40:41,699] {logging_mixin.py:115} INFO - Successfully uploaded 2007/2007_table6.xls to s3-bucket-raw-usda
[2022-08-11 06:40:43,845] {logging_mixin.py:115} INFO - Successfully uploaded 2007/2007_table7.xls to s3-bucket-raw-usda
[2022-08-11 06:40:45,686] {logging_mixin.py:115} INFO - Successfully uploaded 2006/2006_table1.xls to s3-bucket-raw-usda
[2022-08-11 06:40:47,619] {logging_mixin.py:115} INFO - Successfully uploaded 2006/2006_table2.xls to s3-bucket-raw-usda
[2022-08-11 06:40:49,229] {logging_mixin.py:115} INFO - Successfully uploaded 2006/2006_table3.xls to s3-bucket-raw-usda
[2022-08-11 06:40:51,226] {logging_mixin.py:115} INFO - Successfully uploaded 2006/2006_table4.xls to s3-bucket-raw-usda
[2022-08-11 06:40:53,072] {logging_mixin.py:115} INFO - Successfully uploaded 2006/2006_table5.xls to s3-bucket-raw-usda
[2022-08-11 06:40:54,896] {logging_mixin.py:115} INFO - Successfully uploaded 2006/2006_table6.xls to s3-bucket-raw-usda
[2022-08-11 06:40:57,174] {logging_mixin.py:115} INFO - Successfully uploaded 2006/2006_table7.xls to s3-bucket-raw-usda
[2022-08-11 06:40:58,572] {logging_mixin.py:115} INFO - Successfully uploaded consumer-price-index/CPIforecast.xlsx to s3-bucket-raw-usda
[2022-08-11 06:41:00,124] {logging_mixin.py:115} INFO - Successfully uploaded consumer-price-index/historicalcpi.xlsx to s3-bucket-raw-usda
[2022-08-11 06:41:01,552] {logging_mixin.py:115} INFO - Successfully uploaded producer-price-index/PPIforecast.xlsx to s3-bucket-raw-usda
[2022-08-11 06:41:03,387] {logging_mixin.py:115} INFO - Successfully uploaded producer-price-index/historicalppi.xlsx to s3-bucket-raw-usda
[2022-08-11 06:41:06,665] {logging_mixin.py:115} INFO - Successfully uploaded archived-versions/CPIArchivedForecasts.xlsx to s3-bucket-raw-usda
[2022-08-11 06:41:08,519] {logging_mixin.py:115} INFO - Successfully uploaded archived-versions/PPIArchivedForecasts.xlsx to s3-bucket-raw-usda
[2022-08-11 06:41:09,952] {logging_mixin.py:115} INFO - Successfully uploaded current-food-expenditure-series/nominal_expenditures.xlsx to s3-bucket-raw-usda
[2022-08-11 06:41:11,373] {logging_mixin.py:115} INFO - Successfully uploaded current-food-expenditure-series/nominal_expenditures_no_taxes_tips.xlsx to s3-bucket-raw-usda
[2022-08-11 06:41:13,062] {logging_mixin.py:115} INFO - Successfully uploaded current-food-expenditure-series/constant_dollar_expenditures.xlsx to s3-bucket-raw-usda
[2022-08-11 06:41:14,341] {logging_mixin.py:115} INFO - Successfully uploaded current-food-expenditure-series/constant_dollar_expenditures_no_taxes_tips.xlsx to s3-bucket-raw-usda
[2022-08-11 06:41:15,691] {logging_mixin.py:115} INFO - Successfully uploaded current-food-expenditure-series/food_expenditures_source_funds.xlsx to s3-bucket-raw-usda
[2022-08-11 06:41:17,110] {logging_mixin.py:115} INFO - Successfully uploaded current-food-expenditure-series/normalized_food_expenditures.xlsx to s3-bucket-raw-usda
[2022-08-11 06:41:18,903] {logging_mixin.py:115} INFO - Successfully uploaded current-food-expenditure-series/monthly_sales.xlsx to s3-bucket-raw-usda
[2022-08-11 06:41:21,103] {logging_mixin.py:115} INFO - Successfully uploaded archived-food-expenditure-tables/archived_nominal_expenditures_1.xlsx to s3-bucket-raw-usda
[2022-08-11 06:41:22,411] {logging_mixin.py:115} INFO - Successfully uploaded archived-food-expenditure-tables/archived_expenditures_purchaser_2.xlsx to s3-bucket-raw-usda
[2022-08-11 06:41:23,849] {logging_mixin.py:115} INFO - Successfully uploaded archived-food-expenditure-tables/archived_normalized_expenditures_3.xlsx to s3-bucket-raw-usda
[2022-08-11 06:41:25,399] {logging_mixin.py:115} INFO - Successfully uploaded archived-food-expenditure-tables/archived_monthly_4.xlsx to s3-bucket-raw-usda
[2022-08-11 06:41:25,405] {python.py:173} INFO - Done. Returned value was: None
[2022-08-11 06:41:25,434] {taskinstance.py:1420} INFO - Marking task as SUCCESS. dag_id=ETL_DAG, task_id=Ingest_data_from_sources, execution_date=20220811T063120, start_date=20220811T063122, end_date=20220811T064125
[2022-08-11 06:41:25,491] {local_task_job.py:156} INFO - Task exited with return code 0
[2022-08-11 06:41:25,531] {local_task_job.py:273} INFO - 1 downstream tasks scheduled from follow-on schedule check
