[2022-08-12 05:23:34,203] {taskinstance.py:1179} INFO - Dependencies all met for <TaskInstance: ETL_DAG_US_FOOD_NUTRITION.Stage_loss-adjusted-food-availability-clean manual__2022-08-12T05:11:17.280858+00:00 [queued]>
[2022-08-12 05:23:34,212] {taskinstance.py:1179} INFO - Dependencies all met for <TaskInstance: ETL_DAG_US_FOOD_NUTRITION.Stage_loss-adjusted-food-availability-clean manual__2022-08-12T05:11:17.280858+00:00 [queued]>
[2022-08-12 05:23:34,213] {taskinstance.py:1376} INFO - 
--------------------------------------------------------------------------------
[2022-08-12 05:23:34,214] {taskinstance.py:1377} INFO - Starting attempt 1 of 6
[2022-08-12 05:23:34,215] {taskinstance.py:1378} INFO - 
--------------------------------------------------------------------------------
[2022-08-12 05:23:34,224] {taskinstance.py:1397} INFO - Executing <Task(PythonOperator): Stage_loss-adjusted-food-availability-clean> on 2022-08-12 05:11:17.280858+00:00
[2022-08-12 05:23:34,231] {standard_task_runner.py:52} INFO - Started process 11476 to run task
[2022-08-12 05:23:34,235] {standard_task_runner.py:79} INFO - Running: ['***', 'tasks', 'run', 'ETL_DAG_US_FOOD_NUTRITION', 'Stage_loss-adjusted-food-availability-clean', 'manual__2022-08-12T05:11:17.280858+00:00', '--job-id', '831', '--raw', '--subdir', 'DAGS_FOLDER/etl_dag.py', '--cfg-path', '/tmp/tmphrgzaqrv', '--error-file', '/tmp/tmpbauyzp6m']
[2022-08-12 05:23:34,238] {standard_task_runner.py:80} INFO - Job 831: Subtask Stage_loss-adjusted-food-availability-clean
[2022-08-12 05:23:34,289] {task_command.py:371} INFO - Running <TaskInstance: ETL_DAG_US_FOOD_NUTRITION.Stage_loss-adjusted-food-availability-clean manual__2022-08-12T05:11:17.280858+00:00 [running]> on host ae5c2449a624
[2022-08-12 05:23:34,337] {taskinstance.py:1591} INFO - Exporting the following env vars:
AIRFLOW_CTX_DAG_OWNER=narapady
AIRFLOW_CTX_DAG_ID=ETL_DAG_US_FOOD_NUTRITION
AIRFLOW_CTX_TASK_ID=Stage_loss-adjusted-food-availability-clean
AIRFLOW_CTX_EXECUTION_DATE=2022-08-12T05:11:17.280858+00:00
AIRFLOW_CTX_TRY_NUMBER=1
AIRFLOW_CTX_DAG_RUN_ID=manual__2022-08-12T05:11:17.280858+00:00
[2022-08-12 05:26:03,216] {logging_mixin.py:115} INFO - Successfully loaded percents-staged.csv to s3-bucket-staged
[2022-08-12 05:26:13,573] {logging_mixin.py:115} INFO - Successfully loaded totals-staged.csv to s3-bucket-staged
[2022-08-12 05:27:28,716] {logging_mixin.py:115} INFO - Successfully loaded loss-adjusted-food-availability-staged.csv to s3-bucket-staged
[2022-08-12 05:27:28,735] {python.py:173} INFO - Done. Returned value was: None
[2022-08-12 05:27:28,763] {taskinstance.py:1420} INFO - Marking task as SUCCESS. dag_id=ETL_DAG_US_FOOD_NUTRITION, task_id=Stage_loss-adjusted-food-availability-clean, execution_date=20220812T051117, start_date=20220812T052334, end_date=20220812T052728
[2022-08-12 05:27:28,810] {local_task_job.py:156} INFO - Task exited with return code 0
[2022-08-12 05:27:28,841] {local_task_job.py:273} INFO - 1 downstream tasks scheduled from follow-on schedule check
