[2022-08-14 16:48:32,650] {taskinstance.py:1179} INFO - Dependencies all met for <TaskInstance: ETL_DAG.Ingest_from_2015 manual__2022-08-14T16:48:28.179984+00:00 [queued]>
[2022-08-14 16:48:32,667] {taskinstance.py:1179} INFO - Dependencies all met for <TaskInstance: ETL_DAG.Ingest_from_2015 manual__2022-08-14T16:48:28.179984+00:00 [queued]>
[2022-08-14 16:48:32,669] {taskinstance.py:1376} INFO - 
--------------------------------------------------------------------------------
[2022-08-14 16:48:32,671] {taskinstance.py:1377} INFO - Starting attempt 1 of 6
[2022-08-14 16:48:32,672] {taskinstance.py:1378} INFO - 
--------------------------------------------------------------------------------
[2022-08-14 16:48:32,695] {taskinstance.py:1397} INFO - Executing <Task(PythonOperator): Ingest_from_2015> on 2022-08-14 16:48:28.179984+00:00
[2022-08-14 16:48:32,714] {standard_task_runner.py:52} INFO - Started process 467 to run task
[2022-08-14 16:48:32,721] {standard_task_runner.py:79} INFO - Running: ['***', 'tasks', 'run', 'ETL_DAG', 'Ingest_from_2015', 'manual__2022-08-14T16:48:28.179984+00:00', '--job-id', '936', '--raw', '--subdir', 'DAGS_FOLDER/etl_dag.py', '--cfg-path', '/tmp/tmp0f6px_v6', '--error-file', '/tmp/tmph0j7_lnn']
[2022-08-14 16:48:32,728] {standard_task_runner.py:80} INFO - Job 936: Subtask Ingest_from_2015
[2022-08-14 16:48:32,827] {task_command.py:371} INFO - Running <TaskInstance: ETL_DAG.Ingest_from_2015 manual__2022-08-14T16:48:28.179984+00:00 [running]> on host 0dbf9d5e5cdb
[2022-08-14 16:48:32,947] {taskinstance.py:1591} INFO - Exporting the following env vars:
AIRFLOW_CTX_DAG_OWNER=narapady
AIRFLOW_CTX_DAG_ID=ETL_DAG
AIRFLOW_CTX_TASK_ID=Ingest_from_2015
AIRFLOW_CTX_EXECUTION_DATE=2022-08-14T16:48:28.179984+00:00
AIRFLOW_CTX_TRY_NUMBER=1
AIRFLOW_CTX_DAG_RUN_ID=manual__2022-08-14T16:48:28.179984+00:00
[2022-08-14 16:48:39,149] {logging_mixin.py:115} INFO - Successfully uploaded 2015/Table1_2015.xlsx to s3-bucket-raw-usda
[2022-08-14 16:48:40,324] {logging_mixin.py:115} INFO - Successfully uploaded 2015/Table2_2015.xlsx to s3-bucket-raw-usda
[2022-08-14 16:48:41,444] {logging_mixin.py:115} INFO - Successfully uploaded 2015/Table3_2015.xlsx to s3-bucket-raw-usda
[2022-08-14 16:48:42,658] {logging_mixin.py:115} INFO - Successfully uploaded 2015/Table4_2015.xlsx to s3-bucket-raw-usda
[2022-08-14 16:48:43,826] {logging_mixin.py:115} INFO - Successfully uploaded 2015/Table5_2015.xlsx to s3-bucket-raw-usda
[2022-08-14 16:48:44,970] {logging_mixin.py:115} INFO - Successfully uploaded 2015/Table6_2015.xlsx to s3-bucket-raw-usda
[2022-08-14 16:48:46,034] {logging_mixin.py:115} INFO - Successfully uploaded 2015/Table7_2015.xlsx to s3-bucket-raw-usda
[2022-08-14 16:48:47,166] {logging_mixin.py:115} INFO - Successfully uploaded 2015/Table8_2015.xlsx to s3-bucket-raw-usda
[2022-08-14 16:48:47,177] {python.py:173} INFO - Done. Returned value was: None
[2022-08-14 16:48:47,204] {taskinstance.py:1420} INFO - Marking task as SUCCESS. dag_id=ETL_DAG, task_id=Ingest_from_2015, execution_date=20220814T164828, start_date=20220814T164832, end_date=20220814T164847
[2022-08-14 16:48:47,258] {local_task_job.py:156} INFO - Task exited with return code 0
[2022-08-14 16:48:47,288] {local_task_job.py:273} INFO - 0 downstream tasks scheduled from follow-on schedule check
