[2022-08-11 19:47:21,727] {taskinstance.py:1179} INFO - Dependencies all met for <TaskInstance: ETL_DAG_V6.Ingest_from_consumer_price_index manual__2022-08-11T19:47:15.827552+00:00 [queued]>
[2022-08-11 19:47:21,749] {taskinstance.py:1179} INFO - Dependencies all met for <TaskInstance: ETL_DAG_V6.Ingest_from_consumer_price_index manual__2022-08-11T19:47:15.827552+00:00 [queued]>
[2022-08-11 19:47:21,751] {taskinstance.py:1376} INFO - 
--------------------------------------------------------------------------------
[2022-08-11 19:47:21,752] {taskinstance.py:1377} INFO - Starting attempt 1 of 6
[2022-08-11 19:47:21,753] {taskinstance.py:1378} INFO - 
--------------------------------------------------------------------------------
[2022-08-11 19:47:21,778] {taskinstance.py:1397} INFO - Executing <Task(PythonOperator): Ingest_from_consumer_price_index> on 2022-08-11 19:47:15.827552+00:00
[2022-08-11 19:47:21,791] {standard_task_runner.py:52} INFO - Started process 3849 to run task
[2022-08-11 19:47:21,795] {standard_task_runner.py:79} INFO - Running: ['***', 'tasks', 'run', 'ETL_DAG_V6', 'Ingest_from_consumer_price_index', 'manual__2022-08-11T19:47:15.827552+00:00', '--job-id', '547', '--raw', '--subdir', 'DAGS_FOLDER/etl_dag.py', '--cfg-path', '/tmp/tmptshnfnva', '--error-file', '/tmp/tmpj6yedw5j']
[2022-08-11 19:47:21,798] {standard_task_runner.py:80} INFO - Job 547: Subtask Ingest_from_consumer_price_index
[2022-08-11 19:47:21,907] {task_command.py:371} INFO - Running <TaskInstance: ETL_DAG_V6.Ingest_from_consumer_price_index manual__2022-08-11T19:47:15.827552+00:00 [running]> on host ce1be8c59d56
[2022-08-11 19:47:22,003] {taskinstance.py:1591} INFO - Exporting the following env vars:
AIRFLOW_CTX_DAG_OWNER=narapady
AIRFLOW_CTX_DAG_ID=ETL_DAG_V6
AIRFLOW_CTX_TASK_ID=Ingest_from_consumer_price_index
AIRFLOW_CTX_EXECUTION_DATE=2022-08-11T19:47:15.827552+00:00
AIRFLOW_CTX_TRY_NUMBER=1
AIRFLOW_CTX_DAG_RUN_ID=manual__2022-08-11T19:47:15.827552+00:00
[2022-08-11 19:47:29,406] {logging_mixin.py:115} INFO - Successfully uploaded consumer-price-index/CPIforecast.xlsx to s3-bucket-raw-usda
[2022-08-11 19:47:30,716] {logging_mixin.py:115} INFO - Successfully uploaded consumer-price-index/historicalcpi.xlsx to s3-bucket-raw-usda
[2022-08-11 19:47:30,718] {python.py:173} INFO - Done. Returned value was: None
[2022-08-11 19:47:30,728] {taskinstance.py:1420} INFO - Marking task as SUCCESS. dag_id=ETL_DAG_V6, task_id=Ingest_from_consumer_price_index, execution_date=20220811T194715, start_date=20220811T194721, end_date=20220811T194730
[2022-08-11 19:47:30,755] {local_task_job.py:156} INFO - Task exited with return code 0
[2022-08-11 19:47:30,785] {local_task_job.py:273} INFO - 0 downstream tasks scheduled from follow-on schedule check
