[2022-08-12 05:23:33,684] {taskinstance.py:1179} INFO - Dependencies all met for <TaskInstance: ETL_DAG_US_FOOD_NUTRITION.Stage_food-expenditure-clean manual__2022-08-12T05:11:17.280858+00:00 [queued]>
[2022-08-12 05:23:33,700] {taskinstance.py:1179} INFO - Dependencies all met for <TaskInstance: ETL_DAG_US_FOOD_NUTRITION.Stage_food-expenditure-clean manual__2022-08-12T05:11:17.280858+00:00 [queued]>
[2022-08-12 05:23:33,701] {taskinstance.py:1376} INFO - 
--------------------------------------------------------------------------------
[2022-08-12 05:23:33,703] {taskinstance.py:1377} INFO - Starting attempt 1 of 6
[2022-08-12 05:23:33,704] {taskinstance.py:1378} INFO - 
--------------------------------------------------------------------------------
[2022-08-12 05:23:33,726] {taskinstance.py:1397} INFO - Executing <Task(PythonOperator): Stage_food-expenditure-clean> on 2022-08-12 05:11:17.280858+00:00
[2022-08-12 05:23:33,744] {standard_task_runner.py:52} INFO - Started process 11471 to run task
[2022-08-12 05:23:33,758] {standard_task_runner.py:79} INFO - Running: ['***', 'tasks', 'run', 'ETL_DAG_US_FOOD_NUTRITION', 'Stage_food-expenditure-clean', 'manual__2022-08-12T05:11:17.280858+00:00', '--job-id', '826', '--raw', '--subdir', 'DAGS_FOLDER/etl_dag.py', '--cfg-path', '/tmp/tmp41kmh5ui', '--error-file', '/tmp/tmpyk4kyde9']
[2022-08-12 05:23:33,765] {standard_task_runner.py:80} INFO - Job 826: Subtask Stage_food-expenditure-clean
[2022-08-12 05:23:33,850] {task_command.py:371} INFO - Running <TaskInstance: ETL_DAG_US_FOOD_NUTRITION.Stage_food-expenditure-clean manual__2022-08-12T05:11:17.280858+00:00 [running]> on host ae5c2449a624
[2022-08-12 05:23:33,948] {taskinstance.py:1591} INFO - Exporting the following env vars:
AIRFLOW_CTX_DAG_OWNER=narapady
AIRFLOW_CTX_DAG_ID=ETL_DAG_US_FOOD_NUTRITION
AIRFLOW_CTX_TASK_ID=Stage_food-expenditure-clean
AIRFLOW_CTX_EXECUTION_DATE=2022-08-12T05:11:17.280858+00:00
AIRFLOW_CTX_TRY_NUMBER=1
AIRFLOW_CTX_DAG_RUN_ID=manual__2022-08-12T05:11:17.280858+00:00
[2022-08-12 05:23:43,039] {logging_mixin.py:115} INFO - Successfully loaded monthly-sales-staged.csv to s3-bucket-staged
[2022-08-12 05:23:43,453] {logging_mixin.py:115} INFO - Successfully loaded food-expenditure-staged.csv to s3-bucket-staged
[2022-08-12 05:23:43,459] {python.py:173} INFO - Done. Returned value was: None
[2022-08-12 05:23:43,482] {taskinstance.py:1420} INFO - Marking task as SUCCESS. dag_id=ETL_DAG_US_FOOD_NUTRITION, task_id=Stage_food-expenditure-clean, execution_date=20220812T051117, start_date=20220812T052333, end_date=20220812T052343
[2022-08-12 05:23:43,546] {local_task_job.py:156} INFO - Task exited with return code 0
[2022-08-12 05:23:43,572] {local_task_job.py:273} INFO - 0 downstream tasks scheduled from follow-on schedule check
