[2022-08-15 20:45:16,720] {taskinstance.py:1179} INFO - Dependencies all met for <TaskInstance: ETL_DAG.Transform_producer-price-index manual__2022-08-15T20:40:50.207703+00:00 [queued]>
[2022-08-15 20:45:16,740] {taskinstance.py:1179} INFO - Dependencies all met for <TaskInstance: ETL_DAG.Transform_producer-price-index manual__2022-08-15T20:40:50.207703+00:00 [queued]>
[2022-08-15 20:45:16,743] {taskinstance.py:1376} INFO - 
--------------------------------------------------------------------------------
[2022-08-15 20:45:16,745] {taskinstance.py:1377} INFO - Starting attempt 1 of 6
[2022-08-15 20:45:16,747] {taskinstance.py:1378} INFO - 
--------------------------------------------------------------------------------
[2022-08-15 20:45:16,777] {taskinstance.py:1397} INFO - Executing <Task(PythonOperator): Transform_producer-price-index> on 2022-08-15 20:40:50.207703+00:00
[2022-08-15 20:45:16,788] {standard_task_runner.py:52} INFO - Started process 686 to run task
[2022-08-15 20:45:16,797] {standard_task_runner.py:79} INFO - Running: ['***', 'tasks', 'run', 'ETL_DAG', 'Transform_producer-price-index', 'manual__2022-08-15T20:40:50.207703+00:00', '--job-id', '1019', '--raw', '--subdir', 'DAGS_FOLDER/etl_dag.py', '--cfg-path', '/tmp/tmp4kqtiwnm', '--error-file', '/tmp/tmp1z9hd8kn']
[2022-08-15 20:45:16,803] {standard_task_runner.py:80} INFO - Job 1019: Subtask Transform_producer-price-index
[2022-08-15 20:45:16,908] {task_command.py:371} INFO - Running <TaskInstance: ETL_DAG.Transform_producer-price-index manual__2022-08-15T20:40:50.207703+00:00 [running]> on host 42abdd2e54ec
[2022-08-15 20:45:16,995] {taskinstance.py:1591} INFO - Exporting the following env vars:
AIRFLOW_CTX_DAG_OWNER=narapady
AIRFLOW_CTX_DAG_ID=ETL_DAG
AIRFLOW_CTX_TASK_ID=Transform_producer-price-index
AIRFLOW_CTX_EXECUTION_DATE=2022-08-15T20:40:50.207703+00:00
AIRFLOW_CTX_TRY_NUMBER=1
AIRFLOW_CTX_DAG_RUN_ID=manual__2022-08-15T20:40:50.207703+00:00
[2022-08-15 20:45:50,965] {logging_mixin.py:115} INFO - Successfully process price-index-clean/producer-price-index.csv to S3
[2022-08-15 20:45:50,971] {python.py:173} INFO - Done. Returned value was: None
[2022-08-15 20:45:50,989] {taskinstance.py:1420} INFO - Marking task as SUCCESS. dag_id=ETL_DAG, task_id=Transform_producer-price-index, execution_date=20220815T204050, start_date=20220815T204516, end_date=20220815T204550
[2022-08-15 20:45:51,034] {local_task_job.py:156} INFO - Task exited with return code 0
[2022-08-15 20:45:51,061] {local_task_job.py:273} INFO - 0 downstream tasks scheduled from follow-on schedule check
