[2022-08-12 04:42:14,065] {taskinstance.py:1179} INFO - Dependencies all met for <TaskInstance: ETL_DAG_US_FOOD_NUTRITION.Ingest_from_2015 manual__2022-08-12T04:42:08.092521+00:00 [queued]>
[2022-08-12 04:42:14,083] {taskinstance.py:1179} INFO - Dependencies all met for <TaskInstance: ETL_DAG_US_FOOD_NUTRITION.Ingest_from_2015 manual__2022-08-12T04:42:08.092521+00:00 [queued]>
[2022-08-12 04:42:14,084] {taskinstance.py:1376} INFO - 
--------------------------------------------------------------------------------
[2022-08-12 04:42:14,086] {taskinstance.py:1377} INFO - Starting attempt 1 of 6
[2022-08-12 04:42:14,087] {taskinstance.py:1378} INFO - 
--------------------------------------------------------------------------------
[2022-08-12 04:42:14,115] {taskinstance.py:1397} INFO - Executing <Task(PythonOperator): Ingest_from_2015> on 2022-08-12 04:42:08.092521+00:00
[2022-08-12 04:42:14,125] {standard_task_runner.py:52} INFO - Started process 8692 to run task
[2022-08-12 04:42:14,138] {standard_task_runner.py:79} INFO - Running: ['***', 'tasks', 'run', 'ETL_DAG_US_FOOD_NUTRITION', 'Ingest_from_2015', 'manual__2022-08-12T04:42:08.092521+00:00', '--job-id', '795', '--raw', '--subdir', 'DAGS_FOLDER/etl_dag.py', '--cfg-path', '/tmp/tmporle9a2x', '--error-file', '/tmp/tmphve9yefn']
[2022-08-12 04:42:14,153] {standard_task_runner.py:80} INFO - Job 795: Subtask Ingest_from_2015
[2022-08-12 04:42:14,267] {task_command.py:371} INFO - Running <TaskInstance: ETL_DAG_US_FOOD_NUTRITION.Ingest_from_2015 manual__2022-08-12T04:42:08.092521+00:00 [running]> on host ae5c2449a624
[2022-08-12 04:42:14,417] {taskinstance.py:1591} INFO - Exporting the following env vars:
AIRFLOW_CTX_DAG_OWNER=narapady
AIRFLOW_CTX_DAG_ID=ETL_DAG_US_FOOD_NUTRITION
AIRFLOW_CTX_TASK_ID=Ingest_from_2015
AIRFLOW_CTX_EXECUTION_DATE=2022-08-12T04:42:08.092521+00:00
AIRFLOW_CTX_TRY_NUMBER=1
AIRFLOW_CTX_DAG_RUN_ID=manual__2022-08-12T04:42:08.092521+00:00
[2022-08-12 04:42:21,855] {logging_mixin.py:115} INFO - Successfully uploaded 2015/Table1_2015.xlsx to s3-bucket-raw-usda
[2022-08-12 04:42:23,220] {logging_mixin.py:115} INFO - Successfully uploaded 2015/Table2_2015.xlsx to s3-bucket-raw-usda
[2022-08-12 04:42:24,294] {logging_mixin.py:115} INFO - Successfully uploaded 2015/Table3_2015.xlsx to s3-bucket-raw-usda
[2022-08-12 04:42:25,421] {logging_mixin.py:115} INFO - Successfully uploaded 2015/Table4_2015.xlsx to s3-bucket-raw-usda
[2022-08-12 04:42:26,584] {logging_mixin.py:115} INFO - Successfully uploaded 2015/Table5_2015.xlsx to s3-bucket-raw-usda
[2022-08-12 04:42:27,777] {logging_mixin.py:115} INFO - Successfully uploaded 2015/Table6_2015.xlsx to s3-bucket-raw-usda
[2022-08-12 04:42:29,049] {logging_mixin.py:115} INFO - Successfully uploaded 2015/Table7_2015.xlsx to s3-bucket-raw-usda
[2022-08-12 04:42:30,239] {logging_mixin.py:115} INFO - Successfully uploaded 2015/Table8_2015.xlsx to s3-bucket-raw-usda
[2022-08-12 04:42:30,246] {python.py:173} INFO - Done. Returned value was: None
[2022-08-12 04:42:30,274] {taskinstance.py:1420} INFO - Marking task as SUCCESS. dag_id=ETL_DAG_US_FOOD_NUTRITION, task_id=Ingest_from_2015, execution_date=20220812T044208, start_date=20220812T044214, end_date=20220812T044230
[2022-08-12 04:42:30,323] {local_task_job.py:156} INFO - Task exited with return code 0
[2022-08-12 04:42:30,356] {local_task_job.py:273} INFO - 0 downstream tasks scheduled from follow-on schedule check
