[2022-08-11 20:49:47,433] {taskinstance.py:1179} INFO - Dependencies all met for <TaskInstance: ETL_DAG_V7.Transform_food-consumption-estimates manual__2022-08-11T02:24:39.409501+00:00 [queued]>
[2022-08-11 20:49:47,453] {taskinstance.py:1179} INFO - Dependencies all met for <TaskInstance: ETL_DAG_V7.Transform_food-consumption-estimates manual__2022-08-11T02:24:39.409501+00:00 [queued]>
[2022-08-11 20:49:47,455] {taskinstance.py:1376} INFO - 
--------------------------------------------------------------------------------
[2022-08-11 20:49:47,456] {taskinstance.py:1377} INFO - Starting attempt 1 of 6
[2022-08-11 20:49:47,457] {taskinstance.py:1378} INFO - 
--------------------------------------------------------------------------------
[2022-08-11 20:49:47,473] {taskinstance.py:1397} INFO - Executing <Task(PythonOperator): Transform_food-consumption-estimates> on 2022-08-11 02:24:39.409501+00:00
[2022-08-11 20:49:47,489] {standard_task_runner.py:52} INFO - Started process 8196 to run task
[2022-08-11 20:49:47,503] {standard_task_runner.py:79} INFO - Running: ['***', 'tasks', 'run', 'ETL_DAG_V7', 'Transform_food-consumption-estimates', 'manual__2022-08-11T02:24:39.409501+00:00', '--job-id', '597', '--raw', '--subdir', 'DAGS_FOLDER/etl_dag.py', '--cfg-path', '/tmp/tmp3pudty2s', '--error-file', '/tmp/tmpm42r75pd']
[2022-08-11 20:49:47,507] {standard_task_runner.py:80} INFO - Job 597: Subtask Transform_food-consumption-estimates
[2022-08-11 20:49:47,631] {task_command.py:371} INFO - Running <TaskInstance: ETL_DAG_V7.Transform_food-consumption-estimates manual__2022-08-11T02:24:39.409501+00:00 [running]> on host ce1be8c59d56
[2022-08-11 20:49:47,791] {taskinstance.py:1591} INFO - Exporting the following env vars:
AIRFLOW_CTX_DAG_OWNER=narapady
AIRFLOW_CTX_DAG_ID=ETL_DAG_V7
AIRFLOW_CTX_TASK_ID=Transform_food-consumption-estimates
AIRFLOW_CTX_EXECUTION_DATE=2022-08-11T02:24:39.409501+00:00
AIRFLOW_CTX_TRY_NUMBER=1
AIRFLOW_CTX_DAG_RUN_ID=manual__2022-08-11T02:24:39.409501+00:00
[2022-08-11 20:50:05,314] {logging_mixin.py:115} INFO - Successfully process food-consumption-estimates-clean/Total population-2015-2016.csv to S3
[2022-08-11 20:50:05,600] {logging_mixin.py:115} INFO - Successfully process food-consumption-estimates-clean/Total population-2017-2018.csv to S3
[2022-08-11 20:50:05,928] {logging_mixin.py:115} INFO - Successfully process food-consumption-estimates-clean/Children age 2–19-2015-2016.csv to S3
[2022-08-11 20:50:06,217] {logging_mixin.py:115} INFO - Successfully process food-consumption-estimates-clean/Children age 2–19-2017-2018.csv to S3
[2022-08-11 20:50:06,539] {logging_mixin.py:115} INFO - Successfully process food-consumption-estimates-clean/Adults age 20-64-2015-2016.csv to S3
[2022-08-11 20:50:06,860] {logging_mixin.py:115} INFO - Successfully process food-consumption-estimates-clean/Adults age 20-64-2017-2018.csv to S3
[2022-08-11 20:50:07,169] {logging_mixin.py:115} INFO - Successfully process food-consumption-estimates-clean/Seniors age 65 and above-2015-2016.csv to S3
[2022-08-11 20:50:07,457] {logging_mixin.py:115} INFO - Successfully process food-consumption-estimates-clean/Seniors age 65 and above-2017-2018.csv to S3
[2022-08-11 20:50:07,768] {logging_mixin.py:115} INFO - Successfully process food-consumption-estimates-clean/Household income < 185% poverty line-2015-2016.csv to S3
[2022-08-11 20:50:08,086] {logging_mixin.py:115} INFO - Successfully process food-consumption-estimates-clean/Household income < 185% poverty line-2017-2018.csv to S3
[2022-08-11 20:50:08,396] {logging_mixin.py:115} INFO - Successfully process food-consumption-estimates-clean/Household income 185–300% poverty line-2015-2016.csv to S3
[2022-08-11 20:50:08,701] {logging_mixin.py:115} INFO - Successfully process food-consumption-estimates-clean/Household income 185–300% poverty line-2017-2018.csv to S3
[2022-08-11 20:50:09,019] {logging_mixin.py:115} INFO - Successfully process food-consumption-estimates-clean/Household income > 300% poverty line-2015-2016.csv to S3
[2022-08-11 20:50:09,292] {logging_mixin.py:115} INFO - Successfully process food-consumption-estimates-clean/Household income > 300% poverty line-2017-2018.csv to S3
[2022-08-11 20:50:09,296] {python.py:173} INFO - Done. Returned value was: None
[2022-08-11 20:50:09,325] {taskinstance.py:1420} INFO - Marking task as SUCCESS. dag_id=ETL_DAG_V7, task_id=Transform_food-consumption-estimates, execution_date=20220811T022439, start_date=20220811T204947, end_date=20220811T205009
[2022-08-11 20:50:09,379] {local_task_job.py:156} INFO - Task exited with return code 0
[2022-08-11 20:50:09,409] {local_task_job.py:273} INFO - 0 downstream tasks scheduled from follow-on schedule check
