[2022-08-10 19:07:40,850] {taskinstance.py:1179} INFO - Dependencies all met for <TaskInstance: ETL_DAG_V12.Stager manual__2022-08-10T18:50:06.761583+00:00 [queued]>
[2022-08-10 19:07:40,856] {taskinstance.py:1179} INFO - Dependencies all met for <TaskInstance: ETL_DAG_V12.Stager manual__2022-08-10T18:50:06.761583+00:00 [queued]>
[2022-08-10 19:07:40,857] {taskinstance.py:1376} INFO - 
--------------------------------------------------------------------------------
[2022-08-10 19:07:40,858] {taskinstance.py:1377} INFO - Starting attempt 1 of 6
[2022-08-10 19:07:40,860] {taskinstance.py:1378} INFO - 
--------------------------------------------------------------------------------
[2022-08-10 19:07:40,867] {taskinstance.py:1397} INFO - Executing <Task(PythonOperator): Stager> on 2022-08-10 18:50:06.761583+00:00
[2022-08-10 19:07:40,874] {standard_task_runner.py:52} INFO - Started process 77699 to run task
[2022-08-10 19:07:40,877] {standard_task_runner.py:79} INFO - Running: ['***', 'tasks', 'run', 'ETL_DAG_V12', 'Stager', 'manual__2022-08-10T18:50:06.761583+00:00', '--job-id', '134', '--raw', '--subdir', 'DAGS_FOLDER/etl_dag.py', '--cfg-path', '/tmp/tmpf8kkufef', '--error-file', '/tmp/tmp3xr9riyg']
[2022-08-10 19:07:40,878] {standard_task_runner.py:80} INFO - Job 134: Subtask Stager
[2022-08-10 19:07:40,923] {task_command.py:371} INFO - Running <TaskInstance: ETL_DAG_V12.Stager manual__2022-08-10T18:50:06.761583+00:00 [running]> on host 8d3924a1d70c
[2022-08-10 19:07:40,966] {taskinstance.py:1591} INFO - Exporting the following env vars:
AIRFLOW_CTX_DAG_OWNER=narapady
AIRFLOW_CTX_DAG_ID=ETL_DAG_V12
AIRFLOW_CTX_TASK_ID=Stager
AIRFLOW_CTX_EXECUTION_DATE=2022-08-10T18:50:06.761583+00:00
AIRFLOW_CTX_TRY_NUMBER=1
AIRFLOW_CTX_DAG_RUN_ID=manual__2022-08-10T18:50:06.761583+00:00
[2022-08-10 19:07:44,684] {logging_mixin.py:115} INFO - Successfully loaded Obesity_GDP_PanelData-staged.csv to s3-bucket-staged
[2022-08-10 19:08:05,549] {logging_mixin.py:115} INFO - Successfully loaded obesity-staged.csv to s3-bucket-staged
[2022-08-10 19:08:11,084] {logging_mixin.py:115} INFO - Successfully loaded fast-food-staged.csv to s3-bucket-staged
[2022-08-10 19:08:23,068] {logging_mixin.py:115} INFO - Successfully loaded food-consumption-estimates-staged.csv to s3-bucket-staged
[2022-08-10 19:08:39,021] {logging_mixin.py:115} INFO - Successfully loaded nutrient-intake-estimates-staged.csv to s3-bucket-staged
[2022-08-10 19:08:48,887] {logging_mixin.py:115} INFO - Successfully loaded monthly-sales-staged.csv to s3-bucket-staged
[2022-08-10 19:08:49,313] {logging_mixin.py:115} INFO - Successfully loaded food-expenditure-staged.csv to s3-bucket-staged
[2022-08-10 19:08:52,703] {logging_mixin.py:115} INFO - Successfully loaded price-index-staged.csv to s3-bucket-staged
[2022-08-10 19:11:47,504] {logging_mixin.py:115} INFO - Successfully loaded percents-staged.csv to s3-bucket-staged
[2022-08-10 19:11:57,824] {logging_mixin.py:115} INFO - Successfully loaded totals-staged.csv to s3-bucket-staged
[2022-08-10 19:12:59,379] {logging_mixin.py:115} INFO - Successfully loaded loss-adjusted-food-availability-staged.csv to s3-bucket-staged
[2022-08-10 19:12:59,385] {python.py:173} INFO - Done. Returned value was: None
[2022-08-10 19:12:59,402] {taskinstance.py:1420} INFO - Marking task as SUCCESS. dag_id=ETL_DAG_V12, task_id=Stager, execution_date=20220810T185006, start_date=20220810T190740, end_date=20220810T191259
[2022-08-10 19:12:59,488] {local_task_job.py:156} INFO - Task exited with return code 0
[2022-08-10 19:12:59,510] {local_task_job.py:273} INFO - 0 downstream tasks scheduled from follow-on schedule check
