[2022-08-09 05:36:27,598] {taskinstance.py:1179} INFO - Dependencies all met for <TaskInstance: ETL_DAG_V9.Stager manual__2022-08-09T05:36:26.534370+00:00 [queued]>
[2022-08-09 05:36:27,605] {taskinstance.py:1179} INFO - Dependencies all met for <TaskInstance: ETL_DAG_V9.Stager manual__2022-08-09T05:36:26.534370+00:00 [queued]>
[2022-08-09 05:36:27,606] {taskinstance.py:1376} INFO - 
--------------------------------------------------------------------------------
[2022-08-09 05:36:27,607] {taskinstance.py:1377} INFO - Starting attempt 1 of 6
[2022-08-09 05:36:27,608] {taskinstance.py:1378} INFO - 
--------------------------------------------------------------------------------
[2022-08-09 05:36:27,617] {taskinstance.py:1397} INFO - Executing <Task(PythonOperator): Stager> on 2022-08-09 05:36:26.534370+00:00
[2022-08-09 05:36:27,622] {standard_task_runner.py:52} INFO - Started process 24080 to run task
[2022-08-09 05:36:27,625] {standard_task_runner.py:79} INFO - Running: ['***', 'tasks', 'run', 'ETL_DAG_V9', 'Stager', 'manual__2022-08-09T05:36:26.534370+00:00', '--job-id', '124', '--raw', '--subdir', 'DAGS_FOLDER/etl_dag.py', '--cfg-path', '/tmp/tmp2wc5bycp', '--error-file', '/tmp/tmpzz4k7f4g']
[2022-08-09 05:36:27,628] {standard_task_runner.py:80} INFO - Job 124: Subtask Stager
[2022-08-09 05:36:27,682] {task_command.py:371} INFO - Running <TaskInstance: ETL_DAG_V9.Stager manual__2022-08-09T05:36:26.534370+00:00 [running]> on host 8d3924a1d70c
[2022-08-09 05:36:27,732] {taskinstance.py:1591} INFO - Exporting the following env vars:
AIRFLOW_CTX_DAG_OWNER=narapady
AIRFLOW_CTX_DAG_ID=ETL_DAG_V9
AIRFLOW_CTX_TASK_ID=Stager
AIRFLOW_CTX_EXECUTION_DATE=2022-08-09T05:36:26.534370+00:00
AIRFLOW_CTX_TRY_NUMBER=1
AIRFLOW_CTX_DAG_RUN_ID=manual__2022-08-09T05:36:26.534370+00:00
[2022-08-09 05:38:53,007] {logging_mixin.py:115} INFO - Successfully loaded percents-staged.csv to s3-bucket-staged
[2022-08-09 05:39:02,189] {logging_mixin.py:115} INFO - Successfully loaded totals-staged.csv to s3-bucket-staged
[2022-08-09 05:40:00,214] {logging_mixin.py:115} INFO - Successfully loaded loss-adjusted-food-availability-staged.csv to s3-bucket-staged
[2022-08-09 05:40:00,236] {python.py:173} INFO - Done. Returned value was: None
[2022-08-09 05:40:00,274] {taskinstance.py:1420} INFO - Marking task as SUCCESS. dag_id=ETL_DAG_V9, task_id=Stager, execution_date=20220809T053626, start_date=20220809T053627, end_date=20220809T054000
[2022-08-09 05:40:00,361] {local_task_job.py:156} INFO - Task exited with return code 0
[2022-08-09 05:40:00,396] {local_task_job.py:273} INFO - 0 downstream tasks scheduled from follow-on schedule check
