[2022-08-16 18:57:18,026] {taskinstance.py:1179} INFO - Dependencies all met for <TaskInstance: ETL_DAG.Ingest_from_consumer_price_index manual__2022-08-16T18:57:11.917054+00:00 [queued]>
[2022-08-16 18:57:18,046] {taskinstance.py:1179} INFO - Dependencies all met for <TaskInstance: ETL_DAG.Ingest_from_consumer_price_index manual__2022-08-16T18:57:11.917054+00:00 [queued]>
[2022-08-16 18:57:18,047] {taskinstance.py:1376} INFO - 
--------------------------------------------------------------------------------
[2022-08-16 18:57:18,049] {taskinstance.py:1377} INFO - Starting attempt 1 of 6
[2022-08-16 18:57:18,051] {taskinstance.py:1378} INFO - 
--------------------------------------------------------------------------------
[2022-08-16 18:57:18,068] {taskinstance.py:1397} INFO - Executing <Task(PythonOperator): Ingest_from_consumer_price_index> on 2022-08-16 18:57:11.917054+00:00
[2022-08-16 18:57:18,074] {standard_task_runner.py:52} INFO - Started process 246 to run task
[2022-08-16 18:57:18,099] {standard_task_runner.py:79} INFO - Running: ['***', 'tasks', 'run', 'ETL_DAG', 'Ingest_from_consumer_price_index', 'manual__2022-08-16T18:57:11.917054+00:00', '--job-id', '1084', '--raw', '--subdir', 'DAGS_FOLDER/etl_dag.py', '--cfg-path', '/tmp/tmplofdgdhj', '--error-file', '/tmp/tmplul6m415']
[2022-08-16 18:57:18,123] {standard_task_runner.py:80} INFO - Job 1084: Subtask Ingest_from_consumer_price_index
[2022-08-16 18:57:18,241] {task_command.py:371} INFO - Running <TaskInstance: ETL_DAG.Ingest_from_consumer_price_index manual__2022-08-16T18:57:11.917054+00:00 [running]> on host c7fa0145da3e
[2022-08-16 18:57:18,414] {taskinstance.py:1591} INFO - Exporting the following env vars:
AIRFLOW_CTX_DAG_OWNER=narapady
AIRFLOW_CTX_DAG_ID=ETL_DAG
AIRFLOW_CTX_TASK_ID=Ingest_from_consumer_price_index
AIRFLOW_CTX_EXECUTION_DATE=2022-08-16T18:57:11.917054+00:00
AIRFLOW_CTX_TRY_NUMBER=1
AIRFLOW_CTX_DAG_RUN_ID=manual__2022-08-16T18:57:11.917054+00:00
[2022-08-16 18:57:26,167] {logging_mixin.py:115} INFO - Successfully uploaded consumer-price-index/CPIforecast.xlsx to s3-bucket-raw-usda
[2022-08-16 18:57:27,430] {logging_mixin.py:115} INFO - Successfully uploaded consumer-price-index/historicalcpi.xlsx to s3-bucket-raw-usda
[2022-08-16 18:57:27,432] {python.py:173} INFO - Done. Returned value was: None
[2022-08-16 18:57:27,443] {taskinstance.py:1420} INFO - Marking task as SUCCESS. dag_id=ETL_DAG, task_id=Ingest_from_consumer_price_index, execution_date=20220816T185711, start_date=20220816T185718, end_date=20220816T185727
[2022-08-16 18:57:27,470] {local_task_job.py:156} INFO - Task exited with return code 0
[2022-08-16 18:57:27,497] {local_task_job.py:273} INFO - 0 downstream tasks scheduled from follow-on schedule check
