[2022-08-11 23:15:12,179] {taskinstance.py:1179} INFO - Dependencies all met for <TaskInstance: ETL_DAG_US_FOOD_NUTRITION.Create_s3_bucket_stage manual__2022-08-11T23:09:24.436624+00:00 [queued]>
[2022-08-11 23:15:12,187] {taskinstance.py:1179} INFO - Dependencies all met for <TaskInstance: ETL_DAG_US_FOOD_NUTRITION.Create_s3_bucket_stage manual__2022-08-11T23:09:24.436624+00:00 [queued]>
[2022-08-11 23:15:12,188] {taskinstance.py:1376} INFO - 
--------------------------------------------------------------------------------
[2022-08-11 23:15:12,189] {taskinstance.py:1377} INFO - Starting attempt 1 of 6
[2022-08-11 23:15:12,190] {taskinstance.py:1378} INFO - 
--------------------------------------------------------------------------------
[2022-08-11 23:15:12,198] {taskinstance.py:1397} INFO - Executing <Task(PythonOperator): Create_s3_bucket_stage> on 2022-08-11 23:09:24.436624+00:00
[2022-08-11 23:15:12,203] {standard_task_runner.py:52} INFO - Started process 6614 to run task
[2022-08-11 23:15:12,206] {standard_task_runner.py:79} INFO - Running: ['***', 'tasks', 'run', 'ETL_DAG_US_FOOD_NUTRITION', 'Create_s3_bucket_stage', 'manual__2022-08-11T23:09:24.436624+00:00', '--job-id', '726', '--raw', '--subdir', 'DAGS_FOLDER/etl_dag.py', '--cfg-path', '/tmp/tmpi4518kkq', '--error-file', '/tmp/tmpxri07scd']
[2022-08-11 23:15:12,209] {standard_task_runner.py:80} INFO - Job 726: Subtask Create_s3_bucket_stage
[2022-08-11 23:15:12,255] {task_command.py:371} INFO - Running <TaskInstance: ETL_DAG_US_FOOD_NUTRITION.Create_s3_bucket_stage manual__2022-08-11T23:09:24.436624+00:00 [running]> on host a02c2b8cab8b
[2022-08-11 23:15:12,298] {taskinstance.py:1591} INFO - Exporting the following env vars:
AIRFLOW_CTX_DAG_OWNER=narapady
AIRFLOW_CTX_DAG_ID=ETL_DAG_US_FOOD_NUTRITION
AIRFLOW_CTX_TASK_ID=Create_s3_bucket_stage
AIRFLOW_CTX_EXECUTION_DATE=2022-08-11T23:09:24.436624+00:00
AIRFLOW_CTX_TRY_NUMBER=1
AIRFLOW_CTX_DAG_RUN_ID=manual__2022-08-11T23:09:24.436624+00:00
[2022-08-11 23:15:13,336] {python.py:173} INFO - Done. Returned value was: {'ResponseMetadata': {'RequestId': 'JWPMYEK8CD4WQZC7', 'HostId': 'QWTPdWqPMDR+2oZArx/zYbTRWpvbQY7VmOkyaVxhXa1DqVdr3yK641t2OWNFQOuHeBvNT8CsWe4=', 'HTTPStatusCode': 200, 'HTTPHeaders': {'x-amz-id-2': 'QWTPdWqPMDR+2oZArx/zYbTRWpvbQY7VmOkyaVxhXa1DqVdr3yK641t2OWNFQOuHeBvNT8CsWe4=', 'x-amz-request-id': 'JWPMYEK8CD4WQZC7', 'date': 'Thu, 11 Aug 2022 23:15:14 GMT', 'location': '/s3-bucket-staged', 'server': 'AmazonS3', 'content-length': '0'}, 'RetryAttempts': 0}, 'Location': '/s3-bucket-staged'}
[2022-08-11 23:15:13,363] {taskinstance.py:1420} INFO - Marking task as SUCCESS. dag_id=ETL_DAG_US_FOOD_NUTRITION, task_id=Create_s3_bucket_stage, execution_date=20220811T230924, start_date=20220811T231512, end_date=20220811T231513
[2022-08-11 23:15:13,390] {local_task_job.py:156} INFO - Task exited with return code 0
[2022-08-11 23:15:13,431] {local_task_job.py:273} INFO - 7 downstream tasks scheduled from follow-on schedule check
