[2022-08-08 07:26:00,351] {taskinstance.py:1179} INFO - Dependencies all met for <TaskInstance: etl_dag_v3.Ingest manual__2022-08-08T07:25:59.752397+00:00 [queued]>
[2022-08-08 07:26:00,357] {taskinstance.py:1179} INFO - Dependencies all met for <TaskInstance: etl_dag_v3.Ingest manual__2022-08-08T07:25:59.752397+00:00 [queued]>
[2022-08-08 07:26:00,358] {taskinstance.py:1376} INFO - 
--------------------------------------------------------------------------------
[2022-08-08 07:26:00,359] {taskinstance.py:1377} INFO - Starting attempt 1 of 6
[2022-08-08 07:26:00,360] {taskinstance.py:1378} INFO - 
--------------------------------------------------------------------------------
[2022-08-08 07:26:00,368] {taskinstance.py:1397} INFO - Executing <Task(PythonOperator): Ingest> on 2022-08-08 07:25:59.752397+00:00
[2022-08-08 07:26:00,373] {standard_task_runner.py:52} INFO - Started process 7668 to run task
[2022-08-08 07:26:00,376] {standard_task_runner.py:79} INFO - Running: ['***', 'tasks', 'run', 'etl_dag_v3', 'Ingest', 'manual__2022-08-08T07:25:59.752397+00:00', '--job-id', '92', '--raw', '--subdir', 'DAGS_FOLDER/etl_dag.py', '--cfg-path', '/tmp/tmpi407kgpv', '--error-file', '/tmp/tmpurveulw1']
[2022-08-08 07:26:00,379] {standard_task_runner.py:80} INFO - Job 92: Subtask Ingest
[2022-08-08 07:26:00,435] {task_command.py:371} INFO - Running <TaskInstance: etl_dag_v3.Ingest manual__2022-08-08T07:25:59.752397+00:00 [running]> on host 8d3924a1d70c
[2022-08-08 07:26:00,486] {taskinstance.py:1591} INFO - Exporting the following env vars:
AIRFLOW_CTX_DAG_OWNER=narapady
AIRFLOW_CTX_DAG_ID=etl_dag_v3
AIRFLOW_CTX_TASK_ID=Ingest
AIRFLOW_CTX_EXECUTION_DATE=2022-08-08T07:25:59.752397+00:00
AIRFLOW_CTX_TRY_NUMBER=1
AIRFLOW_CTX_DAG_RUN_ID=manual__2022-08-08T07:25:59.752397+00:00
[2022-08-08 07:26:04,048] {logging_mixin.py:115} INFO - Successfully uploaded food-at-home-and-food-away-from-home/FAH_total.xls to s3-bucket-raw-usda
[2022-08-08 07:26:05,899] {logging_mixin.py:115} INFO - Successfully uploaded food-at-home-and-food-away-from-home/FAH_gender.xls to s3-bucket-raw-usda
[2022-08-08 07:26:07,663] {logging_mixin.py:115} INFO - Successfully uploaded food-at-home-and-food-away-from-home/FAH_income.xls to s3-bucket-raw-usda
[2022-08-08 07:26:09,497] {logging_mixin.py:115} INFO - Successfully uploaded food-at-home-and-food-away-from-home/FAH_education.xls to s3-bucket-raw-usda
[2022-08-08 07:26:12,047] {logging_mixin.py:115} INFO - Successfully uploaded food-at-home-and-food-away-from-home/FAH_race.xls to s3-bucket-raw-usda
[2022-08-08 07:26:13,474] {logging_mixin.py:115} INFO - Successfully uploaded food-at-home-and-food-away-from-home/FAFH_total.xls to s3-bucket-raw-usda
[2022-08-08 07:26:16,450] {logging_mixin.py:115} INFO - Successfully uploaded food-at-home-and-food-away-from-home/FAFH_gender.xls to s3-bucket-raw-usda
[2022-08-08 07:26:18,615] {logging_mixin.py:115} INFO - Successfully uploaded food-at-home-and-food-away-from-home/FAFH_income.xls to s3-bucket-raw-usda
[2022-08-08 07:26:20,587] {logging_mixin.py:115} INFO - Successfully uploaded food-at-home-and-food-away-from-home/FAFH_education.xls to s3-bucket-raw-usda
[2022-08-08 07:26:22,574] {logging_mixin.py:115} INFO - Successfully uploaded demographic-and-socioeconomic-characteristics/CommodityConsumption_table1.xls to s3-bucket-raw-usda
[2022-08-08 07:26:24,470] {logging_mixin.py:115} INFO - Successfully uploaded demographic-and-socioeconomic-characteristics/CommodityConsumption_table2.xls to s3-bucket-raw-usda
[2022-08-08 07:26:26,620] {logging_mixin.py:115} INFO - Successfully uploaded demographic-and-socioeconomic-characteristics/CommodityConsumption_table3.xls to s3-bucket-raw-usda
[2022-08-08 07:26:28,669] {logging_mixin.py:115} INFO - Successfully uploaded demographic-and-socioeconomic-characteristics/CommodityConsumption_table4.xls to s3-bucket-raw-usda
[2022-08-08 07:26:30,382] {logging_mixin.py:115} INFO - Successfully uploaded demographic-and-socioeconomic-characteristics/CommodityConsumption_table5.xls to s3-bucket-raw-usda
[2022-08-08 07:26:30,403] {python.py:173} INFO - Done. Returned value was: None
[2022-08-08 07:26:30,429] {taskinstance.py:1420} INFO - Marking task as SUCCESS. dag_id=etl_dag_v3, task_id=Ingest, execution_date=20220808T072559, start_date=20220808T072600, end_date=20220808T072630
[2022-08-08 07:26:30,493] {local_task_job.py:156} INFO - Task exited with return code 0
[2022-08-08 07:26:30,512] {local_task_job.py:273} INFO - 0 downstream tasks scheduled from follow-on schedule check
