[2022-08-11 21:34:06,302] {taskinstance.py:1179} INFO - Dependencies all met for <TaskInstance: ETL_DAG_V8.Ingest_from_current_food_expenditure_series manual__2022-08-11T21:34:01.587578+00:00 [queued]>
[2022-08-11 21:34:06,330] {taskinstance.py:1179} INFO - Dependencies all met for <TaskInstance: ETL_DAG_V8.Ingest_from_current_food_expenditure_series manual__2022-08-11T21:34:01.587578+00:00 [queued]>
[2022-08-11 21:34:06,331] {taskinstance.py:1376} INFO - 
--------------------------------------------------------------------------------
[2022-08-11 21:34:06,333] {taskinstance.py:1377} INFO - Starting attempt 1 of 6
[2022-08-11 21:34:06,334] {taskinstance.py:1378} INFO - 
--------------------------------------------------------------------------------
[2022-08-11 21:34:06,353] {taskinstance.py:1397} INFO - Executing <Task(PythonOperator): Ingest_from_current_food_expenditure_series> on 2022-08-11 21:34:01.587578+00:00
[2022-08-11 21:34:06,376] {standard_task_runner.py:52} INFO - Started process 234 to run task
[2022-08-11 21:34:06,416] {standard_task_runner.py:79} INFO - Running: ['***', 'tasks', 'run', 'ETL_DAG_V8', 'Ingest_from_current_food_expenditure_series', 'manual__2022-08-11T21:34:01.587578+00:00', '--job-id', '671', '--raw', '--subdir', 'DAGS_FOLDER/etl_dag.py', '--cfg-path', '/tmp/tmp37u2u2by', '--error-file', '/tmp/tmp1sbcu0nl']
[2022-08-11 21:34:06,423] {standard_task_runner.py:80} INFO - Job 671: Subtask Ingest_from_current_food_expenditure_series
[2022-08-11 21:34:06,575] {task_command.py:371} INFO - Running <TaskInstance: ETL_DAG_V8.Ingest_from_current_food_expenditure_series manual__2022-08-11T21:34:01.587578+00:00 [running]> on host a02c2b8cab8b
[2022-08-11 21:34:06,746] {taskinstance.py:1591} INFO - Exporting the following env vars:
AIRFLOW_CTX_DAG_OWNER=narapady
AIRFLOW_CTX_DAG_ID=ETL_DAG_V8
AIRFLOW_CTX_TASK_ID=Ingest_from_current_food_expenditure_series
AIRFLOW_CTX_EXECUTION_DATE=2022-08-11T21:34:01.587578+00:00
AIRFLOW_CTX_TRY_NUMBER=1
AIRFLOW_CTX_DAG_RUN_ID=manual__2022-08-11T21:34:01.587578+00:00
[2022-08-11 21:34:14,432] {logging_mixin.py:115} INFO - Successfully uploaded current-food-expenditure-series/nominal_expenditures.xlsx to s3-bucket-raw-usda
[2022-08-11 21:34:15,798] {logging_mixin.py:115} INFO - Successfully uploaded current-food-expenditure-series/nominal_expenditures_no_taxes_tips.xlsx to s3-bucket-raw-usda
[2022-08-11 21:34:17,035] {logging_mixin.py:115} INFO - Successfully uploaded current-food-expenditure-series/constant_dollar_expenditures.xlsx to s3-bucket-raw-usda
[2022-08-11 21:34:18,322] {logging_mixin.py:115} INFO - Successfully uploaded current-food-expenditure-series/constant_dollar_expenditures_no_taxes_tips.xlsx to s3-bucket-raw-usda
[2022-08-11 21:34:19,529] {logging_mixin.py:115} INFO - Successfully uploaded current-food-expenditure-series/food_expenditures_source_funds.xlsx to s3-bucket-raw-usda
[2022-08-11 21:34:20,868] {logging_mixin.py:115} INFO - Successfully uploaded current-food-expenditure-series/normalized_food_expenditures.xlsx to s3-bucket-raw-usda
[2022-08-11 21:34:22,380] {logging_mixin.py:115} INFO - Successfully uploaded current-food-expenditure-series/monthly_sales.xlsx to s3-bucket-raw-usda
[2022-08-11 21:34:23,823] {logging_mixin.py:115} INFO - Successfully uploaded current-food-expenditure-series/archived_nominal_expenditures_1.xlsx to s3-bucket-raw-usda
[2022-08-11 21:34:25,042] {logging_mixin.py:115} INFO - Successfully uploaded current-food-expenditure-series/archived_expenditures_purchaser_2.xlsx to s3-bucket-raw-usda
[2022-08-11 21:34:26,345] {logging_mixin.py:115} INFO - Successfully uploaded current-food-expenditure-series/archived_normalized_expenditures_3.xlsx to s3-bucket-raw-usda
[2022-08-11 21:34:27,555] {logging_mixin.py:115} INFO - Successfully uploaded current-food-expenditure-series/archived_monthly_4.xlsx to s3-bucket-raw-usda
[2022-08-11 21:34:27,562] {python.py:173} INFO - Done. Returned value was: None
[2022-08-11 21:34:27,576] {taskinstance.py:1420} INFO - Marking task as SUCCESS. dag_id=ETL_DAG_V8, task_id=Ingest_from_current_food_expenditure_series, execution_date=20220811T213401, start_date=20220811T213406, end_date=20220811T213427
[2022-08-11 21:34:27,641] {local_task_job.py:156} INFO - Task exited with return code 0
[2022-08-11 21:34:27,674] {local_task_job.py:273} INFO - 0 downstream tasks scheduled from follow-on schedule check
