[2022-08-14 16:48:32,960] {taskinstance.py:1179} INFO - Dependencies all met for <TaskInstance: ETL_DAG.Ingest_from_loss-adjusted_food_availability manual__2022-08-14T16:48:28.179984+00:00 [queued]>
[2022-08-14 16:48:32,983] {taskinstance.py:1179} INFO - Dependencies all met for <TaskInstance: ETL_DAG.Ingest_from_loss-adjusted_food_availability manual__2022-08-14T16:48:28.179984+00:00 [queued]>
[2022-08-14 16:48:32,985] {taskinstance.py:1376} INFO - 
--------------------------------------------------------------------------------
[2022-08-14 16:48:32,987] {taskinstance.py:1377} INFO - Starting attempt 1 of 6
[2022-08-14 16:48:32,989] {taskinstance.py:1378} INFO - 
--------------------------------------------------------------------------------
[2022-08-14 16:48:33,017] {taskinstance.py:1397} INFO - Executing <Task(PythonOperator): Ingest_from_loss-adjusted_food_availability> on 2022-08-14 16:48:28.179984+00:00
[2022-08-14 16:48:33,021] {standard_task_runner.py:52} INFO - Started process 469 to run task
[2022-08-14 16:48:33,037] {standard_task_runner.py:79} INFO - Running: ['***', 'tasks', 'run', 'ETL_DAG', 'Ingest_from_loss-adjusted_food_availability', 'manual__2022-08-14T16:48:28.179984+00:00', '--job-id', '938', '--raw', '--subdir', 'DAGS_FOLDER/etl_dag.py', '--cfg-path', '/tmp/tmpoa13qrqq', '--error-file', '/tmp/tmpuww7_mqr']
[2022-08-14 16:48:33,041] {standard_task_runner.py:80} INFO - Job 938: Subtask Ingest_from_loss-adjusted_food_availability
[2022-08-14 16:48:33,128] {task_command.py:371} INFO - Running <TaskInstance: ETL_DAG.Ingest_from_loss-adjusted_food_availability manual__2022-08-14T16:48:28.179984+00:00 [running]> on host 0dbf9d5e5cdb
[2022-08-14 16:48:33,348] {taskinstance.py:1591} INFO - Exporting the following env vars:
AIRFLOW_CTX_DAG_OWNER=narapady
AIRFLOW_CTX_DAG_ID=ETL_DAG
AIRFLOW_CTX_TASK_ID=Ingest_from_loss-adjusted_food_availability
AIRFLOW_CTX_EXECUTION_DATE=2022-08-14T16:48:28.179984+00:00
AIRFLOW_CTX_TRY_NUMBER=1
AIRFLOW_CTX_DAG_RUN_ID=manual__2022-08-14T16:48:28.179984+00:00
[2022-08-14 16:48:46,417] {logging_mixin.py:115} INFO - Successfully uploaded loss-adjusted-food-availability/calories.xls to s3-bucket-raw-usda
[2022-08-14 16:49:19,056] {logging_mixin.py:115} INFO - Successfully uploaded loss-adjusted-food-availability/Dairy.xls to s3-bucket-raw-usda
[2022-08-14 16:49:28,192] {logging_mixin.py:115} INFO - Successfully uploaded loss-adjusted-food-availability/fat.xls to s3-bucket-raw-usda
[2022-08-14 16:49:36,492] {logging_mixin.py:115} INFO - Successfully uploaded loss-adjusted-food-availability/servings.xls to s3-bucket-raw-usda
[2022-08-14 16:50:22,036] {logging_mixin.py:115} INFO - Successfully uploaded loss-adjusted-food-availability/Fruit.xls to s3-bucket-raw-usda
[2022-08-14 16:50:32,365] {logging_mixin.py:115} INFO - Successfully uploaded loss-adjusted-food-availability/grain.xls to s3-bucket-raw-usda
[2022-08-14 16:50:56,899] {logging_mixin.py:115} INFO - Successfully uploaded loss-adjusted-food-availability/meat.xls to s3-bucket-raw-usda
[2022-08-14 16:51:05,168] {logging_mixin.py:115} INFO - Successfully uploaded loss-adjusted-food-availability/sugar.xls to s3-bucket-raw-usda
[2022-08-14 16:51:57,637] {logging_mixin.py:115} INFO - Successfully uploaded loss-adjusted-food-availability/veg.xls to s3-bucket-raw-usda
[2022-08-14 16:52:01,270] {logging_mixin.py:115} INFO - Successfully uploaded loss-adjusted-food-availability/nutrients.xls to s3-bucket-raw-usda
[2022-08-14 16:52:07,229] {logging_mixin.py:115} INFO - Successfully uploaded loss-adjusted-food-availability/ctcsp.xls to s3-bucket-raw-usda
[2022-08-14 16:52:07,236] {python.py:173} INFO - Done. Returned value was: None
[2022-08-14 16:52:07,259] {taskinstance.py:1420} INFO - Marking task as SUCCESS. dag_id=ETL_DAG, task_id=Ingest_from_loss-adjusted_food_availability, execution_date=20220814T164828, start_date=20220814T164832, end_date=20220814T165207
[2022-08-14 16:52:07,300] {local_task_job.py:156} INFO - Task exited with return code 0
[2022-08-14 16:52:07,329] {local_task_job.py:273} INFO - 1 downstream tasks scheduled from follow-on schedule check
