[2022-08-11 19:47:21,786] {taskinstance.py:1179} INFO - Dependencies all met for <TaskInstance: ETL_DAG_V6.Ingest_from_producer_price_index manual__2022-08-11T19:47:15.827552+00:00 [queued]>
[2022-08-11 19:47:21,798] {taskinstance.py:1179} INFO - Dependencies all met for <TaskInstance: ETL_DAG_V6.Ingest_from_producer_price_index manual__2022-08-11T19:47:15.827552+00:00 [queued]>
[2022-08-11 19:47:21,799] {taskinstance.py:1376} INFO - 
--------------------------------------------------------------------------------
[2022-08-11 19:47:21,799] {taskinstance.py:1377} INFO - Starting attempt 1 of 6
[2022-08-11 19:47:21,800] {taskinstance.py:1378} INFO - 
--------------------------------------------------------------------------------
[2022-08-11 19:47:21,811] {taskinstance.py:1397} INFO - Executing <Task(PythonOperator): Ingest_from_producer_price_index> on 2022-08-11 19:47:15.827552+00:00
[2022-08-11 19:47:21,824] {standard_task_runner.py:52} INFO - Started process 3850 to run task
[2022-08-11 19:47:21,854] {standard_task_runner.py:79} INFO - Running: ['***', 'tasks', 'run', 'ETL_DAG_V6', 'Ingest_from_producer_price_index', 'manual__2022-08-11T19:47:15.827552+00:00', '--job-id', '548', '--raw', '--subdir', 'DAGS_FOLDER/etl_dag.py', '--cfg-path', '/tmp/tmp2evgh3q0', '--error-file', '/tmp/tmpjqtmj7d2']
[2022-08-11 19:47:21,863] {standard_task_runner.py:80} INFO - Job 548: Subtask Ingest_from_producer_price_index
[2022-08-11 19:47:21,972] {task_command.py:371} INFO - Running <TaskInstance: ETL_DAG_V6.Ingest_from_producer_price_index manual__2022-08-11T19:47:15.827552+00:00 [running]> on host ce1be8c59d56
[2022-08-11 19:47:22,070] {taskinstance.py:1591} INFO - Exporting the following env vars:
AIRFLOW_CTX_DAG_OWNER=narapady
AIRFLOW_CTX_DAG_ID=ETL_DAG_V6
AIRFLOW_CTX_TASK_ID=Ingest_from_producer_price_index
AIRFLOW_CTX_EXECUTION_DATE=2022-08-11T19:47:15.827552+00:00
AIRFLOW_CTX_TRY_NUMBER=1
AIRFLOW_CTX_DAG_RUN_ID=manual__2022-08-11T19:47:15.827552+00:00
[2022-08-11 19:47:29,434] {logging_mixin.py:115} INFO - Successfully uploaded producer-price-index/PPIforecast.xlsx to s3-bucket-raw-usda
[2022-08-11 19:47:30,709] {logging_mixin.py:115} INFO - Successfully uploaded producer-price-index/historicalppi.xlsx to s3-bucket-raw-usda
[2022-08-11 19:47:33,940] {logging_mixin.py:115} INFO - Successfully uploaded producer-price-index/CPIArchivedForecasts.xlsx to s3-bucket-raw-usda
[2022-08-11 19:47:35,849] {logging_mixin.py:115} INFO - Successfully uploaded producer-price-index/PPIArchivedForecasts.xlsx to s3-bucket-raw-usda
[2022-08-11 19:47:35,863] {python.py:173} INFO - Done. Returned value was: None
[2022-08-11 19:47:35,894] {taskinstance.py:1420} INFO - Marking task as SUCCESS. dag_id=ETL_DAG_V6, task_id=Ingest_from_producer_price_index, execution_date=20220811T194715, start_date=20220811T194721, end_date=20220811T194735
[2022-08-11 19:47:35,955] {local_task_job.py:156} INFO - Task exited with return code 0
[2022-08-11 19:47:35,988] {local_task_job.py:273} INFO - 0 downstream tasks scheduled from follow-on schedule check
