[2022-08-12 18:20:57,969] {taskinstance.py:1179} INFO - Dependencies all met for <TaskInstance: ETL_DAG.Ingest_from_2015 manual__2022-08-12T18:20:52.559703+00:00 [queued]>
[2022-08-12 18:20:57,982] {taskinstance.py:1179} INFO - Dependencies all met for <TaskInstance: ETL_DAG.Ingest_from_2015 manual__2022-08-12T18:20:52.559703+00:00 [queued]>
[2022-08-12 18:20:57,983] {taskinstance.py:1376} INFO - 
--------------------------------------------------------------------------------
[2022-08-12 18:20:57,984] {taskinstance.py:1377} INFO - Starting attempt 1 of 6
[2022-08-12 18:20:57,986] {taskinstance.py:1378} INFO - 
--------------------------------------------------------------------------------
[2022-08-12 18:20:58,004] {taskinstance.py:1397} INFO - Executing <Task(PythonOperator): Ingest_from_2015> on 2022-08-12 18:20:52.559703+00:00
[2022-08-12 18:20:58,009] {standard_task_runner.py:52} INFO - Started process 251 to run task
[2022-08-12 18:20:58,013] {standard_task_runner.py:79} INFO - Running: ['***', 'tasks', 'run', 'ETL_DAG', 'Ingest_from_2015', 'manual__2022-08-12T18:20:52.559703+00:00', '--job-id', '889', '--raw', '--subdir', 'DAGS_FOLDER/etl_dag.py', '--cfg-path', '/tmp/tmpzor4goem', '--error-file', '/tmp/tmpybmidc97']
[2022-08-12 18:20:58,018] {standard_task_runner.py:80} INFO - Job 889: Subtask Ingest_from_2015
[2022-08-12 18:20:58,123] {task_command.py:371} INFO - Running <TaskInstance: ETL_DAG.Ingest_from_2015 manual__2022-08-12T18:20:52.559703+00:00 [running]> on host 00aa0783f116
[2022-08-12 18:20:58,240] {taskinstance.py:1591} INFO - Exporting the following env vars:
AIRFLOW_CTX_DAG_OWNER=narapady
AIRFLOW_CTX_DAG_ID=ETL_DAG
AIRFLOW_CTX_TASK_ID=Ingest_from_2015
AIRFLOW_CTX_EXECUTION_DATE=2022-08-12T18:20:52.559703+00:00
AIRFLOW_CTX_TRY_NUMBER=1
AIRFLOW_CTX_DAG_RUN_ID=manual__2022-08-12T18:20:52.559703+00:00
[2022-08-12 18:21:06,200] {logging_mixin.py:115} INFO - Successfully uploaded 2015/Table1_2015.xlsx to s3-bucket-raw-usda
[2022-08-12 18:21:07,446] {logging_mixin.py:115} INFO - Successfully uploaded 2015/Table2_2015.xlsx to s3-bucket-raw-usda
[2022-08-12 18:21:08,542] {logging_mixin.py:115} INFO - Successfully uploaded 2015/Table3_2015.xlsx to s3-bucket-raw-usda
[2022-08-12 18:21:09,799] {logging_mixin.py:115} INFO - Successfully uploaded 2015/Table4_2015.xlsx to s3-bucket-raw-usda
[2022-08-12 18:21:10,908] {logging_mixin.py:115} INFO - Successfully uploaded 2015/Table5_2015.xlsx to s3-bucket-raw-usda
[2022-08-12 18:21:12,101] {logging_mixin.py:115} INFO - Successfully uploaded 2015/Table6_2015.xlsx to s3-bucket-raw-usda
[2022-08-12 18:21:13,231] {logging_mixin.py:115} INFO - Successfully uploaded 2015/Table7_2015.xlsx to s3-bucket-raw-usda
[2022-08-12 18:21:14,403] {logging_mixin.py:115} INFO - Successfully uploaded 2015/Table8_2015.xlsx to s3-bucket-raw-usda
[2022-08-12 18:21:14,407] {python.py:173} INFO - Done. Returned value was: None
[2022-08-12 18:21:14,417] {taskinstance.py:1420} INFO - Marking task as SUCCESS. dag_id=ETL_DAG, task_id=Ingest_from_2015, execution_date=20220812T182052, start_date=20220812T182057, end_date=20220812T182114
[2022-08-12 18:21:14,450] {local_task_job.py:156} INFO - Task exited with return code 0
[2022-08-12 18:21:14,497] {local_task_job.py:273} INFO - 0 downstream tasks scheduled from follow-on schedule check
