[2022-08-17 00:45:13,348] {taskinstance.py:1179} INFO - Dependencies all met for <TaskInstance: ETL_DAG.Transform_food-consumption-estimates manual__2022-08-17T00:44:32.649423+00:00 [queued]>
[2022-08-17 00:45:13,361] {taskinstance.py:1179} INFO - Dependencies all met for <TaskInstance: ETL_DAG.Transform_food-consumption-estimates manual__2022-08-17T00:44:32.649423+00:00 [queued]>
[2022-08-17 00:45:13,363] {taskinstance.py:1376} INFO - 
--------------------------------------------------------------------------------
[2022-08-17 00:45:13,366] {taskinstance.py:1377} INFO - Starting attempt 1 of 6
[2022-08-17 00:45:13,367] {taskinstance.py:1378} INFO - 
--------------------------------------------------------------------------------
[2022-08-17 00:45:13,377] {taskinstance.py:1397} INFO - Executing <Task(PythonOperator): Transform_food-consumption-estimates> on 2022-08-17 00:44:32.649423+00:00
[2022-08-17 00:45:13,386] {standard_task_runner.py:52} INFO - Started process 355 to run task
[2022-08-17 00:45:13,396] {standard_task_runner.py:79} INFO - Running: ['***', 'tasks', 'run', 'ETL_DAG', 'Transform_food-consumption-estimates', 'manual__2022-08-17T00:44:32.649423+00:00', '--job-id', '1137', '--raw', '--subdir', 'DAGS_FOLDER/etl_dag.py', '--cfg-path', '/tmp/tmprxw47mqz', '--error-file', '/tmp/tmpm1p7ntxo']
[2022-08-17 00:45:13,400] {standard_task_runner.py:80} INFO - Job 1137: Subtask Transform_food-consumption-estimates
[2022-08-17 00:45:13,458] {task_command.py:371} INFO - Running <TaskInstance: ETL_DAG.Transform_food-consumption-estimates manual__2022-08-17T00:44:32.649423+00:00 [running]> on host b6e9d58543c5
[2022-08-17 00:45:13,513] {taskinstance.py:1591} INFO - Exporting the following env vars:
AIRFLOW_CTX_DAG_OWNER=narapady
AIRFLOW_CTX_DAG_ID=ETL_DAG
AIRFLOW_CTX_TASK_ID=Transform_food-consumption-estimates
AIRFLOW_CTX_EXECUTION_DATE=2022-08-17T00:44:32.649423+00:00
AIRFLOW_CTX_TRY_NUMBER=1
AIRFLOW_CTX_DAG_RUN_ID=manual__2022-08-17T00:44:32.649423+00:00
[2022-08-17 00:45:32,071] {logging_mixin.py:115} INFO - Successfully process food-consumption-estimates-clean/Total population-2015-2016.csv to S3
[2022-08-17 00:45:32,398] {logging_mixin.py:115} INFO - Successfully process food-consumption-estimates-clean/Total population-2017-2018.csv to S3
[2022-08-17 00:45:32,735] {logging_mixin.py:115} INFO - Successfully process food-consumption-estimates-clean/Children age 2–19-2015-2016.csv to S3
[2022-08-17 00:45:33,114] {logging_mixin.py:115} INFO - Successfully process food-consumption-estimates-clean/Children age 2–19-2017-2018.csv to S3
[2022-08-17 00:45:33,455] {logging_mixin.py:115} INFO - Successfully process food-consumption-estimates-clean/Adults age 20-64-2015-2016.csv to S3
[2022-08-17 00:45:33,784] {logging_mixin.py:115} INFO - Successfully process food-consumption-estimates-clean/Adults age 20-64-2017-2018.csv to S3
[2022-08-17 00:45:34,096] {logging_mixin.py:115} INFO - Successfully process food-consumption-estimates-clean/Seniors age 65 and above-2015-2016.csv to S3
[2022-08-17 00:45:34,402] {logging_mixin.py:115} INFO - Successfully process food-consumption-estimates-clean/Seniors age 65 and above-2017-2018.csv to S3
[2022-08-17 00:45:34,724] {logging_mixin.py:115} INFO - Successfully process food-consumption-estimates-clean/Household income < 185% poverty line-2015-2016.csv to S3
[2022-08-17 00:45:35,041] {logging_mixin.py:115} INFO - Successfully process food-consumption-estimates-clean/Household income < 185% poverty line-2017-2018.csv to S3
[2022-08-17 00:45:35,366] {logging_mixin.py:115} INFO - Successfully process food-consumption-estimates-clean/Household income 185–300% poverty line-2015-2016.csv to S3
[2022-08-17 00:45:35,675] {logging_mixin.py:115} INFO - Successfully process food-consumption-estimates-clean/Household income 185–300% poverty line-2017-2018.csv to S3
[2022-08-17 00:45:36,008] {logging_mixin.py:115} INFO - Successfully process food-consumption-estimates-clean/Household income > 300% poverty line-2015-2016.csv to S3
[2022-08-17 00:45:36,301] {logging_mixin.py:115} INFO - Successfully process food-consumption-estimates-clean/Household income > 300% poverty line-2017-2018.csv to S3
[2022-08-17 00:45:36,304] {python.py:173} INFO - Done. Returned value was: None
[2022-08-17 00:45:36,318] {taskinstance.py:1420} INFO - Marking task as SUCCESS. dag_id=ETL_DAG, task_id=Transform_food-consumption-estimates, execution_date=20220817T004432, start_date=20220817T004513, end_date=20220817T004536
[2022-08-17 00:45:36,369] {local_task_job.py:156} INFO - Task exited with return code 0
[2022-08-17 00:45:36,396] {local_task_job.py:273} INFO - 0 downstream tasks scheduled from follow-on schedule check
