[2022-08-12 18:24:59,424] {taskinstance.py:1179} INFO - Dependencies all met for <TaskInstance: ETL_DAG.Transform_2014 manual__2022-08-12T18:20:52.559703+00:00 [queued]>
[2022-08-12 18:24:59,444] {taskinstance.py:1179} INFO - Dependencies all met for <TaskInstance: ETL_DAG.Transform_2014 manual__2022-08-12T18:20:52.559703+00:00 [queued]>
[2022-08-12 18:24:59,450] {taskinstance.py:1376} INFO - 
--------------------------------------------------------------------------------
[2022-08-12 18:24:59,451] {taskinstance.py:1377} INFO - Starting attempt 1 of 6
[2022-08-12 18:24:59,453] {taskinstance.py:1378} INFO - 
--------------------------------------------------------------------------------
[2022-08-12 18:24:59,468] {taskinstance.py:1397} INFO - Executing <Task(PythonOperator): Transform_2014> on 2022-08-12 18:20:52.559703+00:00
[2022-08-12 18:24:59,473] {standard_task_runner.py:52} INFO - Started process 552 to run task
[2022-08-12 18:24:59,480] {standard_task_runner.py:79} INFO - Running: ['***', 'tasks', 'run', 'ETL_DAG', 'Transform_2014', 'manual__2022-08-12T18:20:52.559703+00:00', '--job-id', '901', '--raw', '--subdir', 'DAGS_FOLDER/etl_dag.py', '--cfg-path', '/tmp/tmpo7b8intp', '--error-file', '/tmp/tmp7ddkvhhq']
[2022-08-12 18:24:59,484] {standard_task_runner.py:80} INFO - Job 901: Subtask Transform_2014
[2022-08-12 18:24:59,569] {task_command.py:371} INFO - Running <TaskInstance: ETL_DAG.Transform_2014 manual__2022-08-12T18:20:52.559703+00:00 [running]> on host 00aa0783f116
[2022-08-12 18:24:59,635] {taskinstance.py:1591} INFO - Exporting the following env vars:
AIRFLOW_CTX_DAG_OWNER=narapady
AIRFLOW_CTX_DAG_ID=ETL_DAG
AIRFLOW_CTX_TASK_ID=Transform_2014
AIRFLOW_CTX_EXECUTION_DATE=2022-08-12T18:20:52.559703+00:00
AIRFLOW_CTX_TRY_NUMBER=1
AIRFLOW_CTX_DAG_RUN_ID=manual__2022-08-12T18:20:52.559703+00:00
[2022-08-12 18:25:03,753] {logging_mixin.py:115} INFO - Successfully process fast-food-clean/age-15-and-older-2014.csv to S3
[2022-08-12 18:25:04,098] {logging_mixin.py:115} INFO - Successfully process fast-food-clean/age-18-and-older-2014.csv to S3
[2022-08-12 18:25:04,115] {python.py:173} INFO - Done. Returned value was: None
[2022-08-12 18:25:04,136] {taskinstance.py:1420} INFO - Marking task as SUCCESS. dag_id=ETL_DAG, task_id=Transform_2014, execution_date=20220812T182052, start_date=20220812T182459, end_date=20220812T182504
[2022-08-12 18:25:04,162] {local_task_job.py:156} INFO - Task exited with return code 0
[2022-08-12 18:25:04,193] {local_task_job.py:273} INFO - 0 downstream tasks scheduled from follow-on schedule check
