[2022-08-15 20:58:16,701] {taskinstance.py:1179} INFO - Dependencies all met for <TaskInstance: ETL_DAG.Stage_fast-food-clean manual__2022-08-15T20:56:28.970676+00:00 [queued]>
[2022-08-15 20:58:16,714] {taskinstance.py:1179} INFO - Dependencies all met for <TaskInstance: ETL_DAG.Stage_fast-food-clean manual__2022-08-15T20:56:28.970676+00:00 [queued]>
[2022-08-15 20:58:16,716] {taskinstance.py:1376} INFO - 
--------------------------------------------------------------------------------
[2022-08-15 20:58:16,717] {taskinstance.py:1377} INFO - Starting attempt 1 of 6
[2022-08-15 20:58:16,720] {taskinstance.py:1378} INFO - 
--------------------------------------------------------------------------------
[2022-08-15 20:58:16,738] {taskinstance.py:1397} INFO - Executing <Task(PythonOperator): Stage_fast-food-clean> on 2022-08-15 20:56:28.970676+00:00
[2022-08-15 20:58:16,754] {standard_task_runner.py:52} INFO - Started process 1716 to run task
[2022-08-15 20:58:16,761] {standard_task_runner.py:79} INFO - Running: ['***', 'tasks', 'run', 'ETL_DAG', 'Stage_fast-food-clean', 'manual__2022-08-15T20:56:28.970676+00:00', '--job-id', '1065', '--raw', '--subdir', 'DAGS_FOLDER/etl_dag.py', '--cfg-path', '/tmp/tmpjsr9ezhq', '--error-file', '/tmp/tmpr2zhyfgh']
[2022-08-15 20:58:16,764] {standard_task_runner.py:80} INFO - Job 1065: Subtask Stage_fast-food-clean
[2022-08-15 20:58:16,855] {task_command.py:371} INFO - Running <TaskInstance: ETL_DAG.Stage_fast-food-clean manual__2022-08-15T20:56:28.970676+00:00 [running]> on host 42abdd2e54ec
[2022-08-15 20:58:16,950] {taskinstance.py:1591} INFO - Exporting the following env vars:
AIRFLOW_CTX_DAG_OWNER=narapady
AIRFLOW_CTX_DAG_ID=ETL_DAG
AIRFLOW_CTX_TASK_ID=Stage_fast-food-clean
AIRFLOW_CTX_EXECUTION_DATE=2022-08-15T20:56:28.970676+00:00
AIRFLOW_CTX_TRY_NUMBER=1
AIRFLOW_CTX_DAG_RUN_ID=manual__2022-08-15T20:56:28.970676+00:00
[2022-08-15 20:58:31,449] {connection.py:545} WARNING - Certificate did not match expected hostname: s3-bucket-staged.s3.amazonaws.com. Certificate: {'subject': ((('businessCategory', 'Private Organization'),), (('jurisdictionCountryName', 'US'),), (('jurisdictionStateOrProvinceName', 'California'),), (('serialNumber', 'C0806592'),), (('countryName', 'US'),), (('stateOrProvinceName', 'California'),), (('localityName', 'Cupertino'),), (('organizationName', 'Apple Inc.'),), (('organizationalUnitName', 'management:idms.group.665035'),), (('commonName', 'doh.dns.apple.com'),)), 'issuer': ((('countryName', 'US'),), (('organizationName', 'Apple Inc.'),), (('commonName', 'Apple Public EV Server ECC CA 1 - G1'),)), 'version': 3, 'serialNumber': '4A6FD5F24077D28E17D92488A3D4E3EF', 'notBefore': 'May 20 22:15:57 2022 GMT', 'notAfter': 'Jun 19 22:15:56 2023 GMT', 'subjectAltName': (('DNS', 'doh.dns.apple.com'),), 'OCSP': ('http://ocsp.apple.com/ocsp03-apevsecc1g101',), 'caIssuers': ('http://certs.apple.com/apevsecc1g1.der',), 'crlDistributionPoints': ('http://crl.apple.com/apevsecc1g1.crl',)}
[2022-08-15 20:58:32,859] {logging_mixin.py:115} INFO - Successfully loaded fast-food-staged.csv to s3-bucket-staged
[2022-08-15 20:58:32,862] {python.py:173} INFO - Done. Returned value was: None
[2022-08-15 20:58:32,881] {taskinstance.py:1420} INFO - Marking task as SUCCESS. dag_id=ETL_DAG, task_id=Stage_fast-food-clean, execution_date=20220815T205628, start_date=20220815T205816, end_date=20220815T205832
[2022-08-15 20:58:32,912] {local_task_job.py:156} INFO - Task exited with return code 0
[2022-08-15 20:58:32,936] {local_task_job.py:273} INFO - 0 downstream tasks scheduled from follow-on schedule check
