[2022-08-11 20:49:46,766] {taskinstance.py:1179} INFO - Dependencies all met for <TaskInstance: ETL_DAG_V7.Transform_2015 manual__2022-08-11T02:24:39.409501+00:00 [queued]>
[2022-08-11 20:49:46,796] {taskinstance.py:1179} INFO - Dependencies all met for <TaskInstance: ETL_DAG_V7.Transform_2015 manual__2022-08-11T02:24:39.409501+00:00 [queued]>
[2022-08-11 20:49:46,801] {taskinstance.py:1376} INFO - 
--------------------------------------------------------------------------------
[2022-08-11 20:49:46,802] {taskinstance.py:1377} INFO - Starting attempt 1 of 6
[2022-08-11 20:49:46,803] {taskinstance.py:1378} INFO - 
--------------------------------------------------------------------------------
[2022-08-11 20:49:46,865] {taskinstance.py:1397} INFO - Executing <Task(PythonOperator): Transform_2015> on 2022-08-11 02:24:39.409501+00:00
[2022-08-11 20:49:46,882] {standard_task_runner.py:52} INFO - Started process 8193 to run task
[2022-08-11 20:49:46,900] {standard_task_runner.py:79} INFO - Running: ['***', 'tasks', 'run', 'ETL_DAG_V7', 'Transform_2015', 'manual__2022-08-11T02:24:39.409501+00:00', '--job-id', '594', '--raw', '--subdir', 'DAGS_FOLDER/etl_dag.py', '--cfg-path', '/tmp/tmp4ekf7u7j', '--error-file', '/tmp/tmpn1w377_g']
[2022-08-11 20:49:46,917] {standard_task_runner.py:80} INFO - Job 594: Subtask Transform_2015
[2022-08-11 20:49:47,210] {task_command.py:371} INFO - Running <TaskInstance: ETL_DAG_V7.Transform_2015 manual__2022-08-11T02:24:39.409501+00:00 [running]> on host ce1be8c59d56
[2022-08-11 20:49:47,354] {taskinstance.py:1591} INFO - Exporting the following env vars:
AIRFLOW_CTX_DAG_OWNER=narapady
AIRFLOW_CTX_DAG_ID=ETL_DAG_V7
AIRFLOW_CTX_TASK_ID=Transform_2015
AIRFLOW_CTX_EXECUTION_DATE=2022-08-11T02:24:39.409501+00:00
AIRFLOW_CTX_TRY_NUMBER=1
AIRFLOW_CTX_DAG_RUN_ID=manual__2022-08-11T02:24:39.409501+00:00
[2022-08-11 20:50:03,013] {logging_mixin.py:115} INFO - Successfully process fast-food-clean/age-15-and-older-2015.csv to S3
[2022-08-11 20:50:03,323] {logging_mixin.py:115} INFO - Successfully process fast-food-clean/age-18-and-older-2015.csv to S3
[2022-08-11 20:50:03,326] {python.py:173} INFO - Done. Returned value was: None
[2022-08-11 20:50:03,387] {taskinstance.py:1420} INFO - Marking task as SUCCESS. dag_id=ETL_DAG_V7, task_id=Transform_2015, execution_date=20220811T022439, start_date=20220811T204946, end_date=20220811T205003
[2022-08-11 20:50:03,465] {local_task_job.py:156} INFO - Task exited with return code 0
[2022-08-11 20:50:03,514] {local_task_job.py:273} INFO - 0 downstream tasks scheduled from follow-on schedule check
