[2022-08-09 01:37:33,087] {taskinstance.py:1179} INFO - Dependencies all met for <TaskInstance: ETL_DAG_V6.Ingestor manual__2022-08-09T01:37:31.392597+00:00 [queued]>
[2022-08-09 01:37:33,094] {taskinstance.py:1179} INFO - Dependencies all met for <TaskInstance: ETL_DAG_V6.Ingestor manual__2022-08-09T01:37:31.392597+00:00 [queued]>
[2022-08-09 01:37:33,095] {taskinstance.py:1376} INFO - 
--------------------------------------------------------------------------------
[2022-08-09 01:37:33,097] {taskinstance.py:1377} INFO - Starting attempt 1 of 6
[2022-08-09 01:37:33,098] {taskinstance.py:1378} INFO - 
--------------------------------------------------------------------------------
[2022-08-09 01:37:33,106] {taskinstance.py:1397} INFO - Executing <Task(PythonOperator): Ingestor> on 2022-08-09 01:37:31.392597+00:00
[2022-08-09 01:37:33,111] {standard_task_runner.py:52} INFO - Started process 16273 to run task
[2022-08-09 01:37:33,117] {standard_task_runner.py:79} INFO - Running: ['***', 'tasks', 'run', 'ETL_DAG_V6', 'Ingestor', 'manual__2022-08-09T01:37:31.392597+00:00', '--job-id', '119', '--raw', '--subdir', 'DAGS_FOLDER/etl_dag.py', '--cfg-path', '/tmp/tmp95wgopvu', '--error-file', '/tmp/tmpxzcdk3n6']
[2022-08-09 01:37:33,120] {standard_task_runner.py:80} INFO - Job 119: Subtask Ingestor
[2022-08-09 01:37:33,184] {task_command.py:371} INFO - Running <TaskInstance: ETL_DAG_V6.Ingestor manual__2022-08-09T01:37:31.392597+00:00 [running]> on host 8d3924a1d70c
[2022-08-09 01:37:33,249] {taskinstance.py:1591} INFO - Exporting the following env vars:
AIRFLOW_CTX_DAG_OWNER=narapady
AIRFLOW_CTX_DAG_ID=ETL_DAG_V6
AIRFLOW_CTX_TASK_ID=Ingestor
AIRFLOW_CTX_EXECUTION_DATE=2022-08-09T01:37:31.392597+00:00
AIRFLOW_CTX_TRY_NUMBER=1
AIRFLOW_CTX_DAG_RUN_ID=manual__2022-08-09T01:37:31.392597+00:00
[2022-08-09 01:37:43,969] {logging_mixin.py:115} INFO - Successfully uploaded food-at-home-and-food-away-from-home/FAH_total.xls to s3-bucket-raw-usda
[2022-08-09 01:37:45,625] {logging_mixin.py:115} INFO - Successfully uploaded food-at-home-and-food-away-from-home/FAH_gender.xls to s3-bucket-raw-usda
[2022-08-09 01:37:47,078] {logging_mixin.py:115} INFO - Successfully uploaded food-at-home-and-food-away-from-home/FAH_income.xls to s3-bucket-raw-usda
[2022-08-09 01:37:48,656] {logging_mixin.py:115} INFO - Successfully uploaded food-at-home-and-food-away-from-home/FAH_education.xls to s3-bucket-raw-usda
[2022-08-09 01:37:50,500] {logging_mixin.py:115} INFO - Successfully uploaded food-at-home-and-food-away-from-home/FAH_race.xls to s3-bucket-raw-usda
[2022-08-09 01:37:52,286] {logging_mixin.py:115} INFO - Successfully uploaded food-at-home-and-food-away-from-home/FAFH_total.xls to s3-bucket-raw-usda
[2022-08-09 01:37:54,181] {logging_mixin.py:115} INFO - Successfully uploaded food-at-home-and-food-away-from-home/FAFH_gender.xls to s3-bucket-raw-usda
[2022-08-09 01:37:55,741] {logging_mixin.py:115} INFO - Successfully uploaded food-at-home-and-food-away-from-home/FAFH_income.xls to s3-bucket-raw-usda
[2022-08-09 01:37:57,407] {logging_mixin.py:115} INFO - Successfully uploaded food-at-home-and-food-away-from-home/FAFH_education.xls to s3-bucket-raw-usda
[2022-08-09 01:37:59,172] {logging_mixin.py:115} INFO - Successfully uploaded demographic-and-socioeconomic-characteristics/CommodityConsumption_table1.xls to s3-bucket-raw-usda
[2022-08-09 01:38:00,892] {logging_mixin.py:115} INFO - Successfully uploaded demographic-and-socioeconomic-characteristics/CommodityConsumption_table2.xls to s3-bucket-raw-usda
[2022-08-09 01:38:02,697] {logging_mixin.py:115} INFO - Successfully uploaded demographic-and-socioeconomic-characteristics/CommodityConsumption_table3.xls to s3-bucket-raw-usda
[2022-08-09 01:38:04,535] {logging_mixin.py:115} INFO - Successfully uploaded demographic-and-socioeconomic-characteristics/CommodityConsumption_table4.xls to s3-bucket-raw-usda
[2022-08-09 01:38:06,304] {logging_mixin.py:115} INFO - Successfully uploaded demographic-and-socioeconomic-characteristics/CommodityConsumption_table5.xls to s3-bucket-raw-usda
[2022-08-09 01:38:25,144] {logging_mixin.py:115} INFO - Successfully uploaded food-availability/dyfluid.xls to s3-bucket-raw-usda
[2022-08-09 01:38:46,342] {logging_mixin.py:115} INFO - Successfully uploaded food-availability/dymfg.xls to s3-bucket-raw-usda
[2022-08-09 01:38:52,519] {logging_mixin.py:115} INFO - Successfully uploaded food-availability/eggs.xls to s3-bucket-raw-usda
[2022-08-09 01:39:02,967] {logging_mixin.py:115} INFO - Successfully uploaded food-availability/fats.xls to s3-bucket-raw-usda
[2022-08-09 01:39:13,162] {logging_mixin.py:115} INFO - Successfully uploaded food-availability/mtfish.xls to s3-bucket-raw-usda
[2022-08-09 01:39:24,994] {logging_mixin.py:115} INFO - Successfully uploaded food-availability/frtot.xls to s3-bucket-raw-usda
[2022-08-09 01:39:31,314] {logging_mixin.py:115} INFO - Successfully uploaded food-availability/fruitcan.xls to s3-bucket-raw-usda
[2022-08-09 01:39:34,926] {logging_mixin.py:115} INFO - Successfully uploaded food-availability/fruitdr.xls to s3-bucket-raw-usda
[2022-08-09 01:39:54,971] {logging_mixin.py:115} INFO - Successfully uploaded food-availability/fruitfr.xls to s3-bucket-raw-usda
[2022-08-09 01:39:56,986] {logging_mixin.py:115} INFO - Successfully uploaded food-availability/fruitfz.xls to s3-bucket-raw-usda
[2022-08-09 01:40:02,609] {logging_mixin.py:115} INFO - Successfully uploaded food-availability/fruitju.xls to s3-bucket-raw-usda
[2022-08-09 01:40:04,843] {logging_mixin.py:115} INFO - Successfully uploaded food-availability/fruitveg.xls to s3-bucket-raw-usda
[2022-08-09 01:40:13,168] {logging_mixin.py:115} INFO - Successfully uploaded food-availability/grains.xls to s3-bucket-raw-usda
[2022-08-09 01:40:23,421] {logging_mixin.py:115} INFO - Successfully uploaded food-availability/nuts.xls to s3-bucket-raw-usda
[2022-08-09 01:40:26,910] {logging_mixin.py:115} INFO - Successfully uploaded food-availability/pop.xls to s3-bucket-raw-usda
[2022-08-09 01:40:36,077] {logging_mixin.py:115} INFO - Successfully uploaded food-availability/mtpoulsu.xls to s3-bucket-raw-usda
[2022-08-09 01:40:47,200] {logging_mixin.py:115} INFO - Successfully uploaded food-availability/mtredsu.xls to s3-bucket-raw-usda
[2022-08-09 01:40:55,229] {logging_mixin.py:115} INFO - Successfully uploaded food-availability/mtpcc.xls to s3-bucket-raw-usda
[2022-08-09 01:41:05,422] {logging_mixin.py:115} INFO - Successfully uploaded food-availability/sweets.xls to s3-bucket-raw-usda
[2022-08-09 01:41:15,427] {local_task_job.py:221} WARNING - State of this instance has been externally set to None. Terminating instance.
[2022-08-09 01:41:15,433] {process_utils.py:129} INFO - Sending Signals.SIGTERM to group 16273. PIDs of all processes in the group: [16273]
[2022-08-09 01:41:15,435] {process_utils.py:80} INFO - Sending the signal Signals.SIGTERM to group 16273
[2022-08-09 01:41:15,437] {taskinstance.py:1561} ERROR - Received SIGTERM. Terminating subprocesses.
[2022-08-09 01:41:15,453] {taskinstance.py:1909} ERROR - Task failed with exception
Traceback (most recent call last):
  File "/home/airflow/.local/lib/python3.7/site-packages/airflow/operators/python.py", line 171, in execute
    return_value = self.execute_callable()
  File "/home/airflow/.local/lib/python3.7/site-packages/airflow/operators/python.py", line 189, in execute_callable
    return self.python_callable(*self.op_args, **self.op_kwargs)
  File "/opt/airflow/dags/ingest/ingestor.py", line 120, in run
    ingestor_usda.ingest()
  File "/opt/airflow/dags/ingest/ingestor.py", line 102, in ingest
    ingest_usda(self.s3, self.source, self.bucket_name)
  File "/opt/airflow/dags/ingest/ingestor.py", line 52, in ingest_usda
    req = requests.get(link)
  File "/home/airflow/.local/lib/python3.7/site-packages/requests/api.py", line 73, in get
    return request("get", url, params=params, **kwargs)
  File "/home/airflow/.local/lib/python3.7/site-packages/requests/api.py", line 59, in request
    return session.request(method=method, url=url, **kwargs)
  File "/home/airflow/.local/lib/python3.7/site-packages/requests/sessions.py", line 587, in request
    resp = self.send(prep, **send_kwargs)
  File "/home/airflow/.local/lib/python3.7/site-packages/requests/sessions.py", line 745, in send
    r.content
  File "/home/airflow/.local/lib/python3.7/site-packages/requests/models.py", line 900, in content
    self._content = b"".join(self.iter_content(CONTENT_CHUNK_SIZE)) or b""
  File "/home/airflow/.local/lib/python3.7/site-packages/requests/models.py", line 816, in generate
    for chunk in self.raw.stream(chunk_size, decode_content=True):
  File "/home/airflow/.local/lib/python3.7/site-packages/urllib3/response.py", line 579, in stream
    data = self.read(amt=amt, decode_content=decode_content)
  File "/home/airflow/.local/lib/python3.7/site-packages/urllib3/response.py", line 522, in read
    data = self._fp.read(amt) if not fp_closed else b""
  File "/usr/local/lib/python3.7/http/client.py", line 465, in read
    n = self.readinto(b)
  File "/usr/local/lib/python3.7/http/client.py", line 509, in readinto
    n = self.fp.readinto(b)
  File "/usr/local/lib/python3.7/socket.py", line 589, in readinto
    return self._sock.recv_into(b)
  File "/usr/local/lib/python3.7/ssl.py", line 1071, in recv_into
    return self.read(nbytes, buffer)
  File "/usr/local/lib/python3.7/ssl.py", line 929, in read
    return self._sslobj.read(len, buffer)
  File "/home/airflow/.local/lib/python3.7/site-packages/airflow/models/taskinstance.py", line 1563, in signal_handler
    raise AirflowException("Task received SIGTERM signal")
airflow.exceptions.AirflowException: Task received SIGTERM signal
[2022-08-09 01:41:15,460] {taskinstance.py:1420} INFO - Marking task as UP_FOR_RETRY. dag_id=ETL_DAG_V6, task_id=Ingestor, execution_date=20220809T013731, start_date=20220809T013733, end_date=20220809T014115
[2022-08-09 01:41:15,470] {standard_task_runner.py:97} ERROR - Failed to execute job 119 for task Ingestor ((psycopg2.errors.ForeignKeyViolation) insert or update on table "task_fail" violates foreign key constraint "task_fail_ti_fkey"
DETAIL:  Key (dag_id, task_id, run_id, map_index)=(ETL_DAG_V6, Ingestor, manual__2022-08-09T01:37:31.392597+00:00, -1) is not present in table "task_instance".

[SQL: INSERT INTO task_fail (task_id, dag_id, run_id, map_index, start_date, end_date, duration) VALUES (%(task_id)s, %(dag_id)s, %(run_id)s, %(map_index)s, %(start_date)s, %(end_date)s, %(duration)s) RETURNING task_fail.id]
[parameters: {'task_id': 'Ingestor', 'dag_id': 'ETL_DAG_V6', 'run_id': 'manual__2022-08-09T01:37:31.392597+00:00', 'map_index': -1, 'start_date': datetime.datetime(2022, 8, 9, 1, 37, 33, 89151, tzinfo=Timezone('UTC')), 'end_date': datetime.datetime(2022, 8, 9, 1, 41, 15, 460495, tzinfo=Timezone('UTC')), 'duration': 222}]
(Background on this error at: https://sqlalche.me/e/14/gkpj); 16273)
[2022-08-09 01:41:15,489] {process_utils.py:75} INFO - Process psutil.Process(pid=16273, status='terminated', exitcode=1, started='01:37:32') (16273) terminated with exit code 1
