[2022-08-12 05:22:26,533] {taskinstance.py:1179} INFO - Dependencies all met for <TaskInstance: ETL_DAG_US_FOOD_NUTRITION.Create_s3_bucket_transform manual__2022-08-12T05:11:17.280858+00:00 [queued]>
[2022-08-12 05:22:26,541] {taskinstance.py:1179} INFO - Dependencies all met for <TaskInstance: ETL_DAG_US_FOOD_NUTRITION.Create_s3_bucket_transform manual__2022-08-12T05:11:17.280858+00:00 [queued]>
[2022-08-12 05:22:26,542] {taskinstance.py:1376} INFO - 
--------------------------------------------------------------------------------
[2022-08-12 05:22:26,543] {taskinstance.py:1377} INFO - Starting attempt 1 of 6
[2022-08-12 05:22:26,544] {taskinstance.py:1378} INFO - 
--------------------------------------------------------------------------------
[2022-08-12 05:22:26,552] {taskinstance.py:1397} INFO - Executing <Task(PythonOperator): Create_s3_bucket_transform> on 2022-08-12 05:11:17.280858+00:00
[2022-08-12 05:22:26,557] {standard_task_runner.py:52} INFO - Started process 11342 to run task
[2022-08-12 05:22:26,560] {standard_task_runner.py:79} INFO - Running: ['***', 'tasks', 'run', 'ETL_DAG_US_FOOD_NUTRITION', 'Create_s3_bucket_transform', 'manual__2022-08-12T05:11:17.280858+00:00', '--job-id', '815', '--raw', '--subdir', 'DAGS_FOLDER/etl_dag.py', '--cfg-path', '/tmp/tmpayfgkgud', '--error-file', '/tmp/tmpymvxxr9s']
[2022-08-12 05:22:26,562] {standard_task_runner.py:80} INFO - Job 815: Subtask Create_s3_bucket_transform
[2022-08-12 05:22:26,608] {task_command.py:371} INFO - Running <TaskInstance: ETL_DAG_US_FOOD_NUTRITION.Create_s3_bucket_transform manual__2022-08-12T05:11:17.280858+00:00 [running]> on host ae5c2449a624
[2022-08-12 05:22:26,655] {taskinstance.py:1591} INFO - Exporting the following env vars:
AIRFLOW_CTX_DAG_OWNER=narapady
AIRFLOW_CTX_DAG_ID=ETL_DAG_US_FOOD_NUTRITION
AIRFLOW_CTX_TASK_ID=Create_s3_bucket_transform
AIRFLOW_CTX_EXECUTION_DATE=2022-08-12T05:11:17.280858+00:00
AIRFLOW_CTX_TRY_NUMBER=1
AIRFLOW_CTX_DAG_RUN_ID=manual__2022-08-12T05:11:17.280858+00:00
[2022-08-12 05:22:27,460] {python.py:173} INFO - Done. Returned value was: {'ResponseMetadata': {'RequestId': 'PAX8GBG7HCRP8M1H', 'HostId': 'mmA2btLEOEiswMDMlIrtOzYr+FL/5esOI4WrW49kf2Ci6e4Hpms8KrbLmPXr58mu/5t0fPXRKaM=', 'HTTPStatusCode': 200, 'HTTPHeaders': {'x-amz-id-2': 'mmA2btLEOEiswMDMlIrtOzYr+FL/5esOI4WrW49kf2Ci6e4Hpms8KrbLmPXr58mu/5t0fPXRKaM=', 'x-amz-request-id': 'PAX8GBG7HCRP8M1H', 'date': 'Fri, 12 Aug 2022 05:22:28 GMT', 'location': '/s3-bucket-clean-usda', 'server': 'AmazonS3', 'content-length': '0'}, 'RetryAttempts': 0}, 'Location': '/s3-bucket-clean-usda'}
[2022-08-12 05:22:27,512] {taskinstance.py:1420} INFO - Marking task as SUCCESS. dag_id=ETL_DAG_US_FOOD_NUTRITION, task_id=Create_s3_bucket_transform, execution_date=20220812T051117, start_date=20220812T052226, end_date=20220812T052227
[2022-08-12 05:22:27,540] {local_task_job.py:156} INFO - Task exited with return code 0
[2022-08-12 05:22:27,577] {local_task_job.py:273} INFO - 8 downstream tasks scheduled from follow-on schedule check
