[2022-08-08 20:48:59,673] {taskinstance.py:1179} INFO - Dependencies all met for <TaskInstance: ETL_DAG_V2.Stager manual__2022-08-08T20:35:29.641015+00:00 [queued]>
[2022-08-08 20:48:59,679] {taskinstance.py:1179} INFO - Dependencies all met for <TaskInstance: ETL_DAG_V2.Stager manual__2022-08-08T20:35:29.641015+00:00 [queued]>
[2022-08-08 20:48:59,680] {taskinstance.py:1376} INFO - 
--------------------------------------------------------------------------------
[2022-08-08 20:48:59,681] {taskinstance.py:1377} INFO - Starting attempt 1 of 6
[2022-08-08 20:48:59,682] {taskinstance.py:1378} INFO - 
--------------------------------------------------------------------------------
[2022-08-08 20:48:59,690] {taskinstance.py:1397} INFO - Executing <Task(PythonOperator): Stager> on 2022-08-08 20:35:29.641015+00:00
[2022-08-08 20:48:59,695] {standard_task_runner.py:52} INFO - Started process 16116 to run task
[2022-08-08 20:48:59,698] {standard_task_runner.py:79} INFO - Running: ['***', 'tasks', 'run', 'ETL_DAG_V2', 'Stager', 'manual__2022-08-08T20:35:29.641015+00:00', '--job-id', '106', '--raw', '--subdir', 'DAGS_FOLDER/etl_dag.py', '--cfg-path', '/tmp/tmpcfx1fu4l', '--error-file', '/tmp/tmp3ulbiyfe']
[2022-08-08 20:48:59,700] {standard_task_runner.py:80} INFO - Job 106: Subtask Stager
[2022-08-08 20:48:59,744] {task_command.py:371} INFO - Running <TaskInstance: ETL_DAG_V2.Stager manual__2022-08-08T20:35:29.641015+00:00 [running]> on host 8d3924a1d70c
[2022-08-08 20:48:59,787] {taskinstance.py:1591} INFO - Exporting the following env vars:
AIRFLOW_CTX_DAG_OWNER=narapady
AIRFLOW_CTX_DAG_ID=ETL_DAG_V2
AIRFLOW_CTX_TASK_ID=Stager
AIRFLOW_CTX_EXECUTION_DATE=2022-08-08T20:35:29.641015+00:00
AIRFLOW_CTX_TRY_NUMBER=1
AIRFLOW_CTX_DAG_RUN_ID=manual__2022-08-08T20:35:29.641015+00:00
[2022-08-08 20:49:02,797] {logging_mixin.py:115} INFO - Successfully loaded Obesity_GDP_PanelData-staged.csv to s3-bucket-staged
[2022-08-08 20:49:24,017] {logging_mixin.py:115} INFO - Successfully loaded obesity-staged.csv to s3-bucket-staged
[2022-08-08 20:49:29,100] {logging_mixin.py:115} INFO - Successfully loaded fast-food-staged.csv to s3-bucket-staged
[2022-08-08 20:49:40,382] {logging_mixin.py:115} INFO - Successfully loaded food-consumption-estimates-staged.csv to s3-bucket-staged
[2022-08-08 20:49:51,675] {logging_mixin.py:115} INFO - Successfully loaded nutrient-intake-estimates-staged.csv to s3-bucket-staged
[2022-08-08 20:50:00,968] {logging_mixin.py:115} INFO - Successfully loaded monthly-sales-staged.csv to s3-bucket-staged
[2022-08-08 20:50:01,426] {logging_mixin.py:115} INFO - Successfully loaded food-expenditure-staged.csv to s3-bucket-staged
[2022-08-08 20:50:04,120] {logging_mixin.py:115} INFO - Successfully loaded price-index-staged.csv to s3-bucket-staged
[2022-08-08 20:52:36,626] {logging_mixin.py:115} INFO - Successfully loaded percents-staged.csv to s3-bucket-staged
[2022-08-08 20:52:46,221] {logging_mixin.py:115} INFO - Successfully loaded totals-staged.csv to s3-bucket-staged
[2022-08-08 20:53:47,132] {logging_mixin.py:115} INFO - Successfully loaded loss-adjusted-food-availability-staged.csv to s3-bucket-staged
[2022-08-08 20:53:47,161] {python.py:173} INFO - Done. Returned value was: None
[2022-08-08 20:53:47,186] {taskinstance.py:1420} INFO - Marking task as SUCCESS. dag_id=ETL_DAG_V2, task_id=Stager, execution_date=20220808T203529, start_date=20220808T204859, end_date=20220808T205347
[2022-08-08 20:53:47,254] {local_task_job.py:156} INFO - Task exited with return code 0
[2022-08-08 20:53:47,274] {local_task_job.py:273} INFO - 0 downstream tasks scheduled from follow-on schedule check
