[2022-08-14 16:53:10,575] {taskinstance.py:1179} INFO - Dependencies all met for <TaskInstance: ETL_DAG.Stage_loss-adjusted-food-availability-clean manual__2022-08-14T16:48:28.179984+00:00 [queued]>
[2022-08-14 16:53:10,584] {taskinstance.py:1179} INFO - Dependencies all met for <TaskInstance: ETL_DAG.Stage_loss-adjusted-food-availability-clean manual__2022-08-14T16:48:28.179984+00:00 [queued]>
[2022-08-14 16:53:10,585] {taskinstance.py:1376} INFO - 
--------------------------------------------------------------------------------
[2022-08-14 16:53:10,586] {taskinstance.py:1377} INFO - Starting attempt 1 of 6
[2022-08-14 16:53:10,587] {taskinstance.py:1378} INFO - 
--------------------------------------------------------------------------------
[2022-08-14 16:53:10,605] {taskinstance.py:1397} INFO - Executing <Task(PythonOperator): Stage_loss-adjusted-food-availability-clean> on 2022-08-14 16:48:28.179984+00:00
[2022-08-14 16:53:10,611] {standard_task_runner.py:52} INFO - Started process 915 to run task
[2022-08-14 16:53:10,616] {standard_task_runner.py:79} INFO - Running: ['***', 'tasks', 'run', 'ETL_DAG', 'Stage_loss-adjusted-food-availability-clean', 'manual__2022-08-14T16:48:28.179984+00:00', '--job-id', '979', '--raw', '--subdir', 'DAGS_FOLDER/etl_dag.py', '--cfg-path', '/tmp/tmpohwtpnd8', '--error-file', '/tmp/tmp21di3bxf']
[2022-08-14 16:53:10,619] {standard_task_runner.py:80} INFO - Job 979: Subtask Stage_loss-adjusted-food-availability-clean
[2022-08-14 16:53:10,674] {task_command.py:371} INFO - Running <TaskInstance: ETL_DAG.Stage_loss-adjusted-food-availability-clean manual__2022-08-14T16:48:28.179984+00:00 [running]> on host 0dbf9d5e5cdb
[2022-08-14 16:53:10,735] {taskinstance.py:1591} INFO - Exporting the following env vars:
AIRFLOW_CTX_DAG_OWNER=narapady
AIRFLOW_CTX_DAG_ID=ETL_DAG
AIRFLOW_CTX_TASK_ID=Stage_loss-adjusted-food-availability-clean
AIRFLOW_CTX_EXECUTION_DATE=2022-08-14T16:48:28.179984+00:00
AIRFLOW_CTX_TRY_NUMBER=1
AIRFLOW_CTX_DAG_RUN_ID=manual__2022-08-14T16:48:28.179984+00:00
[2022-08-14 16:55:23,063] {logging_mixin.py:115} INFO - Successfully loaded percents-staged.csv to s3-bucket-staged
[2022-08-14 16:55:31,544] {logging_mixin.py:115} INFO - Successfully loaded totals-staged.csv to s3-bucket-staged
[2022-08-14 16:56:28,605] {logging_mixin.py:115} INFO - Successfully loaded loss-adjusted-food-availability-staged.csv to s3-bucket-staged
[2022-08-14 16:56:28,620] {python.py:173} INFO - Done. Returned value was: None
[2022-08-14 16:56:28,641] {taskinstance.py:1420} INFO - Marking task as SUCCESS. dag_id=ETL_DAG, task_id=Stage_loss-adjusted-food-availability-clean, execution_date=20220814T164828, start_date=20220814T165310, end_date=20220814T165628
[2022-08-14 16:56:28,683] {local_task_job.py:156} INFO - Task exited with return code 0
[2022-08-14 16:56:28,711] {local_task_job.py:273} INFO - 1 downstream tasks scheduled from follow-on schedule check
