[2022-08-11 23:13:57,189] {taskinstance.py:1179} INFO - Dependencies all met for <TaskInstance: ETL_DAG_US_FOOD_NUTRITION.Create_s3_bucket_transform manual__2022-08-11T23:09:24.436624+00:00 [queued]>
[2022-08-11 23:13:57,197] {taskinstance.py:1179} INFO - Dependencies all met for <TaskInstance: ETL_DAG_US_FOOD_NUTRITION.Create_s3_bucket_transform manual__2022-08-11T23:09:24.436624+00:00 [queued]>
[2022-08-11 23:13:57,197] {taskinstance.py:1376} INFO - 
--------------------------------------------------------------------------------
[2022-08-11 23:13:57,199] {taskinstance.py:1377} INFO - Starting attempt 1 of 6
[2022-08-11 23:13:57,200] {taskinstance.py:1378} INFO - 
--------------------------------------------------------------------------------
[2022-08-11 23:13:57,207] {taskinstance.py:1397} INFO - Executing <Task(PythonOperator): Create_s3_bucket_transform> on 2022-08-11 23:09:24.436624+00:00
[2022-08-11 23:13:57,213] {standard_task_runner.py:52} INFO - Started process 6502 to run task
[2022-08-11 23:13:57,216] {standard_task_runner.py:79} INFO - Running: ['***', 'tasks', 'run', 'ETL_DAG_US_FOOD_NUTRITION', 'Create_s3_bucket_transform', 'manual__2022-08-11T23:09:24.436624+00:00', '--job-id', '717', '--raw', '--subdir', 'DAGS_FOLDER/etl_dag.py', '--cfg-path', '/tmp/tmpjb0fxe2h', '--error-file', '/tmp/tmpy1fv9ljv']
[2022-08-11 23:13:57,219] {standard_task_runner.py:80} INFO - Job 717: Subtask Create_s3_bucket_transform
[2022-08-11 23:13:57,264] {task_command.py:371} INFO - Running <TaskInstance: ETL_DAG_US_FOOD_NUTRITION.Create_s3_bucket_transform manual__2022-08-11T23:09:24.436624+00:00 [running]> on host a02c2b8cab8b
[2022-08-11 23:13:57,308] {taskinstance.py:1591} INFO - Exporting the following env vars:
AIRFLOW_CTX_DAG_OWNER=narapady
AIRFLOW_CTX_DAG_ID=ETL_DAG_US_FOOD_NUTRITION
AIRFLOW_CTX_TASK_ID=Create_s3_bucket_transform
AIRFLOW_CTX_EXECUTION_DATE=2022-08-11T23:09:24.436624+00:00
AIRFLOW_CTX_TRY_NUMBER=1
AIRFLOW_CTX_DAG_RUN_ID=manual__2022-08-11T23:09:24.436624+00:00
[2022-08-11 23:13:58,369] {python.py:173} INFO - Done. Returned value was: {'ResponseMetadata': {'RequestId': 'G2QCTGX2EQ4RF6Q1', 'HostId': 'Vx/QwoGPSj6zxHiPLRtUqzuD5mt2c79VtzhE6lf4NUj7bQ9Lo5B8dDkI+zLaQTf+unKfe9gbYRA=', 'HTTPStatusCode': 200, 'HTTPHeaders': {'x-amz-id-2': 'Vx/QwoGPSj6zxHiPLRtUqzuD5mt2c79VtzhE6lf4NUj7bQ9Lo5B8dDkI+zLaQTf+unKfe9gbYRA=', 'x-amz-request-id': 'G2QCTGX2EQ4RF6Q1', 'date': 'Thu, 11 Aug 2022 23:13:59 GMT', 'location': '/s3-bucket-clean-usda', 'server': 'AmazonS3', 'content-length': '0'}, 'RetryAttempts': 0}, 'Location': '/s3-bucket-clean-usda'}
[2022-08-11 23:13:58,422] {taskinstance.py:1420} INFO - Marking task as SUCCESS. dag_id=ETL_DAG_US_FOOD_NUTRITION, task_id=Create_s3_bucket_transform, execution_date=20220811T230924, start_date=20220811T231357, end_date=20220811T231358
[2022-08-11 23:13:58,464] {local_task_job.py:156} INFO - Task exited with return code 0
[2022-08-11 23:13:58,496] {local_task_job.py:273} INFO - 8 downstream tasks scheduled from follow-on schedule check
