[2022-08-07 05:39:42,983] {taskinstance.py:1179} INFO - Dependencies all met for <TaskInstance: etl_dag.get_age scheduled__2022-08-05T00:00:00+00:00 [queued]>
[2022-08-07 05:39:43,008] {taskinstance.py:1179} INFO - Dependencies all met for <TaskInstance: etl_dag.get_age scheduled__2022-08-05T00:00:00+00:00 [queued]>
[2022-08-07 05:39:43,010] {taskinstance.py:1376} INFO - 
--------------------------------------------------------------------------------
[2022-08-07 05:39:43,012] {taskinstance.py:1377} INFO - Starting attempt 1 of 6
[2022-08-07 05:39:43,014] {taskinstance.py:1378} INFO - 
--------------------------------------------------------------------------------
[2022-08-07 05:39:43,041] {taskinstance.py:1397} INFO - Executing <Task(PythonOperator): get_age> on 2022-08-05 00:00:00+00:00
[2022-08-07 05:39:43,046] {standard_task_runner.py:52} INFO - Started process 234 to run task
[2022-08-07 05:39:43,058] {standard_task_runner.py:79} INFO - Running: ['***', 'tasks', 'run', 'etl_dag', 'get_age', 'scheduled__2022-08-05T00:00:00+00:00', '--job-id', '48', '--raw', '--subdir', 'DAGS_FOLDER/etl_dag.py', '--cfg-path', '/tmp/tmpmcxe_je7', '--error-file', '/tmp/tmpfnz2fvwq']
[2022-08-07 05:39:43,060] {standard_task_runner.py:80} INFO - Job 48: Subtask get_age
[2022-08-07 05:39:43,206] {task_command.py:371} INFO - Running <TaskInstance: etl_dag.get_age scheduled__2022-08-05T00:00:00+00:00 [running]> on host 9c2fa859e2fb
[2022-08-07 05:39:43,293] {taskinstance.py:1591} INFO - Exporting the following env vars:
AIRFLOW_CTX_DAG_OWNER=narapady
AIRFLOW_CTX_DAG_ID=etl_dag
AIRFLOW_CTX_TASK_ID=get_age
AIRFLOW_CTX_EXECUTION_DATE=2022-08-05T00:00:00+00:00
AIRFLOW_CTX_TRY_NUMBER=1
AIRFLOW_CTX_DAG_RUN_ID=scheduled__2022-08-05T00:00:00+00:00
[2022-08-07 05:39:43,300] {logging_mixin.py:115} INFO - Hello World
[2022-08-07 05:39:43,301] {python.py:173} INFO - Done. Returned value was: None
[2022-08-07 05:39:43,327] {taskinstance.py:1420} INFO - Marking task as SUCCESS. dag_id=etl_dag, task_id=get_age, execution_date=20220805T000000, start_date=20220807T053942, end_date=20220807T053943
[2022-08-07 05:39:43,387] {local_task_job.py:156} INFO - Task exited with return code 0
[2022-08-07 05:39:43,414] {local_task_job.py:273} INFO - 1 downstream tasks scheduled from follow-on schedule check
