[2022-08-14 16:50:38,726] {taskinstance.py:1179} INFO - Dependencies all met for <TaskInstance: ETL_DAG.Transform_2015 scheduled__2022-08-07T00:00:00+00:00 [queued]>
[2022-08-14 16:50:38,735] {taskinstance.py:1179} INFO - Dependencies all met for <TaskInstance: ETL_DAG.Transform_2015 scheduled__2022-08-07T00:00:00+00:00 [queued]>
[2022-08-14 16:50:38,736] {taskinstance.py:1376} INFO - 
--------------------------------------------------------------------------------
[2022-08-14 16:50:38,737] {taskinstance.py:1377} INFO - Starting attempt 1 of 6
[2022-08-14 16:50:38,738] {taskinstance.py:1378} INFO - 
--------------------------------------------------------------------------------
[2022-08-14 16:50:38,752] {taskinstance.py:1397} INFO - Executing <Task(PythonOperator): Transform_2015> on 2022-08-07 00:00:00+00:00
[2022-08-14 16:50:38,757] {standard_task_runner.py:52} INFO - Started process 655 to run task
[2022-08-14 16:50:38,765] {standard_task_runner.py:79} INFO - Running: ['***', 'tasks', 'run', 'ETL_DAG', 'Transform_2015', 'scheduled__2022-08-07T00:00:00+00:00', '--job-id', '954', '--raw', '--subdir', 'DAGS_FOLDER/etl_dag.py', '--cfg-path', '/tmp/tmp3xl38bsk', '--error-file', '/tmp/tmp04wmujl3']
[2022-08-14 16:50:38,767] {standard_task_runner.py:80} INFO - Job 954: Subtask Transform_2015
[2022-08-14 16:50:38,823] {task_command.py:371} INFO - Running <TaskInstance: ETL_DAG.Transform_2015 scheduled__2022-08-07T00:00:00+00:00 [running]> on host 0dbf9d5e5cdb
[2022-08-14 16:50:38,890] {taskinstance.py:1591} INFO - Exporting the following env vars:
AIRFLOW_CTX_DAG_OWNER=narapady
AIRFLOW_CTX_DAG_ID=ETL_DAG
AIRFLOW_CTX_TASK_ID=Transform_2015
AIRFLOW_CTX_EXECUTION_DATE=2022-08-07T00:00:00+00:00
AIRFLOW_CTX_TRY_NUMBER=1
AIRFLOW_CTX_DAG_RUN_ID=scheduled__2022-08-07T00:00:00+00:00
[2022-08-14 16:50:54,239] {logging_mixin.py:115} INFO - Successfully process fast-food-clean/age-15-and-older-2015.csv to S3
[2022-08-14 16:50:54,548] {logging_mixin.py:115} INFO - Successfully process fast-food-clean/age-18-and-older-2015.csv to S3
[2022-08-14 16:50:54,550] {python.py:173} INFO - Done. Returned value was: None
[2022-08-14 16:50:54,561] {taskinstance.py:1420} INFO - Marking task as SUCCESS. dag_id=ETL_DAG, task_id=Transform_2015, execution_date=20220807T000000, start_date=20220814T165038, end_date=20220814T165054
[2022-08-14 16:50:54,584] {local_task_job.py:156} INFO - Task exited with return code 0
[2022-08-14 16:50:54,610] {local_task_job.py:273} INFO - 0 downstream tasks scheduled from follow-on schedule check
