[2022-08-06 05:56:54,633] {processor.py:153} INFO - Started process (PID=167) to work on /opt/airflow/dags/etl_dag.py
[2022-08-06 05:56:54,634] {processor.py:641} INFO - Processing file /opt/airflow/dags/etl_dag.py for tasks to queue
[2022-08-06 05:56:54,636] {logging_mixin.py:115} INFO - [2022-08-06 05:56:54,636] {dagbag.py:508} INFO - Filling up the DagBag from /opt/airflow/dags/etl_dag.py
[2022-08-06 05:56:54,666] {logging_mixin.py:115} INFO - [2022-08-06 05:56:54,662] {dagbag.py:321} ERROR - Failed to import: /opt/airflow/dags/etl_dag.py
Traceback (most recent call last):
  File "/home/airflow/.local/lib/python3.7/site-packages/airflow/models/dagbag.py", line 318, in parse
    loader.exec_module(new_module)
  File "<frozen importlib._bootstrap_external>", line 728, in exec_module
  File "<frozen importlib._bootstrap>", line 219, in _call_with_frames_removed
  File "/opt/airflow/dags/etl_dag.py", line 5, in <module>
    from ingest import ingestor
  File "/opt/airflow/dags/ingest/ingestor.py", line 4, in <module>
    from dotenv import load_dotenv
ModuleNotFoundError: No module named 'dotenv'
[2022-08-06 05:56:54,667] {processor.py:653} WARNING - No viable dags retrieved from /opt/airflow/dags/etl_dag.py
[2022-08-06 05:56:54,687] {processor.py:161} INFO - Processing /opt/airflow/dags/etl_dag.py took 0.057 seconds
[2022-08-06 05:57:24,812] {processor.py:153} INFO - Started process (PID=198) to work on /opt/airflow/dags/etl_dag.py
[2022-08-06 05:57:24,815] {processor.py:641} INFO - Processing file /opt/airflow/dags/etl_dag.py for tasks to queue
[2022-08-06 05:57:24,816] {logging_mixin.py:115} INFO - [2022-08-06 05:57:24,816] {dagbag.py:508} INFO - Filling up the DagBag from /opt/airflow/dags/etl_dag.py
[2022-08-06 05:57:24,838] {logging_mixin.py:115} INFO - [2022-08-06 05:57:24,834] {dagbag.py:321} ERROR - Failed to import: /opt/airflow/dags/etl_dag.py
Traceback (most recent call last):
  File "/home/airflow/.local/lib/python3.7/site-packages/airflow/models/dagbag.py", line 318, in parse
    loader.exec_module(new_module)
  File "<frozen importlib._bootstrap_external>", line 728, in exec_module
  File "<frozen importlib._bootstrap>", line 219, in _call_with_frames_removed
  File "/opt/airflow/dags/etl_dag.py", line 5, in <module>
    from ingest import ingestor
  File "/opt/airflow/dags/ingest/ingestor.py", line 4, in <module>
    from dotenv import load_dotenv
ModuleNotFoundError: No module named 'dotenv'
[2022-08-06 05:57:24,839] {processor.py:653} WARNING - No viable dags retrieved from /opt/airflow/dags/etl_dag.py
[2022-08-06 05:57:24,855] {processor.py:161} INFO - Processing /opt/airflow/dags/etl_dag.py took 0.045 seconds
[2022-08-06 05:57:54,971] {processor.py:153} INFO - Started process (PID=229) to work on /opt/airflow/dags/etl_dag.py
[2022-08-06 05:57:54,973] {processor.py:641} INFO - Processing file /opt/airflow/dags/etl_dag.py for tasks to queue
[2022-08-06 05:57:54,975] {logging_mixin.py:115} INFO - [2022-08-06 05:57:54,975] {dagbag.py:508} INFO - Filling up the DagBag from /opt/airflow/dags/etl_dag.py
[2022-08-06 05:57:54,992] {logging_mixin.py:115} INFO - [2022-08-06 05:57:54,989] {dagbag.py:321} ERROR - Failed to import: /opt/airflow/dags/etl_dag.py
Traceback (most recent call last):
  File "/home/airflow/.local/lib/python3.7/site-packages/airflow/models/dagbag.py", line 318, in parse
    loader.exec_module(new_module)
  File "<frozen importlib._bootstrap_external>", line 728, in exec_module
  File "<frozen importlib._bootstrap>", line 219, in _call_with_frames_removed
  File "/opt/airflow/dags/etl_dag.py", line 5, in <module>
    from ingest import ingestor
  File "/opt/airflow/dags/ingest/ingestor.py", line 4, in <module>
    from dotenv import load_dotenv
ModuleNotFoundError: No module named 'dotenv'
[2022-08-06 05:57:54,993] {processor.py:653} WARNING - No viable dags retrieved from /opt/airflow/dags/etl_dag.py
[2022-08-06 05:57:55,007] {processor.py:161} INFO - Processing /opt/airflow/dags/etl_dag.py took 0.039 seconds
[2022-08-06 05:58:25,168] {processor.py:153} INFO - Started process (PID=251) to work on /opt/airflow/dags/etl_dag.py
[2022-08-06 05:58:25,170] {processor.py:641} INFO - Processing file /opt/airflow/dags/etl_dag.py for tasks to queue
[2022-08-06 05:58:25,172] {logging_mixin.py:115} INFO - [2022-08-06 05:58:25,172] {dagbag.py:508} INFO - Filling up the DagBag from /opt/airflow/dags/etl_dag.py
[2022-08-06 05:58:25,193] {logging_mixin.py:115} INFO - [2022-08-06 05:58:25,190] {dagbag.py:321} ERROR - Failed to import: /opt/airflow/dags/etl_dag.py
Traceback (most recent call last):
  File "/home/airflow/.local/lib/python3.7/site-packages/airflow/models/dagbag.py", line 318, in parse
    loader.exec_module(new_module)
  File "<frozen importlib._bootstrap_external>", line 728, in exec_module
  File "<frozen importlib._bootstrap>", line 219, in _call_with_frames_removed
  File "/opt/airflow/dags/etl_dag.py", line 5, in <module>
    from ingest import ingestor
  File "/opt/airflow/dags/ingest/ingestor.py", line 4, in <module>
    from dotenv import load_dotenv
ModuleNotFoundError: No module named 'dotenv'
[2022-08-06 05:58:25,194] {processor.py:653} WARNING - No viable dags retrieved from /opt/airflow/dags/etl_dag.py
[2022-08-06 05:58:25,209] {processor.py:161} INFO - Processing /opt/airflow/dags/etl_dag.py took 0.045 seconds
[2022-08-06 05:58:55,347] {processor.py:153} INFO - Started process (PID=283) to work on /opt/airflow/dags/etl_dag.py
[2022-08-06 05:58:55,350] {processor.py:641} INFO - Processing file /opt/airflow/dags/etl_dag.py for tasks to queue
[2022-08-06 05:58:55,351] {logging_mixin.py:115} INFO - [2022-08-06 05:58:55,351] {dagbag.py:508} INFO - Filling up the DagBag from /opt/airflow/dags/etl_dag.py
[2022-08-06 05:58:55,371] {logging_mixin.py:115} INFO - [2022-08-06 05:58:55,368] {dagbag.py:321} ERROR - Failed to import: /opt/airflow/dags/etl_dag.py
Traceback (most recent call last):
  File "/home/airflow/.local/lib/python3.7/site-packages/airflow/models/dagbag.py", line 318, in parse
    loader.exec_module(new_module)
  File "<frozen importlib._bootstrap_external>", line 728, in exec_module
  File "<frozen importlib._bootstrap>", line 219, in _call_with_frames_removed
  File "/opt/airflow/dags/etl_dag.py", line 5, in <module>
    from ingest import ingestor
  File "/opt/airflow/dags/ingest/ingestor.py", line 4, in <module>
    from dotenv import load_dotenv
ModuleNotFoundError: No module named 'dotenv'
[2022-08-06 05:58:55,372] {processor.py:653} WARNING - No viable dags retrieved from /opt/airflow/dags/etl_dag.py
[2022-08-06 05:58:55,385] {processor.py:161} INFO - Processing /opt/airflow/dags/etl_dag.py took 0.041 seconds
[2022-08-06 05:59:25,585] {processor.py:153} INFO - Started process (PID=315) to work on /opt/airflow/dags/etl_dag.py
[2022-08-06 05:59:25,588] {processor.py:641} INFO - Processing file /opt/airflow/dags/etl_dag.py for tasks to queue
[2022-08-06 05:59:25,590] {logging_mixin.py:115} INFO - [2022-08-06 05:59:25,590] {dagbag.py:508} INFO - Filling up the DagBag from /opt/airflow/dags/etl_dag.py
[2022-08-06 05:59:25,611] {logging_mixin.py:115} INFO - [2022-08-06 05:59:25,608] {dagbag.py:321} ERROR - Failed to import: /opt/airflow/dags/etl_dag.py
Traceback (most recent call last):
  File "/home/airflow/.local/lib/python3.7/site-packages/airflow/models/dagbag.py", line 318, in parse
    loader.exec_module(new_module)
  File "<frozen importlib._bootstrap_external>", line 728, in exec_module
  File "<frozen importlib._bootstrap>", line 219, in _call_with_frames_removed
  File "/opt/airflow/dags/etl_dag.py", line 5, in <module>
    from ingest import ingestor
  File "/opt/airflow/dags/ingest/ingestor.py", line 4, in <module>
    from dotenv import load_dotenv
ModuleNotFoundError: No module named 'dotenv'
[2022-08-06 05:59:25,613] {processor.py:653} WARNING - No viable dags retrieved from /opt/airflow/dags/etl_dag.py
[2022-08-06 05:59:25,628] {processor.py:161} INFO - Processing /opt/airflow/dags/etl_dag.py took 0.048 seconds
[2022-08-06 05:59:55,799] {processor.py:153} INFO - Started process (PID=347) to work on /opt/airflow/dags/etl_dag.py
[2022-08-06 05:59:55,803] {processor.py:641} INFO - Processing file /opt/airflow/dags/etl_dag.py for tasks to queue
[2022-08-06 05:59:55,806] {logging_mixin.py:115} INFO - [2022-08-06 05:59:55,806] {dagbag.py:508} INFO - Filling up the DagBag from /opt/airflow/dags/etl_dag.py
[2022-08-06 05:59:55,830] {logging_mixin.py:115} INFO - [2022-08-06 05:59:55,826] {dagbag.py:321} ERROR - Failed to import: /opt/airflow/dags/etl_dag.py
Traceback (most recent call last):
  File "/home/airflow/.local/lib/python3.7/site-packages/airflow/models/dagbag.py", line 318, in parse
    loader.exec_module(new_module)
  File "<frozen importlib._bootstrap_external>", line 728, in exec_module
  File "<frozen importlib._bootstrap>", line 219, in _call_with_frames_removed
  File "/opt/airflow/dags/etl_dag.py", line 5, in <module>
    from ingest import ingestor
  File "/opt/airflow/dags/ingest/ingestor.py", line 4, in <module>
    from dotenv import load_dotenv
ModuleNotFoundError: No module named 'dotenv'
[2022-08-06 05:59:55,831] {processor.py:653} WARNING - No viable dags retrieved from /opt/airflow/dags/etl_dag.py
[2022-08-06 05:59:55,845] {processor.py:161} INFO - Processing /opt/airflow/dags/etl_dag.py took 0.051 seconds
[2022-08-06 06:02:06,806] {processor.py:153} INFO - Started process (PID=166) to work on /opt/airflow/dags/etl_dag.py
[2022-08-06 06:02:06,808] {processor.py:641} INFO - Processing file /opt/airflow/dags/etl_dag.py for tasks to queue
[2022-08-06 06:02:06,809] {logging_mixin.py:115} INFO - [2022-08-06 06:02:06,809] {dagbag.py:508} INFO - Filling up the DagBag from /opt/airflow/dags/etl_dag.py
[2022-08-06 06:02:06,835] {logging_mixin.py:115} INFO - [2022-08-06 06:02:06,829] {dagbag.py:321} ERROR - Failed to import: /opt/airflow/dags/etl_dag.py
Traceback (most recent call last):
  File "/home/airflow/.local/lib/python3.7/site-packages/airflow/models/dagbag.py", line 318, in parse
    loader.exec_module(new_module)
  File "<frozen importlib._bootstrap_external>", line 728, in exec_module
  File "<frozen importlib._bootstrap>", line 219, in _call_with_frames_removed
  File "/opt/airflow/dags/etl_dag.py", line 5, in <module>
    from ingest import ingestor
  File "/opt/airflow/dags/ingest/ingestor.py", line 4, in <module>
    from dotenv import load_dotenv
ModuleNotFoundError: No module named 'dotenv'
[2022-08-06 06:02:06,837] {processor.py:653} WARNING - No viable dags retrieved from /opt/airflow/dags/etl_dag.py
[2022-08-06 06:02:06,856] {processor.py:161} INFO - Processing /opt/airflow/dags/etl_dag.py took 0.053 seconds
[2022-08-06 06:02:36,967] {processor.py:153} INFO - Started process (PID=199) to work on /opt/airflow/dags/etl_dag.py
[2022-08-06 06:02:36,968] {processor.py:641} INFO - Processing file /opt/airflow/dags/etl_dag.py for tasks to queue
[2022-08-06 06:02:36,969] {logging_mixin.py:115} INFO - [2022-08-06 06:02:36,969] {dagbag.py:508} INFO - Filling up the DagBag from /opt/airflow/dags/etl_dag.py
[2022-08-06 06:02:36,985] {logging_mixin.py:115} INFO - [2022-08-06 06:02:36,982] {dagbag.py:321} ERROR - Failed to import: /opt/airflow/dags/etl_dag.py
Traceback (most recent call last):
  File "/home/airflow/.local/lib/python3.7/site-packages/airflow/models/dagbag.py", line 318, in parse
    loader.exec_module(new_module)
  File "<frozen importlib._bootstrap_external>", line 728, in exec_module
  File "<frozen importlib._bootstrap>", line 219, in _call_with_frames_removed
  File "/opt/airflow/dags/etl_dag.py", line 5, in <module>
    from ingest import ingestor
  File "/opt/airflow/dags/ingest/ingestor.py", line 4, in <module>
    from dotenv import load_dotenv
ModuleNotFoundError: No module named 'dotenv'
[2022-08-06 06:02:36,986] {processor.py:653} WARNING - No viable dags retrieved from /opt/airflow/dags/etl_dag.py
[2022-08-06 06:02:37,001] {processor.py:161} INFO - Processing /opt/airflow/dags/etl_dag.py took 0.038 seconds
[2022-08-06 06:03:07,206] {processor.py:153} INFO - Started process (PID=231) to work on /opt/airflow/dags/etl_dag.py
[2022-08-06 06:03:07,208] {processor.py:641} INFO - Processing file /opt/airflow/dags/etl_dag.py for tasks to queue
[2022-08-06 06:03:07,210] {logging_mixin.py:115} INFO - [2022-08-06 06:03:07,210] {dagbag.py:508} INFO - Filling up the DagBag from /opt/airflow/dags/etl_dag.py
[2022-08-06 06:03:07,231] {logging_mixin.py:115} INFO - [2022-08-06 06:03:07,228] {dagbag.py:321} ERROR - Failed to import: /opt/airflow/dags/etl_dag.py
Traceback (most recent call last):
  File "/home/airflow/.local/lib/python3.7/site-packages/airflow/models/dagbag.py", line 318, in parse
    loader.exec_module(new_module)
  File "<frozen importlib._bootstrap_external>", line 728, in exec_module
  File "<frozen importlib._bootstrap>", line 219, in _call_with_frames_removed
  File "/opt/airflow/dags/etl_dag.py", line 5, in <module>
    from ingest import ingestor
  File "/opt/airflow/dags/ingest/ingestor.py", line 4, in <module>
    from dotenv import load_dotenv
ModuleNotFoundError: No module named 'dotenv'
[2022-08-06 06:03:07,232] {processor.py:653} WARNING - No viable dags retrieved from /opt/airflow/dags/etl_dag.py
[2022-08-06 06:03:07,245] {processor.py:161} INFO - Processing /opt/airflow/dags/etl_dag.py took 0.042 seconds
[2022-08-06 06:03:37,424] {processor.py:153} INFO - Started process (PID=254) to work on /opt/airflow/dags/etl_dag.py
[2022-08-06 06:03:37,427] {processor.py:641} INFO - Processing file /opt/airflow/dags/etl_dag.py for tasks to queue
[2022-08-06 06:03:37,429] {logging_mixin.py:115} INFO - [2022-08-06 06:03:37,429] {dagbag.py:508} INFO - Filling up the DagBag from /opt/airflow/dags/etl_dag.py
[2022-08-06 06:03:37,452] {logging_mixin.py:115} INFO - [2022-08-06 06:03:37,448] {dagbag.py:321} ERROR - Failed to import: /opt/airflow/dags/etl_dag.py
Traceback (most recent call last):
  File "/home/airflow/.local/lib/python3.7/site-packages/airflow/models/dagbag.py", line 318, in parse
    loader.exec_module(new_module)
  File "<frozen importlib._bootstrap_external>", line 728, in exec_module
  File "<frozen importlib._bootstrap>", line 219, in _call_with_frames_removed
  File "/opt/airflow/dags/etl_dag.py", line 5, in <module>
    from ingest import ingestor
  File "/opt/airflow/dags/ingest/ingestor.py", line 4, in <module>
    from dotenv import load_dotenv
ModuleNotFoundError: No module named 'dotenv'
[2022-08-06 06:03:37,453] {processor.py:653} WARNING - No viable dags retrieved from /opt/airflow/dags/etl_dag.py
[2022-08-06 06:03:37,467] {processor.py:161} INFO - Processing /opt/airflow/dags/etl_dag.py took 0.048 seconds
[2022-08-06 06:04:07,585] {processor.py:153} INFO - Started process (PID=284) to work on /opt/airflow/dags/etl_dag.py
[2022-08-06 06:04:07,587] {processor.py:641} INFO - Processing file /opt/airflow/dags/etl_dag.py for tasks to queue
[2022-08-06 06:04:07,589] {logging_mixin.py:115} INFO - [2022-08-06 06:04:07,589] {dagbag.py:508} INFO - Filling up the DagBag from /opt/airflow/dags/etl_dag.py
[2022-08-06 06:04:07,610] {logging_mixin.py:115} INFO - [2022-08-06 06:04:07,606] {dagbag.py:321} ERROR - Failed to import: /opt/airflow/dags/etl_dag.py
Traceback (most recent call last):
  File "/home/airflow/.local/lib/python3.7/site-packages/airflow/models/dagbag.py", line 318, in parse
    loader.exec_module(new_module)
  File "<frozen importlib._bootstrap_external>", line 728, in exec_module
  File "<frozen importlib._bootstrap>", line 219, in _call_with_frames_removed
  File "/opt/airflow/dags/etl_dag.py", line 5, in <module>
    from ingest import ingestor
  File "/opt/airflow/dags/ingest/ingestor.py", line 4, in <module>
    from dotenv import load_dotenv
ModuleNotFoundError: No module named 'dotenv'
[2022-08-06 06:04:07,611] {processor.py:653} WARNING - No viable dags retrieved from /opt/airflow/dags/etl_dag.py
[2022-08-06 06:04:07,626] {processor.py:161} INFO - Processing /opt/airflow/dags/etl_dag.py took 0.045 seconds
[2022-08-06 06:04:37,758] {processor.py:153} INFO - Started process (PID=316) to work on /opt/airflow/dags/etl_dag.py
[2022-08-06 06:04:37,759] {processor.py:641} INFO - Processing file /opt/airflow/dags/etl_dag.py for tasks to queue
[2022-08-06 06:04:37,761] {logging_mixin.py:115} INFO - [2022-08-06 06:04:37,761] {dagbag.py:508} INFO - Filling up the DagBag from /opt/airflow/dags/etl_dag.py
[2022-08-06 06:04:37,784] {logging_mixin.py:115} INFO - [2022-08-06 06:04:37,781] {dagbag.py:321} ERROR - Failed to import: /opt/airflow/dags/etl_dag.py
Traceback (most recent call last):
  File "/home/airflow/.local/lib/python3.7/site-packages/airflow/models/dagbag.py", line 318, in parse
    loader.exec_module(new_module)
  File "<frozen importlib._bootstrap_external>", line 728, in exec_module
  File "<frozen importlib._bootstrap>", line 219, in _call_with_frames_removed
  File "/opt/airflow/dags/etl_dag.py", line 5, in <module>
    from ingest import ingestor
  File "/opt/airflow/dags/ingest/ingestor.py", line 4, in <module>
    from dotenv import load_dotenv
ModuleNotFoundError: No module named 'dotenv'
[2022-08-06 06:04:37,786] {processor.py:653} WARNING - No viable dags retrieved from /opt/airflow/dags/etl_dag.py
[2022-08-06 06:04:37,801] {processor.py:161} INFO - Processing /opt/airflow/dags/etl_dag.py took 0.046 seconds
[2022-08-06 06:05:07,952] {processor.py:153} INFO - Started process (PID=347) to work on /opt/airflow/dags/etl_dag.py
[2022-08-06 06:05:07,954] {processor.py:641} INFO - Processing file /opt/airflow/dags/etl_dag.py for tasks to queue
[2022-08-06 06:05:07,956] {logging_mixin.py:115} INFO - [2022-08-06 06:05:07,956] {dagbag.py:508} INFO - Filling up the DagBag from /opt/airflow/dags/etl_dag.py
[2022-08-06 06:05:07,977] {logging_mixin.py:115} INFO - [2022-08-06 06:05:07,975] {dagbag.py:321} ERROR - Failed to import: /opt/airflow/dags/etl_dag.py
Traceback (most recent call last):
  File "/home/airflow/.local/lib/python3.7/site-packages/airflow/models/dagbag.py", line 318, in parse
    loader.exec_module(new_module)
  File "<frozen importlib._bootstrap_external>", line 728, in exec_module
  File "<frozen importlib._bootstrap>", line 219, in _call_with_frames_removed
  File "/opt/airflow/dags/etl_dag.py", line 5, in <module>
    from ingest import ingestor
  File "/opt/airflow/dags/ingest/ingestor.py", line 4, in <module>
    from dotenv import load_dotenv
ModuleNotFoundError: No module named 'dotenv'
[2022-08-06 06:05:07,979] {processor.py:653} WARNING - No viable dags retrieved from /opt/airflow/dags/etl_dag.py
[2022-08-06 06:05:07,992] {processor.py:161} INFO - Processing /opt/airflow/dags/etl_dag.py took 0.043 seconds
[2022-08-06 06:05:38,140] {processor.py:153} INFO - Started process (PID=370) to work on /opt/airflow/dags/etl_dag.py
[2022-08-06 06:05:38,143] {processor.py:641} INFO - Processing file /opt/airflow/dags/etl_dag.py for tasks to queue
[2022-08-06 06:05:38,145] {logging_mixin.py:115} INFO - [2022-08-06 06:05:38,145] {dagbag.py:508} INFO - Filling up the DagBag from /opt/airflow/dags/etl_dag.py
[2022-08-06 06:05:38,173] {logging_mixin.py:115} INFO - [2022-08-06 06:05:38,169] {dagbag.py:321} ERROR - Failed to import: /opt/airflow/dags/etl_dag.py
Traceback (most recent call last):
  File "/home/airflow/.local/lib/python3.7/site-packages/airflow/models/dagbag.py", line 318, in parse
    loader.exec_module(new_module)
  File "<frozen importlib._bootstrap_external>", line 728, in exec_module
  File "<frozen importlib._bootstrap>", line 219, in _call_with_frames_removed
  File "/opt/airflow/dags/etl_dag.py", line 5, in <module>
    from ingest import ingestor
  File "/opt/airflow/dags/ingest/ingestor.py", line 4, in <module>
    from dotenv import load_dotenv
ModuleNotFoundError: No module named 'dotenv'
[2022-08-06 06:05:38,174] {processor.py:653} WARNING - No viable dags retrieved from /opt/airflow/dags/etl_dag.py
[2022-08-06 06:05:38,194] {processor.py:161} INFO - Processing /opt/airflow/dags/etl_dag.py took 0.058 seconds
[2022-08-06 06:06:08,386] {processor.py:153} INFO - Started process (PID=400) to work on /opt/airflow/dags/etl_dag.py
[2022-08-06 06:06:08,388] {processor.py:641} INFO - Processing file /opt/airflow/dags/etl_dag.py for tasks to queue
[2022-08-06 06:06:08,390] {logging_mixin.py:115} INFO - [2022-08-06 06:06:08,389] {dagbag.py:508} INFO - Filling up the DagBag from /opt/airflow/dags/etl_dag.py
[2022-08-06 06:06:08,410] {logging_mixin.py:115} INFO - [2022-08-06 06:06:08,407] {dagbag.py:321} ERROR - Failed to import: /opt/airflow/dags/etl_dag.py
Traceback (most recent call last):
  File "/home/airflow/.local/lib/python3.7/site-packages/airflow/models/dagbag.py", line 318, in parse
    loader.exec_module(new_module)
  File "<frozen importlib._bootstrap_external>", line 728, in exec_module
  File "<frozen importlib._bootstrap>", line 219, in _call_with_frames_removed
  File "/opt/airflow/dags/etl_dag.py", line 5, in <module>
    from ingest import ingestor
  File "/opt/airflow/dags/ingest/ingestor.py", line 4, in <module>
    from dotenv import load_dotenv
ModuleNotFoundError: No module named 'dotenv'
[2022-08-06 06:06:08,412] {processor.py:653} WARNING - No viable dags retrieved from /opt/airflow/dags/etl_dag.py
[2022-08-06 06:06:08,427] {processor.py:161} INFO - Processing /opt/airflow/dags/etl_dag.py took 0.046 seconds
[2022-08-06 06:06:38,661] {processor.py:153} INFO - Started process (PID=431) to work on /opt/airflow/dags/etl_dag.py
[2022-08-06 06:06:38,664] {processor.py:641} INFO - Processing file /opt/airflow/dags/etl_dag.py for tasks to queue
[2022-08-06 06:06:38,666] {logging_mixin.py:115} INFO - [2022-08-06 06:06:38,666] {dagbag.py:508} INFO - Filling up the DagBag from /opt/airflow/dags/etl_dag.py
[2022-08-06 06:06:38,692] {logging_mixin.py:115} INFO - [2022-08-06 06:06:38,688] {dagbag.py:321} ERROR - Failed to import: /opt/airflow/dags/etl_dag.py
Traceback (most recent call last):
  File "/home/airflow/.local/lib/python3.7/site-packages/airflow/models/dagbag.py", line 318, in parse
    loader.exec_module(new_module)
  File "<frozen importlib._bootstrap_external>", line 728, in exec_module
  File "<frozen importlib._bootstrap>", line 219, in _call_with_frames_removed
  File "/opt/airflow/dags/etl_dag.py", line 5, in <module>
    from ingest import ingestor
  File "/opt/airflow/dags/ingest/ingestor.py", line 4, in <module>
    from dotenv import load_dotenv
ModuleNotFoundError: No module named 'dotenv'
[2022-08-06 06:06:38,693] {processor.py:653} WARNING - No viable dags retrieved from /opt/airflow/dags/etl_dag.py
[2022-08-06 06:06:38,707] {processor.py:161} INFO - Processing /opt/airflow/dags/etl_dag.py took 0.052 seconds
[2022-08-06 06:07:08,941] {processor.py:153} INFO - Started process (PID=462) to work on /opt/airflow/dags/etl_dag.py
[2022-08-06 06:07:08,943] {processor.py:641} INFO - Processing file /opt/airflow/dags/etl_dag.py for tasks to queue
[2022-08-06 06:07:08,945] {logging_mixin.py:115} INFO - [2022-08-06 06:07:08,945] {dagbag.py:508} INFO - Filling up the DagBag from /opt/airflow/dags/etl_dag.py
[2022-08-06 06:07:08,965] {logging_mixin.py:115} INFO - [2022-08-06 06:07:08,962] {dagbag.py:321} ERROR - Failed to import: /opt/airflow/dags/etl_dag.py
Traceback (most recent call last):
  File "/home/airflow/.local/lib/python3.7/site-packages/airflow/models/dagbag.py", line 318, in parse
    loader.exec_module(new_module)
  File "<frozen importlib._bootstrap_external>", line 728, in exec_module
  File "<frozen importlib._bootstrap>", line 219, in _call_with_frames_removed
  File "/opt/airflow/dags/etl_dag.py", line 5, in <module>
    from ingest import ingestor
  File "/opt/airflow/dags/ingest/ingestor.py", line 4, in <module>
    from dotenv import load_dotenv
ModuleNotFoundError: No module named 'dotenv'
[2022-08-06 06:07:08,966] {processor.py:653} WARNING - No viable dags retrieved from /opt/airflow/dags/etl_dag.py
[2022-08-06 06:07:08,979] {processor.py:161} INFO - Processing /opt/airflow/dags/etl_dag.py took 0.042 seconds
[2022-08-06 06:07:39,151] {processor.py:153} INFO - Started process (PID=493) to work on /opt/airflow/dags/etl_dag.py
[2022-08-06 06:07:39,153] {processor.py:641} INFO - Processing file /opt/airflow/dags/etl_dag.py for tasks to queue
[2022-08-06 06:07:39,156] {logging_mixin.py:115} INFO - [2022-08-06 06:07:39,156] {dagbag.py:508} INFO - Filling up the DagBag from /opt/airflow/dags/etl_dag.py
[2022-08-06 06:07:39,179] {logging_mixin.py:115} INFO - [2022-08-06 06:07:39,176] {dagbag.py:321} ERROR - Failed to import: /opt/airflow/dags/etl_dag.py
Traceback (most recent call last):
  File "/home/airflow/.local/lib/python3.7/site-packages/airflow/models/dagbag.py", line 318, in parse
    loader.exec_module(new_module)
  File "<frozen importlib._bootstrap_external>", line 728, in exec_module
  File "<frozen importlib._bootstrap>", line 219, in _call_with_frames_removed
  File "/opt/airflow/dags/etl_dag.py", line 5, in <module>
    from ingest import ingestor
  File "/opt/airflow/dags/ingest/ingestor.py", line 4, in <module>
    from dotenv import load_dotenv
ModuleNotFoundError: No module named 'dotenv'
[2022-08-06 06:07:39,181] {processor.py:653} WARNING - No viable dags retrieved from /opt/airflow/dags/etl_dag.py
[2022-08-06 06:07:39,195] {processor.py:161} INFO - Processing /opt/airflow/dags/etl_dag.py took 0.049 seconds
[2022-08-06 06:08:09,405] {processor.py:153} INFO - Started process (PID=516) to work on /opt/airflow/dags/etl_dag.py
[2022-08-06 06:08:09,407] {processor.py:641} INFO - Processing file /opt/airflow/dags/etl_dag.py for tasks to queue
[2022-08-06 06:08:09,409] {logging_mixin.py:115} INFO - [2022-08-06 06:08:09,409] {dagbag.py:508} INFO - Filling up the DagBag from /opt/airflow/dags/etl_dag.py
[2022-08-06 06:08:09,431] {logging_mixin.py:115} INFO - [2022-08-06 06:08:09,428] {dagbag.py:321} ERROR - Failed to import: /opt/airflow/dags/etl_dag.py
Traceback (most recent call last):
  File "/home/airflow/.local/lib/python3.7/site-packages/airflow/models/dagbag.py", line 318, in parse
    loader.exec_module(new_module)
  File "<frozen importlib._bootstrap_external>", line 728, in exec_module
  File "<frozen importlib._bootstrap>", line 219, in _call_with_frames_removed
  File "/opt/airflow/dags/etl_dag.py", line 5, in <module>
    from ingest import ingestor
  File "/opt/airflow/dags/ingest/ingestor.py", line 4, in <module>
    from dotenv import load_dotenv
ModuleNotFoundError: No module named 'dotenv'
[2022-08-06 06:08:09,432] {processor.py:653} WARNING - No viable dags retrieved from /opt/airflow/dags/etl_dag.py
[2022-08-06 06:08:09,447] {processor.py:161} INFO - Processing /opt/airflow/dags/etl_dag.py took 0.047 seconds
[2022-08-06 06:08:39,673] {processor.py:153} INFO - Started process (PID=549) to work on /opt/airflow/dags/etl_dag.py
[2022-08-06 06:08:39,677] {processor.py:641} INFO - Processing file /opt/airflow/dags/etl_dag.py for tasks to queue
[2022-08-06 06:08:39,679] {logging_mixin.py:115} INFO - [2022-08-06 06:08:39,679] {dagbag.py:508} INFO - Filling up the DagBag from /opt/airflow/dags/etl_dag.py
[2022-08-06 06:08:39,698] {logging_mixin.py:115} INFO - [2022-08-06 06:08:39,696] {dagbag.py:321} ERROR - Failed to import: /opt/airflow/dags/etl_dag.py
Traceback (most recent call last):
  File "/home/airflow/.local/lib/python3.7/site-packages/airflow/models/dagbag.py", line 318, in parse
    loader.exec_module(new_module)
  File "<frozen importlib._bootstrap_external>", line 728, in exec_module
  File "<frozen importlib._bootstrap>", line 219, in _call_with_frames_removed
  File "/opt/airflow/dags/etl_dag.py", line 5, in <module>
    from ingest import ingestor
  File "/opt/airflow/dags/ingest/ingestor.py", line 4, in <module>
    from dotenv import load_dotenv
ModuleNotFoundError: No module named 'dotenv'
[2022-08-06 06:08:39,699] {processor.py:653} WARNING - No viable dags retrieved from /opt/airflow/dags/etl_dag.py
[2022-08-06 06:08:39,713] {processor.py:161} INFO - Processing /opt/airflow/dags/etl_dag.py took 0.043 seconds
[2022-08-06 06:09:09,868] {processor.py:153} INFO - Started process (PID=580) to work on /opt/airflow/dags/etl_dag.py
[2022-08-06 06:09:09,870] {processor.py:641} INFO - Processing file /opt/airflow/dags/etl_dag.py for tasks to queue
[2022-08-06 06:09:09,872] {logging_mixin.py:115} INFO - [2022-08-06 06:09:09,872] {dagbag.py:508} INFO - Filling up the DagBag from /opt/airflow/dags/etl_dag.py
[2022-08-06 06:09:09,891] {logging_mixin.py:115} INFO - [2022-08-06 06:09:09,888] {dagbag.py:321} ERROR - Failed to import: /opt/airflow/dags/etl_dag.py
Traceback (most recent call last):
  File "/home/airflow/.local/lib/python3.7/site-packages/airflow/models/dagbag.py", line 318, in parse
    loader.exec_module(new_module)
  File "<frozen importlib._bootstrap_external>", line 728, in exec_module
  File "<frozen importlib._bootstrap>", line 219, in _call_with_frames_removed
  File "/opt/airflow/dags/etl_dag.py", line 5, in <module>
    from ingest import ingestor
  File "/opt/airflow/dags/ingest/ingestor.py", line 4, in <module>
    from dotenv import load_dotenv
ModuleNotFoundError: No module named 'dotenv'
[2022-08-06 06:09:09,893] {processor.py:653} WARNING - No viable dags retrieved from /opt/airflow/dags/etl_dag.py
[2022-08-06 06:09:09,908] {processor.py:161} INFO - Processing /opt/airflow/dags/etl_dag.py took 0.042 seconds
[2022-08-06 06:09:40,137] {processor.py:153} INFO - Started process (PID=612) to work on /opt/airflow/dags/etl_dag.py
[2022-08-06 06:09:40,142] {processor.py:641} INFO - Processing file /opt/airflow/dags/etl_dag.py for tasks to queue
[2022-08-06 06:09:40,143] {logging_mixin.py:115} INFO - [2022-08-06 06:09:40,143] {dagbag.py:508} INFO - Filling up the DagBag from /opt/airflow/dags/etl_dag.py
[2022-08-06 06:09:40,163] {logging_mixin.py:115} INFO - [2022-08-06 06:09:40,160] {dagbag.py:321} ERROR - Failed to import: /opt/airflow/dags/etl_dag.py
Traceback (most recent call last):
  File "/home/airflow/.local/lib/python3.7/site-packages/airflow/models/dagbag.py", line 318, in parse
    loader.exec_module(new_module)
  File "<frozen importlib._bootstrap_external>", line 728, in exec_module
  File "<frozen importlib._bootstrap>", line 219, in _call_with_frames_removed
  File "/opt/airflow/dags/etl_dag.py", line 5, in <module>
    from ingest import ingestor
  File "/opt/airflow/dags/ingest/ingestor.py", line 4, in <module>
    from dotenv import load_dotenv
ModuleNotFoundError: No module named 'dotenv'
[2022-08-06 06:09:40,164] {processor.py:653} WARNING - No viable dags retrieved from /opt/airflow/dags/etl_dag.py
[2022-08-06 06:09:40,178] {processor.py:161} INFO - Processing /opt/airflow/dags/etl_dag.py took 0.044 seconds
[2022-08-06 06:10:10,399] {processor.py:153} INFO - Started process (PID=644) to work on /opt/airflow/dags/etl_dag.py
[2022-08-06 06:10:10,400] {processor.py:641} INFO - Processing file /opt/airflow/dags/etl_dag.py for tasks to queue
[2022-08-06 06:10:10,402] {logging_mixin.py:115} INFO - [2022-08-06 06:10:10,402] {dagbag.py:508} INFO - Filling up the DagBag from /opt/airflow/dags/etl_dag.py
[2022-08-06 06:10:10,421] {logging_mixin.py:115} INFO - [2022-08-06 06:10:10,418] {dagbag.py:321} ERROR - Failed to import: /opt/airflow/dags/etl_dag.py
Traceback (most recent call last):
  File "/home/airflow/.local/lib/python3.7/site-packages/airflow/models/dagbag.py", line 318, in parse
    loader.exec_module(new_module)
  File "<frozen importlib._bootstrap_external>", line 728, in exec_module
  File "<frozen importlib._bootstrap>", line 219, in _call_with_frames_removed
  File "/opt/airflow/dags/etl_dag.py", line 5, in <module>
    from ingest import ingestor
  File "/opt/airflow/dags/ingest/ingestor.py", line 4, in <module>
    from dotenv import load_dotenv
ModuleNotFoundError: No module named 'dotenv'
[2022-08-06 06:10:10,422] {processor.py:653} WARNING - No viable dags retrieved from /opt/airflow/dags/etl_dag.py
[2022-08-06 06:10:10,437] {processor.py:161} INFO - Processing /opt/airflow/dags/etl_dag.py took 0.040 seconds
[2022-08-06 06:10:40,651] {processor.py:153} INFO - Started process (PID=666) to work on /opt/airflow/dags/etl_dag.py
[2022-08-06 06:10:40,653] {processor.py:641} INFO - Processing file /opt/airflow/dags/etl_dag.py for tasks to queue
[2022-08-06 06:10:40,655] {logging_mixin.py:115} INFO - [2022-08-06 06:10:40,655] {dagbag.py:508} INFO - Filling up the DagBag from /opt/airflow/dags/etl_dag.py
[2022-08-06 06:10:40,680] {logging_mixin.py:115} INFO - [2022-08-06 06:10:40,677] {dagbag.py:321} ERROR - Failed to import: /opt/airflow/dags/etl_dag.py
Traceback (most recent call last):
  File "/home/airflow/.local/lib/python3.7/site-packages/airflow/models/dagbag.py", line 318, in parse
    loader.exec_module(new_module)
  File "<frozen importlib._bootstrap_external>", line 728, in exec_module
  File "<frozen importlib._bootstrap>", line 219, in _call_with_frames_removed
  File "/opt/airflow/dags/etl_dag.py", line 5, in <module>
    from ingest import ingestor
  File "/opt/airflow/dags/ingest/ingestor.py", line 4, in <module>
    from dotenv import load_dotenv
ModuleNotFoundError: No module named 'dotenv'
[2022-08-06 06:10:40,682] {processor.py:653} WARNING - No viable dags retrieved from /opt/airflow/dags/etl_dag.py
[2022-08-06 06:10:40,705] {processor.py:161} INFO - Processing /opt/airflow/dags/etl_dag.py took 0.059 seconds
[2022-08-06 06:11:10,869] {processor.py:153} INFO - Started process (PID=696) to work on /opt/airflow/dags/etl_dag.py
[2022-08-06 06:11:10,871] {processor.py:641} INFO - Processing file /opt/airflow/dags/etl_dag.py for tasks to queue
[2022-08-06 06:11:10,873] {logging_mixin.py:115} INFO - [2022-08-06 06:11:10,873] {dagbag.py:508} INFO - Filling up the DagBag from /opt/airflow/dags/etl_dag.py
[2022-08-06 06:11:10,895] {logging_mixin.py:115} INFO - [2022-08-06 06:11:10,891] {dagbag.py:321} ERROR - Failed to import: /opt/airflow/dags/etl_dag.py
Traceback (most recent call last):
  File "/home/airflow/.local/lib/python3.7/site-packages/airflow/models/dagbag.py", line 318, in parse
    loader.exec_module(new_module)
  File "<frozen importlib._bootstrap_external>", line 728, in exec_module
  File "<frozen importlib._bootstrap>", line 219, in _call_with_frames_removed
  File "/opt/airflow/dags/etl_dag.py", line 5, in <module>
    from ingest import ingestor
  File "/opt/airflow/dags/ingest/ingestor.py", line 4, in <module>
    from dotenv import load_dotenv
ModuleNotFoundError: No module named 'dotenv'
[2022-08-06 06:11:10,896] {processor.py:653} WARNING - No viable dags retrieved from /opt/airflow/dags/etl_dag.py
[2022-08-06 06:11:10,910] {processor.py:161} INFO - Processing /opt/airflow/dags/etl_dag.py took 0.045 seconds
[2022-08-06 06:11:41,142] {processor.py:153} INFO - Started process (PID=729) to work on /opt/airflow/dags/etl_dag.py
[2022-08-06 06:11:41,145] {processor.py:641} INFO - Processing file /opt/airflow/dags/etl_dag.py for tasks to queue
[2022-08-06 06:11:41,147] {logging_mixin.py:115} INFO - [2022-08-06 06:11:41,146] {dagbag.py:508} INFO - Filling up the DagBag from /opt/airflow/dags/etl_dag.py
[2022-08-06 06:11:41,170] {logging_mixin.py:115} INFO - [2022-08-06 06:11:41,167] {dagbag.py:321} ERROR - Failed to import: /opt/airflow/dags/etl_dag.py
Traceback (most recent call last):
  File "/home/airflow/.local/lib/python3.7/site-packages/airflow/models/dagbag.py", line 318, in parse
    loader.exec_module(new_module)
  File "<frozen importlib._bootstrap_external>", line 728, in exec_module
  File "<frozen importlib._bootstrap>", line 219, in _call_with_frames_removed
  File "/opt/airflow/dags/etl_dag.py", line 5, in <module>
    from ingest import ingestor
  File "/opt/airflow/dags/ingest/ingestor.py", line 4, in <module>
    from dotenv import load_dotenv
ModuleNotFoundError: No module named 'dotenv'
[2022-08-06 06:11:41,172] {processor.py:653} WARNING - No viable dags retrieved from /opt/airflow/dags/etl_dag.py
[2022-08-06 06:11:41,186] {processor.py:161} INFO - Processing /opt/airflow/dags/etl_dag.py took 0.048 seconds
[2022-08-06 06:12:11,464] {processor.py:153} INFO - Started process (PID=760) to work on /opt/airflow/dags/etl_dag.py
[2022-08-06 06:12:11,465] {processor.py:641} INFO - Processing file /opt/airflow/dags/etl_dag.py for tasks to queue
[2022-08-06 06:12:11,467] {logging_mixin.py:115} INFO - [2022-08-06 06:12:11,467] {dagbag.py:508} INFO - Filling up the DagBag from /opt/airflow/dags/etl_dag.py
[2022-08-06 06:12:11,488] {logging_mixin.py:115} INFO - [2022-08-06 06:12:11,485] {dagbag.py:321} ERROR - Failed to import: /opt/airflow/dags/etl_dag.py
Traceback (most recent call last):
  File "/home/airflow/.local/lib/python3.7/site-packages/airflow/models/dagbag.py", line 318, in parse
    loader.exec_module(new_module)
  File "<frozen importlib._bootstrap_external>", line 728, in exec_module
  File "<frozen importlib._bootstrap>", line 219, in _call_with_frames_removed
  File "/opt/airflow/dags/etl_dag.py", line 5, in <module>
    from ingest import ingestor
  File "/opt/airflow/dags/ingest/ingestor.py", line 4, in <module>
    from dotenv import load_dotenv
ModuleNotFoundError: No module named 'dotenv'
[2022-08-06 06:12:11,490] {processor.py:653} WARNING - No viable dags retrieved from /opt/airflow/dags/etl_dag.py
[2022-08-06 06:12:11,504] {processor.py:161} INFO - Processing /opt/airflow/dags/etl_dag.py took 0.046 seconds
[2022-08-06 06:12:41,665] {processor.py:153} INFO - Started process (PID=783) to work on /opt/airflow/dags/etl_dag.py
[2022-08-06 06:12:41,669] {processor.py:641} INFO - Processing file /opt/airflow/dags/etl_dag.py for tasks to queue
[2022-08-06 06:12:41,671] {logging_mixin.py:115} INFO - [2022-08-06 06:12:41,671] {dagbag.py:508} INFO - Filling up the DagBag from /opt/airflow/dags/etl_dag.py
[2022-08-06 06:12:41,695] {logging_mixin.py:115} INFO - [2022-08-06 06:12:41,692] {dagbag.py:321} ERROR - Failed to import: /opt/airflow/dags/etl_dag.py
Traceback (most recent call last):
  File "/home/airflow/.local/lib/python3.7/site-packages/airflow/models/dagbag.py", line 318, in parse
    loader.exec_module(new_module)
  File "<frozen importlib._bootstrap_external>", line 728, in exec_module
  File "<frozen importlib._bootstrap>", line 219, in _call_with_frames_removed
  File "/opt/airflow/dags/etl_dag.py", line 5, in <module>
    from ingest import ingestor
  File "/opt/airflow/dags/ingest/ingestor.py", line 4, in <module>
    from dotenv import load_dotenv
ModuleNotFoundError: No module named 'dotenv'
[2022-08-06 06:12:41,696] {processor.py:653} WARNING - No viable dags retrieved from /opt/airflow/dags/etl_dag.py
[2022-08-06 06:12:41,712] {processor.py:161} INFO - Processing /opt/airflow/dags/etl_dag.py took 0.052 seconds
[2022-08-06 06:13:11,876] {processor.py:153} INFO - Started process (PID=815) to work on /opt/airflow/dags/etl_dag.py
[2022-08-06 06:13:11,878] {processor.py:641} INFO - Processing file /opt/airflow/dags/etl_dag.py for tasks to queue
[2022-08-06 06:13:11,879] {logging_mixin.py:115} INFO - [2022-08-06 06:13:11,879] {dagbag.py:508} INFO - Filling up the DagBag from /opt/airflow/dags/etl_dag.py
[2022-08-06 06:13:11,899] {logging_mixin.py:115} INFO - [2022-08-06 06:13:11,895] {dagbag.py:321} ERROR - Failed to import: /opt/airflow/dags/etl_dag.py
Traceback (most recent call last):
  File "/home/airflow/.local/lib/python3.7/site-packages/airflow/models/dagbag.py", line 318, in parse
    loader.exec_module(new_module)
  File "<frozen importlib._bootstrap_external>", line 728, in exec_module
  File "<frozen importlib._bootstrap>", line 219, in _call_with_frames_removed
  File "/opt/airflow/dags/etl_dag.py", line 5, in <module>
    from ingest import ingestor
  File "/opt/airflow/dags/ingest/ingestor.py", line 4, in <module>
    from dotenv import load_dotenv
ModuleNotFoundError: No module named 'dotenv'
[2022-08-06 06:13:11,900] {processor.py:653} WARNING - No viable dags retrieved from /opt/airflow/dags/etl_dag.py
[2022-08-06 06:13:11,915] {processor.py:161} INFO - Processing /opt/airflow/dags/etl_dag.py took 0.043 seconds
[2022-08-06 06:13:42,086] {processor.py:153} INFO - Started process (PID=847) to work on /opt/airflow/dags/etl_dag.py
[2022-08-06 06:13:42,089] {processor.py:641} INFO - Processing file /opt/airflow/dags/etl_dag.py for tasks to queue
[2022-08-06 06:13:42,091] {logging_mixin.py:115} INFO - [2022-08-06 06:13:42,090] {dagbag.py:508} INFO - Filling up the DagBag from /opt/airflow/dags/etl_dag.py
[2022-08-06 06:13:42,116] {logging_mixin.py:115} INFO - [2022-08-06 06:13:42,113] {dagbag.py:321} ERROR - Failed to import: /opt/airflow/dags/etl_dag.py
Traceback (most recent call last):
  File "/home/airflow/.local/lib/python3.7/site-packages/airflow/models/dagbag.py", line 318, in parse
    loader.exec_module(new_module)
  File "<frozen importlib._bootstrap_external>", line 728, in exec_module
  File "<frozen importlib._bootstrap>", line 219, in _call_with_frames_removed
  File "/opt/airflow/dags/etl_dag.py", line 5, in <module>
    from ingest import ingestor
  File "/opt/airflow/dags/ingest/ingestor.py", line 4, in <module>
    from dotenv import load_dotenv
ModuleNotFoundError: No module named 'dotenv'
[2022-08-06 06:13:42,118] {processor.py:653} WARNING - No viable dags retrieved from /opt/airflow/dags/etl_dag.py
[2022-08-06 06:13:42,132] {processor.py:161} INFO - Processing /opt/airflow/dags/etl_dag.py took 0.050 seconds
[2022-08-06 06:14:12,291] {processor.py:153} INFO - Started process (PID=878) to work on /opt/airflow/dags/etl_dag.py
[2022-08-06 06:14:12,295] {processor.py:641} INFO - Processing file /opt/airflow/dags/etl_dag.py for tasks to queue
[2022-08-06 06:14:12,296] {logging_mixin.py:115} INFO - [2022-08-06 06:14:12,296] {dagbag.py:508} INFO - Filling up the DagBag from /opt/airflow/dags/etl_dag.py
[2022-08-06 06:14:12,317] {logging_mixin.py:115} INFO - [2022-08-06 06:14:12,314] {dagbag.py:321} ERROR - Failed to import: /opt/airflow/dags/etl_dag.py
Traceback (most recent call last):
  File "/home/airflow/.local/lib/python3.7/site-packages/airflow/models/dagbag.py", line 318, in parse
    loader.exec_module(new_module)
  File "<frozen importlib._bootstrap_external>", line 728, in exec_module
  File "<frozen importlib._bootstrap>", line 219, in _call_with_frames_removed
  File "/opt/airflow/dags/etl_dag.py", line 5, in <module>
    from ingest import ingestor
  File "/opt/airflow/dags/ingest/ingestor.py", line 4, in <module>
    from dotenv import load_dotenv
ModuleNotFoundError: No module named 'dotenv'
[2022-08-06 06:14:12,319] {processor.py:653} WARNING - No viable dags retrieved from /opt/airflow/dags/etl_dag.py
[2022-08-06 06:14:12,333] {processor.py:161} INFO - Processing /opt/airflow/dags/etl_dag.py took 0.047 seconds
[2022-08-06 06:14:42,472] {processor.py:153} INFO - Started process (PID=907) to work on /opt/airflow/dags/etl_dag.py
[2022-08-06 06:14:42,477] {processor.py:641} INFO - Processing file /opt/airflow/dags/etl_dag.py for tasks to queue
[2022-08-06 06:14:42,478] {logging_mixin.py:115} INFO - [2022-08-06 06:14:42,478] {dagbag.py:508} INFO - Filling up the DagBag from /opt/airflow/dags/etl_dag.py
[2022-08-06 06:14:42,495] {logging_mixin.py:115} INFO - [2022-08-06 06:14:42,492] {dagbag.py:321} ERROR - Failed to import: /opt/airflow/dags/etl_dag.py
Traceback (most recent call last):
  File "/home/airflow/.local/lib/python3.7/site-packages/airflow/models/dagbag.py", line 318, in parse
    loader.exec_module(new_module)
  File "<frozen importlib._bootstrap_external>", line 728, in exec_module
  File "<frozen importlib._bootstrap>", line 219, in _call_with_frames_removed
  File "/opt/airflow/dags/etl_dag.py", line 5, in <module>
    from ingest import ingestor
  File "/opt/airflow/dags/ingest/ingestor.py", line 4, in <module>
    from dotenv import load_dotenv
ModuleNotFoundError: No module named 'dotenv'
[2022-08-06 06:14:42,496] {processor.py:653} WARNING - No viable dags retrieved from /opt/airflow/dags/etl_dag.py
[2022-08-06 06:14:42,511] {processor.py:161} INFO - Processing /opt/airflow/dags/etl_dag.py took 0.042 seconds
[2022-08-06 06:15:12,720] {processor.py:153} INFO - Started process (PID=932) to work on /opt/airflow/dags/etl_dag.py
[2022-08-06 06:15:12,723] {processor.py:641} INFO - Processing file /opt/airflow/dags/etl_dag.py for tasks to queue
[2022-08-06 06:15:12,725] {logging_mixin.py:115} INFO - [2022-08-06 06:15:12,725] {dagbag.py:508} INFO - Filling up the DagBag from /opt/airflow/dags/etl_dag.py
[2022-08-06 06:15:12,745] {logging_mixin.py:115} INFO - [2022-08-06 06:15:12,742] {dagbag.py:321} ERROR - Failed to import: /opt/airflow/dags/etl_dag.py
Traceback (most recent call last):
  File "/home/airflow/.local/lib/python3.7/site-packages/airflow/models/dagbag.py", line 318, in parse
    loader.exec_module(new_module)
  File "<frozen importlib._bootstrap_external>", line 728, in exec_module
  File "<frozen importlib._bootstrap>", line 219, in _call_with_frames_removed
  File "/opt/airflow/dags/etl_dag.py", line 5, in <module>
    from ingest import ingestor
  File "/opt/airflow/dags/ingest/ingestor.py", line 4, in <module>
    from dotenv import load_dotenv
ModuleNotFoundError: No module named 'dotenv'
[2022-08-06 06:15:12,747] {processor.py:653} WARNING - No viable dags retrieved from /opt/airflow/dags/etl_dag.py
[2022-08-06 06:15:12,762] {processor.py:161} INFO - Processing /opt/airflow/dags/etl_dag.py took 0.046 seconds
[2022-08-06 06:15:42,934] {processor.py:153} INFO - Started process (PID=964) to work on /opt/airflow/dags/etl_dag.py
[2022-08-06 06:15:42,937] {processor.py:641} INFO - Processing file /opt/airflow/dags/etl_dag.py for tasks to queue
[2022-08-06 06:15:42,939] {logging_mixin.py:115} INFO - [2022-08-06 06:15:42,939] {dagbag.py:508} INFO - Filling up the DagBag from /opt/airflow/dags/etl_dag.py
[2022-08-06 06:15:42,958] {logging_mixin.py:115} INFO - [2022-08-06 06:15:42,956] {dagbag.py:321} ERROR - Failed to import: /opt/airflow/dags/etl_dag.py
Traceback (most recent call last):
  File "/home/airflow/.local/lib/python3.7/site-packages/airflow/models/dagbag.py", line 318, in parse
    loader.exec_module(new_module)
  File "<frozen importlib._bootstrap_external>", line 728, in exec_module
  File "<frozen importlib._bootstrap>", line 219, in _call_with_frames_removed
  File "/opt/airflow/dags/etl_dag.py", line 5, in <module>
    from ingest import ingestor
  File "/opt/airflow/dags/ingest/ingestor.py", line 4, in <module>
    from dotenv import load_dotenv
ModuleNotFoundError: No module named 'dotenv'
[2022-08-06 06:15:42,960] {processor.py:653} WARNING - No viable dags retrieved from /opt/airflow/dags/etl_dag.py
[2022-08-06 06:15:42,976] {processor.py:161} INFO - Processing /opt/airflow/dags/etl_dag.py took 0.046 seconds
[2022-08-06 06:16:38,657] {processor.py:153} INFO - Started process (PID=168) to work on /opt/airflow/dags/etl_dag.py
[2022-08-06 06:16:38,658] {processor.py:641} INFO - Processing file /opt/airflow/dags/etl_dag.py for tasks to queue
[2022-08-06 06:16:38,659] {logging_mixin.py:115} INFO - [2022-08-06 06:16:38,659] {dagbag.py:508} INFO - Filling up the DagBag from /opt/airflow/dags/etl_dag.py
[2022-08-06 06:16:38,678] {logging_mixin.py:115} INFO - [2022-08-06 06:16:38,676] {dagbag.py:321} ERROR - Failed to import: /opt/airflow/dags/etl_dag.py
Traceback (most recent call last):
  File "/home/airflow/.local/lib/python3.7/site-packages/airflow/models/dagbag.py", line 318, in parse
    loader.exec_module(new_module)
  File "<frozen importlib._bootstrap_external>", line 728, in exec_module
  File "<frozen importlib._bootstrap>", line 219, in _call_with_frames_removed
  File "/opt/airflow/dags/etl_dag.py", line 5, in <module>
    from ingest import ingestor
  File "/opt/airflow/dags/ingest/ingestor.py", line 4, in <module>
    from dotenv import load_dotenv
ModuleNotFoundError: No module named 'dotenv'
[2022-08-06 06:16:38,679] {processor.py:653} WARNING - No viable dags retrieved from /opt/airflow/dags/etl_dag.py
[2022-08-06 06:16:38,692] {processor.py:161} INFO - Processing /opt/airflow/dags/etl_dag.py took 0.038 seconds
[2022-08-06 06:17:08,895] {processor.py:153} INFO - Started process (PID=200) to work on /opt/airflow/dags/etl_dag.py
[2022-08-06 06:17:08,897] {processor.py:641} INFO - Processing file /opt/airflow/dags/etl_dag.py for tasks to queue
[2022-08-06 06:17:08,899] {logging_mixin.py:115} INFO - [2022-08-06 06:17:08,899] {dagbag.py:508} INFO - Filling up the DagBag from /opt/airflow/dags/etl_dag.py
[2022-08-06 06:17:08,917] {logging_mixin.py:115} INFO - [2022-08-06 06:17:08,914] {dagbag.py:321} ERROR - Failed to import: /opt/airflow/dags/etl_dag.py
Traceback (most recent call last):
  File "/home/airflow/.local/lib/python3.7/site-packages/airflow/models/dagbag.py", line 318, in parse
    loader.exec_module(new_module)
  File "<frozen importlib._bootstrap_external>", line 728, in exec_module
  File "<frozen importlib._bootstrap>", line 219, in _call_with_frames_removed
  File "/opt/airflow/dags/etl_dag.py", line 5, in <module>
    from ingest import ingestor
  File "/opt/airflow/dags/ingest/ingestor.py", line 4, in <module>
    from dotenv import load_dotenv
ModuleNotFoundError: No module named 'dotenv'
[2022-08-06 06:17:08,919] {processor.py:653} WARNING - No viable dags retrieved from /opt/airflow/dags/etl_dag.py
[2022-08-06 06:17:08,933] {processor.py:161} INFO - Processing /opt/airflow/dags/etl_dag.py took 0.043 seconds
[2022-08-06 06:17:39,091] {processor.py:153} INFO - Started process (PID=232) to work on /opt/airflow/dags/etl_dag.py
[2022-08-06 06:17:39,093] {processor.py:641} INFO - Processing file /opt/airflow/dags/etl_dag.py for tasks to queue
[2022-08-06 06:17:39,095] {logging_mixin.py:115} INFO - [2022-08-06 06:17:39,095] {dagbag.py:508} INFO - Filling up the DagBag from /opt/airflow/dags/etl_dag.py
[2022-08-06 06:17:39,113] {logging_mixin.py:115} INFO - [2022-08-06 06:17:39,111] {dagbag.py:321} ERROR - Failed to import: /opt/airflow/dags/etl_dag.py
Traceback (most recent call last):
  File "/home/airflow/.local/lib/python3.7/site-packages/airflow/models/dagbag.py", line 318, in parse
    loader.exec_module(new_module)
  File "<frozen importlib._bootstrap_external>", line 728, in exec_module
  File "<frozen importlib._bootstrap>", line 219, in _call_with_frames_removed
  File "/opt/airflow/dags/etl_dag.py", line 5, in <module>
    from ingest import ingestor
  File "/opt/airflow/dags/ingest/ingestor.py", line 4, in <module>
    from dotenv import load_dotenv
ModuleNotFoundError: No module named 'dotenv'
[2022-08-06 06:17:39,114] {processor.py:653} WARNING - No viable dags retrieved from /opt/airflow/dags/etl_dag.py
[2022-08-06 06:17:39,129] {processor.py:161} INFO - Processing /opt/airflow/dags/etl_dag.py took 0.041 seconds
[2022-08-06 06:18:09,284] {processor.py:153} INFO - Started process (PID=328) to work on /opt/airflow/dags/etl_dag.py
[2022-08-06 06:18:09,286] {processor.py:641} INFO - Processing file /opt/airflow/dags/etl_dag.py for tasks to queue
[2022-08-06 06:18:09,288] {logging_mixin.py:115} INFO - [2022-08-06 06:18:09,288] {dagbag.py:508} INFO - Filling up the DagBag from /opt/airflow/dags/etl_dag.py
[2022-08-06 06:18:09,534] {logging_mixin.py:115} INFO - [2022-08-06 06:18:09,527] {dagbag.py:321} ERROR - Failed to import: /opt/airflow/dags/etl_dag.py
Traceback (most recent call last):
  File "/home/airflow/.local/lib/python3.7/site-packages/airflow/models/dagbag.py", line 318, in parse
    loader.exec_module(new_module)
  File "<frozen importlib._bootstrap_external>", line 728, in exec_module
  File "<frozen importlib._bootstrap>", line 219, in _call_with_frames_removed
  File "/opt/airflow/dags/etl_dag.py", line 5, in <module>
    from ingest import ingestor
  File "/opt/airflow/dags/ingest/ingestor.py", line 7, in <module>
    from s3 import S3AWS
ModuleNotFoundError: No module named 's3'
[2022-08-06 06:18:09,535] {processor.py:653} WARNING - No viable dags retrieved from /opt/airflow/dags/etl_dag.py
[2022-08-06 06:18:09,549] {processor.py:161} INFO - Processing /opt/airflow/dags/etl_dag.py took 0.271 seconds
[2022-08-06 06:18:19,031] {processor.py:153} INFO - Started process (PID=167) to work on /opt/airflow/dags/etl_dag.py
[2022-08-06 06:18:19,033] {processor.py:641} INFO - Processing file /opt/airflow/dags/etl_dag.py for tasks to queue
[2022-08-06 06:18:19,034] {logging_mixin.py:115} INFO - [2022-08-06 06:18:19,034] {dagbag.py:508} INFO - Filling up the DagBag from /opt/airflow/dags/etl_dag.py
[2022-08-06 06:18:19,096] {logging_mixin.py:115} INFO - [2022-08-06 06:18:19,092] {dagbag.py:321} ERROR - Failed to import: /opt/airflow/dags/etl_dag.py
Traceback (most recent call last):
  File "/home/airflow/.local/lib/python3.7/site-packages/airflow/models/dagbag.py", line 318, in parse
    loader.exec_module(new_module)
  File "<frozen importlib._bootstrap_external>", line 728, in exec_module
  File "<frozen importlib._bootstrap>", line 219, in _call_with_frames_removed
  File "/opt/airflow/dags/etl_dag.py", line 5, in <module>
    from ingest import ingestor
  File "/opt/airflow/dags/ingest/ingestor.py", line 7, in <module>
    from s3 import S3AWS
ModuleNotFoundError: No module named 's3'
[2022-08-06 06:18:19,098] {processor.py:653} WARNING - No viable dags retrieved from /opt/airflow/dags/etl_dag.py
[2022-08-06 06:18:19,112] {processor.py:161} INFO - Processing /opt/airflow/dags/etl_dag.py took 0.083 seconds
[2022-08-06 06:18:49,255] {processor.py:153} INFO - Started process (PID=199) to work on /opt/airflow/dags/etl_dag.py
[2022-08-06 06:18:49,258] {processor.py:641} INFO - Processing file /opt/airflow/dags/etl_dag.py for tasks to queue
[2022-08-06 06:18:49,261] {logging_mixin.py:115} INFO - [2022-08-06 06:18:49,261] {dagbag.py:508} INFO - Filling up the DagBag from /opt/airflow/dags/etl_dag.py
[2022-08-06 06:18:49,322] {logging_mixin.py:115} INFO - [2022-08-06 06:18:49,318] {dagbag.py:321} ERROR - Failed to import: /opt/airflow/dags/etl_dag.py
Traceback (most recent call last):
  File "/home/airflow/.local/lib/python3.7/site-packages/airflow/models/dagbag.py", line 318, in parse
    loader.exec_module(new_module)
  File "<frozen importlib._bootstrap_external>", line 728, in exec_module
  File "<frozen importlib._bootstrap>", line 219, in _call_with_frames_removed
  File "/opt/airflow/dags/etl_dag.py", line 5, in <module>
    from ingest import ingestor
  File "/opt/airflow/dags/ingest/ingestor.py", line 7, in <module>
    from s3 import S3AWS
ModuleNotFoundError: No module named 's3'
[2022-08-06 06:18:49,323] {processor.py:653} WARNING - No viable dags retrieved from /opt/airflow/dags/etl_dag.py
[2022-08-06 06:18:49,409] {processor.py:161} INFO - Processing /opt/airflow/dags/etl_dag.py took 0.159 seconds
[2022-08-06 06:19:19,463] {processor.py:153} INFO - Started process (PID=223) to work on /opt/airflow/dags/etl_dag.py
[2022-08-06 06:19:19,465] {processor.py:641} INFO - Processing file /opt/airflow/dags/etl_dag.py for tasks to queue
[2022-08-06 06:19:19,467] {logging_mixin.py:115} INFO - [2022-08-06 06:19:19,467] {dagbag.py:508} INFO - Filling up the DagBag from /opt/airflow/dags/etl_dag.py
[2022-08-06 06:19:19,525] {logging_mixin.py:115} INFO - [2022-08-06 06:19:19,522] {dagbag.py:321} ERROR - Failed to import: /opt/airflow/dags/etl_dag.py
Traceback (most recent call last):
  File "/home/airflow/.local/lib/python3.7/site-packages/airflow/models/dagbag.py", line 318, in parse
    loader.exec_module(new_module)
  File "<frozen importlib._bootstrap_external>", line 728, in exec_module
  File "<frozen importlib._bootstrap>", line 219, in _call_with_frames_removed
  File "/opt/airflow/dags/etl_dag.py", line 5, in <module>
    from ingest import ingestor
  File "/opt/airflow/dags/ingest/ingestor.py", line 7, in <module>
    from s3 import S3AWS
ModuleNotFoundError: No module named 's3'
[2022-08-06 06:19:19,526] {processor.py:653} WARNING - No viable dags retrieved from /opt/airflow/dags/etl_dag.py
[2022-08-06 06:19:19,614] {processor.py:161} INFO - Processing /opt/airflow/dags/etl_dag.py took 0.155 seconds
[2022-08-06 06:19:49,814] {processor.py:153} INFO - Started process (PID=256) to work on /opt/airflow/dags/etl_dag.py
[2022-08-06 06:19:49,818] {processor.py:641} INFO - Processing file /opt/airflow/dags/etl_dag.py for tasks to queue
[2022-08-06 06:19:49,820] {logging_mixin.py:115} INFO - [2022-08-06 06:19:49,820] {dagbag.py:508} INFO - Filling up the DagBag from /opt/airflow/dags/etl_dag.py
[2022-08-06 06:19:49,889] {logging_mixin.py:115} INFO - [2022-08-06 06:19:49,885] {dagbag.py:321} ERROR - Failed to import: /opt/airflow/dags/etl_dag.py
Traceback (most recent call last):
  File "/home/airflow/.local/lib/python3.7/site-packages/airflow/models/dagbag.py", line 318, in parse
    loader.exec_module(new_module)
  File "<frozen importlib._bootstrap_external>", line 728, in exec_module
  File "<frozen importlib._bootstrap>", line 219, in _call_with_frames_removed
  File "/opt/airflow/dags/etl_dag.py", line 5, in <module>
    from ingest import ingestor
  File "/opt/airflow/dags/ingest/ingestor.py", line 7, in <module>
    from s3 import S3AWS
ModuleNotFoundError: No module named 's3'
[2022-08-06 06:19:49,890] {processor.py:653} WARNING - No viable dags retrieved from /opt/airflow/dags/etl_dag.py
[2022-08-06 06:19:49,983] {processor.py:161} INFO - Processing /opt/airflow/dags/etl_dag.py took 0.173 seconds
[2022-08-06 06:20:20,058] {processor.py:153} INFO - Started process (PID=288) to work on /opt/airflow/dags/etl_dag.py
[2022-08-06 06:20:20,060] {processor.py:641} INFO - Processing file /opt/airflow/dags/etl_dag.py for tasks to queue
[2022-08-06 06:20:20,061] {logging_mixin.py:115} INFO - [2022-08-06 06:20:20,061] {dagbag.py:508} INFO - Filling up the DagBag from /opt/airflow/dags/etl_dag.py
[2022-08-06 06:20:20,121] {logging_mixin.py:115} INFO - [2022-08-06 06:20:20,118] {dagbag.py:321} ERROR - Failed to import: /opt/airflow/dags/etl_dag.py
Traceback (most recent call last):
  File "/home/airflow/.local/lib/python3.7/site-packages/airflow/models/dagbag.py", line 318, in parse
    loader.exec_module(new_module)
  File "<frozen importlib._bootstrap_external>", line 728, in exec_module
  File "<frozen importlib._bootstrap>", line 219, in _call_with_frames_removed
  File "/opt/airflow/dags/etl_dag.py", line 5, in <module>
    from ingest import ingestor
  File "/opt/airflow/dags/ingest/ingestor.py", line 7, in <module>
    from s3 import S3AWS
ModuleNotFoundError: No module named 's3'
[2022-08-06 06:20:20,122] {processor.py:653} WARNING - No viable dags retrieved from /opt/airflow/dags/etl_dag.py
[2022-08-06 06:20:20,204] {processor.py:161} INFO - Processing /opt/airflow/dags/etl_dag.py took 0.150 seconds
[2022-08-06 06:20:50,370] {processor.py:153} INFO - Started process (PID=321) to work on /opt/airflow/dags/etl_dag.py
[2022-08-06 06:20:50,372] {processor.py:641} INFO - Processing file /opt/airflow/dags/etl_dag.py for tasks to queue
[2022-08-06 06:20:50,374] {logging_mixin.py:115} INFO - [2022-08-06 06:20:50,374] {dagbag.py:508} INFO - Filling up the DagBag from /opt/airflow/dags/etl_dag.py
[2022-08-06 06:20:50,436] {logging_mixin.py:115} INFO - [2022-08-06 06:20:50,433] {dagbag.py:321} ERROR - Failed to import: /opt/airflow/dags/etl_dag.py
Traceback (most recent call last):
  File "/home/airflow/.local/lib/python3.7/site-packages/airflow/models/dagbag.py", line 318, in parse
    loader.exec_module(new_module)
  File "<frozen importlib._bootstrap_external>", line 728, in exec_module
  File "<frozen importlib._bootstrap>", line 219, in _call_with_frames_removed
  File "/opt/airflow/dags/etl_dag.py", line 5, in <module>
    from ingest import ingestor
  File "/opt/airflow/dags/ingest/ingestor.py", line 7, in <module>
    from s3 import S3AWS
ModuleNotFoundError: No module named 's3'
[2022-08-06 06:20:50,438] {processor.py:653} WARNING - No viable dags retrieved from /opt/airflow/dags/etl_dag.py
[2022-08-06 06:20:50,519] {processor.py:161} INFO - Processing /opt/airflow/dags/etl_dag.py took 0.154 seconds
[2022-08-06 06:22:58,538] {processor.py:153} INFO - Started process (PID=166) to work on /opt/airflow/dags/etl_dag.py
[2022-08-06 06:22:58,540] {processor.py:641} INFO - Processing file /opt/airflow/dags/etl_dag.py for tasks to queue
[2022-08-06 06:22:58,541] {logging_mixin.py:115} INFO - [2022-08-06 06:22:58,541] {dagbag.py:508} INFO - Filling up the DagBag from /opt/airflow/dags/etl_dag.py
[2022-08-06 06:22:58,605] {logging_mixin.py:115} INFO - [2022-08-06 06:22:58,602] {dagbag.py:321} ERROR - Failed to import: /opt/airflow/dags/etl_dag.py
Traceback (most recent call last):
  File "/home/airflow/.local/lib/python3.7/site-packages/airflow/models/dagbag.py", line 318, in parse
    loader.exec_module(new_module)
  File "<frozen importlib._bootstrap_external>", line 728, in exec_module
  File "<frozen importlib._bootstrap>", line 219, in _call_with_frames_removed
  File "/opt/airflow/dags/etl_dag.py", line 5, in <module>
    from ingest import ingestor
  File "/opt/airflow/dags/ingest/ingestor.py", line 7, in <module>
    from s3 import S3AWS
ModuleNotFoundError: No module named 's3'
[2022-08-06 06:22:58,606] {processor.py:653} WARNING - No viable dags retrieved from /opt/airflow/dags/etl_dag.py
[2022-08-06 06:22:58,620] {processor.py:161} INFO - Processing /opt/airflow/dags/etl_dag.py took 0.084 seconds
[2022-08-06 06:23:28,723] {processor.py:153} INFO - Started process (PID=197) to work on /opt/airflow/dags/etl_dag.py
[2022-08-06 06:23:28,726] {processor.py:641} INFO - Processing file /opt/airflow/dags/etl_dag.py for tasks to queue
[2022-08-06 06:23:28,728] {logging_mixin.py:115} INFO - [2022-08-06 06:23:28,728] {dagbag.py:508} INFO - Filling up the DagBag from /opt/airflow/dags/etl_dag.py
[2022-08-06 06:23:28,791] {logging_mixin.py:115} INFO - [2022-08-06 06:23:28,788] {dagbag.py:321} ERROR - Failed to import: /opt/airflow/dags/etl_dag.py
Traceback (most recent call last):
  File "/home/airflow/.local/lib/python3.7/site-packages/airflow/models/dagbag.py", line 318, in parse
    loader.exec_module(new_module)
  File "<frozen importlib._bootstrap_external>", line 728, in exec_module
  File "<frozen importlib._bootstrap>", line 219, in _call_with_frames_removed
  File "/opt/airflow/dags/etl_dag.py", line 5, in <module>
    from ingest import ingestor
  File "/opt/airflow/dags/ingest/ingestor.py", line 7, in <module>
    from s3 import S3AWS
ModuleNotFoundError: No module named 's3'
[2022-08-06 06:23:28,793] {processor.py:653} WARNING - No viable dags retrieved from /opt/airflow/dags/etl_dag.py
[2022-08-06 06:23:28,878] {processor.py:161} INFO - Processing /opt/airflow/dags/etl_dag.py took 0.159 seconds
[2022-08-06 06:23:58,973] {processor.py:153} INFO - Started process (PID=220) to work on /opt/airflow/dags/etl_dag.py
[2022-08-06 06:23:58,975] {processor.py:641} INFO - Processing file /opt/airflow/dags/etl_dag.py for tasks to queue
[2022-08-06 06:23:58,976] {logging_mixin.py:115} INFO - [2022-08-06 06:23:58,976] {dagbag.py:508} INFO - Filling up the DagBag from /opt/airflow/dags/etl_dag.py
[2022-08-06 06:23:59,050] {logging_mixin.py:115} INFO - [2022-08-06 06:23:59,047] {dagbag.py:321} ERROR - Failed to import: /opt/airflow/dags/etl_dag.py
Traceback (most recent call last):
  File "/home/airflow/.local/lib/python3.7/site-packages/airflow/models/dagbag.py", line 318, in parse
    loader.exec_module(new_module)
  File "<frozen importlib._bootstrap_external>", line 728, in exec_module
  File "<frozen importlib._bootstrap>", line 219, in _call_with_frames_removed
  File "/opt/airflow/dags/etl_dag.py", line 5, in <module>
    from ingest import ingestor
  File "/opt/airflow/dags/ingest/ingestor.py", line 7, in <module>
    from s3 import S3AWS
ModuleNotFoundError: No module named 's3'
[2022-08-06 06:23:59,051] {processor.py:653} WARNING - No viable dags retrieved from /opt/airflow/dags/etl_dag.py
[2022-08-06 06:23:59,155] {processor.py:161} INFO - Processing /opt/airflow/dags/etl_dag.py took 0.185 seconds
[2022-08-06 06:24:29,260] {processor.py:153} INFO - Started process (PID=252) to work on /opt/airflow/dags/etl_dag.py
[2022-08-06 06:24:29,262] {processor.py:641} INFO - Processing file /opt/airflow/dags/etl_dag.py for tasks to queue
[2022-08-06 06:24:29,263] {logging_mixin.py:115} INFO - [2022-08-06 06:24:29,263] {dagbag.py:508} INFO - Filling up the DagBag from /opt/airflow/dags/etl_dag.py
[2022-08-06 06:24:29,325] {logging_mixin.py:115} INFO - [2022-08-06 06:24:29,321] {dagbag.py:321} ERROR - Failed to import: /opt/airflow/dags/etl_dag.py
Traceback (most recent call last):
  File "/home/airflow/.local/lib/python3.7/site-packages/airflow/models/dagbag.py", line 318, in parse
    loader.exec_module(new_module)
  File "<frozen importlib._bootstrap_external>", line 728, in exec_module
  File "<frozen importlib._bootstrap>", line 219, in _call_with_frames_removed
  File "/opt/airflow/dags/etl_dag.py", line 5, in <module>
    from ingest import ingestor
  File "/opt/airflow/dags/ingest/ingestor.py", line 7, in <module>
    from s3 import S3AWS
ModuleNotFoundError: No module named 's3'
[2022-08-06 06:24:29,326] {processor.py:653} WARNING - No viable dags retrieved from /opt/airflow/dags/etl_dag.py
[2022-08-06 06:24:29,408] {processor.py:161} INFO - Processing /opt/airflow/dags/etl_dag.py took 0.152 seconds
[2022-08-06 06:24:59,585] {processor.py:153} INFO - Started process (PID=284) to work on /opt/airflow/dags/etl_dag.py
[2022-08-06 06:24:59,587] {processor.py:641} INFO - Processing file /opt/airflow/dags/etl_dag.py for tasks to queue
[2022-08-06 06:24:59,590] {logging_mixin.py:115} INFO - [2022-08-06 06:24:59,590] {dagbag.py:508} INFO - Filling up the DagBag from /opt/airflow/dags/etl_dag.py
[2022-08-06 06:24:59,650] {logging_mixin.py:115} INFO - [2022-08-06 06:24:59,646] {dagbag.py:321} ERROR - Failed to import: /opt/airflow/dags/etl_dag.py
Traceback (most recent call last):
  File "/home/airflow/.local/lib/python3.7/site-packages/airflow/models/dagbag.py", line 318, in parse
    loader.exec_module(new_module)
  File "<frozen importlib._bootstrap_external>", line 728, in exec_module
  File "<frozen importlib._bootstrap>", line 219, in _call_with_frames_removed
  File "/opt/airflow/dags/etl_dag.py", line 5, in <module>
    from ingest import ingestor
  File "/opt/airflow/dags/ingest/ingestor.py", line 7, in <module>
    from s3 import S3AWS
ModuleNotFoundError: No module named 's3'
[2022-08-06 06:24:59,652] {processor.py:653} WARNING - No viable dags retrieved from /opt/airflow/dags/etl_dag.py
[2022-08-06 06:24:59,733] {processor.py:161} INFO - Processing /opt/airflow/dags/etl_dag.py took 0.152 seconds
[2022-08-06 06:25:29,811] {processor.py:153} INFO - Started process (PID=315) to work on /opt/airflow/dags/etl_dag.py
[2022-08-06 06:25:29,812] {processor.py:641} INFO - Processing file /opt/airflow/dags/etl_dag.py for tasks to queue
[2022-08-06 06:25:29,814] {logging_mixin.py:115} INFO - [2022-08-06 06:25:29,813] {dagbag.py:508} INFO - Filling up the DagBag from /opt/airflow/dags/etl_dag.py
[2022-08-06 06:25:29,880] {logging_mixin.py:115} INFO - [2022-08-06 06:25:29,876] {dagbag.py:321} ERROR - Failed to import: /opt/airflow/dags/etl_dag.py
Traceback (most recent call last):
  File "/home/airflow/.local/lib/python3.7/site-packages/airflow/models/dagbag.py", line 318, in parse
    loader.exec_module(new_module)
  File "<frozen importlib._bootstrap_external>", line 728, in exec_module
  File "<frozen importlib._bootstrap>", line 219, in _call_with_frames_removed
  File "/opt/airflow/dags/etl_dag.py", line 5, in <module>
    from ingest import ingestor
  File "/opt/airflow/dags/ingest/ingestor.py", line 7, in <module>
    from s3 import S3AWS
ModuleNotFoundError: No module named 's3'
[2022-08-06 06:25:29,881] {processor.py:653} WARNING - No viable dags retrieved from /opt/airflow/dags/etl_dag.py
[2022-08-06 06:25:29,962] {processor.py:161} INFO - Processing /opt/airflow/dags/etl_dag.py took 0.154 seconds
[2022-08-06 06:25:53,885] {processor.py:153} INFO - Started process (PID=167) to work on /opt/airflow/dags/etl_dag.py
[2022-08-06 06:25:53,887] {processor.py:641} INFO - Processing file /opt/airflow/dags/etl_dag.py for tasks to queue
[2022-08-06 06:25:53,888] {logging_mixin.py:115} INFO - [2022-08-06 06:25:53,888] {dagbag.py:508} INFO - Filling up the DagBag from /opt/airflow/dags/etl_dag.py
[2022-08-06 06:25:53,957] {logging_mixin.py:115} INFO - [2022-08-06 06:25:53,954] {dagbag.py:321} ERROR - Failed to import: /opt/airflow/dags/etl_dag.py
Traceback (most recent call last):
  File "/home/airflow/.local/lib/python3.7/site-packages/airflow/models/dagbag.py", line 318, in parse
    loader.exec_module(new_module)
  File "<frozen importlib._bootstrap_external>", line 728, in exec_module
  File "<frozen importlib._bootstrap>", line 219, in _call_with_frames_removed
  File "/opt/airflow/dags/etl_dag.py", line 5, in <module>
    from ingest import ingestor
  File "/opt/airflow/dags/ingest/ingestor.py", line 7, in <module>
    from dags.ingest.s3 import S3AWS
ModuleNotFoundError: No module named 'dags'
[2022-08-06 06:25:53,958] {processor.py:653} WARNING - No viable dags retrieved from /opt/airflow/dags/etl_dag.py
[2022-08-06 06:25:53,972] {processor.py:161} INFO - Processing /opt/airflow/dags/etl_dag.py took 0.089 seconds
[2022-08-06 06:26:24,068] {processor.py:153} INFO - Started process (PID=199) to work on /opt/airflow/dags/etl_dag.py
[2022-08-06 06:26:24,070] {processor.py:641} INFO - Processing file /opt/airflow/dags/etl_dag.py for tasks to queue
[2022-08-06 06:26:24,071] {logging_mixin.py:115} INFO - [2022-08-06 06:26:24,071] {dagbag.py:508} INFO - Filling up the DagBag from /opt/airflow/dags/etl_dag.py
[2022-08-06 06:26:24,136] {logging_mixin.py:115} INFO - [2022-08-06 06:26:24,132] {dagbag.py:321} ERROR - Failed to import: /opt/airflow/dags/etl_dag.py
Traceback (most recent call last):
  File "/home/airflow/.local/lib/python3.7/site-packages/airflow/models/dagbag.py", line 318, in parse
    loader.exec_module(new_module)
  File "<frozen importlib._bootstrap_external>", line 728, in exec_module
  File "<frozen importlib._bootstrap>", line 219, in _call_with_frames_removed
  File "/opt/airflow/dags/etl_dag.py", line 5, in <module>
    from ingest import ingestor
  File "/opt/airflow/dags/ingest/ingestor.py", line 7, in <module>
    from dags.ingest.s3 import S3AWS
ModuleNotFoundError: No module named 'dags'
[2022-08-06 06:26:24,137] {processor.py:653} WARNING - No viable dags retrieved from /opt/airflow/dags/etl_dag.py
[2022-08-06 06:26:24,218] {processor.py:161} INFO - Processing /opt/airflow/dags/etl_dag.py took 0.153 seconds
