[2022-08-14 16:53:10,282] {taskinstance.py:1179} INFO - Dependencies all met for <TaskInstance: ETL_DAG.Stage_fast-food-clean manual__2022-08-14T16:48:28.179984+00:00 [queued]>
[2022-08-14 16:53:10,296] {taskinstance.py:1179} INFO - Dependencies all met for <TaskInstance: ETL_DAG.Stage_fast-food-clean manual__2022-08-14T16:48:28.179984+00:00 [queued]>
[2022-08-14 16:53:10,297] {taskinstance.py:1376} INFO - 
--------------------------------------------------------------------------------
[2022-08-14 16:53:10,297] {taskinstance.py:1377} INFO - Starting attempt 1 of 6
[2022-08-14 16:53:10,298] {taskinstance.py:1378} INFO - 
--------------------------------------------------------------------------------
[2022-08-14 16:53:10,322] {taskinstance.py:1397} INFO - Executing <Task(PythonOperator): Stage_fast-food-clean> on 2022-08-14 16:48:28.179984+00:00
[2022-08-14 16:53:10,326] {standard_task_runner.py:52} INFO - Started process 910 to run task
[2022-08-14 16:53:10,333] {standard_task_runner.py:79} INFO - Running: ['***', 'tasks', 'run', 'ETL_DAG', 'Stage_fast-food-clean', 'manual__2022-08-14T16:48:28.179984+00:00', '--job-id', '975', '--raw', '--subdir', 'DAGS_FOLDER/etl_dag.py', '--cfg-path', '/tmp/tmpkfu7ye04', '--error-file', '/tmp/tmp1ao0t9at']
[2022-08-14 16:53:10,338] {standard_task_runner.py:80} INFO - Job 975: Subtask Stage_fast-food-clean
[2022-08-14 16:53:10,438] {task_command.py:371} INFO - Running <TaskInstance: ETL_DAG.Stage_fast-food-clean manual__2022-08-14T16:48:28.179984+00:00 [running]> on host 0dbf9d5e5cdb
[2022-08-14 16:53:10,530] {taskinstance.py:1591} INFO - Exporting the following env vars:
AIRFLOW_CTX_DAG_OWNER=narapady
AIRFLOW_CTX_DAG_ID=ETL_DAG
AIRFLOW_CTX_TASK_ID=Stage_fast-food-clean
AIRFLOW_CTX_EXECUTION_DATE=2022-08-14T16:48:28.179984+00:00
AIRFLOW_CTX_TRY_NUMBER=1
AIRFLOW_CTX_DAG_RUN_ID=manual__2022-08-14T16:48:28.179984+00:00
[2022-08-14 16:53:16,170] {logging_mixin.py:115} INFO - Successfully loaded fast-food-staged.csv to s3-bucket-staged
[2022-08-14 16:53:16,172] {python.py:173} INFO - Done. Returned value was: None
[2022-08-14 16:53:16,188] {taskinstance.py:1420} INFO - Marking task as SUCCESS. dag_id=ETL_DAG, task_id=Stage_fast-food-clean, execution_date=20220814T164828, start_date=20220814T165310, end_date=20220814T165316
[2022-08-14 16:53:16,210] {local_task_job.py:156} INFO - Task exited with return code 0
[2022-08-14 16:53:16,234] {local_task_job.py:273} INFO - 0 downstream tasks scheduled from follow-on schedule check
