[2022-08-08 06:09:52,630] {taskinstance.py:1179} INFO - Dependencies all met for <TaskInstance: etl_dag.Ingest scheduled__2022-08-06T00:00:00+00:00 [queued]>
[2022-08-08 06:09:52,641] {taskinstance.py:1179} INFO - Dependencies all met for <TaskInstance: etl_dag.Ingest scheduled__2022-08-06T00:00:00+00:00 [queued]>
[2022-08-08 06:09:52,642] {taskinstance.py:1376} INFO - 
--------------------------------------------------------------------------------
[2022-08-08 06:09:52,643] {taskinstance.py:1377} INFO - Starting attempt 1 of 6
[2022-08-08 06:09:52,644] {taskinstance.py:1378} INFO - 
--------------------------------------------------------------------------------
[2022-08-08 06:09:52,654] {taskinstance.py:1397} INFO - Executing <Task(PythonOperator): Ingest> on 2022-08-06 00:00:00+00:00
[2022-08-08 06:09:52,660] {standard_task_runner.py:52} INFO - Started process 2907 to run task
[2022-08-08 06:09:52,665] {standard_task_runner.py:79} INFO - Running: ['***', 'tasks', 'run', 'etl_dag', 'Ingest', 'scheduled__2022-08-06T00:00:00+00:00', '--job-id', '85', '--raw', '--subdir', 'DAGS_FOLDER/etl_dag.py', '--cfg-path', '/tmp/tmpadvn2yic', '--error-file', '/tmp/tmp1srb0ycq']
[2022-08-08 06:09:52,667] {standard_task_runner.py:80} INFO - Job 85: Subtask Ingest
[2022-08-08 06:09:52,716] {task_command.py:371} INFO - Running <TaskInstance: etl_dag.Ingest scheduled__2022-08-06T00:00:00+00:00 [running]> on host 8d3924a1d70c
[2022-08-08 06:09:52,766] {taskinstance.py:1591} INFO - Exporting the following env vars:
AIRFLOW_CTX_DAG_OWNER=narapady
AIRFLOW_CTX_DAG_ID=etl_dag
AIRFLOW_CTX_TASK_ID=Ingest
AIRFLOW_CTX_EXECUTION_DATE=2022-08-06T00:00:00+00:00
AIRFLOW_CTX_TRY_NUMBER=1
AIRFLOW_CTX_DAG_RUN_ID=scheduled__2022-08-06T00:00:00+00:00
[2022-08-08 06:09:53,544] {taskinstance.py:1909} ERROR - Task failed with exception
Traceback (most recent call last):
  File "/home/airflow/.local/lib/python3.7/site-packages/airflow/operators/python.py", line 171, in execute
    return_value = self.execute_callable()
  File "/home/airflow/.local/lib/python3.7/site-packages/airflow/operators/python.py", line 189, in execute_callable
    return self.python_callable(*self.op_args, **self.op_kwargs)
  File "/opt/airflow/dags/ingest/ingestor.py", line 129, in run
    usda = s3.create_bucket("s3-bucket-raw-usda")
  File "/opt/airflow/dags/ingest/s3.py", line 27, in create_bucket
    return self.client.create_bucket(Bucket=bucket_name)
  File "/home/airflow/.local/lib/python3.7/site-packages/botocore/client.py", line 395, in _api_call
    return self._make_api_call(operation_name, kwargs)
  File "/home/airflow/.local/lib/python3.7/site-packages/botocore/client.py", line 725, in _make_api_call
    raise error_class(parsed_response, operation_name)
botocore.exceptions.ClientError: An error occurred (OperationAborted) when calling the CreateBucket operation: A conflicting conditional operation is currently in progress against this resource. Please try again.
[2022-08-08 06:09:53,557] {taskinstance.py:1420} INFO - Marking task as UP_FOR_RETRY. dag_id=etl_dag, task_id=Ingest, execution_date=20220806T000000, start_date=20220808T060952, end_date=20220808T060953
[2022-08-08 06:09:53,566] {standard_task_runner.py:97} ERROR - Failed to execute job 85 for task Ingest (An error occurred (OperationAborted) when calling the CreateBucket operation: A conflicting conditional operation is currently in progress against this resource. Please try again.; 2907)
[2022-08-08 06:09:53,606] {local_task_job.py:156} INFO - Task exited with return code 1
[2022-08-08 06:09:53,627] {local_task_job.py:273} INFO - 0 downstream tasks scheduled from follow-on schedule check
