[2022-08-16 18:57:58,594] {taskinstance.py:1179} INFO - Dependencies all met for <TaskInstance: ETL_DAG.Transform_nutrient-intake-estimates manual__2022-08-16T18:57:11.917054+00:00 [queued]>
[2022-08-16 18:57:58,608] {taskinstance.py:1179} INFO - Dependencies all met for <TaskInstance: ETL_DAG.Transform_nutrient-intake-estimates manual__2022-08-16T18:57:11.917054+00:00 [queued]>
[2022-08-16 18:57:58,610] {taskinstance.py:1376} INFO - 
--------------------------------------------------------------------------------
[2022-08-16 18:57:58,611] {taskinstance.py:1377} INFO - Starting attempt 1 of 6
[2022-08-16 18:57:58,612] {taskinstance.py:1378} INFO - 
--------------------------------------------------------------------------------
[2022-08-16 18:57:58,627] {taskinstance.py:1397} INFO - Executing <Task(PythonOperator): Transform_nutrient-intake-estimates> on 2022-08-16 18:57:11.917054+00:00
[2022-08-16 18:57:58,637] {standard_task_runner.py:52} INFO - Started process 328 to run task
[2022-08-16 18:57:58,645] {standard_task_runner.py:79} INFO - Running: ['***', 'tasks', 'run', 'ETL_DAG', 'Transform_nutrient-intake-estimates', 'manual__2022-08-16T18:57:11.917054+00:00', '--job-id', '1095', '--raw', '--subdir', 'DAGS_FOLDER/etl_dag.py', '--cfg-path', '/tmp/tmpcdx5hglh', '--error-file', '/tmp/tmpy1dazg0r']
[2022-08-16 18:57:58,647] {standard_task_runner.py:80} INFO - Job 1095: Subtask Transform_nutrient-intake-estimates
[2022-08-16 18:57:58,713] {task_command.py:371} INFO - Running <TaskInstance: ETL_DAG.Transform_nutrient-intake-estimates manual__2022-08-16T18:57:11.917054+00:00 [running]> on host c7fa0145da3e
[2022-08-16 18:57:58,775] {taskinstance.py:1591} INFO - Exporting the following env vars:
AIRFLOW_CTX_DAG_OWNER=narapady
AIRFLOW_CTX_DAG_ID=ETL_DAG
AIRFLOW_CTX_TASK_ID=Transform_nutrient-intake-estimates
AIRFLOW_CTX_EXECUTION_DATE=2022-08-16T18:57:11.917054+00:00
AIRFLOW_CTX_TRY_NUMBER=1
AIRFLOW_CTX_DAG_RUN_ID=manual__2022-08-16T18:57:11.917054+00:00
[2022-08-16 18:58:15,850] {logging_mixin.py:115} INFO - Successfully process nutrient-intake-estimates-clean/Total population-2015-2016.csv to S3
[2022-08-16 18:58:16,153] {logging_mixin.py:115} INFO - Successfully process nutrient-intake-estimates-clean/Total population-2017-2018.csv to S3
[2022-08-16 18:58:16,475] {logging_mixin.py:115} INFO - Successfully process nutrient-intake-estimates-clean/Children age 2–19-2015-2016.csv to S3
[2022-08-16 18:58:16,767] {logging_mixin.py:115} INFO - Successfully process nutrient-intake-estimates-clean/Children age 2–19-2017-2018.csv to S3
[2022-08-16 18:58:17,146] {logging_mixin.py:115} INFO - Successfully process nutrient-intake-estimates-clean/Adults age 20-64-2015-2016.csv to S3
[2022-08-16 18:58:17,494] {logging_mixin.py:115} INFO - Successfully process nutrient-intake-estimates-clean/Adults age 20-64-2017-2018.csv to S3
[2022-08-16 18:58:17,805] {logging_mixin.py:115} INFO - Successfully process nutrient-intake-estimates-clean/Seniors age 65 and above-2015-2016.csv to S3
[2022-08-16 18:58:18,114] {logging_mixin.py:115} INFO - Successfully process nutrient-intake-estimates-clean/Seniors age 65 and above-2017-2018.csv to S3
[2022-08-16 18:58:18,445] {logging_mixin.py:115} INFO - Successfully process nutrient-intake-estimates-clean/Household income < 185% poverty line-2015-2016.csv to S3
[2022-08-16 18:58:18,806] {logging_mixin.py:115} INFO - Successfully process nutrient-intake-estimates-clean/Household income < 185% poverty line-2017-2018.csv to S3
[2022-08-16 18:58:19,101] {logging_mixin.py:115} INFO - Successfully process nutrient-intake-estimates-clean/Household income 185–300% poverty line-2015-2016.csv to S3
[2022-08-16 18:58:19,405] {logging_mixin.py:115} INFO - Successfully process nutrient-intake-estimates-clean/Household income 185–300% poverty line-2017-2018.csv to S3
[2022-08-16 18:58:19,749] {logging_mixin.py:115} INFO - Successfully process nutrient-intake-estimates-clean/Household income > 300% poverty line-2015-2016.csv to S3
[2022-08-16 18:58:20,063] {logging_mixin.py:115} INFO - Successfully process nutrient-intake-estimates-clean/Household income > 300% poverty line-2017-2018.csv to S3
[2022-08-16 18:58:20,079] {python.py:173} INFO - Done. Returned value was: None
[2022-08-16 18:58:20,100] {taskinstance.py:1420} INFO - Marking task as SUCCESS. dag_id=ETL_DAG, task_id=Transform_nutrient-intake-estimates, execution_date=20220816T185711, start_date=20220816T185758, end_date=20220816T185820
[2022-08-16 18:58:20,129] {local_task_job.py:156} INFO - Task exited with return code 0
[2022-08-16 18:58:20,156] {local_task_job.py:273} INFO - 0 downstream tasks scheduled from follow-on schedule check
