[2022-08-12 01:25:36,799] {taskinstance.py:1179} INFO - Dependencies all met for <TaskInstance: ETL_DAG_US_FOOD_NUTRITION.Transform_consumer-price-index manual__2022-08-12T01:21:26.402383+00:00 [queued]>
[2022-08-12 01:25:36,826] {taskinstance.py:1179} INFO - Dependencies all met for <TaskInstance: ETL_DAG_US_FOOD_NUTRITION.Transform_consumer-price-index manual__2022-08-12T01:21:26.402383+00:00 [queued]>
[2022-08-12 01:25:36,831] {taskinstance.py:1376} INFO - 
--------------------------------------------------------------------------------
[2022-08-12 01:25:36,833] {taskinstance.py:1377} INFO - Starting attempt 1 of 6
[2022-08-12 01:25:36,834] {taskinstance.py:1378} INFO - 
--------------------------------------------------------------------------------
[2022-08-12 01:25:36,855] {taskinstance.py:1397} INFO - Executing <Task(PythonOperator): Transform_consumer-price-index> on 2022-08-12 01:21:26.402383+00:00
[2022-08-12 01:25:36,862] {standard_task_runner.py:52} INFO - Started process 555 to run task
[2022-08-12 01:25:36,866] {standard_task_runner.py:79} INFO - Running: ['***', 'tasks', 'run', 'ETL_DAG_US_FOOD_NUTRITION', 'Transform_consumer-price-index', 'manual__2022-08-12T01:21:26.402383+00:00', '--job-id', '762', '--raw', '--subdir', 'DAGS_FOLDER/etl_dag.py', '--cfg-path', '/tmp/tmp_v78v10l', '--error-file', '/tmp/tmpf5satd__']
[2022-08-12 01:25:36,869] {standard_task_runner.py:80} INFO - Job 762: Subtask Transform_consumer-price-index
[2022-08-12 01:25:36,965] {task_command.py:371} INFO - Running <TaskInstance: ETL_DAG_US_FOOD_NUTRITION.Transform_consumer-price-index manual__2022-08-12T01:21:26.402383+00:00 [running]> on host ae5c2449a624
[2022-08-12 01:25:37,087] {taskinstance.py:1591} INFO - Exporting the following env vars:
AIRFLOW_CTX_DAG_OWNER=narapady
AIRFLOW_CTX_DAG_ID=ETL_DAG_US_FOOD_NUTRITION
AIRFLOW_CTX_TASK_ID=Transform_consumer-price-index
AIRFLOW_CTX_EXECUTION_DATE=2022-08-12T01:21:26.402383+00:00
AIRFLOW_CTX_TRY_NUMBER=1
AIRFLOW_CTX_DAG_RUN_ID=manual__2022-08-12T01:21:26.402383+00:00
[2022-08-12 01:26:10,743] {logging_mixin.py:115} INFO - Successfully process price-index-clean/consumer-price-index.csv to S3
[2022-08-12 01:26:10,752] {python.py:173} INFO - Done. Returned value was: None
[2022-08-12 01:26:10,780] {taskinstance.py:1420} INFO - Marking task as SUCCESS. dag_id=ETL_DAG_US_FOOD_NUTRITION, task_id=Transform_consumer-price-index, execution_date=20220812T012126, start_date=20220812T012536, end_date=20220812T012610
[2022-08-12 01:26:10,838] {local_task_job.py:156} INFO - Task exited with return code 0
[2022-08-12 01:26:10,865] {local_task_job.py:273} INFO - 0 downstream tasks scheduled from follow-on schedule check
