[2022-08-11 19:19:51,244] {taskinstance.py:1179} INFO - Dependencies all met for <TaskInstance: ETL_DAG_V2.Ingest_from_2014 manual__2022-08-11T19:19:47.922898+00:00 [queued]>
[2022-08-11 19:19:51,260] {taskinstance.py:1179} INFO - Dependencies all met for <TaskInstance: ETL_DAG_V2.Ingest_from_2014 manual__2022-08-11T19:19:47.922898+00:00 [queued]>
[2022-08-11 19:19:51,262] {taskinstance.py:1376} INFO - 
--------------------------------------------------------------------------------
[2022-08-11 19:19:51,263] {taskinstance.py:1377} INFO - Starting attempt 1 of 6
[2022-08-11 19:19:51,264] {taskinstance.py:1378} INFO - 
--------------------------------------------------------------------------------
[2022-08-11 19:19:51,278] {taskinstance.py:1397} INFO - Executing <Task(PythonOperator): Ingest_from_2014> on 2022-08-11 19:19:47.922898+00:00
[2022-08-11 19:19:51,293] {standard_task_runner.py:52} INFO - Started process 1720 to run task
[2022-08-11 19:19:51,303] {standard_task_runner.py:79} INFO - Running: ['***', 'tasks', 'run', 'ETL_DAG_V2', 'Ingest_from_2014', 'manual__2022-08-11T19:19:47.922898+00:00', '--job-id', '461', '--raw', '--subdir', 'DAGS_FOLDER/etl_dag.py', '--cfg-path', '/tmp/tmphe05erte', '--error-file', '/tmp/tmpef4l4ej7']
[2022-08-11 19:19:51,306] {standard_task_runner.py:80} INFO - Job 461: Subtask Ingest_from_2014
[2022-08-11 19:19:51,414] {task_command.py:371} INFO - Running <TaskInstance: ETL_DAG_V2.Ingest_from_2014 manual__2022-08-11T19:19:47.922898+00:00 [running]> on host ce1be8c59d56
[2022-08-11 19:19:51,521] {taskinstance.py:1591} INFO - Exporting the following env vars:
AIRFLOW_CTX_DAG_OWNER=narapady
AIRFLOW_CTX_DAG_ID=ETL_DAG_V2
AIRFLOW_CTX_TASK_ID=Ingest_from_2014
AIRFLOW_CTX_EXECUTION_DATE=2022-08-11T19:19:47.922898+00:00
AIRFLOW_CTX_TRY_NUMBER=1
AIRFLOW_CTX_DAG_RUN_ID=manual__2022-08-11T19:19:47.922898+00:00
[2022-08-11 19:19:52,621] {taskinstance.py:1909} ERROR - Task failed with exception
Traceback (most recent call last):
  File "/home/airflow/.local/lib/python3.7/site-packages/airflow/operators/python.py", line 171, in execute
    return_value = self.execute_callable()
  File "/home/airflow/.local/lib/python3.7/site-packages/airflow/operators/python.py", line 189, in execute_callable
    return self.python_callable(*self.op_args, **self.op_kwargs)
  File "/opt/airflow/dags/ingest/ingestor.py", line 122, in run
    usda = s3.create_bucket("s3-bucket-raw-usda")
  File "/opt/airflow/dags/storage/s3.py", line 26, in create_bucket
    return self.client.create_bucket(Bucket=bucket_name)
  File "/home/airflow/.local/lib/python3.7/site-packages/botocore/client.py", line 395, in _api_call
    return self._make_api_call(operation_name, kwargs)
  File "/home/airflow/.local/lib/python3.7/site-packages/botocore/client.py", line 725, in _make_api_call
    raise error_class(parsed_response, operation_name)
botocore.exceptions.ClientError: An error occurred (OperationAborted) when calling the CreateBucket operation: A conflicting conditional operation is currently in progress against this resource. Please try again.
[2022-08-11 19:19:52,632] {taskinstance.py:1420} INFO - Marking task as UP_FOR_RETRY. dag_id=ETL_DAG_V2, task_id=Ingest_from_2014, execution_date=20220811T191947, start_date=20220811T191951, end_date=20220811T191952
[2022-08-11 19:19:52,640] {standard_task_runner.py:97} ERROR - Failed to execute job 461 for task Ingest_from_2014 (An error occurred (OperationAborted) when calling the CreateBucket operation: A conflicting conditional operation is currently in progress against this resource. Please try again.; 1720)
[2022-08-11 19:19:52,660] {local_task_job.py:156} INFO - Task exited with return code 1
[2022-08-11 19:19:52,693] {local_task_job.py:273} INFO - 0 downstream tasks scheduled from follow-on schedule check
