[2022-08-11 19:35:54,176] {taskinstance.py:1179} INFO - Dependencies all met for <TaskInstance: ETL_DAG_V2.Ingest_from_2014 manual__2022-08-11T19:19:47.922898+00:00 [queued]>
[2022-08-11 19:35:54,204] {taskinstance.py:1179} INFO - Dependencies all met for <TaskInstance: ETL_DAG_V2.Ingest_from_2014 manual__2022-08-11T19:19:47.922898+00:00 [queued]>
[2022-08-11 19:35:54,208] {taskinstance.py:1376} INFO - 
--------------------------------------------------------------------------------
[2022-08-11 19:35:54,210] {taskinstance.py:1377} INFO - Starting attempt 3 of 6
[2022-08-11 19:35:54,212] {taskinstance.py:1378} INFO - 
--------------------------------------------------------------------------------
[2022-08-11 19:35:54,229] {taskinstance.py:1397} INFO - Executing <Task(PythonOperator): Ingest_from_2014> on 2022-08-11 19:19:47.922898+00:00
[2022-08-11 19:35:54,238] {standard_task_runner.py:52} INFO - Started process 2971 to run task
[2022-08-11 19:35:54,251] {standard_task_runner.py:79} INFO - Running: ['***', 'tasks', 'run', 'ETL_DAG_V2', 'Ingest_from_2014', 'manual__2022-08-11T19:19:47.922898+00:00', '--job-id', '515', '--raw', '--subdir', 'DAGS_FOLDER/etl_dag.py', '--cfg-path', '/tmp/tmpu4scg3rf', '--error-file', '/tmp/tmpyf02nrt7']
[2022-08-11 19:35:54,253] {standard_task_runner.py:80} INFO - Job 515: Subtask Ingest_from_2014
[2022-08-11 19:35:54,384] {task_command.py:371} INFO - Running <TaskInstance: ETL_DAG_V2.Ingest_from_2014 manual__2022-08-11T19:19:47.922898+00:00 [running]> on host ce1be8c59d56
[2022-08-11 19:35:54,543] {taskinstance.py:1591} INFO - Exporting the following env vars:
AIRFLOW_CTX_DAG_OWNER=narapady
AIRFLOW_CTX_DAG_ID=ETL_DAG_V2
AIRFLOW_CTX_TASK_ID=Ingest_from_2014
AIRFLOW_CTX_EXECUTION_DATE=2022-08-11T19:19:47.922898+00:00
AIRFLOW_CTX_TRY_NUMBER=3
AIRFLOW_CTX_DAG_RUN_ID=manual__2022-08-11T19:19:47.922898+00:00
[2022-08-11 19:36:01,732] {logging_mixin.py:115} INFO - Successfully uploaded 2014/table1_2014.xls to s3-bucket-raw-usda
[2022-08-11 19:36:04,132] {logging_mixin.py:115} INFO - Successfully uploaded 2014/table2_2014.xls to s3-bucket-raw-usda
[2022-08-11 19:36:06,122] {logging_mixin.py:115} INFO - Successfully uploaded 2014/table3_2014.xls to s3-bucket-raw-usda
[2022-08-11 19:36:07,944] {logging_mixin.py:115} INFO - Successfully uploaded 2014/table4_2014.xls to s3-bucket-raw-usda
[2022-08-11 19:36:09,517] {logging_mixin.py:115} INFO - Successfully uploaded 2014/table5_2014.xls to s3-bucket-raw-usda
[2022-08-11 19:36:11,055] {logging_mixin.py:115} INFO - Successfully uploaded 2014/table6_2014.xls to s3-bucket-raw-usda
[2022-08-11 19:36:13,030] {logging_mixin.py:115} INFO - Successfully uploaded 2014/table7_2014.xls to s3-bucket-raw-usda
[2022-08-11 19:36:14,955] {logging_mixin.py:115} INFO - Successfully uploaded 2014/table8_2014.xls to s3-bucket-raw-usda
[2022-08-11 19:36:17,417] {logging_mixin.py:115} INFO - Successfully uploaded 2014/2008_table1.xls to s3-bucket-raw-usda
[2022-08-11 19:36:19,682] {logging_mixin.py:115} INFO - Successfully uploaded 2014/2008_table2.xls to s3-bucket-raw-usda
[2022-08-11 19:36:21,202] {logging_mixin.py:115} INFO - Successfully uploaded 2014/2008_table3.xls to s3-bucket-raw-usda
[2022-08-11 19:36:23,091] {logging_mixin.py:115} INFO - Successfully uploaded 2014/2008_table4.xls to s3-bucket-raw-usda
[2022-08-11 19:36:25,115] {logging_mixin.py:115} INFO - Successfully uploaded 2014/2008_table5.xls to s3-bucket-raw-usda
[2022-08-11 19:36:27,199] {logging_mixin.py:115} INFO - Successfully uploaded 2014/2008_table6.xls to s3-bucket-raw-usda
[2022-08-11 19:36:29,223] {logging_mixin.py:115} INFO - Successfully uploaded 2014/2008_table7.xls to s3-bucket-raw-usda
[2022-08-11 19:36:29,226] {python.py:173} INFO - Done. Returned value was: None
[2022-08-11 19:36:29,242] {taskinstance.py:1420} INFO - Marking task as SUCCESS. dag_id=ETL_DAG_V2, task_id=Ingest_from_2014, execution_date=20220811T191947, start_date=20220811T193554, end_date=20220811T193629
[2022-08-11 19:36:29,303] {local_task_job.py:156} INFO - Task exited with return code 0
[2022-08-11 19:36:29,330] {local_task_job.py:273} INFO - 0 downstream tasks scheduled from follow-on schedule check
