[2022-08-12 05:18:37,991] {taskinstance.py:1179} INFO - Dependencies all met for <TaskInstance: ETL_DAG_US_FOOD_NUTRITION.Ingest_from_2014 manual__2022-08-12T05:11:17.280858+00:00 [queued]>
[2022-08-12 05:18:38,006] {taskinstance.py:1179} INFO - Dependencies all met for <TaskInstance: ETL_DAG_US_FOOD_NUTRITION.Ingest_from_2014 manual__2022-08-12T05:11:17.280858+00:00 [queued]>
[2022-08-12 05:18:38,007] {taskinstance.py:1376} INFO - 
--------------------------------------------------------------------------------
[2022-08-12 05:18:38,012] {taskinstance.py:1377} INFO - Starting attempt 2 of 6
[2022-08-12 05:18:38,012] {taskinstance.py:1378} INFO - 
--------------------------------------------------------------------------------
[2022-08-12 05:18:38,030] {taskinstance.py:1397} INFO - Executing <Task(PythonOperator): Ingest_from_2014> on 2022-08-12 05:11:17.280858+00:00
[2022-08-12 05:18:38,043] {standard_task_runner.py:52} INFO - Started process 11091 to run task
[2022-08-12 05:18:38,058] {standard_task_runner.py:79} INFO - Running: ['***', 'tasks', 'run', 'ETL_DAG_US_FOOD_NUTRITION', 'Ingest_from_2014', 'manual__2022-08-12T05:11:17.280858+00:00', '--job-id', '814', '--raw', '--subdir', 'DAGS_FOLDER/etl_dag.py', '--cfg-path', '/tmp/tmpaec9m02q', '--error-file', '/tmp/tmpi1up3i67']
[2022-08-12 05:18:38,068] {standard_task_runner.py:80} INFO - Job 814: Subtask Ingest_from_2014
[2022-08-12 05:18:38,166] {task_command.py:371} INFO - Running <TaskInstance: ETL_DAG_US_FOOD_NUTRITION.Ingest_from_2014 manual__2022-08-12T05:11:17.280858+00:00 [running]> on host ae5c2449a624
[2022-08-12 05:18:38,232] {taskinstance.py:1591} INFO - Exporting the following env vars:
AIRFLOW_CTX_DAG_OWNER=narapady
AIRFLOW_CTX_DAG_ID=ETL_DAG_US_FOOD_NUTRITION
AIRFLOW_CTX_TASK_ID=Ingest_from_2014
AIRFLOW_CTX_EXECUTION_DATE=2022-08-12T05:11:17.280858+00:00
AIRFLOW_CTX_TRY_NUMBER=2
AIRFLOW_CTX_DAG_RUN_ID=manual__2022-08-12T05:11:17.280858+00:00
[2022-08-12 05:18:46,133] {logging_mixin.py:115} INFO - Successfully uploaded 2014/table1_2014.xls to s3-bucket-raw-usda
[2022-08-12 05:18:47,610] {logging_mixin.py:115} INFO - Successfully uploaded 2014/table2_2014.xls to s3-bucket-raw-usda
[2022-08-12 05:18:49,072] {logging_mixin.py:115} INFO - Successfully uploaded 2014/table3_2014.xls to s3-bucket-raw-usda
[2022-08-12 05:18:50,479] {logging_mixin.py:115} INFO - Successfully uploaded 2014/table4_2014.xls to s3-bucket-raw-usda
[2022-08-12 05:18:52,177] {logging_mixin.py:115} INFO - Successfully uploaded 2014/table5_2014.xls to s3-bucket-raw-usda
[2022-08-12 05:18:53,563] {logging_mixin.py:115} INFO - Successfully uploaded 2014/table6_2014.xls to s3-bucket-raw-usda
[2022-08-12 05:18:55,037] {logging_mixin.py:115} INFO - Successfully uploaded 2014/table7_2014.xls to s3-bucket-raw-usda
[2022-08-12 05:18:56,467] {logging_mixin.py:115} INFO - Successfully uploaded 2014/table8_2014.xls to s3-bucket-raw-usda
[2022-08-12 05:18:57,725] {logging_mixin.py:115} INFO - Successfully uploaded 2014/2008_table1.xls to s3-bucket-raw-usda
[2022-08-12 05:18:59,175] {logging_mixin.py:115} INFO - Successfully uploaded 2014/2008_table2.xls to s3-bucket-raw-usda
[2022-08-12 05:19:00,891] {logging_mixin.py:115} INFO - Successfully uploaded 2014/2008_table3.xls to s3-bucket-raw-usda
[2022-08-12 05:19:02,341] {logging_mixin.py:115} INFO - Successfully uploaded 2014/2008_table4.xls to s3-bucket-raw-usda
[2022-08-12 05:19:03,681] {logging_mixin.py:115} INFO - Successfully uploaded 2014/2008_table5.xls to s3-bucket-raw-usda
[2022-08-12 05:19:05,150] {logging_mixin.py:115} INFO - Successfully uploaded 2014/2008_table6.xls to s3-bucket-raw-usda
[2022-08-12 05:19:07,633] {logging_mixin.py:115} INFO - Successfully uploaded 2014/2008_table7.xls to s3-bucket-raw-usda
[2022-08-12 05:19:07,635] {python.py:173} INFO - Done. Returned value was: None
[2022-08-12 05:19:07,645] {taskinstance.py:1420} INFO - Marking task as SUCCESS. dag_id=ETL_DAG_US_FOOD_NUTRITION, task_id=Ingest_from_2014, execution_date=20220812T051117, start_date=20220812T051837, end_date=20220812T051907
[2022-08-12 05:19:07,683] {local_task_job.py:156} INFO - Task exited with return code 0
[2022-08-12 05:19:07,710] {local_task_job.py:273} INFO - 0 downstream tasks scheduled from follow-on schedule check
