[2022-08-11 20:45:39,874] {taskinstance.py:1179} INFO - Dependencies all met for <TaskInstance: ETL_DAG_V7.Ingest_from_consumer_price_index manual__2022-08-11T02:24:39.409501+00:00 [queued]>
[2022-08-11 20:45:39,891] {taskinstance.py:1179} INFO - Dependencies all met for <TaskInstance: ETL_DAG_V7.Ingest_from_consumer_price_index manual__2022-08-11T02:24:39.409501+00:00 [queued]>
[2022-08-11 20:45:39,893] {taskinstance.py:1376} INFO - 
--------------------------------------------------------------------------------
[2022-08-11 20:45:39,896] {taskinstance.py:1377} INFO - Starting attempt 1 of 6
[2022-08-11 20:45:39,897] {taskinstance.py:1378} INFO - 
--------------------------------------------------------------------------------
[2022-08-11 20:45:39,918] {taskinstance.py:1397} INFO - Executing <Task(PythonOperator): Ingest_from_consumer_price_index> on 2022-08-11 02:24:39.409501+00:00
[2022-08-11 20:45:39,929] {standard_task_runner.py:52} INFO - Started process 7819 to run task
[2022-08-11 20:45:39,938] {standard_task_runner.py:79} INFO - Running: ['***', 'tasks', 'run', 'ETL_DAG_V7', 'Ingest_from_consumer_price_index', 'manual__2022-08-11T02:24:39.409501+00:00', '--job-id', '568', '--raw', '--subdir', 'DAGS_FOLDER/etl_dag.py', '--cfg-path', '/tmp/tmphft6_2u5', '--error-file', '/tmp/tmpecll3c40']
[2022-08-11 20:45:39,941] {standard_task_runner.py:80} INFO - Job 568: Subtask Ingest_from_consumer_price_index
[2022-08-11 20:45:40,044] {task_command.py:371} INFO - Running <TaskInstance: ETL_DAG_V7.Ingest_from_consumer_price_index manual__2022-08-11T02:24:39.409501+00:00 [running]> on host ce1be8c59d56
[2022-08-11 20:45:40,160] {taskinstance.py:1591} INFO - Exporting the following env vars:
AIRFLOW_CTX_DAG_OWNER=narapady
AIRFLOW_CTX_DAG_ID=ETL_DAG_V7
AIRFLOW_CTX_TASK_ID=Ingest_from_consumer_price_index
AIRFLOW_CTX_EXECUTION_DATE=2022-08-11T02:24:39.409501+00:00
AIRFLOW_CTX_TRY_NUMBER=1
AIRFLOW_CTX_DAG_RUN_ID=manual__2022-08-11T02:24:39.409501+00:00
[2022-08-11 20:45:48,045] {logging_mixin.py:115} INFO - Successfully uploaded consumer-price-index/CPIforecast.xlsx to s3-bucket-raw-usda
[2022-08-11 20:45:49,474] {logging_mixin.py:115} INFO - Successfully uploaded consumer-price-index/historicalcpi.xlsx to s3-bucket-raw-usda
[2022-08-11 20:45:49,480] {python.py:173} INFO - Done. Returned value was: None
[2022-08-11 20:45:49,507] {taskinstance.py:1420} INFO - Marking task as SUCCESS. dag_id=ETL_DAG_V7, task_id=Ingest_from_consumer_price_index, execution_date=20220811T022439, start_date=20220811T204539, end_date=20220811T204549
[2022-08-11 20:45:49,584] {local_task_job.py:156} INFO - Task exited with return code 0
[2022-08-11 20:45:49,639] {local_task_job.py:273} INFO - 0 downstream tasks scheduled from follow-on schedule check
