[2022-08-15 20:57:08,740] {taskinstance.py:1179} INFO - Dependencies all met for <TaskInstance: ETL_DAG.Transform_consumer-price-index manual__2022-08-15T20:56:28.970676+00:00 [queued]>
[2022-08-15 20:57:08,763] {taskinstance.py:1179} INFO - Dependencies all met for <TaskInstance: ETL_DAG.Transform_consumer-price-index manual__2022-08-15T20:56:28.970676+00:00 [queued]>
[2022-08-15 20:57:08,764] {taskinstance.py:1376} INFO - 
--------------------------------------------------------------------------------
[2022-08-15 20:57:08,766] {taskinstance.py:1377} INFO - Starting attempt 1 of 6
[2022-08-15 20:57:08,776] {taskinstance.py:1378} INFO - 
--------------------------------------------------------------------------------
[2022-08-15 20:57:08,795] {taskinstance.py:1397} INFO - Executing <Task(PythonOperator): Transform_consumer-price-index> on 2022-08-15 20:56:28.970676+00:00
[2022-08-15 20:57:08,807] {standard_task_runner.py:52} INFO - Started process 1617 to run task
[2022-08-15 20:57:08,822] {standard_task_runner.py:79} INFO - Running: ['***', 'tasks', 'run', 'ETL_DAG', 'Transform_consumer-price-index', 'manual__2022-08-15T20:56:28.970676+00:00', '--job-id', '1057', '--raw', '--subdir', 'DAGS_FOLDER/etl_dag.py', '--cfg-path', '/tmp/tmp5ua_f84w', '--error-file', '/tmp/tmpzefx2rbh']
[2022-08-15 20:57:08,825] {standard_task_runner.py:80} INFO - Job 1057: Subtask Transform_consumer-price-index
[2022-08-15 20:57:08,921] {task_command.py:371} INFO - Running <TaskInstance: ETL_DAG.Transform_consumer-price-index manual__2022-08-15T20:56:28.970676+00:00 [running]> on host 42abdd2e54ec
[2022-08-15 20:57:09,054] {taskinstance.py:1591} INFO - Exporting the following env vars:
AIRFLOW_CTX_DAG_OWNER=narapady
AIRFLOW_CTX_DAG_ID=ETL_DAG
AIRFLOW_CTX_TASK_ID=Transform_consumer-price-index
AIRFLOW_CTX_EXECUTION_DATE=2022-08-15T20:56:28.970676+00:00
AIRFLOW_CTX_TRY_NUMBER=1
AIRFLOW_CTX_DAG_RUN_ID=manual__2022-08-15T20:56:28.970676+00:00
[2022-08-15 20:57:41,854] {logging_mixin.py:115} INFO - Successfully process price-index-clean/consumer-price-index.csv to S3
[2022-08-15 20:57:41,856] {python.py:173} INFO - Done. Returned value was: None
[2022-08-15 20:57:41,867] {taskinstance.py:1420} INFO - Marking task as SUCCESS. dag_id=ETL_DAG, task_id=Transform_consumer-price-index, execution_date=20220815T205628, start_date=20220815T205708, end_date=20220815T205741
[2022-08-15 20:57:41,887] {local_task_job.py:156} INFO - Task exited with return code 0
[2022-08-15 20:57:41,915] {local_task_job.py:273} INFO - 0 downstream tasks scheduled from follow-on schedule check
