[2022-08-11 19:51:17,586] {taskinstance.py:1179} INFO - Dependencies all met for <TaskInstance: ETL_DAG_V6.Transform_data manual__2022-08-11T19:47:15.827552+00:00 [queued]>
[2022-08-11 19:51:17,594] {taskinstance.py:1179} INFO - Dependencies all met for <TaskInstance: ETL_DAG_V6.Transform_data manual__2022-08-11T19:47:15.827552+00:00 [queued]>
[2022-08-11 19:51:17,595] {taskinstance.py:1376} INFO - 
--------------------------------------------------------------------------------
[2022-08-11 19:51:17,596] {taskinstance.py:1377} INFO - Starting attempt 1 of 6
[2022-08-11 19:51:17,597] {taskinstance.py:1378} INFO - 
--------------------------------------------------------------------------------
[2022-08-11 19:51:17,606] {taskinstance.py:1397} INFO - Executing <Task(PythonOperator): Transform_data> on 2022-08-11 19:47:15.827552+00:00
[2022-08-11 19:51:17,612] {standard_task_runner.py:52} INFO - Started process 4116 to run task
[2022-08-11 19:51:17,614] {standard_task_runner.py:79} INFO - Running: ['***', 'tasks', 'run', 'ETL_DAG_V6', 'Transform_data', 'manual__2022-08-11T19:47:15.827552+00:00', '--job-id', '549', '--raw', '--subdir', 'DAGS_FOLDER/etl_dag.py', '--cfg-path', '/tmp/tmpjopih46t', '--error-file', '/tmp/tmp73t6dj_f']
[2022-08-11 19:51:17,617] {standard_task_runner.py:80} INFO - Job 549: Subtask Transform_data
[2022-08-11 19:51:17,661] {task_command.py:371} INFO - Running <TaskInstance: ETL_DAG_V6.Transform_data manual__2022-08-11T19:47:15.827552+00:00 [running]> on host ce1be8c59d56
[2022-08-11 19:51:17,705] {taskinstance.py:1591} INFO - Exporting the following env vars:
AIRFLOW_CTX_DAG_OWNER=narapady
AIRFLOW_CTX_DAG_ID=ETL_DAG_V6
AIRFLOW_CTX_TASK_ID=Transform_data
AIRFLOW_CTX_EXECUTION_DATE=2022-08-11T19:47:15.827552+00:00
AIRFLOW_CTX_TRY_NUMBER=1
AIRFLOW_CTX_DAG_RUN_ID=manual__2022-08-11T19:47:15.827552+00:00
[2022-08-11 19:51:35,707] {logging_mixin.py:115} INFO - Successfully process food-expenditure-clean/constant-total-fah.csv to S3
[2022-08-11 19:51:36,171] {logging_mixin.py:115} INFO - Successfully process food-expenditure-clean/constant-total-fafh.csv to S3
[2022-08-11 19:51:36,504] {logging_mixin.py:115} INFO - Successfully process food-expenditure-clean/constant-total-aah.csv to S3
[2022-08-11 19:51:36,800] {logging_mixin.py:115} INFO - Successfully process food-expenditure-clean/constant-total-aafh.csv to S3
[2022-08-11 19:51:53,157] {logging_mixin.py:115} INFO - Successfully process food-expenditure-clean/nominal-total-fah.csv to S3
[2022-08-11 19:51:53,582] {logging_mixin.py:115} INFO - Successfully process food-expenditure-clean/nominal-total-fafh.csv to S3
[2022-08-11 19:51:53,908] {logging_mixin.py:115} INFO - Successfully process food-expenditure-clean/nominal-total-aah.csv to S3
[2022-08-11 19:51:54,247] {logging_mixin.py:115} INFO - Successfully process food-expenditure-clean/nominal-total-aafh.csv to S3
[2022-08-11 19:52:18,678] {logging_mixin.py:115} INFO - Successfully process food-expenditure-clean/nominal-monthly-sale.csv to S3
[2022-08-11 19:52:19,095] {logging_mixin.py:115} INFO - Successfully process food-expenditure-clean/constant-monthly-sale.csv to S3
[2022-08-11 19:52:49,948] {logging_mixin.py:115} INFO - Successfully process price-index-clean/consumer-price-index.csv to S3
