[2022-08-15 20:46:26,967] {taskinstance.py:1179} INFO - Dependencies all met for <TaskInstance: ETL_DAG.Stage_loss-adjusted-food-availability-clean manual__2022-08-15T20:40:50.207703+00:00 [queued]>
[2022-08-15 20:46:26,984] {taskinstance.py:1179} INFO - Dependencies all met for <TaskInstance: ETL_DAG.Stage_loss-adjusted-food-availability-clean manual__2022-08-15T20:40:50.207703+00:00 [queued]>
[2022-08-15 20:46:26,986] {taskinstance.py:1376} INFO - 
--------------------------------------------------------------------------------
[2022-08-15 20:46:26,987] {taskinstance.py:1377} INFO - Starting attempt 1 of 6
[2022-08-15 20:46:26,988] {taskinstance.py:1378} INFO - 
--------------------------------------------------------------------------------
[2022-08-15 20:46:27,000] {taskinstance.py:1397} INFO - Executing <Task(PythonOperator): Stage_loss-adjusted-food-availability-clean> on 2022-08-15 20:40:50.207703+00:00
[2022-08-15 20:46:27,009] {standard_task_runner.py:52} INFO - Started process 785 to run task
[2022-08-15 20:46:27,015] {standard_task_runner.py:79} INFO - Running: ['***', 'tasks', 'run', 'ETL_DAG', 'Stage_loss-adjusted-food-availability-clean', 'manual__2022-08-15T20:40:50.207703+00:00', '--job-id', '1025', '--raw', '--subdir', 'DAGS_FOLDER/etl_dag.py', '--cfg-path', '/tmp/tmpyfozpi3b', '--error-file', '/tmp/tmp1ruuu2mi']
[2022-08-15 20:46:27,026] {standard_task_runner.py:80} INFO - Job 1025: Subtask Stage_loss-adjusted-food-availability-clean
[2022-08-15 20:46:27,128] {task_command.py:371} INFO - Running <TaskInstance: ETL_DAG.Stage_loss-adjusted-food-availability-clean manual__2022-08-15T20:40:50.207703+00:00 [running]> on host 42abdd2e54ec
[2022-08-15 20:46:27,215] {taskinstance.py:1591} INFO - Exporting the following env vars:
AIRFLOW_CTX_DAG_OWNER=narapady
AIRFLOW_CTX_DAG_ID=ETL_DAG
AIRFLOW_CTX_TASK_ID=Stage_loss-adjusted-food-availability-clean
AIRFLOW_CTX_EXECUTION_DATE=2022-08-15T20:40:50.207703+00:00
AIRFLOW_CTX_TRY_NUMBER=1
AIRFLOW_CTX_DAG_RUN_ID=manual__2022-08-15T20:40:50.207703+00:00
[2022-08-15 20:49:03,232] {logging_mixin.py:115} INFO - Successfully loaded percents-staged.csv to s3-bucket-staged
[2022-08-15 20:49:13,576] {logging_mixin.py:115} INFO - Successfully loaded totals-staged.csv to s3-bucket-staged
[2022-08-15 20:50:20,421] {logging_mixin.py:115} INFO - Successfully loaded loss-adjusted-food-availability-staged.csv to s3-bucket-staged
[2022-08-15 20:50:20,442] {python.py:173} INFO - Done. Returned value was: None
[2022-08-15 20:50:20,466] {taskinstance.py:1420} INFO - Marking task as SUCCESS. dag_id=ETL_DAG, task_id=Stage_loss-adjusted-food-availability-clean, execution_date=20220815T204050, start_date=20220815T204626, end_date=20220815T205020
[2022-08-15 20:50:20,524] {local_task_job.py:156} INFO - Task exited with return code 0
[2022-08-15 20:50:20,552] {local_task_job.py:273} INFO - 1 downstream tasks scheduled from follow-on schedule check
