[2022-08-08 20:07:25,836] {taskinstance.py:1179} INFO - Dependencies all met for <TaskInstance: etl_dag_v5.Transformer manual__2022-08-08T20:06:59.253743+00:00 [queued]>
[2022-08-08 20:07:25,842] {taskinstance.py:1179} INFO - Dependencies all met for <TaskInstance: etl_dag_v5.Transformer manual__2022-08-08T20:06:59.253743+00:00 [queued]>
[2022-08-08 20:07:25,843] {taskinstance.py:1376} INFO - 
--------------------------------------------------------------------------------
[2022-08-08 20:07:25,844] {taskinstance.py:1377} INFO - Starting attempt 1 of 6
[2022-08-08 20:07:25,844] {taskinstance.py:1378} INFO - 
--------------------------------------------------------------------------------
[2022-08-08 20:07:25,852] {taskinstance.py:1397} INFO - Executing <Task(PythonOperator): Transformer> on 2022-08-08 20:06:59.253743+00:00
[2022-08-08 20:07:25,857] {standard_task_runner.py:52} INFO - Started process 13507 to run task
[2022-08-08 20:07:25,860] {standard_task_runner.py:79} INFO - Running: ['***', 'tasks', 'run', 'etl_dag_v5', 'Transformer', 'manual__2022-08-08T20:06:59.253743+00:00', '--job-id', '96', '--raw', '--subdir', 'DAGS_FOLDER/etl_dag.py', '--cfg-path', '/tmp/tmpm3ac5280', '--error-file', '/tmp/tmpodvhbv4y']
[2022-08-08 20:07:25,862] {standard_task_runner.py:80} INFO - Job 96: Subtask Transformer
[2022-08-08 20:07:25,909] {task_command.py:371} INFO - Running <TaskInstance: etl_dag_v5.Transformer manual__2022-08-08T20:06:59.253743+00:00 [running]> on host 8d3924a1d70c
[2022-08-08 20:07:25,950] {taskinstance.py:1591} INFO - Exporting the following env vars:
AIRFLOW_CTX_DAG_OWNER=narapady
AIRFLOW_CTX_DAG_ID=etl_dag_v5
AIRFLOW_CTX_TASK_ID=Transformer
AIRFLOW_CTX_EXECUTION_DATE=2022-08-08T20:06:59.253743+00:00
AIRFLOW_CTX_TRY_NUMBER=1
AIRFLOW_CTX_DAG_RUN_ID=manual__2022-08-08T20:06:59.253743+00:00
[2022-08-08 20:07:43,337] {logging_mixin.py:115} INFO - Successfully process food-expenditure-clean/constant-total-fah.csv to S3
[2022-08-08 20:07:43,782] {logging_mixin.py:115} INFO - Successfully process food-expenditure-clean/constant-total-fafh.csv to S3
[2022-08-08 20:07:44,098] {logging_mixin.py:115} INFO - Successfully process food-expenditure-clean/constant-total-aah.csv to S3
[2022-08-08 20:07:44,544] {logging_mixin.py:115} INFO - Successfully process food-expenditure-clean/constant-total-aafh.csv to S3
[2022-08-08 20:08:01,077] {logging_mixin.py:115} INFO - Successfully process food-expenditure-clean/nominal-total-fah.csv to S3
[2022-08-08 20:08:01,530] {logging_mixin.py:115} INFO - Successfully process food-expenditure-clean/nominal-total-fafh.csv to S3
[2022-08-08 20:08:01,857] {logging_mixin.py:115} INFO - Successfully process food-expenditure-clean/nominal-total-aah.csv to S3
[2022-08-08 20:08:02,295] {logging_mixin.py:115} INFO - Successfully process food-expenditure-clean/nominal-total-aafh.csv to S3
[2022-08-08 20:08:27,328] {logging_mixin.py:115} INFO - Successfully process food-expenditure-clean/nominal-monthly-sale.csv to S3
[2022-08-08 20:08:27,753] {logging_mixin.py:115} INFO - Successfully process food-expenditure-clean/constant-monthly-sale.csv to S3
[2022-08-08 20:08:27,764] {python.py:173} INFO - Done. Returned value was: None
[2022-08-08 20:08:27,793] {taskinstance.py:1420} INFO - Marking task as SUCCESS. dag_id=etl_dag_v5, task_id=Transformer, execution_date=20220808T200659, start_date=20220808T200725, end_date=20220808T200827
[2022-08-08 20:08:27,855] {local_task_job.py:156} INFO - Task exited with return code 0
[2022-08-08 20:08:27,884] {local_task_job.py:273} INFO - 1 downstream tasks scheduled from follow-on schedule check
