[2022-08-08 19:32:48,038] {taskinstance.py:1179} INFO - Dependencies all met for <TaskInstance: etl_dag_v4.Transformer manual__2022-08-08T19:32:19.599823+00:00 [queued]>
[2022-08-08 19:32:48,043] {taskinstance.py:1179} INFO - Dependencies all met for <TaskInstance: etl_dag_v4.Transformer manual__2022-08-08T19:32:19.599823+00:00 [queued]>
[2022-08-08 19:32:48,044] {taskinstance.py:1376} INFO - 
--------------------------------------------------------------------------------
[2022-08-08 19:32:48,045] {taskinstance.py:1377} INFO - Starting attempt 1 of 6
[2022-08-08 19:32:48,046] {taskinstance.py:1378} INFO - 
--------------------------------------------------------------------------------
[2022-08-08 19:32:48,054] {taskinstance.py:1397} INFO - Executing <Task(PythonOperator): Transformer> on 2022-08-08 19:32:19.599823+00:00
[2022-08-08 19:32:48,059] {standard_task_runner.py:52} INFO - Started process 11299 to run task
[2022-08-08 19:32:48,062] {standard_task_runner.py:79} INFO - Running: ['***', 'tasks', 'run', 'etl_dag_v4', 'Transformer', 'manual__2022-08-08T19:32:19.599823+00:00', '--job-id', '94', '--raw', '--subdir', 'DAGS_FOLDER/etl_dag.py', '--cfg-path', '/tmp/tmp3ifldbr1', '--error-file', '/tmp/tmppe6br0nx']
[2022-08-08 19:32:48,064] {standard_task_runner.py:80} INFO - Job 94: Subtask Transformer
[2022-08-08 19:32:48,107] {task_command.py:371} INFO - Running <TaskInstance: etl_dag_v4.Transformer manual__2022-08-08T19:32:19.599823+00:00 [running]> on host 8d3924a1d70c
[2022-08-08 19:32:48,146] {taskinstance.py:1591} INFO - Exporting the following env vars:
AIRFLOW_CTX_DAG_OWNER=narapady
AIRFLOW_CTX_DAG_ID=etl_dag_v4
AIRFLOW_CTX_TASK_ID=Transformer
AIRFLOW_CTX_EXECUTION_DATE=2022-08-08T19:32:19.599823+00:00
AIRFLOW_CTX_TRY_NUMBER=1
AIRFLOW_CTX_DAG_RUN_ID=manual__2022-08-08T19:32:19.599823+00:00
[2022-08-08 19:33:06,628] {logging_mixin.py:115} INFO - Successfully process food-expenditure-clean/constant-total-fah.csv to S3
[2022-08-08 19:33:07,087] {logging_mixin.py:115} INFO - Successfully process food-expenditure-clean/constant-total-fafh.csv to S3
[2022-08-08 19:33:07,406] {logging_mixin.py:115} INFO - Successfully process food-expenditure-clean/constant-total-aah.csv to S3
[2022-08-08 19:33:07,720] {logging_mixin.py:115} INFO - Successfully process food-expenditure-clean/constant-total-aafh.csv to S3
[2022-08-08 19:33:23,772] {logging_mixin.py:115} INFO - Successfully process food-expenditure-clean/nominal-total-fah.csv to S3
[2022-08-08 19:33:24,228] {logging_mixin.py:115} INFO - Successfully process food-expenditure-clean/nominal-total-fafh.csv to S3
[2022-08-08 19:33:24,578] {logging_mixin.py:115} INFO - Successfully process food-expenditure-clean/nominal-total-aah.csv to S3
[2022-08-08 19:33:24,910] {logging_mixin.py:115} INFO - Successfully process food-expenditure-clean/nominal-total-aafh.csv to S3
[2022-08-08 19:33:49,593] {logging_mixin.py:115} INFO - Successfully process food-expenditure-clean/nominal-monthly-sale.csv to S3
[2022-08-08 19:33:50,043] {logging_mixin.py:115} INFO - Successfully process food-expenditure-clean/constant-monthly-sale.csv to S3
[2022-08-08 19:33:50,056] {python.py:173} INFO - Done. Returned value was: None
[2022-08-08 19:33:50,093] {taskinstance.py:1420} INFO - Marking task as SUCCESS. dag_id=etl_dag_v4, task_id=Transformer, execution_date=20220808T193219, start_date=20220808T193248, end_date=20220808T193350
[2022-08-08 19:33:50,147] {local_task_job.py:156} INFO - Task exited with return code 0
[2022-08-08 19:33:50,163] {local_task_job.py:273} INFO - 0 downstream tasks scheduled from follow-on schedule check
