[2022-08-15 20:45:16,854] {taskinstance.py:1179} INFO - Dependencies all met for <TaskInstance: ETL_DAG.Transform_2016 manual__2022-08-15T20:40:50.207703+00:00 [queued]>
[2022-08-15 20:45:16,872] {taskinstance.py:1179} INFO - Dependencies all met for <TaskInstance: ETL_DAG.Transform_2016 manual__2022-08-15T20:40:50.207703+00:00 [queued]>
[2022-08-15 20:45:16,873] {taskinstance.py:1376} INFO - 
--------------------------------------------------------------------------------
[2022-08-15 20:45:16,875] {taskinstance.py:1377} INFO - Starting attempt 1 of 6
[2022-08-15 20:45:16,876] {taskinstance.py:1378} INFO - 
--------------------------------------------------------------------------------
[2022-08-15 20:45:16,891] {taskinstance.py:1397} INFO - Executing <Task(PythonOperator): Transform_2016> on 2022-08-15 20:40:50.207703+00:00
[2022-08-15 20:45:16,899] {standard_task_runner.py:52} INFO - Started process 687 to run task
[2022-08-15 20:45:16,911] {standard_task_runner.py:79} INFO - Running: ['***', 'tasks', 'run', 'ETL_DAG', 'Transform_2016', 'manual__2022-08-15T20:40:50.207703+00:00', '--job-id', '1020', '--raw', '--subdir', 'DAGS_FOLDER/etl_dag.py', '--cfg-path', '/tmp/tmpk_n94um0', '--error-file', '/tmp/tmpx0au38py']
[2022-08-15 20:45:16,914] {standard_task_runner.py:80} INFO - Job 1020: Subtask Transform_2016
[2022-08-15 20:45:16,998] {task_command.py:371} INFO - Running <TaskInstance: ETL_DAG.Transform_2016 manual__2022-08-15T20:40:50.207703+00:00 [running]> on host 42abdd2e54ec
[2022-08-15 20:45:17,097] {taskinstance.py:1591} INFO - Exporting the following env vars:
AIRFLOW_CTX_DAG_OWNER=narapady
AIRFLOW_CTX_DAG_ID=ETL_DAG
AIRFLOW_CTX_TASK_ID=Transform_2016
AIRFLOW_CTX_EXECUTION_DATE=2022-08-15T20:40:50.207703+00:00
AIRFLOW_CTX_TRY_NUMBER=1
AIRFLOW_CTX_DAG_RUN_ID=manual__2022-08-15T20:40:50.207703+00:00
[2022-08-15 20:45:35,412] {logging_mixin.py:115} INFO - Successfully process fast-food-clean/age-15-and-older-2016.csv to S3
[2022-08-15 20:45:35,734] {logging_mixin.py:115} INFO - Successfully process fast-food-clean/age-18-and-older-2016.csv to S3
[2022-08-15 20:45:35,736] {python.py:173} INFO - Done. Returned value was: None
[2022-08-15 20:45:35,746] {taskinstance.py:1420} INFO - Marking task as SUCCESS. dag_id=ETL_DAG, task_id=Transform_2016, execution_date=20220815T204050, start_date=20220815T204516, end_date=20220815T204535
[2022-08-15 20:45:35,805] {local_task_job.py:156} INFO - Task exited with return code 0
[2022-08-15 20:45:35,833] {local_task_job.py:273} INFO - 0 downstream tasks scheduled from follow-on schedule check
