[2022-08-11 20:45:46,348] {taskinstance.py:1179} INFO - Dependencies all met for <TaskInstance: ETL_DAG_V7.Ingest_from_consumer_price_index manual__2022-08-11T20:45:41.327998+00:00 [queued]>
[2022-08-11 20:45:46,368] {taskinstance.py:1179} INFO - Dependencies all met for <TaskInstance: ETL_DAG_V7.Ingest_from_consumer_price_index manual__2022-08-11T20:45:41.327998+00:00 [queued]>
[2022-08-11 20:45:46,370] {taskinstance.py:1376} INFO - 
--------------------------------------------------------------------------------
[2022-08-11 20:45:46,374] {taskinstance.py:1377} INFO - Starting attempt 1 of 6
[2022-08-11 20:45:46,376] {taskinstance.py:1378} INFO - 
--------------------------------------------------------------------------------
[2022-08-11 20:45:46,412] {taskinstance.py:1397} INFO - Executing <Task(PythonOperator): Ingest_from_consumer_price_index> on 2022-08-11 20:45:41.327998+00:00
[2022-08-11 20:45:46,432] {standard_task_runner.py:52} INFO - Started process 7856 to run task
[2022-08-11 20:45:46,445] {standard_task_runner.py:79} INFO - Running: ['***', 'tasks', 'run', 'ETL_DAG_V7', 'Ingest_from_consumer_price_index', 'manual__2022-08-11T20:45:41.327998+00:00', '--job-id', '581', '--raw', '--subdir', 'DAGS_FOLDER/etl_dag.py', '--cfg-path', '/tmp/tmpccvh0ogb', '--error-file', '/tmp/tmpa9cr1yxb']
[2022-08-11 20:45:46,455] {standard_task_runner.py:80} INFO - Job 581: Subtask Ingest_from_consumer_price_index
[2022-08-11 20:45:46,590] {task_command.py:371} INFO - Running <TaskInstance: ETL_DAG_V7.Ingest_from_consumer_price_index manual__2022-08-11T20:45:41.327998+00:00 [running]> on host ce1be8c59d56
[2022-08-11 20:45:46,663] {taskinstance.py:1591} INFO - Exporting the following env vars:
AIRFLOW_CTX_DAG_OWNER=narapady
AIRFLOW_CTX_DAG_ID=ETL_DAG_V7
AIRFLOW_CTX_TASK_ID=Ingest_from_consumer_price_index
AIRFLOW_CTX_EXECUTION_DATE=2022-08-11T20:45:41.327998+00:00
AIRFLOW_CTX_TRY_NUMBER=1
AIRFLOW_CTX_DAG_RUN_ID=manual__2022-08-11T20:45:41.327998+00:00
[2022-08-11 20:45:53,759] {logging_mixin.py:115} INFO - Successfully uploaded consumer-price-index/CPIforecast.xlsx to s3-bucket-raw-usda
[2022-08-11 20:45:55,485] {logging_mixin.py:115} INFO - Successfully uploaded consumer-price-index/historicalcpi.xlsx to s3-bucket-raw-usda
[2022-08-11 20:45:55,488] {python.py:173} INFO - Done. Returned value was: None
[2022-08-11 20:45:55,505] {taskinstance.py:1420} INFO - Marking task as SUCCESS. dag_id=ETL_DAG_V7, task_id=Ingest_from_consumer_price_index, execution_date=20220811T204541, start_date=20220811T204546, end_date=20220811T204555
[2022-08-11 20:45:55,548] {local_task_job.py:156} INFO - Task exited with return code 0
[2022-08-11 20:45:55,577] {local_task_job.py:273} INFO - 0 downstream tasks scheduled from follow-on schedule check
