[2022-08-07 05:39:44,091] {taskinstance.py:1179} INFO - Dependencies all met for <TaskInstance: etl_dag.greet scheduled__2022-08-05T00:00:00+00:00 [queued]>
[2022-08-07 05:39:44,098] {taskinstance.py:1179} INFO - Dependencies all met for <TaskInstance: etl_dag.greet scheduled__2022-08-05T00:00:00+00:00 [queued]>
[2022-08-07 05:39:44,099] {taskinstance.py:1376} INFO - 
--------------------------------------------------------------------------------
[2022-08-07 05:39:44,100] {taskinstance.py:1377} INFO - Starting attempt 1 of 6
[2022-08-07 05:39:44,101] {taskinstance.py:1378} INFO - 
--------------------------------------------------------------------------------
[2022-08-07 05:39:44,112] {taskinstance.py:1397} INFO - Executing <Task(PythonOperator): greet> on 2022-08-05 00:00:00+00:00
[2022-08-07 05:39:44,116] {standard_task_runner.py:52} INFO - Started process 243 to run task
[2022-08-07 05:39:44,119] {standard_task_runner.py:79} INFO - Running: ['***', 'tasks', 'run', 'etl_dag', 'greet', 'scheduled__2022-08-05T00:00:00+00:00', '--job-id', '52', '--raw', '--subdir', 'DAGS_FOLDER/etl_dag.py', '--cfg-path', '/tmp/tmplxq36khq', '--error-file', '/tmp/tmp57i_t__x']
[2022-08-07 05:39:44,121] {standard_task_runner.py:80} INFO - Job 52: Subtask greet
[2022-08-07 05:39:44,167] {task_command.py:371} INFO - Running <TaskInstance: etl_dag.greet scheduled__2022-08-05T00:00:00+00:00 [running]> on host 9c2fa859e2fb
[2022-08-07 05:39:44,219] {taskinstance.py:1591} INFO - Exporting the following env vars:
AIRFLOW_CTX_DAG_OWNER=narapady
AIRFLOW_CTX_DAG_ID=etl_dag
AIRFLOW_CTX_TASK_ID=greet
AIRFLOW_CTX_EXECUTION_DATE=2022-08-05T00:00:00+00:00
AIRFLOW_CTX_TRY_NUMBER=1
AIRFLOW_CTX_DAG_RUN_ID=scheduled__2022-08-05T00:00:00+00:00
[2022-08-07 05:39:44,221] {logging_mixin.py:115} INFO - Hello World
[2022-08-07 05:39:44,222] {python.py:173} INFO - Done. Returned value was: None
[2022-08-07 05:39:44,232] {taskinstance.py:1420} INFO - Marking task as SUCCESS. dag_id=etl_dag, task_id=greet, execution_date=20220805T000000, start_date=20220807T053944, end_date=20220807T053944
[2022-08-07 05:39:44,252] {local_task_job.py:156} INFO - Task exited with return code 0
[2022-08-07 05:39:44,274] {local_task_job.py:273} INFO - 0 downstream tasks scheduled from follow-on schedule check
