[2022-08-11 21:21:02,806] {taskinstance.py:1179} INFO - Dependencies all met for <TaskInstance: ETL_DAG_V8.Stage_obesity manual__2022-08-11T21:16:03.096610+00:00 [queued]>
[2022-08-11 21:21:02,829] {taskinstance.py:1179} INFO - Dependencies all met for <TaskInstance: ETL_DAG_V8.Stage_obesity manual__2022-08-11T21:16:03.096610+00:00 [queued]>
[2022-08-11 21:21:02,832] {taskinstance.py:1376} INFO - 
--------------------------------------------------------------------------------
[2022-08-11 21:21:02,833] {taskinstance.py:1377} INFO - Starting attempt 1 of 6
[2022-08-11 21:21:02,834] {taskinstance.py:1378} INFO - 
--------------------------------------------------------------------------------
[2022-08-11 21:21:02,853] {taskinstance.py:1397} INFO - Executing <Task(PythonOperator): Stage_obesity> on 2022-08-11 21:16:03.096610+00:00
[2022-08-11 21:21:02,861] {standard_task_runner.py:52} INFO - Started process 10492 to run task
[2022-08-11 21:21:02,869] {standard_task_runner.py:79} INFO - Running: ['***', 'tasks', 'run', 'ETL_DAG_V8', 'Stage_obesity', 'manual__2022-08-11T21:16:03.096610+00:00', '--job-id', '654', '--raw', '--subdir', 'DAGS_FOLDER/etl_dag.py', '--cfg-path', '/tmp/tmpoh71b1no', '--error-file', '/tmp/tmpphbffd8z']
[2022-08-11 21:21:02,871] {standard_task_runner.py:80} INFO - Job 654: Subtask Stage_obesity
[2022-08-11 21:21:02,944] {task_command.py:371} INFO - Running <TaskInstance: ETL_DAG_V8.Stage_obesity manual__2022-08-11T21:16:03.096610+00:00 [running]> on host ce1be8c59d56
[2022-08-11 21:21:02,998] {taskinstance.py:1591} INFO - Exporting the following env vars:
AIRFLOW_CTX_DAG_OWNER=narapady
AIRFLOW_CTX_DAG_ID=ETL_DAG_V8
AIRFLOW_CTX_TASK_ID=Stage_obesity
AIRFLOW_CTX_EXECUTION_DATE=2022-08-11T21:16:03.096610+00:00
AIRFLOW_CTX_TRY_NUMBER=1
AIRFLOW_CTX_DAG_RUN_ID=manual__2022-08-11T21:16:03.096610+00:00
[2022-08-11 21:21:05,654] {logging_mixin.py:115} INFO - Successfully loaded Obesity_GDP_PanelData-staged.csv to s3-bucket-staged
[2022-08-11 21:21:27,795] {logging_mixin.py:115} INFO - Successfully loaded obesity-staged.csv to s3-bucket-staged
[2022-08-11 21:21:27,820] {python.py:173} INFO - Done. Returned value was: None
[2022-08-11 21:21:27,843] {taskinstance.py:1420} INFO - Marking task as SUCCESS. dag_id=ETL_DAG_V8, task_id=Stage_obesity, execution_date=20220811T211603, start_date=20220811T212102, end_date=20220811T212127
[2022-08-11 21:21:27,885] {local_task_job.py:156} INFO - Task exited with return code 0
[2022-08-11 21:21:27,910] {local_task_job.py:273} INFO - 0 downstream tasks scheduled from follow-on schedule check
