[2022-08-11 19:47:21,309] {taskinstance.py:1179} INFO - Dependencies all met for <TaskInstance: ETL_DAG_V6.Ingest_from_2015 manual__2022-08-11T19:47:15.827552+00:00 [queued]>
[2022-08-11 19:47:21,354] {taskinstance.py:1179} INFO - Dependencies all met for <TaskInstance: ETL_DAG_V6.Ingest_from_2015 manual__2022-08-11T19:47:15.827552+00:00 [queued]>
[2022-08-11 19:47:21,355] {taskinstance.py:1376} INFO - 
--------------------------------------------------------------------------------
[2022-08-11 19:47:21,356] {taskinstance.py:1377} INFO - Starting attempt 1 of 6
[2022-08-11 19:47:21,358] {taskinstance.py:1378} INFO - 
--------------------------------------------------------------------------------
[2022-08-11 19:47:21,380] {taskinstance.py:1397} INFO - Executing <Task(PythonOperator): Ingest_from_2015> on 2022-08-11 19:47:15.827552+00:00
[2022-08-11 19:47:21,397] {standard_task_runner.py:52} INFO - Started process 3843 to run task
[2022-08-11 19:47:21,405] {standard_task_runner.py:79} INFO - Running: ['***', 'tasks', 'run', 'ETL_DAG_V6', 'Ingest_from_2015', 'manual__2022-08-11T19:47:15.827552+00:00', '--job-id', '541', '--raw', '--subdir', 'DAGS_FOLDER/etl_dag.py', '--cfg-path', '/tmp/tmp5fgyheky', '--error-file', '/tmp/tmpbtyu6ee6']
[2022-08-11 19:47:21,410] {standard_task_runner.py:80} INFO - Job 541: Subtask Ingest_from_2015
[2022-08-11 19:47:21,564] {task_command.py:371} INFO - Running <TaskInstance: ETL_DAG_V6.Ingest_from_2015 manual__2022-08-11T19:47:15.827552+00:00 [running]> on host ce1be8c59d56
[2022-08-11 19:47:21,692] {taskinstance.py:1591} INFO - Exporting the following env vars:
AIRFLOW_CTX_DAG_OWNER=narapady
AIRFLOW_CTX_DAG_ID=ETL_DAG_V6
AIRFLOW_CTX_TASK_ID=Ingest_from_2015
AIRFLOW_CTX_EXECUTION_DATE=2022-08-11T19:47:15.827552+00:00
AIRFLOW_CTX_TRY_NUMBER=1
AIRFLOW_CTX_DAG_RUN_ID=manual__2022-08-11T19:47:15.827552+00:00
[2022-08-11 19:47:29,282] {logging_mixin.py:115} INFO - Successfully uploaded 2015/Table1_2015.xlsx to s3-bucket-raw-usda
[2022-08-11 19:47:30,553] {logging_mixin.py:115} INFO - Successfully uploaded 2015/Table2_2015.xlsx to s3-bucket-raw-usda
[2022-08-11 19:47:32,363] {logging_mixin.py:115} INFO - Successfully uploaded 2015/Table3_2015.xlsx to s3-bucket-raw-usda
[2022-08-11 19:47:34,189] {logging_mixin.py:115} INFO - Successfully uploaded 2015/Table4_2015.xlsx to s3-bucket-raw-usda
[2022-08-11 19:47:35,979] {logging_mixin.py:115} INFO - Successfully uploaded 2015/Table5_2015.xlsx to s3-bucket-raw-usda
[2022-08-11 19:47:37,436] {logging_mixin.py:115} INFO - Successfully uploaded 2015/Table6_2015.xlsx to s3-bucket-raw-usda
[2022-08-11 19:47:38,565] {logging_mixin.py:115} INFO - Successfully uploaded 2015/Table7_2015.xlsx to s3-bucket-raw-usda
[2022-08-11 19:47:39,852] {logging_mixin.py:115} INFO - Successfully uploaded 2015/Table8_2015.xlsx to s3-bucket-raw-usda
[2022-08-11 19:47:39,878] {python.py:173} INFO - Done. Returned value was: None
[2022-08-11 19:47:39,907] {taskinstance.py:1420} INFO - Marking task as SUCCESS. dag_id=ETL_DAG_V6, task_id=Ingest_from_2015, execution_date=20220811T194715, start_date=20220811T194721, end_date=20220811T194739
[2022-08-11 19:47:39,963] {local_task_job.py:156} INFO - Task exited with return code 0
[2022-08-11 19:47:39,991] {local_task_job.py:273} INFO - 0 downstream tasks scheduled from follow-on schedule check
