[2022-08-14 16:52:10,718] {taskinstance.py:1179} INFO - Dependencies all met for <TaskInstance: ETL_DAG.Transform_nutrient-intake-estimates manual__2022-08-14T16:48:28.179984+00:00 [queued]>
[2022-08-14 16:52:10,729] {taskinstance.py:1179} INFO - Dependencies all met for <TaskInstance: ETL_DAG.Transform_nutrient-intake-estimates manual__2022-08-14T16:48:28.179984+00:00 [queued]>
[2022-08-14 16:52:10,730] {taskinstance.py:1376} INFO - 
--------------------------------------------------------------------------------
[2022-08-14 16:52:10,731] {taskinstance.py:1377} INFO - Starting attempt 1 of 6
[2022-08-14 16:52:10,732] {taskinstance.py:1378} INFO - 
--------------------------------------------------------------------------------
[2022-08-14 16:52:10,748] {taskinstance.py:1397} INFO - Executing <Task(PythonOperator): Transform_nutrient-intake-estimates> on 2022-08-14 16:48:28.179984+00:00
[2022-08-14 16:52:10,753] {standard_task_runner.py:52} INFO - Started process 812 to run task
[2022-08-14 16:52:10,759] {standard_task_runner.py:79} INFO - Running: ['***', 'tasks', 'run', 'ETL_DAG', 'Transform_nutrient-intake-estimates', 'manual__2022-08-14T16:48:28.179984+00:00', '--job-id', '967', '--raw', '--subdir', 'DAGS_FOLDER/etl_dag.py', '--cfg-path', '/tmp/tmpw_op5mfq', '--error-file', '/tmp/tmpgi0u0192']
[2022-08-14 16:52:10,762] {standard_task_runner.py:80} INFO - Job 967: Subtask Transform_nutrient-intake-estimates
[2022-08-14 16:52:10,855] {task_command.py:371} INFO - Running <TaskInstance: ETL_DAG.Transform_nutrient-intake-estimates manual__2022-08-14T16:48:28.179984+00:00 [running]> on host 0dbf9d5e5cdb
[2022-08-14 16:52:10,931] {taskinstance.py:1591} INFO - Exporting the following env vars:
AIRFLOW_CTX_DAG_OWNER=narapady
AIRFLOW_CTX_DAG_ID=ETL_DAG
AIRFLOW_CTX_TASK_ID=Transform_nutrient-intake-estimates
AIRFLOW_CTX_EXECUTION_DATE=2022-08-14T16:48:28.179984+00:00
AIRFLOW_CTX_TRY_NUMBER=1
AIRFLOW_CTX_DAG_RUN_ID=manual__2022-08-14T16:48:28.179984+00:00
[2022-08-14 16:52:27,000] {logging_mixin.py:115} INFO - Successfully process nutrient-intake-estimates-clean/Total population-2015-2016.csv to S3
[2022-08-14 16:52:27,296] {logging_mixin.py:115} INFO - Successfully process nutrient-intake-estimates-clean/Total population-2017-2018.csv to S3
[2022-08-14 16:52:27,595] {logging_mixin.py:115} INFO - Successfully process nutrient-intake-estimates-clean/Children age 2–19-2015-2016.csv to S3
[2022-08-14 16:52:27,893] {logging_mixin.py:115} INFO - Successfully process nutrient-intake-estimates-clean/Children age 2–19-2017-2018.csv to S3
[2022-08-14 16:52:28,193] {logging_mixin.py:115} INFO - Successfully process nutrient-intake-estimates-clean/Adults age 20-64-2015-2016.csv to S3
[2022-08-14 16:52:28,475] {logging_mixin.py:115} INFO - Successfully process nutrient-intake-estimates-clean/Adults age 20-64-2017-2018.csv to S3
[2022-08-14 16:52:28,794] {logging_mixin.py:115} INFO - Successfully process nutrient-intake-estimates-clean/Seniors age 65 and above-2015-2016.csv to S3
[2022-08-14 16:52:29,086] {logging_mixin.py:115} INFO - Successfully process nutrient-intake-estimates-clean/Seniors age 65 and above-2017-2018.csv to S3
[2022-08-14 16:52:29,394] {logging_mixin.py:115} INFO - Successfully process nutrient-intake-estimates-clean/Household income < 185% poverty line-2015-2016.csv to S3
[2022-08-14 16:52:29,713] {logging_mixin.py:115} INFO - Successfully process nutrient-intake-estimates-clean/Household income < 185% poverty line-2017-2018.csv to S3
[2022-08-14 16:52:30,087] {logging_mixin.py:115} INFO - Successfully process nutrient-intake-estimates-clean/Household income 185–300% poverty line-2015-2016.csv to S3
[2022-08-14 16:52:30,404] {logging_mixin.py:115} INFO - Successfully process nutrient-intake-estimates-clean/Household income 185–300% poverty line-2017-2018.csv to S3
[2022-08-14 16:52:30,699] {logging_mixin.py:115} INFO - Successfully process nutrient-intake-estimates-clean/Household income > 300% poverty line-2015-2016.csv to S3
[2022-08-14 16:52:30,995] {logging_mixin.py:115} INFO - Successfully process nutrient-intake-estimates-clean/Household income > 300% poverty line-2017-2018.csv to S3
[2022-08-14 16:52:30,997] {python.py:173} INFO - Done. Returned value was: None
[2022-08-14 16:52:31,006] {taskinstance.py:1420} INFO - Marking task as SUCCESS. dag_id=ETL_DAG, task_id=Transform_nutrient-intake-estimates, execution_date=20220814T164828, start_date=20220814T165210, end_date=20220814T165231
[2022-08-14 16:52:31,071] {local_task_job.py:156} INFO - Task exited with return code 0
[2022-08-14 16:52:31,096] {local_task_job.py:273} INFO - 0 downstream tasks scheduled from follow-on schedule check
