[2022-08-11 21:38:01,324] {taskinstance.py:1179} INFO - Dependencies all met for <TaskInstance: ETL_DAG_V8.Transform_current-food-expenditure-series manual__2022-08-11T21:34:01.587578+00:00 [queued]>
[2022-08-11 21:38:01,332] {taskinstance.py:1179} INFO - Dependencies all met for <TaskInstance: ETL_DAG_V8.Transform_current-food-expenditure-series manual__2022-08-11T21:34:01.587578+00:00 [queued]>
[2022-08-11 21:38:01,333] {taskinstance.py:1376} INFO - 
--------------------------------------------------------------------------------
[2022-08-11 21:38:01,334] {taskinstance.py:1377} INFO - Starting attempt 1 of 6
[2022-08-11 21:38:01,335] {taskinstance.py:1378} INFO - 
--------------------------------------------------------------------------------
[2022-08-11 21:38:01,358] {taskinstance.py:1397} INFO - Executing <Task(PythonOperator): Transform_current-food-expenditure-series> on 2022-08-11 21:34:01.587578+00:00
[2022-08-11 21:38:01,370] {standard_task_runner.py:52} INFO - Started process 516 to run task
[2022-08-11 21:38:01,386] {standard_task_runner.py:79} INFO - Running: ['***', 'tasks', 'run', 'ETL_DAG_V8', 'Transform_current-food-expenditure-series', 'manual__2022-08-11T21:34:01.587578+00:00', '--job-id', '680', '--raw', '--subdir', 'DAGS_FOLDER/etl_dag.py', '--cfg-path', '/tmp/tmpa2bb5nuj', '--error-file', '/tmp/tmpbe4uh2qu']
[2022-08-11 21:38:01,392] {standard_task_runner.py:80} INFO - Job 680: Subtask Transform_current-food-expenditure-series
[2022-08-11 21:38:01,494] {task_command.py:371} INFO - Running <TaskInstance: ETL_DAG_V8.Transform_current-food-expenditure-series manual__2022-08-11T21:34:01.587578+00:00 [running]> on host a02c2b8cab8b
[2022-08-11 21:38:01,648] {taskinstance.py:1591} INFO - Exporting the following env vars:
AIRFLOW_CTX_DAG_OWNER=narapady
AIRFLOW_CTX_DAG_ID=ETL_DAG_V8
AIRFLOW_CTX_TASK_ID=Transform_current-food-expenditure-series
AIRFLOW_CTX_EXECUTION_DATE=2022-08-11T21:34:01.587578+00:00
AIRFLOW_CTX_TRY_NUMBER=1
AIRFLOW_CTX_DAG_RUN_ID=manual__2022-08-11T21:34:01.587578+00:00
[2022-08-11 21:38:18,542] {logging_mixin.py:115} INFO - Successfully process food-expenditure-clean/constant-total-fah.csv to S3
[2022-08-11 21:38:18,956] {logging_mixin.py:115} INFO - Successfully process food-expenditure-clean/constant-total-fafh.csv to S3
[2022-08-11 21:38:19,247] {logging_mixin.py:115} INFO - Successfully process food-expenditure-clean/constant-total-aah.csv to S3
[2022-08-11 21:38:19,547] {logging_mixin.py:115} INFO - Successfully process food-expenditure-clean/constant-total-aafh.csv to S3
[2022-08-11 21:38:35,329] {logging_mixin.py:115} INFO - Successfully process food-expenditure-clean/nominal-total-fah.csv to S3
[2022-08-11 21:38:35,789] {logging_mixin.py:115} INFO - Successfully process food-expenditure-clean/nominal-total-fafh.csv to S3
[2022-08-11 21:38:36,120] {logging_mixin.py:115} INFO - Successfully process food-expenditure-clean/nominal-total-aah.csv to S3
[2022-08-11 21:38:36,449] {logging_mixin.py:115} INFO - Successfully process food-expenditure-clean/nominal-total-aafh.csv to S3
[2022-08-11 21:39:08,715] {logging_mixin.py:115} INFO - Successfully process food-expenditure-clean/nominal-monthly-sale.csv to S3
[2022-08-11 21:39:09,134] {logging_mixin.py:115} INFO - Successfully process food-expenditure-clean/constant-monthly-sale.csv to S3
[2022-08-11 21:39:09,156] {python.py:173} INFO - Done. Returned value was: None
[2022-08-11 21:39:09,174] {taskinstance.py:1420} INFO - Marking task as SUCCESS. dag_id=ETL_DAG_V8, task_id=Transform_current-food-expenditure-series, execution_date=20220811T213401, start_date=20220811T213801, end_date=20220811T213909
[2022-08-11 21:39:09,237] {local_task_job.py:156} INFO - Task exited with return code 0
[2022-08-11 21:39:09,267] {local_task_job.py:273} INFO - 1 downstream tasks scheduled from follow-on schedule check
