[2022-08-11 21:16:08,323] {taskinstance.py:1179} INFO - Dependencies all met for <TaskInstance: ETL_DAG_V8.Ingest_from_food_consumption_estimates manual__2022-08-11T21:16:03.096610+00:00 [queued]>
[2022-08-11 21:16:08,341] {taskinstance.py:1179} INFO - Dependencies all met for <TaskInstance: ETL_DAG_V8.Ingest_from_food_consumption_estimates manual__2022-08-11T21:16:03.096610+00:00 [queued]>
[2022-08-11 21:16:08,343] {taskinstance.py:1376} INFO - 
--------------------------------------------------------------------------------
[2022-08-11 21:16:08,345] {taskinstance.py:1377} INFO - Starting attempt 1 of 6
[2022-08-11 21:16:08,347] {taskinstance.py:1378} INFO - 
--------------------------------------------------------------------------------
[2022-08-11 21:16:08,379] {taskinstance.py:1397} INFO - Executing <Task(PythonOperator): Ingest_from_food_consumption_estimates> on 2022-08-11 21:16:03.096610+00:00
[2022-08-11 21:16:08,393] {standard_task_runner.py:52} INFO - Started process 10115 to run task
[2022-08-11 21:16:08,403] {standard_task_runner.py:79} INFO - Running: ['***', 'tasks', 'run', 'ETL_DAG_V8', 'Ingest_from_food_consumption_estimates', 'manual__2022-08-11T21:16:03.096610+00:00', '--job-id', '633', '--raw', '--subdir', 'DAGS_FOLDER/etl_dag.py', '--cfg-path', '/tmp/tmp0_w298ds', '--error-file', '/tmp/tmpuzpzswr7']
[2022-08-11 21:16:08,411] {standard_task_runner.py:80} INFO - Job 633: Subtask Ingest_from_food_consumption_estimates
[2022-08-11 21:16:08,563] {task_command.py:371} INFO - Running <TaskInstance: ETL_DAG_V8.Ingest_from_food_consumption_estimates manual__2022-08-11T21:16:03.096610+00:00 [running]> on host ce1be8c59d56
[2022-08-11 21:16:08,709] {taskinstance.py:1591} INFO - Exporting the following env vars:
AIRFLOW_CTX_DAG_OWNER=narapady
AIRFLOW_CTX_DAG_ID=ETL_DAG_V8
AIRFLOW_CTX_TASK_ID=Ingest_from_food_consumption_estimates
AIRFLOW_CTX_EXECUTION_DATE=2022-08-11T21:16:03.096610+00:00
AIRFLOW_CTX_TRY_NUMBER=1
AIRFLOW_CTX_DAG_RUN_ID=manual__2022-08-11T21:16:03.096610+00:00
[2022-08-11 21:16:16,497] {logging_mixin.py:115} INFO - Successfully uploaded food-consumption-estimates/food_table1.xlsx to s3-bucket-raw-usda
[2022-08-11 21:16:17,847] {logging_mixin.py:115} INFO - Successfully uploaded food-consumption-estimates/food_table2.xlsx to s3-bucket-raw-usda
[2022-08-11 21:16:19,003] {logging_mixin.py:115} INFO - Successfully uploaded food-consumption-estimates/food_table3.xlsx to s3-bucket-raw-usda
[2022-08-11 21:16:19,006] {python.py:173} INFO - Done. Returned value was: None
[2022-08-11 21:16:19,019] {taskinstance.py:1420} INFO - Marking task as SUCCESS. dag_id=ETL_DAG_V8, task_id=Ingest_from_food_consumption_estimates, execution_date=20220811T211603, start_date=20220811T211608, end_date=20220811T211619
[2022-08-11 21:16:19,066] {local_task_job.py:156} INFO - Task exited with return code 0
[2022-08-11 21:16:19,100] {local_task_job.py:273} INFO - 0 downstream tasks scheduled from follow-on schedule check
