[2022-08-14 16:50:38,350] {taskinstance.py:1179} INFO - Dependencies all met for <TaskInstance: ETL_DAG.Transform_nutrient-intake-estimates scheduled__2022-08-07T00:00:00+00:00 [queued]>
[2022-08-14 16:50:38,362] {taskinstance.py:1179} INFO - Dependencies all met for <TaskInstance: ETL_DAG.Transform_nutrient-intake-estimates scheduled__2022-08-07T00:00:00+00:00 [queued]>
[2022-08-14 16:50:38,363] {taskinstance.py:1376} INFO - 
--------------------------------------------------------------------------------
[2022-08-14 16:50:38,363] {taskinstance.py:1377} INFO - Starting attempt 1 of 6
[2022-08-14 16:50:38,364] {taskinstance.py:1378} INFO - 
--------------------------------------------------------------------------------
[2022-08-14 16:50:38,383] {taskinstance.py:1397} INFO - Executing <Task(PythonOperator): Transform_nutrient-intake-estimates> on 2022-08-07 00:00:00+00:00
[2022-08-14 16:50:38,395] {standard_task_runner.py:52} INFO - Started process 649 to run task
[2022-08-14 16:50:38,408] {standard_task_runner.py:79} INFO - Running: ['***', 'tasks', 'run', 'ETL_DAG', 'Transform_nutrient-intake-estimates', 'scheduled__2022-08-07T00:00:00+00:00', '--job-id', '947', '--raw', '--subdir', 'DAGS_FOLDER/etl_dag.py', '--cfg-path', '/tmp/tmpendj0j1r', '--error-file', '/tmp/tmpv8_zqamq']
[2022-08-14 16:50:38,410] {standard_task_runner.py:80} INFO - Job 947: Subtask Transform_nutrient-intake-estimates
[2022-08-14 16:50:38,515] {task_command.py:371} INFO - Running <TaskInstance: ETL_DAG.Transform_nutrient-intake-estimates scheduled__2022-08-07T00:00:00+00:00 [running]> on host 0dbf9d5e5cdb
[2022-08-14 16:50:38,615] {taskinstance.py:1591} INFO - Exporting the following env vars:
AIRFLOW_CTX_DAG_OWNER=narapady
AIRFLOW_CTX_DAG_ID=ETL_DAG
AIRFLOW_CTX_TASK_ID=Transform_nutrient-intake-estimates
AIRFLOW_CTX_EXECUTION_DATE=2022-08-07T00:00:00+00:00
AIRFLOW_CTX_TRY_NUMBER=1
AIRFLOW_CTX_DAG_RUN_ID=scheduled__2022-08-07T00:00:00+00:00
[2022-08-14 16:50:54,528] {logging_mixin.py:115} INFO - Successfully process nutrient-intake-estimates-clean/Total population-2015-2016.csv to S3
[2022-08-14 16:50:54,837] {logging_mixin.py:115} INFO - Successfully process nutrient-intake-estimates-clean/Total population-2017-2018.csv to S3
[2022-08-14 16:50:55,130] {logging_mixin.py:115} INFO - Successfully process nutrient-intake-estimates-clean/Children age 2–19-2015-2016.csv to S3
[2022-08-14 16:50:55,459] {logging_mixin.py:115} INFO - Successfully process nutrient-intake-estimates-clean/Children age 2–19-2017-2018.csv to S3
[2022-08-14 16:50:55,759] {logging_mixin.py:115} INFO - Successfully process nutrient-intake-estimates-clean/Adults age 20-64-2015-2016.csv to S3
[2022-08-14 16:50:56,070] {logging_mixin.py:115} INFO - Successfully process nutrient-intake-estimates-clean/Adults age 20-64-2017-2018.csv to S3
[2022-08-14 16:50:56,407] {logging_mixin.py:115} INFO - Successfully process nutrient-intake-estimates-clean/Seniors age 65 and above-2015-2016.csv to S3
[2022-08-14 16:50:56,768] {logging_mixin.py:115} INFO - Successfully process nutrient-intake-estimates-clean/Seniors age 65 and above-2017-2018.csv to S3
[2022-08-14 16:50:57,065] {logging_mixin.py:115} INFO - Successfully process nutrient-intake-estimates-clean/Household income < 185% poverty line-2015-2016.csv to S3
[2022-08-14 16:50:57,382] {logging_mixin.py:115} INFO - Successfully process nutrient-intake-estimates-clean/Household income < 185% poverty line-2017-2018.csv to S3
[2022-08-14 16:50:57,673] {logging_mixin.py:115} INFO - Successfully process nutrient-intake-estimates-clean/Household income 185–300% poverty line-2015-2016.csv to S3
[2022-08-14 16:50:57,984] {logging_mixin.py:115} INFO - Successfully process nutrient-intake-estimates-clean/Household income 185–300% poverty line-2017-2018.csv to S3
[2022-08-14 16:50:58,294] {logging_mixin.py:115} INFO - Successfully process nutrient-intake-estimates-clean/Household income > 300% poverty line-2015-2016.csv to S3
[2022-08-14 16:50:58,617] {logging_mixin.py:115} INFO - Successfully process nutrient-intake-estimates-clean/Household income > 300% poverty line-2017-2018.csv to S3
[2022-08-14 16:50:58,619] {python.py:173} INFO - Done. Returned value was: None
[2022-08-14 16:50:58,628] {taskinstance.py:1420} INFO - Marking task as SUCCESS. dag_id=ETL_DAG, task_id=Transform_nutrient-intake-estimates, execution_date=20220807T000000, start_date=20220814T165038, end_date=20220814T165058
[2022-08-14 16:50:58,682] {local_task_job.py:156} INFO - Task exited with return code 0
[2022-08-14 16:50:58,706] {local_task_job.py:273} INFO - 0 downstream tasks scheduled from follow-on schedule check
