[2022-08-12 01:25:36,910] {taskinstance.py:1179} INFO - Dependencies all met for <TaskInstance: ETL_DAG_US_FOOD_NUTRITION.Transform_2016 manual__2022-08-12T01:21:26.402383+00:00 [queued]>
[2022-08-12 01:25:36,930] {taskinstance.py:1179} INFO - Dependencies all met for <TaskInstance: ETL_DAG_US_FOOD_NUTRITION.Transform_2016 manual__2022-08-12T01:21:26.402383+00:00 [queued]>
[2022-08-12 01:25:36,937] {taskinstance.py:1376} INFO - 
--------------------------------------------------------------------------------
[2022-08-12 01:25:36,938] {taskinstance.py:1377} INFO - Starting attempt 1 of 6
[2022-08-12 01:25:36,939] {taskinstance.py:1378} INFO - 
--------------------------------------------------------------------------------
[2022-08-12 01:25:36,957] {taskinstance.py:1397} INFO - Executing <Task(PythonOperator): Transform_2016> on 2022-08-12 01:21:26.402383+00:00
[2022-08-12 01:25:36,969] {standard_task_runner.py:52} INFO - Started process 557 to run task
[2022-08-12 01:25:36,991] {standard_task_runner.py:79} INFO - Running: ['***', 'tasks', 'run', 'ETL_DAG_US_FOOD_NUTRITION', 'Transform_2016', 'manual__2022-08-12T01:21:26.402383+00:00', '--job-id', '764', '--raw', '--subdir', 'DAGS_FOLDER/etl_dag.py', '--cfg-path', '/tmp/tmp8_qcvn89', '--error-file', '/tmp/tmpc_pltwd3']
[2022-08-12 01:25:36,994] {standard_task_runner.py:80} INFO - Job 764: Subtask Transform_2016
[2022-08-12 01:25:37,150] {task_command.py:371} INFO - Running <TaskInstance: ETL_DAG_US_FOOD_NUTRITION.Transform_2016 manual__2022-08-12T01:21:26.402383+00:00 [running]> on host ae5c2449a624
[2022-08-12 01:25:37,249] {taskinstance.py:1591} INFO - Exporting the following env vars:
AIRFLOW_CTX_DAG_OWNER=narapady
AIRFLOW_CTX_DAG_ID=ETL_DAG_US_FOOD_NUTRITION
AIRFLOW_CTX_TASK_ID=Transform_2016
AIRFLOW_CTX_EXECUTION_DATE=2022-08-12T01:21:26.402383+00:00
AIRFLOW_CTX_TRY_NUMBER=1
AIRFLOW_CTX_DAG_RUN_ID=manual__2022-08-12T01:21:26.402383+00:00
[2022-08-12 01:25:54,865] {logging_mixin.py:115} INFO - Successfully process fast-food-clean/age-15-and-older-2016.csv to S3
[2022-08-12 01:25:55,195] {logging_mixin.py:115} INFO - Successfully process fast-food-clean/age-18-and-older-2016.csv to S3
[2022-08-12 01:25:55,196] {python.py:173} INFO - Done. Returned value was: None
[2022-08-12 01:25:55,206] {taskinstance.py:1420} INFO - Marking task as SUCCESS. dag_id=ETL_DAG_US_FOOD_NUTRITION, task_id=Transform_2016, execution_date=20220812T012126, start_date=20220812T012536, end_date=20220812T012555
[2022-08-12 01:25:55,255] {local_task_job.py:156} INFO - Task exited with return code 0
[2022-08-12 01:25:55,282] {local_task_job.py:273} INFO - 0 downstream tasks scheduled from follow-on schedule check
