[2022-08-16 18:57:14,611] {taskinstance.py:1179} INFO - Dependencies all met for <TaskInstance: ETL_DAG.Create_s3_bucket_ingest manual__2022-08-16T18:57:11.917054+00:00 [queued]>
[2022-08-16 18:57:14,619] {taskinstance.py:1179} INFO - Dependencies all met for <TaskInstance: ETL_DAG.Create_s3_bucket_ingest manual__2022-08-16T18:57:11.917054+00:00 [queued]>
[2022-08-16 18:57:14,620] {taskinstance.py:1376} INFO - 
--------------------------------------------------------------------------------
[2022-08-16 18:57:14,621] {taskinstance.py:1377} INFO - Starting attempt 1 of 6
[2022-08-16 18:57:14,622] {taskinstance.py:1378} INFO - 
--------------------------------------------------------------------------------
[2022-08-16 18:57:14,631] {taskinstance.py:1397} INFO - Executing <Task(PythonOperator): Create_s3_bucket_ingest> on 2022-08-16 18:57:11.917054+00:00
[2022-08-16 18:57:14,636] {standard_task_runner.py:52} INFO - Started process 220 to run task
[2022-08-16 18:57:14,639] {standard_task_runner.py:79} INFO - Running: ['***', 'tasks', 'run', 'ETL_DAG', 'Create_s3_bucket_ingest', 'manual__2022-08-16T18:57:11.917054+00:00', '--job-id', '1082', '--raw', '--subdir', 'DAGS_FOLDER/etl_dag.py', '--cfg-path', '/tmp/tmpzl1byhyw', '--error-file', '/tmp/tmpd718j8g3']
[2022-08-16 18:57:14,641] {standard_task_runner.py:80} INFO - Job 1082: Subtask Create_s3_bucket_ingest
[2022-08-16 18:57:14,688] {task_command.py:371} INFO - Running <TaskInstance: ETL_DAG.Create_s3_bucket_ingest manual__2022-08-16T18:57:11.917054+00:00 [running]> on host c7fa0145da3e
[2022-08-16 18:57:14,743] {taskinstance.py:1591} INFO - Exporting the following env vars:
AIRFLOW_CTX_DAG_OWNER=narapady
AIRFLOW_CTX_DAG_ID=ETL_DAG
AIRFLOW_CTX_TASK_ID=Create_s3_bucket_ingest
AIRFLOW_CTX_EXECUTION_DATE=2022-08-16T18:57:11.917054+00:00
AIRFLOW_CTX_TRY_NUMBER=1
AIRFLOW_CTX_DAG_RUN_ID=manual__2022-08-16T18:57:11.917054+00:00
[2022-08-16 18:57:15,967] {python.py:173} INFO - Done. Returned value was: {'ResponseMetadata': {'RequestId': 'VTTZ79DPYXT29K70', 'HostId': 'MGt9cWyUOKaMfGVVAkLDwPK5Ayw8Lt9uSCFbjb6t+z98nJg8SJlcqqC8qXUq3lRdSuZnTJsWNGI=', 'HTTPStatusCode': 200, 'HTTPHeaders': {'x-amz-id-2': 'MGt9cWyUOKaMfGVVAkLDwPK5Ayw8Lt9uSCFbjb6t+z98nJg8SJlcqqC8qXUq3lRdSuZnTJsWNGI=', 'x-amz-request-id': 'VTTZ79DPYXT29K70', 'date': 'Tue, 16 Aug 2022 18:57:17 GMT', 'location': '/s3-bucket-raw-usda', 'server': 'AmazonS3', 'content-length': '0'}, 'RetryAttempts': 0}, 'Location': '/s3-bucket-raw-usda'}
[2022-08-16 18:57:15,993] {taskinstance.py:1420} INFO - Marking task as SUCCESS. dag_id=ETL_DAG, task_id=Create_s3_bucket_ingest, execution_date=20220816T185711, start_date=20220816T185714, end_date=20220816T185715
[2022-08-16 18:57:16,042] {local_task_job.py:156} INFO - Task exited with return code 0
[2022-08-16 18:57:16,074] {local_task_job.py:273} INFO - 8 downstream tasks scheduled from follow-on schedule check
