[2022-08-14 16:45:02,526] {taskinstance.py:1179} INFO - Dependencies all met for <TaskInstance: ETL_DAG.Ingest_from_food_consumption_estimates scheduled__2022-08-07T00:00:00+00:00 [queued]>
[2022-08-14 16:45:02,545] {taskinstance.py:1179} INFO - Dependencies all met for <TaskInstance: ETL_DAG.Ingest_from_food_consumption_estimates scheduled__2022-08-07T00:00:00+00:00 [queued]>
[2022-08-14 16:45:02,546] {taskinstance.py:1376} INFO - 
--------------------------------------------------------------------------------
[2022-08-14 16:45:02,547] {taskinstance.py:1377} INFO - Starting attempt 1 of 6
[2022-08-14 16:45:02,549] {taskinstance.py:1378} INFO - 
--------------------------------------------------------------------------------
[2022-08-14 16:45:02,570] {taskinstance.py:1397} INFO - Executing <Task(PythonOperator): Ingest_from_food_consumption_estimates> on 2022-08-07 00:00:00+00:00
[2022-08-14 16:45:02,576] {standard_task_runner.py:52} INFO - Started process 215 to run task
[2022-08-14 16:45:02,592] {standard_task_runner.py:79} INFO - Running: ['***', 'tasks', 'run', 'ETL_DAG', 'Ingest_from_food_consumption_estimates', 'scheduled__2022-08-07T00:00:00+00:00', '--job-id', '929', '--raw', '--subdir', 'DAGS_FOLDER/etl_dag.py', '--cfg-path', '/tmp/tmpfzw1qw9w', '--error-file', '/tmp/tmpn5r89uab']
[2022-08-14 16:45:02,600] {standard_task_runner.py:80} INFO - Job 929: Subtask Ingest_from_food_consumption_estimates
[2022-08-14 16:45:02,724] {task_command.py:371} INFO - Running <TaskInstance: ETL_DAG.Ingest_from_food_consumption_estimates scheduled__2022-08-07T00:00:00+00:00 [running]> on host 0dbf9d5e5cdb
[2022-08-14 16:45:02,845] {taskinstance.py:1591} INFO - Exporting the following env vars:
AIRFLOW_CTX_DAG_OWNER=narapady
AIRFLOW_CTX_DAG_ID=ETL_DAG
AIRFLOW_CTX_TASK_ID=Ingest_from_food_consumption_estimates
AIRFLOW_CTX_EXECUTION_DATE=2022-08-07T00:00:00+00:00
AIRFLOW_CTX_TRY_NUMBER=1
AIRFLOW_CTX_DAG_RUN_ID=scheduled__2022-08-07T00:00:00+00:00
[2022-08-14 16:45:10,924] {logging_mixin.py:115} INFO - Successfully uploaded food-consumption-estimates/food_table1.xlsx to s3-bucket-raw-usda
[2022-08-14 16:45:12,166] {logging_mixin.py:115} INFO - Successfully uploaded food-consumption-estimates/food_table2.xlsx to s3-bucket-raw-usda
[2022-08-14 16:45:13,213] {logging_mixin.py:115} INFO - Successfully uploaded food-consumption-estimates/food_table3.xlsx to s3-bucket-raw-usda
[2022-08-14 16:45:13,216] {python.py:173} INFO - Done. Returned value was: None
[2022-08-14 16:45:13,325] {taskinstance.py:1420} INFO - Marking task as SUCCESS. dag_id=ETL_DAG, task_id=Ingest_from_food_consumption_estimates, execution_date=20220807T000000, start_date=20220814T164502, end_date=20220814T164513
[2022-08-14 16:45:13,356] {local_task_job.py:156} INFO - Task exited with return code 0
[2022-08-14 16:45:13,387] {local_task_job.py:273} INFO - 0 downstream tasks scheduled from follow-on schedule check
