[2022-08-07 05:39:42,931] {taskinstance.py:1179} INFO - Dependencies all met for <TaskInstance: etl_dag.get_name scheduled__2022-08-04T00:00:00+00:00 [queued]>
[2022-08-07 05:39:42,941] {taskinstance.py:1179} INFO - Dependencies all met for <TaskInstance: etl_dag.get_name scheduled__2022-08-04T00:00:00+00:00 [queued]>
[2022-08-07 05:39:42,942] {taskinstance.py:1376} INFO - 
--------------------------------------------------------------------------------
[2022-08-07 05:39:42,945] {taskinstance.py:1377} INFO - Starting attempt 1 of 6
[2022-08-07 05:39:42,946] {taskinstance.py:1378} INFO - 
--------------------------------------------------------------------------------
[2022-08-07 05:39:42,963] {taskinstance.py:1397} INFO - Executing <Task(PythonOperator): get_name> on 2022-08-04 00:00:00+00:00
[2022-08-07 05:39:42,972] {standard_task_runner.py:52} INFO - Started process 232 to run task
[2022-08-07 05:39:42,980] {standard_task_runner.py:79} INFO - Running: ['***', 'tasks', 'run', 'etl_dag', 'get_name', 'scheduled__2022-08-04T00:00:00+00:00', '--job-id', '46', '--raw', '--subdir', 'DAGS_FOLDER/etl_dag.py', '--cfg-path', '/tmp/tmp3uohfr_t', '--error-file', '/tmp/tmpf7dq96mw']
[2022-08-07 05:39:42,986] {standard_task_runner.py:80} INFO - Job 46: Subtask get_name
[2022-08-07 05:39:43,121] {task_command.py:371} INFO - Running <TaskInstance: etl_dag.get_name scheduled__2022-08-04T00:00:00+00:00 [running]> on host 9c2fa859e2fb
[2022-08-07 05:39:43,234] {taskinstance.py:1591} INFO - Exporting the following env vars:
AIRFLOW_CTX_DAG_OWNER=narapady
AIRFLOW_CTX_DAG_ID=etl_dag
AIRFLOW_CTX_TASK_ID=get_name
AIRFLOW_CTX_EXECUTION_DATE=2022-08-04T00:00:00+00:00
AIRFLOW_CTX_TRY_NUMBER=1
AIRFLOW_CTX_DAG_RUN_ID=scheduled__2022-08-04T00:00:00+00:00
[2022-08-07 05:39:43,240] {logging_mixin.py:115} INFO - Hello World
[2022-08-07 05:39:43,242] {python.py:173} INFO - Done. Returned value was: None
[2022-08-07 05:39:43,272] {taskinstance.py:1420} INFO - Marking task as SUCCESS. dag_id=etl_dag, task_id=get_name, execution_date=20220804T000000, start_date=20220807T053942, end_date=20220807T053943
[2022-08-07 05:39:43,323] {local_task_job.py:156} INFO - Task exited with return code 0
[2022-08-07 05:39:43,363] {local_task_job.py:273} INFO - 0 downstream tasks scheduled from follow-on schedule check
