[2022-08-15 20:45:16,986] {taskinstance.py:1179} INFO - Dependencies all met for <TaskInstance: ETL_DAG.Transform_current-food-expenditure-series manual__2022-08-15T20:40:50.207703+00:00 [queued]>
[2022-08-15 20:45:16,997] {taskinstance.py:1179} INFO - Dependencies all met for <TaskInstance: ETL_DAG.Transform_current-food-expenditure-series manual__2022-08-15T20:40:50.207703+00:00 [queued]>
[2022-08-15 20:45:17,000] {taskinstance.py:1376} INFO - 
--------------------------------------------------------------------------------
[2022-08-15 20:45:17,000] {taskinstance.py:1377} INFO - Starting attempt 1 of 6
[2022-08-15 20:45:17,001] {taskinstance.py:1378} INFO - 
--------------------------------------------------------------------------------
[2022-08-15 20:45:17,013] {taskinstance.py:1397} INFO - Executing <Task(PythonOperator): Transform_current-food-expenditure-series> on 2022-08-15 20:40:50.207703+00:00
[2022-08-15 20:45:17,029] {standard_task_runner.py:52} INFO - Started process 690 to run task
[2022-08-15 20:45:17,048] {standard_task_runner.py:79} INFO - Running: ['***', 'tasks', 'run', 'ETL_DAG', 'Transform_current-food-expenditure-series', 'manual__2022-08-15T20:40:50.207703+00:00', '--job-id', '1023', '--raw', '--subdir', 'DAGS_FOLDER/etl_dag.py', '--cfg-path', '/tmp/tmpo6rdc06c', '--error-file', '/tmp/tmpghtxk9zx']
[2022-08-15 20:45:17,066] {standard_task_runner.py:80} INFO - Job 1023: Subtask Transform_current-food-expenditure-series
[2022-08-15 20:45:17,153] {task_command.py:371} INFO - Running <TaskInstance: ETL_DAG.Transform_current-food-expenditure-series manual__2022-08-15T20:40:50.207703+00:00 [running]> on host 42abdd2e54ec
[2022-08-15 20:45:17,215] {taskinstance.py:1591} INFO - Exporting the following env vars:
AIRFLOW_CTX_DAG_OWNER=narapady
AIRFLOW_CTX_DAG_ID=ETL_DAG
AIRFLOW_CTX_TASK_ID=Transform_current-food-expenditure-series
AIRFLOW_CTX_EXECUTION_DATE=2022-08-15T20:40:50.207703+00:00
AIRFLOW_CTX_TRY_NUMBER=1
AIRFLOW_CTX_DAG_RUN_ID=manual__2022-08-15T20:40:50.207703+00:00
[2022-08-15 20:45:35,087] {logging_mixin.py:115} INFO - Successfully process food-expenditure-clean/constant-total-fah.csv to S3
[2022-08-15 20:45:35,510] {logging_mixin.py:115} INFO - Successfully process food-expenditure-clean/constant-total-fafh.csv to S3
[2022-08-15 20:45:35,876] {logging_mixin.py:115} INFO - Successfully process food-expenditure-clean/constant-total-aah.csv to S3
[2022-08-15 20:45:36,244] {logging_mixin.py:115} INFO - Successfully process food-expenditure-clean/constant-total-aafh.csv to S3
[2022-08-15 20:45:54,488] {logging_mixin.py:115} INFO - Successfully process food-expenditure-clean/nominal-total-fah.csv to S3
[2022-08-15 20:45:54,898] {logging_mixin.py:115} INFO - Successfully process food-expenditure-clean/nominal-total-fafh.csv to S3
[2022-08-15 20:45:55,289] {logging_mixin.py:115} INFO - Successfully process food-expenditure-clean/nominal-total-aah.csv to S3
[2022-08-15 20:45:55,641] {logging_mixin.py:115} INFO - Successfully process food-expenditure-clean/nominal-total-aafh.csv to S3
[2022-08-15 20:46:23,006] {logging_mixin.py:115} INFO - Successfully process food-expenditure-clean/nominal-monthly-sale.csv to S3
[2022-08-15 20:46:23,561] {logging_mixin.py:115} INFO - Successfully process food-expenditure-clean/constant-monthly-sale.csv to S3
[2022-08-15 20:46:23,565] {python.py:173} INFO - Done. Returned value was: None
[2022-08-15 20:46:23,578] {taskinstance.py:1420} INFO - Marking task as SUCCESS. dag_id=ETL_DAG, task_id=Transform_current-food-expenditure-series, execution_date=20220815T204050, start_date=20220815T204516, end_date=20220815T204623
[2022-08-15 20:46:23,613] {local_task_job.py:156} INFO - Task exited with return code 0
[2022-08-15 20:46:23,642] {local_task_job.py:273} INFO - 1 downstream tasks scheduled from follow-on schedule check
