[2022-08-12 04:42:13,430] {taskinstance.py:1179} INFO - Dependencies all met for <TaskInstance: ETL_DAG_US_FOOD_NUTRITION.Ingest_from_food_consumption_estimates manual__2022-08-12T04:42:08.092521+00:00 [queued]>
[2022-08-12 04:42:13,454] {taskinstance.py:1179} INFO - Dependencies all met for <TaskInstance: ETL_DAG_US_FOOD_NUTRITION.Ingest_from_food_consumption_estimates manual__2022-08-12T04:42:08.092521+00:00 [queued]>
[2022-08-12 04:42:13,456] {taskinstance.py:1376} INFO - 
--------------------------------------------------------------------------------
[2022-08-12 04:42:13,458] {taskinstance.py:1377} INFO - Starting attempt 1 of 6
[2022-08-12 04:42:13,461] {taskinstance.py:1378} INFO - 
--------------------------------------------------------------------------------
[2022-08-12 04:42:13,485] {taskinstance.py:1397} INFO - Executing <Task(PythonOperator): Ingest_from_food_consumption_estimates> on 2022-08-12 04:42:08.092521+00:00
[2022-08-12 04:42:13,492] {standard_task_runner.py:52} INFO - Started process 8681 to run task
[2022-08-12 04:42:13,513] {standard_task_runner.py:79} INFO - Running: ['***', 'tasks', 'run', 'ETL_DAG_US_FOOD_NUTRITION', 'Ingest_from_food_consumption_estimates', 'manual__2022-08-12T04:42:08.092521+00:00', '--job-id', '788', '--raw', '--subdir', 'DAGS_FOLDER/etl_dag.py', '--cfg-path', '/tmp/tmp2e8l_swj', '--error-file', '/tmp/tmp942bhfys']
[2022-08-12 04:42:13,526] {standard_task_runner.py:80} INFO - Job 788: Subtask Ingest_from_food_consumption_estimates
[2022-08-12 04:42:13,697] {task_command.py:371} INFO - Running <TaskInstance: ETL_DAG_US_FOOD_NUTRITION.Ingest_from_food_consumption_estimates manual__2022-08-12T04:42:08.092521+00:00 [running]> on host ae5c2449a624
[2022-08-12 04:42:13,855] {taskinstance.py:1591} INFO - Exporting the following env vars:
AIRFLOW_CTX_DAG_OWNER=narapady
AIRFLOW_CTX_DAG_ID=ETL_DAG_US_FOOD_NUTRITION
AIRFLOW_CTX_TASK_ID=Ingest_from_food_consumption_estimates
AIRFLOW_CTX_EXECUTION_DATE=2022-08-12T04:42:08.092521+00:00
AIRFLOW_CTX_TRY_NUMBER=1
AIRFLOW_CTX_DAG_RUN_ID=manual__2022-08-12T04:42:08.092521+00:00
[2022-08-12 04:42:22,074] {logging_mixin.py:115} INFO - Successfully uploaded food-consumption-estimates/food_table1.xlsx to s3-bucket-raw-usda
[2022-08-12 04:42:23,409] {logging_mixin.py:115} INFO - Successfully uploaded food-consumption-estimates/food_table2.xlsx to s3-bucket-raw-usda
[2022-08-12 04:42:24,497] {logging_mixin.py:115} INFO - Successfully uploaded food-consumption-estimates/food_table3.xlsx to s3-bucket-raw-usda
[2022-08-12 04:42:24,502] {python.py:173} INFO - Done. Returned value was: None
[2022-08-12 04:42:24,520] {taskinstance.py:1420} INFO - Marking task as SUCCESS. dag_id=ETL_DAG_US_FOOD_NUTRITION, task_id=Ingest_from_food_consumption_estimates, execution_date=20220812T044208, start_date=20220812T044213, end_date=20220812T044224
[2022-08-12 04:42:24,571] {local_task_job.py:156} INFO - Task exited with return code 0
[2022-08-12 04:42:24,602] {local_task_job.py:273} INFO - 0 downstream tasks scheduled from follow-on schedule check
