[2022-08-11 19:39:17,681] {taskinstance.py:1179} INFO - Dependencies all met for <TaskInstance: ETL_DAG_V3.Ingest_from_2014 manual__2022-08-11T19:39:13.033032+00:00 [queued]>
[2022-08-11 19:39:17,700] {taskinstance.py:1179} INFO - Dependencies all met for <TaskInstance: ETL_DAG_V3.Ingest_from_2014 manual__2022-08-11T19:39:13.033032+00:00 [queued]>
[2022-08-11 19:39:17,702] {taskinstance.py:1376} INFO - 
--------------------------------------------------------------------------------
[2022-08-11 19:39:17,702] {taskinstance.py:1377} INFO - Starting attempt 1 of 6
[2022-08-11 19:39:17,703] {taskinstance.py:1378} INFO - 
--------------------------------------------------------------------------------
[2022-08-11 19:39:17,724] {taskinstance.py:1397} INFO - Executing <Task(PythonOperator): Ingest_from_2014> on 2022-08-11 19:39:13.033032+00:00
[2022-08-11 19:39:17,738] {standard_task_runner.py:52} INFO - Started process 3242 to run task
[2022-08-11 19:39:17,749] {standard_task_runner.py:79} INFO - Running: ['***', 'tasks', 'run', 'ETL_DAG_V3', 'Ingest_from_2014', 'manual__2022-08-11T19:39:13.033032+00:00', '--job-id', '526', '--raw', '--subdir', 'DAGS_FOLDER/etl_dag.py', '--cfg-path', '/tmp/tmpcl71hdh3', '--error-file', '/tmp/tmpit2dj479']
[2022-08-11 19:39:17,761] {standard_task_runner.py:80} INFO - Job 526: Subtask Ingest_from_2014
[2022-08-11 19:39:17,890] {task_command.py:371} INFO - Running <TaskInstance: ETL_DAG_V3.Ingest_from_2014 manual__2022-08-11T19:39:13.033032+00:00 [running]> on host ce1be8c59d56
[2022-08-11 19:39:18,030] {taskinstance.py:1591} INFO - Exporting the following env vars:
AIRFLOW_CTX_DAG_OWNER=narapady
AIRFLOW_CTX_DAG_ID=ETL_DAG_V3
AIRFLOW_CTX_TASK_ID=Ingest_from_2014
AIRFLOW_CTX_EXECUTION_DATE=2022-08-11T19:39:13.033032+00:00
AIRFLOW_CTX_TRY_NUMBER=1
AIRFLOW_CTX_DAG_RUN_ID=manual__2022-08-11T19:39:13.033032+00:00
[2022-08-11 19:39:27,968] {logging_mixin.py:115} INFO - Successfully uploaded 2014/table1_2014.xls to s3-bucket-raw-usda
[2022-08-11 19:39:29,739] {logging_mixin.py:115} INFO - Successfully uploaded 2014/table2_2014.xls to s3-bucket-raw-usda
[2022-08-11 19:39:31,585] {logging_mixin.py:115} INFO - Successfully uploaded 2014/table3_2014.xls to s3-bucket-raw-usda
[2022-08-11 19:39:33,065] {logging_mixin.py:115} INFO - Successfully uploaded 2014/table4_2014.xls to s3-bucket-raw-usda
[2022-08-11 19:39:35,870] {logging_mixin.py:115} INFO - Successfully uploaded 2014/table5_2014.xls to s3-bucket-raw-usda
[2022-08-11 19:39:37,601] {logging_mixin.py:115} INFO - Successfully uploaded 2014/table6_2014.xls to s3-bucket-raw-usda
[2022-08-11 19:39:39,522] {logging_mixin.py:115} INFO - Successfully uploaded 2014/table7_2014.xls to s3-bucket-raw-usda
[2022-08-11 19:39:40,923] {logging_mixin.py:115} INFO - Successfully uploaded 2014/table8_2014.xls to s3-bucket-raw-usda
[2022-08-11 19:39:42,432] {logging_mixin.py:115} INFO - Successfully uploaded 2014/2008_table1.xls to s3-bucket-raw-usda
[2022-08-11 19:39:43,986] {logging_mixin.py:115} INFO - Successfully uploaded 2014/2008_table2.xls to s3-bucket-raw-usda
[2022-08-11 19:39:46,152] {logging_mixin.py:115} INFO - Successfully uploaded 2014/2008_table3.xls to s3-bucket-raw-usda
[2022-08-11 19:39:48,386] {logging_mixin.py:115} INFO - Successfully uploaded 2014/2008_table4.xls to s3-bucket-raw-usda
[2022-08-11 19:39:49,826] {logging_mixin.py:115} INFO - Successfully uploaded 2014/2008_table5.xls to s3-bucket-raw-usda
[2022-08-11 19:39:51,478] {logging_mixin.py:115} INFO - Successfully uploaded 2014/2008_table6.xls to s3-bucket-raw-usda
[2022-08-11 19:39:53,199] {logging_mixin.py:115} INFO - Successfully uploaded 2014/2008_table7.xls to s3-bucket-raw-usda
[2022-08-11 19:39:53,203] {python.py:173} INFO - Done. Returned value was: None
[2022-08-11 19:39:53,217] {taskinstance.py:1420} INFO - Marking task as SUCCESS. dag_id=ETL_DAG_V3, task_id=Ingest_from_2014, execution_date=20220811T193913, start_date=20220811T193917, end_date=20220811T193953
[2022-08-11 19:39:53,281] {local_task_job.py:156} INFO - Task exited with return code 0
[2022-08-11 19:39:53,315] {local_task_job.py:273} INFO - 0 downstream tasks scheduled from follow-on schedule check
