[2022-08-11 20:49:47,589] {taskinstance.py:1179} INFO - Dependencies all met for <TaskInstance: ETL_DAG_V7.Transform_2016 manual__2022-08-11T02:24:39.409501+00:00 [queued]>
[2022-08-11 20:49:47,605] {taskinstance.py:1179} INFO - Dependencies all met for <TaskInstance: ETL_DAG_V7.Transform_2016 manual__2022-08-11T02:24:39.409501+00:00 [queued]>
[2022-08-11 20:49:47,607] {taskinstance.py:1376} INFO - 
--------------------------------------------------------------------------------
[2022-08-11 20:49:47,613] {taskinstance.py:1377} INFO - Starting attempt 1 of 6
[2022-08-11 20:49:47,615] {taskinstance.py:1378} INFO - 
--------------------------------------------------------------------------------
[2022-08-11 20:49:47,629] {taskinstance.py:1397} INFO - Executing <Task(PythonOperator): Transform_2016> on 2022-08-11 02:24:39.409501+00:00
[2022-08-11 20:49:47,640] {standard_task_runner.py:52} INFO - Started process 8198 to run task
[2022-08-11 20:49:47,663] {standard_task_runner.py:79} INFO - Running: ['***', 'tasks', 'run', 'ETL_DAG_V7', 'Transform_2016', 'manual__2022-08-11T02:24:39.409501+00:00', '--job-id', '598', '--raw', '--subdir', 'DAGS_FOLDER/etl_dag.py', '--cfg-path', '/tmp/tmpetlbp1a9', '--error-file', '/tmp/tmpgbub1qi5']
[2022-08-11 20:49:47,666] {standard_task_runner.py:80} INFO - Job 598: Subtask Transform_2016
[2022-08-11 20:49:47,787] {task_command.py:371} INFO - Running <TaskInstance: ETL_DAG_V7.Transform_2016 manual__2022-08-11T02:24:39.409501+00:00 [running]> on host ce1be8c59d56
[2022-08-11 20:49:47,894] {taskinstance.py:1591} INFO - Exporting the following env vars:
AIRFLOW_CTX_DAG_OWNER=narapady
AIRFLOW_CTX_DAG_ID=ETL_DAG_V7
AIRFLOW_CTX_TASK_ID=Transform_2016
AIRFLOW_CTX_EXECUTION_DATE=2022-08-11T02:24:39.409501+00:00
AIRFLOW_CTX_TRY_NUMBER=1
AIRFLOW_CTX_DAG_RUN_ID=manual__2022-08-11T02:24:39.409501+00:00
[2022-08-11 20:50:04,228] {logging_mixin.py:115} INFO - Successfully process fast-food-clean/age-15-and-older-2016.csv to S3
[2022-08-11 20:50:04,582] {logging_mixin.py:115} INFO - Successfully process fast-food-clean/age-18-and-older-2016.csv to S3
[2022-08-11 20:50:04,584] {python.py:173} INFO - Done. Returned value was: None
[2022-08-11 20:50:04,600] {taskinstance.py:1420} INFO - Marking task as SUCCESS. dag_id=ETL_DAG_V7, task_id=Transform_2016, execution_date=20220811T022439, start_date=20220811T204947, end_date=20220811T205004
[2022-08-11 20:50:04,673] {local_task_job.py:156} INFO - Task exited with return code 0
[2022-08-11 20:50:04,720] {local_task_job.py:273} INFO - 0 downstream tasks scheduled from follow-on schedule check
