[2022-08-11 19:43:25,562] {taskinstance.py:1179} INFO - Dependencies all met for <TaskInstance: ETL_DAG_V5.Ingest_from_2015 manual__2022-08-11T19:43:19.932213+00:00 [queued]>
[2022-08-11 19:43:25,576] {taskinstance.py:1179} INFO - Dependencies all met for <TaskInstance: ETL_DAG_V5.Ingest_from_2015 manual__2022-08-11T19:43:19.932213+00:00 [queued]>
[2022-08-11 19:43:25,577] {taskinstance.py:1376} INFO - 
--------------------------------------------------------------------------------
[2022-08-11 19:43:25,578] {taskinstance.py:1377} INFO - Starting attempt 1 of 6
[2022-08-11 19:43:25,579] {taskinstance.py:1378} INFO - 
--------------------------------------------------------------------------------
[2022-08-11 19:43:25,598] {taskinstance.py:1397} INFO - Executing <Task(PythonOperator): Ingest_from_2015> on 2022-08-11 19:43:19.932213+00:00
[2022-08-11 19:43:25,611] {standard_task_runner.py:52} INFO - Started process 3560 to run task
[2022-08-11 19:43:25,617] {standard_task_runner.py:79} INFO - Running: ['***', 'tasks', 'run', 'ETL_DAG_V5', 'Ingest_from_2015', 'manual__2022-08-11T19:43:19.932213+00:00', '--job-id', '535', '--raw', '--subdir', 'DAGS_FOLDER/etl_dag.py', '--cfg-path', '/tmp/tmpeuxb7nxa', '--error-file', '/tmp/tmpim__d2q4']
[2022-08-11 19:43:25,621] {standard_task_runner.py:80} INFO - Job 535: Subtask Ingest_from_2015
[2022-08-11 19:43:25,745] {task_command.py:371} INFO - Running <TaskInstance: ETL_DAG_V5.Ingest_from_2015 manual__2022-08-11T19:43:19.932213+00:00 [running]> on host ce1be8c59d56
[2022-08-11 19:43:25,862] {taskinstance.py:1591} INFO - Exporting the following env vars:
AIRFLOW_CTX_DAG_OWNER=narapady
AIRFLOW_CTX_DAG_ID=ETL_DAG_V5
AIRFLOW_CTX_TASK_ID=Ingest_from_2015
AIRFLOW_CTX_EXECUTION_DATE=2022-08-11T19:43:19.932213+00:00
AIRFLOW_CTX_TRY_NUMBER=1
AIRFLOW_CTX_DAG_RUN_ID=manual__2022-08-11T19:43:19.932213+00:00
[2022-08-11 19:43:33,234] {logging_mixin.py:115} INFO - Successfully uploaded 2015/Table1_2015.xlsx to s3-bucket-raw-usda
[2022-08-11 19:43:34,544] {logging_mixin.py:115} INFO - Successfully uploaded 2015/Table2_2015.xlsx to s3-bucket-raw-usda
[2022-08-11 19:43:35,741] {logging_mixin.py:115} INFO - Successfully uploaded 2015/Table3_2015.xlsx to s3-bucket-raw-usda
[2022-08-11 19:43:36,936] {logging_mixin.py:115} INFO - Successfully uploaded 2015/Table4_2015.xlsx to s3-bucket-raw-usda
[2022-08-11 19:43:38,099] {logging_mixin.py:115} INFO - Successfully uploaded 2015/Table5_2015.xlsx to s3-bucket-raw-usda
[2022-08-11 19:43:39,365] {logging_mixin.py:115} INFO - Successfully uploaded 2015/Table6_2015.xlsx to s3-bucket-raw-usda
[2022-08-11 19:43:40,627] {logging_mixin.py:115} INFO - Successfully uploaded 2015/Table7_2015.xlsx to s3-bucket-raw-usda
[2022-08-11 19:43:41,898] {logging_mixin.py:115} INFO - Successfully uploaded 2015/Table8_2015.xlsx to s3-bucket-raw-usda
[2022-08-11 19:43:41,902] {python.py:173} INFO - Done. Returned value was: None
[2022-08-11 19:43:41,927] {taskinstance.py:1420} INFO - Marking task as SUCCESS. dag_id=ETL_DAG_V5, task_id=Ingest_from_2015, execution_date=20220811T194319, start_date=20220811T194325, end_date=20220811T194341
[2022-08-11 19:43:41,982] {local_task_job.py:156} INFO - Task exited with return code 0
[2022-08-11 19:43:42,013] {local_task_job.py:273} INFO - 0 downstream tasks scheduled from follow-on schedule check
