[2022-08-12 05:23:31,482] {taskinstance.py:1179} INFO - Dependencies all met for <TaskInstance: ETL_DAG_US_FOOD_NUTRITION.Create_s3_bucket_stage manual__2022-08-12T05:11:17.280858+00:00 [queued]>
[2022-08-12 05:23:31,489] {taskinstance.py:1179} INFO - Dependencies all met for <TaskInstance: ETL_DAG_US_FOOD_NUTRITION.Create_s3_bucket_stage manual__2022-08-12T05:11:17.280858+00:00 [queued]>
[2022-08-12 05:23:31,490] {taskinstance.py:1376} INFO - 
--------------------------------------------------------------------------------
[2022-08-12 05:23:31,491] {taskinstance.py:1377} INFO - Starting attempt 1 of 6
[2022-08-12 05:23:31,492] {taskinstance.py:1378} INFO - 
--------------------------------------------------------------------------------
[2022-08-12 05:23:31,499] {taskinstance.py:1397} INFO - Executing <Task(PythonOperator): Create_s3_bucket_stage> on 2022-08-12 05:11:17.280858+00:00
[2022-08-12 05:23:31,504] {standard_task_runner.py:52} INFO - Started process 11448 to run task
[2022-08-12 05:23:31,508] {standard_task_runner.py:79} INFO - Running: ['***', 'tasks', 'run', 'ETL_DAG_US_FOOD_NUTRITION', 'Create_s3_bucket_stage', 'manual__2022-08-12T05:11:17.280858+00:00', '--job-id', '824', '--raw', '--subdir', 'DAGS_FOLDER/etl_dag.py', '--cfg-path', '/tmp/tmphg1p60j_', '--error-file', '/tmp/tmpj3bu73i7']
[2022-08-12 05:23:31,510] {standard_task_runner.py:80} INFO - Job 824: Subtask Create_s3_bucket_stage
[2022-08-12 05:23:31,558] {task_command.py:371} INFO - Running <TaskInstance: ETL_DAG_US_FOOD_NUTRITION.Create_s3_bucket_stage manual__2022-08-12T05:11:17.280858+00:00 [running]> on host ae5c2449a624
[2022-08-12 05:23:31,605] {taskinstance.py:1591} INFO - Exporting the following env vars:
AIRFLOW_CTX_DAG_OWNER=narapady
AIRFLOW_CTX_DAG_ID=ETL_DAG_US_FOOD_NUTRITION
AIRFLOW_CTX_TASK_ID=Create_s3_bucket_stage
AIRFLOW_CTX_EXECUTION_DATE=2022-08-12T05:11:17.280858+00:00
AIRFLOW_CTX_TRY_NUMBER=1
AIRFLOW_CTX_DAG_RUN_ID=manual__2022-08-12T05:11:17.280858+00:00
[2022-08-12 05:23:32,402] {python.py:173} INFO - Done. Returned value was: {'ResponseMetadata': {'RequestId': 'CCSABV8ER39B9M03', 'HostId': 'zTrr0awBL7RW+lV/aZ7Zx3SMK0Vb7Fwl0CdyT7t9rw2C5wfNgE3uZla3m8xwGoEkLUOdXerEjS0=', 'HTTPStatusCode': 200, 'HTTPHeaders': {'x-amz-id-2': 'zTrr0awBL7RW+lV/aZ7Zx3SMK0Vb7Fwl0CdyT7t9rw2C5wfNgE3uZla3m8xwGoEkLUOdXerEjS0=', 'x-amz-request-id': 'CCSABV8ER39B9M03', 'date': 'Fri, 12 Aug 2022 05:23:33 GMT', 'location': '/s3-bucket-staged', 'server': 'AmazonS3', 'content-length': '0'}, 'RetryAttempts': 0}, 'Location': '/s3-bucket-staged'}
[2022-08-12 05:23:32,448] {taskinstance.py:1420} INFO - Marking task as SUCCESS. dag_id=ETL_DAG_US_FOOD_NUTRITION, task_id=Create_s3_bucket_stage, execution_date=20220812T051117, start_date=20220812T052331, end_date=20220812T052332
[2022-08-12 05:23:32,493] {local_task_job.py:156} INFO - Task exited with return code 0
[2022-08-12 05:23:32,523] {local_task_job.py:273} INFO - 7 downstream tasks scheduled from follow-on schedule check
