[2022-08-16 18:59:05,062] {taskinstance.py:1179} INFO - Dependencies all met for <TaskInstance: ETL_DAG.Stage_obesity manual__2022-08-16T18:57:11.917054+00:00 [queued]>
[2022-08-16 18:59:05,077] {taskinstance.py:1179} INFO - Dependencies all met for <TaskInstance: ETL_DAG.Stage_obesity manual__2022-08-16T18:57:11.917054+00:00 [queued]>
[2022-08-16 18:59:05,078] {taskinstance.py:1376} INFO - 
--------------------------------------------------------------------------------
[2022-08-16 18:59:05,079] {taskinstance.py:1377} INFO - Starting attempt 1 of 6
[2022-08-16 18:59:05,080] {taskinstance.py:1378} INFO - 
--------------------------------------------------------------------------------
[2022-08-16 18:59:05,093] {taskinstance.py:1397} INFO - Executing <Task(PythonOperator): Stage_obesity> on 2022-08-16 18:57:11.917054+00:00
[2022-08-16 18:59:05,099] {standard_task_runner.py:52} INFO - Started process 425 to run task
[2022-08-16 18:59:05,105] {standard_task_runner.py:79} INFO - Running: ['***', 'tasks', 'run', 'ETL_DAG', 'Stage_obesity', 'manual__2022-08-16T18:57:11.917054+00:00', '--job-id', '1103', '--raw', '--subdir', 'DAGS_FOLDER/etl_dag.py', '--cfg-path', '/tmp/tmp3ht0kd0b', '--error-file', '/tmp/tmpowdzetgp']
[2022-08-16 18:59:05,107] {standard_task_runner.py:80} INFO - Job 1103: Subtask Stage_obesity
[2022-08-16 18:59:05,169] {task_command.py:371} INFO - Running <TaskInstance: ETL_DAG.Stage_obesity manual__2022-08-16T18:57:11.917054+00:00 [running]> on host c7fa0145da3e
[2022-08-16 18:59:05,248] {taskinstance.py:1591} INFO - Exporting the following env vars:
AIRFLOW_CTX_DAG_OWNER=narapady
AIRFLOW_CTX_DAG_ID=ETL_DAG
AIRFLOW_CTX_TASK_ID=Stage_obesity
AIRFLOW_CTX_EXECUTION_DATE=2022-08-16T18:57:11.917054+00:00
AIRFLOW_CTX_TRY_NUMBER=1
AIRFLOW_CTX_DAG_RUN_ID=manual__2022-08-16T18:57:11.917054+00:00
[2022-08-16 18:59:07,944] {logging_mixin.py:115} INFO - Successfully loaded Obesity_GDP_PanelData-staged.csv to s3-bucket-staged
[2022-08-16 18:59:31,369] {logging_mixin.py:115} INFO - Successfully loaded obesity-staged.csv to s3-bucket-staged
[2022-08-16 18:59:31,387] {python.py:173} INFO - Done. Returned value was: None
[2022-08-16 18:59:31,416] {taskinstance.py:1420} INFO - Marking task as SUCCESS. dag_id=ETL_DAG, task_id=Stage_obesity, execution_date=20220816T185711, start_date=20220816T185905, end_date=20220816T185931
[2022-08-16 18:59:31,473] {local_task_job.py:156} INFO - Task exited with return code 0
[2022-08-16 18:59:31,497] {local_task_job.py:273} INFO - 0 downstream tasks scheduled from follow-on schedule check
