[2022-08-09 05:58:37,737] {taskinstance.py:1179} INFO - Dependencies all met for <TaskInstance: ETL_DAG_V10.Stager manual__2022-08-09T05:44:59.116342+00:00 [queued]>
[2022-08-09 05:58:37,744] {taskinstance.py:1179} INFO - Dependencies all met for <TaskInstance: ETL_DAG_V10.Stager manual__2022-08-09T05:44:59.116342+00:00 [queued]>
[2022-08-09 05:58:37,745] {taskinstance.py:1376} INFO - 
--------------------------------------------------------------------------------
[2022-08-09 05:58:37,746] {taskinstance.py:1377} INFO - Starting attempt 1 of 6
[2022-08-09 05:58:37,747] {taskinstance.py:1378} INFO - 
--------------------------------------------------------------------------------
[2022-08-09 05:58:37,756] {taskinstance.py:1397} INFO - Executing <Task(PythonOperator): Stager> on 2022-08-09 05:44:59.116342+00:00
[2022-08-09 05:58:37,762] {standard_task_runner.py:52} INFO - Started process 25476 to run task
[2022-08-09 05:58:37,765] {standard_task_runner.py:79} INFO - Running: ['***', 'tasks', 'run', 'ETL_DAG_V10', 'Stager', 'manual__2022-08-09T05:44:59.116342+00:00', '--job-id', '127', '--raw', '--subdir', 'DAGS_FOLDER/etl_dag.py', '--cfg-path', '/tmp/tmpbgbb5gx2', '--error-file', '/tmp/tmpii0z8c2i']
[2022-08-09 05:58:37,767] {standard_task_runner.py:80} INFO - Job 127: Subtask Stager
[2022-08-09 05:58:37,827] {task_command.py:371} INFO - Running <TaskInstance: ETL_DAG_V10.Stager manual__2022-08-09T05:44:59.116342+00:00 [running]> on host 8d3924a1d70c
[2022-08-09 05:58:37,880] {taskinstance.py:1591} INFO - Exporting the following env vars:
AIRFLOW_CTX_DAG_OWNER=narapady
AIRFLOW_CTX_DAG_ID=ETL_DAG_V10
AIRFLOW_CTX_TASK_ID=Stager
AIRFLOW_CTX_EXECUTION_DATE=2022-08-09T05:44:59.116342+00:00
AIRFLOW_CTX_TRY_NUMBER=1
AIRFLOW_CTX_DAG_RUN_ID=manual__2022-08-09T05:44:59.116342+00:00
[2022-08-09 05:58:40,893] {logging_mixin.py:115} INFO - Successfully loaded Obesity_GDP_PanelData-staged.csv to s3-bucket-staged
[2022-08-09 05:59:04,277] {logging_mixin.py:115} INFO - Successfully loaded obesity-staged.csv to s3-bucket-staged
[2022-08-09 05:59:09,497] {logging_mixin.py:115} INFO - Successfully loaded fast-food-staged.csv to s3-bucket-staged
[2022-08-09 05:59:20,984] {logging_mixin.py:115} INFO - Successfully loaded food-consumption-estimates-staged.csv to s3-bucket-staged
[2022-08-09 05:59:32,752] {logging_mixin.py:115} INFO - Successfully loaded nutrient-intake-estimates-staged.csv to s3-bucket-staged
[2022-08-09 05:59:42,380] {logging_mixin.py:115} INFO - Successfully loaded monthly-sales-staged.csv to s3-bucket-staged
[2022-08-09 05:59:42,883] {logging_mixin.py:115} INFO - Successfully loaded food-expenditure-staged.csv to s3-bucket-staged
[2022-08-09 05:59:45,863] {logging_mixin.py:115} INFO - Successfully loaded price-index-staged.csv to s3-bucket-staged
[2022-08-09 06:02:08,535] {logging_mixin.py:115} INFO - Successfully loaded percents-staged.csv to s3-bucket-staged
[2022-08-09 06:02:17,922] {logging_mixin.py:115} INFO - Successfully loaded totals-staged.csv to s3-bucket-staged
[2022-08-09 06:03:16,840] {logging_mixin.py:115} INFO - Successfully loaded loss-adjusted-food-availability-staged.csv to s3-bucket-staged
[2022-08-09 06:03:16,860] {python.py:173} INFO - Done. Returned value was: None
[2022-08-09 06:03:16,887] {taskinstance.py:1420} INFO - Marking task as SUCCESS. dag_id=ETL_DAG_V10, task_id=Stager, execution_date=20220809T054459, start_date=20220809T055837, end_date=20220809T060316
[2022-08-09 06:03:16,966] {local_task_job.py:156} INFO - Task exited with return code 0
[2022-08-09 06:03:16,992] {local_task_job.py:273} INFO - 0 downstream tasks scheduled from follow-on schedule check
