[2022-08-12 05:23:33,808] {taskinstance.py:1179} INFO - Dependencies all met for <TaskInstance: ETL_DAG_US_FOOD_NUTRITION.Stage_nutrient-intake-estimates-clean manual__2022-08-12T05:11:17.280858+00:00 [queued]>
[2022-08-12 05:23:33,836] {taskinstance.py:1179} INFO - Dependencies all met for <TaskInstance: ETL_DAG_US_FOOD_NUTRITION.Stage_nutrient-intake-estimates-clean manual__2022-08-12T05:11:17.280858+00:00 [queued]>
[2022-08-12 05:23:33,837] {taskinstance.py:1376} INFO - 
--------------------------------------------------------------------------------
[2022-08-12 05:23:33,839] {taskinstance.py:1377} INFO - Starting attempt 1 of 6
[2022-08-12 05:23:33,840] {taskinstance.py:1378} INFO - 
--------------------------------------------------------------------------------
[2022-08-12 05:23:33,856] {taskinstance.py:1397} INFO - Executing <Task(PythonOperator): Stage_nutrient-intake-estimates-clean> on 2022-08-12 05:11:17.280858+00:00
[2022-08-12 05:23:33,871] {standard_task_runner.py:52} INFO - Started process 11473 to run task
[2022-08-12 05:23:33,884] {standard_task_runner.py:79} INFO - Running: ['***', 'tasks', 'run', 'ETL_DAG_US_FOOD_NUTRITION', 'Stage_nutrient-intake-estimates-clean', 'manual__2022-08-12T05:11:17.280858+00:00', '--job-id', '828', '--raw', '--subdir', 'DAGS_FOLDER/etl_dag.py', '--cfg-path', '/tmp/tmpc91y1nu_', '--error-file', '/tmp/tmphi7xy61i']
[2022-08-12 05:23:33,886] {standard_task_runner.py:80} INFO - Job 828: Subtask Stage_nutrient-intake-estimates-clean
[2022-08-12 05:23:33,977] {task_command.py:371} INFO - Running <TaskInstance: ETL_DAG_US_FOOD_NUTRITION.Stage_nutrient-intake-estimates-clean manual__2022-08-12T05:11:17.280858+00:00 [running]> on host ae5c2449a624
[2022-08-12 05:23:34,086] {taskinstance.py:1591} INFO - Exporting the following env vars:
AIRFLOW_CTX_DAG_OWNER=narapady
AIRFLOW_CTX_DAG_ID=ETL_DAG_US_FOOD_NUTRITION
AIRFLOW_CTX_TASK_ID=Stage_nutrient-intake-estimates-clean
AIRFLOW_CTX_EXECUTION_DATE=2022-08-12T05:11:17.280858+00:00
AIRFLOW_CTX_TRY_NUMBER=1
AIRFLOW_CTX_DAG_RUN_ID=manual__2022-08-12T05:11:17.280858+00:00
[2022-08-12 05:23:45,629] {logging_mixin.py:115} INFO - Successfully loaded nutrient-intake-estimates-staged.csv to s3-bucket-staged
[2022-08-12 05:23:45,631] {python.py:173} INFO - Done. Returned value was: None
[2022-08-12 05:23:45,641] {taskinstance.py:1420} INFO - Marking task as SUCCESS. dag_id=ETL_DAG_US_FOOD_NUTRITION, task_id=Stage_nutrient-intake-estimates-clean, execution_date=20220812T051117, start_date=20220812T052333, end_date=20220812T052345
[2022-08-12 05:23:45,692] {local_task_job.py:156} INFO - Task exited with return code 0
[2022-08-12 05:23:45,717] {local_task_job.py:273} INFO - 0 downstream tasks scheduled from follow-on schedule check
