[2022-08-11 20:49:38,433] {taskinstance.py:1179} INFO - Dependencies all met for <TaskInstance: ETL_DAG_V7.Create_s3_bucket_transform manual__2022-08-11T20:45:41.327998+00:00 [queued]>
[2022-08-11 20:49:38,440] {taskinstance.py:1179} INFO - Dependencies all met for <TaskInstance: ETL_DAG_V7.Create_s3_bucket_transform manual__2022-08-11T20:45:41.327998+00:00 [queued]>
[2022-08-11 20:49:38,442] {taskinstance.py:1376} INFO - 
--------------------------------------------------------------------------------
[2022-08-11 20:49:38,442] {taskinstance.py:1377} INFO - Starting attempt 1 of 6
[2022-08-11 20:49:38,443] {taskinstance.py:1378} INFO - 
--------------------------------------------------------------------------------
[2022-08-11 20:49:38,453] {taskinstance.py:1397} INFO - Executing <Task(PythonOperator): Create_s3_bucket_transform> on 2022-08-11 20:45:41.327998+00:00
[2022-08-11 20:49:38,458] {standard_task_runner.py:52} INFO - Started process 8123 to run task
[2022-08-11 20:49:38,462] {standard_task_runner.py:79} INFO - Running: ['***', 'tasks', 'run', 'ETL_DAG_V7', 'Create_s3_bucket_transform', 'manual__2022-08-11T20:45:41.327998+00:00', '--job-id', '584', '--raw', '--subdir', 'DAGS_FOLDER/etl_dag.py', '--cfg-path', '/tmp/tmpvzbd4ool', '--error-file', '/tmp/tmp13sxjgg6']
[2022-08-11 20:49:38,464] {standard_task_runner.py:80} INFO - Job 584: Subtask Create_s3_bucket_transform
[2022-08-11 20:49:38,517] {task_command.py:371} INFO - Running <TaskInstance: ETL_DAG_V7.Create_s3_bucket_transform manual__2022-08-11T20:45:41.327998+00:00 [running]> on host ce1be8c59d56
[2022-08-11 20:49:38,561] {taskinstance.py:1591} INFO - Exporting the following env vars:
AIRFLOW_CTX_DAG_OWNER=narapady
AIRFLOW_CTX_DAG_ID=ETL_DAG_V7
AIRFLOW_CTX_TASK_ID=Create_s3_bucket_transform
AIRFLOW_CTX_EXECUTION_DATE=2022-08-11T20:45:41.327998+00:00
AIRFLOW_CTX_TRY_NUMBER=1
AIRFLOW_CTX_DAG_RUN_ID=manual__2022-08-11T20:45:41.327998+00:00
[2022-08-11 20:49:39,429] {python.py:173} INFO - Done. Returned value was: {'ResponseMetadata': {'RequestId': 'J9GRD44FM0M1Q5TM', 'HostId': 'JWcmkEza6N4DcogADpjtadS6TUM0A+ntU2o0MXA17W7PbNjCs5Es18wbHljbUoaYo2pRwkpcheo=', 'HTTPStatusCode': 200, 'HTTPHeaders': {'x-amz-id-2': 'JWcmkEza6N4DcogADpjtadS6TUM0A+ntU2o0MXA17W7PbNjCs5Es18wbHljbUoaYo2pRwkpcheo=', 'x-amz-request-id': 'J9GRD44FM0M1Q5TM', 'date': 'Thu, 11 Aug 2022 20:49:40 GMT', 'location': '/s3-bucket-clean-usda', 'server': 'AmazonS3', 'content-length': '0'}, 'RetryAttempts': 0}, 'Location': '/s3-bucket-clean-usda'}
[2022-08-11 20:49:39,478] {taskinstance.py:1420} INFO - Marking task as SUCCESS. dag_id=ETL_DAG_V7, task_id=Create_s3_bucket_transform, execution_date=20220811T204541, start_date=20220811T204938, end_date=20220811T204939
[2022-08-11 20:49:39,525] {local_task_job.py:156} INFO - Task exited with return code 0
[2022-08-11 20:49:39,558] {local_task_job.py:273} INFO - 8 downstream tasks scheduled from follow-on schedule check
