[2022-08-16 18:57:58,331] {taskinstance.py:1179} INFO - Dependencies all met for <TaskInstance: ETL_DAG.Transform_consumer-price-index manual__2022-08-16T18:57:11.917054+00:00 [queued]>
[2022-08-16 18:57:58,355] {taskinstance.py:1179} INFO - Dependencies all met for <TaskInstance: ETL_DAG.Transform_consumer-price-index manual__2022-08-16T18:57:11.917054+00:00 [queued]>
[2022-08-16 18:57:58,356] {taskinstance.py:1376} INFO - 
--------------------------------------------------------------------------------
[2022-08-16 18:57:58,357] {taskinstance.py:1377} INFO - Starting attempt 1 of 6
[2022-08-16 18:57:58,358] {taskinstance.py:1378} INFO - 
--------------------------------------------------------------------------------
[2022-08-16 18:57:58,375] {taskinstance.py:1397} INFO - Executing <Task(PythonOperator): Transform_consumer-price-index> on 2022-08-16 18:57:11.917054+00:00
[2022-08-16 18:57:58,380] {standard_task_runner.py:52} INFO - Started process 326 to run task
[2022-08-16 18:57:58,384] {standard_task_runner.py:79} INFO - Running: ['***', 'tasks', 'run', 'ETL_DAG', 'Transform_consumer-price-index', 'manual__2022-08-16T18:57:11.917054+00:00', '--job-id', '1093', '--raw', '--subdir', 'DAGS_FOLDER/etl_dag.py', '--cfg-path', '/tmp/tmpvc4t80de', '--error-file', '/tmp/tmp9v90_3mp']
[2022-08-16 18:57:58,398] {standard_task_runner.py:80} INFO - Job 1093: Subtask Transform_consumer-price-index
[2022-08-16 18:57:58,502] {task_command.py:371} INFO - Running <TaskInstance: ETL_DAG.Transform_consumer-price-index manual__2022-08-16T18:57:11.917054+00:00 [running]> on host c7fa0145da3e
[2022-08-16 18:57:58,666] {taskinstance.py:1591} INFO - Exporting the following env vars:
AIRFLOW_CTX_DAG_OWNER=narapady
AIRFLOW_CTX_DAG_ID=ETL_DAG
AIRFLOW_CTX_TASK_ID=Transform_consumer-price-index
AIRFLOW_CTX_EXECUTION_DATE=2022-08-16T18:57:11.917054+00:00
AIRFLOW_CTX_TRY_NUMBER=1
AIRFLOW_CTX_DAG_RUN_ID=manual__2022-08-16T18:57:11.917054+00:00
[2022-08-16 18:58:30,396] {logging_mixin.py:115} INFO - Successfully process price-index-clean/consumer-price-index.csv to S3
[2022-08-16 18:58:30,398] {python.py:173} INFO - Done. Returned value was: None
[2022-08-16 18:58:30,422] {taskinstance.py:1420} INFO - Marking task as SUCCESS. dag_id=ETL_DAG, task_id=Transform_consumer-price-index, execution_date=20220816T185711, start_date=20220816T185758, end_date=20220816T185830
[2022-08-16 18:58:30,458] {local_task_job.py:156} INFO - Task exited with return code 0
[2022-08-16 18:58:30,483] {local_task_job.py:273} INFO - 0 downstream tasks scheduled from follow-on schedule check
