[2022-08-15 20:46:24,991] {taskinstance.py:1179} INFO - Dependencies all met for <TaskInstance: ETL_DAG.Create_s3_bucket_stage manual__2022-08-15T20:40:50.207703+00:00 [queued]>
[2022-08-15 20:46:24,999] {taskinstance.py:1179} INFO - Dependencies all met for <TaskInstance: ETL_DAG.Create_s3_bucket_stage manual__2022-08-15T20:40:50.207703+00:00 [queued]>
[2022-08-15 20:46:25,001] {taskinstance.py:1376} INFO - 
--------------------------------------------------------------------------------
[2022-08-15 20:46:25,002] {taskinstance.py:1377} INFO - Starting attempt 1 of 6
[2022-08-15 20:46:25,003] {taskinstance.py:1378} INFO - 
--------------------------------------------------------------------------------
[2022-08-15 20:46:25,011] {taskinstance.py:1397} INFO - Executing <Task(PythonOperator): Create_s3_bucket_stage> on 2022-08-15 20:40:50.207703+00:00
[2022-08-15 20:46:25,017] {standard_task_runner.py:52} INFO - Started process 763 to run task
[2022-08-15 20:46:25,020] {standard_task_runner.py:79} INFO - Running: ['***', 'tasks', 'run', 'ETL_DAG', 'Create_s3_bucket_stage', 'manual__2022-08-15T20:40:50.207703+00:00', '--job-id', '1024', '--raw', '--subdir', 'DAGS_FOLDER/etl_dag.py', '--cfg-path', '/tmp/tmp3c2rodls', '--error-file', '/tmp/tmp4tc4gft2']
[2022-08-15 20:46:25,022] {standard_task_runner.py:80} INFO - Job 1024: Subtask Create_s3_bucket_stage
[2022-08-15 20:46:25,073] {task_command.py:371} INFO - Running <TaskInstance: ETL_DAG.Create_s3_bucket_stage manual__2022-08-15T20:40:50.207703+00:00 [running]> on host 42abdd2e54ec
[2022-08-15 20:46:25,122] {taskinstance.py:1591} INFO - Exporting the following env vars:
AIRFLOW_CTX_DAG_OWNER=narapady
AIRFLOW_CTX_DAG_ID=ETL_DAG
AIRFLOW_CTX_TASK_ID=Create_s3_bucket_stage
AIRFLOW_CTX_EXECUTION_DATE=2022-08-15T20:40:50.207703+00:00
AIRFLOW_CTX_TRY_NUMBER=1
AIRFLOW_CTX_DAG_RUN_ID=manual__2022-08-15T20:40:50.207703+00:00
[2022-08-15 20:46:25,984] {python.py:173} INFO - Done. Returned value was: {'ResponseMetadata': {'RequestId': '7A3YP4TYA1KBDY10', 'HostId': 'd4e2yEbe4VgifncRE21CoQUAAlQMvjshi0LcdfbH7nmpgIolpQOULYXLkRigCKbugcujUqwHp+s=', 'HTTPStatusCode': 200, 'HTTPHeaders': {'x-amz-id-2': 'd4e2yEbe4VgifncRE21CoQUAAlQMvjshi0LcdfbH7nmpgIolpQOULYXLkRigCKbugcujUqwHp+s=', 'x-amz-request-id': '7A3YP4TYA1KBDY10', 'date': 'Mon, 15 Aug 2022 20:46:26 GMT', 'location': '/s3-bucket-staged', 'server': 'AmazonS3', 'content-length': '0'}, 'RetryAttempts': 0}, 'Location': '/s3-bucket-staged'}
[2022-08-15 20:46:26,010] {taskinstance.py:1420} INFO - Marking task as SUCCESS. dag_id=ETL_DAG, task_id=Create_s3_bucket_stage, execution_date=20220815T204050, start_date=20220815T204624, end_date=20220815T204626
[2022-08-15 20:46:26,046] {local_task_job.py:156} INFO - Task exited with return code 0
[2022-08-15 20:46:26,098] {local_task_job.py:273} INFO - 0 downstream tasks scheduled from follow-on schedule check
