[2022-08-14 16:51:41,707] {taskinstance.py:1179} INFO - Dependencies all met for <TaskInstance: ETL_DAG.Stage_food-consumption-estimates-clean scheduled__2022-08-07T00:00:00+00:00 [queued]>
[2022-08-14 16:51:41,716] {taskinstance.py:1179} INFO - Dependencies all met for <TaskInstance: ETL_DAG.Stage_food-consumption-estimates-clean scheduled__2022-08-07T00:00:00+00:00 [queued]>
[2022-08-14 16:51:41,717] {taskinstance.py:1376} INFO - 
--------------------------------------------------------------------------------
[2022-08-14 16:51:41,718] {taskinstance.py:1377} INFO - Starting attempt 1 of 6
[2022-08-14 16:51:41,719] {taskinstance.py:1378} INFO - 
--------------------------------------------------------------------------------
[2022-08-14 16:51:41,729] {taskinstance.py:1397} INFO - Executing <Task(PythonOperator): Stage_food-consumption-estimates-clean> on 2022-08-07 00:00:00+00:00
[2022-08-14 16:51:41,734] {standard_task_runner.py:52} INFO - Started process 755 to run task
[2022-08-14 16:51:41,738] {standard_task_runner.py:79} INFO - Running: ['***', 'tasks', 'run', 'ETL_DAG', 'Stage_food-consumption-estimates-clean', 'scheduled__2022-08-07T00:00:00+00:00', '--job-id', '962', '--raw', '--subdir', 'DAGS_FOLDER/etl_dag.py', '--cfg-path', '/tmp/tmp21745gof', '--error-file', '/tmp/tmpnwwyumq7']
[2022-08-14 16:51:41,740] {standard_task_runner.py:80} INFO - Job 962: Subtask Stage_food-consumption-estimates-clean
[2022-08-14 16:51:41,786] {task_command.py:371} INFO - Running <TaskInstance: ETL_DAG.Stage_food-consumption-estimates-clean scheduled__2022-08-07T00:00:00+00:00 [running]> on host 0dbf9d5e5cdb
[2022-08-14 16:51:41,835] {taskinstance.py:1591} INFO - Exporting the following env vars:
AIRFLOW_CTX_DAG_OWNER=narapady
AIRFLOW_CTX_DAG_ID=ETL_DAG
AIRFLOW_CTX_TASK_ID=Stage_food-consumption-estimates-clean
AIRFLOW_CTX_EXECUTION_DATE=2022-08-07T00:00:00+00:00
AIRFLOW_CTX_TRY_NUMBER=1
AIRFLOW_CTX_DAG_RUN_ID=scheduled__2022-08-07T00:00:00+00:00
[2022-08-14 16:51:52,947] {logging_mixin.py:115} INFO - Successfully loaded food-consumption-estimates-staged.csv to s3-bucket-staged
[2022-08-14 16:51:52,962] {python.py:173} INFO - Done. Returned value was: None
[2022-08-14 16:51:52,990] {taskinstance.py:1420} INFO - Marking task as SUCCESS. dag_id=ETL_DAG, task_id=Stage_food-consumption-estimates-clean, execution_date=20220807T000000, start_date=20220814T165141, end_date=20220814T165152
[2022-08-14 16:51:53,026] {local_task_job.py:156} INFO - Task exited with return code 0
[2022-08-14 16:51:53,050] {local_task_job.py:273} INFO - 0 downstream tasks scheduled from follow-on schedule check
