[2022-08-11 01:53:20,063] {taskinstance.py:1179} INFO - Dependencies all met for <TaskInstance: ETL_DAG_V6.load_into_obesity_gdp manual__2022-08-11T01:53:16.706758+00:00 [queued]>
[2022-08-11 01:53:20,090] {taskinstance.py:1179} INFO - Dependencies all met for <TaskInstance: ETL_DAG_V6.load_into_obesity_gdp manual__2022-08-11T01:53:16.706758+00:00 [queued]>
[2022-08-11 01:53:20,091] {taskinstance.py:1376} INFO - 
--------------------------------------------------------------------------------
[2022-08-11 01:53:20,092] {taskinstance.py:1377} INFO - Starting attempt 1 of 6
[2022-08-11 01:53:20,093] {taskinstance.py:1378} INFO - 
--------------------------------------------------------------------------------
[2022-08-11 01:53:20,130] {taskinstance.py:1397} INFO - Executing <Task(S3ToSnowflakeOperator): load_into_obesity_gdp> on 2022-08-11 01:53:16.706758+00:00
[2022-08-11 01:53:20,145] {standard_task_runner.py:52} INFO - Started process 6402 to run task
[2022-08-11 01:53:20,166] {standard_task_runner.py:79} INFO - Running: ['***', 'tasks', 'run', 'ETL_DAG_V6', 'load_into_obesity_gdp', 'manual__2022-08-11T01:53:16.706758+00:00', '--job-id', '150', '--raw', '--subdir', 'DAGS_FOLDER/etl_dag.py', '--cfg-path', '/tmp/tmp3awkbz31', '--error-file', '/tmp/tmp8qw3yezw']
[2022-08-11 01:53:20,178] {standard_task_runner.py:80} INFO - Job 150: Subtask load_into_obesity_gdp
[2022-08-11 01:53:20,334] {task_command.py:371} INFO - Running <TaskInstance: ETL_DAG_V6.load_into_obesity_gdp manual__2022-08-11T01:53:16.706758+00:00 [running]> on host c9fcec21ee59
[2022-08-11 01:53:20,511] {taskinstance.py:1591} INFO - Exporting the following env vars:
AIRFLOW_CTX_DAG_OWNER=narapady
AIRFLOW_CTX_DAG_ID=ETL_DAG_V6
AIRFLOW_CTX_TASK_ID=load_into_obesity_gdp
AIRFLOW_CTX_EXECUTION_DATE=2022-08-11T01:53:16.706758+00:00
AIRFLOW_CTX_TRY_NUMBER=1
AIRFLOW_CTX_DAG_RUN_ID=manual__2022-08-11T01:53:16.706758+00:00
[2022-08-11 01:53:20,513] {s3_to_snowflake.py:135} INFO - Executing COPY command...
[2022-08-11 01:53:20,534] {base.py:68} INFO - Using connection ID 'snowflake_conn' for task execution.
[2022-08-11 01:53:20,549] {connection.py:275} INFO - Snowflake Connector for Python Version: 2.7.11, Python Version: 3.7.13, Platform: Linux-5.10.104-linuxkit-aarch64-with-debian-11.3
[2022-08-11 01:53:20,552] {connection.py:927} INFO - This connection is in OCSP Fail Open Mode. TLS Certificates would be checked for validity and revocation status. Any other Certificate Revocation related exceptions or OCSP Responder failures would be disregarded in favor of connectivity.
[2022-08-11 01:53:20,553] {connection.py:944} INFO - Setting use_openssl_only mode to False
[2022-08-11 01:53:21,628] {cursor.py:715} INFO - query: [ALTER SESSION SET autocommit=True]
[2022-08-11 01:53:21,881] {cursor.py:739} INFO - query execution done
[2022-08-11 01:53:21,882] {snowflake.py:328} INFO - Running statement: COPY INTO public.obesity_gdp
FROM @s3_stage/
files=('Obesity_GDP_PanelData-staged.csv')
file_format=csv_format, parameters: None
[2022-08-11 01:53:21,883] {cursor.py:715} INFO - query: [COPY INTO public.obesity_gdp FROM @s3_stage/ files=('Obesity_GDP_PanelData-stage...]
[2022-08-11 01:53:24,275] {cursor.py:739} INFO - query execution done
[2022-08-11 01:53:24,277] {snowflake.py:338} INFO - Statement execution info - {'file': 's3://s3-bucket-staged/Obesity_GDP_PanelData-staged.csv', 'status': 'LOADED', 'rows_parsed': 200, 'rows_loaded': 200, 'error_limit': 1, 'errors_seen': 0, 'first_error': None, 'first_error_line': None, 'first_error_character': None, 'first_error_column_name': None}
[2022-08-11 01:53:24,279] {snowflake.py:342} INFO - Rows affected: 1
[2022-08-11 01:53:24,283] {snowflake.py:343} INFO - Snowflake query id: 01a634d1-0004-286b-001e-0007000311ce
[2022-08-11 01:53:24,284] {connection.py:557} INFO - closed
[2022-08-11 01:53:24,429] {connection.py:560} INFO - No async queries seem to be running, deleting session
[2022-08-11 01:53:24,606] {s3_to_snowflake.py:137} INFO - COPY command completed
[2022-08-11 01:53:24,626] {taskinstance.py:1420} INFO - Marking task as SUCCESS. dag_id=ETL_DAG_V6, task_id=load_into_obesity_gdp, execution_date=20220811T015316, start_date=20220811T015320, end_date=20220811T015324
[2022-08-11 01:53:24,652] {local_task_job.py:156} INFO - Task exited with return code 0
[2022-08-11 01:53:24,692] {local_task_job.py:273} INFO - 0 downstream tasks scheduled from follow-on schedule check
