[2022-08-11 21:19:59,268] {taskinstance.py:1179} INFO - Dependencies all met for <TaskInstance: ETL_DAG_V8.Transform_current-food-expenditure-series manual__2022-08-11T21:16:03.096610+00:00 [queued]>
[2022-08-11 21:19:59,286] {taskinstance.py:1179} INFO - Dependencies all met for <TaskInstance: ETL_DAG_V8.Transform_current-food-expenditure-series manual__2022-08-11T21:16:03.096610+00:00 [queued]>
[2022-08-11 21:19:59,287] {taskinstance.py:1376} INFO - 
--------------------------------------------------------------------------------
[2022-08-11 21:19:59,289] {taskinstance.py:1377} INFO - Starting attempt 1 of 6
[2022-08-11 21:19:59,290] {taskinstance.py:1378} INFO - 
--------------------------------------------------------------------------------
[2022-08-11 21:19:59,307] {taskinstance.py:1397} INFO - Executing <Task(PythonOperator): Transform_current-food-expenditure-series> on 2022-08-11 21:16:03.096610+00:00
[2022-08-11 21:19:59,347] {standard_task_runner.py:52} INFO - Started process 10386 to run task
[2022-08-11 21:19:59,352] {standard_task_runner.py:79} INFO - Running: ['***', 'tasks', 'run', 'ETL_DAG_V8', 'Transform_current-food-expenditure-series', 'manual__2022-08-11T21:16:03.096610+00:00', '--job-id', '639', '--raw', '--subdir', 'DAGS_FOLDER/etl_dag.py', '--cfg-path', '/tmp/tmpebiz877b', '--error-file', '/tmp/tmpvczqwtyr']
[2022-08-11 21:19:59,365] {standard_task_runner.py:80} INFO - Job 639: Subtask Transform_current-food-expenditure-series
[2022-08-11 21:19:59,511] {task_command.py:371} INFO - Running <TaskInstance: ETL_DAG_V8.Transform_current-food-expenditure-series manual__2022-08-11T21:16:03.096610+00:00 [running]> on host ce1be8c59d56
[2022-08-11 21:19:59,652] {taskinstance.py:1591} INFO - Exporting the following env vars:
AIRFLOW_CTX_DAG_OWNER=narapady
AIRFLOW_CTX_DAG_ID=ETL_DAG_V8
AIRFLOW_CTX_TASK_ID=Transform_current-food-expenditure-series
AIRFLOW_CTX_EXECUTION_DATE=2022-08-11T21:16:03.096610+00:00
AIRFLOW_CTX_TRY_NUMBER=1
AIRFLOW_CTX_DAG_RUN_ID=manual__2022-08-11T21:16:03.096610+00:00
[2022-08-11 21:20:15,315] {logging_mixin.py:115} INFO - Successfully process food-expenditure-clean/constant-total-fah.csv to S3
[2022-08-11 21:20:15,725] {logging_mixin.py:115} INFO - Successfully process food-expenditure-clean/constant-total-fafh.csv to S3
[2022-08-11 21:20:16,032] {logging_mixin.py:115} INFO - Successfully process food-expenditure-clean/constant-total-aah.csv to S3
[2022-08-11 21:20:16,313] {logging_mixin.py:115} INFO - Successfully process food-expenditure-clean/constant-total-aafh.csv to S3
[2022-08-11 21:20:32,438] {logging_mixin.py:115} INFO - Successfully process food-expenditure-clean/nominal-total-fah.csv to S3
[2022-08-11 21:20:32,873] {logging_mixin.py:115} INFO - Successfully process food-expenditure-clean/nominal-total-fafh.csv to S3
[2022-08-11 21:20:33,199] {logging_mixin.py:115} INFO - Successfully process food-expenditure-clean/nominal-total-aah.csv to S3
[2022-08-11 21:20:33,534] {logging_mixin.py:115} INFO - Successfully process food-expenditure-clean/nominal-total-aafh.csv to S3
[2022-08-11 21:20:57,176] {logging_mixin.py:115} INFO - Successfully process food-expenditure-clean/nominal-monthly-sale.csv to S3
[2022-08-11 21:20:57,677] {logging_mixin.py:115} INFO - Successfully process food-expenditure-clean/constant-monthly-sale.csv to S3
[2022-08-11 21:20:57,695] {python.py:173} INFO - Done. Returned value was: None
[2022-08-11 21:20:57,733] {taskinstance.py:1420} INFO - Marking task as SUCCESS. dag_id=ETL_DAG_V8, task_id=Transform_current-food-expenditure-series, execution_date=20220811T211603, start_date=20220811T211959, end_date=20220811T212057
[2022-08-11 21:20:57,807] {local_task_job.py:156} INFO - Task exited with return code 0
[2022-08-11 21:20:57,846] {local_task_job.py:273} INFO - 1 downstream tasks scheduled from follow-on schedule check
