[2022-08-11 20:49:47,267] {taskinstance.py:1179} INFO - Dependencies all met for <TaskInstance: ETL_DAG_V7.Transform_nutrient-intake-estimates manual__2022-08-11T02:24:39.409501+00:00 [queued]>
[2022-08-11 20:49:47,308] {taskinstance.py:1179} INFO - Dependencies all met for <TaskInstance: ETL_DAG_V7.Transform_nutrient-intake-estimates manual__2022-08-11T02:24:39.409501+00:00 [queued]>
[2022-08-11 20:49:47,309] {taskinstance.py:1376} INFO - 
--------------------------------------------------------------------------------
[2022-08-11 20:49:47,311] {taskinstance.py:1377} INFO - Starting attempt 1 of 6
[2022-08-11 20:49:47,313] {taskinstance.py:1378} INFO - 
--------------------------------------------------------------------------------
[2022-08-11 20:49:47,358] {taskinstance.py:1397} INFO - Executing <Task(PythonOperator): Transform_nutrient-intake-estimates> on 2022-08-11 02:24:39.409501+00:00
[2022-08-11 20:49:47,376] {standard_task_runner.py:52} INFO - Started process 8194 to run task
[2022-08-11 20:49:47,390] {standard_task_runner.py:79} INFO - Running: ['***', 'tasks', 'run', 'ETL_DAG_V7', 'Transform_nutrient-intake-estimates', 'manual__2022-08-11T02:24:39.409501+00:00', '--job-id', '596', '--raw', '--subdir', 'DAGS_FOLDER/etl_dag.py', '--cfg-path', '/tmp/tmpwpwpnzx1', '--error-file', '/tmp/tmpz8bhci0v']
[2022-08-11 20:49:47,398] {standard_task_runner.py:80} INFO - Job 596: Subtask Transform_nutrient-intake-estimates
[2022-08-11 20:49:47,506] {task_command.py:371} INFO - Running <TaskInstance: ETL_DAG_V7.Transform_nutrient-intake-estimates manual__2022-08-11T02:24:39.409501+00:00 [running]> on host ce1be8c59d56
[2022-08-11 20:49:47,598] {taskinstance.py:1591} INFO - Exporting the following env vars:
AIRFLOW_CTX_DAG_OWNER=narapady
AIRFLOW_CTX_DAG_ID=ETL_DAG_V7
AIRFLOW_CTX_TASK_ID=Transform_nutrient-intake-estimates
AIRFLOW_CTX_EXECUTION_DATE=2022-08-11T02:24:39.409501+00:00
AIRFLOW_CTX_TRY_NUMBER=1
AIRFLOW_CTX_DAG_RUN_ID=manual__2022-08-11T02:24:39.409501+00:00
[2022-08-11 20:50:04,282] {logging_mixin.py:115} INFO - Successfully process nutrient-intake-estimates-clean/Total population-2015-2016.csv to S3
[2022-08-11 20:50:04,578] {logging_mixin.py:115} INFO - Successfully process nutrient-intake-estimates-clean/Total population-2017-2018.csv to S3
[2022-08-11 20:50:04,883] {logging_mixin.py:115} INFO - Successfully process nutrient-intake-estimates-clean/Children age 2–19-2015-2016.csv to S3
[2022-08-11 20:50:05,199] {logging_mixin.py:115} INFO - Successfully process nutrient-intake-estimates-clean/Children age 2–19-2017-2018.csv to S3
[2022-08-11 20:50:05,530] {logging_mixin.py:115} INFO - Successfully process nutrient-intake-estimates-clean/Adults age 20-64-2015-2016.csv to S3
[2022-08-11 20:50:05,857] {logging_mixin.py:115} INFO - Successfully process nutrient-intake-estimates-clean/Adults age 20-64-2017-2018.csv to S3
[2022-08-11 20:50:06,174] {logging_mixin.py:115} INFO - Successfully process nutrient-intake-estimates-clean/Seniors age 65 and above-2015-2016.csv to S3
[2022-08-11 20:50:06,462] {logging_mixin.py:115} INFO - Successfully process nutrient-intake-estimates-clean/Seniors age 65 and above-2017-2018.csv to S3
[2022-08-11 20:50:06,774] {logging_mixin.py:115} INFO - Successfully process nutrient-intake-estimates-clean/Household income < 185% poverty line-2015-2016.csv to S3
[2022-08-11 20:50:07,080] {logging_mixin.py:115} INFO - Successfully process nutrient-intake-estimates-clean/Household income < 185% poverty line-2017-2018.csv to S3
[2022-08-11 20:50:07,379] {logging_mixin.py:115} INFO - Successfully process nutrient-intake-estimates-clean/Household income 185–300% poverty line-2015-2016.csv to S3
[2022-08-11 20:50:07,681] {logging_mixin.py:115} INFO - Successfully process nutrient-intake-estimates-clean/Household income 185–300% poverty line-2017-2018.csv to S3
[2022-08-11 20:50:07,984] {logging_mixin.py:115} INFO - Successfully process nutrient-intake-estimates-clean/Household income > 300% poverty line-2015-2016.csv to S3
[2022-08-11 20:50:08,295] {logging_mixin.py:115} INFO - Successfully process nutrient-intake-estimates-clean/Household income > 300% poverty line-2017-2018.csv to S3
[2022-08-11 20:50:08,298] {python.py:173} INFO - Done. Returned value was: None
[2022-08-11 20:50:08,326] {taskinstance.py:1420} INFO - Marking task as SUCCESS. dag_id=ETL_DAG_V7, task_id=Transform_nutrient-intake-estimates, execution_date=20220811T022439, start_date=20220811T204947, end_date=20220811T205008
[2022-08-11 20:50:08,405] {local_task_job.py:156} INFO - Task exited with return code 0
[2022-08-11 20:50:08,437] {local_task_job.py:273} INFO - 0 downstream tasks scheduled from follow-on schedule check
