[2022-08-11 19:54:40,938] {taskinstance.py:1179} INFO - Dependencies all met for <TaskInstance: ETL_DAG_V6.Stage_data manual__2022-08-11T19:47:15.827552+00:00 [queued]>
[2022-08-11 19:54:40,946] {taskinstance.py:1179} INFO - Dependencies all met for <TaskInstance: ETL_DAG_V6.Stage_data manual__2022-08-11T19:47:15.827552+00:00 [queued]>
[2022-08-11 19:54:40,947] {taskinstance.py:1376} INFO - 
--------------------------------------------------------------------------------
[2022-08-11 19:54:40,948] {taskinstance.py:1377} INFO - Starting attempt 1 of 6
[2022-08-11 19:54:40,950] {taskinstance.py:1378} INFO - 
--------------------------------------------------------------------------------
[2022-08-11 19:54:40,957] {taskinstance.py:1397} INFO - Executing <Task(PythonOperator): Stage_data> on 2022-08-11 19:47:15.827552+00:00
[2022-08-11 19:54:40,963] {standard_task_runner.py:52} INFO - Started process 4332 to run task
[2022-08-11 19:54:40,966] {standard_task_runner.py:79} INFO - Running: ['***', 'tasks', 'run', 'ETL_DAG_V6', 'Stage_data', 'manual__2022-08-11T19:47:15.827552+00:00', '--job-id', '550', '--raw', '--subdir', 'DAGS_FOLDER/etl_dag.py', '--cfg-path', '/tmp/tmpnd47i66w', '--error-file', '/tmp/tmp69wi8l88']
[2022-08-11 19:54:40,968] {standard_task_runner.py:80} INFO - Job 550: Subtask Stage_data
[2022-08-11 19:54:41,013] {task_command.py:371} INFO - Running <TaskInstance: ETL_DAG_V6.Stage_data manual__2022-08-11T19:47:15.827552+00:00 [running]> on host ce1be8c59d56
[2022-08-11 19:54:41,059] {taskinstance.py:1591} INFO - Exporting the following env vars:
AIRFLOW_CTX_DAG_OWNER=narapady
AIRFLOW_CTX_DAG_ID=ETL_DAG_V6
AIRFLOW_CTX_TASK_ID=Stage_data
AIRFLOW_CTX_EXECUTION_DATE=2022-08-11T19:47:15.827552+00:00
AIRFLOW_CTX_TRY_NUMBER=1
AIRFLOW_CTX_DAG_RUN_ID=manual__2022-08-11T19:47:15.827552+00:00
[2022-08-11 19:54:44,258] {logging_mixin.py:115} INFO - Successfully loaded Obesity_GDP_PanelData-staged.csv to s3-bucket-staged
[2022-08-11 19:55:06,086] {logging_mixin.py:115} INFO - Successfully loaded obesity-staged.csv to s3-bucket-staged
[2022-08-11 19:55:11,284] {logging_mixin.py:115} INFO - Successfully loaded fast-food-staged.csv to s3-bucket-staged
[2022-08-11 19:55:22,466] {logging_mixin.py:115} INFO - Successfully loaded food-consumption-estimates-staged.csv to s3-bucket-staged
[2022-08-11 19:55:33,436] {logging_mixin.py:115} INFO - Successfully loaded nutrient-intake-estimates-staged.csv to s3-bucket-staged
[2022-08-11 19:55:42,631] {logging_mixin.py:115} INFO - Successfully loaded monthly-sales-staged.csv to s3-bucket-staged
[2022-08-11 19:55:43,085] {logging_mixin.py:115} INFO - Successfully loaded food-expenditure-staged.csv to s3-bucket-staged
[2022-08-11 19:55:45,849] {logging_mixin.py:115} INFO - Successfully loaded price-index-staged.csv to s3-bucket-staged
[2022-08-11 19:58:06,087] {logging_mixin.py:115} INFO - Successfully loaded percents-staged.csv to s3-bucket-staged
[2022-08-11 19:58:15,289] {logging_mixin.py:115} INFO - Successfully loaded totals-staged.csv to s3-bucket-staged
[2022-08-11 19:58:44,068] {connection.py:545} WARNING - Certificate did not match expected hostname: s3-bucket-clean-usda.s3.amazonaws.com. Certificate: {'subject': ((('countryName', 'IL'),), (('localityName', 'RAMAT GAN'),), (('organizationName', 'TABOOLA.COM LTD'),), (('commonName', '*.taboola.com'),)), 'issuer': ((('countryName', 'US'),), (('organizationName', 'DigiCert Inc'),), (('commonName', 'DigiCert TLS Hybrid ECC SHA384 2020 CA1'),)), 'version': 3, 'serialNumber': '0D142FDBC52E988FC521E2359802281C', 'notBefore': 'Nov 28 00:00:00 2021 GMT', 'notAfter': 'Dec 29 23:59:59 2022 GMT', 'subjectAltName': (('DNS', '*.taboola.com'), ('DNS', '*.office.taboola.com'), ('DNS', '*.taboolasyndication.com'), ('DNS', 'taboola.com'), ('DNS', 'office.taboola.com'), ('DNS', 'taboolasyndication.com'), ('DNS', 'img-taboola.com'), ('DNS', '*.img-taboola.com'), ('DNS', 'taboolanews.com'), ('DNS', '*.taboolanews.com')), 'OCSP': ('http://ocsp.digicert.com',), 'caIssuers': ('http://cacerts.digicert.com/DigiCertTLSHybridECCSHA3842020CA1-1.crt',), 'crlDistributionPoints': ('http://crl3.digicert.com/DigiCertTLSHybridECCSHA3842020CA1-1.crl', 'http://crl4.digicert.com/DigiCertTLSHybridECCSHA3842020CA1-1.crl')}
[2022-08-11 19:59:38,524] {logging_mixin.py:115} INFO - Successfully loaded loss-adjusted-food-availability-staged.csv to s3-bucket-staged
[2022-08-11 19:59:38,552] {python.py:173} INFO - Done. Returned value was: None
[2022-08-11 19:59:38,590] {taskinstance.py:1420} INFO - Marking task as SUCCESS. dag_id=ETL_DAG_V6, task_id=Stage_data, execution_date=20220811T194715, start_date=20220811T195440, end_date=20220811T195938
[2022-08-11 19:59:38,677] {local_task_job.py:156} INFO - Task exited with return code 0
[2022-08-11 19:59:38,710] {local_task_job.py:273} INFO - 1 downstream tasks scheduled from follow-on schedule check
