[2022-08-11 19:35:54,111] {taskinstance.py:1179} INFO - Dependencies all met for <TaskInstance: ETL_DAG_V2.Create_s3_buckek_raw manual__2022-08-11T05:57:31.582348+00:00 [queued]>
[2022-08-11 19:35:54,137] {taskinstance.py:1179} INFO - Dependencies all met for <TaskInstance: ETL_DAG_V2.Create_s3_buckek_raw manual__2022-08-11T05:57:31.582348+00:00 [queued]>
[2022-08-11 19:35:54,139] {taskinstance.py:1376} INFO - 
--------------------------------------------------------------------------------
[2022-08-11 19:35:54,142] {taskinstance.py:1377} INFO - Starting attempt 1 of 6
[2022-08-11 19:35:54,144] {taskinstance.py:1378} INFO - 
--------------------------------------------------------------------------------
[2022-08-11 19:35:54,168] {taskinstance.py:1397} INFO - Executing <Task(PythonOperator): Create_s3_buckek_raw> on 2022-08-11 05:57:31.582348+00:00
[2022-08-11 19:35:54,178] {standard_task_runner.py:52} INFO - Started process 2970 to run task
[2022-08-11 19:35:54,184] {standard_task_runner.py:79} INFO - Running: ['***', 'tasks', 'run', 'ETL_DAG_V2', 'Create_s3_buckek_raw', 'manual__2022-08-11T05:57:31.582348+00:00', '--job-id', '514', '--raw', '--subdir', 'DAGS_FOLDER/etl_dag.py', '--cfg-path', '/tmp/tmpzbx9788f', '--error-file', '/tmp/tmpqxvi6m12']
[2022-08-11 19:35:54,189] {standard_task_runner.py:80} INFO - Job 514: Subtask Create_s3_buckek_raw
[2022-08-11 19:35:54,309] {task_command.py:371} INFO - Running <TaskInstance: ETL_DAG_V2.Create_s3_buckek_raw manual__2022-08-11T05:57:31.582348+00:00 [running]> on host ce1be8c59d56
[2022-08-11 19:35:54,495] {taskinstance.py:1591} INFO - Exporting the following env vars:
AIRFLOW_CTX_DAG_OWNER=narapady
AIRFLOW_CTX_DAG_ID=ETL_DAG_V2
AIRFLOW_CTX_TASK_ID=Create_s3_buckek_raw
AIRFLOW_CTX_EXECUTION_DATE=2022-08-11T05:57:31.582348+00:00
AIRFLOW_CTX_TRY_NUMBER=1
AIRFLOW_CTX_DAG_RUN_ID=manual__2022-08-11T05:57:31.582348+00:00
[2022-08-11 19:35:55,512] {python.py:173} INFO - Done. Returned value was: {'ResponseMetadata': {'RequestId': '2NH06QNEQ0SYAS87', 'HostId': 'KLyYM9YxPd0iP5vo+/F5YQpeQE5EtLpqVT0Lit5KH8wuVZXWbxwOuxKULwZQO9ipPk+NihpuWNc=', 'HTTPStatusCode': 200, 'HTTPHeaders': {'x-amz-id-2': 'KLyYM9YxPd0iP5vo+/F5YQpeQE5EtLpqVT0Lit5KH8wuVZXWbxwOuxKULwZQO9ipPk+NihpuWNc=', 'x-amz-request-id': '2NH06QNEQ0SYAS87', 'date': 'Thu, 11 Aug 2022 19:35:56 GMT', 'location': '/s3-bucket-raw-usda', 'server': 'AmazonS3', 'content-length': '0'}, 'RetryAttempts': 0}, 'Location': '/s3-bucket-raw-usda'}
[2022-08-11 19:35:55,542] {taskinstance.py:1420} INFO - Marking task as SUCCESS. dag_id=ETL_DAG_V2, task_id=Create_s3_buckek_raw, execution_date=20220811T055731, start_date=20220811T193554, end_date=20220811T193555
[2022-08-11 19:35:55,577] {local_task_job.py:156} INFO - Task exited with return code 0
[2022-08-11 19:35:55,627] {local_task_job.py:273} INFO - 0 downstream tasks scheduled from follow-on schedule check
