[2022-08-11 21:19:59,782] {taskinstance.py:1179} INFO - Dependencies all met for <TaskInstance: ETL_DAG_V8.Transform_food-consumption-estimates manual__2022-08-11T21:16:03.096610+00:00 [queued]>
[2022-08-11 21:19:59,796] {taskinstance.py:1179} INFO - Dependencies all met for <TaskInstance: ETL_DAG_V8.Transform_food-consumption-estimates manual__2022-08-11T21:16:03.096610+00:00 [queued]>
[2022-08-11 21:19:59,797] {taskinstance.py:1376} INFO - 
--------------------------------------------------------------------------------
[2022-08-11 21:19:59,798] {taskinstance.py:1377} INFO - Starting attempt 1 of 6
[2022-08-11 21:19:59,799] {taskinstance.py:1378} INFO - 
--------------------------------------------------------------------------------
[2022-08-11 21:19:59,814] {taskinstance.py:1397} INFO - Executing <Task(PythonOperator): Transform_food-consumption-estimates> on 2022-08-11 21:16:03.096610+00:00
[2022-08-11 21:19:59,821] {standard_task_runner.py:52} INFO - Started process 10390 to run task
[2022-08-11 21:19:59,827] {standard_task_runner.py:79} INFO - Running: ['***', 'tasks', 'run', 'ETL_DAG_V8', 'Transform_food-consumption-estimates', 'manual__2022-08-11T21:16:03.096610+00:00', '--job-id', '644', '--raw', '--subdir', 'DAGS_FOLDER/etl_dag.py', '--cfg-path', '/tmp/tmp9ropl690', '--error-file', '/tmp/tmphlrul1l7']
[2022-08-11 21:19:59,840] {standard_task_runner.py:80} INFO - Job 644: Subtask Transform_food-consumption-estimates
[2022-08-11 21:19:59,920] {task_command.py:371} INFO - Running <TaskInstance: ETL_DAG_V8.Transform_food-consumption-estimates manual__2022-08-11T21:16:03.096610+00:00 [running]> on host ce1be8c59d56
[2022-08-11 21:20:00,006] {taskinstance.py:1591} INFO - Exporting the following env vars:
AIRFLOW_CTX_DAG_OWNER=narapady
AIRFLOW_CTX_DAG_ID=ETL_DAG_V8
AIRFLOW_CTX_TASK_ID=Transform_food-consumption-estimates
AIRFLOW_CTX_EXECUTION_DATE=2022-08-11T21:16:03.096610+00:00
AIRFLOW_CTX_TRY_NUMBER=1
AIRFLOW_CTX_DAG_RUN_ID=manual__2022-08-11T21:16:03.096610+00:00
[2022-08-11 21:20:16,606] {logging_mixin.py:115} INFO - Successfully process food-consumption-estimates-clean/Total population-2015-2016.csv to S3
[2022-08-11 21:20:16,920] {logging_mixin.py:115} INFO - Successfully process food-consumption-estimates-clean/Total population-2017-2018.csv to S3
[2022-08-11 21:20:17,228] {logging_mixin.py:115} INFO - Successfully process food-consumption-estimates-clean/Children age 2–19-2015-2016.csv to S3
[2022-08-11 21:20:17,549] {logging_mixin.py:115} INFO - Successfully process food-consumption-estimates-clean/Children age 2–19-2017-2018.csv to S3
[2022-08-11 21:20:17,871] {logging_mixin.py:115} INFO - Successfully process food-consumption-estimates-clean/Adults age 20-64-2015-2016.csv to S3
[2022-08-11 21:20:18,203] {logging_mixin.py:115} INFO - Successfully process food-consumption-estimates-clean/Adults age 20-64-2017-2018.csv to S3
[2022-08-11 21:20:18,506] {logging_mixin.py:115} INFO - Successfully process food-consumption-estimates-clean/Seniors age 65 and above-2015-2016.csv to S3
[2022-08-11 21:20:18,837] {logging_mixin.py:115} INFO - Successfully process food-consumption-estimates-clean/Seniors age 65 and above-2017-2018.csv to S3
[2022-08-11 21:20:19,215] {logging_mixin.py:115} INFO - Successfully process food-consumption-estimates-clean/Household income < 185% poverty line-2015-2016.csv to S3
[2022-08-11 21:20:19,541] {logging_mixin.py:115} INFO - Successfully process food-consumption-estimates-clean/Household income < 185% poverty line-2017-2018.csv to S3
[2022-08-11 21:20:19,856] {logging_mixin.py:115} INFO - Successfully process food-consumption-estimates-clean/Household income 185–300% poverty line-2015-2016.csv to S3
[2022-08-11 21:20:20,177] {logging_mixin.py:115} INFO - Successfully process food-consumption-estimates-clean/Household income 185–300% poverty line-2017-2018.csv to S3
[2022-08-11 21:20:20,486] {logging_mixin.py:115} INFO - Successfully process food-consumption-estimates-clean/Household income > 300% poverty line-2015-2016.csv to S3
[2022-08-11 21:20:20,811] {logging_mixin.py:115} INFO - Successfully process food-consumption-estimates-clean/Household income > 300% poverty line-2017-2018.csv to S3
[2022-08-11 21:20:20,814] {python.py:173} INFO - Done. Returned value was: None
[2022-08-11 21:20:20,826] {taskinstance.py:1420} INFO - Marking task as SUCCESS. dag_id=ETL_DAG_V8, task_id=Transform_food-consumption-estimates, execution_date=20220811T211603, start_date=20220811T211959, end_date=20220811T212020
[2022-08-11 21:20:20,851] {local_task_job.py:156} INFO - Task exited with return code 0
[2022-08-11 21:20:20,877] {local_task_job.py:273} INFO - 0 downstream tasks scheduled from follow-on schedule check
