[2022-08-08 06:44:37,825] {taskinstance.py:1179} INFO - Dependencies all met for <TaskInstance: etl_dag_v1.Ingest manual__2022-08-08T06:44:36.935768+00:00 [queued]>
[2022-08-08 06:44:37,833] {taskinstance.py:1179} INFO - Dependencies all met for <TaskInstance: etl_dag_v1.Ingest manual__2022-08-08T06:44:36.935768+00:00 [queued]>
[2022-08-08 06:44:37,834] {taskinstance.py:1376} INFO - 
--------------------------------------------------------------------------------
[2022-08-08 06:44:37,835] {taskinstance.py:1377} INFO - Starting attempt 1 of 6
[2022-08-08 06:44:37,836] {taskinstance.py:1378} INFO - 
--------------------------------------------------------------------------------
[2022-08-08 06:44:37,845] {taskinstance.py:1397} INFO - Executing <Task(PythonOperator): Ingest> on 2022-08-08 06:44:36.935768+00:00
[2022-08-08 06:44:37,850] {standard_task_runner.py:52} INFO - Started process 5090 to run task
[2022-08-08 06:44:37,853] {standard_task_runner.py:79} INFO - Running: ['***', 'tasks', 'run', 'etl_dag_v1', 'Ingest', 'manual__2022-08-08T06:44:36.935768+00:00', '--job-id', '90', '--raw', '--subdir', 'DAGS_FOLDER/etl_dag.py', '--cfg-path', '/tmp/tmpsw9hr1sl', '--error-file', '/tmp/tmpnda9r83_']
[2022-08-08 06:44:37,856] {standard_task_runner.py:80} INFO - Job 90: Subtask Ingest
[2022-08-08 06:44:37,908] {task_command.py:371} INFO - Running <TaskInstance: etl_dag_v1.Ingest manual__2022-08-08T06:44:36.935768+00:00 [running]> on host 8d3924a1d70c
[2022-08-08 06:44:37,959] {taskinstance.py:1591} INFO - Exporting the following env vars:
AIRFLOW_CTX_DAG_OWNER=narapady
AIRFLOW_CTX_DAG_ID=etl_dag_v1
AIRFLOW_CTX_TASK_ID=Ingest
AIRFLOW_CTX_EXECUTION_DATE=2022-08-08T06:44:36.935768+00:00
AIRFLOW_CTX_TRY_NUMBER=1
AIRFLOW_CTX_DAG_RUN_ID=manual__2022-08-08T06:44:36.935768+00:00
[2022-08-08 06:44:38,728] {taskinstance.py:1909} ERROR - Task failed with exception
Traceback (most recent call last):
  File "/home/airflow/.local/lib/python3.7/site-packages/airflow/operators/python.py", line 171, in execute
    return_value = self.execute_callable()
  File "/home/airflow/.local/lib/python3.7/site-packages/airflow/operators/python.py", line 189, in execute_callable
    return self.python_callable(*self.op_args, **self.op_kwargs)
  File "/opt/airflow/dags/ingest/ingestor.py", line 124, in run
    ingestor_usda.ingest()
  File "/opt/airflow/dags/ingest/ingestor.py", line 106, in ingest
    ingest_usda(self.s3, self.usda_source, self.bucket_name)
AttributeError: 'Ingestor' object has no attribute 'usda_source'
[2022-08-08 06:44:38,748] {taskinstance.py:1420} INFO - Marking task as UP_FOR_RETRY. dag_id=etl_dag_v1, task_id=Ingest, execution_date=20220808T064436, start_date=20220808T064437, end_date=20220808T064438
[2022-08-08 06:44:38,762] {standard_task_runner.py:97} ERROR - Failed to execute job 90 for task Ingest ('Ingestor' object has no attribute 'usda_source'; 5090)
[2022-08-08 06:44:38,802] {local_task_job.py:156} INFO - Task exited with return code 1
[2022-08-08 06:44:38,825] {local_task_job.py:273} INFO - 0 downstream tasks scheduled from follow-on schedule check
