[2022-08-11 19:57:57,625] {taskinstance.py:1179} INFO - Dependencies all met for <TaskInstance: ETL_DAG_V6.Create_s3_buckek_ingest manual__2022-08-11T19:47:15.827552+00:00 [queued]>
[2022-08-11 19:57:57,632] {taskinstance.py:1179} INFO - Dependencies all met for <TaskInstance: ETL_DAG_V6.Create_s3_buckek_ingest manual__2022-08-11T19:47:15.827552+00:00 [queued]>
[2022-08-11 19:57:57,633] {taskinstance.py:1376} INFO - 
--------------------------------------------------------------------------------
[2022-08-11 19:57:57,634] {taskinstance.py:1377} INFO - Starting attempt 1 of 6
[2022-08-11 19:57:57,634] {taskinstance.py:1378} INFO - 
--------------------------------------------------------------------------------
[2022-08-11 19:57:57,643] {taskinstance.py:1397} INFO - Executing <Task(PythonOperator): Create_s3_buckek_ingest> on 2022-08-11 19:47:15.827552+00:00
[2022-08-11 19:57:57,649] {standard_task_runner.py:52} INFO - Started process 4561 to run task
[2022-08-11 19:57:57,652] {standard_task_runner.py:79} INFO - Running: ['***', 'tasks', 'run', 'ETL_DAG_V6', 'Create_s3_buckek_ingest', 'manual__2022-08-11T19:47:15.827552+00:00', '--job-id', '551', '--raw', '--subdir', 'DAGS_FOLDER/etl_dag.py', '--cfg-path', '/tmp/tmpuei4xwkc', '--error-file', '/tmp/tmpf03bvzw_']
[2022-08-11 19:57:57,655] {standard_task_runner.py:80} INFO - Job 551: Subtask Create_s3_buckek_ingest
[2022-08-11 19:57:57,711] {task_command.py:371} INFO - Running <TaskInstance: ETL_DAG_V6.Create_s3_buckek_ingest manual__2022-08-11T19:47:15.827552+00:00 [running]> on host ce1be8c59d56
[2022-08-11 19:57:57,761] {taskinstance.py:1591} INFO - Exporting the following env vars:
AIRFLOW_CTX_DAG_OWNER=narapady
AIRFLOW_CTX_DAG_ID=ETL_DAG_V6
AIRFLOW_CTX_TASK_ID=Create_s3_buckek_ingest
AIRFLOW_CTX_EXECUTION_DATE=2022-08-11T19:47:15.827552+00:00
AIRFLOW_CTX_TRY_NUMBER=1
AIRFLOW_CTX_DAG_RUN_ID=manual__2022-08-11T19:47:15.827552+00:00
[2022-08-11 19:57:58,452] {python.py:173} INFO - Done. Returned value was: {'ResponseMetadata': {'RequestId': 'J0GBT5XV9ZTHD2V5', 'HostId': 'CG6BDgKWBP0y4/chr4qWwzLDUboAyJkO2UfOzbUX+hy4GeMHFO41v5YxWVhPG2JKZZ4aKr33Lt4=', 'HTTPStatusCode': 200, 'HTTPHeaders': {'x-amz-id-2': 'CG6BDgKWBP0y4/chr4qWwzLDUboAyJkO2UfOzbUX+hy4GeMHFO41v5YxWVhPG2JKZZ4aKr33Lt4=', 'x-amz-request-id': 'J0GBT5XV9ZTHD2V5', 'date': 'Thu, 11 Aug 2022 19:57:59 GMT', 'location': '/s3-bucket-raw-usda', 'server': 'AmazonS3', 'content-length': '0'}, 'RetryAttempts': 0}, 'Location': '/s3-bucket-raw-usda'}
[2022-08-11 19:57:58,477] {taskinstance.py:1420} INFO - Marking task as SUCCESS. dag_id=ETL_DAG_V6, task_id=Create_s3_buckek_ingest, execution_date=20220811T194715, start_date=20220811T195757, end_date=20220811T195758
[2022-08-11 19:57:58,527] {local_task_job.py:156} INFO - Task exited with return code 0
[2022-08-11 19:57:58,558] {local_task_job.py:273} INFO - 0 downstream tasks scheduled from follow-on schedule check
