[2022-08-16 18:57:58,768] {taskinstance.py:1179} INFO - Dependencies all met for <TaskInstance: ETL_DAG.Transform_current-food-expenditure-series manual__2022-08-16T18:57:11.917054+00:00 [queued]>
[2022-08-16 18:57:58,780] {taskinstance.py:1179} INFO - Dependencies all met for <TaskInstance: ETL_DAG.Transform_current-food-expenditure-series manual__2022-08-16T18:57:11.917054+00:00 [queued]>
[2022-08-16 18:57:58,781] {taskinstance.py:1376} INFO - 
--------------------------------------------------------------------------------
[2022-08-16 18:57:58,783] {taskinstance.py:1377} INFO - Starting attempt 1 of 6
[2022-08-16 18:57:58,784] {taskinstance.py:1378} INFO - 
--------------------------------------------------------------------------------
[2022-08-16 18:57:58,799] {taskinstance.py:1397} INFO - Executing <Task(PythonOperator): Transform_current-food-expenditure-series> on 2022-08-16 18:57:11.917054+00:00
[2022-08-16 18:57:58,806] {standard_task_runner.py:52} INFO - Started process 332 to run task
[2022-08-16 18:57:58,820] {standard_task_runner.py:79} INFO - Running: ['***', 'tasks', 'run', 'ETL_DAG', 'Transform_current-food-expenditure-series', 'manual__2022-08-16T18:57:11.917054+00:00', '--job-id', '1099', '--raw', '--subdir', 'DAGS_FOLDER/etl_dag.py', '--cfg-path', '/tmp/tmpjg5xo4ao', '--error-file', '/tmp/tmpd7r7w1pe']
[2022-08-16 18:57:58,823] {standard_task_runner.py:80} INFO - Job 1099: Subtask Transform_current-food-expenditure-series
[2022-08-16 18:57:58,886] {task_command.py:371} INFO - Running <TaskInstance: ETL_DAG.Transform_current-food-expenditure-series manual__2022-08-16T18:57:11.917054+00:00 [running]> on host c7fa0145da3e
[2022-08-16 18:57:58,938] {taskinstance.py:1591} INFO - Exporting the following env vars:
AIRFLOW_CTX_DAG_OWNER=narapady
AIRFLOW_CTX_DAG_ID=ETL_DAG
AIRFLOW_CTX_TASK_ID=Transform_current-food-expenditure-series
AIRFLOW_CTX_EXECUTION_DATE=2022-08-16T18:57:11.917054+00:00
AIRFLOW_CTX_TRY_NUMBER=1
AIRFLOW_CTX_DAG_RUN_ID=manual__2022-08-16T18:57:11.917054+00:00
[2022-08-16 18:58:15,442] {logging_mixin.py:115} INFO - Successfully process food-expenditure-clean/constant-total-fah.csv to S3
[2022-08-16 18:58:15,816] {logging_mixin.py:115} INFO - Successfully process food-expenditure-clean/constant-total-fafh.csv to S3
[2022-08-16 18:58:16,144] {logging_mixin.py:115} INFO - Successfully process food-expenditure-clean/constant-total-aah.csv to S3
[2022-08-16 18:58:16,428] {logging_mixin.py:115} INFO - Successfully process food-expenditure-clean/constant-total-aafh.csv to S3
[2022-08-16 18:58:32,917] {logging_mixin.py:115} INFO - Successfully process food-expenditure-clean/nominal-total-fah.csv to S3
[2022-08-16 18:58:33,378] {logging_mixin.py:115} INFO - Successfully process food-expenditure-clean/nominal-total-fafh.csv to S3
[2022-08-16 18:58:34,778] {logging_mixin.py:115} INFO - Successfully process food-expenditure-clean/nominal-total-aah.csv to S3
[2022-08-16 18:58:35,109] {logging_mixin.py:115} INFO - Successfully process food-expenditure-clean/nominal-total-aafh.csv to S3
[2022-08-16 18:59:00,776] {logging_mixin.py:115} INFO - Successfully process food-expenditure-clean/nominal-monthly-sale.csv to S3
[2022-08-16 18:59:01,272] {logging_mixin.py:115} INFO - Successfully process food-expenditure-clean/constant-monthly-sale.csv to S3
[2022-08-16 18:59:01,274] {python.py:173} INFO - Done. Returned value was: None
[2022-08-16 18:59:01,286] {taskinstance.py:1420} INFO - Marking task as SUCCESS. dag_id=ETL_DAG, task_id=Transform_current-food-expenditure-series, execution_date=20220816T185711, start_date=20220816T185758, end_date=20220816T185901
[2022-08-16 18:59:01,350] {local_task_job.py:156} INFO - Task exited with return code 0
[2022-08-16 18:59:01,379] {local_task_job.py:273} INFO - 1 downstream tasks scheduled from follow-on schedule check
