[2022-08-11 19:39:14,129] {taskinstance.py:1179} INFO - Dependencies all met for <TaskInstance: ETL_DAG_V3.Create_s3_buckek_raw manual__2022-08-11T19:39:13.033032+00:00 [queued]>
[2022-08-11 19:39:14,135] {taskinstance.py:1179} INFO - Dependencies all met for <TaskInstance: ETL_DAG_V3.Create_s3_buckek_raw manual__2022-08-11T19:39:13.033032+00:00 [queued]>
[2022-08-11 19:39:14,136] {taskinstance.py:1376} INFO - 
--------------------------------------------------------------------------------
[2022-08-11 19:39:14,137] {taskinstance.py:1377} INFO - Starting attempt 1 of 6
[2022-08-11 19:39:14,138] {taskinstance.py:1378} INFO - 
--------------------------------------------------------------------------------
[2022-08-11 19:39:14,146] {taskinstance.py:1397} INFO - Executing <Task(PythonOperator): Create_s3_buckek_raw> on 2022-08-11 19:39:13.033032+00:00
[2022-08-11 19:39:14,153] {standard_task_runner.py:52} INFO - Started process 3203 to run task
[2022-08-11 19:39:14,156] {standard_task_runner.py:79} INFO - Running: ['***', 'tasks', 'run', 'ETL_DAG_V3', 'Create_s3_buckek_raw', 'manual__2022-08-11T19:39:13.033032+00:00', '--job-id', '519', '--raw', '--subdir', 'DAGS_FOLDER/etl_dag.py', '--cfg-path', '/tmp/tmp_ebisdvp', '--error-file', '/tmp/tmp1nd03m45']
[2022-08-11 19:39:14,159] {standard_task_runner.py:80} INFO - Job 519: Subtask Create_s3_buckek_raw
[2022-08-11 19:39:14,204] {task_command.py:371} INFO - Running <TaskInstance: ETL_DAG_V3.Create_s3_buckek_raw manual__2022-08-11T19:39:13.033032+00:00 [running]> on host ce1be8c59d56
[2022-08-11 19:39:14,253] {taskinstance.py:1591} INFO - Exporting the following env vars:
AIRFLOW_CTX_DAG_OWNER=narapady
AIRFLOW_CTX_DAG_ID=ETL_DAG_V3
AIRFLOW_CTX_TASK_ID=Create_s3_buckek_raw
AIRFLOW_CTX_EXECUTION_DATE=2022-08-11T19:39:13.033032+00:00
AIRFLOW_CTX_TRY_NUMBER=1
AIRFLOW_CTX_DAG_RUN_ID=manual__2022-08-11T19:39:13.033032+00:00
[2022-08-11 19:39:15,243] {python.py:173} INFO - Done. Returned value was: {'ResponseMetadata': {'RequestId': 'GWR6W4HS0MR0E97Z', 'HostId': '2NibxPTfuD6M774n5vvSOjcZrNawADFL8JM0OPmnPRSxVUCmgAxrmYBkUTv95ZfNfcIPo6zCSEk=', 'HTTPStatusCode': 200, 'HTTPHeaders': {'x-amz-id-2': '2NibxPTfuD6M774n5vvSOjcZrNawADFL8JM0OPmnPRSxVUCmgAxrmYBkUTv95ZfNfcIPo6zCSEk=', 'x-amz-request-id': 'GWR6W4HS0MR0E97Z', 'date': 'Thu, 11 Aug 2022 19:39:16 GMT', 'location': '/s3-bucket-raw-usda', 'server': 'AmazonS3', 'content-length': '0'}, 'RetryAttempts': 0}, 'Location': '/s3-bucket-raw-usda'}
[2022-08-11 19:39:15,292] {taskinstance.py:1420} INFO - Marking task as SUCCESS. dag_id=ETL_DAG_V3, task_id=Create_s3_buckek_raw, execution_date=20220811T193913, start_date=20220811T193914, end_date=20220811T193915
[2022-08-11 19:39:15,327] {local_task_job.py:156} INFO - Task exited with return code 0
[2022-08-11 19:39:15,359] {local_task_job.py:273} INFO - 9 downstream tasks scheduled from follow-on schedule check
