[2022-08-16 18:59:05,032] {taskinstance.py:1179} INFO - Dependencies all met for <TaskInstance: ETL_DAG.Stage_price-index-clean manual__2022-08-16T18:57:11.917054+00:00 [queued]>
[2022-08-16 18:59:05,042] {taskinstance.py:1179} INFO - Dependencies all met for <TaskInstance: ETL_DAG.Stage_price-index-clean manual__2022-08-16T18:57:11.917054+00:00 [queued]>
[2022-08-16 18:59:05,043] {taskinstance.py:1376} INFO - 
--------------------------------------------------------------------------------
[2022-08-16 18:59:05,044] {taskinstance.py:1377} INFO - Starting attempt 1 of 6
[2022-08-16 18:59:05,045] {taskinstance.py:1378} INFO - 
--------------------------------------------------------------------------------
[2022-08-16 18:59:05,054] {taskinstance.py:1397} INFO - Executing <Task(PythonOperator): Stage_price-index-clean> on 2022-08-16 18:57:11.917054+00:00
[2022-08-16 18:59:05,059] {standard_task_runner.py:52} INFO - Started process 424 to run task
[2022-08-16 18:59:05,072] {standard_task_runner.py:79} INFO - Running: ['***', 'tasks', 'run', 'ETL_DAG', 'Stage_price-index-clean', 'manual__2022-08-16T18:57:11.917054+00:00', '--job-id', '1102', '--raw', '--subdir', 'DAGS_FOLDER/etl_dag.py', '--cfg-path', '/tmp/tmpq1gli29j', '--error-file', '/tmp/tmp6076z9j2']
[2022-08-16 18:59:05,074] {standard_task_runner.py:80} INFO - Job 1102: Subtask Stage_price-index-clean
[2022-08-16 18:59:05,142] {task_command.py:371} INFO - Running <TaskInstance: ETL_DAG.Stage_price-index-clean manual__2022-08-16T18:57:11.917054+00:00 [running]> on host c7fa0145da3e
[2022-08-16 18:59:05,210] {taskinstance.py:1591} INFO - Exporting the following env vars:
AIRFLOW_CTX_DAG_OWNER=narapady
AIRFLOW_CTX_DAG_ID=ETL_DAG
AIRFLOW_CTX_TASK_ID=Stage_price-index-clean
AIRFLOW_CTX_EXECUTION_DATE=2022-08-16T18:57:11.917054+00:00
AIRFLOW_CTX_TRY_NUMBER=1
AIRFLOW_CTX_DAG_RUN_ID=manual__2022-08-16T18:57:11.917054+00:00
[2022-08-16 18:59:08,175] {logging_mixin.py:115} INFO - Successfully loaded price-index-staged.csv to s3-bucket-staged
[2022-08-16 18:59:08,176] {python.py:173} INFO - Done. Returned value was: None
[2022-08-16 18:59:08,187] {taskinstance.py:1420} INFO - Marking task as SUCCESS. dag_id=ETL_DAG, task_id=Stage_price-index-clean, execution_date=20220816T185711, start_date=20220816T185905, end_date=20220816T185908
[2022-08-16 18:59:08,219] {local_task_job.py:156} INFO - Task exited with return code 0
[2022-08-16 18:59:08,251] {local_task_job.py:273} INFO - 0 downstream tasks scheduled from follow-on schedule check
