[2022-08-11 06:03:29,387] {taskinstance.py:1179} INFO - Dependencies all met for <TaskInstance: ETL_DAG_V3.load_into_obesity_world_table manual__2022-08-11T06:03:05.676328+00:00 [queued]>
[2022-08-11 06:03:29,395] {taskinstance.py:1179} INFO - Dependencies all met for <TaskInstance: ETL_DAG_V3.load_into_obesity_world_table manual__2022-08-11T06:03:05.676328+00:00 [queued]>
[2022-08-11 06:03:29,396] {taskinstance.py:1376} INFO - 
--------------------------------------------------------------------------------
[2022-08-11 06:03:29,397] {taskinstance.py:1377} INFO - Starting attempt 1 of 6
[2022-08-11 06:03:29,399] {taskinstance.py:1378} INFO - 
--------------------------------------------------------------------------------
[2022-08-11 06:03:29,409] {taskinstance.py:1397} INFO - Executing <Task(S3ToSnowflakeOperator): load_into_obesity_world_table> on 2022-08-11 06:03:05.676328+00:00
[2022-08-11 06:03:29,419] {standard_task_runner.py:52} INFO - Started process 18830 to run task
[2022-08-11 06:03:29,422] {standard_task_runner.py:79} INFO - Running: ['***', 'tasks', 'run', 'ETL_DAG_V3', 'load_into_obesity_world_table', 'manual__2022-08-11T06:03:05.676328+00:00', '--job-id', '269', '--raw', '--subdir', 'DAGS_FOLDER/etl_dag.py', '--cfg-path', '/tmp/tmpnnhad_0q', '--error-file', '/tmp/tmpbba_a8gj']
[2022-08-11 06:03:29,425] {standard_task_runner.py:80} INFO - Job 269: Subtask load_into_obesity_world_table
[2022-08-11 06:03:29,488] {task_command.py:371} INFO - Running <TaskInstance: ETL_DAG_V3.load_into_obesity_world_table manual__2022-08-11T06:03:05.676328+00:00 [running]> on host c9fcec21ee59
[2022-08-11 06:03:29,594] {taskinstance.py:1591} INFO - Exporting the following env vars:
AIRFLOW_CTX_DAG_OWNER=narapady
AIRFLOW_CTX_DAG_ID=ETL_DAG_V3
AIRFLOW_CTX_TASK_ID=load_into_obesity_world_table
AIRFLOW_CTX_EXECUTION_DATE=2022-08-11T06:03:05.676328+00:00
AIRFLOW_CTX_TRY_NUMBER=1
AIRFLOW_CTX_DAG_RUN_ID=manual__2022-08-11T06:03:05.676328+00:00
[2022-08-11 06:03:29,598] {s3_to_snowflake.py:135} INFO - Executing COPY command...
[2022-08-11 06:03:29,614] {base.py:68} INFO - Using connection ID 'snowflake_conn' for task execution.
[2022-08-11 06:03:29,623] {connection.py:275} INFO - Snowflake Connector for Python Version: 2.7.11, Python Version: 3.7.13, Platform: Linux-5.10.104-linuxkit-aarch64-with-debian-11.3
[2022-08-11 06:03:29,627] {connection.py:927} INFO - This connection is in OCSP Fail Open Mode. TLS Certificates would be checked for validity and revocation status. Any other Certificate Revocation related exceptions or OCSP Responder failures would be disregarded in favor of connectivity.
[2022-08-11 06:03:29,634] {connection.py:944} INFO - Setting use_openssl_only mode to False
[2022-08-11 06:03:30,494] {cursor.py:715} INFO - query: [ALTER SESSION SET autocommit=True]
[2022-08-11 06:03:30,690] {cursor.py:739} INFO - query execution done
[2022-08-11 06:03:30,692] {snowflake.py:328} INFO - Running statement: COPY INTO public.obesity_world
FROM @s3_stage/
files=('obesity-staged.csv')
file_format=csv_format, parameters: None
[2022-08-11 06:03:30,693] {cursor.py:715} INFO - query: [COPY INTO public.obesity_world FROM @s3_stage/ files=('obesity-staged.csv') file...]
[2022-08-11 06:03:30,905] {cursor.py:739} INFO - query execution done
[2022-08-11 06:03:30,912] {connection.py:557} INFO - closed
[2022-08-11 06:03:31,045] {connection.py:560} INFO - No async queries seem to be running, deleting session
[2022-08-11 06:03:31,210] {taskinstance.py:1909} ERROR - Task failed with exception
Traceback (most recent call last):
  File "/home/airflow/.local/lib/python3.7/site-packages/airflow/providers/snowflake/transfers/s3_to_snowflake.py", line 136, in execute
    snowflake_hook.run(copy_query, self.autocommit)
  File "/home/airflow/.local/lib/python3.7/site-packages/airflow/providers/snowflake/hooks/snowflake.py", line 332, in run
    cur.execute(sql_statement)
  File "/home/airflow/.local/lib/python3.7/site-packages/snowflake/connector/cursor.py", line 804, in execute
    Error.errorhandler_wrapper(self.connection, self, error_class, errvalue)
  File "/home/airflow/.local/lib/python3.7/site-packages/snowflake/connector/errors.py", line 280, in errorhandler_wrapper
    error_value,
  File "/home/airflow/.local/lib/python3.7/site-packages/snowflake/connector/errors.py", line 331, in hand_to_other_handler
    cursor.errorhandler(connection, cursor, error_class, error_value)
  File "/home/airflow/.local/lib/python3.7/site-packages/snowflake/connector/errors.py", line 217, in default_errorhandler
    cursor=cursor,
snowflake.connector.errors.ProgrammingError: 002003 (02000): 01a635cb-0004-2875-001e-00070003519a: SQL compilation error:
Stage 'US_FOOD_NUTRITION.PUBLIC.S3_STAGE' does not exist or not authorized.
[2022-08-11 06:03:31,224] {taskinstance.py:1420} INFO - Marking task as UP_FOR_RETRY. dag_id=ETL_DAG_V3, task_id=load_into_obesity_world_table, execution_date=20220811T060305, start_date=20220811T060329, end_date=20220811T060331
[2022-08-11 06:03:31,233] {standard_task_runner.py:97} ERROR - Failed to execute job 269 for task load_into_obesity_world_table (002003 (02000): 01a635cb-0004-2875-001e-00070003519a: SQL compilation error:
Stage 'US_FOOD_NUTRITION.PUBLIC.S3_STAGE' does not exist or not authorized.; 18830)
[2022-08-11 06:03:31,259] {local_task_job.py:156} INFO - Task exited with return code 1
[2022-08-11 06:03:31,292] {local_task_job.py:273} INFO - 0 downstream tasks scheduled from follow-on schedule check
