[2022-08-08 19:32:21,041] {taskinstance.py:1179} INFO - Dependencies all met for <TaskInstance: etl_dag_v4.Ingestor manual__2022-08-08T19:32:19.599823+00:00 [queued]>
[2022-08-08 19:32:21,046] {taskinstance.py:1179} INFO - Dependencies all met for <TaskInstance: etl_dag_v4.Ingestor manual__2022-08-08T19:32:19.599823+00:00 [queued]>
[2022-08-08 19:32:21,047] {taskinstance.py:1376} INFO - 
--------------------------------------------------------------------------------
[2022-08-08 19:32:21,048] {taskinstance.py:1377} INFO - Starting attempt 1 of 6
[2022-08-08 19:32:21,049] {taskinstance.py:1378} INFO - 
--------------------------------------------------------------------------------
[2022-08-08 19:32:21,057] {taskinstance.py:1397} INFO - Executing <Task(PythonOperator): Ingestor> on 2022-08-08 19:32:19.599823+00:00
[2022-08-08 19:32:21,062] {standard_task_runner.py:52} INFO - Started process 11263 to run task
[2022-08-08 19:32:21,065] {standard_task_runner.py:79} INFO - Running: ['***', 'tasks', 'run', 'etl_dag_v4', 'Ingestor', 'manual__2022-08-08T19:32:19.599823+00:00', '--job-id', '93', '--raw', '--subdir', 'DAGS_FOLDER/etl_dag.py', '--cfg-path', '/tmp/tmp1u6q9mzl', '--error-file', '/tmp/tmp2s_rcr39']
[2022-08-08 19:32:21,067] {standard_task_runner.py:80} INFO - Job 93: Subtask Ingestor
[2022-08-08 19:32:21,144] {task_command.py:371} INFO - Running <TaskInstance: etl_dag_v4.Ingestor manual__2022-08-08T19:32:19.599823+00:00 [running]> on host 8d3924a1d70c
[2022-08-08 19:32:21,186] {taskinstance.py:1591} INFO - Exporting the following env vars:
AIRFLOW_CTX_DAG_OWNER=narapady
AIRFLOW_CTX_DAG_ID=etl_dag_v4
AIRFLOW_CTX_TASK_ID=Ingestor
AIRFLOW_CTX_EXECUTION_DATE=2022-08-08T19:32:19.599823+00:00
AIRFLOW_CTX_TRY_NUMBER=1
AIRFLOW_CTX_DAG_RUN_ID=manual__2022-08-08T19:32:19.599823+00:00
[2022-08-08 19:32:24,628] {logging_mixin.py:115} INFO - Successfully uploaded food-at-home-and-food-away-from-home/FAH_total.xls to s3-bucket-raw-usda
[2022-08-08 19:32:26,406] {logging_mixin.py:115} INFO - Successfully uploaded food-at-home-and-food-away-from-home/FAH_gender.xls to s3-bucket-raw-usda
[2022-08-08 19:32:28,019] {logging_mixin.py:115} INFO - Successfully uploaded food-at-home-and-food-away-from-home/FAH_income.xls to s3-bucket-raw-usda
[2022-08-08 19:32:29,547] {logging_mixin.py:115} INFO - Successfully uploaded food-at-home-and-food-away-from-home/FAH_education.xls to s3-bucket-raw-usda
[2022-08-08 19:32:31,393] {logging_mixin.py:115} INFO - Successfully uploaded food-at-home-and-food-away-from-home/FAH_race.xls to s3-bucket-raw-usda
[2022-08-08 19:32:33,034] {logging_mixin.py:115} INFO - Successfully uploaded food-at-home-and-food-away-from-home/FAFH_total.xls to s3-bucket-raw-usda
[2022-08-08 19:32:34,775] {logging_mixin.py:115} INFO - Successfully uploaded food-at-home-and-food-away-from-home/FAFH_gender.xls to s3-bucket-raw-usda
[2022-08-08 19:32:36,306] {logging_mixin.py:115} INFO - Successfully uploaded food-at-home-and-food-away-from-home/FAFH_income.xls to s3-bucket-raw-usda
[2022-08-08 19:32:37,856] {logging_mixin.py:115} INFO - Successfully uploaded food-at-home-and-food-away-from-home/FAFH_education.xls to s3-bucket-raw-usda
[2022-08-08 19:32:40,305] {logging_mixin.py:115} INFO - Successfully uploaded demographic-and-socioeconomic-characteristics/CommodityConsumption_table1.xls to s3-bucket-raw-usda
[2022-08-08 19:32:42,048] {logging_mixin.py:115} INFO - Successfully uploaded demographic-and-socioeconomic-characteristics/CommodityConsumption_table2.xls to s3-bucket-raw-usda
[2022-08-08 19:32:43,580] {logging_mixin.py:115} INFO - Successfully uploaded demographic-and-socioeconomic-characteristics/CommodityConsumption_table3.xls to s3-bucket-raw-usda
[2022-08-08 19:32:45,335] {logging_mixin.py:115} INFO - Successfully uploaded demographic-and-socioeconomic-characteristics/CommodityConsumption_table4.xls to s3-bucket-raw-usda
[2022-08-08 19:32:47,165] {logging_mixin.py:115} INFO - Successfully uploaded demographic-and-socioeconomic-characteristics/CommodityConsumption_table5.xls to s3-bucket-raw-usda
[2022-08-08 19:32:47,192] {python.py:173} INFO - Done. Returned value was: None
[2022-08-08 19:32:47,219] {taskinstance.py:1420} INFO - Marking task as SUCCESS. dag_id=etl_dag_v4, task_id=Ingestor, execution_date=20220808T193219, start_date=20220808T193221, end_date=20220808T193247
[2022-08-08 19:32:47,280] {local_task_job.py:156} INFO - Task exited with return code 0
[2022-08-08 19:32:47,302] {local_task_job.py:273} INFO - 1 downstream tasks scheduled from follow-on schedule check
