[2022-08-14 16:44:59,030] {taskinstance.py:1179} INFO - Dependencies all met for <TaskInstance: ETL_DAG.Create_s3_bucket_ingest scheduled__2022-08-07T00:00:00+00:00 [queued]>
[2022-08-14 16:44:59,037] {taskinstance.py:1179} INFO - Dependencies all met for <TaskInstance: ETL_DAG.Create_s3_bucket_ingest scheduled__2022-08-07T00:00:00+00:00 [queued]>
[2022-08-14 16:44:59,038] {taskinstance.py:1376} INFO - 
--------------------------------------------------------------------------------
[2022-08-14 16:44:59,038] {taskinstance.py:1377} INFO - Starting attempt 1 of 6
[2022-08-14 16:44:59,039] {taskinstance.py:1378} INFO - 
--------------------------------------------------------------------------------
[2022-08-14 16:44:59,048] {taskinstance.py:1397} INFO - Executing <Task(PythonOperator): Create_s3_bucket_ingest> on 2022-08-07 00:00:00+00:00
[2022-08-14 16:44:59,052] {standard_task_runner.py:52} INFO - Started process 177 to run task
[2022-08-14 16:44:59,055] {standard_task_runner.py:79} INFO - Running: ['***', 'tasks', 'run', 'ETL_DAG', 'Create_s3_bucket_ingest', 'scheduled__2022-08-07T00:00:00+00:00', '--job-id', '925', '--raw', '--subdir', 'DAGS_FOLDER/etl_dag.py', '--cfg-path', '/tmp/tmpi8tpq4cs', '--error-file', '/tmp/tmpmpqmgljp']
[2022-08-14 16:44:59,057] {standard_task_runner.py:80} INFO - Job 925: Subtask Create_s3_bucket_ingest
[2022-08-14 16:44:59,098] {task_command.py:371} INFO - Running <TaskInstance: ETL_DAG.Create_s3_bucket_ingest scheduled__2022-08-07T00:00:00+00:00 [running]> on host 0dbf9d5e5cdb
[2022-08-14 16:44:59,151] {taskinstance.py:1591} INFO - Exporting the following env vars:
AIRFLOW_CTX_DAG_OWNER=narapady
AIRFLOW_CTX_DAG_ID=ETL_DAG
AIRFLOW_CTX_TASK_ID=Create_s3_bucket_ingest
AIRFLOW_CTX_EXECUTION_DATE=2022-08-07T00:00:00+00:00
AIRFLOW_CTX_TRY_NUMBER=1
AIRFLOW_CTX_DAG_RUN_ID=scheduled__2022-08-07T00:00:00+00:00
[2022-08-14 16:45:00,013] {python.py:173} INFO - Done. Returned value was: {'ResponseMetadata': {'RequestId': 'KQNJP7RS085CSRPR', 'HostId': 'HQlVXHhqaNZexEPdwKAiHM7JmzQV0k2PTAB2BZh6Gioz3DrsAfEjvyt8HVchhYovNUpVQfT8PFU=', 'HTTPStatusCode': 200, 'HTTPHeaders': {'x-amz-id-2': 'HQlVXHhqaNZexEPdwKAiHM7JmzQV0k2PTAB2BZh6Gioz3DrsAfEjvyt8HVchhYovNUpVQfT8PFU=', 'x-amz-request-id': 'KQNJP7RS085CSRPR', 'date': 'Sun, 14 Aug 2022 16:45:00 GMT', 'location': '/s3-bucket-raw-usda', 'server': 'AmazonS3', 'content-length': '0'}, 'RetryAttempts': 0}, 'Location': '/s3-bucket-raw-usda'}
[2022-08-14 16:45:00,036] {taskinstance.py:1420} INFO - Marking task as SUCCESS. dag_id=ETL_DAG, task_id=Create_s3_bucket_ingest, execution_date=20220807T000000, start_date=20220814T164459, end_date=20220814T164500
[2022-08-14 16:45:00,076] {local_task_job.py:156} INFO - Task exited with return code 0
[2022-08-14 16:45:00,115] {local_task_job.py:273} INFO - 9 downstream tasks scheduled from follow-on schedule check
