[2022-08-17 00:46:16,021] {taskinstance.py:1179} INFO - Dependencies all met for <TaskInstance: ETL_DAG.Create_s3_bucket_stage manual__2022-08-17T00:44:32.649423+00:00 [queued]>
[2022-08-17 00:46:16,028] {taskinstance.py:1179} INFO - Dependencies all met for <TaskInstance: ETL_DAG.Create_s3_bucket_stage manual__2022-08-17T00:44:32.649423+00:00 [queued]>
[2022-08-17 00:46:16,029] {taskinstance.py:1376} INFO - 
--------------------------------------------------------------------------------
[2022-08-17 00:46:16,029] {taskinstance.py:1377} INFO - Starting attempt 1 of 6
[2022-08-17 00:46:16,030] {taskinstance.py:1378} INFO - 
--------------------------------------------------------------------------------
[2022-08-17 00:46:16,038] {taskinstance.py:1397} INFO - Executing <Task(PythonOperator): Create_s3_bucket_stage> on 2022-08-17 00:44:32.649423+00:00
[2022-08-17 00:46:16,043] {standard_task_runner.py:52} INFO - Started process 428 to run task
[2022-08-17 00:46:16,046] {standard_task_runner.py:79} INFO - Running: ['***', 'tasks', 'run', 'ETL_DAG', 'Create_s3_bucket_stage', 'manual__2022-08-17T00:44:32.649423+00:00', '--job-id', '1138', '--raw', '--subdir', 'DAGS_FOLDER/etl_dag.py', '--cfg-path', '/tmp/tmp3z56exud', '--error-file', '/tmp/tmpyy7tnfte']
[2022-08-17 00:46:16,048] {standard_task_runner.py:80} INFO - Job 1138: Subtask Create_s3_bucket_stage
[2022-08-17 00:46:16,091] {task_command.py:371} INFO - Running <TaskInstance: ETL_DAG.Create_s3_bucket_stage manual__2022-08-17T00:44:32.649423+00:00 [running]> on host b6e9d58543c5
[2022-08-17 00:46:16,137] {taskinstance.py:1591} INFO - Exporting the following env vars:
AIRFLOW_CTX_DAG_OWNER=narapady
AIRFLOW_CTX_DAG_ID=ETL_DAG
AIRFLOW_CTX_TASK_ID=Create_s3_bucket_stage
AIRFLOW_CTX_EXECUTION_DATE=2022-08-17T00:44:32.649423+00:00
AIRFLOW_CTX_TRY_NUMBER=1
AIRFLOW_CTX_DAG_RUN_ID=manual__2022-08-17T00:44:32.649423+00:00
[2022-08-17 00:46:17,063] {python.py:173} INFO - Done. Returned value was: {'ResponseMetadata': {'RequestId': 'B26GV9YMQP7X6DN9', 'HostId': '5mfMD1tyuh0fMekuCIbycxvOEEm4AaxYTSQ1yny82Ho8HtKcRjjuOmLGOJkg+8YjXlY0eRw3Q80=', 'HTTPStatusCode': 200, 'HTTPHeaders': {'x-amz-id-2': '5mfMD1tyuh0fMekuCIbycxvOEEm4AaxYTSQ1yny82Ho8HtKcRjjuOmLGOJkg+8YjXlY0eRw3Q80=', 'x-amz-request-id': 'B26GV9YMQP7X6DN9', 'date': 'Wed, 17 Aug 2022 00:46:17 GMT', 'location': '/s3-bucket-staged', 'server': 'AmazonS3', 'content-length': '0'}, 'RetryAttempts': 0}, 'Location': '/s3-bucket-staged'}
[2022-08-17 00:46:17,109] {taskinstance.py:1420} INFO - Marking task as SUCCESS. dag_id=ETL_DAG, task_id=Create_s3_bucket_stage, execution_date=20220817T004432, start_date=20220817T004616, end_date=20220817T004617
[2022-08-17 00:46:17,160] {local_task_job.py:156} INFO - Task exited with return code 0
[2022-08-17 00:46:17,191] {local_task_job.py:273} INFO - 6 downstream tasks scheduled from follow-on schedule check
