[2022-08-11 20:55:20,630] {taskinstance.py:1179} INFO - Dependencies all met for <TaskInstance: ETL_DAG_V7.Load_into_daily_food_availability_table manual__2022-08-11T20:45:41.327998+00:00 [queued]>
[2022-08-11 20:55:20,667] {taskinstance.py:1179} INFO - Dependencies all met for <TaskInstance: ETL_DAG_V7.Load_into_daily_food_availability_table manual__2022-08-11T20:45:41.327998+00:00 [queued]>
[2022-08-11 20:55:20,668] {taskinstance.py:1376} INFO - 
--------------------------------------------------------------------------------
[2022-08-11 20:55:20,676] {taskinstance.py:1377} INFO - Starting attempt 1 of 6
[2022-08-11 20:55:20,680] {taskinstance.py:1378} INFO - 
--------------------------------------------------------------------------------
[2022-08-11 20:55:20,719] {taskinstance.py:1397} INFO - Executing <Task(S3ToSnowflakeOperator): Load_into_daily_food_availability_table> on 2022-08-11 20:45:41.327998+00:00
[2022-08-11 20:55:20,742] {standard_task_runner.py:52} INFO - Started process 8612 to run task
[2022-08-11 20:55:20,775] {standard_task_runner.py:79} INFO - Running: ['***', 'tasks', 'run', 'ETL_DAG_V7', 'Load_into_daily_food_availability_table', 'manual__2022-08-11T20:45:41.327998+00:00', '--job-id', '607', '--raw', '--subdir', 'DAGS_FOLDER/etl_dag.py', '--cfg-path', '/tmp/tmphzf7mi4h', '--error-file', '/tmp/tmpbqi48w27']
[2022-08-11 20:55:20,788] {standard_task_runner.py:80} INFO - Job 607: Subtask Load_into_daily_food_availability_table
[2022-08-11 20:55:20,994] {task_command.py:371} INFO - Running <TaskInstance: ETL_DAG_V7.Load_into_daily_food_availability_table manual__2022-08-11T20:45:41.327998+00:00 [running]> on host ce1be8c59d56
[2022-08-11 20:55:21,183] {taskinstance.py:1591} INFO - Exporting the following env vars:
AIRFLOW_CTX_DAG_OWNER=narapady
AIRFLOW_CTX_DAG_ID=ETL_DAG_V7
AIRFLOW_CTX_TASK_ID=Load_into_daily_food_availability_table
AIRFLOW_CTX_EXECUTION_DATE=2022-08-11T20:45:41.327998+00:00
AIRFLOW_CTX_TRY_NUMBER=1
AIRFLOW_CTX_DAG_RUN_ID=manual__2022-08-11T20:45:41.327998+00:00
[2022-08-11 20:55:21,189] {s3_to_snowflake.py:135} INFO - Executing COPY command...
[2022-08-11 20:55:21,220] {base.py:68} INFO - Using connection ID 'snowflake_conn' for task execution.
[2022-08-11 20:55:21,237] {connection.py:275} INFO - Snowflake Connector for Python Version: 2.7.11, Python Version: 3.7.13, Platform: Linux-5.10.104-linuxkit-aarch64-with-debian-11.3
[2022-08-11 20:55:21,245] {connection.py:927} INFO - This connection is in OCSP Fail Open Mode. TLS Certificates would be checked for validity and revocation status. Any other Certificate Revocation related exceptions or OCSP Responder failures would be disregarded in favor of connectivity.
[2022-08-11 20:55:21,247] {connection.py:944} INFO - Setting use_openssl_only mode to False
[2022-08-11 20:55:22,562] {cursor.py:715} INFO - query: [ALTER SESSION SET autocommit=True]
[2022-08-11 20:55:22,823] {cursor.py:739} INFO - query execution done
[2022-08-11 20:55:22,824] {snowflake.py:328} INFO - Running statement: COPY INTO public.daily_food_availability
FROM @s3_stage/
files=('loss-adjusted-food-availability-staged.csv')
file_format=csv_format, parameters: None
[2022-08-11 20:55:22,825] {cursor.py:715} INFO - query: [COPY INTO public.daily_food_availability FROM @s3_stage/ files=('loss-adjusted-f...]
[2022-08-11 20:55:24,907] {cursor.py:739} INFO - query execution done
[2022-08-11 20:55:24,909] {snowflake.py:338} INFO - Statement execution info - {'file': 's3://s3-bucket-staged/loss-adjusted-food-availability-staged.csv', 'status': 'LOADED', 'rows_parsed': 12447, 'rows_loaded': 12447, 'error_limit': 1, 'errors_seen': 0, 'first_error': None, 'first_error_line': None, 'first_error_character': None, 'first_error_column_name': None}
[2022-08-11 20:55:24,909] {snowflake.py:342} INFO - Rows affected: 1
[2022-08-11 20:55:24,911] {snowflake.py:343} INFO - Snowflake query id: 01a63947-0004-2874-001e-00070003707e
[2022-08-11 20:55:24,912] {connection.py:557} INFO - closed
[2022-08-11 20:55:25,120] {connection.py:560} INFO - No async queries seem to be running, deleting session
[2022-08-11 20:55:25,280] {s3_to_snowflake.py:137} INFO - COPY command completed
[2022-08-11 20:55:25,313] {taskinstance.py:1420} INFO - Marking task as SUCCESS. dag_id=ETL_DAG_V7, task_id=Load_into_daily_food_availability_table, execution_date=20220811T204541, start_date=20220811T205520, end_date=20220811T205525
[2022-08-11 20:55:25,405] {local_task_job.py:156} INFO - Task exited with return code 0
[2022-08-11 20:55:25,490] {local_task_job.py:273} INFO - 0 downstream tasks scheduled from follow-on schedule check
