[2022-08-08 20:28:11,123] {taskinstance.py:1179} INFO - Dependencies all met for <TaskInstance: ETL_DAG.Stager manual__2022-08-08T20:26:35.481143+00:00 [queued]>
[2022-08-08 20:28:11,130] {taskinstance.py:1179} INFO - Dependencies all met for <TaskInstance: ETL_DAG.Stager manual__2022-08-08T20:26:35.481143+00:00 [queued]>
[2022-08-08 20:28:11,131] {taskinstance.py:1376} INFO - 
--------------------------------------------------------------------------------
[2022-08-08 20:28:11,131] {taskinstance.py:1377} INFO - Starting attempt 1 of 6
[2022-08-08 20:28:11,132] {taskinstance.py:1378} INFO - 
--------------------------------------------------------------------------------
[2022-08-08 20:28:11,140] {taskinstance.py:1397} INFO - Executing <Task(PythonOperator): Stager> on 2022-08-08 20:26:35.481143+00:00
[2022-08-08 20:28:11,146] {standard_task_runner.py:52} INFO - Started process 14816 to run task
[2022-08-08 20:28:11,148] {standard_task_runner.py:79} INFO - Running: ['***', 'tasks', 'run', 'ETL_DAG', 'Stager', 'manual__2022-08-08T20:26:35.481143+00:00', '--job-id', '103', '--raw', '--subdir', 'DAGS_FOLDER/etl_dag.py', '--cfg-path', '/tmp/tmpu8_zq946', '--error-file', '/tmp/tmpmncc02ja']
[2022-08-08 20:28:11,150] {standard_task_runner.py:80} INFO - Job 103: Subtask Stager
[2022-08-08 20:28:11,192] {task_command.py:371} INFO - Running <TaskInstance: ETL_DAG.Stager manual__2022-08-08T20:26:35.481143+00:00 [running]> on host 8d3924a1d70c
[2022-08-08 20:28:11,234] {taskinstance.py:1591} INFO - Exporting the following env vars:
AIRFLOW_CTX_DAG_OWNER=narapady
AIRFLOW_CTX_DAG_ID=ETL_DAG
AIRFLOW_CTX_TASK_ID=Stager
AIRFLOW_CTX_EXECUTION_DATE=2022-08-08T20:26:35.481143+00:00
AIRFLOW_CTX_TRY_NUMBER=1
AIRFLOW_CTX_DAG_RUN_ID=manual__2022-08-08T20:26:35.481143+00:00
[2022-08-08 20:28:14,412] {logging_mixin.py:115} INFO - Successfully loaded Obesity_GDP_PanelData-staged.csv to s3-bucket-staged
[2022-08-08 20:28:36,631] {logging_mixin.py:115} INFO - Successfully loaded obesity-staged.csv to s3-bucket-staged
[2022-08-08 20:28:36,638] {python.py:173} INFO - Done. Returned value was: None
[2022-08-08 20:28:36,659] {taskinstance.py:1420} INFO - Marking task as SUCCESS. dag_id=ETL_DAG, task_id=Stager, execution_date=20220808T202635, start_date=20220808T202811, end_date=20220808T202836
[2022-08-08 20:28:36,697] {local_task_job.py:156} INFO - Task exited with return code 0
[2022-08-08 20:28:36,714] {local_task_job.py:273} INFO - 0 downstream tasks scheduled from follow-on schedule check
