[2022-08-11 21:34:06,183] {taskinstance.py:1179} INFO - Dependencies all met for <TaskInstance: ETL_DAG_V8.Ingest_from_food_consumption_estimates manual__2022-08-11T21:34:01.587578+00:00 [queued]>
[2022-08-11 21:34:06,200] {taskinstance.py:1179} INFO - Dependencies all met for <TaskInstance: ETL_DAG_V8.Ingest_from_food_consumption_estimates manual__2022-08-11T21:34:01.587578+00:00 [queued]>
[2022-08-11 21:34:06,202] {taskinstance.py:1376} INFO - 
--------------------------------------------------------------------------------
[2022-08-11 21:34:06,203] {taskinstance.py:1377} INFO - Starting attempt 1 of 6
[2022-08-11 21:34:06,204] {taskinstance.py:1378} INFO - 
--------------------------------------------------------------------------------
[2022-08-11 21:34:06,217] {taskinstance.py:1397} INFO - Executing <Task(PythonOperator): Ingest_from_food_consumption_estimates> on 2022-08-11 21:34:01.587578+00:00
[2022-08-11 21:34:06,233] {standard_task_runner.py:52} INFO - Started process 232 to run task
[2022-08-11 21:34:06,247] {standard_task_runner.py:79} INFO - Running: ['***', 'tasks', 'run', 'ETL_DAG_V8', 'Ingest_from_food_consumption_estimates', 'manual__2022-08-11T21:34:01.587578+00:00', '--job-id', '669', '--raw', '--subdir', 'DAGS_FOLDER/etl_dag.py', '--cfg-path', '/tmp/tmpg4ibjg4d', '--error-file', '/tmp/tmpx9isaupo']
[2022-08-11 21:34:06,253] {standard_task_runner.py:80} INFO - Job 669: Subtask Ingest_from_food_consumption_estimates
[2022-08-11 21:34:06,419] {task_command.py:371} INFO - Running <TaskInstance: ETL_DAG_V8.Ingest_from_food_consumption_estimates manual__2022-08-11T21:34:01.587578+00:00 [running]> on host a02c2b8cab8b
[2022-08-11 21:34:06,555] {taskinstance.py:1591} INFO - Exporting the following env vars:
AIRFLOW_CTX_DAG_OWNER=narapady
AIRFLOW_CTX_DAG_ID=ETL_DAG_V8
AIRFLOW_CTX_TASK_ID=Ingest_from_food_consumption_estimates
AIRFLOW_CTX_EXECUTION_DATE=2022-08-11T21:34:01.587578+00:00
AIRFLOW_CTX_TRY_NUMBER=1
AIRFLOW_CTX_DAG_RUN_ID=manual__2022-08-11T21:34:01.587578+00:00
[2022-08-11 21:34:14,545] {logging_mixin.py:115} INFO - Successfully uploaded food-consumption-estimates/food_table1.xlsx to s3-bucket-raw-usda
[2022-08-11 21:34:15,830] {logging_mixin.py:115} INFO - Successfully uploaded food-consumption-estimates/food_table2.xlsx to s3-bucket-raw-usda
[2022-08-11 21:34:16,947] {logging_mixin.py:115} INFO - Successfully uploaded food-consumption-estimates/food_table3.xlsx to s3-bucket-raw-usda
[2022-08-11 21:34:16,949] {python.py:173} INFO - Done. Returned value was: None
[2022-08-11 21:34:17,089] {taskinstance.py:1420} INFO - Marking task as SUCCESS. dag_id=ETL_DAG_V8, task_id=Ingest_from_food_consumption_estimates, execution_date=20220811T213401, start_date=20220811T213406, end_date=20220811T213417
[2022-08-11 21:34:17,135] {local_task_job.py:156} INFO - Task exited with return code 0
[2022-08-11 21:34:17,164] {local_task_job.py:273} INFO - 0 downstream tasks scheduled from follow-on schedule check
