[2022-08-11 21:16:08,194] {taskinstance.py:1179} INFO - Dependencies all met for <TaskInstance: ETL_DAG_V8.Ingest_from_consumer_price_index manual__2022-08-11T21:16:03.096610+00:00 [queued]>
[2022-08-11 21:16:08,218] {taskinstance.py:1179} INFO - Dependencies all met for <TaskInstance: ETL_DAG_V8.Ingest_from_consumer_price_index manual__2022-08-11T21:16:03.096610+00:00 [queued]>
[2022-08-11 21:16:08,225] {taskinstance.py:1376} INFO - 
--------------------------------------------------------------------------------
[2022-08-11 21:16:08,226] {taskinstance.py:1377} INFO - Starting attempt 1 of 6
[2022-08-11 21:16:08,227] {taskinstance.py:1378} INFO - 
--------------------------------------------------------------------------------
[2022-08-11 21:16:08,261] {taskinstance.py:1397} INFO - Executing <Task(PythonOperator): Ingest_from_consumer_price_index> on 2022-08-11 21:16:03.096610+00:00
[2022-08-11 21:16:08,268] {standard_task_runner.py:52} INFO - Started process 10114 to run task
[2022-08-11 21:16:08,282] {standard_task_runner.py:79} INFO - Running: ['***', 'tasks', 'run', 'ETL_DAG_V8', 'Ingest_from_consumer_price_index', 'manual__2022-08-11T21:16:03.096610+00:00', '--job-id', '632', '--raw', '--subdir', 'DAGS_FOLDER/etl_dag.py', '--cfg-path', '/tmp/tmpq80gg9q3', '--error-file', '/tmp/tmp2z_ral1_']
[2022-08-11 21:16:08,300] {standard_task_runner.py:80} INFO - Job 632: Subtask Ingest_from_consumer_price_index
[2022-08-11 21:16:08,421] {task_command.py:371} INFO - Running <TaskInstance: ETL_DAG_V8.Ingest_from_consumer_price_index manual__2022-08-11T21:16:03.096610+00:00 [running]> on host ce1be8c59d56
[2022-08-11 21:16:08,560] {taskinstance.py:1591} INFO - Exporting the following env vars:
AIRFLOW_CTX_DAG_OWNER=narapady
AIRFLOW_CTX_DAG_ID=ETL_DAG_V8
AIRFLOW_CTX_TASK_ID=Ingest_from_consumer_price_index
AIRFLOW_CTX_EXECUTION_DATE=2022-08-11T21:16:03.096610+00:00
AIRFLOW_CTX_TRY_NUMBER=1
AIRFLOW_CTX_DAG_RUN_ID=manual__2022-08-11T21:16:03.096610+00:00
[2022-08-11 21:16:16,262] {logging_mixin.py:115} INFO - Successfully uploaded consumer-price-index/CPIforecast.xlsx to s3-bucket-raw-usda
[2022-08-11 21:16:17,557] {logging_mixin.py:115} INFO - Successfully uploaded consumer-price-index/historicalcpi.xlsx to s3-bucket-raw-usda
[2022-08-11 21:16:17,559] {python.py:173} INFO - Done. Returned value was: None
[2022-08-11 21:16:17,695] {taskinstance.py:1420} INFO - Marking task as SUCCESS. dag_id=ETL_DAG_V8, task_id=Ingest_from_consumer_price_index, execution_date=20220811T211603, start_date=20220811T211608, end_date=20220811T211617
[2022-08-11 21:16:17,747] {local_task_job.py:156} INFO - Task exited with return code 0
[2022-08-11 21:16:17,775] {local_task_job.py:273} INFO - 0 downstream tasks scheduled from follow-on schedule check
