[2022-08-14 16:48:33,183] {taskinstance.py:1179} INFO - Dependencies all met for <TaskInstance: ETL_DAG.Ingest_from_2016 manual__2022-08-14T16:48:28.179984+00:00 [queued]>
[2022-08-14 16:48:33,195] {taskinstance.py:1179} INFO - Dependencies all met for <TaskInstance: ETL_DAG.Ingest_from_2016 manual__2022-08-14T16:48:28.179984+00:00 [queued]>
[2022-08-14 16:48:33,196] {taskinstance.py:1376} INFO - 
--------------------------------------------------------------------------------
[2022-08-14 16:48:33,197] {taskinstance.py:1377} INFO - Starting attempt 1 of 6
[2022-08-14 16:48:33,198] {taskinstance.py:1378} INFO - 
--------------------------------------------------------------------------------
[2022-08-14 16:48:33,214] {taskinstance.py:1397} INFO - Executing <Task(PythonOperator): Ingest_from_2016> on 2022-08-14 16:48:28.179984+00:00
[2022-08-14 16:48:33,223] {standard_task_runner.py:52} INFO - Started process 474 to run task
[2022-08-14 16:48:33,233] {standard_task_runner.py:79} INFO - Running: ['***', 'tasks', 'run', 'ETL_DAG', 'Ingest_from_2016', 'manual__2022-08-14T16:48:28.179984+00:00', '--job-id', '943', '--raw', '--subdir', 'DAGS_FOLDER/etl_dag.py', '--cfg-path', '/tmp/tmpycio7cao', '--error-file', '/tmp/tmp6f6840pw']
[2022-08-14 16:48:33,236] {standard_task_runner.py:80} INFO - Job 943: Subtask Ingest_from_2016
[2022-08-14 16:48:33,357] {task_command.py:371} INFO - Running <TaskInstance: ETL_DAG.Ingest_from_2016 manual__2022-08-14T16:48:28.179984+00:00 [running]> on host 0dbf9d5e5cdb
[2022-08-14 16:48:33,443] {taskinstance.py:1591} INFO - Exporting the following env vars:
AIRFLOW_CTX_DAG_OWNER=narapady
AIRFLOW_CTX_DAG_ID=ETL_DAG
AIRFLOW_CTX_TASK_ID=Ingest_from_2016
AIRFLOW_CTX_EXECUTION_DATE=2022-08-14T16:48:28.179984+00:00
AIRFLOW_CTX_TRY_NUMBER=1
AIRFLOW_CTX_DAG_RUN_ID=manual__2022-08-14T16:48:28.179984+00:00
[2022-08-14 16:48:39,518] {logging_mixin.py:115} INFO - Successfully uploaded 2016/Table1_2016.xlsx to s3-bucket-raw-usda
[2022-08-14 16:48:40,750] {logging_mixin.py:115} INFO - Successfully uploaded 2016/Table2_2016.xlsx to s3-bucket-raw-usda
[2022-08-14 16:48:42,016] {logging_mixin.py:115} INFO - Successfully uploaded 2016/Table3_2016.xlsx to s3-bucket-raw-usda
[2022-08-14 16:48:43,268] {logging_mixin.py:115} INFO - Successfully uploaded 2016/Table4_2016.xlsx to s3-bucket-raw-usda
[2022-08-14 16:48:44,411] {logging_mixin.py:115} INFO - Successfully uploaded 2016/Table5_2016.xlsx to s3-bucket-raw-usda
[2022-08-14 16:48:45,583] {logging_mixin.py:115} INFO - Successfully uploaded 2016/Table6_2016.xlsx to s3-bucket-raw-usda
[2022-08-14 16:48:46,786] {logging_mixin.py:115} INFO - Successfully uploaded 2016/Table7_2016.xlsx to s3-bucket-raw-usda
[2022-08-14 16:48:48,017] {logging_mixin.py:115} INFO - Successfully uploaded 2016/Table8_2016.xlsx to s3-bucket-raw-usda
[2022-08-14 16:48:48,019] {python.py:173} INFO - Done. Returned value was: None
[2022-08-14 16:48:48,030] {taskinstance.py:1420} INFO - Marking task as SUCCESS. dag_id=ETL_DAG, task_id=Ingest_from_2016, execution_date=20220814T164828, start_date=20220814T164833, end_date=20220814T164848
[2022-08-14 16:48:48,081] {local_task_job.py:156} INFO - Task exited with return code 0
[2022-08-14 16:48:48,112] {local_task_job.py:273} INFO - 0 downstream tasks scheduled from follow-on schedule check
