[2022-08-11 20:49:43,076] {taskinstance.py:1179} INFO - Dependencies all met for <TaskInstance: ETL_DAG_V7.Create_s3_bucket_transform manual__2022-08-11T02:24:39.409501+00:00 [queued]>
[2022-08-11 20:49:43,084] {taskinstance.py:1179} INFO - Dependencies all met for <TaskInstance: ETL_DAG_V7.Create_s3_bucket_transform manual__2022-08-11T02:24:39.409501+00:00 [queued]>
[2022-08-11 20:49:43,085] {taskinstance.py:1376} INFO - 
--------------------------------------------------------------------------------
[2022-08-11 20:49:43,086] {taskinstance.py:1377} INFO - Starting attempt 1 of 6
[2022-08-11 20:49:43,087] {taskinstance.py:1378} INFO - 
--------------------------------------------------------------------------------
[2022-08-11 20:49:43,094] {taskinstance.py:1397} INFO - Executing <Task(PythonOperator): Create_s3_bucket_transform> on 2022-08-11 02:24:39.409501+00:00
[2022-08-11 20:49:43,101] {standard_task_runner.py:52} INFO - Started process 8159 to run task
[2022-08-11 20:49:43,104] {standard_task_runner.py:79} INFO - Running: ['***', 'tasks', 'run', 'ETL_DAG_V7', 'Create_s3_bucket_transform', 'manual__2022-08-11T02:24:39.409501+00:00', '--job-id', '593', '--raw', '--subdir', 'DAGS_FOLDER/etl_dag.py', '--cfg-path', '/tmp/tmp1561thz7', '--error-file', '/tmp/tmpzx5libht']
[2022-08-11 20:49:43,106] {standard_task_runner.py:80} INFO - Job 593: Subtask Create_s3_bucket_transform
[2022-08-11 20:49:43,158] {task_command.py:371} INFO - Running <TaskInstance: ETL_DAG_V7.Create_s3_bucket_transform manual__2022-08-11T02:24:39.409501+00:00 [running]> on host ce1be8c59d56
[2022-08-11 20:49:43,210] {taskinstance.py:1591} INFO - Exporting the following env vars:
AIRFLOW_CTX_DAG_OWNER=narapady
AIRFLOW_CTX_DAG_ID=ETL_DAG_V7
AIRFLOW_CTX_TASK_ID=Create_s3_bucket_transform
AIRFLOW_CTX_EXECUTION_DATE=2022-08-11T02:24:39.409501+00:00
AIRFLOW_CTX_TRY_NUMBER=1
AIRFLOW_CTX_DAG_RUN_ID=manual__2022-08-11T02:24:39.409501+00:00
[2022-08-11 20:49:43,920] {python.py:173} INFO - Done. Returned value was: {'ResponseMetadata': {'RequestId': 'R2VCMY8G69PPD0J8', 'HostId': 'h5rAD9rI4RzoZx8MmJ2Dg2hba+yzsV/XJLV0MpesOOHQU7+4m40PjGTT9RCIaJf2Lanlp8ant6Y=', 'HTTPStatusCode': 200, 'HTTPHeaders': {'x-amz-id-2': 'h5rAD9rI4RzoZx8MmJ2Dg2hba+yzsV/XJLV0MpesOOHQU7+4m40PjGTT9RCIaJf2Lanlp8ant6Y=', 'x-amz-request-id': 'R2VCMY8G69PPD0J8', 'date': 'Thu, 11 Aug 2022 20:49:44 GMT', 'location': '/s3-bucket-clean-usda', 'server': 'AmazonS3', 'content-length': '0'}, 'RetryAttempts': 0}, 'Location': '/s3-bucket-clean-usda'}
[2022-08-11 20:49:43,951] {taskinstance.py:1420} INFO - Marking task as SUCCESS. dag_id=ETL_DAG_V7, task_id=Create_s3_bucket_transform, execution_date=20220811T022439, start_date=20220811T204943, end_date=20220811T204943
[2022-08-11 20:49:43,972] {local_task_job.py:156} INFO - Task exited with return code 0
[2022-08-11 20:49:44,006] {local_task_job.py:273} INFO - 8 downstream tasks scheduled from follow-on schedule check
