[2022-08-08 06:42:59,994] {taskinstance.py:1179} INFO - Dependencies all met for <TaskInstance: etl_dag.Ingest manual__2022-08-08T06:37:56.945798+00:00 [queued]>
[2022-08-08 06:42:59,999] {taskinstance.py:1179} INFO - Dependencies all met for <TaskInstance: etl_dag.Ingest manual__2022-08-08T06:37:56.945798+00:00 [queued]>
[2022-08-08 06:43:00,000] {taskinstance.py:1376} INFO - 
--------------------------------------------------------------------------------
[2022-08-08 06:43:00,001] {taskinstance.py:1377} INFO - Starting attempt 2 of 6
[2022-08-08 06:43:00,002] {taskinstance.py:1378} INFO - 
--------------------------------------------------------------------------------
[2022-08-08 06:43:00,010] {taskinstance.py:1397} INFO - Executing <Task(PythonOperator): Ingest> on 2022-08-08 06:37:56.945798+00:00
[2022-08-08 06:43:00,015] {standard_task_runner.py:52} INFO - Started process 4974 to run task
[2022-08-08 06:43:00,018] {standard_task_runner.py:79} INFO - Running: ['***', 'tasks', 'run', 'etl_dag', 'Ingest', 'manual__2022-08-08T06:37:56.945798+00:00', '--job-id', '89', '--raw', '--subdir', 'DAGS_FOLDER/etl_dag.py', '--cfg-path', '/tmp/tmpc07syije', '--error-file', '/tmp/tmpgc0_kyaw']
[2022-08-08 06:43:00,020] {standard_task_runner.py:80} INFO - Job 89: Subtask Ingest
[2022-08-08 06:43:00,066] {task_command.py:371} INFO - Running <TaskInstance: etl_dag.Ingest manual__2022-08-08T06:37:56.945798+00:00 [running]> on host 8d3924a1d70c
[2022-08-08 06:43:00,109] {taskinstance.py:1591} INFO - Exporting the following env vars:
AIRFLOW_CTX_DAG_OWNER=narapady
AIRFLOW_CTX_DAG_ID=etl_dag
AIRFLOW_CTX_TASK_ID=Ingest
AIRFLOW_CTX_EXECUTION_DATE=2022-08-08T06:37:56.945798+00:00
AIRFLOW_CTX_TRY_NUMBER=2
AIRFLOW_CTX_DAG_RUN_ID=manual__2022-08-08T06:37:56.945798+00:00
[2022-08-08 06:43:00,949] {taskinstance.py:1909} ERROR - Task failed with exception
Traceback (most recent call last):
  File "/home/airflow/.local/lib/python3.7/site-packages/airflow/operators/python.py", line 171, in execute
    return_value = self.execute_callable()
  File "/home/airflow/.local/lib/python3.7/site-packages/airflow/operators/python.py", line 189, in execute_callable
    return self.python_callable(*self.op_args, **self.op_kwargs)
  File "/opt/airflow/dags/ingest/ingestor.py", line 124, in run
    ingestor_usda.ingest()
  File "/opt/airflow/dags/ingest/ingestor.py", line 106, in ingest
    ingest_usda(self.s3, self.usda_source, self.bucket_name)
AttributeError: 'Ingestor' object has no attribute 'usda_source'
[2022-08-08 06:43:00,959] {taskinstance.py:1420} INFO - Marking task as UP_FOR_RETRY. dag_id=etl_dag, task_id=Ingest, execution_date=20220808T063756, start_date=20220808T064259, end_date=20220808T064300
[2022-08-08 06:43:00,969] {standard_task_runner.py:97} ERROR - Failed to execute job 89 for task Ingest ('Ingestor' object has no attribute 'usda_source'; 4974)
[2022-08-08 06:43:00,998] {local_task_job.py:156} INFO - Task exited with return code 1
[2022-08-08 06:43:01,021] {local_task_job.py:273} INFO - 0 downstream tasks scheduled from follow-on schedule check
