[2022-08-08 06:37:58,232] {taskinstance.py:1179} INFO - Dependencies all met for <TaskInstance: etl_dag.Ingest manual__2022-08-08T06:37:56.945798+00:00 [queued]>
[2022-08-08 06:37:58,238] {taskinstance.py:1179} INFO - Dependencies all met for <TaskInstance: etl_dag.Ingest manual__2022-08-08T06:37:56.945798+00:00 [queued]>
[2022-08-08 06:37:58,239] {taskinstance.py:1376} INFO - 
--------------------------------------------------------------------------------
[2022-08-08 06:37:58,240] {taskinstance.py:1377} INFO - Starting attempt 1 of 6
[2022-08-08 06:37:58,241] {taskinstance.py:1378} INFO - 
--------------------------------------------------------------------------------
[2022-08-08 06:37:58,248] {taskinstance.py:1397} INFO - Executing <Task(PythonOperator): Ingest> on 2022-08-08 06:37:56.945798+00:00
[2022-08-08 06:37:58,253] {standard_task_runner.py:52} INFO - Started process 4659 to run task
[2022-08-08 06:37:58,256] {standard_task_runner.py:79} INFO - Running: ['***', 'tasks', 'run', 'etl_dag', 'Ingest', 'manual__2022-08-08T06:37:56.945798+00:00', '--job-id', '88', '--raw', '--subdir', 'DAGS_FOLDER/etl_dag.py', '--cfg-path', '/tmp/tmprsk5260h', '--error-file', '/tmp/tmpngww_6_y']
[2022-08-08 06:37:58,259] {standard_task_runner.py:80} INFO - Job 88: Subtask Ingest
[2022-08-08 06:37:58,306] {task_command.py:371} INFO - Running <TaskInstance: etl_dag.Ingest manual__2022-08-08T06:37:56.945798+00:00 [running]> on host 8d3924a1d70c
[2022-08-08 06:37:58,351] {taskinstance.py:1591} INFO - Exporting the following env vars:
AIRFLOW_CTX_DAG_OWNER=narapady
AIRFLOW_CTX_DAG_ID=etl_dag
AIRFLOW_CTX_TASK_ID=Ingest
AIRFLOW_CTX_EXECUTION_DATE=2022-08-08T06:37:56.945798+00:00
AIRFLOW_CTX_TRY_NUMBER=1
AIRFLOW_CTX_DAG_RUN_ID=manual__2022-08-08T06:37:56.945798+00:00
[2022-08-08 06:37:59,211] {taskinstance.py:1909} ERROR - Task failed with exception
Traceback (most recent call last):
  File "/home/airflow/.local/lib/python3.7/site-packages/airflow/operators/python.py", line 171, in execute
    return_value = self.execute_callable()
  File "/home/airflow/.local/lib/python3.7/site-packages/airflow/operators/python.py", line 189, in execute_callable
    return self.python_callable(*self.op_args, **self.op_kwargs)
  File "/opt/airflow/dags/ingest/ingestor.py", line 123, in run
    ingestor_usda = Ingestor(s3, source.USDA_URL, "s3-bucket-raw-usda")
NameError: name 'source' is not defined
[2022-08-08 06:37:59,246] {taskinstance.py:1420} INFO - Marking task as UP_FOR_RETRY. dag_id=etl_dag, task_id=Ingest, execution_date=20220808T063756, start_date=20220808T063758, end_date=20220808T063759
[2022-08-08 06:37:59,262] {standard_task_runner.py:97} ERROR - Failed to execute job 88 for task Ingest (name 'source' is not defined; 4659)
[2022-08-08 06:37:59,290] {local_task_job.py:156} INFO - Task exited with return code 1
[2022-08-08 06:37:59,315] {local_task_job.py:273} INFO - 0 downstream tasks scheduled from follow-on schedule check
