[2022-08-11 21:19:59,821] {taskinstance.py:1179} INFO - Dependencies all met for <TaskInstance: ETL_DAG_V8.Transform_nutrient-intake-estimates manual__2022-08-11T21:16:03.096610+00:00 [queued]>
[2022-08-11 21:19:59,836] {taskinstance.py:1179} INFO - Dependencies all met for <TaskInstance: ETL_DAG_V8.Transform_nutrient-intake-estimates manual__2022-08-11T21:16:03.096610+00:00 [queued]>
[2022-08-11 21:19:59,839] {taskinstance.py:1376} INFO - 
--------------------------------------------------------------------------------
[2022-08-11 21:19:59,842] {taskinstance.py:1377} INFO - Starting attempt 1 of 6
[2022-08-11 21:19:59,843] {taskinstance.py:1378} INFO - 
--------------------------------------------------------------------------------
[2022-08-11 21:19:59,853] {taskinstance.py:1397} INFO - Executing <Task(PythonOperator): Transform_nutrient-intake-estimates> on 2022-08-11 21:16:03.096610+00:00
[2022-08-11 21:19:59,864] {standard_task_runner.py:52} INFO - Started process 10391 to run task
[2022-08-11 21:19:59,876] {standard_task_runner.py:79} INFO - Running: ['***', 'tasks', 'run', 'ETL_DAG_V8', 'Transform_nutrient-intake-estimates', 'manual__2022-08-11T21:16:03.096610+00:00', '--job-id', '643', '--raw', '--subdir', 'DAGS_FOLDER/etl_dag.py', '--cfg-path', '/tmp/tmpw1xs85nc', '--error-file', '/tmp/tmpsf0u1em1']
[2022-08-11 21:19:59,880] {standard_task_runner.py:80} INFO - Job 643: Subtask Transform_nutrient-intake-estimates
[2022-08-11 21:19:59,987] {task_command.py:371} INFO - Running <TaskInstance: ETL_DAG_V8.Transform_nutrient-intake-estimates manual__2022-08-11T21:16:03.096610+00:00 [running]> on host ce1be8c59d56
[2022-08-11 21:20:00,094] {taskinstance.py:1591} INFO - Exporting the following env vars:
AIRFLOW_CTX_DAG_OWNER=narapady
AIRFLOW_CTX_DAG_ID=ETL_DAG_V8
AIRFLOW_CTX_TASK_ID=Transform_nutrient-intake-estimates
AIRFLOW_CTX_EXECUTION_DATE=2022-08-11T21:16:03.096610+00:00
AIRFLOW_CTX_TRY_NUMBER=1
AIRFLOW_CTX_DAG_RUN_ID=manual__2022-08-11T21:16:03.096610+00:00
[2022-08-11 21:20:16,421] {logging_mixin.py:115} INFO - Successfully process nutrient-intake-estimates-clean/Total population-2015-2016.csv to S3
[2022-08-11 21:20:16,726] {logging_mixin.py:115} INFO - Successfully process nutrient-intake-estimates-clean/Total population-2017-2018.csv to S3
[2022-08-11 21:20:17,003] {logging_mixin.py:115} INFO - Successfully process nutrient-intake-estimates-clean/Children age 2–19-2015-2016.csv to S3
[2022-08-11 21:20:17,297] {logging_mixin.py:115} INFO - Successfully process nutrient-intake-estimates-clean/Children age 2–19-2017-2018.csv to S3
[2022-08-11 21:20:17,640] {logging_mixin.py:115} INFO - Successfully process nutrient-intake-estimates-clean/Adults age 20-64-2015-2016.csv to S3
[2022-08-11 21:20:17,958] {logging_mixin.py:115} INFO - Successfully process nutrient-intake-estimates-clean/Adults age 20-64-2017-2018.csv to S3
[2022-08-11 21:20:18,286] {logging_mixin.py:115} INFO - Successfully process nutrient-intake-estimates-clean/Seniors age 65 and above-2015-2016.csv to S3
[2022-08-11 21:20:18,580] {logging_mixin.py:115} INFO - Successfully process nutrient-intake-estimates-clean/Seniors age 65 and above-2017-2018.csv to S3
[2022-08-11 21:20:18,950] {logging_mixin.py:115} INFO - Successfully process nutrient-intake-estimates-clean/Household income < 185% poverty line-2015-2016.csv to S3
[2022-08-11 21:20:19,304] {logging_mixin.py:115} INFO - Successfully process nutrient-intake-estimates-clean/Household income < 185% poverty line-2017-2018.csv to S3
[2022-08-11 21:20:19,608] {logging_mixin.py:115} INFO - Successfully process nutrient-intake-estimates-clean/Household income 185–300% poverty line-2015-2016.csv to S3
[2022-08-11 21:20:19,920] {logging_mixin.py:115} INFO - Successfully process nutrient-intake-estimates-clean/Household income 185–300% poverty line-2017-2018.csv to S3
[2022-08-11 21:20:20,245] {logging_mixin.py:115} INFO - Successfully process nutrient-intake-estimates-clean/Household income > 300% poverty line-2015-2016.csv to S3
[2022-08-11 21:20:20,547] {logging_mixin.py:115} INFO - Successfully process nutrient-intake-estimates-clean/Household income > 300% poverty line-2017-2018.csv to S3
[2022-08-11 21:20:20,554] {python.py:173} INFO - Done. Returned value was: None
[2022-08-11 21:20:20,575] {taskinstance.py:1420} INFO - Marking task as SUCCESS. dag_id=ETL_DAG_V8, task_id=Transform_nutrient-intake-estimates, execution_date=20220811T211603, start_date=20220811T211959, end_date=20220811T212020
[2022-08-11 21:20:20,638] {local_task_job.py:156} INFO - Task exited with return code 0
[2022-08-11 21:20:20,665] {local_task_job.py:273} INFO - 0 downstream tasks scheduled from follow-on schedule check
