[2022-08-11 06:49:44,869] {taskinstance.py:1179} INFO - Dependencies all met for <TaskInstance: ETL_DAG.Load_into_obesity_world_table manual__2022-08-11T06:31:20.995330+00:00 [queued]>
[2022-08-11 06:49:44,900] {taskinstance.py:1179} INFO - Dependencies all met for <TaskInstance: ETL_DAG.Load_into_obesity_world_table manual__2022-08-11T06:31:20.995330+00:00 [queued]>
[2022-08-11 06:49:44,903] {taskinstance.py:1376} INFO - 
--------------------------------------------------------------------------------
[2022-08-11 06:49:44,905] {taskinstance.py:1377} INFO - Starting attempt 1 of 6
[2022-08-11 06:49:44,906] {taskinstance.py:1378} INFO - 
--------------------------------------------------------------------------------
[2022-08-11 06:49:44,941] {taskinstance.py:1397} INFO - Executing <Task(S3ToSnowflakeOperator): Load_into_obesity_world_table> on 2022-08-11 06:31:20.995330+00:00
[2022-08-11 06:49:44,964] {standard_task_runner.py:52} INFO - Started process 22651 to run task
[2022-08-11 06:49:44,980] {standard_task_runner.py:79} INFO - Running: ['***', 'tasks', 'run', 'ETL_DAG', 'Load_into_obesity_world_table', 'manual__2022-08-11T06:31:20.995330+00:00', '--job-id', '409', '--raw', '--subdir', 'DAGS_FOLDER/etl_dag.py', '--cfg-path', '/tmp/tmpmlsl2ari', '--error-file', '/tmp/tmpocx5p1k2']
[2022-08-11 06:49:44,989] {standard_task_runner.py:80} INFO - Job 409: Subtask Load_into_obesity_world_table
[2022-08-11 06:49:45,100] {task_command.py:371} INFO - Running <TaskInstance: ETL_DAG.Load_into_obesity_world_table manual__2022-08-11T06:31:20.995330+00:00 [running]> on host c9fcec21ee59
[2022-08-11 06:49:45,223] {taskinstance.py:1591} INFO - Exporting the following env vars:
AIRFLOW_CTX_DAG_OWNER=narapady
AIRFLOW_CTX_DAG_ID=ETL_DAG
AIRFLOW_CTX_TASK_ID=Load_into_obesity_world_table
AIRFLOW_CTX_EXECUTION_DATE=2022-08-11T06:31:20.995330+00:00
AIRFLOW_CTX_TRY_NUMBER=1
AIRFLOW_CTX_DAG_RUN_ID=manual__2022-08-11T06:31:20.995330+00:00
[2022-08-11 06:49:45,227] {s3_to_snowflake.py:135} INFO - Executing COPY command...
[2022-08-11 06:49:45,237] {base.py:68} INFO - Using connection ID 'snowflake_conn' for task execution.
[2022-08-11 06:49:45,242] {connection.py:275} INFO - Snowflake Connector for Python Version: 2.7.11, Python Version: 3.7.13, Platform: Linux-5.10.104-linuxkit-aarch64-with-debian-11.3
[2022-08-11 06:49:45,244] {connection.py:927} INFO - This connection is in OCSP Fail Open Mode. TLS Certificates would be checked for validity and revocation status. Any other Certificate Revocation related exceptions or OCSP Responder failures would be disregarded in favor of connectivity.
[2022-08-11 06:49:45,247] {connection.py:944} INFO - Setting use_openssl_only mode to False
[2022-08-11 06:49:46,599] {cursor.py:715} INFO - query: [ALTER SESSION SET autocommit=True]
[2022-08-11 06:49:46,856] {cursor.py:739} INFO - query execution done
[2022-08-11 06:49:46,858] {snowflake.py:328} INFO - Running statement: COPY INTO public.obesity_world
FROM @s3_stage/
files=('obesity-staged.csv')
file_format=csv_format, parameters: None
[2022-08-11 06:49:46,860] {cursor.py:715} INFO - query: [COPY INTO public.obesity_world FROM @s3_stage/ files=('obesity-staged.csv') file...]
[2022-08-11 06:49:47,734] {cursor.py:739} INFO - query execution done
[2022-08-11 06:49:47,736] {snowflake.py:338} INFO - Statement execution info - {'file': 's3://s3-bucket-staged/obesity-staged.csv', 'status': 'LOADED', 'rows_parsed': 24570, 'rows_loaded': 24570, 'error_limit': 1, 'errors_seen': 0, 'first_error': None, 'first_error_line': None, 'first_error_character': None, 'first_error_column_name': None}
[2022-08-11 06:49:47,737] {snowflake.py:342} INFO - Rows affected: 1
[2022-08-11 06:49:47,738] {snowflake.py:343} INFO - Snowflake query id: 01a635f9-0004-2870-001e-000700030592
[2022-08-11 06:49:47,739] {connection.py:557} INFO - closed
[2022-08-11 06:49:47,884] {connection.py:560} INFO - No async queries seem to be running, deleting session
[2022-08-11 06:49:48,078] {s3_to_snowflake.py:137} INFO - COPY command completed
[2022-08-11 06:49:48,092] {taskinstance.py:1420} INFO - Marking task as SUCCESS. dag_id=ETL_DAG, task_id=Load_into_obesity_world_table, execution_date=20220811T063120, start_date=20220811T064944, end_date=20220811T064948
[2022-08-11 06:49:48,150] {local_task_job.py:156} INFO - Task exited with return code 0
[2022-08-11 06:49:48,176] {local_task_job.py:273} INFO - 0 downstream tasks scheduled from follow-on schedule check
