[2022-08-12 05:38:44,073] {taskinstance.py:1179} INFO - Dependencies all met for <TaskInstance: ETL_DAG.Stage_food-consumption-estimates-clean manual__2022-08-12T05:33:31.619708+00:00 [queued]>
[2022-08-12 05:38:44,098] {taskinstance.py:1179} INFO - Dependencies all met for <TaskInstance: ETL_DAG.Stage_food-consumption-estimates-clean manual__2022-08-12T05:33:31.619708+00:00 [queued]>
[2022-08-12 05:38:44,100] {taskinstance.py:1376} INFO - 
--------------------------------------------------------------------------------
[2022-08-12 05:38:44,101] {taskinstance.py:1377} INFO - Starting attempt 1 of 6
[2022-08-12 05:38:44,102] {taskinstance.py:1378} INFO - 
--------------------------------------------------------------------------------
[2022-08-12 05:38:44,122] {taskinstance.py:1397} INFO - Executing <Task(PythonOperator): Stage_food-consumption-estimates-clean> on 2022-08-12 05:33:31.619708+00:00
[2022-08-12 05:38:44,134] {standard_task_runner.py:52} INFO - Started process 723 to run task
[2022-08-12 05:38:44,145] {standard_task_runner.py:79} INFO - Running: ['***', 'tasks', 'run', 'ETL_DAG', 'Stage_food-consumption-estimates-clean', 'manual__2022-08-12T05:33:31.619708+00:00', '--job-id', '871', '--raw', '--subdir', 'DAGS_FOLDER/etl_dag.py', '--cfg-path', '/tmp/tmpjdyexd63', '--error-file', '/tmp/tmp7l984g5_']
[2022-08-12 05:38:44,151] {standard_task_runner.py:80} INFO - Job 871: Subtask Stage_food-consumption-estimates-clean
[2022-08-12 05:38:44,222] {task_command.py:371} INFO - Running <TaskInstance: ETL_DAG.Stage_food-consumption-estimates-clean manual__2022-08-12T05:33:31.619708+00:00 [running]> on host 959a8f00817b
[2022-08-12 05:38:44,274] {taskinstance.py:1591} INFO - Exporting the following env vars:
AIRFLOW_CTX_DAG_OWNER=narapady
AIRFLOW_CTX_DAG_ID=ETL_DAG
AIRFLOW_CTX_TASK_ID=Stage_food-consumption-estimates-clean
AIRFLOW_CTX_EXECUTION_DATE=2022-08-12T05:33:31.619708+00:00
AIRFLOW_CTX_TRY_NUMBER=1
AIRFLOW_CTX_DAG_RUN_ID=manual__2022-08-12T05:33:31.619708+00:00
[2022-08-12 05:38:55,401] {logging_mixin.py:115} INFO - Successfully loaded food-consumption-estimates-staged.csv to s3-bucket-staged
[2022-08-12 05:38:55,403] {python.py:173} INFO - Done. Returned value was: None
[2022-08-12 05:38:55,413] {taskinstance.py:1420} INFO - Marking task as SUCCESS. dag_id=ETL_DAG, task_id=Stage_food-consumption-estimates-clean, execution_date=20220812T053331, start_date=20220812T053844, end_date=20220812T053855
[2022-08-12 05:38:55,460] {local_task_job.py:156} INFO - Task exited with return code 0
[2022-08-12 05:38:55,487] {local_task_job.py:273} INFO - 0 downstream tasks scheduled from follow-on schedule check
