[2022-08-12 18:24:59,515] {taskinstance.py:1179} INFO - Dependencies all met for <TaskInstance: ETL_DAG.Transform_2015 manual__2022-08-12T18:20:52.559703+00:00 [queued]>
[2022-08-12 18:24:59,524] {taskinstance.py:1179} INFO - Dependencies all met for <TaskInstance: ETL_DAG.Transform_2015 manual__2022-08-12T18:20:52.559703+00:00 [queued]>
[2022-08-12 18:24:59,525] {taskinstance.py:1376} INFO - 
--------------------------------------------------------------------------------
[2022-08-12 18:24:59,526] {taskinstance.py:1377} INFO - Starting attempt 1 of 6
[2022-08-12 18:24:59,527] {taskinstance.py:1378} INFO - 
--------------------------------------------------------------------------------
[2022-08-12 18:24:59,539] {taskinstance.py:1397} INFO - Executing <Task(PythonOperator): Transform_2015> on 2022-08-12 18:20:52.559703+00:00
[2022-08-12 18:24:59,546] {standard_task_runner.py:52} INFO - Started process 554 to run task
[2022-08-12 18:24:59,551] {standard_task_runner.py:79} INFO - Running: ['***', 'tasks', 'run', 'ETL_DAG', 'Transform_2015', 'manual__2022-08-12T18:20:52.559703+00:00', '--job-id', '902', '--raw', '--subdir', 'DAGS_FOLDER/etl_dag.py', '--cfg-path', '/tmp/tmp1lrcscey', '--error-file', '/tmp/tmpahyidtq3']
[2022-08-12 18:24:59,554] {standard_task_runner.py:80} INFO - Job 902: Subtask Transform_2015
[2022-08-12 18:24:59,623] {task_command.py:371} INFO - Running <TaskInstance: ETL_DAG.Transform_2015 manual__2022-08-12T18:20:52.559703+00:00 [running]> on host 00aa0783f116
[2022-08-12 18:24:59,675] {taskinstance.py:1591} INFO - Exporting the following env vars:
AIRFLOW_CTX_DAG_OWNER=narapady
AIRFLOW_CTX_DAG_ID=ETL_DAG
AIRFLOW_CTX_TASK_ID=Transform_2015
AIRFLOW_CTX_EXECUTION_DATE=2022-08-12T18:20:52.559703+00:00
AIRFLOW_CTX_TRY_NUMBER=1
AIRFLOW_CTX_DAG_RUN_ID=manual__2022-08-12T18:20:52.559703+00:00
[2022-08-12 18:25:16,179] {logging_mixin.py:115} INFO - Successfully process fast-food-clean/age-15-and-older-2015.csv to S3
[2022-08-12 18:25:16,519] {logging_mixin.py:115} INFO - Successfully process fast-food-clean/age-18-and-older-2015.csv to S3
[2022-08-12 18:25:16,521] {python.py:173} INFO - Done. Returned value was: None
[2022-08-12 18:25:16,530] {taskinstance.py:1420} INFO - Marking task as SUCCESS. dag_id=ETL_DAG, task_id=Transform_2015, execution_date=20220812T182052, start_date=20220812T182459, end_date=20220812T182516
[2022-08-12 18:25:16,551] {local_task_job.py:156} INFO - Task exited with return code 0
[2022-08-12 18:25:16,576] {local_task_job.py:273} INFO - 0 downstream tasks scheduled from follow-on schedule check
