[2022-08-16 18:59:05,138] {taskinstance.py:1179} INFO - Dependencies all met for <TaskInstance: ETL_DAG.Stage_food-consumption-estimates-clean manual__2022-08-16T18:57:11.917054+00:00 [queued]>
[2022-08-16 18:59:05,149] {taskinstance.py:1179} INFO - Dependencies all met for <TaskInstance: ETL_DAG.Stage_food-consumption-estimates-clean manual__2022-08-16T18:57:11.917054+00:00 [queued]>
[2022-08-16 18:59:05,150] {taskinstance.py:1376} INFO - 
--------------------------------------------------------------------------------
[2022-08-16 18:59:05,151] {taskinstance.py:1377} INFO - Starting attempt 1 of 6
[2022-08-16 18:59:05,152] {taskinstance.py:1378} INFO - 
--------------------------------------------------------------------------------
[2022-08-16 18:59:05,164] {taskinstance.py:1397} INFO - Executing <Task(PythonOperator): Stage_food-consumption-estimates-clean> on 2022-08-16 18:57:11.917054+00:00
[2022-08-16 18:59:05,169] {standard_task_runner.py:52} INFO - Started process 427 to run task
[2022-08-16 18:59:05,177] {standard_task_runner.py:79} INFO - Running: ['***', 'tasks', 'run', 'ETL_DAG', 'Stage_food-consumption-estimates-clean', 'manual__2022-08-16T18:57:11.917054+00:00', '--job-id', '1105', '--raw', '--subdir', 'DAGS_FOLDER/etl_dag.py', '--cfg-path', '/tmp/tmphw791g_a', '--error-file', '/tmp/tmp9lryatfv']
[2022-08-16 18:59:05,180] {standard_task_runner.py:80} INFO - Job 1105: Subtask Stage_food-consumption-estimates-clean
[2022-08-16 18:59:05,256] {task_command.py:371} INFO - Running <TaskInstance: ETL_DAG.Stage_food-consumption-estimates-clean manual__2022-08-16T18:57:11.917054+00:00 [running]> on host c7fa0145da3e
[2022-08-16 18:59:05,322] {taskinstance.py:1591} INFO - Exporting the following env vars:
AIRFLOW_CTX_DAG_OWNER=narapady
AIRFLOW_CTX_DAG_ID=ETL_DAG
AIRFLOW_CTX_TASK_ID=Stage_food-consumption-estimates-clean
AIRFLOW_CTX_EXECUTION_DATE=2022-08-16T18:57:11.917054+00:00
AIRFLOW_CTX_TRY_NUMBER=1
AIRFLOW_CTX_DAG_RUN_ID=manual__2022-08-16T18:57:11.917054+00:00
[2022-08-16 18:59:17,544] {logging_mixin.py:115} INFO - Successfully loaded food-consumption-estimates-staged.csv to s3-bucket-staged
[2022-08-16 18:59:17,546] {python.py:173} INFO - Done. Returned value was: None
[2022-08-16 18:59:17,570] {taskinstance.py:1420} INFO - Marking task as SUCCESS. dag_id=ETL_DAG, task_id=Stage_food-consumption-estimates-clean, execution_date=20220816T185711, start_date=20220816T185905, end_date=20220816T185917
[2022-08-16 18:59:17,628] {local_task_job.py:156} INFO - Task exited with return code 0
[2022-08-16 18:59:17,650] {local_task_job.py:273} INFO - 0 downstream tasks scheduled from follow-on schedule check
