[2022-08-14 16:52:07,991] {taskinstance.py:1179} INFO - Dependencies all met for <TaskInstance: ETL_DAG.Create_s3_bucket_transform manual__2022-08-14T16:48:28.179984+00:00 [queued]>
[2022-08-14 16:52:07,998] {taskinstance.py:1179} INFO - Dependencies all met for <TaskInstance: ETL_DAG.Create_s3_bucket_transform manual__2022-08-14T16:48:28.179984+00:00 [queued]>
[2022-08-14 16:52:07,999] {taskinstance.py:1376} INFO - 
--------------------------------------------------------------------------------
[2022-08-14 16:52:08,000] {taskinstance.py:1377} INFO - Starting attempt 1 of 6
[2022-08-14 16:52:08,001] {taskinstance.py:1378} INFO - 
--------------------------------------------------------------------------------
[2022-08-14 16:52:08,009] {taskinstance.py:1397} INFO - Executing <Task(PythonOperator): Create_s3_bucket_transform> on 2022-08-14 16:48:28.179984+00:00
[2022-08-14 16:52:08,014] {standard_task_runner.py:52} INFO - Started process 777 to run task
[2022-08-14 16:52:08,016] {standard_task_runner.py:79} INFO - Running: ['***', 'tasks', 'run', 'ETL_DAG', 'Create_s3_bucket_transform', 'manual__2022-08-14T16:48:28.179984+00:00', '--job-id', '963', '--raw', '--subdir', 'DAGS_FOLDER/etl_dag.py', '--cfg-path', '/tmp/tmpg9vdcek7', '--error-file', '/tmp/tmpxp5yq_8r']
[2022-08-14 16:52:08,019] {standard_task_runner.py:80} INFO - Job 963: Subtask Create_s3_bucket_transform
[2022-08-14 16:52:08,062] {task_command.py:371} INFO - Running <TaskInstance: ETL_DAG.Create_s3_bucket_transform manual__2022-08-14T16:48:28.179984+00:00 [running]> on host 0dbf9d5e5cdb
[2022-08-14 16:52:08,107] {taskinstance.py:1591} INFO - Exporting the following env vars:
AIRFLOW_CTX_DAG_OWNER=narapady
AIRFLOW_CTX_DAG_ID=ETL_DAG
AIRFLOW_CTX_TASK_ID=Create_s3_bucket_transform
AIRFLOW_CTX_EXECUTION_DATE=2022-08-14T16:48:28.179984+00:00
AIRFLOW_CTX_TRY_NUMBER=1
AIRFLOW_CTX_DAG_RUN_ID=manual__2022-08-14T16:48:28.179984+00:00
[2022-08-14 16:52:08,809] {python.py:173} INFO - Done. Returned value was: {'ResponseMetadata': {'RequestId': 'MYRAY6YBWKZ2R0QR', 'HostId': 'e1oP4e1AODRI6WE90r/lRgkV0a8lkWcXYuTGu4NVzbsPWiZv+QopIlsqK3Bi961rn9PorBq8+WY=', 'HTTPStatusCode': 200, 'HTTPHeaders': {'x-amz-id-2': 'e1oP4e1AODRI6WE90r/lRgkV0a8lkWcXYuTGu4NVzbsPWiZv+QopIlsqK3Bi961rn9PorBq8+WY=', 'x-amz-request-id': 'MYRAY6YBWKZ2R0QR', 'date': 'Sun, 14 Aug 2022 16:52:09 GMT', 'location': '/s3-bucket-clean-usda', 'server': 'AmazonS3', 'content-length': '0'}, 'RetryAttempts': 0}, 'Location': '/s3-bucket-clean-usda'}
[2022-08-14 16:52:08,827] {taskinstance.py:1420} INFO - Marking task as SUCCESS. dag_id=ETL_DAG, task_id=Create_s3_bucket_transform, execution_date=20220814T164828, start_date=20220814T165207, end_date=20220814T165208
[2022-08-14 16:52:08,850] {local_task_job.py:156} INFO - Task exited with return code 0
[2022-08-14 16:52:08,883] {local_task_job.py:273} INFO - 8 downstream tasks scheduled from follow-on schedule check
