[2022-08-14 16:51:41,356] {taskinstance.py:1179} INFO - Dependencies all met for <TaskInstance: ETL_DAG.Stage_nutrient-intake-estimates-clean scheduled__2022-08-07T00:00:00+00:00 [queued]>
[2022-08-14 16:51:41,372] {taskinstance.py:1179} INFO - Dependencies all met for <TaskInstance: ETL_DAG.Stage_nutrient-intake-estimates-clean scheduled__2022-08-07T00:00:00+00:00 [queued]>
[2022-08-14 16:51:41,373] {taskinstance.py:1376} INFO - 
--------------------------------------------------------------------------------
[2022-08-14 16:51:41,374] {taskinstance.py:1377} INFO - Starting attempt 1 of 6
[2022-08-14 16:51:41,375] {taskinstance.py:1378} INFO - 
--------------------------------------------------------------------------------
[2022-08-14 16:51:41,392] {taskinstance.py:1397} INFO - Executing <Task(PythonOperator): Stage_nutrient-intake-estimates-clean> on 2022-08-07 00:00:00+00:00
[2022-08-14 16:51:41,398] {standard_task_runner.py:52} INFO - Started process 751 to run task
[2022-08-14 16:51:41,415] {standard_task_runner.py:79} INFO - Running: ['***', 'tasks', 'run', 'ETL_DAG', 'Stage_nutrient-intake-estimates-clean', 'scheduled__2022-08-07T00:00:00+00:00', '--job-id', '958', '--raw', '--subdir', 'DAGS_FOLDER/etl_dag.py', '--cfg-path', '/tmp/tmprfinsaqy', '--error-file', '/tmp/tmp_y72jtoi']
[2022-08-14 16:51:41,418] {standard_task_runner.py:80} INFO - Job 958: Subtask Stage_nutrient-intake-estimates-clean
[2022-08-14 16:51:41,505] {task_command.py:371} INFO - Running <TaskInstance: ETL_DAG.Stage_nutrient-intake-estimates-clean scheduled__2022-08-07T00:00:00+00:00 [running]> on host 0dbf9d5e5cdb
[2022-08-14 16:51:41,594] {taskinstance.py:1591} INFO - Exporting the following env vars:
AIRFLOW_CTX_DAG_OWNER=narapady
AIRFLOW_CTX_DAG_ID=ETL_DAG
AIRFLOW_CTX_TASK_ID=Stage_nutrient-intake-estimates-clean
AIRFLOW_CTX_EXECUTION_DATE=2022-08-07T00:00:00+00:00
AIRFLOW_CTX_TRY_NUMBER=1
AIRFLOW_CTX_DAG_RUN_ID=scheduled__2022-08-07T00:00:00+00:00
[2022-08-14 16:51:52,250] {logging_mixin.py:115} INFO - Successfully loaded nutrient-intake-estimates-staged.csv to s3-bucket-staged
[2022-08-14 16:51:52,256] {python.py:173} INFO - Done. Returned value was: None
[2022-08-14 16:51:52,297] {taskinstance.py:1420} INFO - Marking task as SUCCESS. dag_id=ETL_DAG, task_id=Stage_nutrient-intake-estimates-clean, execution_date=20220807T000000, start_date=20220814T165141, end_date=20220814T165152
[2022-08-14 16:51:52,319] {local_task_job.py:156} INFO - Task exited with return code 0
[2022-08-14 16:51:52,343] {local_task_job.py:273} INFO - 0 downstream tasks scheduled from follow-on schedule check
