[2022-08-11 23:14:00,473] {taskinstance.py:1179} INFO - Dependencies all met for <TaskInstance: ETL_DAG_US_FOOD_NUTRITION.Transform_2016 manual__2022-08-11T23:09:24.436624+00:00 [queued]>
[2022-08-11 23:14:00,492] {taskinstance.py:1179} INFO - Dependencies all met for <TaskInstance: ETL_DAG_US_FOOD_NUTRITION.Transform_2016 manual__2022-08-11T23:09:24.436624+00:00 [queued]>
[2022-08-11 23:14:00,494] {taskinstance.py:1376} INFO - 
--------------------------------------------------------------------------------
[2022-08-11 23:14:00,495] {taskinstance.py:1377} INFO - Starting attempt 1 of 6
[2022-08-11 23:14:00,497] {taskinstance.py:1378} INFO - 
--------------------------------------------------------------------------------
[2022-08-11 23:14:00,520] {taskinstance.py:1397} INFO - Executing <Task(PythonOperator): Transform_2016> on 2022-08-11 23:09:24.436624+00:00
[2022-08-11 23:14:00,535] {standard_task_runner.py:52} INFO - Started process 6541 to run task
[2022-08-11 23:14:00,567] {standard_task_runner.py:79} INFO - Running: ['***', 'tasks', 'run', 'ETL_DAG_US_FOOD_NUTRITION', 'Transform_2016', 'manual__2022-08-11T23:09:24.436624+00:00', '--job-id', '723', '--raw', '--subdir', 'DAGS_FOLDER/etl_dag.py', '--cfg-path', '/tmp/tmpigzc7_i_', '--error-file', '/tmp/tmpebsyg3m5']
[2022-08-11 23:14:00,571] {standard_task_runner.py:80} INFO - Job 723: Subtask Transform_2016
[2022-08-11 23:14:00,702] {task_command.py:371} INFO - Running <TaskInstance: ETL_DAG_US_FOOD_NUTRITION.Transform_2016 manual__2022-08-11T23:09:24.436624+00:00 [running]> on host a02c2b8cab8b
[2022-08-11 23:14:00,811] {taskinstance.py:1591} INFO - Exporting the following env vars:
AIRFLOW_CTX_DAG_OWNER=narapady
AIRFLOW_CTX_DAG_ID=ETL_DAG_US_FOOD_NUTRITION
AIRFLOW_CTX_TASK_ID=Transform_2016
AIRFLOW_CTX_EXECUTION_DATE=2022-08-11T23:09:24.436624+00:00
AIRFLOW_CTX_TRY_NUMBER=1
AIRFLOW_CTX_DAG_RUN_ID=manual__2022-08-11T23:09:24.436624+00:00
[2022-08-11 23:14:20,410] {logging_mixin.py:115} INFO - Successfully process fast-food-clean/age-15-and-older-2016.csv to S3
[2022-08-11 23:14:20,746] {logging_mixin.py:115} INFO - Successfully process fast-food-clean/age-18-and-older-2016.csv to S3
[2022-08-11 23:14:20,748] {python.py:173} INFO - Done. Returned value was: None
[2022-08-11 23:14:20,757] {taskinstance.py:1420} INFO - Marking task as SUCCESS. dag_id=ETL_DAG_US_FOOD_NUTRITION, task_id=Transform_2016, execution_date=20220811T230924, start_date=20220811T231400, end_date=20220811T231420
[2022-08-11 23:14:20,799] {local_task_job.py:156} INFO - Task exited with return code 0
[2022-08-11 23:14:20,825] {local_task_job.py:273} INFO - 0 downstream tasks scheduled from follow-on schedule check
