[2022-08-11 19:16:46,650] {taskinstance.py:1179} INFO - Dependencies all met for <TaskInstance: ETL_DAG_V2.Ingest_from_2015 manual__2022-08-11T00:39:54.349266+00:00 [queued]>
[2022-08-11 19:16:46,679] {taskinstance.py:1179} INFO - Dependencies all met for <TaskInstance: ETL_DAG_V2.Ingest_from_2015 manual__2022-08-11T00:39:54.349266+00:00 [queued]>
[2022-08-11 19:16:46,686] {taskinstance.py:1376} INFO - 
--------------------------------------------------------------------------------
[2022-08-11 19:16:46,691] {taskinstance.py:1377} INFO - Starting attempt 1 of 6
[2022-08-11 19:16:46,699] {taskinstance.py:1378} INFO - 
--------------------------------------------------------------------------------
[2022-08-11 19:16:46,761] {taskinstance.py:1397} INFO - Executing <Task(PythonOperator): Ingest_from_2015> on 2022-08-11 00:39:54.349266+00:00
[2022-08-11 19:16:46,785] {standard_task_runner.py:52} INFO - Started process 1319 to run task
[2022-08-11 19:16:46,822] {standard_task_runner.py:79} INFO - Running: ['***', 'tasks', 'run', 'ETL_DAG_V2', 'Ingest_from_2015', 'manual__2022-08-11T00:39:54.349266+00:00', '--job-id', '417', '--raw', '--subdir', 'DAGS_FOLDER/etl_dag.py', '--cfg-path', '/tmp/tmp_mf64oga', '--error-file', '/tmp/tmp8_z1woe_']
[2022-08-11 19:16:46,853] {standard_task_runner.py:80} INFO - Job 417: Subtask Ingest_from_2015
[2022-08-11 19:16:47,110] {task_command.py:371} INFO - Running <TaskInstance: ETL_DAG_V2.Ingest_from_2015 manual__2022-08-11T00:39:54.349266+00:00 [running]> on host ce1be8c59d56
[2022-08-11 19:16:47,403] {taskinstance.py:1591} INFO - Exporting the following env vars:
AIRFLOW_CTX_DAG_OWNER=narapady
AIRFLOW_CTX_DAG_ID=ETL_DAG_V2
AIRFLOW_CTX_TASK_ID=Ingest_from_2015
AIRFLOW_CTX_EXECUTION_DATE=2022-08-11T00:39:54.349266+00:00
AIRFLOW_CTX_TRY_NUMBER=1
AIRFLOW_CTX_DAG_RUN_ID=manual__2022-08-11T00:39:54.349266+00:00
[2022-08-11 19:17:00,837] {logging_mixin.py:115} INFO - Successfully uploaded 2015/Table1_2015.xlsx to s3-bucket-raw-usda
[2022-08-11 19:17:02,186] {logging_mixin.py:115} INFO - Successfully uploaded 2015/Table2_2015.xlsx to s3-bucket-raw-usda
[2022-08-11 19:17:03,591] {logging_mixin.py:115} INFO - Successfully uploaded 2015/Table3_2015.xlsx to s3-bucket-raw-usda
[2022-08-11 19:17:04,903] {logging_mixin.py:115} INFO - Successfully uploaded 2015/Table4_2015.xlsx to s3-bucket-raw-usda
[2022-08-11 19:17:06,313] {logging_mixin.py:115} INFO - Successfully uploaded 2015/Table5_2015.xlsx to s3-bucket-raw-usda
[2022-08-11 19:17:07,649] {logging_mixin.py:115} INFO - Successfully uploaded 2015/Table6_2015.xlsx to s3-bucket-raw-usda
[2022-08-11 19:17:08,983] {logging_mixin.py:115} INFO - Successfully uploaded 2015/Table7_2015.xlsx to s3-bucket-raw-usda
[2022-08-11 19:17:10,413] {logging_mixin.py:115} INFO - Successfully uploaded 2015/Table8_2015.xlsx to s3-bucket-raw-usda
[2022-08-11 19:17:10,417] {python.py:173} INFO - Done. Returned value was: None
[2022-08-11 19:17:10,445] {taskinstance.py:1420} INFO - Marking task as SUCCESS. dag_id=ETL_DAG_V2, task_id=Ingest_from_2015, execution_date=20220811T003954, start_date=20220811T191646, end_date=20220811T191710
[2022-08-11 19:17:10,504] {local_task_job.py:156} INFO - Task exited with return code 0
[2022-08-11 19:17:10,537] {local_task_job.py:273} INFO - 0 downstream tasks scheduled from follow-on schedule check
