[2022-08-11 21:38:01,124] {taskinstance.py:1179} INFO - Dependencies all met for <TaskInstance: ETL_DAG_V8.Transform_producer-price-index manual__2022-08-11T21:34:01.587578+00:00 [queued]>
[2022-08-11 21:38:01,142] {taskinstance.py:1179} INFO - Dependencies all met for <TaskInstance: ETL_DAG_V8.Transform_producer-price-index manual__2022-08-11T21:34:01.587578+00:00 [queued]>
[2022-08-11 21:38:01,144] {taskinstance.py:1376} INFO - 
--------------------------------------------------------------------------------
[2022-08-11 21:38:01,145] {taskinstance.py:1377} INFO - Starting attempt 1 of 6
[2022-08-11 21:38:01,146] {taskinstance.py:1378} INFO - 
--------------------------------------------------------------------------------
[2022-08-11 21:38:01,163] {taskinstance.py:1397} INFO - Executing <Task(PythonOperator): Transform_producer-price-index> on 2022-08-11 21:34:01.587578+00:00
[2022-08-11 21:38:01,171] {standard_task_runner.py:52} INFO - Started process 515 to run task
[2022-08-11 21:38:01,189] {standard_task_runner.py:79} INFO - Running: ['***', 'tasks', 'run', 'ETL_DAG_V8', 'Transform_producer-price-index', 'manual__2022-08-11T21:34:01.587578+00:00', '--job-id', '679', '--raw', '--subdir', 'DAGS_FOLDER/etl_dag.py', '--cfg-path', '/tmp/tmp8qlilllq', '--error-file', '/tmp/tmp2b8uwxa7']
[2022-08-11 21:38:01,198] {standard_task_runner.py:80} INFO - Job 679: Subtask Transform_producer-price-index
[2022-08-11 21:38:01,303] {task_command.py:371} INFO - Running <TaskInstance: ETL_DAG_V8.Transform_producer-price-index manual__2022-08-11T21:34:01.587578+00:00 [running]> on host a02c2b8cab8b
[2022-08-11 21:38:01,438] {taskinstance.py:1591} INFO - Exporting the following env vars:
AIRFLOW_CTX_DAG_OWNER=narapady
AIRFLOW_CTX_DAG_ID=ETL_DAG_V8
AIRFLOW_CTX_TASK_ID=Transform_producer-price-index
AIRFLOW_CTX_EXECUTION_DATE=2022-08-11T21:34:01.587578+00:00
AIRFLOW_CTX_TRY_NUMBER=1
AIRFLOW_CTX_DAG_RUN_ID=manual__2022-08-11T21:34:01.587578+00:00
[2022-08-11 21:38:33,046] {logging_mixin.py:115} INFO - Successfully process price-index-clean/producer-price-index.csv to S3
[2022-08-11 21:38:33,048] {python.py:173} INFO - Done. Returned value was: None
[2022-08-11 21:38:33,058] {taskinstance.py:1420} INFO - Marking task as SUCCESS. dag_id=ETL_DAG_V8, task_id=Transform_producer-price-index, execution_date=20220811T213401, start_date=20220811T213801, end_date=20220811T213833
[2022-08-11 21:38:33,081] {local_task_job.py:156} INFO - Task exited with return code 0
[2022-08-11 21:38:33,107] {local_task_job.py:273} INFO - 0 downstream tasks scheduled from follow-on schedule check
