[2022-08-11 19:39:16,783] {taskinstance.py:1179} INFO - Dependencies all met for <TaskInstance: ETL_DAG_V3.Ingest_from_2016 manual__2022-08-11T19:39:13.033032+00:00 [queued]>
[2022-08-11 19:39:16,816] {taskinstance.py:1179} INFO - Dependencies all met for <TaskInstance: ETL_DAG_V3.Ingest_from_2016 manual__2022-08-11T19:39:13.033032+00:00 [queued]>
[2022-08-11 19:39:16,817] {taskinstance.py:1376} INFO - 
--------------------------------------------------------------------------------
[2022-08-11 19:39:16,818] {taskinstance.py:1377} INFO - Starting attempt 1 of 6
[2022-08-11 19:39:16,819] {taskinstance.py:1378} INFO - 
--------------------------------------------------------------------------------
[2022-08-11 19:39:16,839] {taskinstance.py:1397} INFO - Executing <Task(PythonOperator): Ingest_from_2016> on 2022-08-11 19:39:13.033032+00:00
[2022-08-11 19:39:16,853] {standard_task_runner.py:52} INFO - Started process 3235 to run task
[2022-08-11 19:39:16,881] {standard_task_runner.py:79} INFO - Running: ['***', 'tasks', 'run', 'ETL_DAG_V3', 'Ingest_from_2016', 'manual__2022-08-11T19:39:13.033032+00:00', '--job-id', '520', '--raw', '--subdir', 'DAGS_FOLDER/etl_dag.py', '--cfg-path', '/tmp/tmpl2ud4yxl', '--error-file', '/tmp/tmp0uc1qad5']
[2022-08-11 19:39:16,888] {standard_task_runner.py:80} INFO - Job 520: Subtask Ingest_from_2016
[2022-08-11 19:39:17,018] {task_command.py:371} INFO - Running <TaskInstance: ETL_DAG_V3.Ingest_from_2016 manual__2022-08-11T19:39:13.033032+00:00 [running]> on host ce1be8c59d56
[2022-08-11 19:39:17,127] {taskinstance.py:1591} INFO - Exporting the following env vars:
AIRFLOW_CTX_DAG_OWNER=narapady
AIRFLOW_CTX_DAG_ID=ETL_DAG_V3
AIRFLOW_CTX_TASK_ID=Ingest_from_2016
AIRFLOW_CTX_EXECUTION_DATE=2022-08-11T19:39:13.033032+00:00
AIRFLOW_CTX_TRY_NUMBER=1
AIRFLOW_CTX_DAG_RUN_ID=manual__2022-08-11T19:39:13.033032+00:00
[2022-08-11 19:39:25,906] {logging_mixin.py:115} INFO - Successfully uploaded 2016/Table1_2016.xlsx to s3-bucket-raw-usda
[2022-08-11 19:39:28,214] {logging_mixin.py:115} INFO - Successfully uploaded 2016/Table2_2016.xlsx to s3-bucket-raw-usda
[2022-08-11 19:39:29,492] {logging_mixin.py:115} INFO - Successfully uploaded 2016/Table3_2016.xlsx to s3-bucket-raw-usda
[2022-08-11 19:39:30,891] {logging_mixin.py:115} INFO - Successfully uploaded 2016/Table4_2016.xlsx to s3-bucket-raw-usda
[2022-08-11 19:39:32,119] {logging_mixin.py:115} INFO - Successfully uploaded 2016/Table5_2016.xlsx to s3-bucket-raw-usda
[2022-08-11 19:39:33,336] {logging_mixin.py:115} INFO - Successfully uploaded 2016/Table6_2016.xlsx to s3-bucket-raw-usda
[2022-08-11 19:39:35,344] {logging_mixin.py:115} INFO - Successfully uploaded 2016/Table7_2016.xlsx to s3-bucket-raw-usda
[2022-08-11 19:39:37,209] {logging_mixin.py:115} INFO - Successfully uploaded 2016/Table8_2016.xlsx to s3-bucket-raw-usda
[2022-08-11 19:39:37,212] {python.py:173} INFO - Done. Returned value was: None
[2022-08-11 19:39:37,229] {taskinstance.py:1420} INFO - Marking task as SUCCESS. dag_id=ETL_DAG_V3, task_id=Ingest_from_2016, execution_date=20220811T193913, start_date=20220811T193916, end_date=20220811T193937
[2022-08-11 19:39:37,258] {local_task_job.py:156} INFO - Task exited with return code 0
[2022-08-11 19:39:37,288] {local_task_job.py:273} INFO - 0 downstream tasks scheduled from follow-on schedule check
