[2022-08-11 21:16:08,505] {taskinstance.py:1179} INFO - Dependencies all met for <TaskInstance: ETL_DAG_V8.Ingest_from_2015 manual__2022-08-11T21:16:03.096610+00:00 [queued]>
[2022-08-11 21:16:08,523] {taskinstance.py:1179} INFO - Dependencies all met for <TaskInstance: ETL_DAG_V8.Ingest_from_2015 manual__2022-08-11T21:16:03.096610+00:00 [queued]>
[2022-08-11 21:16:08,526] {taskinstance.py:1376} INFO - 
--------------------------------------------------------------------------------
[2022-08-11 21:16:08,527] {taskinstance.py:1377} INFO - Starting attempt 1 of 6
[2022-08-11 21:16:08,528] {taskinstance.py:1378} INFO - 
--------------------------------------------------------------------------------
[2022-08-11 21:16:08,549] {taskinstance.py:1397} INFO - Executing <Task(PythonOperator): Ingest_from_2015> on 2022-08-11 21:16:03.096610+00:00
[2022-08-11 21:16:08,562] {standard_task_runner.py:52} INFO - Started process 10118 to run task
[2022-08-11 21:16:08,606] {standard_task_runner.py:79} INFO - Running: ['***', 'tasks', 'run', 'ETL_DAG_V8', 'Ingest_from_2015', 'manual__2022-08-11T21:16:03.096610+00:00', '--job-id', '635', '--raw', '--subdir', 'DAGS_FOLDER/etl_dag.py', '--cfg-path', '/tmp/tmp7cnby1f0', '--error-file', '/tmp/tmps69fiott']
[2022-08-11 21:16:08,609] {standard_task_runner.py:80} INFO - Job 635: Subtask Ingest_from_2015
[2022-08-11 21:16:08,749] {task_command.py:371} INFO - Running <TaskInstance: ETL_DAG_V8.Ingest_from_2015 manual__2022-08-11T21:16:03.096610+00:00 [running]> on host ce1be8c59d56
[2022-08-11 21:16:08,842] {taskinstance.py:1591} INFO - Exporting the following env vars:
AIRFLOW_CTX_DAG_OWNER=narapady
AIRFLOW_CTX_DAG_ID=ETL_DAG_V8
AIRFLOW_CTX_TASK_ID=Ingest_from_2015
AIRFLOW_CTX_EXECUTION_DATE=2022-08-11T21:16:03.096610+00:00
AIRFLOW_CTX_TRY_NUMBER=1
AIRFLOW_CTX_DAG_RUN_ID=manual__2022-08-11T21:16:03.096610+00:00
[2022-08-11 21:16:16,205] {logging_mixin.py:115} INFO - Successfully uploaded 2015/Table1_2015.xlsx to s3-bucket-raw-usda
[2022-08-11 21:16:17,487] {logging_mixin.py:115} INFO - Successfully uploaded 2015/Table2_2015.xlsx to s3-bucket-raw-usda
[2022-08-11 21:16:18,679] {logging_mixin.py:115} INFO - Successfully uploaded 2015/Table3_2015.xlsx to s3-bucket-raw-usda
[2022-08-11 21:16:19,879] {logging_mixin.py:115} INFO - Successfully uploaded 2015/Table4_2015.xlsx to s3-bucket-raw-usda
[2022-08-11 21:16:20,949] {logging_mixin.py:115} INFO - Successfully uploaded 2015/Table5_2015.xlsx to s3-bucket-raw-usda
[2022-08-11 21:16:22,153] {logging_mixin.py:115} INFO - Successfully uploaded 2015/Table6_2015.xlsx to s3-bucket-raw-usda
[2022-08-11 21:16:23,361] {logging_mixin.py:115} INFO - Successfully uploaded 2015/Table7_2015.xlsx to s3-bucket-raw-usda
[2022-08-11 21:16:24,623] {logging_mixin.py:115} INFO - Successfully uploaded 2015/Table8_2015.xlsx to s3-bucket-raw-usda
[2022-08-11 21:16:24,627] {python.py:173} INFO - Done. Returned value was: None
[2022-08-11 21:16:24,651] {taskinstance.py:1420} INFO - Marking task as SUCCESS. dag_id=ETL_DAG_V8, task_id=Ingest_from_2015, execution_date=20220811T211603, start_date=20220811T211608, end_date=20220811T211624
[2022-08-11 21:16:24,700] {local_task_job.py:156} INFO - Task exited with return code 0
[2022-08-11 21:16:24,750] {local_task_job.py:273} INFO - 0 downstream tasks scheduled from follow-on schedule check
