[2022-08-08 20:12:06,508] {taskinstance.py:1179} INFO - Dependencies all met for <TaskInstance: etl_dag_v6.Stager manual__2022-08-08T20:10:20.944782+00:00 [queued]>
[2022-08-08 20:12:06,515] {taskinstance.py:1179} INFO - Dependencies all met for <TaskInstance: etl_dag_v6.Stager manual__2022-08-08T20:10:20.944782+00:00 [queued]>
[2022-08-08 20:12:06,515] {taskinstance.py:1376} INFO - 
--------------------------------------------------------------------------------
[2022-08-08 20:12:06,517] {taskinstance.py:1377} INFO - Starting attempt 1 of 6
[2022-08-08 20:12:06,518] {taskinstance.py:1378} INFO - 
--------------------------------------------------------------------------------
[2022-08-08 20:12:06,525] {taskinstance.py:1397} INFO - Executing <Task(PythonOperator): Stager> on 2022-08-08 20:10:20.944782+00:00
[2022-08-08 20:12:06,530] {standard_task_runner.py:52} INFO - Started process 13814 to run task
[2022-08-08 20:12:06,533] {standard_task_runner.py:79} INFO - Running: ['***', 'tasks', 'run', 'etl_dag_v6', 'Stager', 'manual__2022-08-08T20:10:20.944782+00:00', '--job-id', '100', '--raw', '--subdir', 'DAGS_FOLDER/etl_dag.py', '--cfg-path', '/tmp/tmpvzzzwuom', '--error-file', '/tmp/tmp5yhorzdn']
[2022-08-08 20:12:06,535] {standard_task_runner.py:80} INFO - Job 100: Subtask Stager
[2022-08-08 20:12:06,577] {task_command.py:371} INFO - Running <TaskInstance: etl_dag_v6.Stager manual__2022-08-08T20:10:20.944782+00:00 [running]> on host 8d3924a1d70c
[2022-08-08 20:12:06,619] {taskinstance.py:1591} INFO - Exporting the following env vars:
AIRFLOW_CTX_DAG_OWNER=narapady
AIRFLOW_CTX_DAG_ID=etl_dag_v6
AIRFLOW_CTX_TASK_ID=Stager
AIRFLOW_CTX_EXECUTION_DATE=2022-08-08T20:10:20.944782+00:00
AIRFLOW_CTX_TRY_NUMBER=1
AIRFLOW_CTX_DAG_RUN_ID=manual__2022-08-08T20:10:20.944782+00:00
[2022-08-08 20:12:10,420] {logging_mixin.py:115} INFO - Successfully loaded Obesity_GDP_PanelData-staged.csv to s3-bucket-staged
[2022-08-08 20:12:39,849] {logging_mixin.py:115} INFO - Successfully loaded obesity-staged.csv to s3-bucket-staged
[2022-08-08 20:12:39,855] {python.py:173} INFO - Done. Returned value was: None
[2022-08-08 20:12:39,872] {taskinstance.py:1420} INFO - Marking task as SUCCESS. dag_id=etl_dag_v6, task_id=Stager, execution_date=20220808T201020, start_date=20220808T201206, end_date=20220808T201239
[2022-08-08 20:12:39,897] {local_task_job.py:156} INFO - Task exited with return code 0
[2022-08-08 20:12:39,917] {local_task_job.py:273} INFO - 0 downstream tasks scheduled from follow-on schedule check
