[2022-08-16 18:57:58,694] {taskinstance.py:1179} INFO - Dependencies all met for <TaskInstance: ETL_DAG.Transform_food-consumption-estimates manual__2022-08-16T18:57:11.917054+00:00 [queued]>
[2022-08-16 18:57:58,705] {taskinstance.py:1179} INFO - Dependencies all met for <TaskInstance: ETL_DAG.Transform_food-consumption-estimates manual__2022-08-16T18:57:11.917054+00:00 [queued]>
[2022-08-16 18:57:58,707] {taskinstance.py:1376} INFO - 
--------------------------------------------------------------------------------
[2022-08-16 18:57:58,708] {taskinstance.py:1377} INFO - Starting attempt 1 of 6
[2022-08-16 18:57:58,709] {taskinstance.py:1378} INFO - 
--------------------------------------------------------------------------------
[2022-08-16 18:57:58,731] {taskinstance.py:1397} INFO - Executing <Task(PythonOperator): Transform_food-consumption-estimates> on 2022-08-16 18:57:11.917054+00:00
[2022-08-16 18:57:58,739] {standard_task_runner.py:52} INFO - Started process 330 to run task
[2022-08-16 18:57:58,743] {standard_task_runner.py:79} INFO - Running: ['***', 'tasks', 'run', 'ETL_DAG', 'Transform_food-consumption-estimates', 'manual__2022-08-16T18:57:11.917054+00:00', '--job-id', '1098', '--raw', '--subdir', 'DAGS_FOLDER/etl_dag.py', '--cfg-path', '/tmp/tmprppb2x17', '--error-file', '/tmp/tmpimjymytn']
[2022-08-16 18:57:58,746] {standard_task_runner.py:80} INFO - Job 1098: Subtask Transform_food-consumption-estimates
[2022-08-16 18:57:58,817] {task_command.py:371} INFO - Running <TaskInstance: ETL_DAG.Transform_food-consumption-estimates manual__2022-08-16T18:57:11.917054+00:00 [running]> on host c7fa0145da3e
[2022-08-16 18:57:58,876] {taskinstance.py:1591} INFO - Exporting the following env vars:
AIRFLOW_CTX_DAG_OWNER=narapady
AIRFLOW_CTX_DAG_ID=ETL_DAG
AIRFLOW_CTX_TASK_ID=Transform_food-consumption-estimates
AIRFLOW_CTX_EXECUTION_DATE=2022-08-16T18:57:11.917054+00:00
AIRFLOW_CTX_TRY_NUMBER=1
AIRFLOW_CTX_DAG_RUN_ID=manual__2022-08-16T18:57:11.917054+00:00
[2022-08-16 18:58:16,380] {logging_mixin.py:115} INFO - Successfully process food-consumption-estimates-clean/Total population-2015-2016.csv to S3
[2022-08-16 18:58:16,728] {logging_mixin.py:115} INFO - Successfully process food-consumption-estimates-clean/Total population-2017-2018.csv to S3
[2022-08-16 18:58:17,031] {logging_mixin.py:115} INFO - Successfully process food-consumption-estimates-clean/Children age 2–19-2015-2016.csv to S3
[2022-08-16 18:58:17,378] {logging_mixin.py:115} INFO - Successfully process food-consumption-estimates-clean/Children age 2–19-2017-2018.csv to S3
[2022-08-16 18:58:17,690] {logging_mixin.py:115} INFO - Successfully process food-consumption-estimates-clean/Adults age 20-64-2015-2016.csv to S3
[2022-08-16 18:58:17,996] {logging_mixin.py:115} INFO - Successfully process food-consumption-estimates-clean/Adults age 20-64-2017-2018.csv to S3
[2022-08-16 18:58:18,293] {logging_mixin.py:115} INFO - Successfully process food-consumption-estimates-clean/Seniors age 65 and above-2015-2016.csv to S3
[2022-08-16 18:58:18,665] {logging_mixin.py:115} INFO - Successfully process food-consumption-estimates-clean/Seniors age 65 and above-2017-2018.csv to S3
[2022-08-16 18:58:18,975] {logging_mixin.py:115} INFO - Successfully process food-consumption-estimates-clean/Household income < 185% poverty line-2015-2016.csv to S3
[2022-08-16 18:58:19,290] {logging_mixin.py:115} INFO - Successfully process food-consumption-estimates-clean/Household income < 185% poverty line-2017-2018.csv to S3
[2022-08-16 18:58:19,612] {logging_mixin.py:115} INFO - Successfully process food-consumption-estimates-clean/Household income 185–300% poverty line-2015-2016.csv to S3
[2022-08-16 18:58:19,940] {logging_mixin.py:115} INFO - Successfully process food-consumption-estimates-clean/Household income 185–300% poverty line-2017-2018.csv to S3
[2022-08-16 18:58:20,274] {logging_mixin.py:115} INFO - Successfully process food-consumption-estimates-clean/Household income > 300% poverty line-2015-2016.csv to S3
[2022-08-16 18:58:20,592] {logging_mixin.py:115} INFO - Successfully process food-consumption-estimates-clean/Household income > 300% poverty line-2017-2018.csv to S3
[2022-08-16 18:58:20,606] {python.py:173} INFO - Done. Returned value was: None
[2022-08-16 18:58:20,627] {taskinstance.py:1420} INFO - Marking task as SUCCESS. dag_id=ETL_DAG, task_id=Transform_food-consumption-estimates, execution_date=20220816T185711, start_date=20220816T185758, end_date=20220816T185820
[2022-08-16 18:58:20,675] {local_task_job.py:156} INFO - Task exited with return code 0
[2022-08-16 18:58:20,703] {local_task_job.py:273} INFO - 0 downstream tasks scheduled from follow-on schedule check
