[2022-08-12 04:42:13,636] {taskinstance.py:1179} INFO - Dependencies all met for <TaskInstance: ETL_DAG_US_FOOD_NUTRITION.Ingest_from_producer_price_index manual__2022-08-12T04:42:08.092521+00:00 [queued]>
[2022-08-12 04:42:13,686] {taskinstance.py:1179} INFO - Dependencies all met for <TaskInstance: ETL_DAG_US_FOOD_NUTRITION.Ingest_from_producer_price_index manual__2022-08-12T04:42:08.092521+00:00 [queued]>
[2022-08-12 04:42:13,687] {taskinstance.py:1376} INFO - 
--------------------------------------------------------------------------------
[2022-08-12 04:42:13,691] {taskinstance.py:1377} INFO - Starting attempt 1 of 6
[2022-08-12 04:42:13,693] {taskinstance.py:1378} INFO - 
--------------------------------------------------------------------------------
[2022-08-12 04:42:13,727] {taskinstance.py:1397} INFO - Executing <Task(PythonOperator): Ingest_from_producer_price_index> on 2022-08-12 04:42:08.092521+00:00
[2022-08-12 04:42:13,751] {standard_task_runner.py:52} INFO - Started process 8686 to run task
[2022-08-12 04:42:13,767] {standard_task_runner.py:79} INFO - Running: ['***', 'tasks', 'run', 'ETL_DAG_US_FOOD_NUTRITION', 'Ingest_from_producer_price_index', 'manual__2022-08-12T04:42:08.092521+00:00', '--job-id', '790', '--raw', '--subdir', 'DAGS_FOLDER/etl_dag.py', '--cfg-path', '/tmp/tmpzkymb376', '--error-file', '/tmp/tmpy77_opds']
[2022-08-12 04:42:13,771] {standard_task_runner.py:80} INFO - Job 790: Subtask Ingest_from_producer_price_index
[2022-08-12 04:42:13,902] {task_command.py:371} INFO - Running <TaskInstance: ETL_DAG_US_FOOD_NUTRITION.Ingest_from_producer_price_index manual__2022-08-12T04:42:08.092521+00:00 [running]> on host ae5c2449a624
[2022-08-12 04:42:14,144] {taskinstance.py:1591} INFO - Exporting the following env vars:
AIRFLOW_CTX_DAG_OWNER=narapady
AIRFLOW_CTX_DAG_ID=ETL_DAG_US_FOOD_NUTRITION
AIRFLOW_CTX_TASK_ID=Ingest_from_producer_price_index
AIRFLOW_CTX_EXECUTION_DATE=2022-08-12T04:42:08.092521+00:00
AIRFLOW_CTX_TRY_NUMBER=1
AIRFLOW_CTX_DAG_RUN_ID=manual__2022-08-12T04:42:08.092521+00:00
[2022-08-12 04:42:21,790] {logging_mixin.py:115} INFO - Successfully uploaded producer-price-index/PPIforecast.xlsx to s3-bucket-raw-usda
[2022-08-12 04:42:23,205] {logging_mixin.py:115} INFO - Successfully uploaded producer-price-index/historicalppi.xlsx to s3-bucket-raw-usda
[2022-08-12 04:42:25,472] {logging_mixin.py:115} INFO - Successfully uploaded producer-price-index/CPIArchivedForecasts.xlsx to s3-bucket-raw-usda
[2022-08-12 04:42:27,002] {logging_mixin.py:115} INFO - Successfully uploaded producer-price-index/PPIArchivedForecasts.xlsx to s3-bucket-raw-usda
[2022-08-12 04:42:27,008] {python.py:173} INFO - Done. Returned value was: None
[2022-08-12 04:42:27,040] {taskinstance.py:1420} INFO - Marking task as SUCCESS. dag_id=ETL_DAG_US_FOOD_NUTRITION, task_id=Ingest_from_producer_price_index, execution_date=20220812T044208, start_date=20220812T044213, end_date=20220812T044227
[2022-08-12 04:42:27,110] {local_task_job.py:156} INFO - Task exited with return code 0
[2022-08-12 04:42:27,171] {local_task_job.py:273} INFO - 0 downstream tasks scheduled from follow-on schedule check
