[2022-08-11 23:14:00,219] {taskinstance.py:1179} INFO - Dependencies all met for <TaskInstance: ETL_DAG_US_FOOD_NUTRITION.Transform_current-food-expenditure-series manual__2022-08-11T23:09:24.436624+00:00 [queued]>
[2022-08-11 23:14:00,261] {taskinstance.py:1179} INFO - Dependencies all met for <TaskInstance: ETL_DAG_US_FOOD_NUTRITION.Transform_current-food-expenditure-series manual__2022-08-11T23:09:24.436624+00:00 [queued]>
[2022-08-11 23:14:00,263] {taskinstance.py:1376} INFO - 
--------------------------------------------------------------------------------
[2022-08-11 23:14:00,264] {taskinstance.py:1377} INFO - Starting attempt 1 of 6
[2022-08-11 23:14:00,265] {taskinstance.py:1378} INFO - 
--------------------------------------------------------------------------------
[2022-08-11 23:14:00,285] {taskinstance.py:1397} INFO - Executing <Task(PythonOperator): Transform_current-food-expenditure-series> on 2022-08-11 23:09:24.436624+00:00
[2022-08-11 23:14:00,302] {standard_task_runner.py:52} INFO - Started process 6537 to run task
[2022-08-11 23:14:00,313] {standard_task_runner.py:79} INFO - Running: ['***', 'tasks', 'run', 'ETL_DAG_US_FOOD_NUTRITION', 'Transform_current-food-expenditure-series', 'manual__2022-08-11T23:09:24.436624+00:00', '--job-id', '720', '--raw', '--subdir', 'DAGS_FOLDER/etl_dag.py', '--cfg-path', '/tmp/tmpkpy702ci', '--error-file', '/tmp/tmpbxjq_2hb']
[2022-08-11 23:14:00,317] {standard_task_runner.py:80} INFO - Job 720: Subtask Transform_current-food-expenditure-series
[2022-08-11 23:14:00,418] {task_command.py:371} INFO - Running <TaskInstance: ETL_DAG_US_FOOD_NUTRITION.Transform_current-food-expenditure-series manual__2022-08-11T23:09:24.436624+00:00 [running]> on host a02c2b8cab8b
[2022-08-11 23:14:00,525] {taskinstance.py:1591} INFO - Exporting the following env vars:
AIRFLOW_CTX_DAG_OWNER=narapady
AIRFLOW_CTX_DAG_ID=ETL_DAG_US_FOOD_NUTRITION
AIRFLOW_CTX_TASK_ID=Transform_current-food-expenditure-series
AIRFLOW_CTX_EXECUTION_DATE=2022-08-11T23:09:24.436624+00:00
AIRFLOW_CTX_TRY_NUMBER=1
AIRFLOW_CTX_DAG_RUN_ID=manual__2022-08-11T23:09:24.436624+00:00
[2022-08-11 23:14:18,708] {logging_mixin.py:115} INFO - Successfully process food-expenditure-clean/constant-total-fah.csv to S3
[2022-08-11 23:14:19,108] {logging_mixin.py:115} INFO - Successfully process food-expenditure-clean/constant-total-fafh.csv to S3
[2022-08-11 23:14:19,565] {logging_mixin.py:115} INFO - Successfully process food-expenditure-clean/constant-total-aah.csv to S3
[2022-08-11 23:14:20,011] {logging_mixin.py:115} INFO - Successfully process food-expenditure-clean/constant-total-aafh.csv to S3
[2022-08-11 23:14:39,498] {logging_mixin.py:115} INFO - Successfully process food-expenditure-clean/nominal-total-fah.csv to S3
[2022-08-11 23:14:39,953] {logging_mixin.py:115} INFO - Successfully process food-expenditure-clean/nominal-total-fafh.csv to S3
[2022-08-11 23:14:40,330] {logging_mixin.py:115} INFO - Successfully process food-expenditure-clean/nominal-total-aah.csv to S3
[2022-08-11 23:14:40,700] {logging_mixin.py:115} INFO - Successfully process food-expenditure-clean/nominal-total-aafh.csv to S3
[2022-08-11 23:15:10,003] {logging_mixin.py:115} INFO - Successfully process food-expenditure-clean/nominal-monthly-sale.csv to S3
[2022-08-11 23:15:10,411] {logging_mixin.py:115} INFO - Successfully process food-expenditure-clean/constant-monthly-sale.csv to S3
[2022-08-11 23:15:10,426] {python.py:173} INFO - Done. Returned value was: None
[2022-08-11 23:15:10,466] {taskinstance.py:1420} INFO - Marking task as SUCCESS. dag_id=ETL_DAG_US_FOOD_NUTRITION, task_id=Transform_current-food-expenditure-series, execution_date=20220811T230924, start_date=20220811T231400, end_date=20220811T231510
[2022-08-11 23:15:10,512] {local_task_job.py:156} INFO - Task exited with return code 0
[2022-08-11 23:15:10,542] {local_task_job.py:273} INFO - 1 downstream tasks scheduled from follow-on schedule check
