[2022-08-11 20:49:41,188] {taskinstance.py:1179} INFO - Dependencies all met for <TaskInstance: ETL_DAG_V7.Transform_food-consumption-estimates manual__2022-08-11T20:45:41.327998+00:00 [queued]>
[2022-08-11 20:49:41,217] {taskinstance.py:1179} INFO - Dependencies all met for <TaskInstance: ETL_DAG_V7.Transform_food-consumption-estimates manual__2022-08-11T20:45:41.327998+00:00 [queued]>
[2022-08-11 20:49:41,221] {taskinstance.py:1376} INFO - 
--------------------------------------------------------------------------------
[2022-08-11 20:49:41,224] {taskinstance.py:1377} INFO - Starting attempt 1 of 6
[2022-08-11 20:49:41,226] {taskinstance.py:1378} INFO - 
--------------------------------------------------------------------------------
[2022-08-11 20:49:41,252] {taskinstance.py:1397} INFO - Executing <Task(PythonOperator): Transform_food-consumption-estimates> on 2022-08-11 20:45:41.327998+00:00
[2022-08-11 20:49:41,337] {standard_task_runner.py:52} INFO - Started process 8148 to run task
[2022-08-11 20:49:41,348] {standard_task_runner.py:79} INFO - Running: ['***', 'tasks', 'run', 'ETL_DAG_V7', 'Transform_food-consumption-estimates', 'manual__2022-08-11T20:45:41.327998+00:00', '--job-id', '585', '--raw', '--subdir', 'DAGS_FOLDER/etl_dag.py', '--cfg-path', '/tmp/tmptb10j6ed', '--error-file', '/tmp/tmpe1kew50w']
[2022-08-11 20:49:41,364] {standard_task_runner.py:80} INFO - Job 585: Subtask Transform_food-consumption-estimates
[2022-08-11 20:49:41,494] {task_command.py:371} INFO - Running <TaskInstance: ETL_DAG_V7.Transform_food-consumption-estimates manual__2022-08-11T20:45:41.327998+00:00 [running]> on host ce1be8c59d56
[2022-08-11 20:49:41,637] {taskinstance.py:1591} INFO - Exporting the following env vars:
AIRFLOW_CTX_DAG_OWNER=narapady
AIRFLOW_CTX_DAG_ID=ETL_DAG_V7
AIRFLOW_CTX_TASK_ID=Transform_food-consumption-estimates
AIRFLOW_CTX_EXECUTION_DATE=2022-08-11T20:45:41.327998+00:00
AIRFLOW_CTX_TRY_NUMBER=1
AIRFLOW_CTX_DAG_RUN_ID=manual__2022-08-11T20:45:41.327998+00:00
[2022-08-11 20:49:59,761] {logging_mixin.py:115} INFO - Successfully process food-consumption-estimates-clean/Total population-2015-2016.csv to S3
[2022-08-11 20:50:00,067] {logging_mixin.py:115} INFO - Successfully process food-consumption-estimates-clean/Total population-2017-2018.csv to S3
[2022-08-11 20:50:00,366] {logging_mixin.py:115} INFO - Successfully process food-consumption-estimates-clean/Children age 2–19-2015-2016.csv to S3
[2022-08-11 20:50:00,667] {logging_mixin.py:115} INFO - Successfully process food-consumption-estimates-clean/Children age 2–19-2017-2018.csv to S3
[2022-08-11 20:50:01,002] {logging_mixin.py:115} INFO - Successfully process food-consumption-estimates-clean/Adults age 20-64-2015-2016.csv to S3
[2022-08-11 20:50:01,313] {logging_mixin.py:115} INFO - Successfully process food-consumption-estimates-clean/Adults age 20-64-2017-2018.csv to S3
[2022-08-11 20:50:01,645] {logging_mixin.py:115} INFO - Successfully process food-consumption-estimates-clean/Seniors age 65 and above-2015-2016.csv to S3
[2022-08-11 20:50:01,949] {logging_mixin.py:115} INFO - Successfully process food-consumption-estimates-clean/Seniors age 65 and above-2017-2018.csv to S3
[2022-08-11 20:50:02,261] {logging_mixin.py:115} INFO - Successfully process food-consumption-estimates-clean/Household income < 185% poverty line-2015-2016.csv to S3
[2022-08-11 20:50:02,565] {logging_mixin.py:115} INFO - Successfully process food-consumption-estimates-clean/Household income < 185% poverty line-2017-2018.csv to S3
[2022-08-11 20:50:02,877] {logging_mixin.py:115} INFO - Successfully process food-consumption-estimates-clean/Household income 185–300% poverty line-2015-2016.csv to S3
[2022-08-11 20:50:03,201] {logging_mixin.py:115} INFO - Successfully process food-consumption-estimates-clean/Household income 185–300% poverty line-2017-2018.csv to S3
[2022-08-11 20:50:03,518] {logging_mixin.py:115} INFO - Successfully process food-consumption-estimates-clean/Household income > 300% poverty line-2015-2016.csv to S3
[2022-08-11 20:50:03,820] {logging_mixin.py:115} INFO - Successfully process food-consumption-estimates-clean/Household income > 300% poverty line-2017-2018.csv to S3
[2022-08-11 20:50:03,823] {python.py:173} INFO - Done. Returned value was: None
[2022-08-11 20:50:03,840] {taskinstance.py:1420} INFO - Marking task as SUCCESS. dag_id=ETL_DAG_V7, task_id=Transform_food-consumption-estimates, execution_date=20220811T204541, start_date=20220811T204941, end_date=20220811T205003
[2022-08-11 20:50:03,902] {local_task_job.py:156} INFO - Task exited with return code 0
[2022-08-11 20:50:03,946] {local_task_job.py:273} INFO - 0 downstream tasks scheduled from follow-on schedule check
