[2022-08-11 21:38:01,583] {taskinstance.py:1179} INFO - Dependencies all met for <TaskInstance: ETL_DAG_V8.Transform_nutrient-intake-estimates manual__2022-08-11T21:34:01.587578+00:00 [queued]>
[2022-08-11 21:38:01,604] {taskinstance.py:1179} INFO - Dependencies all met for <TaskInstance: ETL_DAG_V8.Transform_nutrient-intake-estimates manual__2022-08-11T21:34:01.587578+00:00 [queued]>
[2022-08-11 21:38:01,605] {taskinstance.py:1376} INFO - 
--------------------------------------------------------------------------------
[2022-08-11 21:38:01,606] {taskinstance.py:1377} INFO - Starting attempt 1 of 6
[2022-08-11 21:38:01,608] {taskinstance.py:1378} INFO - 
--------------------------------------------------------------------------------
[2022-08-11 21:38:01,620] {taskinstance.py:1397} INFO - Executing <Task(PythonOperator): Transform_nutrient-intake-estimates> on 2022-08-11 21:34:01.587578+00:00
[2022-08-11 21:38:01,630] {standard_task_runner.py:52} INFO - Started process 520 to run task
[2022-08-11 21:38:01,637] {standard_task_runner.py:79} INFO - Running: ['***', 'tasks', 'run', 'ETL_DAG_V8', 'Transform_nutrient-intake-estimates', 'manual__2022-08-11T21:34:01.587578+00:00', '--job-id', '684', '--raw', '--subdir', 'DAGS_FOLDER/etl_dag.py', '--cfg-path', '/tmp/tmpav93d15r', '--error-file', '/tmp/tmpqm4txgh5']
[2022-08-11 21:38:01,643] {standard_task_runner.py:80} INFO - Job 684: Subtask Transform_nutrient-intake-estimates
[2022-08-11 21:38:01,745] {task_command.py:371} INFO - Running <TaskInstance: ETL_DAG_V8.Transform_nutrient-intake-estimates manual__2022-08-11T21:34:01.587578+00:00 [running]> on host a02c2b8cab8b
[2022-08-11 21:38:01,866] {taskinstance.py:1591} INFO - Exporting the following env vars:
AIRFLOW_CTX_DAG_OWNER=narapady
AIRFLOW_CTX_DAG_ID=ETL_DAG_V8
AIRFLOW_CTX_TASK_ID=Transform_nutrient-intake-estimates
AIRFLOW_CTX_EXECUTION_DATE=2022-08-11T21:34:01.587578+00:00
AIRFLOW_CTX_TRY_NUMBER=1
AIRFLOW_CTX_DAG_RUN_ID=manual__2022-08-11T21:34:01.587578+00:00
[2022-08-11 21:38:18,892] {logging_mixin.py:115} INFO - Successfully process nutrient-intake-estimates-clean/Total population-2015-2016.csv to S3
[2022-08-11 21:38:19,189] {logging_mixin.py:115} INFO - Successfully process nutrient-intake-estimates-clean/Total population-2017-2018.csv to S3
[2022-08-11 21:38:19,511] {logging_mixin.py:115} INFO - Successfully process nutrient-intake-estimates-clean/Children age 2–19-2015-2016.csv to S3
[2022-08-11 21:38:19,812] {logging_mixin.py:115} INFO - Successfully process nutrient-intake-estimates-clean/Children age 2–19-2017-2018.csv to S3
[2022-08-11 21:38:20,110] {logging_mixin.py:115} INFO - Successfully process nutrient-intake-estimates-clean/Adults age 20-64-2015-2016.csv to S3
[2022-08-11 21:38:20,458] {logging_mixin.py:115} INFO - Successfully process nutrient-intake-estimates-clean/Adults age 20-64-2017-2018.csv to S3
[2022-08-11 21:38:20,755] {logging_mixin.py:115} INFO - Successfully process nutrient-intake-estimates-clean/Seniors age 65 and above-2015-2016.csv to S3
[2022-08-11 21:38:21,074] {logging_mixin.py:115} INFO - Successfully process nutrient-intake-estimates-clean/Seniors age 65 and above-2017-2018.csv to S3
[2022-08-11 21:38:21,385] {logging_mixin.py:115} INFO - Successfully process nutrient-intake-estimates-clean/Household income < 185% poverty line-2015-2016.csv to S3
[2022-08-11 21:38:21,728] {logging_mixin.py:115} INFO - Successfully process nutrient-intake-estimates-clean/Household income < 185% poverty line-2017-2018.csv to S3
[2022-08-11 21:38:22,031] {logging_mixin.py:115} INFO - Successfully process nutrient-intake-estimates-clean/Household income 185–300% poverty line-2015-2016.csv to S3
[2022-08-11 21:38:22,354] {logging_mixin.py:115} INFO - Successfully process nutrient-intake-estimates-clean/Household income 185–300% poverty line-2017-2018.csv to S3
[2022-08-11 21:38:22,665] {logging_mixin.py:115} INFO - Successfully process nutrient-intake-estimates-clean/Household income > 300% poverty line-2015-2016.csv to S3
[2022-08-11 21:38:22,984] {logging_mixin.py:115} INFO - Successfully process nutrient-intake-estimates-clean/Household income > 300% poverty line-2017-2018.csv to S3
[2022-08-11 21:38:22,995] {python.py:173} INFO - Done. Returned value was: None
[2022-08-11 21:38:23,019] {taskinstance.py:1420} INFO - Marking task as SUCCESS. dag_id=ETL_DAG_V8, task_id=Transform_nutrient-intake-estimates, execution_date=20220811T213401, start_date=20220811T213801, end_date=20220811T213823
[2022-08-11 21:38:23,073] {local_task_job.py:156} INFO - Task exited with return code 0
[2022-08-11 21:38:23,099] {local_task_job.py:273} INFO - 0 downstream tasks scheduled from follow-on schedule check
