[2022-08-16 18:57:18,076] {taskinstance.py:1179} INFO - Dependencies all met for <TaskInstance: ETL_DAG.Ingest_from_food_consumption_estimates manual__2022-08-16T18:57:11.917054+00:00 [queued]>
[2022-08-16 18:57:18,103] {taskinstance.py:1179} INFO - Dependencies all met for <TaskInstance: ETL_DAG.Ingest_from_food_consumption_estimates manual__2022-08-16T18:57:11.917054+00:00 [queued]>
[2022-08-16 18:57:18,104] {taskinstance.py:1376} INFO - 
--------------------------------------------------------------------------------
[2022-08-16 18:57:18,106] {taskinstance.py:1377} INFO - Starting attempt 1 of 6
[2022-08-16 18:57:18,107] {taskinstance.py:1378} INFO - 
--------------------------------------------------------------------------------
[2022-08-16 18:57:18,130] {taskinstance.py:1397} INFO - Executing <Task(PythonOperator): Ingest_from_food_consumption_estimates> on 2022-08-16 18:57:11.917054+00:00
[2022-08-16 18:57:18,143] {standard_task_runner.py:52} INFO - Started process 247 to run task
[2022-08-16 18:57:18,163] {standard_task_runner.py:79} INFO - Running: ['***', 'tasks', 'run', 'ETL_DAG', 'Ingest_from_food_consumption_estimates', 'manual__2022-08-16T18:57:11.917054+00:00', '--job-id', '1085', '--raw', '--subdir', 'DAGS_FOLDER/etl_dag.py', '--cfg-path', '/tmp/tmp8io7h9cm', '--error-file', '/tmp/tmpw2jibkax']
[2022-08-16 18:57:18,169] {standard_task_runner.py:80} INFO - Job 1085: Subtask Ingest_from_food_consumption_estimates
[2022-08-16 18:57:18,327] {task_command.py:371} INFO - Running <TaskInstance: ETL_DAG.Ingest_from_food_consumption_estimates manual__2022-08-16T18:57:11.917054+00:00 [running]> on host c7fa0145da3e
[2022-08-16 18:57:18,426] {taskinstance.py:1591} INFO - Exporting the following env vars:
AIRFLOW_CTX_DAG_OWNER=narapady
AIRFLOW_CTX_DAG_ID=ETL_DAG
AIRFLOW_CTX_TASK_ID=Ingest_from_food_consumption_estimates
AIRFLOW_CTX_EXECUTION_DATE=2022-08-16T18:57:11.917054+00:00
AIRFLOW_CTX_TRY_NUMBER=1
AIRFLOW_CTX_DAG_RUN_ID=manual__2022-08-16T18:57:11.917054+00:00
[2022-08-16 18:57:26,293] {logging_mixin.py:115} INFO - Successfully uploaded food-consumption-estimates/food_table1.xlsx to s3-bucket-raw-usda
[2022-08-16 18:57:27,534] {logging_mixin.py:115} INFO - Successfully uploaded food-consumption-estimates/food_table2.xlsx to s3-bucket-raw-usda
[2022-08-16 18:57:28,761] {logging_mixin.py:115} INFO - Successfully uploaded food-consumption-estimates/food_table3.xlsx to s3-bucket-raw-usda
[2022-08-16 18:57:28,763] {python.py:173} INFO - Done. Returned value was: None
[2022-08-16 18:57:28,872] {taskinstance.py:1420} INFO - Marking task as SUCCESS. dag_id=ETL_DAG, task_id=Ingest_from_food_consumption_estimates, execution_date=20220816T185711, start_date=20220816T185718, end_date=20220816T185728
[2022-08-16 18:57:28,936] {local_task_job.py:156} INFO - Task exited with return code 0
[2022-08-16 18:57:28,964] {local_task_job.py:273} INFO - 0 downstream tasks scheduled from follow-on schedule check
