[2022-08-12 05:37:38,149] {taskinstance.py:1179} INFO - Dependencies all met for <TaskInstance: ETL_DAG.Transform_producer-price-index manual__2022-08-12T05:33:31.619708+00:00 [queued]>
[2022-08-12 05:37:38,174] {taskinstance.py:1179} INFO - Dependencies all met for <TaskInstance: ETL_DAG.Transform_producer-price-index manual__2022-08-12T05:33:31.619708+00:00 [queued]>
[2022-08-12 05:37:38,176] {taskinstance.py:1376} INFO - 
--------------------------------------------------------------------------------
[2022-08-12 05:37:38,178] {taskinstance.py:1377} INFO - Starting attempt 1 of 6
[2022-08-12 05:37:38,179] {taskinstance.py:1378} INFO - 
--------------------------------------------------------------------------------
[2022-08-12 05:37:38,204] {taskinstance.py:1397} INFO - Executing <Task(PythonOperator): Transform_producer-price-index> on 2022-08-12 05:33:31.619708+00:00
[2022-08-12 05:37:38,227] {standard_task_runner.py:52} INFO - Started process 618 to run task
[2022-08-12 05:37:38,240] {standard_task_runner.py:79} INFO - Running: ['***', 'tasks', 'run', 'ETL_DAG', 'Transform_producer-price-index', 'manual__2022-08-12T05:33:31.619708+00:00', '--job-id', '859', '--raw', '--subdir', 'DAGS_FOLDER/etl_dag.py', '--cfg-path', '/tmp/tmp_q332zur', '--error-file', '/tmp/tmp7m0ye3yl']
[2022-08-12 05:37:38,257] {standard_task_runner.py:80} INFO - Job 859: Subtask Transform_producer-price-index
[2022-08-12 05:37:38,365] {task_command.py:371} INFO - Running <TaskInstance: ETL_DAG.Transform_producer-price-index manual__2022-08-12T05:33:31.619708+00:00 [running]> on host 959a8f00817b
[2022-08-12 05:37:38,469] {taskinstance.py:1591} INFO - Exporting the following env vars:
AIRFLOW_CTX_DAG_OWNER=narapady
AIRFLOW_CTX_DAG_ID=ETL_DAG
AIRFLOW_CTX_TASK_ID=Transform_producer-price-index
AIRFLOW_CTX_EXECUTION_DATE=2022-08-12T05:33:31.619708+00:00
AIRFLOW_CTX_TRY_NUMBER=1
AIRFLOW_CTX_DAG_RUN_ID=manual__2022-08-12T05:33:31.619708+00:00
[2022-08-12 05:38:11,241] {logging_mixin.py:115} INFO - Successfully process price-index-clean/producer-price-index.csv to S3
[2022-08-12 05:38:11,250] {python.py:173} INFO - Done. Returned value was: None
[2022-08-12 05:38:11,278] {taskinstance.py:1420} INFO - Marking task as SUCCESS. dag_id=ETL_DAG, task_id=Transform_producer-price-index, execution_date=20220812T053331, start_date=20220812T053738, end_date=20220812T053811
[2022-08-12 05:38:11,332] {local_task_job.py:156} INFO - Task exited with return code 0
[2022-08-12 05:38:11,362] {local_task_job.py:273} INFO - 0 downstream tasks scheduled from follow-on schedule check
