[2022-08-07 05:39:44,097] {taskinstance.py:1179} INFO - Dependencies all met for <TaskInstance: etl_dag.greet scheduled__2022-08-04T00:00:00+00:00 [queued]>
[2022-08-07 05:39:44,106] {taskinstance.py:1179} INFO - Dependencies all met for <TaskInstance: etl_dag.greet scheduled__2022-08-04T00:00:00+00:00 [queued]>
[2022-08-07 05:39:44,107] {taskinstance.py:1376} INFO - 
--------------------------------------------------------------------------------
[2022-08-07 05:39:44,109] {taskinstance.py:1377} INFO - Starting attempt 1 of 6
[2022-08-07 05:39:44,111] {taskinstance.py:1378} INFO - 
--------------------------------------------------------------------------------
[2022-08-07 05:39:44,126] {taskinstance.py:1397} INFO - Executing <Task(PythonOperator): greet> on 2022-08-04 00:00:00+00:00
[2022-08-07 05:39:44,130] {standard_task_runner.py:52} INFO - Started process 245 to run task
[2022-08-07 05:39:44,133] {standard_task_runner.py:79} INFO - Running: ['***', 'tasks', 'run', 'etl_dag', 'greet', 'scheduled__2022-08-04T00:00:00+00:00', '--job-id', '54', '--raw', '--subdir', 'DAGS_FOLDER/etl_dag.py', '--cfg-path', '/tmp/tmpeh10empm', '--error-file', '/tmp/tmpmpsppl4h']
[2022-08-07 05:39:44,135] {standard_task_runner.py:80} INFO - Job 54: Subtask greet
[2022-08-07 05:39:44,185] {task_command.py:371} INFO - Running <TaskInstance: etl_dag.greet scheduled__2022-08-04T00:00:00+00:00 [running]> on host 9c2fa859e2fb
[2022-08-07 05:39:44,236] {taskinstance.py:1591} INFO - Exporting the following env vars:
AIRFLOW_CTX_DAG_OWNER=narapady
AIRFLOW_CTX_DAG_ID=etl_dag
AIRFLOW_CTX_TASK_ID=greet
AIRFLOW_CTX_EXECUTION_DATE=2022-08-04T00:00:00+00:00
AIRFLOW_CTX_TRY_NUMBER=1
AIRFLOW_CTX_DAG_RUN_ID=scheduled__2022-08-04T00:00:00+00:00
[2022-08-07 05:39:44,237] {logging_mixin.py:115} INFO - Hello World
[2022-08-07 05:39:44,238] {python.py:173} INFO - Done. Returned value was: None
[2022-08-07 05:39:44,250] {taskinstance.py:1420} INFO - Marking task as SUCCESS. dag_id=etl_dag, task_id=greet, execution_date=20220804T000000, start_date=20220807T053944, end_date=20220807T053944
[2022-08-07 05:39:44,267] {local_task_job.py:156} INFO - Task exited with return code 0
[2022-08-07 05:39:44,288] {local_task_job.py:273} INFO - 0 downstream tasks scheduled from follow-on schedule check
