[2022-08-12 18:26:02,526] {taskinstance.py:1179} INFO - Dependencies all met for <TaskInstance: ETL_DAG.Stage_obesity manual__2022-08-12T18:20:52.559703+00:00 [queued]>
[2022-08-12 18:26:02,540] {taskinstance.py:1179} INFO - Dependencies all met for <TaskInstance: ETL_DAG.Stage_obesity manual__2022-08-12T18:20:52.559703+00:00 [queued]>
[2022-08-12 18:26:02,541] {taskinstance.py:1376} INFO - 
--------------------------------------------------------------------------------
[2022-08-12 18:26:02,542] {taskinstance.py:1377} INFO - Starting attempt 1 of 6
[2022-08-12 18:26:02,543] {taskinstance.py:1378} INFO - 
--------------------------------------------------------------------------------
[2022-08-12 18:26:02,564] {taskinstance.py:1397} INFO - Executing <Task(PythonOperator): Stage_obesity> on 2022-08-12 18:20:52.559703+00:00
[2022-08-12 18:26:02,576] {standard_task_runner.py:52} INFO - Started process 650 to run task
[2022-08-12 18:26:02,579] {standard_task_runner.py:79} INFO - Running: ['***', 'tasks', 'run', 'ETL_DAG', 'Stage_obesity', 'manual__2022-08-12T18:20:52.559703+00:00', '--job-id', '907', '--raw', '--subdir', 'DAGS_FOLDER/etl_dag.py', '--cfg-path', '/tmp/tmpd33r10h2', '--error-file', '/tmp/tmpmai110nz']
[2022-08-12 18:26:02,584] {standard_task_runner.py:80} INFO - Job 907: Subtask Stage_obesity
[2022-08-12 18:26:02,660] {task_command.py:371} INFO - Running <TaskInstance: ETL_DAG.Stage_obesity manual__2022-08-12T18:20:52.559703+00:00 [running]> on host 00aa0783f116
[2022-08-12 18:26:02,731] {taskinstance.py:1591} INFO - Exporting the following env vars:
AIRFLOW_CTX_DAG_OWNER=narapady
AIRFLOW_CTX_DAG_ID=ETL_DAG
AIRFLOW_CTX_TASK_ID=Stage_obesity
AIRFLOW_CTX_EXECUTION_DATE=2022-08-12T18:20:52.559703+00:00
AIRFLOW_CTX_TRY_NUMBER=1
AIRFLOW_CTX_DAG_RUN_ID=manual__2022-08-12T18:20:52.559703+00:00
[2022-08-12 18:26:05,291] {logging_mixin.py:115} INFO - Successfully loaded Obesity_GDP_PanelData-staged.csv to s3-bucket-staged
[2022-08-12 18:26:25,761] {logging_mixin.py:115} INFO - Successfully loaded obesity-staged.csv to s3-bucket-staged
[2022-08-12 18:26:25,768] {python.py:173} INFO - Done. Returned value was: None
[2022-08-12 18:26:25,784] {taskinstance.py:1420} INFO - Marking task as SUCCESS. dag_id=ETL_DAG, task_id=Stage_obesity, execution_date=20220812T182052, start_date=20220812T182602, end_date=20220812T182625
[2022-08-12 18:26:25,846] {local_task_job.py:156} INFO - Task exited with return code 0
[2022-08-12 18:26:25,870] {local_task_job.py:273} INFO - 0 downstream tasks scheduled from follow-on schedule check
