[2022-08-17 00:44:38,853] {taskinstance.py:1179} INFO - Dependencies all met for <TaskInstance: ETL_DAG.Ingest_from_nutrient_intake_estimates manual__2022-08-17T00:44:32.649423+00:00 [queued]>
[2022-08-17 00:44:38,874] {taskinstance.py:1179} INFO - Dependencies all met for <TaskInstance: ETL_DAG.Ingest_from_nutrient_intake_estimates manual__2022-08-17T00:44:32.649423+00:00 [queued]>
[2022-08-17 00:44:38,875] {taskinstance.py:1376} INFO - 
--------------------------------------------------------------------------------
[2022-08-17 00:44:38,876] {taskinstance.py:1377} INFO - Starting attempt 1 of 6
[2022-08-17 00:44:38,879] {taskinstance.py:1378} INFO - 
--------------------------------------------------------------------------------
[2022-08-17 00:44:38,895] {taskinstance.py:1397} INFO - Executing <Task(PythonOperator): Ingest_from_nutrient_intake_estimates> on 2022-08-17 00:44:32.649423+00:00
[2022-08-17 00:44:38,904] {standard_task_runner.py:52} INFO - Started process 279 to run task
[2022-08-17 00:44:38,924] {standard_task_runner.py:79} INFO - Running: ['***', 'tasks', 'run', 'ETL_DAG', 'Ingest_from_nutrient_intake_estimates', 'manual__2022-08-17T00:44:32.649423+00:00', '--job-id', '1122', '--raw', '--subdir', 'DAGS_FOLDER/etl_dag.py', '--cfg-path', '/tmp/tmp0j14fxzj', '--error-file', '/tmp/tmp4072qgqw']
[2022-08-17 00:44:38,928] {standard_task_runner.py:80} INFO - Job 1122: Subtask Ingest_from_nutrient_intake_estimates
[2022-08-17 00:44:39,042] {task_command.py:371} INFO - Running <TaskInstance: ETL_DAG.Ingest_from_nutrient_intake_estimates manual__2022-08-17T00:44:32.649423+00:00 [running]> on host b6e9d58543c5
[2022-08-17 00:44:39,153] {taskinstance.py:1591} INFO - Exporting the following env vars:
AIRFLOW_CTX_DAG_OWNER=narapady
AIRFLOW_CTX_DAG_ID=ETL_DAG
AIRFLOW_CTX_TASK_ID=Ingest_from_nutrient_intake_estimates
AIRFLOW_CTX_EXECUTION_DATE=2022-08-17T00:44:32.649423+00:00
AIRFLOW_CTX_TRY_NUMBER=1
AIRFLOW_CTX_DAG_RUN_ID=manual__2022-08-17T00:44:32.649423+00:00
[2022-08-17 00:44:47,957] {logging_mixin.py:115} INFO - Successfully uploaded nutrient-intake-estimates/nutrient_table1.xlsx to s3-bucket-raw-usda
[2022-08-17 00:44:49,244] {logging_mixin.py:115} INFO - Successfully uploaded nutrient-intake-estimates/nutrient_table2.xlsx to s3-bucket-raw-usda
[2022-08-17 00:44:53,554] {logging_mixin.py:115} INFO - Successfully uploaded nutrient-intake-estimates/Archived%202007-10%20Food%20Consumption%20and%20Nutrient%20Inta to s3-bucket-raw-usda
[2022-08-17 00:44:53,565] {python.py:173} INFO - Done. Returned value was: None
[2022-08-17 00:44:53,692] {taskinstance.py:1420} INFO - Marking task as SUCCESS. dag_id=ETL_DAG, task_id=Ingest_from_nutrient_intake_estimates, execution_date=20220817T004432, start_date=20220817T004438, end_date=20220817T004453
[2022-08-17 00:44:53,742] {local_task_job.py:156} INFO - Task exited with return code 0
[2022-08-17 00:44:53,770] {local_task_job.py:273} INFO - 0 downstream tasks scheduled from follow-on schedule check
