[2022-08-16 18:57:58,733] {taskinstance.py:1179} INFO - Dependencies all met for <TaskInstance: ETL_DAG.Transform_2016 manual__2022-08-16T18:57:11.917054+00:00 [queued]>
[2022-08-16 18:57:58,743] {taskinstance.py:1179} INFO - Dependencies all met for <TaskInstance: ETL_DAG.Transform_2016 manual__2022-08-16T18:57:11.917054+00:00 [queued]>
[2022-08-16 18:57:58,744] {taskinstance.py:1376} INFO - 
--------------------------------------------------------------------------------
[2022-08-16 18:57:58,745] {taskinstance.py:1377} INFO - Starting attempt 1 of 6
[2022-08-16 18:57:58,746] {taskinstance.py:1378} INFO - 
--------------------------------------------------------------------------------
[2022-08-16 18:57:58,763] {taskinstance.py:1397} INFO - Executing <Task(PythonOperator): Transform_2016> on 2022-08-16 18:57:11.917054+00:00
[2022-08-16 18:57:58,768] {standard_task_runner.py:52} INFO - Started process 331 to run task
[2022-08-16 18:57:58,783] {standard_task_runner.py:79} INFO - Running: ['***', 'tasks', 'run', 'ETL_DAG', 'Transform_2016', 'manual__2022-08-16T18:57:11.917054+00:00', '--job-id', '1096', '--raw', '--subdir', 'DAGS_FOLDER/etl_dag.py', '--cfg-path', '/tmp/tmp83cyytz6', '--error-file', '/tmp/tmplm3xt0yx']
[2022-08-16 18:57:58,786] {standard_task_runner.py:80} INFO - Job 1096: Subtask Transform_2016
[2022-08-16 18:57:58,854] {task_command.py:371} INFO - Running <TaskInstance: ETL_DAG.Transform_2016 manual__2022-08-16T18:57:11.917054+00:00 [running]> on host c7fa0145da3e
[2022-08-16 18:57:58,908] {taskinstance.py:1591} INFO - Exporting the following env vars:
AIRFLOW_CTX_DAG_OWNER=narapady
AIRFLOW_CTX_DAG_ID=ETL_DAG
AIRFLOW_CTX_TASK_ID=Transform_2016
AIRFLOW_CTX_EXECUTION_DATE=2022-08-16T18:57:11.917054+00:00
AIRFLOW_CTX_TRY_NUMBER=1
AIRFLOW_CTX_DAG_RUN_ID=manual__2022-08-16T18:57:11.917054+00:00
[2022-08-16 18:58:15,420] {logging_mixin.py:115} INFO - Successfully process fast-food-clean/age-15-and-older-2016.csv to S3
[2022-08-16 18:58:15,725] {logging_mixin.py:115} INFO - Successfully process fast-food-clean/age-18-and-older-2016.csv to S3
[2022-08-16 18:58:15,728] {python.py:173} INFO - Done. Returned value was: None
[2022-08-16 18:58:15,737] {taskinstance.py:1420} INFO - Marking task as SUCCESS. dag_id=ETL_DAG, task_id=Transform_2016, execution_date=20220816T185711, start_date=20220816T185758, end_date=20220816T185815
[2022-08-16 18:58:15,766] {local_task_job.py:156} INFO - Task exited with return code 0
[2022-08-16 18:58:15,792] {local_task_job.py:273} INFO - 0 downstream tasks scheduled from follow-on schedule check
