[2022-08-11 21:19:59,862] {taskinstance.py:1179} INFO - Dependencies all met for <TaskInstance: ETL_DAG_V8.Transform_consumer-price-index manual__2022-08-11T21:16:03.096610+00:00 [queued]>
[2022-08-11 21:19:59,887] {taskinstance.py:1179} INFO - Dependencies all met for <TaskInstance: ETL_DAG_V8.Transform_consumer-price-index manual__2022-08-11T21:16:03.096610+00:00 [queued]>
[2022-08-11 21:19:59,888] {taskinstance.py:1376} INFO - 
--------------------------------------------------------------------------------
[2022-08-11 21:19:59,889] {taskinstance.py:1377} INFO - Starting attempt 1 of 6
[2022-08-11 21:19:59,890] {taskinstance.py:1378} INFO - 
--------------------------------------------------------------------------------
[2022-08-11 21:19:59,902] {taskinstance.py:1397} INFO - Executing <Task(PythonOperator): Transform_consumer-price-index> on 2022-08-11 21:16:03.096610+00:00
[2022-08-11 21:19:59,915] {standard_task_runner.py:52} INFO - Started process 10392 to run task
[2022-08-11 21:19:59,922] {standard_task_runner.py:79} INFO - Running: ['***', 'tasks', 'run', 'ETL_DAG_V8', 'Transform_consumer-price-index', 'manual__2022-08-11T21:16:03.096610+00:00', '--job-id', '645', '--raw', '--subdir', 'DAGS_FOLDER/etl_dag.py', '--cfg-path', '/tmp/tmpl44el10z', '--error-file', '/tmp/tmp3r8r9zzq']
[2022-08-11 21:19:59,925] {standard_task_runner.py:80} INFO - Job 645: Subtask Transform_consumer-price-index
[2022-08-11 21:20:00,064] {task_command.py:371} INFO - Running <TaskInstance: ETL_DAG_V8.Transform_consumer-price-index manual__2022-08-11T21:16:03.096610+00:00 [running]> on host ce1be8c59d56
[2022-08-11 21:20:00,140] {taskinstance.py:1591} INFO - Exporting the following env vars:
AIRFLOW_CTX_DAG_OWNER=narapady
AIRFLOW_CTX_DAG_ID=ETL_DAG_V8
AIRFLOW_CTX_TASK_ID=Transform_consumer-price-index
AIRFLOW_CTX_EXECUTION_DATE=2022-08-11T21:16:03.096610+00:00
AIRFLOW_CTX_TRY_NUMBER=1
AIRFLOW_CTX_DAG_RUN_ID=manual__2022-08-11T21:16:03.096610+00:00
[2022-08-11 21:20:30,225] {logging_mixin.py:115} INFO - Successfully process price-index-clean/consumer-price-index.csv to S3
[2022-08-11 21:20:30,229] {python.py:173} INFO - Done. Returned value was: None
[2022-08-11 21:20:30,239] {taskinstance.py:1420} INFO - Marking task as SUCCESS. dag_id=ETL_DAG_V8, task_id=Transform_consumer-price-index, execution_date=20220811T211603, start_date=20220811T211959, end_date=20220811T212030
[2022-08-11 21:20:30,295] {local_task_job.py:156} INFO - Task exited with return code 0
[2022-08-11 21:20:30,321] {local_task_job.py:273} INFO - 0 downstream tasks scheduled from follow-on schedule check
