[2022-08-11 21:19:59,614] {taskinstance.py:1179} INFO - Dependencies all met for <TaskInstance: ETL_DAG_V8.Transform_2015 manual__2022-08-11T21:16:03.096610+00:00 [queued]>
[2022-08-11 21:19:59,636] {taskinstance.py:1179} INFO - Dependencies all met for <TaskInstance: ETL_DAG_V8.Transform_2015 manual__2022-08-11T21:16:03.096610+00:00 [queued]>
[2022-08-11 21:19:59,639] {taskinstance.py:1376} INFO - 
--------------------------------------------------------------------------------
[2022-08-11 21:19:59,645] {taskinstance.py:1377} INFO - Starting attempt 1 of 6
[2022-08-11 21:19:59,647] {taskinstance.py:1378} INFO - 
--------------------------------------------------------------------------------
[2022-08-11 21:19:59,661] {taskinstance.py:1397} INFO - Executing <Task(PythonOperator): Transform_2015> on 2022-08-11 21:16:03.096610+00:00
[2022-08-11 21:19:59,671] {standard_task_runner.py:52} INFO - Started process 10387 to run task
[2022-08-11 21:19:59,676] {standard_task_runner.py:79} INFO - Running: ['***', 'tasks', 'run', 'ETL_DAG_V8', 'Transform_2015', 'manual__2022-08-11T21:16:03.096610+00:00', '--job-id', '640', '--raw', '--subdir', 'DAGS_FOLDER/etl_dag.py', '--cfg-path', '/tmp/tmp_23f0jvm', '--error-file', '/tmp/tmpurlpumix']
[2022-08-11 21:19:59,682] {standard_task_runner.py:80} INFO - Job 640: Subtask Transform_2015
[2022-08-11 21:19:59,787] {task_command.py:371} INFO - Running <TaskInstance: ETL_DAG_V8.Transform_2015 manual__2022-08-11T21:16:03.096610+00:00 [running]> on host ce1be8c59d56
[2022-08-11 21:19:59,888] {taskinstance.py:1591} INFO - Exporting the following env vars:
AIRFLOW_CTX_DAG_OWNER=narapady
AIRFLOW_CTX_DAG_ID=ETL_DAG_V8
AIRFLOW_CTX_TASK_ID=Transform_2015
AIRFLOW_CTX_EXECUTION_DATE=2022-08-11T21:16:03.096610+00:00
AIRFLOW_CTX_TRY_NUMBER=1
AIRFLOW_CTX_DAG_RUN_ID=manual__2022-08-11T21:16:03.096610+00:00
[2022-08-11 21:20:15,118] {logging_mixin.py:115} INFO - Successfully process fast-food-clean/age-15-and-older-2015.csv to S3
[2022-08-11 21:20:15,420] {logging_mixin.py:115} INFO - Successfully process fast-food-clean/age-18-and-older-2015.csv to S3
[2022-08-11 21:20:15,432] {python.py:173} INFO - Done. Returned value was: None
[2022-08-11 21:20:15,457] {taskinstance.py:1420} INFO - Marking task as SUCCESS. dag_id=ETL_DAG_V8, task_id=Transform_2015, execution_date=20220811T211603, start_date=20220811T211959, end_date=20220811T212015
[2022-08-11 21:20:15,512] {local_task_job.py:156} INFO - Task exited with return code 0
[2022-08-11 21:20:15,542] {local_task_job.py:273} INFO - 0 downstream tasks scheduled from follow-on schedule check
