[2022-08-12 05:37:37,752] {taskinstance.py:1179} INFO - Dependencies all met for <TaskInstance: ETL_DAG.Transform_food-consumption-estimates manual__2022-08-12T05:33:31.619708+00:00 [queued]>
[2022-08-12 05:37:37,768] {taskinstance.py:1179} INFO - Dependencies all met for <TaskInstance: ETL_DAG.Transform_food-consumption-estimates manual__2022-08-12T05:33:31.619708+00:00 [queued]>
[2022-08-12 05:37:37,772] {taskinstance.py:1376} INFO - 
--------------------------------------------------------------------------------
[2022-08-12 05:37:37,773] {taskinstance.py:1377} INFO - Starting attempt 1 of 6
[2022-08-12 05:37:37,774] {taskinstance.py:1378} INFO - 
--------------------------------------------------------------------------------
[2022-08-12 05:37:37,805] {taskinstance.py:1397} INFO - Executing <Task(PythonOperator): Transform_food-consumption-estimates> on 2022-08-12 05:33:31.619708+00:00
[2022-08-12 05:37:37,813] {standard_task_runner.py:52} INFO - Started process 615 to run task
[2022-08-12 05:37:37,830] {standard_task_runner.py:79} INFO - Running: ['***', 'tasks', 'run', 'ETL_DAG', 'Transform_food-consumption-estimates', 'manual__2022-08-12T05:33:31.619708+00:00', '--job-id', '856', '--raw', '--subdir', 'DAGS_FOLDER/etl_dag.py', '--cfg-path', '/tmp/tmpix2zz7zb', '--error-file', '/tmp/tmp91ixei1a']
[2022-08-12 05:37:37,835] {standard_task_runner.py:80} INFO - Job 856: Subtask Transform_food-consumption-estimates
[2022-08-12 05:37:37,940] {task_command.py:371} INFO - Running <TaskInstance: ETL_DAG.Transform_food-consumption-estimates manual__2022-08-12T05:33:31.619708+00:00 [running]> on host 959a8f00817b
[2022-08-12 05:37:38,102] {taskinstance.py:1591} INFO - Exporting the following env vars:
AIRFLOW_CTX_DAG_OWNER=narapady
AIRFLOW_CTX_DAG_ID=ETL_DAG
AIRFLOW_CTX_TASK_ID=Transform_food-consumption-estimates
AIRFLOW_CTX_EXECUTION_DATE=2022-08-12T05:33:31.619708+00:00
AIRFLOW_CTX_TRY_NUMBER=1
AIRFLOW_CTX_DAG_RUN_ID=manual__2022-08-12T05:33:31.619708+00:00
[2022-08-12 05:37:57,357] {logging_mixin.py:115} INFO - Successfully process food-consumption-estimates-clean/Total population-2015-2016.csv to S3
[2022-08-12 05:37:57,683] {logging_mixin.py:115} INFO - Successfully process food-consumption-estimates-clean/Total population-2017-2018.csv to S3
[2022-08-12 05:37:57,984] {logging_mixin.py:115} INFO - Successfully process food-consumption-estimates-clean/Children age 2–19-2015-2016.csv to S3
[2022-08-12 05:37:58,277] {logging_mixin.py:115} INFO - Successfully process food-consumption-estimates-clean/Children age 2–19-2017-2018.csv to S3
[2022-08-12 05:37:58,578] {logging_mixin.py:115} INFO - Successfully process food-consumption-estimates-clean/Adults age 20-64-2015-2016.csv to S3
[2022-08-12 05:37:58,877] {logging_mixin.py:115} INFO - Successfully process food-consumption-estimates-clean/Adults age 20-64-2017-2018.csv to S3
[2022-08-12 05:37:59,201] {logging_mixin.py:115} INFO - Successfully process food-consumption-estimates-clean/Seniors age 65 and above-2015-2016.csv to S3
[2022-08-12 05:37:59,539] {logging_mixin.py:115} INFO - Successfully process food-consumption-estimates-clean/Seniors age 65 and above-2017-2018.csv to S3
[2022-08-12 05:37:59,873] {logging_mixin.py:115} INFO - Successfully process food-consumption-estimates-clean/Household income < 185% poverty line-2015-2016.csv to S3
[2022-08-12 05:38:00,176] {logging_mixin.py:115} INFO - Successfully process food-consumption-estimates-clean/Household income < 185% poverty line-2017-2018.csv to S3
[2022-08-12 05:38:00,505] {logging_mixin.py:115} INFO - Successfully process food-consumption-estimates-clean/Household income 185–300% poverty line-2015-2016.csv to S3
[2022-08-12 05:38:00,869] {logging_mixin.py:115} INFO - Successfully process food-consumption-estimates-clean/Household income 185–300% poverty line-2017-2018.csv to S3
[2022-08-12 05:38:01,178] {logging_mixin.py:115} INFO - Successfully process food-consumption-estimates-clean/Household income > 300% poverty line-2015-2016.csv to S3
[2022-08-12 05:38:01,490] {logging_mixin.py:115} INFO - Successfully process food-consumption-estimates-clean/Household income > 300% poverty line-2017-2018.csv to S3
[2022-08-12 05:38:01,513] {python.py:173} INFO - Done. Returned value was: None
[2022-08-12 05:38:01,527] {taskinstance.py:1420} INFO - Marking task as SUCCESS. dag_id=ETL_DAG, task_id=Transform_food-consumption-estimates, execution_date=20220812T053331, start_date=20220812T053737, end_date=20220812T053801
[2022-08-12 05:38:01,550] {local_task_job.py:156} INFO - Task exited with return code 0
[2022-08-12 05:38:01,580] {local_task_job.py:273} INFO - 0 downstream tasks scheduled from follow-on schedule check
