[2022-08-07 05:39:44,088] {taskinstance.py:1179} INFO - Dependencies all met for <TaskInstance: etl_dag.greet scheduled__2022-08-06T00:00:00+00:00 [queued]>
[2022-08-07 05:39:44,095] {taskinstance.py:1179} INFO - Dependencies all met for <TaskInstance: etl_dag.greet scheduled__2022-08-06T00:00:00+00:00 [queued]>
[2022-08-07 05:39:44,096] {taskinstance.py:1376} INFO - 
--------------------------------------------------------------------------------
[2022-08-07 05:39:44,097] {taskinstance.py:1377} INFO - Starting attempt 1 of 6
[2022-08-07 05:39:44,098] {taskinstance.py:1378} INFO - 
--------------------------------------------------------------------------------
[2022-08-07 05:39:44,108] {taskinstance.py:1397} INFO - Executing <Task(PythonOperator): greet> on 2022-08-06 00:00:00+00:00
[2022-08-07 05:39:44,113] {standard_task_runner.py:52} INFO - Started process 242 to run task
[2022-08-07 05:39:44,118] {standard_task_runner.py:79} INFO - Running: ['***', 'tasks', 'run', 'etl_dag', 'greet', 'scheduled__2022-08-06T00:00:00+00:00', '--job-id', '51', '--raw', '--subdir', 'DAGS_FOLDER/etl_dag.py', '--cfg-path', '/tmp/tmp3it0noxy', '--error-file', '/tmp/tmppv2hdhrt']
[2022-08-07 05:39:44,119] {standard_task_runner.py:80} INFO - Job 51: Subtask greet
[2022-08-07 05:39:44,170] {task_command.py:371} INFO - Running <TaskInstance: etl_dag.greet scheduled__2022-08-06T00:00:00+00:00 [running]> on host 9c2fa859e2fb
[2022-08-07 05:39:44,221] {taskinstance.py:1591} INFO - Exporting the following env vars:
AIRFLOW_CTX_DAG_OWNER=narapady
AIRFLOW_CTX_DAG_ID=etl_dag
AIRFLOW_CTX_TASK_ID=greet
AIRFLOW_CTX_EXECUTION_DATE=2022-08-06T00:00:00+00:00
AIRFLOW_CTX_TRY_NUMBER=1
AIRFLOW_CTX_DAG_RUN_ID=scheduled__2022-08-06T00:00:00+00:00
[2022-08-07 05:39:44,223] {logging_mixin.py:115} INFO - Hello World
[2022-08-07 05:39:44,224] {python.py:173} INFO - Done. Returned value was: None
[2022-08-07 05:39:44,234] {taskinstance.py:1420} INFO - Marking task as SUCCESS. dag_id=etl_dag, task_id=greet, execution_date=20220806T000000, start_date=20220807T053944, end_date=20220807T053944
[2022-08-07 05:39:44,288] {local_task_job.py:156} INFO - Task exited with return code 0
[2022-08-07 05:39:44,315] {local_task_job.py:273} INFO - 0 downstream tasks scheduled from follow-on schedule check
