[2022-08-17 00:46:18,581] {taskinstance.py:1179} INFO - Dependencies all met for <TaskInstance: ETL_DAG.Stage_food-consumption-estimates-clean manual__2022-08-17T00:44:32.649423+00:00 [queued]>
[2022-08-17 00:46:18,592] {taskinstance.py:1179} INFO - Dependencies all met for <TaskInstance: ETL_DAG.Stage_food-consumption-estimates-clean manual__2022-08-17T00:44:32.649423+00:00 [queued]>
[2022-08-17 00:46:18,594] {taskinstance.py:1376} INFO - 
--------------------------------------------------------------------------------
[2022-08-17 00:46:18,596] {taskinstance.py:1377} INFO - Starting attempt 1 of 6
[2022-08-17 00:46:18,597] {taskinstance.py:1378} INFO - 
--------------------------------------------------------------------------------
[2022-08-17 00:46:18,607] {taskinstance.py:1397} INFO - Executing <Task(PythonOperator): Stage_food-consumption-estimates-clean> on 2022-08-17 00:44:32.649423+00:00
[2022-08-17 00:46:18,619] {standard_task_runner.py:52} INFO - Started process 451 to run task
[2022-08-17 00:46:18,626] {standard_task_runner.py:79} INFO - Running: ['***', 'tasks', 'run', 'ETL_DAG', 'Stage_food-consumption-estimates-clean', 'manual__2022-08-17T00:44:32.649423+00:00', '--job-id', '1143', '--raw', '--subdir', 'DAGS_FOLDER/etl_dag.py', '--cfg-path', '/tmp/tmpi971g13y', '--error-file', '/tmp/tmpadz7nkby']
[2022-08-17 00:46:18,631] {standard_task_runner.py:80} INFO - Job 1143: Subtask Stage_food-consumption-estimates-clean
[2022-08-17 00:46:18,691] {task_command.py:371} INFO - Running <TaskInstance: ETL_DAG.Stage_food-consumption-estimates-clean manual__2022-08-17T00:44:32.649423+00:00 [running]> on host b6e9d58543c5
[2022-08-17 00:46:18,747] {taskinstance.py:1591} INFO - Exporting the following env vars:
AIRFLOW_CTX_DAG_OWNER=narapady
AIRFLOW_CTX_DAG_ID=ETL_DAG
AIRFLOW_CTX_TASK_ID=Stage_food-consumption-estimates-clean
AIRFLOW_CTX_EXECUTION_DATE=2022-08-17T00:44:32.649423+00:00
AIRFLOW_CTX_TRY_NUMBER=1
AIRFLOW_CTX_DAG_RUN_ID=manual__2022-08-17T00:44:32.649423+00:00
[2022-08-17 00:46:30,403] {logging_mixin.py:115} INFO - Successfully loaded food-consumption-estimates-staged.csv to s3-bucket-staged
[2022-08-17 00:46:30,406] {python.py:173} INFO - Done. Returned value was: None
[2022-08-17 00:46:30,420] {taskinstance.py:1420} INFO - Marking task as SUCCESS. dag_id=ETL_DAG, task_id=Stage_food-consumption-estimates-clean, execution_date=20220817T004432, start_date=20220817T004618, end_date=20220817T004630
[2022-08-17 00:46:30,443] {local_task_job.py:156} INFO - Task exited with return code 0
[2022-08-17 00:46:30,471] {local_task_job.py:273} INFO - 0 downstream tasks scheduled from follow-on schedule check
