[2022-08-12 05:18:37,483] {taskinstance.py:1179} INFO - Dependencies all met for <TaskInstance: ETL_DAG_US_FOOD_NUTRITION.Ingest_from_consumer_price_index manual__2022-08-12T05:11:17.280858+00:00 [queued]>
[2022-08-12 05:18:37,508] {taskinstance.py:1179} INFO - Dependencies all met for <TaskInstance: ETL_DAG_US_FOOD_NUTRITION.Ingest_from_consumer_price_index manual__2022-08-12T05:11:17.280858+00:00 [queued]>
[2022-08-12 05:18:37,509] {taskinstance.py:1376} INFO - 
--------------------------------------------------------------------------------
[2022-08-12 05:18:37,510] {taskinstance.py:1377} INFO - Starting attempt 2 of 6
[2022-08-12 05:18:37,512] {taskinstance.py:1378} INFO - 
--------------------------------------------------------------------------------
[2022-08-12 05:18:37,537] {taskinstance.py:1397} INFO - Executing <Task(PythonOperator): Ingest_from_consumer_price_index> on 2022-08-12 05:11:17.280858+00:00
[2022-08-12 05:18:37,546] {standard_task_runner.py:52} INFO - Started process 11085 to run task
[2022-08-12 05:18:37,556] {standard_task_runner.py:79} INFO - Running: ['***', 'tasks', 'run', 'ETL_DAG_US_FOOD_NUTRITION', 'Ingest_from_consumer_price_index', 'manual__2022-08-12T05:11:17.280858+00:00', '--job-id', '808', '--raw', '--subdir', 'DAGS_FOLDER/etl_dag.py', '--cfg-path', '/tmp/tmpzdd8pp38', '--error-file', '/tmp/tmpq0vek3dr']
[2022-08-12 05:18:37,559] {standard_task_runner.py:80} INFO - Job 808: Subtask Ingest_from_consumer_price_index
[2022-08-12 05:18:37,667] {task_command.py:371} INFO - Running <TaskInstance: ETL_DAG_US_FOOD_NUTRITION.Ingest_from_consumer_price_index manual__2022-08-12T05:11:17.280858+00:00 [running]> on host ae5c2449a624
[2022-08-12 05:18:37,769] {taskinstance.py:1591} INFO - Exporting the following env vars:
AIRFLOW_CTX_DAG_OWNER=narapady
AIRFLOW_CTX_DAG_ID=ETL_DAG_US_FOOD_NUTRITION
AIRFLOW_CTX_TASK_ID=Ingest_from_consumer_price_index
AIRFLOW_CTX_EXECUTION_DATE=2022-08-12T05:11:17.280858+00:00
AIRFLOW_CTX_TRY_NUMBER=2
AIRFLOW_CTX_DAG_RUN_ID=manual__2022-08-12T05:11:17.280858+00:00
[2022-08-12 05:18:45,644] {logging_mixin.py:115} INFO - Successfully uploaded consumer-price-index/CPIforecast.xlsx to s3-bucket-raw-usda
[2022-08-12 05:18:46,938] {logging_mixin.py:115} INFO - Successfully uploaded consumer-price-index/historicalcpi.xlsx to s3-bucket-raw-usda
[2022-08-12 05:18:46,940] {python.py:173} INFO - Done. Returned value was: None
[2022-08-12 05:18:47,071] {taskinstance.py:1420} INFO - Marking task as SUCCESS. dag_id=ETL_DAG_US_FOOD_NUTRITION, task_id=Ingest_from_consumer_price_index, execution_date=20220812T051117, start_date=20220812T051837, end_date=20220812T051847
[2022-08-12 05:18:47,129] {local_task_job.py:156} INFO - Task exited with return code 0
[2022-08-12 05:18:47,161] {local_task_job.py:273} INFO - 0 downstream tasks scheduled from follow-on schedule check
