[2022-08-14 16:52:10,994] {taskinstance.py:1179} INFO - Dependencies all met for <TaskInstance: ETL_DAG.Transform_producer-price-index manual__2022-08-14T16:48:28.179984+00:00 [queued]>
[2022-08-14 16:52:11,003] {taskinstance.py:1179} INFO - Dependencies all met for <TaskInstance: ETL_DAG.Transform_producer-price-index manual__2022-08-14T16:48:28.179984+00:00 [queued]>
[2022-08-14 16:52:11,004] {taskinstance.py:1376} INFO - 
--------------------------------------------------------------------------------
[2022-08-14 16:52:11,005] {taskinstance.py:1377} INFO - Starting attempt 1 of 6
[2022-08-14 16:52:11,006] {taskinstance.py:1378} INFO - 
--------------------------------------------------------------------------------
[2022-08-14 16:52:11,018] {taskinstance.py:1397} INFO - Executing <Task(PythonOperator): Transform_producer-price-index> on 2022-08-14 16:48:28.179984+00:00
[2022-08-14 16:52:11,023] {standard_task_runner.py:52} INFO - Started process 816 to run task
[2022-08-14 16:52:11,026] {standard_task_runner.py:79} INFO - Running: ['***', 'tasks', 'run', 'ETL_DAG', 'Transform_producer-price-index', 'manual__2022-08-14T16:48:28.179984+00:00', '--job-id', '971', '--raw', '--subdir', 'DAGS_FOLDER/etl_dag.py', '--cfg-path', '/tmp/tmpvqgaf4i2', '--error-file', '/tmp/tmpsbts809k']
[2022-08-14 16:52:11,029] {standard_task_runner.py:80} INFO - Job 971: Subtask Transform_producer-price-index
[2022-08-14 16:52:11,086] {task_command.py:371} INFO - Running <TaskInstance: ETL_DAG.Transform_producer-price-index manual__2022-08-14T16:48:28.179984+00:00 [running]> on host 0dbf9d5e5cdb
[2022-08-14 16:52:11,136] {taskinstance.py:1591} INFO - Exporting the following env vars:
AIRFLOW_CTX_DAG_OWNER=narapady
AIRFLOW_CTX_DAG_ID=ETL_DAG
AIRFLOW_CTX_TASK_ID=Transform_producer-price-index
AIRFLOW_CTX_EXECUTION_DATE=2022-08-14T16:48:28.179984+00:00
AIRFLOW_CTX_TRY_NUMBER=1
AIRFLOW_CTX_DAG_RUN_ID=manual__2022-08-14T16:48:28.179984+00:00
[2022-08-14 16:52:40,614] {logging_mixin.py:115} INFO - Successfully process price-index-clean/producer-price-index.csv to S3
[2022-08-14 16:52:40,616] {python.py:173} INFO - Done. Returned value was: None
[2022-08-14 16:52:40,625] {taskinstance.py:1420} INFO - Marking task as SUCCESS. dag_id=ETL_DAG, task_id=Transform_producer-price-index, execution_date=20220814T164828, start_date=20220814T165210, end_date=20220814T165240
[2022-08-14 16:52:40,658] {local_task_job.py:156} INFO - Task exited with return code 0
[2022-08-14 16:52:40,684] {local_task_job.py:273} INFO - 0 downstream tasks scheduled from follow-on schedule check
