[2022-08-11 20:45:45,909] {taskinstance.py:1179} INFO - Dependencies all met for <TaskInstance: ETL_DAG_V7.Ingest_from_2015 manual__2022-08-11T20:45:41.327998+00:00 [queued]>
[2022-08-11 20:45:45,936] {taskinstance.py:1179} INFO - Dependencies all met for <TaskInstance: ETL_DAG_V7.Ingest_from_2015 manual__2022-08-11T20:45:41.327998+00:00 [queued]>
[2022-08-11 20:45:45,945] {taskinstance.py:1376} INFO - 
--------------------------------------------------------------------------------
[2022-08-11 20:45:45,946] {taskinstance.py:1377} INFO - Starting attempt 1 of 6
[2022-08-11 20:45:45,981] {taskinstance.py:1378} INFO - 
--------------------------------------------------------------------------------
[2022-08-11 20:45:45,995] {taskinstance.py:1397} INFO - Executing <Task(PythonOperator): Ingest_from_2015> on 2022-08-11 20:45:41.327998+00:00
[2022-08-11 20:45:46,008] {standard_task_runner.py:52} INFO - Started process 7850 to run task
[2022-08-11 20:45:46,026] {standard_task_runner.py:79} INFO - Running: ['***', 'tasks', 'run', 'ETL_DAG_V7', 'Ingest_from_2015', 'manual__2022-08-11T20:45:41.327998+00:00', '--job-id', '575', '--raw', '--subdir', 'DAGS_FOLDER/etl_dag.py', '--cfg-path', '/tmp/tmp4_ecm112', '--error-file', '/tmp/tmp8jqybl8i']
[2022-08-11 20:45:46,032] {standard_task_runner.py:80} INFO - Job 575: Subtask Ingest_from_2015
[2022-08-11 20:45:46,141] {task_command.py:371} INFO - Running <TaskInstance: ETL_DAG_V7.Ingest_from_2015 manual__2022-08-11T20:45:41.327998+00:00 [running]> on host ce1be8c59d56
[2022-08-11 20:45:46,311] {taskinstance.py:1591} INFO - Exporting the following env vars:
AIRFLOW_CTX_DAG_OWNER=narapady
AIRFLOW_CTX_DAG_ID=ETL_DAG_V7
AIRFLOW_CTX_TASK_ID=Ingest_from_2015
AIRFLOW_CTX_EXECUTION_DATE=2022-08-11T20:45:41.327998+00:00
AIRFLOW_CTX_TRY_NUMBER=1
AIRFLOW_CTX_DAG_RUN_ID=manual__2022-08-11T20:45:41.327998+00:00
[2022-08-11 20:45:53,462] {logging_mixin.py:115} INFO - Successfully uploaded 2015/Table1_2015.xlsx to s3-bucket-raw-usda
[2022-08-11 20:45:54,729] {logging_mixin.py:115} INFO - Successfully uploaded 2015/Table2_2015.xlsx to s3-bucket-raw-usda
[2022-08-11 20:45:55,985] {logging_mixin.py:115} INFO - Successfully uploaded 2015/Table3_2015.xlsx to s3-bucket-raw-usda
[2022-08-11 20:45:57,312] {logging_mixin.py:115} INFO - Successfully uploaded 2015/Table4_2015.xlsx to s3-bucket-raw-usda
[2022-08-11 20:45:58,429] {logging_mixin.py:115} INFO - Successfully uploaded 2015/Table5_2015.xlsx to s3-bucket-raw-usda
[2022-08-11 20:45:59,690] {logging_mixin.py:115} INFO - Successfully uploaded 2015/Table6_2015.xlsx to s3-bucket-raw-usda
[2022-08-11 20:46:00,928] {logging_mixin.py:115} INFO - Successfully uploaded 2015/Table7_2015.xlsx to s3-bucket-raw-usda
[2022-08-11 20:46:02,275] {logging_mixin.py:115} INFO - Successfully uploaded 2015/Table8_2015.xlsx to s3-bucket-raw-usda
[2022-08-11 20:46:02,279] {python.py:173} INFO - Done. Returned value was: None
[2022-08-11 20:46:02,305] {taskinstance.py:1420} INFO - Marking task as SUCCESS. dag_id=ETL_DAG_V7, task_id=Ingest_from_2015, execution_date=20220811T204541, start_date=20220811T204545, end_date=20220811T204602
[2022-08-11 20:46:02,378] {local_task_job.py:156} INFO - Task exited with return code 0
[2022-08-11 20:46:02,434] {local_task_job.py:273} INFO - 0 downstream tasks scheduled from follow-on schedule check
