[2022-08-11 21:39:12,650] {taskinstance.py:1179} INFO - Dependencies all met for <TaskInstance: ETL_DAG_V8.Stage_loss-adjusted-food-availability-clean manual__2022-08-11T21:34:01.587578+00:00 [queued]>
[2022-08-11 21:39:12,665] {taskinstance.py:1179} INFO - Dependencies all met for <TaskInstance: ETL_DAG_V8.Stage_loss-adjusted-food-availability-clean manual__2022-08-11T21:34:01.587578+00:00 [queued]>
[2022-08-11 21:39:12,666] {taskinstance.py:1376} INFO - 
--------------------------------------------------------------------------------
[2022-08-11 21:39:12,668] {taskinstance.py:1377} INFO - Starting attempt 1 of 6
[2022-08-11 21:39:12,669] {taskinstance.py:1378} INFO - 
--------------------------------------------------------------------------------
[2022-08-11 21:39:12,682] {taskinstance.py:1397} INFO - Executing <Task(PythonOperator): Stage_loss-adjusted-food-availability-clean> on 2022-08-11 21:34:01.587578+00:00
[2022-08-11 21:39:12,688] {standard_task_runner.py:52} INFO - Started process 627 to run task
[2022-08-11 21:39:12,701] {standard_task_runner.py:79} INFO - Running: ['***', 'tasks', 'run', 'ETL_DAG_V8', 'Stage_loss-adjusted-food-availability-clean', 'manual__2022-08-11T21:34:01.587578+00:00', '--job-id', '690', '--raw', '--subdir', 'DAGS_FOLDER/etl_dag.py', '--cfg-path', '/tmp/tmpb8dah92p', '--error-file', '/tmp/tmpm_cdo6u4']
[2022-08-11 21:39:12,704] {standard_task_runner.py:80} INFO - Job 690: Subtask Stage_loss-adjusted-food-availability-clean
[2022-08-11 21:39:12,802] {task_command.py:371} INFO - Running <TaskInstance: ETL_DAG_V8.Stage_loss-adjusted-food-availability-clean manual__2022-08-11T21:34:01.587578+00:00 [running]> on host a02c2b8cab8b
[2022-08-11 21:39:12,907] {taskinstance.py:1591} INFO - Exporting the following env vars:
AIRFLOW_CTX_DAG_OWNER=narapady
AIRFLOW_CTX_DAG_ID=ETL_DAG_V8
AIRFLOW_CTX_TASK_ID=Stage_loss-adjusted-food-availability-clean
AIRFLOW_CTX_EXECUTION_DATE=2022-08-11T21:34:01.587578+00:00
AIRFLOW_CTX_TRY_NUMBER=1
AIRFLOW_CTX_DAG_RUN_ID=manual__2022-08-11T21:34:01.587578+00:00
[2022-08-11 21:41:35,732] {logging_mixin.py:115} INFO - Successfully loaded percents-staged.csv to s3-bucket-staged
[2022-08-11 21:41:45,410] {logging_mixin.py:115} INFO - Successfully loaded totals-staged.csv to s3-bucket-staged
[2022-08-11 21:42:45,338] {logging_mixin.py:115} INFO - Successfully loaded loss-adjusted-food-availability-staged.csv to s3-bucket-staged
[2022-08-11 21:42:45,359] {python.py:173} INFO - Done. Returned value was: None
[2022-08-11 21:42:45,391] {taskinstance.py:1420} INFO - Marking task as SUCCESS. dag_id=ETL_DAG_V8, task_id=Stage_loss-adjusted-food-availability-clean, execution_date=20220811T213401, start_date=20220811T213912, end_date=20220811T214245
[2022-08-11 21:42:45,455] {local_task_job.py:156} INFO - Task exited with return code 0
[2022-08-11 21:42:45,485] {local_task_job.py:273} INFO - 1 downstream tasks scheduled from follow-on schedule check
