[2022-08-12 05:33:37,132] {taskinstance.py:1179} INFO - Dependencies all met for <TaskInstance: ETL_DAG.Ingest_from_2015 manual__2022-08-12T05:33:31.619708+00:00 [queued]>
[2022-08-12 05:33:37,160] {taskinstance.py:1179} INFO - Dependencies all met for <TaskInstance: ETL_DAG.Ingest_from_2015 manual__2022-08-12T05:33:31.619708+00:00 [queued]>
[2022-08-12 05:33:37,164] {taskinstance.py:1376} INFO - 
--------------------------------------------------------------------------------
[2022-08-12 05:33:37,166] {taskinstance.py:1377} INFO - Starting attempt 1 of 6
[2022-08-12 05:33:37,166] {taskinstance.py:1378} INFO - 
--------------------------------------------------------------------------------
[2022-08-12 05:33:37,207] {taskinstance.py:1397} INFO - Executing <Task(PythonOperator): Ingest_from_2015> on 2022-08-12 05:33:31.619708+00:00
[2022-08-12 05:33:37,217] {standard_task_runner.py:52} INFO - Started process 316 to run task
[2022-08-12 05:33:37,229] {standard_task_runner.py:79} INFO - Running: ['***', 'tasks', 'run', 'ETL_DAG', 'Ingest_from_2015', 'manual__2022-08-12T05:33:31.619708+00:00', '--job-id', '847', '--raw', '--subdir', 'DAGS_FOLDER/etl_dag.py', '--cfg-path', '/tmp/tmpl_qm8yor', '--error-file', '/tmp/tmpxkj8u50p']
[2022-08-12 05:33:37,247] {standard_task_runner.py:80} INFO - Job 847: Subtask Ingest_from_2015
[2022-08-12 05:33:37,362] {task_command.py:371} INFO - Running <TaskInstance: ETL_DAG.Ingest_from_2015 manual__2022-08-12T05:33:31.619708+00:00 [running]> on host 959a8f00817b
[2022-08-12 05:33:37,512] {taskinstance.py:1591} INFO - Exporting the following env vars:
AIRFLOW_CTX_DAG_OWNER=narapady
AIRFLOW_CTX_DAG_ID=ETL_DAG
AIRFLOW_CTX_TASK_ID=Ingest_from_2015
AIRFLOW_CTX_EXECUTION_DATE=2022-08-12T05:33:31.619708+00:00
AIRFLOW_CTX_TRY_NUMBER=1
AIRFLOW_CTX_DAG_RUN_ID=manual__2022-08-12T05:33:31.619708+00:00
[2022-08-12 05:33:46,204] {logging_mixin.py:115} INFO - Successfully uploaded 2015/Table1_2015.xlsx to s3-bucket-raw-usda
[2022-08-12 05:33:47,629] {logging_mixin.py:115} INFO - Successfully uploaded 2015/Table2_2015.xlsx to s3-bucket-raw-usda
[2022-08-12 05:33:48,865] {logging_mixin.py:115} INFO - Successfully uploaded 2015/Table3_2015.xlsx to s3-bucket-raw-usda
[2022-08-12 05:33:50,268] {logging_mixin.py:115} INFO - Successfully uploaded 2015/Table4_2015.xlsx to s3-bucket-raw-usda
[2022-08-12 05:33:51,591] {logging_mixin.py:115} INFO - Successfully uploaded 2015/Table5_2015.xlsx to s3-bucket-raw-usda
[2022-08-12 05:33:52,717] {logging_mixin.py:115} INFO - Successfully uploaded 2015/Table6_2015.xlsx to s3-bucket-raw-usda
[2022-08-12 05:33:53,909] {logging_mixin.py:115} INFO - Successfully uploaded 2015/Table7_2015.xlsx to s3-bucket-raw-usda
[2022-08-12 05:33:55,109] {logging_mixin.py:115} INFO - Successfully uploaded 2015/Table8_2015.xlsx to s3-bucket-raw-usda
[2022-08-12 05:33:55,116] {python.py:173} INFO - Done. Returned value was: None
[2022-08-12 05:33:55,144] {taskinstance.py:1420} INFO - Marking task as SUCCESS. dag_id=ETL_DAG, task_id=Ingest_from_2015, execution_date=20220812T053331, start_date=20220812T053337, end_date=20220812T053355
[2022-08-12 05:33:55,174] {local_task_job.py:156} INFO - Task exited with return code 0
[2022-08-12 05:33:55,205] {local_task_job.py:273} INFO - 0 downstream tasks scheduled from follow-on schedule check
