[2022-08-11 19:19:51,116] {taskinstance.py:1179} INFO - Dependencies all met for <TaskInstance: ETL_DAG_V2.Ingest_from_2015 manual__2022-08-11T19:19:47.922898+00:00 [queued]>
[2022-08-11 19:19:51,135] {taskinstance.py:1179} INFO - Dependencies all met for <TaskInstance: ETL_DAG_V2.Ingest_from_2015 manual__2022-08-11T19:19:47.922898+00:00 [queued]>
[2022-08-11 19:19:51,137] {taskinstance.py:1376} INFO - 
--------------------------------------------------------------------------------
[2022-08-11 19:19:51,138] {taskinstance.py:1377} INFO - Starting attempt 1 of 6
[2022-08-11 19:19:51,142] {taskinstance.py:1378} INFO - 
--------------------------------------------------------------------------------
[2022-08-11 19:19:51,156] {taskinstance.py:1397} INFO - Executing <Task(PythonOperator): Ingest_from_2015> on 2022-08-11 19:19:47.922898+00:00
[2022-08-11 19:19:51,164] {standard_task_runner.py:52} INFO - Started process 1717 to run task
[2022-08-11 19:19:51,171] {standard_task_runner.py:79} INFO - Running: ['***', 'tasks', 'run', 'ETL_DAG_V2', 'Ingest_from_2015', 'manual__2022-08-11T19:19:47.922898+00:00', '--job-id', '460', '--raw', '--subdir', 'DAGS_FOLDER/etl_dag.py', '--cfg-path', '/tmp/tmpcmcufu0i', '--error-file', '/tmp/tmpvy1rm8kt']
[2022-08-11 19:19:51,177] {standard_task_runner.py:80} INFO - Job 460: Subtask Ingest_from_2015
[2022-08-11 19:19:51,285] {task_command.py:371} INFO - Running <TaskInstance: ETL_DAG_V2.Ingest_from_2015 manual__2022-08-11T19:19:47.922898+00:00 [running]> on host ce1be8c59d56
[2022-08-11 19:19:51,386] {taskinstance.py:1591} INFO - Exporting the following env vars:
AIRFLOW_CTX_DAG_OWNER=narapady
AIRFLOW_CTX_DAG_ID=ETL_DAG_V2
AIRFLOW_CTX_TASK_ID=Ingest_from_2015
AIRFLOW_CTX_EXECUTION_DATE=2022-08-11T19:19:47.922898+00:00
AIRFLOW_CTX_TRY_NUMBER=1
AIRFLOW_CTX_DAG_RUN_ID=manual__2022-08-11T19:19:47.922898+00:00
[2022-08-11 19:20:00,624] {logging_mixin.py:115} INFO - Successfully uploaded 2015/Table1_2015.xlsx to s3-bucket-raw-usda
[2022-08-11 19:20:02,529] {logging_mixin.py:115} INFO - Successfully uploaded 2015/Table2_2015.xlsx to s3-bucket-raw-usda
[2022-08-11 19:20:04,295] {logging_mixin.py:115} INFO - Successfully uploaded 2015/Table3_2015.xlsx to s3-bucket-raw-usda
[2022-08-11 19:20:06,299] {logging_mixin.py:115} INFO - Successfully uploaded 2015/Table4_2015.xlsx to s3-bucket-raw-usda
[2022-08-11 19:20:07,905] {logging_mixin.py:115} INFO - Successfully uploaded 2015/Table5_2015.xlsx to s3-bucket-raw-usda
[2022-08-11 19:20:09,166] {logging_mixin.py:115} INFO - Successfully uploaded 2015/Table6_2015.xlsx to s3-bucket-raw-usda
[2022-08-11 19:20:10,955] {logging_mixin.py:115} INFO - Successfully uploaded 2015/Table7_2015.xlsx to s3-bucket-raw-usda
[2022-08-11 19:20:12,511] {logging_mixin.py:115} INFO - Successfully uploaded 2015/Table8_2015.xlsx to s3-bucket-raw-usda
[2022-08-11 19:20:12,515] {python.py:173} INFO - Done. Returned value was: None
[2022-08-11 19:20:12,567] {taskinstance.py:1420} INFO - Marking task as SUCCESS. dag_id=ETL_DAG_V2, task_id=Ingest_from_2015, execution_date=20220811T191947, start_date=20220811T191951, end_date=20220811T192012
[2022-08-11 19:20:12,607] {local_task_job.py:156} INFO - Task exited with return code 0
[2022-08-11 19:20:12,648] {local_task_job.py:273} INFO - 0 downstream tasks scheduled from follow-on schedule check
