[2022-08-11 21:21:02,766] {taskinstance.py:1179} INFO - Dependencies all met for <TaskInstance: ETL_DAG_V8.Stage_food-expenditure-clean manual__2022-08-11T21:16:03.096610+00:00 [queued]>
[2022-08-11 21:21:02,779] {taskinstance.py:1179} INFO - Dependencies all met for <TaskInstance: ETL_DAG_V8.Stage_food-expenditure-clean manual__2022-08-11T21:16:03.096610+00:00 [queued]>
[2022-08-11 21:21:02,780] {taskinstance.py:1376} INFO - 
--------------------------------------------------------------------------------
[2022-08-11 21:21:02,781] {taskinstance.py:1377} INFO - Starting attempt 1 of 6
[2022-08-11 21:21:02,782] {taskinstance.py:1378} INFO - 
--------------------------------------------------------------------------------
[2022-08-11 21:21:02,794] {taskinstance.py:1397} INFO - Executing <Task(PythonOperator): Stage_food-expenditure-clean> on 2022-08-11 21:16:03.096610+00:00
[2022-08-11 21:21:02,805] {standard_task_runner.py:52} INFO - Started process 10491 to run task
[2022-08-11 21:21:02,825] {standard_task_runner.py:79} INFO - Running: ['***', 'tasks', 'run', 'ETL_DAG_V8', 'Stage_food-expenditure-clean', 'manual__2022-08-11T21:16:03.096610+00:00', '--job-id', '653', '--raw', '--subdir', 'DAGS_FOLDER/etl_dag.py', '--cfg-path', '/tmp/tmpvpp26udi', '--error-file', '/tmp/tmpkk6a3ciq']
[2022-08-11 21:21:02,830] {standard_task_runner.py:80} INFO - Job 653: Subtask Stage_food-expenditure-clean
[2022-08-11 21:21:02,917] {task_command.py:371} INFO - Running <TaskInstance: ETL_DAG_V8.Stage_food-expenditure-clean manual__2022-08-11T21:16:03.096610+00:00 [running]> on host ce1be8c59d56
[2022-08-11 21:21:02,978] {taskinstance.py:1591} INFO - Exporting the following env vars:
AIRFLOW_CTX_DAG_OWNER=narapady
AIRFLOW_CTX_DAG_ID=ETL_DAG_V8
AIRFLOW_CTX_TASK_ID=Stage_food-expenditure-clean
AIRFLOW_CTX_EXECUTION_DATE=2022-08-11T21:16:03.096610+00:00
AIRFLOW_CTX_TRY_NUMBER=1
AIRFLOW_CTX_DAG_RUN_ID=manual__2022-08-11T21:16:03.096610+00:00
[2022-08-11 21:21:12,602] {logging_mixin.py:115} INFO - Successfully loaded monthly-sales-staged.csv to s3-bucket-staged
[2022-08-11 21:21:13,044] {logging_mixin.py:115} INFO - Successfully loaded food-expenditure-staged.csv to s3-bucket-staged
[2022-08-11 21:21:13,046] {python.py:173} INFO - Done. Returned value was: None
[2022-08-11 21:21:13,056] {taskinstance.py:1420} INFO - Marking task as SUCCESS. dag_id=ETL_DAG_V8, task_id=Stage_food-expenditure-clean, execution_date=20220811T211603, start_date=20220811T212102, end_date=20220811T212113
[2022-08-11 21:21:13,104] {local_task_job.py:156} INFO - Task exited with return code 0
[2022-08-11 21:21:13,130] {local_task_job.py:273} INFO - 0 downstream tasks scheduled from follow-on schedule check
