[2022-08-12 01:21:32,260] {taskinstance.py:1179} INFO - Dependencies all met for <TaskInstance: ETL_DAG_US_FOOD_NUTRITION.Ingest_from_2015 manual__2022-08-12T01:21:26.402383+00:00 [queued]>
[2022-08-12 01:21:32,276] {taskinstance.py:1179} INFO - Dependencies all met for <TaskInstance: ETL_DAG_US_FOOD_NUTRITION.Ingest_from_2015 manual__2022-08-12T01:21:26.402383+00:00 [queued]>
[2022-08-12 01:21:32,278] {taskinstance.py:1376} INFO - 
--------------------------------------------------------------------------------
[2022-08-12 01:21:32,278] {taskinstance.py:1377} INFO - Starting attempt 1 of 6
[2022-08-12 01:21:32,279] {taskinstance.py:1378} INFO - 
--------------------------------------------------------------------------------
[2022-08-12 01:21:32,304] {taskinstance.py:1397} INFO - Executing <Task(PythonOperator): Ingest_from_2015> on 2022-08-12 01:21:26.402383+00:00
[2022-08-12 01:21:32,310] {standard_task_runner.py:52} INFO - Started process 254 to run task
[2022-08-12 01:21:32,318] {standard_task_runner.py:79} INFO - Running: ['***', 'tasks', 'run', 'ETL_DAG_US_FOOD_NUTRITION', 'Ingest_from_2015', 'manual__2022-08-12T01:21:26.402383+00:00', '--job-id', '754', '--raw', '--subdir', 'DAGS_FOLDER/etl_dag.py', '--cfg-path', '/tmp/tmpuvz566bz', '--error-file', '/tmp/tmpq9iemkfj']
[2022-08-12 01:21:32,323] {standard_task_runner.py:80} INFO - Job 754: Subtask Ingest_from_2015
[2022-08-12 01:21:32,455] {task_command.py:371} INFO - Running <TaskInstance: ETL_DAG_US_FOOD_NUTRITION.Ingest_from_2015 manual__2022-08-12T01:21:26.402383+00:00 [running]> on host ae5c2449a624
[2022-08-12 01:21:32,545] {taskinstance.py:1591} INFO - Exporting the following env vars:
AIRFLOW_CTX_DAG_OWNER=narapady
AIRFLOW_CTX_DAG_ID=ETL_DAG_US_FOOD_NUTRITION
AIRFLOW_CTX_TASK_ID=Ingest_from_2015
AIRFLOW_CTX_EXECUTION_DATE=2022-08-12T01:21:26.402383+00:00
AIRFLOW_CTX_TRY_NUMBER=1
AIRFLOW_CTX_DAG_RUN_ID=manual__2022-08-12T01:21:26.402383+00:00
[2022-08-12 01:21:40,733] {logging_mixin.py:115} INFO - Successfully uploaded 2015/Table1_2015.xlsx to s3-bucket-raw-usda
[2022-08-12 01:21:42,143] {logging_mixin.py:115} INFO - Successfully uploaded 2015/Table2_2015.xlsx to s3-bucket-raw-usda
[2022-08-12 01:21:43,353] {logging_mixin.py:115} INFO - Successfully uploaded 2015/Table3_2015.xlsx to s3-bucket-raw-usda
[2022-08-12 01:21:44,623] {logging_mixin.py:115} INFO - Successfully uploaded 2015/Table4_2015.xlsx to s3-bucket-raw-usda
[2022-08-12 01:21:45,825] {logging_mixin.py:115} INFO - Successfully uploaded 2015/Table5_2015.xlsx to s3-bucket-raw-usda
[2022-08-12 01:21:47,056] {logging_mixin.py:115} INFO - Successfully uploaded 2015/Table6_2015.xlsx to s3-bucket-raw-usda
[2022-08-12 01:21:48,260] {logging_mixin.py:115} INFO - Successfully uploaded 2015/Table7_2015.xlsx to s3-bucket-raw-usda
[2022-08-12 01:21:49,622] {logging_mixin.py:115} INFO - Successfully uploaded 2015/Table8_2015.xlsx to s3-bucket-raw-usda
[2022-08-12 01:21:49,627] {python.py:173} INFO - Done. Returned value was: None
[2022-08-12 01:21:49,770] {taskinstance.py:1420} INFO - Marking task as SUCCESS. dag_id=ETL_DAG_US_FOOD_NUTRITION, task_id=Ingest_from_2015, execution_date=20220812T012126, start_date=20220812T012132, end_date=20220812T012149
[2022-08-12 01:21:49,838] {local_task_job.py:156} INFO - Task exited with return code 0
[2022-08-12 01:21:49,866] {local_task_job.py:273} INFO - 0 downstream tasks scheduled from follow-on schedule check
