[2022-08-11 21:38:01,542] {taskinstance.py:1179} INFO - Dependencies all met for <TaskInstance: ETL_DAG_V8.Transform_2014 manual__2022-08-11T21:34:01.587578+00:00 [queued]>
[2022-08-11 21:38:01,553] {taskinstance.py:1179} INFO - Dependencies all met for <TaskInstance: ETL_DAG_V8.Transform_2014 manual__2022-08-11T21:34:01.587578+00:00 [queued]>
[2022-08-11 21:38:01,554] {taskinstance.py:1376} INFO - 
--------------------------------------------------------------------------------
[2022-08-11 21:38:01,555] {taskinstance.py:1377} INFO - Starting attempt 1 of 6
[2022-08-11 21:38:01,556] {taskinstance.py:1378} INFO - 
--------------------------------------------------------------------------------
[2022-08-11 21:38:01,571] {taskinstance.py:1397} INFO - Executing <Task(PythonOperator): Transform_2014> on 2022-08-11 21:34:01.587578+00:00
[2022-08-11 21:38:01,587] {standard_task_runner.py:52} INFO - Started process 519 to run task
[2022-08-11 21:38:01,594] {standard_task_runner.py:79} INFO - Running: ['***', 'tasks', 'run', 'ETL_DAG_V8', 'Transform_2014', 'manual__2022-08-11T21:34:01.587578+00:00', '--job-id', '683', '--raw', '--subdir', 'DAGS_FOLDER/etl_dag.py', '--cfg-path', '/tmp/tmpgal1wib3', '--error-file', '/tmp/tmpxci4sxqq']
[2022-08-11 21:38:01,597] {standard_task_runner.py:80} INFO - Job 683: Subtask Transform_2014
[2022-08-11 21:38:01,698] {task_command.py:371} INFO - Running <TaskInstance: ETL_DAG_V8.Transform_2014 manual__2022-08-11T21:34:01.587578+00:00 [running]> on host a02c2b8cab8b
[2022-08-11 21:38:01,792] {taskinstance.py:1591} INFO - Exporting the following env vars:
AIRFLOW_CTX_DAG_OWNER=narapady
AIRFLOW_CTX_DAG_ID=ETL_DAG_V8
AIRFLOW_CTX_TASK_ID=Transform_2014
AIRFLOW_CTX_EXECUTION_DATE=2022-08-11T21:34:01.587578+00:00
AIRFLOW_CTX_TRY_NUMBER=1
AIRFLOW_CTX_DAG_RUN_ID=manual__2022-08-11T21:34:01.587578+00:00
[2022-08-11 21:38:05,728] {logging_mixin.py:115} INFO - Successfully process fast-food-clean/age-15-and-older-2014.csv to S3
[2022-08-11 21:38:06,045] {logging_mixin.py:115} INFO - Successfully process fast-food-clean/age-18-and-older-2014.csv to S3
[2022-08-11 21:38:06,048] {python.py:173} INFO - Done. Returned value was: None
[2022-08-11 21:38:06,064] {taskinstance.py:1420} INFO - Marking task as SUCCESS. dag_id=ETL_DAG_V8, task_id=Transform_2014, execution_date=20220811T213401, start_date=20220811T213801, end_date=20220811T213806
[2022-08-11 21:38:06,108] {local_task_job.py:156} INFO - Task exited with return code 0
[2022-08-11 21:38:06,138] {local_task_job.py:273} INFO - 0 downstream tasks scheduled from follow-on schedule check
