[2022-08-14 16:51:38,740] {taskinstance.py:1179} INFO - Dependencies all met for <TaskInstance: ETL_DAG.Create_s3_bucket_stage scheduled__2022-08-07T00:00:00+00:00 [queued]>
[2022-08-14 16:51:38,746] {taskinstance.py:1179} INFO - Dependencies all met for <TaskInstance: ETL_DAG.Create_s3_bucket_stage scheduled__2022-08-07T00:00:00+00:00 [queued]>
[2022-08-14 16:51:38,748] {taskinstance.py:1376} INFO - 
--------------------------------------------------------------------------------
[2022-08-14 16:51:38,749] {taskinstance.py:1377} INFO - Starting attempt 1 of 6
[2022-08-14 16:51:38,749] {taskinstance.py:1378} INFO - 
--------------------------------------------------------------------------------
[2022-08-14 16:51:38,757] {taskinstance.py:1397} INFO - Executing <Task(PythonOperator): Create_s3_bucket_stage> on 2022-08-07 00:00:00+00:00
[2022-08-14 16:51:38,762] {standard_task_runner.py:52} INFO - Started process 718 to run task
[2022-08-14 16:51:38,764] {standard_task_runner.py:79} INFO - Running: ['***', 'tasks', 'run', 'ETL_DAG', 'Create_s3_bucket_stage', 'scheduled__2022-08-07T00:00:00+00:00', '--job-id', '955', '--raw', '--subdir', 'DAGS_FOLDER/etl_dag.py', '--cfg-path', '/tmp/tmptphtmzgr', '--error-file', '/tmp/tmpqi6ph36t']
[2022-08-14 16:51:38,767] {standard_task_runner.py:80} INFO - Job 955: Subtask Create_s3_bucket_stage
[2022-08-14 16:51:38,809] {task_command.py:371} INFO - Running <TaskInstance: ETL_DAG.Create_s3_bucket_stage scheduled__2022-08-07T00:00:00+00:00 [running]> on host 0dbf9d5e5cdb
[2022-08-14 16:51:38,852] {taskinstance.py:1591} INFO - Exporting the following env vars:
AIRFLOW_CTX_DAG_OWNER=narapady
AIRFLOW_CTX_DAG_ID=ETL_DAG
AIRFLOW_CTX_TASK_ID=Create_s3_bucket_stage
AIRFLOW_CTX_EXECUTION_DATE=2022-08-07T00:00:00+00:00
AIRFLOW_CTX_TRY_NUMBER=1
AIRFLOW_CTX_DAG_RUN_ID=scheduled__2022-08-07T00:00:00+00:00
[2022-08-14 16:51:39,550] {python.py:173} INFO - Done. Returned value was: {'ResponseMetadata': {'RequestId': 'WJNQWFXC27QB39C0', 'HostId': 'h81D9V8UZZEyAath+AXoVOWJhVu6jA+meMB9Kq99ridvttbArM3ICq9MlcWgP2EnR82Vnbh+y7Q=', 'HTTPStatusCode': 200, 'HTTPHeaders': {'x-amz-id-2': 'h81D9V8UZZEyAath+AXoVOWJhVu6jA+meMB9Kq99ridvttbArM3ICq9MlcWgP2EnR82Vnbh+y7Q=', 'x-amz-request-id': 'WJNQWFXC27QB39C0', 'date': 'Sun, 14 Aug 2022 16:51:40 GMT', 'location': '/s3-bucket-staged', 'server': 'AmazonS3', 'content-length': '0'}, 'RetryAttempts': 0}, 'Location': '/s3-bucket-staged'}
[2022-08-14 16:51:39,568] {taskinstance.py:1420} INFO - Marking task as SUCCESS. dag_id=ETL_DAG, task_id=Create_s3_bucket_stage, execution_date=20220807T000000, start_date=20220814T165138, end_date=20220814T165139
[2022-08-14 16:51:39,627] {local_task_job.py:156} INFO - Task exited with return code 0
[2022-08-14 16:51:39,659] {local_task_job.py:273} INFO - 7 downstream tasks scheduled from follow-on schedule check
