[2022-08-08 20:27:06,180] {taskinstance.py:1179} INFO - Dependencies all met for <TaskInstance: ETL_DAG.Transformer manual__2022-08-08T20:26:35.481143+00:00 [queued]>
[2022-08-08 20:27:06,186] {taskinstance.py:1179} INFO - Dependencies all met for <TaskInstance: ETL_DAG.Transformer manual__2022-08-08T20:26:35.481143+00:00 [queued]>
[2022-08-08 20:27:06,187] {taskinstance.py:1376} INFO - 
--------------------------------------------------------------------------------
[2022-08-08 20:27:06,189] {taskinstance.py:1377} INFO - Starting attempt 1 of 6
[2022-08-08 20:27:06,190] {taskinstance.py:1378} INFO - 
--------------------------------------------------------------------------------
[2022-08-08 20:27:06,197] {taskinstance.py:1397} INFO - Executing <Task(PythonOperator): Transformer> on 2022-08-08 20:26:35.481143+00:00
[2022-08-08 20:27:06,202] {standard_task_runner.py:52} INFO - Started process 14746 to run task
[2022-08-08 20:27:06,206] {standard_task_runner.py:79} INFO - Running: ['***', 'tasks', 'run', 'ETL_DAG', 'Transformer', 'manual__2022-08-08T20:26:35.481143+00:00', '--job-id', '102', '--raw', '--subdir', 'DAGS_FOLDER/etl_dag.py', '--cfg-path', '/tmp/tmpr3usmqo3', '--error-file', '/tmp/tmpzncc1ao5']
[2022-08-08 20:27:06,208] {standard_task_runner.py:80} INFO - Job 102: Subtask Transformer
[2022-08-08 20:27:06,255] {task_command.py:371} INFO - Running <TaskInstance: ETL_DAG.Transformer manual__2022-08-08T20:26:35.481143+00:00 [running]> on host 8d3924a1d70c
[2022-08-08 20:27:06,299] {taskinstance.py:1591} INFO - Exporting the following env vars:
AIRFLOW_CTX_DAG_OWNER=narapady
AIRFLOW_CTX_DAG_ID=ETL_DAG
AIRFLOW_CTX_TASK_ID=Transformer
AIRFLOW_CTX_EXECUTION_DATE=2022-08-08T20:26:35.481143+00:00
AIRFLOW_CTX_TRY_NUMBER=1
AIRFLOW_CTX_DAG_RUN_ID=manual__2022-08-08T20:26:35.481143+00:00
[2022-08-08 20:27:24,662] {logging_mixin.py:115} INFO - Successfully process food-expenditure-clean/constant-total-fah.csv to S3
[2022-08-08 20:27:25,121] {logging_mixin.py:115} INFO - Successfully process food-expenditure-clean/constant-total-fafh.csv to S3
[2022-08-08 20:27:25,507] {logging_mixin.py:115} INFO - Successfully process food-expenditure-clean/constant-total-aah.csv to S3
[2022-08-08 20:27:25,882] {logging_mixin.py:115} INFO - Successfully process food-expenditure-clean/constant-total-aafh.csv to S3
[2022-08-08 20:27:42,696] {logging_mixin.py:115} INFO - Successfully process food-expenditure-clean/nominal-total-fah.csv to S3
[2022-08-08 20:27:43,182] {logging_mixin.py:115} INFO - Successfully process food-expenditure-clean/nominal-total-fafh.csv to S3
[2022-08-08 20:27:43,532] {logging_mixin.py:115} INFO - Successfully process food-expenditure-clean/nominal-total-aah.csv to S3
[2022-08-08 20:27:43,858] {logging_mixin.py:115} INFO - Successfully process food-expenditure-clean/nominal-total-aafh.csv to S3
[2022-08-08 20:28:09,905] {logging_mixin.py:115} INFO - Successfully process food-expenditure-clean/nominal-monthly-sale.csv to S3
[2022-08-08 20:28:10,383] {logging_mixin.py:115} INFO - Successfully process food-expenditure-clean/constant-monthly-sale.csv to S3
[2022-08-08 20:28:10,387] {python.py:173} INFO - Done. Returned value was: None
[2022-08-08 20:28:10,404] {taskinstance.py:1420} INFO - Marking task as SUCCESS. dag_id=ETL_DAG, task_id=Transformer, execution_date=20220808T202635, start_date=20220808T202706, end_date=20220808T202810
[2022-08-08 20:28:10,431] {local_task_job.py:156} INFO - Task exited with return code 0
[2022-08-08 20:28:10,451] {local_task_job.py:273} INFO - 1 downstream tasks scheduled from follow-on schedule check
