[2022-08-15 20:40:56,694] {taskinstance.py:1179} INFO - Dependencies all met for <TaskInstance: ETL_DAG.Ingest_from_loss-adjusted_food_availability manual__2022-08-15T20:40:50.207703+00:00 [queued]>
[2022-08-15 20:40:56,705] {taskinstance.py:1179} INFO - Dependencies all met for <TaskInstance: ETL_DAG.Ingest_from_loss-adjusted_food_availability manual__2022-08-15T20:40:50.207703+00:00 [queued]>
[2022-08-15 20:40:56,705] {taskinstance.py:1376} INFO - 
--------------------------------------------------------------------------------
[2022-08-15 20:40:56,707] {taskinstance.py:1377} INFO - Starting attempt 1 of 6
[2022-08-15 20:40:56,708] {taskinstance.py:1378} INFO - 
--------------------------------------------------------------------------------
[2022-08-15 20:40:56,725] {taskinstance.py:1397} INFO - Executing <Task(PythonOperator): Ingest_from_loss-adjusted_food_availability> on 2022-08-15 20:40:50.207703+00:00
[2022-08-15 20:40:56,743] {standard_task_runner.py:52} INFO - Started process 381 to run task
[2022-08-15 20:40:56,751] {standard_task_runner.py:79} INFO - Running: ['***', 'tasks', 'run', 'ETL_DAG', 'Ingest_from_loss-adjusted_food_availability', 'manual__2022-08-15T20:40:50.207703+00:00', '--job-id', '1013', '--raw', '--subdir', 'DAGS_FOLDER/etl_dag.py', '--cfg-path', '/tmp/tmpyotop5fj', '--error-file', '/tmp/tmp374_y1_0']
[2022-08-15 20:40:56,753] {standard_task_runner.py:80} INFO - Job 1013: Subtask Ingest_from_loss-adjusted_food_availability
[2022-08-15 20:40:56,864] {task_command.py:371} INFO - Running <TaskInstance: ETL_DAG.Ingest_from_loss-adjusted_food_availability manual__2022-08-15T20:40:50.207703+00:00 [running]> on host 42abdd2e54ec
[2022-08-15 20:40:56,951] {taskinstance.py:1591} INFO - Exporting the following env vars:
AIRFLOW_CTX_DAG_OWNER=narapady
AIRFLOW_CTX_DAG_ID=ETL_DAG
AIRFLOW_CTX_TASK_ID=Ingest_from_loss-adjusted_food_availability
AIRFLOW_CTX_EXECUTION_DATE=2022-08-15T20:40:50.207703+00:00
AIRFLOW_CTX_TRY_NUMBER=1
AIRFLOW_CTX_DAG_RUN_ID=manual__2022-08-15T20:40:50.207703+00:00
[2022-08-15 20:41:14,019] {logging_mixin.py:115} INFO - Successfully uploaded loss-adjusted-food-availability/calories.xls to s3-bucket-raw-usda
[2022-08-15 20:41:53,638] {logging_mixin.py:115} INFO - Successfully uploaded loss-adjusted-food-availability/Dairy.xls to s3-bucket-raw-usda
[2022-08-15 20:42:04,127] {logging_mixin.py:115} INFO - Successfully uploaded loss-adjusted-food-availability/fat.xls to s3-bucket-raw-usda
[2022-08-15 20:42:14,289] {logging_mixin.py:115} INFO - Successfully uploaded loss-adjusted-food-availability/servings.xls to s3-bucket-raw-usda
[2022-08-15 20:43:09,082] {logging_mixin.py:115} INFO - Successfully uploaded loss-adjusted-food-availability/Fruit.xls to s3-bucket-raw-usda
[2022-08-15 20:43:21,478] {logging_mixin.py:115} INFO - Successfully uploaded loss-adjusted-food-availability/grain.xls to s3-bucket-raw-usda
[2022-08-15 20:43:50,790] {logging_mixin.py:115} INFO - Successfully uploaded loss-adjusted-food-availability/meat.xls to s3-bucket-raw-usda
[2022-08-15 20:44:00,686] {logging_mixin.py:115} INFO - Successfully uploaded loss-adjusted-food-availability/sugar.xls to s3-bucket-raw-usda
[2022-08-15 20:45:00,723] {logging_mixin.py:115} INFO - Successfully uploaded loss-adjusted-food-availability/veg.xls to s3-bucket-raw-usda
[2022-08-15 20:45:04,682] {logging_mixin.py:115} INFO - Successfully uploaded loss-adjusted-food-availability/nutrients.xls to s3-bucket-raw-usda
[2022-08-15 20:45:12,447] {logging_mixin.py:115} INFO - Successfully uploaded loss-adjusted-food-availability/ctcsp.xls to s3-bucket-raw-usda
[2022-08-15 20:45:12,455] {python.py:173} INFO - Done. Returned value was: None
[2022-08-15 20:45:12,658] {taskinstance.py:1420} INFO - Marking task as SUCCESS. dag_id=ETL_DAG, task_id=Ingest_from_loss-adjusted_food_availability, execution_date=20220815T204050, start_date=20220815T204056, end_date=20220815T204512
[2022-08-15 20:45:12,714] {local_task_job.py:156} INFO - Task exited with return code 0
[2022-08-15 20:45:12,747] {local_task_job.py:273} INFO - 1 downstream tasks scheduled from follow-on schedule check
