[2022-08-11 19:43:25,353] {taskinstance.py:1179} INFO - Dependencies all met for <TaskInstance: ETL_DAG_V5.Ingest_from_2016 manual__2022-08-11T19:43:19.932213+00:00 [queued]>
[2022-08-11 19:43:25,385] {taskinstance.py:1179} INFO - Dependencies all met for <TaskInstance: ETL_DAG_V5.Ingest_from_2016 manual__2022-08-11T19:43:19.932213+00:00 [queued]>
[2022-08-11 19:43:25,385] {taskinstance.py:1376} INFO - 
--------------------------------------------------------------------------------
[2022-08-11 19:43:25,388] {taskinstance.py:1377} INFO - Starting attempt 1 of 6
[2022-08-11 19:43:25,389] {taskinstance.py:1378} INFO - 
--------------------------------------------------------------------------------
[2022-08-11 19:43:25,415] {taskinstance.py:1397} INFO - Executing <Task(PythonOperator): Ingest_from_2016> on 2022-08-11 19:43:19.932213+00:00
[2022-08-11 19:43:25,425] {standard_task_runner.py:52} INFO - Started process 3551 to run task
[2022-08-11 19:43:25,440] {standard_task_runner.py:79} INFO - Running: ['***', 'tasks', 'run', 'ETL_DAG_V5', 'Ingest_from_2016', 'manual__2022-08-11T19:43:19.932213+00:00', '--job-id', '533', '--raw', '--subdir', 'DAGS_FOLDER/etl_dag.py', '--cfg-path', '/tmp/tmpcjugrdik', '--error-file', '/tmp/tmpcwgcxevp']
[2022-08-11 19:43:25,450] {standard_task_runner.py:80} INFO - Job 533: Subtask Ingest_from_2016
[2022-08-11 19:43:25,576] {task_command.py:371} INFO - Running <TaskInstance: ETL_DAG_V5.Ingest_from_2016 manual__2022-08-11T19:43:19.932213+00:00 [running]> on host ce1be8c59d56
[2022-08-11 19:43:25,684] {taskinstance.py:1591} INFO - Exporting the following env vars:
AIRFLOW_CTX_DAG_OWNER=narapady
AIRFLOW_CTX_DAG_ID=ETL_DAG_V5
AIRFLOW_CTX_TASK_ID=Ingest_from_2016
AIRFLOW_CTX_EXECUTION_DATE=2022-08-11T19:43:19.932213+00:00
AIRFLOW_CTX_TRY_NUMBER=1
AIRFLOW_CTX_DAG_RUN_ID=manual__2022-08-11T19:43:19.932213+00:00
[2022-08-11 19:43:32,971] {logging_mixin.py:115} INFO - Successfully uploaded 2016/Table1_2016.xlsx to s3-bucket-raw-usda
[2022-08-11 19:43:34,344] {logging_mixin.py:115} INFO - Successfully uploaded 2016/Table2_2016.xlsx to s3-bucket-raw-usda
[2022-08-11 19:43:35,545] {logging_mixin.py:115} INFO - Successfully uploaded 2016/Table3_2016.xlsx to s3-bucket-raw-usda
[2022-08-11 19:43:36,787] {logging_mixin.py:115} INFO - Successfully uploaded 2016/Table4_2016.xlsx to s3-bucket-raw-usda
[2022-08-11 19:43:37,909] {logging_mixin.py:115} INFO - Successfully uploaded 2016/Table5_2016.xlsx to s3-bucket-raw-usda
[2022-08-11 19:43:39,260] {logging_mixin.py:115} INFO - Successfully uploaded 2016/Table6_2016.xlsx to s3-bucket-raw-usda
[2022-08-11 19:43:40,473] {logging_mixin.py:115} INFO - Successfully uploaded 2016/Table7_2016.xlsx to s3-bucket-raw-usda
[2022-08-11 19:43:41,898] {logging_mixin.py:115} INFO - Successfully uploaded 2016/Table8_2016.xlsx to s3-bucket-raw-usda
[2022-08-11 19:43:41,902] {python.py:173} INFO - Done. Returned value was: None
[2022-08-11 19:43:41,917] {taskinstance.py:1420} INFO - Marking task as SUCCESS. dag_id=ETL_DAG_V5, task_id=Ingest_from_2016, execution_date=20220811T194319, start_date=20220811T194325, end_date=20220811T194341
[2022-08-11 19:43:41,951] {local_task_job.py:156} INFO - Task exited with return code 0
[2022-08-11 19:43:41,977] {local_task_job.py:273} INFO - 0 downstream tasks scheduled from follow-on schedule check
