[2022-08-08 05:30:11,201] {taskinstance.py:1179} INFO - Dependencies all met for <TaskInstance: etl_dag.Ingest manual__2022-08-08T05:30:09.988938+00:00 [queued]>
[2022-08-08 05:30:11,206] {taskinstance.py:1179} INFO - Dependencies all met for <TaskInstance: etl_dag.Ingest manual__2022-08-08T05:30:09.988938+00:00 [queued]>
[2022-08-08 05:30:11,207] {taskinstance.py:1376} INFO - 
--------------------------------------------------------------------------------
[2022-08-08 05:30:11,208] {taskinstance.py:1377} INFO - Starting attempt 1 of 6
[2022-08-08 05:30:11,209] {taskinstance.py:1378} INFO - 
--------------------------------------------------------------------------------
[2022-08-08 05:30:11,216] {taskinstance.py:1397} INFO - Executing <Task(PythonOperator): Ingest> on 2022-08-08 05:30:09.988938+00:00
[2022-08-08 05:30:11,221] {standard_task_runner.py:52} INFO - Started process 417 to run task
[2022-08-08 05:30:11,224] {standard_task_runner.py:79} INFO - Running: ['***', 'tasks', 'run', 'etl_dag', 'Ingest', 'manual__2022-08-08T05:30:09.988938+00:00', '--job-id', '74', '--raw', '--subdir', 'DAGS_FOLDER/etl_dag.py', '--cfg-path', '/tmp/tmpy7dzmw4q', '--error-file', '/tmp/tmpq0g0jkl8']
[2022-08-08 05:30:11,226] {standard_task_runner.py:80} INFO - Job 74: Subtask Ingest
[2022-08-08 05:30:11,275] {task_command.py:371} INFO - Running <TaskInstance: etl_dag.Ingest manual__2022-08-08T05:30:09.988938+00:00 [running]> on host 8d3924a1d70c
[2022-08-08 05:30:11,326] {taskinstance.py:1591} INFO - Exporting the following env vars:
AIRFLOW_CTX_DAG_OWNER=narapady
AIRFLOW_CTX_DAG_ID=etl_dag
AIRFLOW_CTX_TASK_ID=Ingest
AIRFLOW_CTX_EXECUTION_DATE=2022-08-08T05:30:09.988938+00:00
AIRFLOW_CTX_TRY_NUMBER=1
AIRFLOW_CTX_DAG_RUN_ID=manual__2022-08-08T05:30:09.988938+00:00
[2022-08-08 05:30:13,987] {taskinstance.py:1909} ERROR - Task failed with exception
Traceback (most recent call last):
  File "/home/airflow/.local/lib/python3.7/site-packages/airflow/operators/python.py", line 171, in execute
    return_value = self.execute_callable()
  File "/home/airflow/.local/lib/python3.7/site-packages/airflow/operators/python.py", line 189, in execute_callable
    return self.python_callable(*self.op_args, **self.op_kwargs)
  File "/opt/airflow/dags/ingest/ingestor.py", line 136, in main
    ingestor_kaggle.ingest("ingest_kaggle")
  File "/opt/airflow/dags/ingest/ingestor.py", line 105, in ingest
    ingest_kaggle(self.s3, self.sources, self.bucket_name)
  File "/opt/airflow/dags/ingest/ingestor.py", line 75, in ingest_kaggle
    with zipfile.ZipFile(filename + ".zip") as zip:
  File "/usr/local/lib/python3.7/zipfile.py", line 1240, in __init__
    self.fp = io.open(file, filemode)
FileNotFoundError: [Errno 2] No such file or directory: 'obesity-among-adults-by-country-19752016.zip'
[2022-08-08 05:30:13,998] {taskinstance.py:1420} INFO - Marking task as UP_FOR_RETRY. dag_id=etl_dag, task_id=Ingest, execution_date=20220808T053009, start_date=20220808T053011, end_date=20220808T053013
[2022-08-08 05:30:14,007] {standard_task_runner.py:97} ERROR - Failed to execute job 74 for task Ingest ([Errno 2] No such file or directory: 'obesity-among-adults-by-country-19752016.zip'; 417)
[2022-08-08 05:30:14,034] {local_task_job.py:156} INFO - Task exited with return code 1
[2022-08-08 05:30:14,056] {local_task_job.py:273} INFO - 0 downstream tasks scheduled from follow-on schedule check
