[2022-08-15 20:56:35,196] {taskinstance.py:1179} INFO - Dependencies all met for <TaskInstance: ETL_DAG.Ingest_from_producer_price_index manual__2022-08-15T20:56:28.970676+00:00 [queued]>
[2022-08-15 20:56:35,210] {taskinstance.py:1179} INFO - Dependencies all met for <TaskInstance: ETL_DAG.Ingest_from_producer_price_index manual__2022-08-15T20:56:28.970676+00:00 [queued]>
[2022-08-15 20:56:35,211] {taskinstance.py:1376} INFO - 
--------------------------------------------------------------------------------
[2022-08-15 20:56:35,211] {taskinstance.py:1377} INFO - Starting attempt 1 of 6
[2022-08-15 20:56:35,213] {taskinstance.py:1378} INFO - 
--------------------------------------------------------------------------------
[2022-08-15 20:56:35,226] {taskinstance.py:1397} INFO - Executing <Task(PythonOperator): Ingest_from_producer_price_index> on 2022-08-15 20:56:28.970676+00:00
[2022-08-15 20:56:35,232] {standard_task_runner.py:52} INFO - Started process 1552 to run task
[2022-08-15 20:56:35,240] {standard_task_runner.py:79} INFO - Running: ['***', 'tasks', 'run', 'ETL_DAG', 'Ingest_from_producer_price_index', 'manual__2022-08-15T20:56:28.970676+00:00', '--job-id', '1052', '--raw', '--subdir', 'DAGS_FOLDER/etl_dag.py', '--cfg-path', '/tmp/tmp7i447z7y', '--error-file', '/tmp/tmpwx6ukz5z']
[2022-08-15 20:56:35,244] {standard_task_runner.py:80} INFO - Job 1052: Subtask Ingest_from_producer_price_index
[2022-08-15 20:56:35,328] {task_command.py:371} INFO - Running <TaskInstance: ETL_DAG.Ingest_from_producer_price_index manual__2022-08-15T20:56:28.970676+00:00 [running]> on host 42abdd2e54ec
[2022-08-15 20:56:35,389] {taskinstance.py:1591} INFO - Exporting the following env vars:
AIRFLOW_CTX_DAG_OWNER=narapady
AIRFLOW_CTX_DAG_ID=ETL_DAG
AIRFLOW_CTX_TASK_ID=Ingest_from_producer_price_index
AIRFLOW_CTX_EXECUTION_DATE=2022-08-15T20:56:28.970676+00:00
AIRFLOW_CTX_TRY_NUMBER=1
AIRFLOW_CTX_DAG_RUN_ID=manual__2022-08-15T20:56:28.970676+00:00
[2022-08-15 20:56:42,759] {logging_mixin.py:115} INFO - Successfully uploaded producer-price-index/PPIforecast.xlsx to s3-bucket-raw-usda
[2022-08-15 20:56:44,730] {logging_mixin.py:115} INFO - Successfully uploaded producer-price-index/historicalppi.xlsx to s3-bucket-raw-usda
[2022-08-15 20:56:47,099] {logging_mixin.py:115} INFO - Successfully uploaded producer-price-index/CPIArchivedForecasts.xlsx to s3-bucket-raw-usda
[2022-08-15 20:56:49,074] {logging_mixin.py:115} INFO - Successfully uploaded producer-price-index/PPIArchivedForecasts.xlsx to s3-bucket-raw-usda
[2022-08-15 20:56:49,076] {python.py:173} INFO - Done. Returned value was: None
[2022-08-15 20:56:49,086] {taskinstance.py:1420} INFO - Marking task as SUCCESS. dag_id=ETL_DAG, task_id=Ingest_from_producer_price_index, execution_date=20220815T205628, start_date=20220815T205635, end_date=20220815T205649
[2022-08-15 20:56:49,113] {local_task_job.py:156} INFO - Task exited with return code 0
[2022-08-15 20:56:49,142] {local_task_job.py:273} INFO - 0 downstream tasks scheduled from follow-on schedule check
