[2022-08-17 00:44:38,770] {taskinstance.py:1179} INFO - Dependencies all met for <TaskInstance: ETL_DAG.Ingest_from_current_food_expenditure_series manual__2022-08-17T00:44:32.649423+00:00 [queued]>
[2022-08-17 00:44:38,784] {taskinstance.py:1179} INFO - Dependencies all met for <TaskInstance: ETL_DAG.Ingest_from_current_food_expenditure_series manual__2022-08-17T00:44:32.649423+00:00 [queued]>
[2022-08-17 00:44:38,787] {taskinstance.py:1376} INFO - 
--------------------------------------------------------------------------------
[2022-08-17 00:44:38,790] {taskinstance.py:1377} INFO - Starting attempt 1 of 6
[2022-08-17 00:44:38,791] {taskinstance.py:1378} INFO - 
--------------------------------------------------------------------------------
[2022-08-17 00:44:38,816] {taskinstance.py:1397} INFO - Executing <Task(PythonOperator): Ingest_from_current_food_expenditure_series> on 2022-08-17 00:44:32.649423+00:00
[2022-08-17 00:44:38,825] {standard_task_runner.py:52} INFO - Started process 278 to run task
[2022-08-17 00:44:38,833] {standard_task_runner.py:79} INFO - Running: ['***', 'tasks', 'run', 'ETL_DAG', 'Ingest_from_current_food_expenditure_series', 'manual__2022-08-17T00:44:32.649423+00:00', '--job-id', '1121', '--raw', '--subdir', 'DAGS_FOLDER/etl_dag.py', '--cfg-path', '/tmp/tmp1t1z1wc2', '--error-file', '/tmp/tmpb7by3ru0']
[2022-08-17 00:44:38,837] {standard_task_runner.py:80} INFO - Job 1121: Subtask Ingest_from_current_food_expenditure_series
[2022-08-17 00:44:38,967] {task_command.py:371} INFO - Running <TaskInstance: ETL_DAG.Ingest_from_current_food_expenditure_series manual__2022-08-17T00:44:32.649423+00:00 [running]> on host b6e9d58543c5
[2022-08-17 00:44:39,080] {taskinstance.py:1591} INFO - Exporting the following env vars:
AIRFLOW_CTX_DAG_OWNER=narapady
AIRFLOW_CTX_DAG_ID=ETL_DAG
AIRFLOW_CTX_TASK_ID=Ingest_from_current_food_expenditure_series
AIRFLOW_CTX_EXECUTION_DATE=2022-08-17T00:44:32.649423+00:00
AIRFLOW_CTX_TRY_NUMBER=1
AIRFLOW_CTX_DAG_RUN_ID=manual__2022-08-17T00:44:32.649423+00:00
[2022-08-17 00:44:47,795] {logging_mixin.py:115} INFO - Successfully uploaded current-food-expenditure-series/nominal_expenditures.xlsx to s3-bucket-raw-usda
[2022-08-17 00:44:49,079] {logging_mixin.py:115} INFO - Successfully uploaded current-food-expenditure-series/nominal_expenditures_no_taxes_tips.xlsx to s3-bucket-raw-usda
[2022-08-17 00:44:50,260] {logging_mixin.py:115} INFO - Successfully uploaded current-food-expenditure-series/constant_dollar_expenditures.xlsx to s3-bucket-raw-usda
[2022-08-17 00:44:51,588] {logging_mixin.py:115} INFO - Successfully uploaded current-food-expenditure-series/constant_dollar_expenditures_no_taxes_tips.xlsx to s3-bucket-raw-usda
[2022-08-17 00:44:52,797] {logging_mixin.py:115} INFO - Successfully uploaded current-food-expenditure-series/food_expenditures_source_funds.xlsx to s3-bucket-raw-usda
[2022-08-17 00:44:54,097] {logging_mixin.py:115} INFO - Successfully uploaded current-food-expenditure-series/normalized_food_expenditures.xlsx to s3-bucket-raw-usda
[2022-08-17 00:44:55,689] {logging_mixin.py:115} INFO - Successfully uploaded current-food-expenditure-series/monthly_sales.xlsx to s3-bucket-raw-usda
[2022-08-17 00:44:57,238] {logging_mixin.py:115} INFO - Successfully uploaded current-food-expenditure-series/archived_nominal_expenditures_1.xlsx to s3-bucket-raw-usda
[2022-08-17 00:44:58,350] {logging_mixin.py:115} INFO - Successfully uploaded current-food-expenditure-series/archived_expenditures_purchaser_2.xlsx to s3-bucket-raw-usda
[2022-08-17 00:44:59,731] {logging_mixin.py:115} INFO - Successfully uploaded current-food-expenditure-series/archived_normalized_expenditures_3.xlsx to s3-bucket-raw-usda
[2022-08-17 00:45:01,059] {logging_mixin.py:115} INFO - Successfully uploaded current-food-expenditure-series/archived_monthly_4.xlsx to s3-bucket-raw-usda
[2022-08-17 00:45:01,063] {python.py:173} INFO - Done. Returned value was: None
[2022-08-17 00:45:01,083] {taskinstance.py:1420} INFO - Marking task as SUCCESS. dag_id=ETL_DAG, task_id=Ingest_from_current_food_expenditure_series, execution_date=20220817T004432, start_date=20220817T004438, end_date=20220817T004501
[2022-08-17 00:45:01,151] {local_task_job.py:156} INFO - Task exited with return code 0
[2022-08-17 00:45:01,181] {local_task_job.py:273} INFO - 0 downstream tasks scheduled from follow-on schedule check
