[2022-08-12 18:24:59,332] {taskinstance.py:1179} INFO - Dependencies all met for <TaskInstance: ETL_DAG.Transform_current-food-expenditure-series manual__2022-08-12T18:20:52.559703+00:00 [queued]>
[2022-08-12 18:24:59,348] {taskinstance.py:1179} INFO - Dependencies all met for <TaskInstance: ETL_DAG.Transform_current-food-expenditure-series manual__2022-08-12T18:20:52.559703+00:00 [queued]>
[2022-08-12 18:24:59,350] {taskinstance.py:1376} INFO - 
--------------------------------------------------------------------------------
[2022-08-12 18:24:59,351] {taskinstance.py:1377} INFO - Starting attempt 1 of 6
[2022-08-12 18:24:59,351] {taskinstance.py:1378} INFO - 
--------------------------------------------------------------------------------
[2022-08-12 18:24:59,364] {taskinstance.py:1397} INFO - Executing <Task(PythonOperator): Transform_current-food-expenditure-series> on 2022-08-12 18:20:52.559703+00:00
[2022-08-12 18:24:59,371] {standard_task_runner.py:52} INFO - Started process 550 to run task
[2022-08-12 18:24:59,374] {standard_task_runner.py:79} INFO - Running: ['***', 'tasks', 'run', 'ETL_DAG', 'Transform_current-food-expenditure-series', 'manual__2022-08-12T18:20:52.559703+00:00', '--job-id', '899', '--raw', '--subdir', 'DAGS_FOLDER/etl_dag.py', '--cfg-path', '/tmp/tmpjy5b_ydo', '--error-file', '/tmp/tmp4k56s4x4']
[2022-08-12 18:24:59,377] {standard_task_runner.py:80} INFO - Job 899: Subtask Transform_current-food-expenditure-series
[2022-08-12 18:24:59,463] {task_command.py:371} INFO - Running <TaskInstance: ETL_DAG.Transform_current-food-expenditure-series manual__2022-08-12T18:20:52.559703+00:00 [running]> on host 00aa0783f116
[2022-08-12 18:24:59,530] {taskinstance.py:1591} INFO - Exporting the following env vars:
AIRFLOW_CTX_DAG_OWNER=narapady
AIRFLOW_CTX_DAG_ID=ETL_DAG
AIRFLOW_CTX_TASK_ID=Transform_current-food-expenditure-series
AIRFLOW_CTX_EXECUTION_DATE=2022-08-12T18:20:52.559703+00:00
AIRFLOW_CTX_TRY_NUMBER=1
AIRFLOW_CTX_DAG_RUN_ID=manual__2022-08-12T18:20:52.559703+00:00
[2022-08-12 18:25:16,927] {logging_mixin.py:115} INFO - Successfully process food-expenditure-clean/constant-total-fah.csv to S3
[2022-08-12 18:25:17,361] {logging_mixin.py:115} INFO - Successfully process food-expenditure-clean/constant-total-fafh.csv to S3
[2022-08-12 18:25:17,700] {logging_mixin.py:115} INFO - Successfully process food-expenditure-clean/constant-total-aah.csv to S3
[2022-08-12 18:25:18,118] {logging_mixin.py:115} INFO - Successfully process food-expenditure-clean/constant-total-aafh.csv to S3
[2022-08-12 18:25:33,614] {logging_mixin.py:115} INFO - Successfully process food-expenditure-clean/nominal-total-fah.csv to S3
[2022-08-12 18:25:34,044] {logging_mixin.py:115} INFO - Successfully process food-expenditure-clean/nominal-total-fafh.csv to S3
[2022-08-12 18:25:34,358] {logging_mixin.py:115} INFO - Successfully process food-expenditure-clean/nominal-total-aah.csv to S3
[2022-08-12 18:25:34,656] {logging_mixin.py:115} INFO - Successfully process food-expenditure-clean/nominal-total-aafh.csv to S3
[2022-08-12 18:25:58,731] {logging_mixin.py:115} INFO - Successfully process food-expenditure-clean/nominal-monthly-sale.csv to S3
[2022-08-12 18:25:59,107] {logging_mixin.py:115} INFO - Successfully process food-expenditure-clean/constant-monthly-sale.csv to S3
[2022-08-12 18:25:59,114] {python.py:173} INFO - Done. Returned value was: None
[2022-08-12 18:25:59,136] {taskinstance.py:1420} INFO - Marking task as SUCCESS. dag_id=ETL_DAG, task_id=Transform_current-food-expenditure-series, execution_date=20220812T182052, start_date=20220812T182459, end_date=20220812T182559
[2022-08-12 18:25:59,175] {local_task_job.py:156} INFO - Task exited with return code 0
[2022-08-12 18:25:59,203] {local_task_job.py:273} INFO - 1 downstream tasks scheduled from follow-on schedule check
