[2022-08-15 20:40:56,088] {taskinstance.py:1179} INFO - Dependencies all met for <TaskInstance: ETL_DAG.Ingest_from_consumer_price_index manual__2022-08-15T20:40:50.207703+00:00 [queued]>
[2022-08-15 20:40:56,120] {taskinstance.py:1179} INFO - Dependencies all met for <TaskInstance: ETL_DAG.Ingest_from_consumer_price_index manual__2022-08-15T20:40:50.207703+00:00 [queued]>
[2022-08-15 20:40:56,121] {taskinstance.py:1376} INFO - 
--------------------------------------------------------------------------------
[2022-08-15 20:40:56,121] {taskinstance.py:1377} INFO - Starting attempt 1 of 6
[2022-08-15 20:40:56,122] {taskinstance.py:1378} INFO - 
--------------------------------------------------------------------------------
[2022-08-15 20:40:56,159] {taskinstance.py:1397} INFO - Executing <Task(PythonOperator): Ingest_from_consumer_price_index> on 2022-08-15 20:40:50.207703+00:00
[2022-08-15 20:40:56,164] {standard_task_runner.py:52} INFO - Started process 373 to run task
[2022-08-15 20:40:56,191] {standard_task_runner.py:79} INFO - Running: ['***', 'tasks', 'run', 'ETL_DAG', 'Ingest_from_consumer_price_index', 'manual__2022-08-15T20:40:50.207703+00:00', '--job-id', '1007', '--raw', '--subdir', 'DAGS_FOLDER/etl_dag.py', '--cfg-path', '/tmp/tmp4qte0yz5', '--error-file', '/tmp/tmpzsn4xkry']
[2022-08-15 20:40:56,201] {standard_task_runner.py:80} INFO - Job 1007: Subtask Ingest_from_consumer_price_index
[2022-08-15 20:40:56,390] {task_command.py:371} INFO - Running <TaskInstance: ETL_DAG.Ingest_from_consumer_price_index manual__2022-08-15T20:40:50.207703+00:00 [running]> on host 42abdd2e54ec
[2022-08-15 20:40:56,607] {taskinstance.py:1591} INFO - Exporting the following env vars:
AIRFLOW_CTX_DAG_OWNER=narapady
AIRFLOW_CTX_DAG_ID=ETL_DAG
AIRFLOW_CTX_TASK_ID=Ingest_from_consumer_price_index
AIRFLOW_CTX_EXECUTION_DATE=2022-08-15T20:40:50.207703+00:00
AIRFLOW_CTX_TRY_NUMBER=1
AIRFLOW_CTX_DAG_RUN_ID=manual__2022-08-15T20:40:50.207703+00:00
[2022-08-15 20:41:05,997] {logging_mixin.py:115} INFO - Successfully uploaded consumer-price-index/CPIforecast.xlsx to s3-bucket-raw-usda
[2022-08-15 20:41:07,829] {logging_mixin.py:115} INFO - Successfully uploaded consumer-price-index/historicalcpi.xlsx to s3-bucket-raw-usda
[2022-08-15 20:41:07,831] {python.py:173} INFO - Done. Returned value was: None
[2022-08-15 20:41:07,841] {taskinstance.py:1420} INFO - Marking task as SUCCESS. dag_id=ETL_DAG, task_id=Ingest_from_consumer_price_index, execution_date=20220815T204050, start_date=20220815T204056, end_date=20220815T204107
[2022-08-15 20:41:07,866] {local_task_job.py:156} INFO - Task exited with return code 0
[2022-08-15 20:41:07,897] {local_task_job.py:273} INFO - 0 downstream tasks scheduled from follow-on schedule check
