[2022-08-12 01:25:36,613] {taskinstance.py:1179} INFO - Dependencies all met for <TaskInstance: ETL_DAG_US_FOOD_NUTRITION.Transform_2015 manual__2022-08-12T01:21:26.402383+00:00 [queued]>
[2022-08-12 01:25:36,657] {taskinstance.py:1179} INFO - Dependencies all met for <TaskInstance: ETL_DAG_US_FOOD_NUTRITION.Transform_2015 manual__2022-08-12T01:21:26.402383+00:00 [queued]>
[2022-08-12 01:25:36,659] {taskinstance.py:1376} INFO - 
--------------------------------------------------------------------------------
[2022-08-12 01:25:36,659] {taskinstance.py:1377} INFO - Starting attempt 1 of 6
[2022-08-12 01:25:36,660] {taskinstance.py:1378} INFO - 
--------------------------------------------------------------------------------
[2022-08-12 01:25:36,670] {taskinstance.py:1397} INFO - Executing <Task(PythonOperator): Transform_2015> on 2022-08-12 01:21:26.402383+00:00
[2022-08-12 01:25:36,681] {standard_task_runner.py:52} INFO - Started process 552 to run task
[2022-08-12 01:25:36,694] {standard_task_runner.py:79} INFO - Running: ['***', 'tasks', 'run', 'ETL_DAG_US_FOOD_NUTRITION', 'Transform_2015', 'manual__2022-08-12T01:21:26.402383+00:00', '--job-id', '759', '--raw', '--subdir', 'DAGS_FOLDER/etl_dag.py', '--cfg-path', '/tmp/tmpwf8h9tii', '--error-file', '/tmp/tmpyrpgg9ca']
[2022-08-12 01:25:36,702] {standard_task_runner.py:80} INFO - Job 759: Subtask Transform_2015
[2022-08-12 01:25:36,838] {task_command.py:371} INFO - Running <TaskInstance: ETL_DAG_US_FOOD_NUTRITION.Transform_2015 manual__2022-08-12T01:21:26.402383+00:00 [running]> on host ae5c2449a624
[2022-08-12 01:25:36,921] {taskinstance.py:1591} INFO - Exporting the following env vars:
AIRFLOW_CTX_DAG_OWNER=narapady
AIRFLOW_CTX_DAG_ID=ETL_DAG_US_FOOD_NUTRITION
AIRFLOW_CTX_TASK_ID=Transform_2015
AIRFLOW_CTX_EXECUTION_DATE=2022-08-12T01:21:26.402383+00:00
AIRFLOW_CTX_TRY_NUMBER=1
AIRFLOW_CTX_DAG_RUN_ID=manual__2022-08-12T01:21:26.402383+00:00
[2022-08-12 01:25:54,589] {logging_mixin.py:115} INFO - Successfully process fast-food-clean/age-15-and-older-2015.csv to S3
[2022-08-12 01:25:54,956] {logging_mixin.py:115} INFO - Successfully process fast-food-clean/age-18-and-older-2015.csv to S3
[2022-08-12 01:25:54,969] {python.py:173} INFO - Done. Returned value was: None
[2022-08-12 01:25:54,996] {taskinstance.py:1420} INFO - Marking task as SUCCESS. dag_id=ETL_DAG_US_FOOD_NUTRITION, task_id=Transform_2015, execution_date=20220812T012126, start_date=20220812T012536, end_date=20220812T012554
[2022-08-12 01:25:55,049] {local_task_job.py:156} INFO - Task exited with return code 0
[2022-08-12 01:25:55,076] {local_task_job.py:273} INFO - 0 downstream tasks scheduled from follow-on schedule check
