[2022-08-15 20:58:16,754] {taskinstance.py:1179} INFO - Dependencies all met for <TaskInstance: ETL_DAG.Stage_price-index-clean manual__2022-08-15T20:56:28.970676+00:00 [queued]>
[2022-08-15 20:58:16,772] {taskinstance.py:1179} INFO - Dependencies all met for <TaskInstance: ETL_DAG.Stage_price-index-clean manual__2022-08-15T20:56:28.970676+00:00 [queued]>
[2022-08-15 20:58:16,773] {taskinstance.py:1376} INFO - 
--------------------------------------------------------------------------------
[2022-08-15 20:58:16,774] {taskinstance.py:1377} INFO - Starting attempt 1 of 6
[2022-08-15 20:58:16,775] {taskinstance.py:1378} INFO - 
--------------------------------------------------------------------------------
[2022-08-15 20:58:16,798] {taskinstance.py:1397} INFO - Executing <Task(PythonOperator): Stage_price-index-clean> on 2022-08-15 20:56:28.970676+00:00
[2022-08-15 20:58:16,805] {standard_task_runner.py:52} INFO - Started process 1717 to run task
[2022-08-15 20:58:16,809] {standard_task_runner.py:79} INFO - Running: ['***', 'tasks', 'run', 'ETL_DAG', 'Stage_price-index-clean', 'manual__2022-08-15T20:56:28.970676+00:00', '--job-id', '1066', '--raw', '--subdir', 'DAGS_FOLDER/etl_dag.py', '--cfg-path', '/tmp/tmpoe2zx4t7', '--error-file', '/tmp/tmp0f65bxdn']
[2022-08-15 20:58:16,812] {standard_task_runner.py:80} INFO - Job 1066: Subtask Stage_price-index-clean
[2022-08-15 20:58:16,934] {task_command.py:371} INFO - Running <TaskInstance: ETL_DAG.Stage_price-index-clean manual__2022-08-15T20:56:28.970676+00:00 [running]> on host 42abdd2e54ec
[2022-08-15 20:58:17,009] {taskinstance.py:1591} INFO - Exporting the following env vars:
AIRFLOW_CTX_DAG_OWNER=narapady
AIRFLOW_CTX_DAG_ID=ETL_DAG
AIRFLOW_CTX_TASK_ID=Stage_price-index-clean
AIRFLOW_CTX_EXECUTION_DATE=2022-08-15T20:56:28.970676+00:00
AIRFLOW_CTX_TRY_NUMBER=1
AIRFLOW_CTX_DAG_RUN_ID=manual__2022-08-15T20:56:28.970676+00:00
[2022-08-15 20:58:20,228] {logging_mixin.py:115} INFO - Successfully loaded price-index-staged.csv to s3-bucket-staged
[2022-08-15 20:58:20,232] {python.py:173} INFO - Done. Returned value was: None
[2022-08-15 20:58:20,247] {taskinstance.py:1420} INFO - Marking task as SUCCESS. dag_id=ETL_DAG, task_id=Stage_price-index-clean, execution_date=20220815T205628, start_date=20220815T205816, end_date=20220815T205820
[2022-08-15 20:58:20,265] {local_task_job.py:156} INFO - Task exited with return code 0
[2022-08-15 20:58:20,294] {local_task_job.py:273} INFO - 0 downstream tasks scheduled from follow-on schedule check
