[2022-08-11 19:47:21,675] {taskinstance.py:1179} INFO - Dependencies all met for <TaskInstance: ETL_DAG_V6.Ingest_from_2016 manual__2022-08-11T19:47:15.827552+00:00 [queued]>
[2022-08-11 19:47:21,692] {taskinstance.py:1179} INFO - Dependencies all met for <TaskInstance: ETL_DAG_V6.Ingest_from_2016 manual__2022-08-11T19:47:15.827552+00:00 [queued]>
[2022-08-11 19:47:21,694] {taskinstance.py:1376} INFO - 
--------------------------------------------------------------------------------
[2022-08-11 19:47:21,695] {taskinstance.py:1377} INFO - Starting attempt 1 of 6
[2022-08-11 19:47:21,696] {taskinstance.py:1378} INFO - 
--------------------------------------------------------------------------------
[2022-08-11 19:47:21,717] {taskinstance.py:1397} INFO - Executing <Task(PythonOperator): Ingest_from_2016> on 2022-08-11 19:47:15.827552+00:00
[2022-08-11 19:47:21,724] {standard_task_runner.py:52} INFO - Started process 3848 to run task
[2022-08-11 19:47:21,742] {standard_task_runner.py:79} INFO - Running: ['***', 'tasks', 'run', 'ETL_DAG_V6', 'Ingest_from_2016', 'manual__2022-08-11T19:47:15.827552+00:00', '--job-id', '545', '--raw', '--subdir', 'DAGS_FOLDER/etl_dag.py', '--cfg-path', '/tmp/tmpyh9dk9za', '--error-file', '/tmp/tmpvglsrl7p']
[2022-08-11 19:47:21,745] {standard_task_runner.py:80} INFO - Job 545: Subtask Ingest_from_2016
[2022-08-11 19:47:21,861] {task_command.py:371} INFO - Running <TaskInstance: ETL_DAG_V6.Ingest_from_2016 manual__2022-08-11T19:47:15.827552+00:00 [running]> on host ce1be8c59d56
[2022-08-11 19:47:21,956] {taskinstance.py:1591} INFO - Exporting the following env vars:
AIRFLOW_CTX_DAG_OWNER=narapady
AIRFLOW_CTX_DAG_ID=ETL_DAG_V6
AIRFLOW_CTX_TASK_ID=Ingest_from_2016
AIRFLOW_CTX_EXECUTION_DATE=2022-08-11T19:47:15.827552+00:00
AIRFLOW_CTX_TRY_NUMBER=1
AIRFLOW_CTX_DAG_RUN_ID=manual__2022-08-11T19:47:15.827552+00:00
[2022-08-11 19:47:28,807] {logging_mixin.py:115} INFO - Successfully uploaded 2016/Table1_2016.xlsx to s3-bucket-raw-usda
[2022-08-11 19:47:30,498] {logging_mixin.py:115} INFO - Successfully uploaded 2016/Table2_2016.xlsx to s3-bucket-raw-usda
[2022-08-11 19:47:31,717] {logging_mixin.py:115} INFO - Successfully uploaded 2016/Table3_2016.xlsx to s3-bucket-raw-usda
[2022-08-11 19:47:33,215] {logging_mixin.py:115} INFO - Successfully uploaded 2016/Table4_2016.xlsx to s3-bucket-raw-usda
[2022-08-11 19:47:34,917] {logging_mixin.py:115} INFO - Successfully uploaded 2016/Table5_2016.xlsx to s3-bucket-raw-usda
[2022-08-11 19:47:36,215] {logging_mixin.py:115} INFO - Successfully uploaded 2016/Table6_2016.xlsx to s3-bucket-raw-usda
[2022-08-11 19:47:37,608] {logging_mixin.py:115} INFO - Successfully uploaded 2016/Table7_2016.xlsx to s3-bucket-raw-usda
[2022-08-11 19:47:38,998] {logging_mixin.py:115} INFO - Successfully uploaded 2016/Table8_2016.xlsx to s3-bucket-raw-usda
[2022-08-11 19:47:39,007] {python.py:173} INFO - Done. Returned value was: None
[2022-08-11 19:47:39,025] {taskinstance.py:1420} INFO - Marking task as SUCCESS. dag_id=ETL_DAG_V6, task_id=Ingest_from_2016, execution_date=20220811T194715, start_date=20220811T194721, end_date=20220811T194739
[2022-08-11 19:47:39,090] {local_task_job.py:156} INFO - Task exited with return code 0
[2022-08-11 19:47:39,121] {local_task_job.py:273} INFO - 0 downstream tasks scheduled from follow-on schedule check
