[2022-08-12 01:25:36,740] {taskinstance.py:1179} INFO - Dependencies all met for <TaskInstance: ETL_DAG_US_FOOD_NUTRITION.Transform_producer-price-index manual__2022-08-12T01:21:26.402383+00:00 [queued]>
[2022-08-12 01:25:36,762] {taskinstance.py:1179} INFO - Dependencies all met for <TaskInstance: ETL_DAG_US_FOOD_NUTRITION.Transform_producer-price-index manual__2022-08-12T01:21:26.402383+00:00 [queued]>
[2022-08-12 01:25:36,763] {taskinstance.py:1376} INFO - 
--------------------------------------------------------------------------------
[2022-08-12 01:25:36,763] {taskinstance.py:1377} INFO - Starting attempt 1 of 6
[2022-08-12 01:25:36,765] {taskinstance.py:1378} INFO - 
--------------------------------------------------------------------------------
[2022-08-12 01:25:36,792] {taskinstance.py:1397} INFO - Executing <Task(PythonOperator): Transform_producer-price-index> on 2022-08-12 01:21:26.402383+00:00
[2022-08-12 01:25:36,802] {standard_task_runner.py:52} INFO - Started process 554 to run task
[2022-08-12 01:25:36,816] {standard_task_runner.py:79} INFO - Running: ['***', 'tasks', 'run', 'ETL_DAG_US_FOOD_NUTRITION', 'Transform_producer-price-index', 'manual__2022-08-12T01:21:26.402383+00:00', '--job-id', '760', '--raw', '--subdir', 'DAGS_FOLDER/etl_dag.py', '--cfg-path', '/tmp/tmpha8o4gc9', '--error-file', '/tmp/tmpp4b5mj05']
[2022-08-12 01:25:36,826] {standard_task_runner.py:80} INFO - Job 760: Subtask Transform_producer-price-index
[2022-08-12 01:25:36,934] {task_command.py:371} INFO - Running <TaskInstance: ETL_DAG_US_FOOD_NUTRITION.Transform_producer-price-index manual__2022-08-12T01:21:26.402383+00:00 [running]> on host ae5c2449a624
[2022-08-12 01:25:37,041] {taskinstance.py:1591} INFO - Exporting the following env vars:
AIRFLOW_CTX_DAG_OWNER=narapady
AIRFLOW_CTX_DAG_ID=ETL_DAG_US_FOOD_NUTRITION
AIRFLOW_CTX_TASK_ID=Transform_producer-price-index
AIRFLOW_CTX_EXECUTION_DATE=2022-08-12T01:21:26.402383+00:00
AIRFLOW_CTX_TRY_NUMBER=1
AIRFLOW_CTX_DAG_RUN_ID=manual__2022-08-12T01:21:26.402383+00:00
[2022-08-12 01:26:10,955] {logging_mixin.py:115} INFO - Successfully process price-index-clean/producer-price-index.csv to S3
[2022-08-12 01:26:10,957] {python.py:173} INFO - Done. Returned value was: None
[2022-08-12 01:26:10,967] {taskinstance.py:1420} INFO - Marking task as SUCCESS. dag_id=ETL_DAG_US_FOOD_NUTRITION, task_id=Transform_producer-price-index, execution_date=20220812T012126, start_date=20220812T012536, end_date=20220812T012610
[2022-08-12 01:26:11,005] {local_task_job.py:156} INFO - Task exited with return code 0
[2022-08-12 01:26:11,031] {local_task_job.py:273} INFO - 0 downstream tasks scheduled from follow-on schedule check
