[2022-08-14 16:53:10,452] {taskinstance.py:1179} INFO - Dependencies all met for <TaskInstance: ETL_DAG.Stage_nutrient-intake-estimates-clean manual__2022-08-14T16:48:28.179984+00:00 [queued]>
[2022-08-14 16:53:10,467] {taskinstance.py:1179} INFO - Dependencies all met for <TaskInstance: ETL_DAG.Stage_nutrient-intake-estimates-clean manual__2022-08-14T16:48:28.179984+00:00 [queued]>
[2022-08-14 16:53:10,470] {taskinstance.py:1376} INFO - 
--------------------------------------------------------------------------------
[2022-08-14 16:53:10,471] {taskinstance.py:1377} INFO - Starting attempt 1 of 6
[2022-08-14 16:53:10,473] {taskinstance.py:1378} INFO - 
--------------------------------------------------------------------------------
[2022-08-14 16:53:10,486] {taskinstance.py:1397} INFO - Executing <Task(PythonOperator): Stage_nutrient-intake-estimates-clean> on 2022-08-14 16:48:28.179984+00:00
[2022-08-14 16:53:10,492] {standard_task_runner.py:52} INFO - Started process 913 to run task
[2022-08-14 16:53:10,497] {standard_task_runner.py:79} INFO - Running: ['***', 'tasks', 'run', 'ETL_DAG', 'Stage_nutrient-intake-estimates-clean', 'manual__2022-08-14T16:48:28.179984+00:00', '--job-id', '977', '--raw', '--subdir', 'DAGS_FOLDER/etl_dag.py', '--cfg-path', '/tmp/tmpaaniccs_', '--error-file', '/tmp/tmppk41rgg0']
[2022-08-14 16:53:10,501] {standard_task_runner.py:80} INFO - Job 977: Subtask Stage_nutrient-intake-estimates-clean
[2022-08-14 16:53:10,597] {task_command.py:371} INFO - Running <TaskInstance: ETL_DAG.Stage_nutrient-intake-estimates-clean manual__2022-08-14T16:48:28.179984+00:00 [running]> on host 0dbf9d5e5cdb
[2022-08-14 16:53:10,655] {taskinstance.py:1591} INFO - Exporting the following env vars:
AIRFLOW_CTX_DAG_OWNER=narapady
AIRFLOW_CTX_DAG_ID=ETL_DAG
AIRFLOW_CTX_TASK_ID=Stage_nutrient-intake-estimates-clean
AIRFLOW_CTX_EXECUTION_DATE=2022-08-14T16:48:28.179984+00:00
AIRFLOW_CTX_TRY_NUMBER=1
AIRFLOW_CTX_DAG_RUN_ID=manual__2022-08-14T16:48:28.179984+00:00
[2022-08-14 16:53:21,605] {logging_mixin.py:115} INFO - Successfully loaded nutrient-intake-estimates-staged.csv to s3-bucket-staged
[2022-08-14 16:53:21,607] {python.py:173} INFO - Done. Returned value was: None
[2022-08-14 16:53:21,617] {taskinstance.py:1420} INFO - Marking task as SUCCESS. dag_id=ETL_DAG, task_id=Stage_nutrient-intake-estimates-clean, execution_date=20220814T164828, start_date=20220814T165310, end_date=20220814T165321
[2022-08-14 16:53:21,633] {local_task_job.py:156} INFO - Task exited with return code 0
[2022-08-14 16:53:21,659] {local_task_job.py:273} INFO - 0 downstream tasks scheduled from follow-on schedule check
