[2022-08-12 18:20:57,834] {taskinstance.py:1179} INFO - Dependencies all met for <TaskInstance: ETL_DAG.Ingest_from_loss-adjusted_food_availability manual__2022-08-12T18:20:52.559703+00:00 [queued]>
[2022-08-12 18:20:57,880] {taskinstance.py:1179} INFO - Dependencies all met for <TaskInstance: ETL_DAG.Ingest_from_loss-adjusted_food_availability manual__2022-08-12T18:20:52.559703+00:00 [queued]>
[2022-08-12 18:20:57,889] {taskinstance.py:1376} INFO - 
--------------------------------------------------------------------------------
[2022-08-12 18:20:57,908] {taskinstance.py:1377} INFO - Starting attempt 1 of 6
[2022-08-12 18:20:57,911] {taskinstance.py:1378} INFO - 
--------------------------------------------------------------------------------
[2022-08-12 18:20:57,956] {taskinstance.py:1397} INFO - Executing <Task(PythonOperator): Ingest_from_loss-adjusted_food_availability> on 2022-08-12 18:20:52.559703+00:00
[2022-08-12 18:20:57,965] {standard_task_runner.py:52} INFO - Started process 250 to run task
[2022-08-12 18:20:57,973] {standard_task_runner.py:79} INFO - Running: ['***', 'tasks', 'run', 'ETL_DAG', 'Ingest_from_loss-adjusted_food_availability', 'manual__2022-08-12T18:20:52.559703+00:00', '--job-id', '888', '--raw', '--subdir', 'DAGS_FOLDER/etl_dag.py', '--cfg-path', '/tmp/tmpn4l38tpn', '--error-file', '/tmp/tmpn9j4rfkj']
[2022-08-12 18:20:57,979] {standard_task_runner.py:80} INFO - Job 888: Subtask Ingest_from_loss-adjusted_food_availability
[2022-08-12 18:20:58,059] {task_command.py:371} INFO - Running <TaskInstance: ETL_DAG.Ingest_from_loss-adjusted_food_availability manual__2022-08-12T18:20:52.559703+00:00 [running]> on host 00aa0783f116
[2022-08-12 18:20:58,164] {taskinstance.py:1591} INFO - Exporting the following env vars:
AIRFLOW_CTX_DAG_OWNER=narapady
AIRFLOW_CTX_DAG_ID=ETL_DAG
AIRFLOW_CTX_TASK_ID=Ingest_from_loss-adjusted_food_availability
AIRFLOW_CTX_EXECUTION_DATE=2022-08-12T18:20:52.559703+00:00
AIRFLOW_CTX_TRY_NUMBER=1
AIRFLOW_CTX_DAG_RUN_ID=manual__2022-08-12T18:20:52.559703+00:00
[2022-08-12 18:21:12,580] {logging_mixin.py:115} INFO - Successfully uploaded loss-adjusted-food-availability/calories.xls to s3-bucket-raw-usda
[2022-08-12 18:21:47,278] {logging_mixin.py:115} INFO - Successfully uploaded loss-adjusted-food-availability/Dairy.xls to s3-bucket-raw-usda
[2022-08-12 18:21:57,103] {logging_mixin.py:115} INFO - Successfully uploaded loss-adjusted-food-availability/fat.xls to s3-bucket-raw-usda
[2022-08-12 18:22:07,946] {logging_mixin.py:115} INFO - Successfully uploaded loss-adjusted-food-availability/servings.xls to s3-bucket-raw-usda
[2022-08-12 18:23:05,265] {logging_mixin.py:115} INFO - Successfully uploaded loss-adjusted-food-availability/Fruit.xls to s3-bucket-raw-usda
[2022-08-12 18:23:16,143] {logging_mixin.py:115} INFO - Successfully uploaded loss-adjusted-food-availability/grain.xls to s3-bucket-raw-usda
[2022-08-12 18:23:43,059] {logging_mixin.py:115} INFO - Successfully uploaded loss-adjusted-food-availability/meat.xls to s3-bucket-raw-usda
[2022-08-12 18:23:51,576] {logging_mixin.py:115} INFO - Successfully uploaded loss-adjusted-food-availability/sugar.xls to s3-bucket-raw-usda
[2022-08-12 18:24:45,335] {logging_mixin.py:115} INFO - Successfully uploaded loss-adjusted-food-availability/veg.xls to s3-bucket-raw-usda
[2022-08-12 18:24:48,666] {logging_mixin.py:115} INFO - Successfully uploaded loss-adjusted-food-availability/nutrients.xls to s3-bucket-raw-usda
[2022-08-12 18:24:55,227] {logging_mixin.py:115} INFO - Successfully uploaded loss-adjusted-food-availability/ctcsp.xls to s3-bucket-raw-usda
[2022-08-12 18:24:55,242] {python.py:173} INFO - Done. Returned value was: None
[2022-08-12 18:24:55,369] {taskinstance.py:1420} INFO - Marking task as SUCCESS. dag_id=ETL_DAG, task_id=Ingest_from_loss-adjusted_food_availability, execution_date=20220812T182052, start_date=20220812T182057, end_date=20220812T182455
[2022-08-12 18:24:55,395] {local_task_job.py:156} INFO - Task exited with return code 0
[2022-08-12 18:24:55,425] {local_task_job.py:273} INFO - 1 downstream tasks scheduled from follow-on schedule check
