[2022-08-11 21:16:08,388] {taskinstance.py:1179} INFO - Dependencies all met for <TaskInstance: ETL_DAG_V8.Ingest_from_current_food_expenditure_series manual__2022-08-11T21:16:03.096610+00:00 [queued]>
[2022-08-11 21:16:08,407] {taskinstance.py:1179} INFO - Dependencies all met for <TaskInstance: ETL_DAG_V8.Ingest_from_current_food_expenditure_series manual__2022-08-11T21:16:03.096610+00:00 [queued]>
[2022-08-11 21:16:08,415] {taskinstance.py:1376} INFO - 
--------------------------------------------------------------------------------
[2022-08-11 21:16:08,417] {taskinstance.py:1377} INFO - Starting attempt 1 of 6
[2022-08-11 21:16:08,420] {taskinstance.py:1378} INFO - 
--------------------------------------------------------------------------------
[2022-08-11 21:16:08,450] {taskinstance.py:1397} INFO - Executing <Task(PythonOperator): Ingest_from_current_food_expenditure_series> on 2022-08-11 21:16:03.096610+00:00
[2022-08-11 21:16:08,458] {standard_task_runner.py:52} INFO - Started process 10116 to run task
[2022-08-11 21:16:08,468] {standard_task_runner.py:79} INFO - Running: ['***', 'tasks', 'run', 'ETL_DAG_V8', 'Ingest_from_current_food_expenditure_series', 'manual__2022-08-11T21:16:03.096610+00:00', '--job-id', '634', '--raw', '--subdir', 'DAGS_FOLDER/etl_dag.py', '--cfg-path', '/tmp/tmpxi1qutgf', '--error-file', '/tmp/tmp05b_y3yh']
[2022-08-11 21:16:08,471] {standard_task_runner.py:80} INFO - Job 634: Subtask Ingest_from_current_food_expenditure_series
[2022-08-11 21:16:08,599] {task_command.py:371} INFO - Running <TaskInstance: ETL_DAG_V8.Ingest_from_current_food_expenditure_series manual__2022-08-11T21:16:03.096610+00:00 [running]> on host ce1be8c59d56
[2022-08-11 21:16:08,712] {taskinstance.py:1591} INFO - Exporting the following env vars:
AIRFLOW_CTX_DAG_OWNER=narapady
AIRFLOW_CTX_DAG_ID=ETL_DAG_V8
AIRFLOW_CTX_TASK_ID=Ingest_from_current_food_expenditure_series
AIRFLOW_CTX_EXECUTION_DATE=2022-08-11T21:16:03.096610+00:00
AIRFLOW_CTX_TRY_NUMBER=1
AIRFLOW_CTX_DAG_RUN_ID=manual__2022-08-11T21:16:03.096610+00:00
[2022-08-11 21:16:16,171] {logging_mixin.py:115} INFO - Successfully uploaded current-food-expenditure-series/nominal_expenditures.xlsx to s3-bucket-raw-usda
[2022-08-11 21:16:17,458] {logging_mixin.py:115} INFO - Successfully uploaded current-food-expenditure-series/nominal_expenditures_no_taxes_tips.xlsx to s3-bucket-raw-usda
[2022-08-11 21:16:18,808] {logging_mixin.py:115} INFO - Successfully uploaded current-food-expenditure-series/constant_dollar_expenditures.xlsx to s3-bucket-raw-usda
[2022-08-11 21:16:20,093] {logging_mixin.py:115} INFO - Successfully uploaded current-food-expenditure-series/constant_dollar_expenditures_no_taxes_tips.xlsx to s3-bucket-raw-usda
[2022-08-11 21:16:21,353] {logging_mixin.py:115} INFO - Successfully uploaded current-food-expenditure-series/food_expenditures_source_funds.xlsx to s3-bucket-raw-usda
[2022-08-11 21:16:22,770] {logging_mixin.py:115} INFO - Successfully uploaded current-food-expenditure-series/normalized_food_expenditures.xlsx to s3-bucket-raw-usda
[2022-08-11 21:16:24,660] {logging_mixin.py:115} INFO - Successfully uploaded current-food-expenditure-series/monthly_sales.xlsx to s3-bucket-raw-usda
[2022-08-11 21:16:26,182] {logging_mixin.py:115} INFO - Successfully uploaded current-food-expenditure-series/archived_nominal_expenditures_1.xlsx to s3-bucket-raw-usda
[2022-08-11 21:16:27,373] {logging_mixin.py:115} INFO - Successfully uploaded current-food-expenditure-series/archived_expenditures_purchaser_2.xlsx to s3-bucket-raw-usda
[2022-08-11 21:16:28,842] {logging_mixin.py:115} INFO - Successfully uploaded current-food-expenditure-series/archived_normalized_expenditures_3.xlsx to s3-bucket-raw-usda
[2022-08-11 21:16:30,122] {logging_mixin.py:115} INFO - Successfully uploaded current-food-expenditure-series/archived_monthly_4.xlsx to s3-bucket-raw-usda
[2022-08-11 21:16:30,124] {python.py:173} INFO - Done. Returned value was: None
[2022-08-11 21:16:30,137] {taskinstance.py:1420} INFO - Marking task as SUCCESS. dag_id=ETL_DAG_V8, task_id=Ingest_from_current_food_expenditure_series, execution_date=20220811T211603, start_date=20220811T211608, end_date=20220811T211630
[2022-08-11 21:16:30,173] {local_task_job.py:156} INFO - Task exited with return code 0
[2022-08-11 21:16:30,208] {local_task_job.py:273} INFO - 0 downstream tasks scheduled from follow-on schedule check
