[2022-08-12 05:11:19,683] {taskinstance.py:1179} INFO - Dependencies all met for <TaskInstance: ETL_DAG_US_FOOD_NUTRITION.Create_s3_bucket_ingest manual__2022-08-12T05:11:17.280858+00:00 [queued]>
[2022-08-12 05:11:19,690] {taskinstance.py:1179} INFO - Dependencies all met for <TaskInstance: ETL_DAG_US_FOOD_NUTRITION.Create_s3_bucket_ingest manual__2022-08-12T05:11:17.280858+00:00 [queued]>
[2022-08-12 05:11:19,691] {taskinstance.py:1376} INFO - 
--------------------------------------------------------------------------------
[2022-08-12 05:11:19,692] {taskinstance.py:1377} INFO - Starting attempt 1 of 6
[2022-08-12 05:11:19,693] {taskinstance.py:1378} INFO - 
--------------------------------------------------------------------------------
[2022-08-12 05:11:19,702] {taskinstance.py:1397} INFO - Executing <Task(PythonOperator): Create_s3_bucket_ingest> on 2022-08-12 05:11:17.280858+00:00
[2022-08-12 05:11:19,708] {standard_task_runner.py:52} INFO - Started process 10552 to run task
[2022-08-12 05:11:19,712] {standard_task_runner.py:79} INFO - Running: ['***', 'tasks', 'run', 'ETL_DAG_US_FOOD_NUTRITION', 'Create_s3_bucket_ingest', 'manual__2022-08-12T05:11:17.280858+00:00', '--job-id', '796', '--raw', '--subdir', 'DAGS_FOLDER/etl_dag.py', '--cfg-path', '/tmp/tmpofyz73sa', '--error-file', '/tmp/tmpmuzjfazm']
[2022-08-12 05:11:19,715] {standard_task_runner.py:80} INFO - Job 796: Subtask Create_s3_bucket_ingest
[2022-08-12 05:11:19,765] {task_command.py:371} INFO - Running <TaskInstance: ETL_DAG_US_FOOD_NUTRITION.Create_s3_bucket_ingest manual__2022-08-12T05:11:17.280858+00:00 [running]> on host ae5c2449a624
[2022-08-12 05:11:19,813] {taskinstance.py:1591} INFO - Exporting the following env vars:
AIRFLOW_CTX_DAG_OWNER=narapady
AIRFLOW_CTX_DAG_ID=ETL_DAG_US_FOOD_NUTRITION
AIRFLOW_CTX_TASK_ID=Create_s3_bucket_ingest
AIRFLOW_CTX_EXECUTION_DATE=2022-08-12T05:11:17.280858+00:00
AIRFLOW_CTX_TRY_NUMBER=1
AIRFLOW_CTX_DAG_RUN_ID=manual__2022-08-12T05:11:17.280858+00:00
[2022-08-12 05:11:21,015] {python.py:173} INFO - Done. Returned value was: {'ResponseMetadata': {'RequestId': 'GAJ78Z7460AXX7EK', 'HostId': 'ncuQYePjY6aLjgW8XxLkWz4OMUbWPemKm2dLICaDfyA8jwDcjXWHmUgKOLszRbt+tgM7uqG5EL0=', 'HTTPStatusCode': 200, 'HTTPHeaders': {'x-amz-id-2': 'ncuQYePjY6aLjgW8XxLkWz4OMUbWPemKm2dLICaDfyA8jwDcjXWHmUgKOLszRbt+tgM7uqG5EL0=', 'x-amz-request-id': 'GAJ78Z7460AXX7EK', 'date': 'Fri, 12 Aug 2022 05:11:21 GMT', 'location': '/s3-bucket-raw-usda', 'server': 'AmazonS3', 'content-length': '0'}, 'RetryAttempts': 0}, 'Location': '/s3-bucket-raw-usda'}
[2022-08-12 05:11:21,043] {taskinstance.py:1420} INFO - Marking task as SUCCESS. dag_id=ETL_DAG_US_FOOD_NUTRITION, task_id=Create_s3_bucket_ingest, execution_date=20220812T051117, start_date=20220812T051119, end_date=20220812T051121
[2022-08-12 05:11:21,081] {local_task_job.py:156} INFO - Task exited with return code 0
[2022-08-12 05:11:21,127] {local_task_job.py:273} INFO - 9 downstream tasks scheduled from follow-on schedule check
