[2022-08-11 20:49:47,636] {taskinstance.py:1179} INFO - Dependencies all met for <TaskInstance: ETL_DAG_V7.Transform_current-food-expenditure-series manual__2022-08-11T02:24:39.409501+00:00 [queued]>
[2022-08-11 20:49:47,653] {taskinstance.py:1179} INFO - Dependencies all met for <TaskInstance: ETL_DAG_V7.Transform_current-food-expenditure-series manual__2022-08-11T02:24:39.409501+00:00 [queued]>
[2022-08-11 20:49:47,654] {taskinstance.py:1376} INFO - 
--------------------------------------------------------------------------------
[2022-08-11 20:49:47,656] {taskinstance.py:1377} INFO - Starting attempt 1 of 6
[2022-08-11 20:49:47,660] {taskinstance.py:1378} INFO - 
--------------------------------------------------------------------------------
[2022-08-11 20:49:47,686] {taskinstance.py:1397} INFO - Executing <Task(PythonOperator): Transform_current-food-expenditure-series> on 2022-08-11 02:24:39.409501+00:00
[2022-08-11 20:49:47,699] {standard_task_runner.py:52} INFO - Started process 8199 to run task
[2022-08-11 20:49:47,709] {standard_task_runner.py:79} INFO - Running: ['***', 'tasks', 'run', 'ETL_DAG_V7', 'Transform_current-food-expenditure-series', 'manual__2022-08-11T02:24:39.409501+00:00', '--job-id', '601', '--raw', '--subdir', 'DAGS_FOLDER/etl_dag.py', '--cfg-path', '/tmp/tmp9sx3a07a', '--error-file', '/tmp/tmphctca14d']
[2022-08-11 20:49:47,713] {standard_task_runner.py:80} INFO - Job 601: Subtask Transform_current-food-expenditure-series
[2022-08-11 20:49:47,850] {task_command.py:371} INFO - Running <TaskInstance: ETL_DAG_V7.Transform_current-food-expenditure-series manual__2022-08-11T02:24:39.409501+00:00 [running]> on host ce1be8c59d56
[2022-08-11 20:49:47,961] {taskinstance.py:1591} INFO - Exporting the following env vars:
AIRFLOW_CTX_DAG_OWNER=narapady
AIRFLOW_CTX_DAG_ID=ETL_DAG_V7
AIRFLOW_CTX_TASK_ID=Transform_current-food-expenditure-series
AIRFLOW_CTX_EXECUTION_DATE=2022-08-11T02:24:39.409501+00:00
AIRFLOW_CTX_TRY_NUMBER=1
AIRFLOW_CTX_DAG_RUN_ID=manual__2022-08-11T02:24:39.409501+00:00
[2022-08-11 20:50:05,374] {logging_mixin.py:115} INFO - Successfully process food-expenditure-clean/constant-total-fah.csv to S3
[2022-08-11 20:50:05,807] {logging_mixin.py:115} INFO - Successfully process food-expenditure-clean/constant-total-fafh.csv to S3
[2022-08-11 20:50:06,135] {logging_mixin.py:115} INFO - Successfully process food-expenditure-clean/constant-total-aah.csv to S3
[2022-08-11 20:50:06,570] {logging_mixin.py:115} INFO - Successfully process food-expenditure-clean/constant-total-aafh.csv to S3
[2022-08-11 20:50:22,800] {logging_mixin.py:115} INFO - Successfully process food-expenditure-clean/nominal-total-fah.csv to S3
[2022-08-11 20:50:23,247] {logging_mixin.py:115} INFO - Successfully process food-expenditure-clean/nominal-total-fafh.csv to S3
[2022-08-11 20:50:23,555] {logging_mixin.py:115} INFO - Successfully process food-expenditure-clean/nominal-total-aah.csv to S3
[2022-08-11 20:50:23,854] {logging_mixin.py:115} INFO - Successfully process food-expenditure-clean/nominal-total-aafh.csv to S3
[2022-08-11 20:50:47,985] {logging_mixin.py:115} INFO - Successfully process food-expenditure-clean/nominal-monthly-sale.csv to S3
[2022-08-11 20:50:48,397] {logging_mixin.py:115} INFO - Successfully process food-expenditure-clean/constant-monthly-sale.csv to S3
[2022-08-11 20:50:48,399] {python.py:173} INFO - Done. Returned value was: None
[2022-08-11 20:50:48,408] {taskinstance.py:1420} INFO - Marking task as SUCCESS. dag_id=ETL_DAG_V7, task_id=Transform_current-food-expenditure-series, execution_date=20220811T022439, start_date=20220811T204947, end_date=20220811T205048
[2022-08-11 20:50:48,450] {local_task_job.py:156} INFO - Task exited with return code 0
[2022-08-11 20:50:48,480] {local_task_job.py:273} INFO - 1 downstream tasks scheduled from follow-on schedule check
