[2022-08-12 01:26:45,240] {taskinstance.py:1179} INFO - Dependencies all met for <TaskInstance: ETL_DAG_US_FOOD_NUTRITION.Stage_price-index-clean manual__2022-08-12T01:21:26.402383+00:00 [queued]>
[2022-08-12 01:26:45,261] {taskinstance.py:1179} INFO - Dependencies all met for <TaskInstance: ETL_DAG_US_FOOD_NUTRITION.Stage_price-index-clean manual__2022-08-12T01:21:26.402383+00:00 [queued]>
[2022-08-12 01:26:45,263] {taskinstance.py:1376} INFO - 
--------------------------------------------------------------------------------
[2022-08-12 01:26:45,264] {taskinstance.py:1377} INFO - Starting attempt 1 of 6
[2022-08-12 01:26:45,265] {taskinstance.py:1378} INFO - 
--------------------------------------------------------------------------------
[2022-08-12 01:26:45,288] {taskinstance.py:1397} INFO - Executing <Task(PythonOperator): Stage_price-index-clean> on 2022-08-12 01:21:26.402383+00:00
[2022-08-12 01:26:45,296] {standard_task_runner.py:52} INFO - Started process 653 to run task
[2022-08-12 01:26:45,306] {standard_task_runner.py:79} INFO - Running: ['***', 'tasks', 'run', 'ETL_DAG_US_FOOD_NUTRITION', 'Stage_price-index-clean', 'manual__2022-08-12T01:21:26.402383+00:00', '--job-id', '768', '--raw', '--subdir', 'DAGS_FOLDER/etl_dag.py', '--cfg-path', '/tmp/tmpigkwht34', '--error-file', '/tmp/tmpbhyis6a4']
[2022-08-12 01:26:45,312] {standard_task_runner.py:80} INFO - Job 768: Subtask Stage_price-index-clean
[2022-08-12 01:26:45,412] {task_command.py:371} INFO - Running <TaskInstance: ETL_DAG_US_FOOD_NUTRITION.Stage_price-index-clean manual__2022-08-12T01:21:26.402383+00:00 [running]> on host ae5c2449a624
[2022-08-12 01:26:45,501] {taskinstance.py:1591} INFO - Exporting the following env vars:
AIRFLOW_CTX_DAG_OWNER=narapady
AIRFLOW_CTX_DAG_ID=ETL_DAG_US_FOOD_NUTRITION
AIRFLOW_CTX_TASK_ID=Stage_price-index-clean
AIRFLOW_CTX_EXECUTION_DATE=2022-08-12T01:21:26.402383+00:00
AIRFLOW_CTX_TRY_NUMBER=1
AIRFLOW_CTX_DAG_RUN_ID=manual__2022-08-12T01:21:26.402383+00:00
[2022-08-12 01:26:48,700] {logging_mixin.py:115} INFO - Successfully loaded price-index-staged.csv to s3-bucket-staged
[2022-08-12 01:26:48,702] {python.py:173} INFO - Done. Returned value was: None
[2022-08-12 01:26:48,713] {taskinstance.py:1420} INFO - Marking task as SUCCESS. dag_id=ETL_DAG_US_FOOD_NUTRITION, task_id=Stage_price-index-clean, execution_date=20220812T012126, start_date=20220812T012645, end_date=20220812T012648
[2022-08-12 01:26:48,730] {local_task_job.py:156} INFO - Task exited with return code 0
[2022-08-12 01:26:48,764] {local_task_job.py:273} INFO - 0 downstream tasks scheduled from follow-on schedule check
