[2022-08-11 20:45:46,218] {taskinstance.py:1179} INFO - Dependencies all met for <TaskInstance: ETL_DAG_V7.Ingest_from_loss-adjusted_food_availability manual__2022-08-11T20:45:41.327998+00:00 [queued]>
[2022-08-11 20:45:46,234] {taskinstance.py:1179} INFO - Dependencies all met for <TaskInstance: ETL_DAG_V7.Ingest_from_loss-adjusted_food_availability manual__2022-08-11T20:45:41.327998+00:00 [queued]>
[2022-08-11 20:45:46,235] {taskinstance.py:1376} INFO - 
--------------------------------------------------------------------------------
[2022-08-11 20:45:46,236] {taskinstance.py:1377} INFO - Starting attempt 1 of 6
[2022-08-11 20:45:46,239] {taskinstance.py:1378} INFO - 
--------------------------------------------------------------------------------
[2022-08-11 20:45:46,259] {taskinstance.py:1397} INFO - Executing <Task(PythonOperator): Ingest_from_loss-adjusted_food_availability> on 2022-08-11 20:45:41.327998+00:00
[2022-08-11 20:45:46,266] {standard_task_runner.py:52} INFO - Started process 7854 to run task
[2022-08-11 20:45:46,274] {standard_task_runner.py:79} INFO - Running: ['***', 'tasks', 'run', 'ETL_DAG_V7', 'Ingest_from_loss-adjusted_food_availability', 'manual__2022-08-11T20:45:41.327998+00:00', '--job-id', '579', '--raw', '--subdir', 'DAGS_FOLDER/etl_dag.py', '--cfg-path', '/tmp/tmptubu_4uh', '--error-file', '/tmp/tmpy9prc9z6']
[2022-08-11 20:45:46,283] {standard_task_runner.py:80} INFO - Job 579: Subtask Ingest_from_loss-adjusted_food_availability
[2022-08-11 20:45:46,399] {task_command.py:371} INFO - Running <TaskInstance: ETL_DAG_V7.Ingest_from_loss-adjusted_food_availability manual__2022-08-11T20:45:41.327998+00:00 [running]> on host ce1be8c59d56
[2022-08-11 20:45:46,536] {taskinstance.py:1591} INFO - Exporting the following env vars:
AIRFLOW_CTX_DAG_OWNER=narapady
AIRFLOW_CTX_DAG_ID=ETL_DAG_V7
AIRFLOW_CTX_TASK_ID=Ingest_from_loss-adjusted_food_availability
AIRFLOW_CTX_EXECUTION_DATE=2022-08-11T20:45:41.327998+00:00
AIRFLOW_CTX_TRY_NUMBER=1
AIRFLOW_CTX_DAG_RUN_ID=manual__2022-08-11T20:45:41.327998+00:00
[2022-08-11 20:46:01,868] {logging_mixin.py:115} INFO - Successfully uploaded loss-adjusted-food-availability/calories.xls to s3-bucket-raw-usda
[2022-08-11 20:46:37,537] {logging_mixin.py:115} INFO - Successfully uploaded loss-adjusted-food-availability/Dairy.xls to s3-bucket-raw-usda
[2022-08-11 20:46:46,672] {logging_mixin.py:115} INFO - Successfully uploaded loss-adjusted-food-availability/fat.xls to s3-bucket-raw-usda
[2022-08-11 20:46:55,554] {logging_mixin.py:115} INFO - Successfully uploaded loss-adjusted-food-availability/servings.xls to s3-bucket-raw-usda
[2022-08-11 20:47:44,809] {logging_mixin.py:115} INFO - Successfully uploaded loss-adjusted-food-availability/Fruit.xls to s3-bucket-raw-usda
[2022-08-11 20:47:55,668] {logging_mixin.py:115} INFO - Successfully uploaded loss-adjusted-food-availability/grain.xls to s3-bucket-raw-usda
[2022-08-11 20:48:21,915] {logging_mixin.py:115} INFO - Successfully uploaded loss-adjusted-food-availability/meat.xls to s3-bucket-raw-usda
[2022-08-11 20:48:31,191] {logging_mixin.py:115} INFO - Successfully uploaded loss-adjusted-food-availability/sugar.xls to s3-bucket-raw-usda
[2022-08-11 20:49:26,915] {logging_mixin.py:115} INFO - Successfully uploaded loss-adjusted-food-availability/veg.xls to s3-bucket-raw-usda
[2022-08-11 20:49:31,027] {logging_mixin.py:115} INFO - Successfully uploaded loss-adjusted-food-availability/nutrients.xls to s3-bucket-raw-usda
[2022-08-11 20:49:37,657] {logging_mixin.py:115} INFO - Successfully uploaded loss-adjusted-food-availability/ctcsp.xls to s3-bucket-raw-usda
[2022-08-11 20:49:37,669] {python.py:173} INFO - Done. Returned value was: None
[2022-08-11 20:49:37,703] {taskinstance.py:1420} INFO - Marking task as SUCCESS. dag_id=ETL_DAG_V7, task_id=Ingest_from_loss-adjusted_food_availability, execution_date=20220811T204541, start_date=20220811T204546, end_date=20220811T204937
[2022-08-11 20:49:37,779] {local_task_job.py:156} INFO - Task exited with return code 0
[2022-08-11 20:49:37,816] {local_task_job.py:273} INFO - 1 downstream tasks scheduled from follow-on schedule check
