[2022-08-11 20:49:41,943] {taskinstance.py:1179} INFO - Dependencies all met for <TaskInstance: ETL_DAG_V7.Transform_consumer-price-index manual__2022-08-11T20:45:41.327998+00:00 [queued]>
[2022-08-11 20:49:41,963] {taskinstance.py:1179} INFO - Dependencies all met for <TaskInstance: ETL_DAG_V7.Transform_consumer-price-index manual__2022-08-11T20:45:41.327998+00:00 [queued]>
[2022-08-11 20:49:41,964] {taskinstance.py:1376} INFO - 
--------------------------------------------------------------------------------
[2022-08-11 20:49:41,965] {taskinstance.py:1377} INFO - Starting attempt 1 of 6
[2022-08-11 20:49:41,966] {taskinstance.py:1378} INFO - 
--------------------------------------------------------------------------------
[2022-08-11 20:49:41,986] {taskinstance.py:1397} INFO - Executing <Task(PythonOperator): Transform_consumer-price-index> on 2022-08-11 20:45:41.327998+00:00
[2022-08-11 20:49:41,992] {standard_task_runner.py:52} INFO - Started process 8155 to run task
[2022-08-11 20:49:41,996] {standard_task_runner.py:79} INFO - Running: ['***', 'tasks', 'run', 'ETL_DAG_V7', 'Transform_consumer-price-index', 'manual__2022-08-11T20:45:41.327998+00:00', '--job-id', '591', '--raw', '--subdir', 'DAGS_FOLDER/etl_dag.py', '--cfg-path', '/tmp/tmp9uvwrisg', '--error-file', '/tmp/tmpofehd_yv']
[2022-08-11 20:49:41,999] {standard_task_runner.py:80} INFO - Job 591: Subtask Transform_consumer-price-index
[2022-08-11 20:49:42,098] {task_command.py:371} INFO - Running <TaskInstance: ETL_DAG_V7.Transform_consumer-price-index manual__2022-08-11T20:45:41.327998+00:00 [running]> on host ce1be8c59d56
[2022-08-11 20:49:42,169] {taskinstance.py:1591} INFO - Exporting the following env vars:
AIRFLOW_CTX_DAG_OWNER=narapady
AIRFLOW_CTX_DAG_ID=ETL_DAG_V7
AIRFLOW_CTX_TASK_ID=Transform_consumer-price-index
AIRFLOW_CTX_EXECUTION_DATE=2022-08-11T20:45:41.327998+00:00
AIRFLOW_CTX_TRY_NUMBER=1
AIRFLOW_CTX_DAG_RUN_ID=manual__2022-08-11T20:45:41.327998+00:00
[2022-08-11 20:50:13,646] {logging_mixin.py:115} INFO - Successfully process price-index-clean/consumer-price-index.csv to S3
[2022-08-11 20:50:13,664] {python.py:173} INFO - Done. Returned value was: None
[2022-08-11 20:50:13,697] {taskinstance.py:1420} INFO - Marking task as SUCCESS. dag_id=ETL_DAG_V7, task_id=Transform_consumer-price-index, execution_date=20220811T204541, start_date=20220811T204941, end_date=20220811T205013
[2022-08-11 20:50:13,764] {local_task_job.py:156} INFO - Task exited with return code 0
[2022-08-11 20:50:13,794] {local_task_job.py:273} INFO - 0 downstream tasks scheduled from follow-on schedule check
