[2022-08-11 20:45:43,378] {taskinstance.py:1179} INFO - Dependencies all met for <TaskInstance: ETL_DAG_V7.Create_s3_bucket_ingest manual__2022-08-11T20:45:41.327998+00:00 [queued]>
[2022-08-11 20:45:43,385] {taskinstance.py:1179} INFO - Dependencies all met for <TaskInstance: ETL_DAG_V7.Create_s3_bucket_ingest manual__2022-08-11T20:45:41.327998+00:00 [queued]>
[2022-08-11 20:45:43,386] {taskinstance.py:1376} INFO - 
--------------------------------------------------------------------------------
[2022-08-11 20:45:43,387] {taskinstance.py:1377} INFO - Starting attempt 1 of 6
[2022-08-11 20:45:43,388] {taskinstance.py:1378} INFO - 
--------------------------------------------------------------------------------
[2022-08-11 20:45:43,397] {taskinstance.py:1397} INFO - Executing <Task(PythonOperator): Create_s3_bucket_ingest> on 2022-08-11 20:45:41.327998+00:00
[2022-08-11 20:45:43,403] {standard_task_runner.py:52} INFO - Started process 7828 to run task
[2022-08-11 20:45:43,408] {standard_task_runner.py:79} INFO - Running: ['***', 'tasks', 'run', 'ETL_DAG_V7', 'Create_s3_bucket_ingest', 'manual__2022-08-11T20:45:41.327998+00:00', '--job-id', '574', '--raw', '--subdir', 'DAGS_FOLDER/etl_dag.py', '--cfg-path', '/tmp/tmpzxlpgt_r', '--error-file', '/tmp/tmp5s683tzg']
[2022-08-11 20:45:43,415] {standard_task_runner.py:80} INFO - Job 574: Subtask Create_s3_bucket_ingest
[2022-08-11 20:45:43,468] {task_command.py:371} INFO - Running <TaskInstance: ETL_DAG_V7.Create_s3_bucket_ingest manual__2022-08-11T20:45:41.327998+00:00 [running]> on host ce1be8c59d56
[2022-08-11 20:45:43,525] {taskinstance.py:1591} INFO - Exporting the following env vars:
AIRFLOW_CTX_DAG_OWNER=narapady
AIRFLOW_CTX_DAG_ID=ETL_DAG_V7
AIRFLOW_CTX_TASK_ID=Create_s3_bucket_ingest
AIRFLOW_CTX_EXECUTION_DATE=2022-08-11T20:45:41.327998+00:00
AIRFLOW_CTX_TRY_NUMBER=1
AIRFLOW_CTX_DAG_RUN_ID=manual__2022-08-11T20:45:41.327998+00:00
[2022-08-11 20:45:44,209] {python.py:173} INFO - Done. Returned value was: {'ResponseMetadata': {'RequestId': 'PR6QX8YTW2YD83XE', 'HostId': 'SFZA/Z/t39Xp40YjJsmqIWUnTTXHIzINBZHRa1kBFelHETxnpz/R/sklKkPRCsxBCq2q7qt1jNU=', 'HTTPStatusCode': 200, 'HTTPHeaders': {'x-amz-id-2': 'SFZA/Z/t39Xp40YjJsmqIWUnTTXHIzINBZHRa1kBFelHETxnpz/R/sklKkPRCsxBCq2q7qt1jNU=', 'x-amz-request-id': 'PR6QX8YTW2YD83XE', 'date': 'Thu, 11 Aug 2022 20:45:45 GMT', 'location': '/s3-bucket-raw-usda', 'server': 'AmazonS3', 'content-length': '0'}, 'RetryAttempts': 0}, 'Location': '/s3-bucket-raw-usda'}
[2022-08-11 20:45:44,229] {taskinstance.py:1420} INFO - Marking task as SUCCESS. dag_id=ETL_DAG_V7, task_id=Create_s3_bucket_ingest, execution_date=20220811T204541, start_date=20220811T204543, end_date=20220811T204544
[2022-08-11 20:45:44,275] {local_task_job.py:156} INFO - Task exited with return code 0
[2022-08-11 20:45:44,313] {local_task_job.py:273} INFO - 9 downstream tasks scheduled from follow-on schedule check
