[2022-08-14 16:51:41,256] {taskinstance.py:1179} INFO - Dependencies all met for <TaskInstance: ETL_DAG.Stage_obesity scheduled__2022-08-07T00:00:00+00:00 [queued]>
[2022-08-14 16:51:41,272] {taskinstance.py:1179} INFO - Dependencies all met for <TaskInstance: ETL_DAG.Stage_obesity scheduled__2022-08-07T00:00:00+00:00 [queued]>
[2022-08-14 16:51:41,274] {taskinstance.py:1376} INFO - 
--------------------------------------------------------------------------------
[2022-08-14 16:51:41,275] {taskinstance.py:1377} INFO - Starting attempt 1 of 6
[2022-08-14 16:51:41,276] {taskinstance.py:1378} INFO - 
--------------------------------------------------------------------------------
[2022-08-14 16:51:41,294] {taskinstance.py:1397} INFO - Executing <Task(PythonOperator): Stage_obesity> on 2022-08-07 00:00:00+00:00
[2022-08-14 16:51:41,302] {standard_task_runner.py:52} INFO - Started process 749 to run task
[2022-08-14 16:51:41,319] {standard_task_runner.py:79} INFO - Running: ['***', 'tasks', 'run', 'ETL_DAG', 'Stage_obesity', 'scheduled__2022-08-07T00:00:00+00:00', '--job-id', '956', '--raw', '--subdir', 'DAGS_FOLDER/etl_dag.py', '--cfg-path', '/tmp/tmp4kzgvfff', '--error-file', '/tmp/tmptaoohy3w']
[2022-08-14 16:51:41,330] {standard_task_runner.py:80} INFO - Job 956: Subtask Stage_obesity
[2022-08-14 16:51:41,411] {task_command.py:371} INFO - Running <TaskInstance: ETL_DAG.Stage_obesity scheduled__2022-08-07T00:00:00+00:00 [running]> on host 0dbf9d5e5cdb
[2022-08-14 16:51:41,502] {taskinstance.py:1591} INFO - Exporting the following env vars:
AIRFLOW_CTX_DAG_OWNER=narapady
AIRFLOW_CTX_DAG_ID=ETL_DAG
AIRFLOW_CTX_TASK_ID=Stage_obesity
AIRFLOW_CTX_EXECUTION_DATE=2022-08-07T00:00:00+00:00
AIRFLOW_CTX_TRY_NUMBER=1
AIRFLOW_CTX_DAG_RUN_ID=scheduled__2022-08-07T00:00:00+00:00
[2022-08-14 16:51:44,227] {logging_mixin.py:115} INFO - Successfully loaded Obesity_GDP_PanelData-staged.csv to s3-bucket-staged
[2022-08-14 16:52:06,379] {logging_mixin.py:115} INFO - Successfully loaded obesity-staged.csv to s3-bucket-staged
[2022-08-14 16:52:06,394] {python.py:173} INFO - Done. Returned value was: None
[2022-08-14 16:52:06,421] {taskinstance.py:1420} INFO - Marking task as SUCCESS. dag_id=ETL_DAG, task_id=Stage_obesity, execution_date=20220807T000000, start_date=20220814T165141, end_date=20220814T165206
[2022-08-14 16:52:06,474] {local_task_job.py:156} INFO - Task exited with return code 0
[2022-08-14 16:52:06,499] {local_task_job.py:273} INFO - 0 downstream tasks scheduled from follow-on schedule check
