[2022-08-11 21:38:01,637] {taskinstance.py:1179} INFO - Dependencies all met for <TaskInstance: ETL_DAG_V8.Transform_consumer-price-index manual__2022-08-11T21:34:01.587578+00:00 [queued]>
[2022-08-11 21:38:01,652] {taskinstance.py:1179} INFO - Dependencies all met for <TaskInstance: ETL_DAG_V8.Transform_consumer-price-index manual__2022-08-11T21:34:01.587578+00:00 [queued]>
[2022-08-11 21:38:01,653] {taskinstance.py:1376} INFO - 
--------------------------------------------------------------------------------
[2022-08-11 21:38:01,654] {taskinstance.py:1377} INFO - Starting attempt 1 of 6
[2022-08-11 21:38:01,655] {taskinstance.py:1378} INFO - 
--------------------------------------------------------------------------------
[2022-08-11 21:38:01,666] {taskinstance.py:1397} INFO - Executing <Task(PythonOperator): Transform_consumer-price-index> on 2022-08-11 21:34:01.587578+00:00
[2022-08-11 21:38:01,675] {standard_task_runner.py:52} INFO - Started process 521 to run task
[2022-08-11 21:38:01,679] {standard_task_runner.py:79} INFO - Running: ['***', 'tasks', 'run', 'ETL_DAG_V8', 'Transform_consumer-price-index', 'manual__2022-08-11T21:34:01.587578+00:00', '--job-id', '685', '--raw', '--subdir', 'DAGS_FOLDER/etl_dag.py', '--cfg-path', '/tmp/tmpzjnq5vj9', '--error-file', '/tmp/tmp1wxg_bpn']
[2022-08-11 21:38:01,682] {standard_task_runner.py:80} INFO - Job 685: Subtask Transform_consumer-price-index
[2022-08-11 21:38:01,802] {task_command.py:371} INFO - Running <TaskInstance: ETL_DAG_V8.Transform_consumer-price-index manual__2022-08-11T21:34:01.587578+00:00 [running]> on host a02c2b8cab8b
[2022-08-11 21:38:02,001] {taskinstance.py:1591} INFO - Exporting the following env vars:
AIRFLOW_CTX_DAG_OWNER=narapady
AIRFLOW_CTX_DAG_ID=ETL_DAG_V8
AIRFLOW_CTX_TASK_ID=Transform_consumer-price-index
AIRFLOW_CTX_EXECUTION_DATE=2022-08-11T21:34:01.587578+00:00
AIRFLOW_CTX_TRY_NUMBER=1
AIRFLOW_CTX_DAG_RUN_ID=manual__2022-08-11T21:34:01.587578+00:00
[2022-08-11 21:38:32,913] {logging_mixin.py:115} INFO - Successfully process price-index-clean/consumer-price-index.csv to S3
[2022-08-11 21:38:32,923] {python.py:173} INFO - Done. Returned value was: None
[2022-08-11 21:38:32,948] {taskinstance.py:1420} INFO - Marking task as SUCCESS. dag_id=ETL_DAG_V8, task_id=Transform_consumer-price-index, execution_date=20220811T213401, start_date=20220811T213801, end_date=20220811T213832
[2022-08-11 21:38:32,977] {local_task_job.py:156} INFO - Task exited with return code 0
[2022-08-11 21:38:33,003] {local_task_job.py:273} INFO - 0 downstream tasks scheduled from follow-on schedule check
