[2022-08-11 19:47:18,253] {taskinstance.py:1179} INFO - Dependencies all met for <TaskInstance: ETL_DAG_V6.Create_s3_buckek_raw manual__2022-08-11T19:47:15.827552+00:00 [queued]>
[2022-08-11 19:47:18,260] {taskinstance.py:1179} INFO - Dependencies all met for <TaskInstance: ETL_DAG_V6.Create_s3_buckek_raw manual__2022-08-11T19:47:15.827552+00:00 [queued]>
[2022-08-11 19:47:18,261] {taskinstance.py:1376} INFO - 
--------------------------------------------------------------------------------
[2022-08-11 19:47:18,262] {taskinstance.py:1377} INFO - Starting attempt 1 of 6
[2022-08-11 19:47:18,263] {taskinstance.py:1378} INFO - 
--------------------------------------------------------------------------------
[2022-08-11 19:47:18,271] {taskinstance.py:1397} INFO - Executing <Task(PythonOperator): Create_s3_buckek_raw> on 2022-08-11 19:47:15.827552+00:00
[2022-08-11 19:47:18,277] {standard_task_runner.py:52} INFO - Started process 3814 to run task
[2022-08-11 19:47:18,280] {standard_task_runner.py:79} INFO - Running: ['***', 'tasks', 'run', 'ETL_DAG_V6', 'Create_s3_buckek_raw', 'manual__2022-08-11T19:47:15.827552+00:00', '--job-id', '539', '--raw', '--subdir', 'DAGS_FOLDER/etl_dag.py', '--cfg-path', '/tmp/tmp_ttajjt0', '--error-file', '/tmp/tmpawe8vekh']
[2022-08-11 19:47:18,285] {standard_task_runner.py:80} INFO - Job 539: Subtask Create_s3_buckek_raw
[2022-08-11 19:47:18,331] {task_command.py:371} INFO - Running <TaskInstance: ETL_DAG_V6.Create_s3_buckek_raw manual__2022-08-11T19:47:15.827552+00:00 [running]> on host ce1be8c59d56
[2022-08-11 19:47:18,378] {taskinstance.py:1591} INFO - Exporting the following env vars:
AIRFLOW_CTX_DAG_OWNER=narapady
AIRFLOW_CTX_DAG_ID=ETL_DAG_V6
AIRFLOW_CTX_TASK_ID=Create_s3_buckek_raw
AIRFLOW_CTX_EXECUTION_DATE=2022-08-11T19:47:15.827552+00:00
AIRFLOW_CTX_TRY_NUMBER=1
AIRFLOW_CTX_DAG_RUN_ID=manual__2022-08-11T19:47:15.827552+00:00
[2022-08-11 19:47:19,158] {python.py:173} INFO - Done. Returned value was: {'ResponseMetadata': {'RequestId': 'P4CJJ6H38RRB2JV5', 'HostId': 'FQotQm0UzpMYImWosDmszvhB5xmTXrV4aue+JvFMYYXDwBjO2ydLXIfin9bD7gyVUVAcyvtmy+Y=', 'HTTPStatusCode': 200, 'HTTPHeaders': {'x-amz-id-2': 'FQotQm0UzpMYImWosDmszvhB5xmTXrV4aue+JvFMYYXDwBjO2ydLXIfin9bD7gyVUVAcyvtmy+Y=', 'x-amz-request-id': 'P4CJJ6H38RRB2JV5', 'date': 'Thu, 11 Aug 2022 19:47:20 GMT', 'location': '/s3-bucket-raw-usda', 'server': 'AmazonS3', 'content-length': '0'}, 'RetryAttempts': 0}, 'Location': '/s3-bucket-raw-usda'}
[2022-08-11 19:47:19,191] {taskinstance.py:1420} INFO - Marking task as SUCCESS. dag_id=ETL_DAG_V6, task_id=Create_s3_buckek_raw, execution_date=20220811T194715, start_date=20220811T194718, end_date=20220811T194719
[2022-08-11 19:47:19,230] {local_task_job.py:156} INFO - Task exited with return code 0
[2022-08-11 19:47:19,262] {local_task_job.py:273} INFO - 9 downstream tasks scheduled from follow-on schedule check
