[2022-08-11 20:45:39,812] {taskinstance.py:1179} INFO - Dependencies all met for <TaskInstance: ETL_DAG_V7.Ingest_from_2015 manual__2022-08-11T02:24:39.409501+00:00 [queued]>
[2022-08-11 20:45:39,828] {taskinstance.py:1179} INFO - Dependencies all met for <TaskInstance: ETL_DAG_V7.Ingest_from_2015 manual__2022-08-11T02:24:39.409501+00:00 [queued]>
[2022-08-11 20:45:39,829] {taskinstance.py:1376} INFO - 
--------------------------------------------------------------------------------
[2022-08-11 20:45:39,830] {taskinstance.py:1377} INFO - Starting attempt 1 of 6
[2022-08-11 20:45:39,834] {taskinstance.py:1378} INFO - 
--------------------------------------------------------------------------------
[2022-08-11 20:45:39,855] {taskinstance.py:1397} INFO - Executing <Task(PythonOperator): Ingest_from_2015> on 2022-08-11 02:24:39.409501+00:00
[2022-08-11 20:45:39,862] {standard_task_runner.py:52} INFO - Started process 7818 to run task
[2022-08-11 20:45:39,875] {standard_task_runner.py:79} INFO - Running: ['***', 'tasks', 'run', 'ETL_DAG_V7', 'Ingest_from_2015', 'manual__2022-08-11T02:24:39.409501+00:00', '--job-id', '567', '--raw', '--subdir', 'DAGS_FOLDER/etl_dag.py', '--cfg-path', '/tmp/tmp3we23fuo', '--error-file', '/tmp/tmpjq0jst19']
[2022-08-11 20:45:39,878] {standard_task_runner.py:80} INFO - Job 567: Subtask Ingest_from_2015
[2022-08-11 20:45:39,993] {task_command.py:371} INFO - Running <TaskInstance: ETL_DAG_V7.Ingest_from_2015 manual__2022-08-11T02:24:39.409501+00:00 [running]> on host ce1be8c59d56
[2022-08-11 20:45:40,117] {taskinstance.py:1591} INFO - Exporting the following env vars:
AIRFLOW_CTX_DAG_OWNER=narapady
AIRFLOW_CTX_DAG_ID=ETL_DAG_V7
AIRFLOW_CTX_TASK_ID=Ingest_from_2015
AIRFLOW_CTX_EXECUTION_DATE=2022-08-11T02:24:39.409501+00:00
AIRFLOW_CTX_TRY_NUMBER=1
AIRFLOW_CTX_DAG_RUN_ID=manual__2022-08-11T02:24:39.409501+00:00
[2022-08-11 20:45:48,018] {logging_mixin.py:115} INFO - Successfully uploaded 2015/Table1_2015.xlsx to s3-bucket-raw-usda
[2022-08-11 20:45:49,390] {logging_mixin.py:115} INFO - Successfully uploaded 2015/Table2_2015.xlsx to s3-bucket-raw-usda
[2022-08-11 20:45:50,649] {logging_mixin.py:115} INFO - Successfully uploaded 2015/Table3_2015.xlsx to s3-bucket-raw-usda
[2022-08-11 20:45:51,837] {logging_mixin.py:115} INFO - Successfully uploaded 2015/Table4_2015.xlsx to s3-bucket-raw-usda
[2022-08-11 20:45:53,477] {logging_mixin.py:115} INFO - Successfully uploaded 2015/Table5_2015.xlsx to s3-bucket-raw-usda
[2022-08-11 20:45:54,703] {logging_mixin.py:115} INFO - Successfully uploaded 2015/Table6_2015.xlsx to s3-bucket-raw-usda
[2022-08-11 20:45:55,947] {logging_mixin.py:115} INFO - Successfully uploaded 2015/Table7_2015.xlsx to s3-bucket-raw-usda
[2022-08-11 20:45:57,119] {logging_mixin.py:115} INFO - Successfully uploaded 2015/Table8_2015.xlsx to s3-bucket-raw-usda
[2022-08-11 20:45:57,125] {python.py:173} INFO - Done. Returned value was: None
[2022-08-11 20:45:57,148] {taskinstance.py:1420} INFO - Marking task as SUCCESS. dag_id=ETL_DAG_V7, task_id=Ingest_from_2015, execution_date=20220811T022439, start_date=20220811T204539, end_date=20220811T204557
[2022-08-11 20:45:57,199] {local_task_job.py:156} INFO - Task exited with return code 0
[2022-08-11 20:45:57,242] {local_task_job.py:273} INFO - 0 downstream tasks scheduled from follow-on schedule check
