[2022-08-11 23:15:15,394] {taskinstance.py:1179} INFO - Dependencies all met for <TaskInstance: ETL_DAG_US_FOOD_NUTRITION.Stage_fast-food-clean manual__2022-08-11T23:09:24.436624+00:00 [queued]>
[2022-08-11 23:15:15,404] {taskinstance.py:1179} INFO - Dependencies all met for <TaskInstance: ETL_DAG_US_FOOD_NUTRITION.Stage_fast-food-clean manual__2022-08-11T23:09:24.436624+00:00 [queued]>
[2022-08-11 23:15:15,406] {taskinstance.py:1376} INFO - 
--------------------------------------------------------------------------------
[2022-08-11 23:15:15,407] {taskinstance.py:1377} INFO - Starting attempt 1 of 6
[2022-08-11 23:15:15,410] {taskinstance.py:1378} INFO - 
--------------------------------------------------------------------------------
[2022-08-11 23:15:15,421] {taskinstance.py:1397} INFO - Executing <Task(PythonOperator): Stage_fast-food-clean> on 2022-08-11 23:09:24.436624+00:00
[2022-08-11 23:15:15,432] {standard_task_runner.py:52} INFO - Started process 6647 to run task
[2022-08-11 23:15:15,466] {standard_task_runner.py:79} INFO - Running: ['***', 'tasks', 'run', 'ETL_DAG_US_FOOD_NUTRITION', 'Stage_fast-food-clean', 'manual__2022-08-11T23:09:24.436624+00:00', '--job-id', '730', '--raw', '--subdir', 'DAGS_FOLDER/etl_dag.py', '--cfg-path', '/tmp/tmptangcy_2', '--error-file', '/tmp/tmpp7lltp68']
[2022-08-11 23:15:15,473] {standard_task_runner.py:80} INFO - Job 730: Subtask Stage_fast-food-clean
[2022-08-11 23:15:15,552] {task_command.py:371} INFO - Running <TaskInstance: ETL_DAG_US_FOOD_NUTRITION.Stage_fast-food-clean manual__2022-08-11T23:09:24.436624+00:00 [running]> on host a02c2b8cab8b
[2022-08-11 23:15:15,623] {taskinstance.py:1591} INFO - Exporting the following env vars:
AIRFLOW_CTX_DAG_OWNER=narapady
AIRFLOW_CTX_DAG_ID=ETL_DAG_US_FOOD_NUTRITION
AIRFLOW_CTX_TASK_ID=Stage_fast-food-clean
AIRFLOW_CTX_EXECUTION_DATE=2022-08-11T23:09:24.436624+00:00
AIRFLOW_CTX_TRY_NUMBER=1
AIRFLOW_CTX_DAG_RUN_ID=manual__2022-08-11T23:09:24.436624+00:00
[2022-08-11 23:15:21,790] {logging_mixin.py:115} INFO - Successfully loaded fast-food-staged.csv to s3-bucket-staged
[2022-08-11 23:15:21,802] {python.py:173} INFO - Done. Returned value was: None
[2022-08-11 23:15:21,826] {taskinstance.py:1420} INFO - Marking task as SUCCESS. dag_id=ETL_DAG_US_FOOD_NUTRITION, task_id=Stage_fast-food-clean, execution_date=20220811T230924, start_date=20220811T231515, end_date=20220811T231521
[2022-08-11 23:15:21,875] {local_task_job.py:156} INFO - Task exited with return code 0
[2022-08-11 23:15:21,907] {local_task_job.py:273} INFO - 0 downstream tasks scheduled from follow-on schedule check
