[2022-08-12 01:21:32,367] {taskinstance.py:1179} INFO - Dependencies all met for <TaskInstance: ETL_DAG_US_FOOD_NUTRITION.Ingest_from_2016 manual__2022-08-12T01:21:26.402383+00:00 [queued]>
[2022-08-12 01:21:32,380] {taskinstance.py:1179} INFO - Dependencies all met for <TaskInstance: ETL_DAG_US_FOOD_NUTRITION.Ingest_from_2016 manual__2022-08-12T01:21:26.402383+00:00 [queued]>
[2022-08-12 01:21:32,381] {taskinstance.py:1376} INFO - 
--------------------------------------------------------------------------------
[2022-08-12 01:21:32,382] {taskinstance.py:1377} INFO - Starting attempt 1 of 6
[2022-08-12 01:21:32,383] {taskinstance.py:1378} INFO - 
--------------------------------------------------------------------------------
[2022-08-12 01:21:32,398] {taskinstance.py:1397} INFO - Executing <Task(PythonOperator): Ingest_from_2016> on 2022-08-12 01:21:26.402383+00:00
[2022-08-12 01:21:32,406] {standard_task_runner.py:52} INFO - Started process 256 to run task
[2022-08-12 01:21:32,420] {standard_task_runner.py:79} INFO - Running: ['***', 'tasks', 'run', 'ETL_DAG_US_FOOD_NUTRITION', 'Ingest_from_2016', 'manual__2022-08-12T01:21:26.402383+00:00', '--job-id', '756', '--raw', '--subdir', 'DAGS_FOLDER/etl_dag.py', '--cfg-path', '/tmp/tmpn2x4d9ng', '--error-file', '/tmp/tmpvupwgh7d']
[2022-08-12 01:21:32,423] {standard_task_runner.py:80} INFO - Job 756: Subtask Ingest_from_2016
[2022-08-12 01:21:32,532] {task_command.py:371} INFO - Running <TaskInstance: ETL_DAG_US_FOOD_NUTRITION.Ingest_from_2016 manual__2022-08-12T01:21:26.402383+00:00 [running]> on host ae5c2449a624
[2022-08-12 01:21:32,606] {taskinstance.py:1591} INFO - Exporting the following env vars:
AIRFLOW_CTX_DAG_OWNER=narapady
AIRFLOW_CTX_DAG_ID=ETL_DAG_US_FOOD_NUTRITION
AIRFLOW_CTX_TASK_ID=Ingest_from_2016
AIRFLOW_CTX_EXECUTION_DATE=2022-08-12T01:21:26.402383+00:00
AIRFLOW_CTX_TRY_NUMBER=1
AIRFLOW_CTX_DAG_RUN_ID=manual__2022-08-12T01:21:26.402383+00:00
[2022-08-12 01:21:40,938] {logging_mixin.py:115} INFO - Successfully uploaded 2016/Table1_2016.xlsx to s3-bucket-raw-usda
[2022-08-12 01:21:42,294] {logging_mixin.py:115} INFO - Successfully uploaded 2016/Table2_2016.xlsx to s3-bucket-raw-usda
[2022-08-12 01:21:43,643] {logging_mixin.py:115} INFO - Successfully uploaded 2016/Table3_2016.xlsx to s3-bucket-raw-usda
[2022-08-12 01:21:44,948] {logging_mixin.py:115} INFO - Successfully uploaded 2016/Table4_2016.xlsx to s3-bucket-raw-usda
[2022-08-12 01:21:46,340] {logging_mixin.py:115} INFO - Successfully uploaded 2016/Table5_2016.xlsx to s3-bucket-raw-usda
[2022-08-12 01:21:47,706] {logging_mixin.py:115} INFO - Successfully uploaded 2016/Table6_2016.xlsx to s3-bucket-raw-usda
[2022-08-12 01:21:48,973] {logging_mixin.py:115} INFO - Successfully uploaded 2016/Table7_2016.xlsx to s3-bucket-raw-usda
[2022-08-12 01:21:50,196] {logging_mixin.py:115} INFO - Successfully uploaded 2016/Table8_2016.xlsx to s3-bucket-raw-usda
[2022-08-12 01:21:50,198] {python.py:173} INFO - Done. Returned value was: None
[2022-08-12 01:21:50,336] {taskinstance.py:1420} INFO - Marking task as SUCCESS. dag_id=ETL_DAG_US_FOOD_NUTRITION, task_id=Ingest_from_2016, execution_date=20220812T012126, start_date=20220812T012132, end_date=20220812T012150
[2022-08-12 01:21:50,362] {local_task_job.py:156} INFO - Task exited with return code 0
[2022-08-12 01:21:50,392] {local_task_job.py:273} INFO - 0 downstream tasks scheduled from follow-on schedule check
