[2022-08-11 23:09:29,990] {taskinstance.py:1179} INFO - Dependencies all met for <TaskInstance: ETL_DAG_US_FOOD_NUTRITION.Ingest_from_producer_price_index manual__2022-08-11T23:09:24.436624+00:00 [queued]>
[2022-08-11 23:09:30,003] {taskinstance.py:1179} INFO - Dependencies all met for <TaskInstance: ETL_DAG_US_FOOD_NUTRITION.Ingest_from_producer_price_index manual__2022-08-11T23:09:24.436624+00:00 [queued]>
[2022-08-11 23:09:30,009] {taskinstance.py:1376} INFO - 
--------------------------------------------------------------------------------
[2022-08-11 23:09:30,016] {taskinstance.py:1377} INFO - Starting attempt 1 of 6
[2022-08-11 23:09:30,017] {taskinstance.py:1378} INFO - 
--------------------------------------------------------------------------------
[2022-08-11 23:09:30,039] {taskinstance.py:1397} INFO - Executing <Task(PythonOperator): Ingest_from_producer_price_index> on 2022-08-11 23:09:24.436624+00:00
[2022-08-11 23:09:30,054] {standard_task_runner.py:52} INFO - Started process 6208 to run task
[2022-08-11 23:09:30,072] {standard_task_runner.py:79} INFO - Running: ['***', 'tasks', 'run', 'ETL_DAG_US_FOOD_NUTRITION', 'Ingest_from_producer_price_index', 'manual__2022-08-11T23:09:24.436624+00:00', '--job-id', '715', '--raw', '--subdir', 'DAGS_FOLDER/etl_dag.py', '--cfg-path', '/tmp/tmph7_43_w6', '--error-file', '/tmp/tmp9fy1prcz']
[2022-08-11 23:09:30,080] {standard_task_runner.py:80} INFO - Job 715: Subtask Ingest_from_producer_price_index
[2022-08-11 23:09:30,240] {task_command.py:371} INFO - Running <TaskInstance: ETL_DAG_US_FOOD_NUTRITION.Ingest_from_producer_price_index manual__2022-08-11T23:09:24.436624+00:00 [running]> on host a02c2b8cab8b
[2022-08-11 23:09:30,339] {taskinstance.py:1591} INFO - Exporting the following env vars:
AIRFLOW_CTX_DAG_OWNER=narapady
AIRFLOW_CTX_DAG_ID=ETL_DAG_US_FOOD_NUTRITION
AIRFLOW_CTX_TASK_ID=Ingest_from_producer_price_index
AIRFLOW_CTX_EXECUTION_DATE=2022-08-11T23:09:24.436624+00:00
AIRFLOW_CTX_TRY_NUMBER=1
AIRFLOW_CTX_DAG_RUN_ID=manual__2022-08-11T23:09:24.436624+00:00
[2022-08-11 23:09:38,368] {logging_mixin.py:115} INFO - Successfully uploaded producer-price-index/PPIforecast.xlsx to s3-bucket-raw-usda
[2022-08-11 23:09:39,800] {logging_mixin.py:115} INFO - Successfully uploaded producer-price-index/historicalppi.xlsx to s3-bucket-raw-usda
[2022-08-11 23:09:42,443] {logging_mixin.py:115} INFO - Successfully uploaded producer-price-index/CPIArchivedForecasts.xlsx to s3-bucket-raw-usda
[2022-08-11 23:09:44,021] {logging_mixin.py:115} INFO - Successfully uploaded producer-price-index/PPIArchivedForecasts.xlsx to s3-bucket-raw-usda
[2022-08-11 23:09:44,036] {python.py:173} INFO - Done. Returned value was: None
[2022-08-11 23:09:44,062] {taskinstance.py:1420} INFO - Marking task as SUCCESS. dag_id=ETL_DAG_US_FOOD_NUTRITION, task_id=Ingest_from_producer_price_index, execution_date=20220811T230924, start_date=20220811T230929, end_date=20220811T230944
[2022-08-11 23:09:44,125] {local_task_job.py:156} INFO - Task exited with return code 0
[2022-08-11 23:09:44,156] {local_task_job.py:273} INFO - 0 downstream tasks scheduled from follow-on schedule check
