[2022-08-12 18:26:02,718] {taskinstance.py:1179} INFO - Dependencies all met for <TaskInstance: ETL_DAG.Stage_food-expenditure-clean manual__2022-08-12T18:20:52.559703+00:00 [queued]>
[2022-08-12 18:26:02,727] {taskinstance.py:1179} INFO - Dependencies all met for <TaskInstance: ETL_DAG.Stage_food-expenditure-clean manual__2022-08-12T18:20:52.559703+00:00 [queued]>
[2022-08-12 18:26:02,728] {taskinstance.py:1376} INFO - 
--------------------------------------------------------------------------------
[2022-08-12 18:26:02,729] {taskinstance.py:1377} INFO - Starting attempt 1 of 6
[2022-08-12 18:26:02,730] {taskinstance.py:1378} INFO - 
--------------------------------------------------------------------------------
[2022-08-12 18:26:02,744] {taskinstance.py:1397} INFO - Executing <Task(PythonOperator): Stage_food-expenditure-clean> on 2022-08-12 18:20:52.559703+00:00
[2022-08-12 18:26:02,753] {standard_task_runner.py:52} INFO - Started process 653 to run task
[2022-08-12 18:26:02,756] {standard_task_runner.py:79} INFO - Running: ['***', 'tasks', 'run', 'ETL_DAG', 'Stage_food-expenditure-clean', 'manual__2022-08-12T18:20:52.559703+00:00', '--job-id', '910', '--raw', '--subdir', 'DAGS_FOLDER/etl_dag.py', '--cfg-path', '/tmp/tmpusn_ctsb', '--error-file', '/tmp/tmp5iigp4l4']
[2022-08-12 18:26:02,758] {standard_task_runner.py:80} INFO - Job 910: Subtask Stage_food-expenditure-clean
[2022-08-12 18:26:02,817] {task_command.py:371} INFO - Running <TaskInstance: ETL_DAG.Stage_food-expenditure-clean manual__2022-08-12T18:20:52.559703+00:00 [running]> on host 00aa0783f116
[2022-08-12 18:26:02,872] {taskinstance.py:1591} INFO - Exporting the following env vars:
AIRFLOW_CTX_DAG_OWNER=narapady
AIRFLOW_CTX_DAG_ID=ETL_DAG
AIRFLOW_CTX_TASK_ID=Stage_food-expenditure-clean
AIRFLOW_CTX_EXECUTION_DATE=2022-08-12T18:20:52.559703+00:00
AIRFLOW_CTX_TRY_NUMBER=1
AIRFLOW_CTX_DAG_RUN_ID=manual__2022-08-12T18:20:52.559703+00:00
[2022-08-12 18:26:11,186] {logging_mixin.py:115} INFO - Successfully loaded monthly-sales-staged.csv to s3-bucket-staged
[2022-08-12 18:26:11,570] {logging_mixin.py:115} INFO - Successfully loaded food-expenditure-staged.csv to s3-bucket-staged
[2022-08-12 18:26:11,573] {python.py:173} INFO - Done. Returned value was: None
[2022-08-12 18:26:11,585] {taskinstance.py:1420} INFO - Marking task as SUCCESS. dag_id=ETL_DAG, task_id=Stage_food-expenditure-clean, execution_date=20220812T182052, start_date=20220812T182602, end_date=20220812T182611
[2022-08-12 18:26:11,630] {local_task_job.py:156} INFO - Task exited with return code 0
[2022-08-12 18:26:11,653] {local_task_job.py:273} INFO - 0 downstream tasks scheduled from follow-on schedule check
