[2022-08-11 21:34:06,224] {taskinstance.py:1179} INFO - Dependencies all met for <TaskInstance: ETL_DAG_V8.Ingest_from_nutrient_intake_estimates manual__2022-08-11T21:34:01.587578+00:00 [queued]>
[2022-08-11 21:34:06,242] {taskinstance.py:1179} INFO - Dependencies all met for <TaskInstance: ETL_DAG_V8.Ingest_from_nutrient_intake_estimates manual__2022-08-11T21:34:01.587578+00:00 [queued]>
[2022-08-11 21:34:06,245] {taskinstance.py:1376} INFO - 
--------------------------------------------------------------------------------
[2022-08-11 21:34:06,246] {taskinstance.py:1377} INFO - Starting attempt 1 of 6
[2022-08-11 21:34:06,247] {taskinstance.py:1378} INFO - 
--------------------------------------------------------------------------------
[2022-08-11 21:34:06,261] {taskinstance.py:1397} INFO - Executing <Task(PythonOperator): Ingest_from_nutrient_intake_estimates> on 2022-08-11 21:34:01.587578+00:00
[2022-08-11 21:34:06,275] {standard_task_runner.py:52} INFO - Started process 233 to run task
[2022-08-11 21:34:06,279] {standard_task_runner.py:79} INFO - Running: ['***', 'tasks', 'run', 'ETL_DAG_V8', 'Ingest_from_nutrient_intake_estimates', 'manual__2022-08-11T21:34:01.587578+00:00', '--job-id', '670', '--raw', '--subdir', 'DAGS_FOLDER/etl_dag.py', '--cfg-path', '/tmp/tmppqrltgcp', '--error-file', '/tmp/tmpp9rz90qe']
[2022-08-11 21:34:06,284] {standard_task_runner.py:80} INFO - Job 670: Subtask Ingest_from_nutrient_intake_estimates
[2022-08-11 21:34:06,428] {task_command.py:371} INFO - Running <TaskInstance: ETL_DAG_V8.Ingest_from_nutrient_intake_estimates manual__2022-08-11T21:34:01.587578+00:00 [running]> on host a02c2b8cab8b
[2022-08-11 21:34:06,586] {taskinstance.py:1591} INFO - Exporting the following env vars:
AIRFLOW_CTX_DAG_OWNER=narapady
AIRFLOW_CTX_DAG_ID=ETL_DAG_V8
AIRFLOW_CTX_TASK_ID=Ingest_from_nutrient_intake_estimates
AIRFLOW_CTX_EXECUTION_DATE=2022-08-11T21:34:01.587578+00:00
AIRFLOW_CTX_TRY_NUMBER=1
AIRFLOW_CTX_DAG_RUN_ID=manual__2022-08-11T21:34:01.587578+00:00
[2022-08-11 21:34:14,562] {logging_mixin.py:115} INFO - Successfully uploaded nutrient-intake-estimates/nutrient_table1.xlsx to s3-bucket-raw-usda
[2022-08-11 21:34:15,786] {logging_mixin.py:115} INFO - Successfully uploaded nutrient-intake-estimates/nutrient_table2.xlsx to s3-bucket-raw-usda
[2022-08-11 21:34:19,961] {logging_mixin.py:115} INFO - Successfully uploaded nutrient-intake-estimates/Archived%202007-10%20Food%20Consumption%20and%20Nutrient%20Inta to s3-bucket-raw-usda
[2022-08-11 21:34:19,963] {python.py:173} INFO - Done. Returned value was: None
[2022-08-11 21:34:20,099] {taskinstance.py:1420} INFO - Marking task as SUCCESS. dag_id=ETL_DAG_V8, task_id=Ingest_from_nutrient_intake_estimates, execution_date=20220811T213401, start_date=20220811T213406, end_date=20220811T213420
[2022-08-11 21:34:20,133] {local_task_job.py:156} INFO - Task exited with return code 0
[2022-08-11 21:34:20,169] {local_task_job.py:273} INFO - 0 downstream tasks scheduled from follow-on schedule check
