[2022-08-11 20:49:41,369] {taskinstance.py:1179} INFO - Dependencies all met for <TaskInstance: ETL_DAG_V7.Transform_2015 manual__2022-08-11T20:45:41.327998+00:00 [queued]>
[2022-08-11 20:49:41,395] {taskinstance.py:1179} INFO - Dependencies all met for <TaskInstance: ETL_DAG_V7.Transform_2015 manual__2022-08-11T20:45:41.327998+00:00 [queued]>
[2022-08-11 20:49:41,396] {taskinstance.py:1376} INFO - 
--------------------------------------------------------------------------------
[2022-08-11 20:49:41,397] {taskinstance.py:1377} INFO - Starting attempt 1 of 6
[2022-08-11 20:49:41,398] {taskinstance.py:1378} INFO - 
--------------------------------------------------------------------------------
[2022-08-11 20:49:41,422] {taskinstance.py:1397} INFO - Executing <Task(PythonOperator): Transform_2015> on 2022-08-11 20:45:41.327998+00:00
[2022-08-11 20:49:41,432] {standard_task_runner.py:52} INFO - Started process 8149 to run task
[2022-08-11 20:49:41,458] {standard_task_runner.py:79} INFO - Running: ['***', 'tasks', 'run', 'ETL_DAG_V7', 'Transform_2015', 'manual__2022-08-11T20:45:41.327998+00:00', '--job-id', '586', '--raw', '--subdir', 'DAGS_FOLDER/etl_dag.py', '--cfg-path', '/tmp/tmp__mtq9jq', '--error-file', '/tmp/tmpwt3gcpri']
[2022-08-11 20:49:41,476] {standard_task_runner.py:80} INFO - Job 586: Subtask Transform_2015
[2022-08-11 20:49:41,622] {task_command.py:371} INFO - Running <TaskInstance: ETL_DAG_V7.Transform_2015 manual__2022-08-11T20:45:41.327998+00:00 [running]> on host ce1be8c59d56
[2022-08-11 20:49:41,762] {taskinstance.py:1591} INFO - Exporting the following env vars:
AIRFLOW_CTX_DAG_OWNER=narapady
AIRFLOW_CTX_DAG_ID=ETL_DAG_V7
AIRFLOW_CTX_TASK_ID=Transform_2015
AIRFLOW_CTX_EXECUTION_DATE=2022-08-11T20:45:41.327998+00:00
AIRFLOW_CTX_TRY_NUMBER=1
AIRFLOW_CTX_DAG_RUN_ID=manual__2022-08-11T20:45:41.327998+00:00
[2022-08-11 20:49:58,082] {logging_mixin.py:115} INFO - Successfully process fast-food-clean/age-15-and-older-2015.csv to S3
[2022-08-11 20:49:58,379] {logging_mixin.py:115} INFO - Successfully process fast-food-clean/age-18-and-older-2015.csv to S3
[2022-08-11 20:49:58,382] {python.py:173} INFO - Done. Returned value was: None
[2022-08-11 20:49:58,400] {taskinstance.py:1420} INFO - Marking task as SUCCESS. dag_id=ETL_DAG_V7, task_id=Transform_2015, execution_date=20220811T204541, start_date=20220811T204941, end_date=20220811T204958
[2022-08-11 20:49:58,472] {local_task_job.py:156} INFO - Task exited with return code 0
[2022-08-11 20:49:58,504] {local_task_job.py:273} INFO - 0 downstream tasks scheduled from follow-on schedule check
