[2022-08-12 05:33:37,519] {taskinstance.py:1179} INFO - Dependencies all met for <TaskInstance: ETL_DAG.Ingest_from_nutrient_intake_estimates manual__2022-08-12T05:33:31.619708+00:00 [queued]>
[2022-08-12 05:33:37,533] {taskinstance.py:1179} INFO - Dependencies all met for <TaskInstance: ETL_DAG.Ingest_from_nutrient_intake_estimates manual__2022-08-12T05:33:31.619708+00:00 [queued]>
[2022-08-12 05:33:37,533] {taskinstance.py:1376} INFO - 
--------------------------------------------------------------------------------
[2022-08-12 05:33:37,534] {taskinstance.py:1377} INFO - Starting attempt 1 of 6
[2022-08-12 05:33:37,535] {taskinstance.py:1378} INFO - 
--------------------------------------------------------------------------------
[2022-08-12 05:33:37,581] {taskinstance.py:1397} INFO - Executing <Task(PythonOperator): Ingest_from_nutrient_intake_estimates> on 2022-08-12 05:33:31.619708+00:00
[2022-08-12 05:33:37,589] {standard_task_runner.py:52} INFO - Started process 322 to run task
[2022-08-12 05:33:37,599] {standard_task_runner.py:79} INFO - Running: ['***', 'tasks', 'run', 'ETL_DAG', 'Ingest_from_nutrient_intake_estimates', 'manual__2022-08-12T05:33:31.619708+00:00', '--job-id', '853', '--raw', '--subdir', 'DAGS_FOLDER/etl_dag.py', '--cfg-path', '/tmp/tmpaoalnjmf', '--error-file', '/tmp/tmp4mb0zfmm']
[2022-08-12 05:33:37,602] {standard_task_runner.py:80} INFO - Job 853: Subtask Ingest_from_nutrient_intake_estimates
[2022-08-12 05:33:37,729] {task_command.py:371} INFO - Running <TaskInstance: ETL_DAG.Ingest_from_nutrient_intake_estimates manual__2022-08-12T05:33:31.619708+00:00 [running]> on host 959a8f00817b
[2022-08-12 05:33:37,829] {taskinstance.py:1591} INFO - Exporting the following env vars:
AIRFLOW_CTX_DAG_OWNER=narapady
AIRFLOW_CTX_DAG_ID=ETL_DAG
AIRFLOW_CTX_TASK_ID=Ingest_from_nutrient_intake_estimates
AIRFLOW_CTX_EXECUTION_DATE=2022-08-12T05:33:31.619708+00:00
AIRFLOW_CTX_TRY_NUMBER=1
AIRFLOW_CTX_DAG_RUN_ID=manual__2022-08-12T05:33:31.619708+00:00
[2022-08-12 05:33:47,009] {logging_mixin.py:115} INFO - Successfully uploaded nutrient-intake-estimates/nutrient_table1.xlsx to s3-bucket-raw-usda
[2022-08-12 05:33:48,408] {logging_mixin.py:115} INFO - Successfully uploaded nutrient-intake-estimates/nutrient_table2.xlsx to s3-bucket-raw-usda
[2022-08-12 05:33:53,345] {logging_mixin.py:115} INFO - Successfully uploaded nutrient-intake-estimates/Archived%202007-10%20Food%20Consumption%20and%20Nutrient%20Inta to s3-bucket-raw-usda
[2022-08-12 05:33:53,348] {python.py:173} INFO - Done. Returned value was: None
[2022-08-12 05:33:53,362] {taskinstance.py:1420} INFO - Marking task as SUCCESS. dag_id=ETL_DAG, task_id=Ingest_from_nutrient_intake_estimates, execution_date=20220812T053331, start_date=20220812T053337, end_date=20220812T053353
[2022-08-12 05:33:53,400] {local_task_job.py:156} INFO - Task exited with return code 0
[2022-08-12 05:33:53,435] {local_task_job.py:273} INFO - 0 downstream tasks scheduled from follow-on schedule check
