[2022-08-12 04:42:10,252] {taskinstance.py:1179} INFO - Dependencies all met for <TaskInstance: ETL_DAG_US_FOOD_NUTRITION.Create_s3_bucket_ingest manual__2022-08-12T04:42:08.092521+00:00 [queued]>
[2022-08-12 04:42:10,260] {taskinstance.py:1179} INFO - Dependencies all met for <TaskInstance: ETL_DAG_US_FOOD_NUTRITION.Create_s3_bucket_ingest manual__2022-08-12T04:42:08.092521+00:00 [queued]>
[2022-08-12 04:42:10,261] {taskinstance.py:1376} INFO - 
--------------------------------------------------------------------------------
[2022-08-12 04:42:10,262] {taskinstance.py:1377} INFO - Starting attempt 1 of 6
[2022-08-12 04:42:10,263] {taskinstance.py:1378} INFO - 
--------------------------------------------------------------------------------
[2022-08-12 04:42:10,271] {taskinstance.py:1397} INFO - Executing <Task(PythonOperator): Create_s3_bucket_ingest> on 2022-08-12 04:42:08.092521+00:00
[2022-08-12 04:42:10,277] {standard_task_runner.py:52} INFO - Started process 8652 to run task
[2022-08-12 04:42:10,280] {standard_task_runner.py:79} INFO - Running: ['***', 'tasks', 'run', 'ETL_DAG_US_FOOD_NUTRITION', 'Create_s3_bucket_ingest', 'manual__2022-08-12T04:42:08.092521+00:00', '--job-id', '786', '--raw', '--subdir', 'DAGS_FOLDER/etl_dag.py', '--cfg-path', '/tmp/tmpaaiorkhb', '--error-file', '/tmp/tmpnk7vey5n']
[2022-08-12 04:42:10,283] {standard_task_runner.py:80} INFO - Job 786: Subtask Create_s3_bucket_ingest
[2022-08-12 04:42:10,336] {task_command.py:371} INFO - Running <TaskInstance: ETL_DAG_US_FOOD_NUTRITION.Create_s3_bucket_ingest manual__2022-08-12T04:42:08.092521+00:00 [running]> on host ae5c2449a624
[2022-08-12 04:42:10,385] {taskinstance.py:1591} INFO - Exporting the following env vars:
AIRFLOW_CTX_DAG_OWNER=narapady
AIRFLOW_CTX_DAG_ID=ETL_DAG_US_FOOD_NUTRITION
AIRFLOW_CTX_TASK_ID=Create_s3_bucket_ingest
AIRFLOW_CTX_EXECUTION_DATE=2022-08-12T04:42:08.092521+00:00
AIRFLOW_CTX_TRY_NUMBER=1
AIRFLOW_CTX_DAG_RUN_ID=manual__2022-08-12T04:42:08.092521+00:00
[2022-08-12 04:42:11,301] {python.py:173} INFO - Done. Returned value was: {'ResponseMetadata': {'RequestId': 'VYS4V1SKVD9QZ93Q', 'HostId': 'r7XW8xVuuzrc1Y4r5buNG20VnGxOQWyIdRfI3uCJMhZHKqp/GhWNAiNdcELQOBDO3UhzvZ+VVj4=', 'HTTPStatusCode': 200, 'HTTPHeaders': {'x-amz-id-2': 'r7XW8xVuuzrc1Y4r5buNG20VnGxOQWyIdRfI3uCJMhZHKqp/GhWNAiNdcELQOBDO3UhzvZ+VVj4=', 'x-amz-request-id': 'VYS4V1SKVD9QZ93Q', 'date': 'Fri, 12 Aug 2022 04:42:12 GMT', 'location': '/s3-bucket-raw-usda', 'server': 'AmazonS3', 'content-length': '0'}, 'RetryAttempts': 0}, 'Location': '/s3-bucket-raw-usda'}
[2022-08-12 04:42:11,350] {taskinstance.py:1420} INFO - Marking task as SUCCESS. dag_id=ETL_DAG_US_FOOD_NUTRITION, task_id=Create_s3_bucket_ingest, execution_date=20220812T044208, start_date=20220812T044210, end_date=20220812T044211
[2022-08-12 04:42:11,373] {local_task_job.py:156} INFO - Task exited with return code 0
[2022-08-12 04:42:11,412] {local_task_job.py:273} INFO - 9 downstream tasks scheduled from follow-on schedule check
