[2022-08-16 18:59:04,994] {taskinstance.py:1179} INFO - Dependencies all met for <TaskInstance: ETL_DAG.Stage_nutrient-intake-estimates-clean manual__2022-08-16T18:57:11.917054+00:00 [queued]>
[2022-08-16 18:59:05,005] {taskinstance.py:1179} INFO - Dependencies all met for <TaskInstance: ETL_DAG.Stage_nutrient-intake-estimates-clean manual__2022-08-16T18:57:11.917054+00:00 [queued]>
[2022-08-16 18:59:05,006] {taskinstance.py:1376} INFO - 
--------------------------------------------------------------------------------
[2022-08-16 18:59:05,007] {taskinstance.py:1377} INFO - Starting attempt 1 of 6
[2022-08-16 18:59:05,008] {taskinstance.py:1378} INFO - 
--------------------------------------------------------------------------------
[2022-08-16 18:59:05,019] {taskinstance.py:1397} INFO - Executing <Task(PythonOperator): Stage_nutrient-intake-estimates-clean> on 2022-08-16 18:57:11.917054+00:00
[2022-08-16 18:59:05,024] {standard_task_runner.py:52} INFO - Started process 423 to run task
[2022-08-16 18:59:05,029] {standard_task_runner.py:79} INFO - Running: ['***', 'tasks', 'run', 'ETL_DAG', 'Stage_nutrient-intake-estimates-clean', 'manual__2022-08-16T18:57:11.917054+00:00', '--job-id', '1101', '--raw', '--subdir', 'DAGS_FOLDER/etl_dag.py', '--cfg-path', '/tmp/tmpjzhqnrgb', '--error-file', '/tmp/tmph7k0_w26']
[2022-08-16 18:59:05,031] {standard_task_runner.py:80} INFO - Job 1101: Subtask Stage_nutrient-intake-estimates-clean
[2022-08-16 18:59:05,104] {task_command.py:371} INFO - Running <TaskInstance: ETL_DAG.Stage_nutrient-intake-estimates-clean manual__2022-08-16T18:57:11.917054+00:00 [running]> on host c7fa0145da3e
[2022-08-16 18:59:05,188] {taskinstance.py:1591} INFO - Exporting the following env vars:
AIRFLOW_CTX_DAG_OWNER=narapady
AIRFLOW_CTX_DAG_ID=ETL_DAG
AIRFLOW_CTX_TASK_ID=Stage_nutrient-intake-estimates-clean
AIRFLOW_CTX_EXECUTION_DATE=2022-08-16T18:57:11.917054+00:00
AIRFLOW_CTX_TRY_NUMBER=1
AIRFLOW_CTX_DAG_RUN_ID=manual__2022-08-16T18:57:11.917054+00:00
[2022-08-16 18:59:17,447] {logging_mixin.py:115} INFO - Successfully loaded nutrient-intake-estimates-staged.csv to s3-bucket-staged
[2022-08-16 18:59:17,468] {python.py:173} INFO - Done. Returned value was: None
[2022-08-16 18:59:17,489] {taskinstance.py:1420} INFO - Marking task as SUCCESS. dag_id=ETL_DAG, task_id=Stage_nutrient-intake-estimates-clean, execution_date=20220816T185711, start_date=20220816T185904, end_date=20220816T185917
[2022-08-16 18:59:17,543] {local_task_job.py:156} INFO - Task exited with return code 0
[2022-08-16 18:59:17,569] {local_task_job.py:273} INFO - 0 downstream tasks scheduled from follow-on schedule check
