[2022-08-11 21:16:08,127] {taskinstance.py:1179} INFO - Dependencies all met for <TaskInstance: ETL_DAG_V8.Ingest_from_2014 manual__2022-08-11T21:16:03.096610+00:00 [queued]>
[2022-08-11 21:16:08,149] {taskinstance.py:1179} INFO - Dependencies all met for <TaskInstance: ETL_DAG_V8.Ingest_from_2014 manual__2022-08-11T21:16:03.096610+00:00 [queued]>
[2022-08-11 21:16:08,150] {taskinstance.py:1376} INFO - 
--------------------------------------------------------------------------------
[2022-08-11 21:16:08,160] {taskinstance.py:1377} INFO - Starting attempt 1 of 6
[2022-08-11 21:16:08,168] {taskinstance.py:1378} INFO - 
--------------------------------------------------------------------------------
[2022-08-11 21:16:08,184] {taskinstance.py:1397} INFO - Executing <Task(PythonOperator): Ingest_from_2014> on 2022-08-11 21:16:03.096610+00:00
[2022-08-11 21:16:08,193] {standard_task_runner.py:52} INFO - Started process 10113 to run task
[2022-08-11 21:16:08,198] {standard_task_runner.py:79} INFO - Running: ['***', 'tasks', 'run', 'ETL_DAG_V8', 'Ingest_from_2014', 'manual__2022-08-11T21:16:03.096610+00:00', '--job-id', '630', '--raw', '--subdir', 'DAGS_FOLDER/etl_dag.py', '--cfg-path', '/tmp/tmprw6x_v_h', '--error-file', '/tmp/tmpyhu4zn7q']
[2022-08-11 21:16:08,203] {standard_task_runner.py:80} INFO - Job 630: Subtask Ingest_from_2014
[2022-08-11 21:16:08,347] {task_command.py:371} INFO - Running <TaskInstance: ETL_DAG_V8.Ingest_from_2014 manual__2022-08-11T21:16:03.096610+00:00 [running]> on host ce1be8c59d56
[2022-08-11 21:16:08,473] {taskinstance.py:1591} INFO - Exporting the following env vars:
AIRFLOW_CTX_DAG_OWNER=narapady
AIRFLOW_CTX_DAG_ID=ETL_DAG_V8
AIRFLOW_CTX_TASK_ID=Ingest_from_2014
AIRFLOW_CTX_EXECUTION_DATE=2022-08-11T21:16:03.096610+00:00
AIRFLOW_CTX_TRY_NUMBER=1
AIRFLOW_CTX_DAG_RUN_ID=manual__2022-08-11T21:16:03.096610+00:00
[2022-08-11 21:16:16,360] {logging_mixin.py:115} INFO - Successfully uploaded 2014/table1_2014.xls to s3-bucket-raw-usda
[2022-08-11 21:16:17,870] {logging_mixin.py:115} INFO - Successfully uploaded 2014/table2_2014.xls to s3-bucket-raw-usda
[2022-08-11 21:16:19,414] {logging_mixin.py:115} INFO - Successfully uploaded 2014/table3_2014.xls to s3-bucket-raw-usda
[2022-08-11 21:16:20,850] {logging_mixin.py:115} INFO - Successfully uploaded 2014/table4_2014.xls to s3-bucket-raw-usda
[2022-08-11 21:16:22,329] {logging_mixin.py:115} INFO - Successfully uploaded 2014/table5_2014.xls to s3-bucket-raw-usda
[2022-08-11 21:16:24,156] {logging_mixin.py:115} INFO - Successfully uploaded 2014/table6_2014.xls to s3-bucket-raw-usda
[2022-08-11 21:16:25,622] {logging_mixin.py:115} INFO - Successfully uploaded 2014/table7_2014.xls to s3-bucket-raw-usda
[2022-08-11 21:16:27,095] {logging_mixin.py:115} INFO - Successfully uploaded 2014/table8_2014.xls to s3-bucket-raw-usda
[2022-08-11 21:16:28,595] {logging_mixin.py:115} INFO - Successfully uploaded 2014/2008_table1.xls to s3-bucket-raw-usda
[2022-08-11 21:16:30,140] {logging_mixin.py:115} INFO - Successfully uploaded 2014/2008_table2.xls to s3-bucket-raw-usda
[2022-08-11 21:16:31,831] {logging_mixin.py:115} INFO - Successfully uploaded 2014/2008_table3.xls to s3-bucket-raw-usda
[2022-08-11 21:16:33,201] {logging_mixin.py:115} INFO - Successfully uploaded 2014/2008_table4.xls to s3-bucket-raw-usda
[2022-08-11 21:16:34,521] {logging_mixin.py:115} INFO - Successfully uploaded 2014/2008_table5.xls to s3-bucket-raw-usda
[2022-08-11 21:16:35,892] {logging_mixin.py:115} INFO - Successfully uploaded 2014/2008_table6.xls to s3-bucket-raw-usda
[2022-08-11 21:16:37,471] {logging_mixin.py:115} INFO - Successfully uploaded 2014/2008_table7.xls to s3-bucket-raw-usda
[2022-08-11 21:16:37,482] {python.py:173} INFO - Done. Returned value was: None
[2022-08-11 21:16:37,515] {taskinstance.py:1420} INFO - Marking task as SUCCESS. dag_id=ETL_DAG_V8, task_id=Ingest_from_2014, execution_date=20220811T211603, start_date=20220811T211608, end_date=20220811T211637
[2022-08-11 21:16:37,586] {local_task_job.py:156} INFO - Task exited with return code 0
[2022-08-11 21:16:37,621] {local_task_job.py:273} INFO - 0 downstream tasks scheduled from follow-on schedule check
