[2022-08-17 00:45:13,082] {taskinstance.py:1179} INFO - Dependencies all met for <TaskInstance: ETL_DAG.Transform_2015 manual__2022-08-17T00:44:32.649423+00:00 [queued]>
[2022-08-17 00:45:13,098] {taskinstance.py:1179} INFO - Dependencies all met for <TaskInstance: ETL_DAG.Transform_2015 manual__2022-08-17T00:44:32.649423+00:00 [queued]>
[2022-08-17 00:45:13,100] {taskinstance.py:1376} INFO - 
--------------------------------------------------------------------------------
[2022-08-17 00:45:13,101] {taskinstance.py:1377} INFO - Starting attempt 1 of 6
[2022-08-17 00:45:13,108] {taskinstance.py:1378} INFO - 
--------------------------------------------------------------------------------
[2022-08-17 00:45:13,122] {taskinstance.py:1397} INFO - Executing <Task(PythonOperator): Transform_2015> on 2022-08-17 00:44:32.649423+00:00
[2022-08-17 00:45:13,132] {standard_task_runner.py:52} INFO - Started process 350 to run task
[2022-08-17 00:45:13,155] {standard_task_runner.py:79} INFO - Running: ['***', 'tasks', 'run', 'ETL_DAG', 'Transform_2015', 'manual__2022-08-17T00:44:32.649423+00:00', '--job-id', '1131', '--raw', '--subdir', 'DAGS_FOLDER/etl_dag.py', '--cfg-path', '/tmp/tmp6oxja_5w', '--error-file', '/tmp/tmppan310li']
[2022-08-17 00:45:13,158] {standard_task_runner.py:80} INFO - Job 1131: Subtask Transform_2015
[2022-08-17 00:45:13,256] {task_command.py:371} INFO - Running <TaskInstance: ETL_DAG.Transform_2015 manual__2022-08-17T00:44:32.649423+00:00 [running]> on host b6e9d58543c5
[2022-08-17 00:45:13,334] {taskinstance.py:1591} INFO - Exporting the following env vars:
AIRFLOW_CTX_DAG_OWNER=narapady
AIRFLOW_CTX_DAG_ID=ETL_DAG
AIRFLOW_CTX_TASK_ID=Transform_2015
AIRFLOW_CTX_EXECUTION_DATE=2022-08-17T00:44:32.649423+00:00
AIRFLOW_CTX_TRY_NUMBER=1
AIRFLOW_CTX_DAG_RUN_ID=manual__2022-08-17T00:44:32.649423+00:00
[2022-08-17 00:45:30,961] {logging_mixin.py:115} INFO - Successfully process fast-food-clean/age-15-and-older-2015.csv to S3
[2022-08-17 00:45:31,288] {logging_mixin.py:115} INFO - Successfully process fast-food-clean/age-18-and-older-2015.csv to S3
[2022-08-17 00:45:31,290] {python.py:173} INFO - Done. Returned value was: None
[2022-08-17 00:45:31,306] {taskinstance.py:1420} INFO - Marking task as SUCCESS. dag_id=ETL_DAG, task_id=Transform_2015, execution_date=20220817T004432, start_date=20220817T004513, end_date=20220817T004531
[2022-08-17 00:45:31,325] {local_task_job.py:156} INFO - Task exited with return code 0
[2022-08-17 00:45:31,365] {local_task_job.py:273} INFO - 0 downstream tasks scheduled from follow-on schedule check
