[2022-08-12 05:22:29,558] {taskinstance.py:1179} INFO - Dependencies all met for <TaskInstance: ETL_DAG_US_FOOD_NUTRITION.Transform_producer-price-index manual__2022-08-12T05:11:17.280858+00:00 [queued]>
[2022-08-12 05:22:29,586] {taskinstance.py:1179} INFO - Dependencies all met for <TaskInstance: ETL_DAG_US_FOOD_NUTRITION.Transform_producer-price-index manual__2022-08-12T05:11:17.280858+00:00 [queued]>
[2022-08-12 05:22:29,589] {taskinstance.py:1376} INFO - 
--------------------------------------------------------------------------------
[2022-08-12 05:22:29,592] {taskinstance.py:1377} INFO - Starting attempt 1 of 6
[2022-08-12 05:22:29,594] {taskinstance.py:1378} INFO - 
--------------------------------------------------------------------------------
[2022-08-12 05:22:29,624] {taskinstance.py:1397} INFO - Executing <Task(PythonOperator): Transform_producer-price-index> on 2022-08-12 05:11:17.280858+00:00
[2022-08-12 05:22:29,632] {standard_task_runner.py:52} INFO - Started process 11369 to run task
[2022-08-12 05:22:29,642] {standard_task_runner.py:79} INFO - Running: ['***', 'tasks', 'run', 'ETL_DAG_US_FOOD_NUTRITION', 'Transform_producer-price-index', 'manual__2022-08-12T05:11:17.280858+00:00', '--job-id', '818', '--raw', '--subdir', 'DAGS_FOLDER/etl_dag.py', '--cfg-path', '/tmp/tmpyaf3c_e0', '--error-file', '/tmp/tmpunb69quj']
[2022-08-12 05:22:29,655] {standard_task_runner.py:80} INFO - Job 818: Subtask Transform_producer-price-index
[2022-08-12 05:22:29,758] {task_command.py:371} INFO - Running <TaskInstance: ETL_DAG_US_FOOD_NUTRITION.Transform_producer-price-index manual__2022-08-12T05:11:17.280858+00:00 [running]> on host ae5c2449a624
[2022-08-12 05:22:29,873] {taskinstance.py:1591} INFO - Exporting the following env vars:
AIRFLOW_CTX_DAG_OWNER=narapady
AIRFLOW_CTX_DAG_ID=ETL_DAG_US_FOOD_NUTRITION
AIRFLOW_CTX_TASK_ID=Transform_producer-price-index
AIRFLOW_CTX_EXECUTION_DATE=2022-08-12T05:11:17.280858+00:00
AIRFLOW_CTX_TRY_NUMBER=1
AIRFLOW_CTX_DAG_RUN_ID=manual__2022-08-12T05:11:17.280858+00:00
[2022-08-12 05:23:00,881] {logging_mixin.py:115} INFO - Successfully process price-index-clean/producer-price-index.csv to S3
[2022-08-12 05:23:00,896] {python.py:173} INFO - Done. Returned value was: None
[2022-08-12 05:23:00,922] {taskinstance.py:1420} INFO - Marking task as SUCCESS. dag_id=ETL_DAG_US_FOOD_NUTRITION, task_id=Transform_producer-price-index, execution_date=20220812T051117, start_date=20220812T052229, end_date=20220812T052300
[2022-08-12 05:23:00,950] {local_task_job.py:156} INFO - Task exited with return code 0
[2022-08-12 05:23:00,978] {local_task_job.py:273} INFO - 0 downstream tasks scheduled from follow-on schedule check
