[2022-08-17 00:44:39,014] {taskinstance.py:1179} INFO - Dependencies all met for <TaskInstance: ETL_DAG.Ingest_from_2015 manual__2022-08-17T00:44:32.649423+00:00 [queued]>
[2022-08-17 00:44:39,036] {taskinstance.py:1179} INFO - Dependencies all met for <TaskInstance: ETL_DAG.Ingest_from_2015 manual__2022-08-17T00:44:32.649423+00:00 [queued]>
[2022-08-17 00:44:39,038] {taskinstance.py:1376} INFO - 
--------------------------------------------------------------------------------
[2022-08-17 00:44:39,040] {taskinstance.py:1377} INFO - Starting attempt 1 of 6
[2022-08-17 00:44:39,041] {taskinstance.py:1378} INFO - 
--------------------------------------------------------------------------------
[2022-08-17 00:44:39,056] {taskinstance.py:1397} INFO - Executing <Task(PythonOperator): Ingest_from_2015> on 2022-08-17 00:44:32.649423+00:00
[2022-08-17 00:44:39,064] {standard_task_runner.py:52} INFO - Started process 281 to run task
[2022-08-17 00:44:39,071] {standard_task_runner.py:79} INFO - Running: ['***', 'tasks', 'run', 'ETL_DAG', 'Ingest_from_2015', 'manual__2022-08-17T00:44:32.649423+00:00', '--job-id', '1123', '--raw', '--subdir', 'DAGS_FOLDER/etl_dag.py', '--cfg-path', '/tmp/tmp_xfdpx69', '--error-file', '/tmp/tmpdvf3489p']
[2022-08-17 00:44:39,077] {standard_task_runner.py:80} INFO - Job 1123: Subtask Ingest_from_2015
[2022-08-17 00:44:39,182] {task_command.py:371} INFO - Running <TaskInstance: ETL_DAG.Ingest_from_2015 manual__2022-08-17T00:44:32.649423+00:00 [running]> on host b6e9d58543c5
[2022-08-17 00:44:39,281] {taskinstance.py:1591} INFO - Exporting the following env vars:
AIRFLOW_CTX_DAG_OWNER=narapady
AIRFLOW_CTX_DAG_ID=ETL_DAG
AIRFLOW_CTX_TASK_ID=Ingest_from_2015
AIRFLOW_CTX_EXECUTION_DATE=2022-08-17T00:44:32.649423+00:00
AIRFLOW_CTX_TRY_NUMBER=1
AIRFLOW_CTX_DAG_RUN_ID=manual__2022-08-17T00:44:32.649423+00:00
[2022-08-17 00:44:47,695] {logging_mixin.py:115} INFO - Successfully uploaded 2015/Table1_2015.xlsx to s3-bucket-raw-usda
[2022-08-17 00:44:48,938] {logging_mixin.py:115} INFO - Successfully uploaded 2015/Table2_2015.xlsx to s3-bucket-raw-usda
[2022-08-17 00:44:50,093] {logging_mixin.py:115} INFO - Successfully uploaded 2015/Table3_2015.xlsx to s3-bucket-raw-usda
[2022-08-17 00:44:51,345] {logging_mixin.py:115} INFO - Successfully uploaded 2015/Table4_2015.xlsx to s3-bucket-raw-usda
[2022-08-17 00:44:52,388] {logging_mixin.py:115} INFO - Successfully uploaded 2015/Table5_2015.xlsx to s3-bucket-raw-usda
[2022-08-17 00:44:53,536] {logging_mixin.py:115} INFO - Successfully uploaded 2015/Table6_2015.xlsx to s3-bucket-raw-usda
[2022-08-17 00:44:54,829] {logging_mixin.py:115} INFO - Successfully uploaded 2015/Table7_2015.xlsx to s3-bucket-raw-usda
[2022-08-17 00:44:55,990] {logging_mixin.py:115} INFO - Successfully uploaded 2015/Table8_2015.xlsx to s3-bucket-raw-usda
[2022-08-17 00:44:55,993] {python.py:173} INFO - Done. Returned value was: None
[2022-08-17 00:44:56,117] {taskinstance.py:1420} INFO - Marking task as SUCCESS. dag_id=ETL_DAG, task_id=Ingest_from_2015, execution_date=20220817T004432, start_date=20220817T004439, end_date=20220817T004456
[2022-08-17 00:44:56,176] {local_task_job.py:156} INFO - Task exited with return code 0
[2022-08-17 00:44:56,205] {local_task_job.py:273} INFO - 0 downstream tasks scheduled from follow-on schedule check
