[2022-08-17 00:46:18,616] {taskinstance.py:1179} INFO - Dependencies all met for <TaskInstance: ETL_DAG.Stage_fast-food-clean manual__2022-08-17T00:44:32.649423+00:00 [queued]>
[2022-08-17 00:46:18,631] {taskinstance.py:1179} INFO - Dependencies all met for <TaskInstance: ETL_DAG.Stage_fast-food-clean manual__2022-08-17T00:44:32.649423+00:00 [queued]>
[2022-08-17 00:46:18,632] {taskinstance.py:1376} INFO - 
--------------------------------------------------------------------------------
[2022-08-17 00:46:18,635] {taskinstance.py:1377} INFO - Starting attempt 1 of 6
[2022-08-17 00:46:18,636] {taskinstance.py:1378} INFO - 
--------------------------------------------------------------------------------
[2022-08-17 00:46:18,657] {taskinstance.py:1397} INFO - Executing <Task(PythonOperator): Stage_fast-food-clean> on 2022-08-17 00:44:32.649423+00:00
[2022-08-17 00:46:18,662] {standard_task_runner.py:52} INFO - Started process 452 to run task
[2022-08-17 00:46:18,672] {standard_task_runner.py:79} INFO - Running: ['***', 'tasks', 'run', 'ETL_DAG', 'Stage_fast-food-clean', 'manual__2022-08-17T00:44:32.649423+00:00', '--job-id', '1144', '--raw', '--subdir', 'DAGS_FOLDER/etl_dag.py', '--cfg-path', '/tmp/tmpuwfaesfd', '--error-file', '/tmp/tmpphhr00kv']
[2022-08-17 00:46:18,675] {standard_task_runner.py:80} INFO - Job 1144: Subtask Stage_fast-food-clean
[2022-08-17 00:46:18,729] {task_command.py:371} INFO - Running <TaskInstance: ETL_DAG.Stage_fast-food-clean manual__2022-08-17T00:44:32.649423+00:00 [running]> on host b6e9d58543c5
[2022-08-17 00:46:18,777] {taskinstance.py:1591} INFO - Exporting the following env vars:
AIRFLOW_CTX_DAG_OWNER=narapady
AIRFLOW_CTX_DAG_ID=ETL_DAG
AIRFLOW_CTX_TASK_ID=Stage_fast-food-clean
AIRFLOW_CTX_EXECUTION_DATE=2022-08-17T00:44:32.649423+00:00
AIRFLOW_CTX_TRY_NUMBER=1
AIRFLOW_CTX_DAG_RUN_ID=manual__2022-08-17T00:44:32.649423+00:00
[2022-08-17 00:46:24,484] {logging_mixin.py:115} INFO - Successfully loaded fast-food-staged.csv to s3-bucket-staged
[2022-08-17 00:46:24,490] {python.py:173} INFO - Done. Returned value was: None
[2022-08-17 00:46:24,504] {taskinstance.py:1420} INFO - Marking task as SUCCESS. dag_id=ETL_DAG, task_id=Stage_fast-food-clean, execution_date=20220817T004432, start_date=20220817T004618, end_date=20220817T004624
[2022-08-17 00:46:24,526] {local_task_job.py:156} INFO - Task exited with return code 0
[2022-08-17 00:46:24,552] {local_task_job.py:273} INFO - 0 downstream tasks scheduled from follow-on schedule check
