[2022-08-12 05:18:37,811] {taskinstance.py:1179} INFO - Dependencies all met for <TaskInstance: ETL_DAG_US_FOOD_NUTRITION.Ingest_from_2015 manual__2022-08-12T05:11:17.280858+00:00 [queued]>
[2022-08-12 05:18:37,826] {taskinstance.py:1179} INFO - Dependencies all met for <TaskInstance: ETL_DAG_US_FOOD_NUTRITION.Ingest_from_2015 manual__2022-08-12T05:11:17.280858+00:00 [queued]>
[2022-08-12 05:18:37,828] {taskinstance.py:1376} INFO - 
--------------------------------------------------------------------------------
[2022-08-12 05:18:37,828] {taskinstance.py:1377} INFO - Starting attempt 2 of 6
[2022-08-12 05:18:37,829] {taskinstance.py:1378} INFO - 
--------------------------------------------------------------------------------
[2022-08-12 05:18:37,847] {taskinstance.py:1397} INFO - Executing <Task(PythonOperator): Ingest_from_2015> on 2022-08-12 05:11:17.280858+00:00
[2022-08-12 05:18:37,854] {standard_task_runner.py:52} INFO - Started process 11088 to run task
[2022-08-12 05:18:37,867] {standard_task_runner.py:79} INFO - Running: ['***', 'tasks', 'run', 'ETL_DAG_US_FOOD_NUTRITION', 'Ingest_from_2015', 'manual__2022-08-12T05:11:17.280858+00:00', '--job-id', '811', '--raw', '--subdir', 'DAGS_FOLDER/etl_dag.py', '--cfg-path', '/tmp/tmp6rn48wvp', '--error-file', '/tmp/tmpsx36e6i9']
[2022-08-12 05:18:37,869] {standard_task_runner.py:80} INFO - Job 811: Subtask Ingest_from_2015
[2022-08-12 05:18:37,981] {task_command.py:371} INFO - Running <TaskInstance: ETL_DAG_US_FOOD_NUTRITION.Ingest_from_2015 manual__2022-08-12T05:11:17.280858+00:00 [running]> on host ae5c2449a624
[2022-08-12 05:18:38,091] {taskinstance.py:1591} INFO - Exporting the following env vars:
AIRFLOW_CTX_DAG_OWNER=narapady
AIRFLOW_CTX_DAG_ID=ETL_DAG_US_FOOD_NUTRITION
AIRFLOW_CTX_TASK_ID=Ingest_from_2015
AIRFLOW_CTX_EXECUTION_DATE=2022-08-12T05:11:17.280858+00:00
AIRFLOW_CTX_TRY_NUMBER=2
AIRFLOW_CTX_DAG_RUN_ID=manual__2022-08-12T05:11:17.280858+00:00
[2022-08-12 05:18:45,865] {logging_mixin.py:115} INFO - Successfully uploaded 2015/Table1_2015.xlsx to s3-bucket-raw-usda
[2022-08-12 05:18:47,114] {logging_mixin.py:115} INFO - Successfully uploaded 2015/Table2_2015.xlsx to s3-bucket-raw-usda
[2022-08-12 05:18:48,217] {logging_mixin.py:115} INFO - Successfully uploaded 2015/Table3_2015.xlsx to s3-bucket-raw-usda
[2022-08-12 05:18:49,407] {logging_mixin.py:115} INFO - Successfully uploaded 2015/Table4_2015.xlsx to s3-bucket-raw-usda
[2022-08-12 05:18:50,570] {logging_mixin.py:115} INFO - Successfully uploaded 2015/Table5_2015.xlsx to s3-bucket-raw-usda
[2022-08-12 05:18:51,748] {logging_mixin.py:115} INFO - Successfully uploaded 2015/Table6_2015.xlsx to s3-bucket-raw-usda
[2022-08-12 05:18:52,936] {logging_mixin.py:115} INFO - Successfully uploaded 2015/Table7_2015.xlsx to s3-bucket-raw-usda
[2022-08-12 05:18:54,034] {logging_mixin.py:115} INFO - Successfully uploaded 2015/Table8_2015.xlsx to s3-bucket-raw-usda
[2022-08-12 05:18:54,041] {python.py:173} INFO - Done. Returned value was: None
[2022-08-12 05:18:54,060] {taskinstance.py:1420} INFO - Marking task as SUCCESS. dag_id=ETL_DAG_US_FOOD_NUTRITION, task_id=Ingest_from_2015, execution_date=20220812T051117, start_date=20220812T051837, end_date=20220812T051854
[2022-08-12 05:18:54,121] {local_task_job.py:156} INFO - Task exited with return code 0
[2022-08-12 05:18:54,151] {local_task_job.py:273} INFO - 0 downstream tasks scheduled from follow-on schedule check
