[2022-08-11 23:14:00,521] {taskinstance.py:1179} INFO - Dependencies all met for <TaskInstance: ETL_DAG_US_FOOD_NUTRITION.Transform_nutrient-intake-estimates manual__2022-08-11T23:09:24.436624+00:00 [queued]>
[2022-08-11 23:14:00,543] {taskinstance.py:1179} INFO - Dependencies all met for <TaskInstance: ETL_DAG_US_FOOD_NUTRITION.Transform_nutrient-intake-estimates manual__2022-08-11T23:09:24.436624+00:00 [queued]>
[2022-08-11 23:14:00,549] {taskinstance.py:1376} INFO - 
--------------------------------------------------------------------------------
[2022-08-11 23:14:00,551] {taskinstance.py:1377} INFO - Starting attempt 1 of 6
[2022-08-11 23:14:00,552] {taskinstance.py:1378} INFO - 
--------------------------------------------------------------------------------
[2022-08-11 23:14:00,586] {taskinstance.py:1397} INFO - Executing <Task(PythonOperator): Transform_nutrient-intake-estimates> on 2022-08-11 23:09:24.436624+00:00
[2022-08-11 23:14:00,596] {standard_task_runner.py:52} INFO - Started process 6542 to run task
[2022-08-11 23:14:00,618] {standard_task_runner.py:79} INFO - Running: ['***', 'tasks', 'run', 'ETL_DAG_US_FOOD_NUTRITION', 'Transform_nutrient-intake-estimates', 'manual__2022-08-11T23:09:24.436624+00:00', '--job-id', '724', '--raw', '--subdir', 'DAGS_FOLDER/etl_dag.py', '--cfg-path', '/tmp/tmprswn_x9b', '--error-file', '/tmp/tmpy1tgcsn3']
[2022-08-11 23:14:00,625] {standard_task_runner.py:80} INFO - Job 724: Subtask Transform_nutrient-intake-estimates
[2022-08-11 23:14:00,755] {task_command.py:371} INFO - Running <TaskInstance: ETL_DAG_US_FOOD_NUTRITION.Transform_nutrient-intake-estimates manual__2022-08-11T23:09:24.436624+00:00 [running]> on host a02c2b8cab8b
[2022-08-11 23:14:00,859] {taskinstance.py:1591} INFO - Exporting the following env vars:
AIRFLOW_CTX_DAG_OWNER=narapady
AIRFLOW_CTX_DAG_ID=ETL_DAG_US_FOOD_NUTRITION
AIRFLOW_CTX_TASK_ID=Transform_nutrient-intake-estimates
AIRFLOW_CTX_EXECUTION_DATE=2022-08-11T23:09:24.436624+00:00
AIRFLOW_CTX_TRY_NUMBER=1
AIRFLOW_CTX_DAG_RUN_ID=manual__2022-08-11T23:09:24.436624+00:00
[2022-08-11 23:14:20,746] {logging_mixin.py:115} INFO - Successfully process nutrient-intake-estimates-clean/Total population-2015-2016.csv to S3
[2022-08-11 23:14:21,065] {logging_mixin.py:115} INFO - Successfully process nutrient-intake-estimates-clean/Total population-2017-2018.csv to S3
[2022-08-11 23:14:21,433] {logging_mixin.py:115} INFO - Successfully process nutrient-intake-estimates-clean/Children age 2–19-2015-2016.csv to S3
[2022-08-11 23:14:21,784] {logging_mixin.py:115} INFO - Successfully process nutrient-intake-estimates-clean/Children age 2–19-2017-2018.csv to S3
[2022-08-11 23:14:22,112] {logging_mixin.py:115} INFO - Successfully process nutrient-intake-estimates-clean/Adults age 20-64-2015-2016.csv to S3
[2022-08-11 23:14:22,446] {logging_mixin.py:115} INFO - Successfully process nutrient-intake-estimates-clean/Adults age 20-64-2017-2018.csv to S3
[2022-08-11 23:14:22,887] {logging_mixin.py:115} INFO - Successfully process nutrient-intake-estimates-clean/Seniors age 65 and above-2015-2016.csv to S3
[2022-08-11 23:14:23,219] {logging_mixin.py:115} INFO - Successfully process nutrient-intake-estimates-clean/Seniors age 65 and above-2017-2018.csv to S3
[2022-08-11 23:14:23,562] {logging_mixin.py:115} INFO - Successfully process nutrient-intake-estimates-clean/Household income < 185% poverty line-2015-2016.csv to S3
[2022-08-11 23:14:23,902] {logging_mixin.py:115} INFO - Successfully process nutrient-intake-estimates-clean/Household income < 185% poverty line-2017-2018.csv to S3
[2022-08-11 23:14:24,260] {logging_mixin.py:115} INFO - Successfully process nutrient-intake-estimates-clean/Household income 185–300% poverty line-2015-2016.csv to S3
[2022-08-11 23:14:24,607] {logging_mixin.py:115} INFO - Successfully process nutrient-intake-estimates-clean/Household income 185–300% poverty line-2017-2018.csv to S3
[2022-08-11 23:14:24,936] {logging_mixin.py:115} INFO - Successfully process nutrient-intake-estimates-clean/Household income > 300% poverty line-2015-2016.csv to S3
[2022-08-11 23:14:25,256] {logging_mixin.py:115} INFO - Successfully process nutrient-intake-estimates-clean/Household income > 300% poverty line-2017-2018.csv to S3
[2022-08-11 23:14:25,263] {python.py:173} INFO - Done. Returned value was: None
[2022-08-11 23:14:25,279] {taskinstance.py:1420} INFO - Marking task as SUCCESS. dag_id=ETL_DAG_US_FOOD_NUTRITION, task_id=Transform_nutrient-intake-estimates, execution_date=20220811T230924, start_date=20220811T231400, end_date=20220811T231425
[2022-08-11 23:14:25,308] {local_task_job.py:156} INFO - Task exited with return code 0
[2022-08-11 23:14:25,336] {local_task_job.py:273} INFO - 0 downstream tasks scheduled from follow-on schedule check
