[2022-08-11 21:39:12,805] {taskinstance.py:1179} INFO - Dependencies all met for <TaskInstance: ETL_DAG_V8.Stage_food-consumption-estimates-clean manual__2022-08-11T21:34:01.587578+00:00 [queued]>
[2022-08-11 21:39:12,833] {taskinstance.py:1179} INFO - Dependencies all met for <TaskInstance: ETL_DAG_V8.Stage_food-consumption-estimates-clean manual__2022-08-11T21:34:01.587578+00:00 [queued]>
[2022-08-11 21:39:12,834] {taskinstance.py:1376} INFO - 
--------------------------------------------------------------------------------
[2022-08-11 21:39:12,835] {taskinstance.py:1377} INFO - Starting attempt 1 of 6
[2022-08-11 21:39:12,836] {taskinstance.py:1378} INFO - 
--------------------------------------------------------------------------------
[2022-08-11 21:39:12,854] {taskinstance.py:1397} INFO - Executing <Task(PythonOperator): Stage_food-consumption-estimates-clean> on 2022-08-11 21:34:01.587578+00:00
[2022-08-11 21:39:12,864] {standard_task_runner.py:52} INFO - Started process 629 to run task
[2022-08-11 21:39:12,872] {standard_task_runner.py:79} INFO - Running: ['***', 'tasks', 'run', 'ETL_DAG_V8', 'Stage_food-consumption-estimates-clean', 'manual__2022-08-11T21:34:01.587578+00:00', '--job-id', '692', '--raw', '--subdir', 'DAGS_FOLDER/etl_dag.py', '--cfg-path', '/tmp/tmpbk88k61z', '--error-file', '/tmp/tmp2ngv5nio']
[2022-08-11 21:39:12,875] {standard_task_runner.py:80} INFO - Job 692: Subtask Stage_food-consumption-estimates-clean
[2022-08-11 21:39:12,952] {task_command.py:371} INFO - Running <TaskInstance: ETL_DAG_V8.Stage_food-consumption-estimates-clean manual__2022-08-11T21:34:01.587578+00:00 [running]> on host a02c2b8cab8b
[2022-08-11 21:39:13,018] {taskinstance.py:1591} INFO - Exporting the following env vars:
AIRFLOW_CTX_DAG_OWNER=narapady
AIRFLOW_CTX_DAG_ID=ETL_DAG_V8
AIRFLOW_CTX_TASK_ID=Stage_food-consumption-estimates-clean
AIRFLOW_CTX_EXECUTION_DATE=2022-08-11T21:34:01.587578+00:00
AIRFLOW_CTX_TRY_NUMBER=1
AIRFLOW_CTX_DAG_RUN_ID=manual__2022-08-11T21:34:01.587578+00:00
[2022-08-11 21:39:24,624] {logging_mixin.py:115} INFO - Successfully loaded food-consumption-estimates-staged.csv to s3-bucket-staged
[2022-08-11 21:39:24,629] {python.py:173} INFO - Done. Returned value was: None
[2022-08-11 21:39:24,651] {taskinstance.py:1420} INFO - Marking task as SUCCESS. dag_id=ETL_DAG_V8, task_id=Stage_food-consumption-estimates-clean, execution_date=20220811T213401, start_date=20220811T213912, end_date=20220811T213924
[2022-08-11 21:39:24,705] {local_task_job.py:156} INFO - Task exited with return code 0
[2022-08-11 21:39:24,733] {local_task_job.py:273} INFO - 0 downstream tasks scheduled from follow-on schedule check
