[2022-08-11 19:35:54,055] {taskinstance.py:1179} INFO - Dependencies all met for <TaskInstance: ETL_DAG_V2.Create_s3_buckek_raw manual__2022-08-11T19:19:47.922898+00:00 [queued]>
[2022-08-11 19:35:54,082] {taskinstance.py:1179} INFO - Dependencies all met for <TaskInstance: ETL_DAG_V2.Create_s3_buckek_raw manual__2022-08-11T19:19:47.922898+00:00 [queued]>
[2022-08-11 19:35:54,084] {taskinstance.py:1376} INFO - 
--------------------------------------------------------------------------------
[2022-08-11 19:35:54,085] {taskinstance.py:1377} INFO - Starting attempt 1 of 6
[2022-08-11 19:35:54,090] {taskinstance.py:1378} INFO - 
--------------------------------------------------------------------------------
[2022-08-11 19:35:54,120] {taskinstance.py:1397} INFO - Executing <Task(PythonOperator): Create_s3_buckek_raw> on 2022-08-11 19:19:47.922898+00:00
[2022-08-11 19:35:54,129] {standard_task_runner.py:52} INFO - Started process 2968 to run task
[2022-08-11 19:35:54,136] {standard_task_runner.py:79} INFO - Running: ['***', 'tasks', 'run', 'ETL_DAG_V2', 'Create_s3_buckek_raw', 'manual__2022-08-11T19:19:47.922898+00:00', '--job-id', '512', '--raw', '--subdir', 'DAGS_FOLDER/etl_dag.py', '--cfg-path', '/tmp/tmp910ohpv3', '--error-file', '/tmp/tmpff5n1fa6']
[2022-08-11 19:35:54,139] {standard_task_runner.py:80} INFO - Job 512: Subtask Create_s3_buckek_raw
[2022-08-11 19:35:54,242] {task_command.py:371} INFO - Running <TaskInstance: ETL_DAG_V2.Create_s3_buckek_raw manual__2022-08-11T19:19:47.922898+00:00 [running]> on host ce1be8c59d56
[2022-08-11 19:35:54,394] {taskinstance.py:1591} INFO - Exporting the following env vars:
AIRFLOW_CTX_DAG_OWNER=narapady
AIRFLOW_CTX_DAG_ID=ETL_DAG_V2
AIRFLOW_CTX_TASK_ID=Create_s3_buckek_raw
AIRFLOW_CTX_EXECUTION_DATE=2022-08-11T19:19:47.922898+00:00
AIRFLOW_CTX_TRY_NUMBER=1
AIRFLOW_CTX_DAG_RUN_ID=manual__2022-08-11T19:19:47.922898+00:00
[2022-08-11 19:35:55,840] {python.py:173} INFO - Done. Returned value was: {'ResponseMetadata': {'RequestId': '2NH6JAXA0MMKQ7FG', 'HostId': 'qGqivcA8yZRWxicrAmjbvDvuW783f/CWRbo26Mu/w6Sh4t7j7neDnKlZKIAHV9/bL9ny33f912s=', 'HTTPStatusCode': 200, 'HTTPHeaders': {'x-amz-id-2': 'qGqivcA8yZRWxicrAmjbvDvuW783f/CWRbo26Mu/w6Sh4t7j7neDnKlZKIAHV9/bL9ny33f912s=', 'x-amz-request-id': '2NH6JAXA0MMKQ7FG', 'date': 'Thu, 11 Aug 2022 19:35:56 GMT', 'location': '/s3-bucket-raw-usda', 'server': 'AmazonS3', 'content-length': '0'}, 'RetryAttempts': 0}, 'Location': '/s3-bucket-raw-usda'}
[2022-08-11 19:35:55,861] {taskinstance.py:1420} INFO - Marking task as SUCCESS. dag_id=ETL_DAG_V2, task_id=Create_s3_buckek_raw, execution_date=20220811T191947, start_date=20220811T193554, end_date=20220811T193555
[2022-08-11 19:35:55,883] {local_task_job.py:156} INFO - Task exited with return code 0
[2022-08-11 19:35:55,910] {local_task_job.py:273} INFO - 0 downstream tasks scheduled from follow-on schedule check
