[2022-08-11 21:21:02,519] {taskinstance.py:1179} INFO - Dependencies all met for <TaskInstance: ETL_DAG_V8.Stage_loss-adjusted-food-availability-clean manual__2022-08-11T21:16:03.096610+00:00 [queued]>
[2022-08-11 21:21:02,534] {taskinstance.py:1179} INFO - Dependencies all met for <TaskInstance: ETL_DAG_V8.Stage_loss-adjusted-food-availability-clean manual__2022-08-11T21:16:03.096610+00:00 [queued]>
[2022-08-11 21:21:02,535] {taskinstance.py:1376} INFO - 
--------------------------------------------------------------------------------
[2022-08-11 21:21:02,536] {taskinstance.py:1377} INFO - Starting attempt 1 of 6
[2022-08-11 21:21:02,537] {taskinstance.py:1378} INFO - 
--------------------------------------------------------------------------------
[2022-08-11 21:21:02,549] {taskinstance.py:1397} INFO - Executing <Task(PythonOperator): Stage_loss-adjusted-food-availability-clean> on 2022-08-11 21:16:03.096610+00:00
[2022-08-11 21:21:02,558] {standard_task_runner.py:52} INFO - Started process 10487 to run task
[2022-08-11 21:21:02,565] {standard_task_runner.py:79} INFO - Running: ['***', 'tasks', 'run', 'ETL_DAG_V8', 'Stage_loss-adjusted-food-availability-clean', 'manual__2022-08-11T21:16:03.096610+00:00', '--job-id', '650', '--raw', '--subdir', 'DAGS_FOLDER/etl_dag.py', '--cfg-path', '/tmp/tmpu1zqhgcu', '--error-file', '/tmp/tmpp5im2be9']
[2022-08-11 21:21:02,571] {standard_task_runner.py:80} INFO - Job 650: Subtask Stage_loss-adjusted-food-availability-clean
[2022-08-11 21:21:02,673] {task_command.py:371} INFO - Running <TaskInstance: ETL_DAG_V8.Stage_loss-adjusted-food-availability-clean manual__2022-08-11T21:16:03.096610+00:00 [running]> on host ce1be8c59d56
[2022-08-11 21:21:02,774] {taskinstance.py:1591} INFO - Exporting the following env vars:
AIRFLOW_CTX_DAG_OWNER=narapady
AIRFLOW_CTX_DAG_ID=ETL_DAG_V8
AIRFLOW_CTX_TASK_ID=Stage_loss-adjusted-food-availability-clean
AIRFLOW_CTX_EXECUTION_DATE=2022-08-11T21:16:03.096610+00:00
AIRFLOW_CTX_TRY_NUMBER=1
AIRFLOW_CTX_DAG_RUN_ID=manual__2022-08-11T21:16:03.096610+00:00
[2022-08-11 21:23:22,258] {logging_mixin.py:115} INFO - Successfully loaded percents-staged.csv to s3-bucket-staged
[2022-08-11 21:23:31,476] {logging_mixin.py:115} INFO - Successfully loaded totals-staged.csv to s3-bucket-staged
[2022-08-11 21:24:30,090] {logging_mixin.py:115} INFO - Successfully loaded loss-adjusted-food-availability-staged.csv to s3-bucket-staged
[2022-08-11 21:24:30,097] {python.py:173} INFO - Done. Returned value was: None
[2022-08-11 21:24:30,111] {taskinstance.py:1420} INFO - Marking task as SUCCESS. dag_id=ETL_DAG_V8, task_id=Stage_loss-adjusted-food-availability-clean, execution_date=20220811T211603, start_date=20220811T212102, end_date=20220811T212430
[2022-08-11 21:24:30,184] {local_task_job.py:156} INFO - Task exited with return code 0
[2022-08-11 21:24:30,213] {local_task_job.py:273} INFO - 1 downstream tasks scheduled from follow-on schedule check
