[2022-08-11 20:49:41,893] {taskinstance.py:1179} INFO - Dependencies all met for <TaskInstance: ETL_DAG_V7.Transform_nutrient-intake-estimates manual__2022-08-11T20:45:41.327998+00:00 [queued]>
[2022-08-11 20:49:41,907] {taskinstance.py:1179} INFO - Dependencies all met for <TaskInstance: ETL_DAG_V7.Transform_nutrient-intake-estimates manual__2022-08-11T20:45:41.327998+00:00 [queued]>
[2022-08-11 20:49:41,914] {taskinstance.py:1376} INFO - 
--------------------------------------------------------------------------------
[2022-08-11 20:49:41,916] {taskinstance.py:1377} INFO - Starting attempt 1 of 6
[2022-08-11 20:49:41,917] {taskinstance.py:1378} INFO - 
--------------------------------------------------------------------------------
[2022-08-11 20:49:41,937] {taskinstance.py:1397} INFO - Executing <Task(PythonOperator): Transform_nutrient-intake-estimates> on 2022-08-11 20:45:41.327998+00:00
[2022-08-11 20:49:41,944] {standard_task_runner.py:52} INFO - Started process 8154 to run task
[2022-08-11 20:49:41,958] {standard_task_runner.py:79} INFO - Running: ['***', 'tasks', 'run', 'ETL_DAG_V7', 'Transform_nutrient-intake-estimates', 'manual__2022-08-11T20:45:41.327998+00:00', '--job-id', '592', '--raw', '--subdir', 'DAGS_FOLDER/etl_dag.py', '--cfg-path', '/tmp/tmpvnu65dql', '--error-file', '/tmp/tmpvlq8g2db']
[2022-08-11 20:49:41,961] {standard_task_runner.py:80} INFO - Job 592: Subtask Transform_nutrient-intake-estimates
[2022-08-11 20:49:42,044] {task_command.py:371} INFO - Running <TaskInstance: ETL_DAG_V7.Transform_nutrient-intake-estimates manual__2022-08-11T20:45:41.327998+00:00 [running]> on host ce1be8c59d56
[2022-08-11 20:49:42,128] {taskinstance.py:1591} INFO - Exporting the following env vars:
AIRFLOW_CTX_DAG_OWNER=narapady
AIRFLOW_CTX_DAG_ID=ETL_DAG_V7
AIRFLOW_CTX_TASK_ID=Transform_nutrient-intake-estimates
AIRFLOW_CTX_EXECUTION_DATE=2022-08-11T20:45:41.327998+00:00
AIRFLOW_CTX_TRY_NUMBER=1
AIRFLOW_CTX_DAG_RUN_ID=manual__2022-08-11T20:45:41.327998+00:00
[2022-08-11 20:49:59,124] {logging_mixin.py:115} INFO - Successfully process nutrient-intake-estimates-clean/Total population-2015-2016.csv to S3
[2022-08-11 20:49:59,419] {logging_mixin.py:115} INFO - Successfully process nutrient-intake-estimates-clean/Total population-2017-2018.csv to S3
[2022-08-11 20:49:59,724] {logging_mixin.py:115} INFO - Successfully process nutrient-intake-estimates-clean/Children age 2–19-2015-2016.csv to S3
[2022-08-11 20:50:00,034] {logging_mixin.py:115} INFO - Successfully process nutrient-intake-estimates-clean/Children age 2–19-2017-2018.csv to S3
[2022-08-11 20:50:00,324] {logging_mixin.py:115} INFO - Successfully process nutrient-intake-estimates-clean/Adults age 20-64-2015-2016.csv to S3
[2022-08-11 20:50:00,634] {logging_mixin.py:115} INFO - Successfully process nutrient-intake-estimates-clean/Adults age 20-64-2017-2018.csv to S3
[2022-08-11 20:50:00,989] {logging_mixin.py:115} INFO - Successfully process nutrient-intake-estimates-clean/Seniors age 65 and above-2015-2016.csv to S3
[2022-08-11 20:50:01,322] {logging_mixin.py:115} INFO - Successfully process nutrient-intake-estimates-clean/Seniors age 65 and above-2017-2018.csv to S3
[2022-08-11 20:50:01,634] {logging_mixin.py:115} INFO - Successfully process nutrient-intake-estimates-clean/Household income < 185% poverty line-2015-2016.csv to S3
[2022-08-11 20:50:01,935] {logging_mixin.py:115} INFO - Successfully process nutrient-intake-estimates-clean/Household income < 185% poverty line-2017-2018.csv to S3
[2022-08-11 20:50:02,242] {logging_mixin.py:115} INFO - Successfully process nutrient-intake-estimates-clean/Household income 185–300% poverty line-2015-2016.csv to S3
[2022-08-11 20:50:02,586] {logging_mixin.py:115} INFO - Successfully process nutrient-intake-estimates-clean/Household income 185–300% poverty line-2017-2018.csv to S3
[2022-08-11 20:50:02,896] {logging_mixin.py:115} INFO - Successfully process nutrient-intake-estimates-clean/Household income > 300% poverty line-2015-2016.csv to S3
[2022-08-11 20:50:03,207] {logging_mixin.py:115} INFO - Successfully process nutrient-intake-estimates-clean/Household income > 300% poverty line-2017-2018.csv to S3
[2022-08-11 20:50:03,211] {python.py:173} INFO - Done. Returned value was: None
[2022-08-11 20:50:03,226] {taskinstance.py:1420} INFO - Marking task as SUCCESS. dag_id=ETL_DAG_V7, task_id=Transform_nutrient-intake-estimates, execution_date=20220811T204541, start_date=20220811T204941, end_date=20220811T205003
[2022-08-11 20:50:03,296] {local_task_job.py:156} INFO - Task exited with return code 0
[2022-08-11 20:50:03,332] {local_task_job.py:273} INFO - 0 downstream tasks scheduled from follow-on schedule check
