[2022-08-14 16:45:02,747] {taskinstance.py:1179} INFO - Dependencies all met for <TaskInstance: ETL_DAG.Ingest_from_consumer_price_index scheduled__2022-08-07T00:00:00+00:00 [queued]>
[2022-08-14 16:45:02,770] {taskinstance.py:1179} INFO - Dependencies all met for <TaskInstance: ETL_DAG.Ingest_from_consumer_price_index scheduled__2022-08-07T00:00:00+00:00 [queued]>
[2022-08-14 16:45:02,771] {taskinstance.py:1376} INFO - 
--------------------------------------------------------------------------------
[2022-08-14 16:45:02,773] {taskinstance.py:1377} INFO - Starting attempt 1 of 6
[2022-08-14 16:45:02,773] {taskinstance.py:1378} INFO - 
--------------------------------------------------------------------------------
[2022-08-14 16:45:02,794] {taskinstance.py:1397} INFO - Executing <Task(PythonOperator): Ingest_from_consumer_price_index> on 2022-08-07 00:00:00+00:00
[2022-08-14 16:45:02,800] {standard_task_runner.py:52} INFO - Started process 221 to run task
[2022-08-14 16:45:02,818] {standard_task_runner.py:79} INFO - Running: ['***', 'tasks', 'run', 'ETL_DAG', 'Ingest_from_consumer_price_index', 'scheduled__2022-08-07T00:00:00+00:00', '--job-id', '933', '--raw', '--subdir', 'DAGS_FOLDER/etl_dag.py', '--cfg-path', '/tmp/tmpubwn96ku', '--error-file', '/tmp/tmpwtvqii7w']
[2022-08-14 16:45:02,821] {standard_task_runner.py:80} INFO - Job 933: Subtask Ingest_from_consumer_price_index
[2022-08-14 16:45:02,913] {task_command.py:371} INFO - Running <TaskInstance: ETL_DAG.Ingest_from_consumer_price_index scheduled__2022-08-07T00:00:00+00:00 [running]> on host 0dbf9d5e5cdb
[2022-08-14 16:45:03,017] {taskinstance.py:1591} INFO - Exporting the following env vars:
AIRFLOW_CTX_DAG_OWNER=narapady
AIRFLOW_CTX_DAG_ID=ETL_DAG
AIRFLOW_CTX_TASK_ID=Ingest_from_consumer_price_index
AIRFLOW_CTX_EXECUTION_DATE=2022-08-07T00:00:00+00:00
AIRFLOW_CTX_TRY_NUMBER=1
AIRFLOW_CTX_DAG_RUN_ID=scheduled__2022-08-07T00:00:00+00:00
[2022-08-14 16:45:11,014] {logging_mixin.py:115} INFO - Successfully uploaded consumer-price-index/CPIforecast.xlsx to s3-bucket-raw-usda
[2022-08-14 16:45:12,344] {logging_mixin.py:115} INFO - Successfully uploaded consumer-price-index/historicalcpi.xlsx to s3-bucket-raw-usda
[2022-08-14 16:45:12,346] {python.py:173} INFO - Done. Returned value was: None
[2022-08-14 16:45:12,355] {taskinstance.py:1420} INFO - Marking task as SUCCESS. dag_id=ETL_DAG, task_id=Ingest_from_consumer_price_index, execution_date=20220807T000000, start_date=20220814T164502, end_date=20220814T164512
[2022-08-14 16:45:12,385] {local_task_job.py:156} INFO - Task exited with return code 0
[2022-08-14 16:45:12,413] {local_task_job.py:273} INFO - 0 downstream tasks scheduled from follow-on schedule check
