[2022-08-12 05:33:37,587] {taskinstance.py:1179} INFO - Dependencies all met for <TaskInstance: ETL_DAG.Ingest_from_consumer_price_index manual__2022-08-12T05:33:31.619708+00:00 [queued]>
[2022-08-12 05:33:37,597] {taskinstance.py:1179} INFO - Dependencies all met for <TaskInstance: ETL_DAG.Ingest_from_consumer_price_index manual__2022-08-12T05:33:31.619708+00:00 [queued]>
[2022-08-12 05:33:37,599] {taskinstance.py:1376} INFO - 
--------------------------------------------------------------------------------
[2022-08-12 05:33:37,600] {taskinstance.py:1377} INFO - Starting attempt 1 of 6
[2022-08-12 05:33:37,601] {taskinstance.py:1378} INFO - 
--------------------------------------------------------------------------------
[2022-08-12 05:33:37,615] {taskinstance.py:1397} INFO - Executing <Task(PythonOperator): Ingest_from_consumer_price_index> on 2022-08-12 05:33:31.619708+00:00
[2022-08-12 05:33:37,628] {standard_task_runner.py:52} INFO - Started process 323 to run task
[2022-08-12 05:33:37,643] {standard_task_runner.py:79} INFO - Running: ['***', 'tasks', 'run', 'ETL_DAG', 'Ingest_from_consumer_price_index', 'manual__2022-08-12T05:33:31.619708+00:00', '--job-id', '854', '--raw', '--subdir', 'DAGS_FOLDER/etl_dag.py', '--cfg-path', '/tmp/tmpv_w75jd1', '--error-file', '/tmp/tmpe0fgw_rq']
[2022-08-12 05:33:37,650] {standard_task_runner.py:80} INFO - Job 854: Subtask Ingest_from_consumer_price_index
[2022-08-12 05:33:37,756] {task_command.py:371} INFO - Running <TaskInstance: ETL_DAG.Ingest_from_consumer_price_index manual__2022-08-12T05:33:31.619708+00:00 [running]> on host 959a8f00817b
[2022-08-12 05:33:37,849] {taskinstance.py:1591} INFO - Exporting the following env vars:
AIRFLOW_CTX_DAG_OWNER=narapady
AIRFLOW_CTX_DAG_ID=ETL_DAG
AIRFLOW_CTX_TASK_ID=Ingest_from_consumer_price_index
AIRFLOW_CTX_EXECUTION_DATE=2022-08-12T05:33:31.619708+00:00
AIRFLOW_CTX_TRY_NUMBER=1
AIRFLOW_CTX_DAG_RUN_ID=manual__2022-08-12T05:33:31.619708+00:00
[2022-08-12 05:33:46,538] {logging_mixin.py:115} INFO - Successfully uploaded consumer-price-index/CPIforecast.xlsx to s3-bucket-raw-usda
[2022-08-12 05:33:47,872] {logging_mixin.py:115} INFO - Successfully uploaded consumer-price-index/historicalcpi.xlsx to s3-bucket-raw-usda
[2022-08-12 05:33:47,876] {python.py:173} INFO - Done. Returned value was: None
[2022-08-12 05:33:47,894] {taskinstance.py:1420} INFO - Marking task as SUCCESS. dag_id=ETL_DAG, task_id=Ingest_from_consumer_price_index, execution_date=20220812T053331, start_date=20220812T053337, end_date=20220812T053347
[2022-08-12 05:33:47,952] {local_task_job.py:156} INFO - Task exited with return code 0
[2022-08-12 05:33:47,984] {local_task_job.py:273} INFO - 0 downstream tasks scheduled from follow-on schedule check
