[2022-08-11 19:22:00,192] {taskinstance.py:1179} INFO - Dependencies all met for <TaskInstance: ETL_DAG_V2.Ingest_from_food_consumption_estimates manual__2022-08-11T00:39:54.349266+00:00 [queued]>
[2022-08-11 19:22:00,202] {taskinstance.py:1179} INFO - Dependencies all met for <TaskInstance: ETL_DAG_V2.Ingest_from_food_consumption_estimates manual__2022-08-11T00:39:54.349266+00:00 [queued]>
[2022-08-11 19:22:00,203] {taskinstance.py:1376} INFO - 
--------------------------------------------------------------------------------
[2022-08-11 19:22:00,204] {taskinstance.py:1377} INFO - Starting attempt 2 of 6
[2022-08-11 19:22:00,205] {taskinstance.py:1378} INFO - 
--------------------------------------------------------------------------------
[2022-08-11 19:22:00,213] {taskinstance.py:1397} INFO - Executing <Task(PythonOperator): Ingest_from_food_consumption_estimates> on 2022-08-11 00:39:54.349266+00:00
[2022-08-11 19:22:00,218] {standard_task_runner.py:52} INFO - Started process 1886 to run task
[2022-08-11 19:22:00,221] {standard_task_runner.py:79} INFO - Running: ['***', 'tasks', 'run', 'ETL_DAG_V2', 'Ingest_from_food_consumption_estimates', 'manual__2022-08-11T00:39:54.349266+00:00', '--job-id', '468', '--raw', '--subdir', 'DAGS_FOLDER/etl_dag.py', '--cfg-path', '/tmp/tmpixmviqv9', '--error-file', '/tmp/tmp6r4qvs_q']
[2022-08-11 19:22:00,224] {standard_task_runner.py:80} INFO - Job 468: Subtask Ingest_from_food_consumption_estimates
[2022-08-11 19:22:00,278] {task_command.py:371} INFO - Running <TaskInstance: ETL_DAG_V2.Ingest_from_food_consumption_estimates manual__2022-08-11T00:39:54.349266+00:00 [running]> on host ce1be8c59d56
[2022-08-11 19:22:00,337] {taskinstance.py:1591} INFO - Exporting the following env vars:
AIRFLOW_CTX_DAG_OWNER=narapady
AIRFLOW_CTX_DAG_ID=ETL_DAG_V2
AIRFLOW_CTX_TASK_ID=Ingest_from_food_consumption_estimates
AIRFLOW_CTX_EXECUTION_DATE=2022-08-11T00:39:54.349266+00:00
AIRFLOW_CTX_TRY_NUMBER=2
AIRFLOW_CTX_DAG_RUN_ID=manual__2022-08-11T00:39:54.349266+00:00
[2022-08-11 19:22:07,027] {taskinstance.py:1909} ERROR - Task failed with exception
Traceback (most recent call last):
  File "/home/airflow/.local/lib/python3.7/site-packages/airflow/operators/python.py", line 171, in execute
    return_value = self.execute_callable()
  File "/home/airflow/.local/lib/python3.7/site-packages/airflow/operators/python.py", line 189, in execute_callable
    return self.python_callable(*self.op_args, **self.op_kwargs)
  File "/opt/airflow/dags/ingest/ingestor.py", line 129, in run
    ingestor_usda.ingest()
  File "/opt/airflow/dags/ingest/ingestor.py", line 111, in ingest
    ingest_usda(self.s3, self.source, self.bucket_name, self.category)
  File "/opt/airflow/dags/ingest/ingestor.py", line 61, in ingest_usda
    links = filter_links(source_list)[category]
KeyError: 'food_consumption_estimates'
[2022-08-11 19:22:07,041] {taskinstance.py:1420} INFO - Marking task as UP_FOR_RETRY. dag_id=ETL_DAG_V2, task_id=Ingest_from_food_consumption_estimates, execution_date=20220811T003954, start_date=20220811T192200, end_date=20220811T192207
[2022-08-11 19:22:07,054] {standard_task_runner.py:97} ERROR - Failed to execute job 468 for task Ingest_from_food_consumption_estimates ('food_consumption_estimates'; 1886)
[2022-08-11 19:22:07,098] {local_task_job.py:156} INFO - Task exited with return code 1
[2022-08-11 19:22:07,125] {local_task_job.py:273} INFO - 0 downstream tasks scheduled from follow-on schedule check
