[2022-08-12 05:37:38,420] {taskinstance.py:1179} INFO - Dependencies all met for <TaskInstance: ETL_DAG.Transform_consumer-price-index manual__2022-08-12T05:33:31.619708+00:00 [queued]>
[2022-08-12 05:37:38,434] {taskinstance.py:1179} INFO - Dependencies all met for <TaskInstance: ETL_DAG.Transform_consumer-price-index manual__2022-08-12T05:33:31.619708+00:00 [queued]>
[2022-08-12 05:37:38,435] {taskinstance.py:1376} INFO - 
--------------------------------------------------------------------------------
[2022-08-12 05:37:38,436] {taskinstance.py:1377} INFO - Starting attempt 1 of 6
[2022-08-12 05:37:38,436] {taskinstance.py:1378} INFO - 
--------------------------------------------------------------------------------
[2022-08-12 05:37:38,451] {taskinstance.py:1397} INFO - Executing <Task(PythonOperator): Transform_consumer-price-index> on 2022-08-12 05:33:31.619708+00:00
[2022-08-12 05:37:38,457] {standard_task_runner.py:52} INFO - Started process 621 to run task
[2022-08-12 05:37:38,470] {standard_task_runner.py:79} INFO - Running: ['***', 'tasks', 'run', 'ETL_DAG', 'Transform_consumer-price-index', 'manual__2022-08-12T05:33:31.619708+00:00', '--job-id', '862', '--raw', '--subdir', 'DAGS_FOLDER/etl_dag.py', '--cfg-path', '/tmp/tmpighff2pt', '--error-file', '/tmp/tmp89jicfgk']
[2022-08-12 05:37:38,474] {standard_task_runner.py:80} INFO - Job 862: Subtask Transform_consumer-price-index
[2022-08-12 05:37:38,600] {task_command.py:371} INFO - Running <TaskInstance: ETL_DAG.Transform_consumer-price-index manual__2022-08-12T05:33:31.619708+00:00 [running]> on host 959a8f00817b
[2022-08-12 05:37:38,683] {taskinstance.py:1591} INFO - Exporting the following env vars:
AIRFLOW_CTX_DAG_OWNER=narapady
AIRFLOW_CTX_DAG_ID=ETL_DAG
AIRFLOW_CTX_TASK_ID=Transform_consumer-price-index
AIRFLOW_CTX_EXECUTION_DATE=2022-08-12T05:33:31.619708+00:00
AIRFLOW_CTX_TRY_NUMBER=1
AIRFLOW_CTX_DAG_RUN_ID=manual__2022-08-12T05:33:31.619708+00:00
[2022-08-12 05:38:11,579] {logging_mixin.py:115} INFO - Successfully process price-index-clean/consumer-price-index.csv to S3
[2022-08-12 05:38:11,582] {python.py:173} INFO - Done. Returned value was: None
[2022-08-12 05:38:11,596] {taskinstance.py:1420} INFO - Marking task as SUCCESS. dag_id=ETL_DAG, task_id=Transform_consumer-price-index, execution_date=20220812T053331, start_date=20220812T053738, end_date=20220812T053811
[2022-08-12 05:38:11,634] {local_task_job.py:156} INFO - Task exited with return code 0
[2022-08-12 05:38:11,669] {local_task_job.py:273} INFO - 0 downstream tasks scheduled from follow-on schedule check
