[2022-08-14 16:48:33,221] {taskinstance.py:1179} INFO - Dependencies all met for <TaskInstance: ETL_DAG.Ingest_from_current_food_expenditure_series manual__2022-08-14T16:48:28.179984+00:00 [queued]>
[2022-08-14 16:48:33,238] {taskinstance.py:1179} INFO - Dependencies all met for <TaskInstance: ETL_DAG.Ingest_from_current_food_expenditure_series manual__2022-08-14T16:48:28.179984+00:00 [queued]>
[2022-08-14 16:48:33,239] {taskinstance.py:1376} INFO - 
--------------------------------------------------------------------------------
[2022-08-14 16:48:33,240] {taskinstance.py:1377} INFO - Starting attempt 1 of 6
[2022-08-14 16:48:33,242] {taskinstance.py:1378} INFO - 
--------------------------------------------------------------------------------
[2022-08-14 16:48:33,257] {taskinstance.py:1397} INFO - Executing <Task(PythonOperator): Ingest_from_current_food_expenditure_series> on 2022-08-14 16:48:28.179984+00:00
[2022-08-14 16:48:33,262] {standard_task_runner.py:52} INFO - Started process 475 to run task
[2022-08-14 16:48:33,267] {standard_task_runner.py:79} INFO - Running: ['***', 'tasks', 'run', 'ETL_DAG', 'Ingest_from_current_food_expenditure_series', 'manual__2022-08-14T16:48:28.179984+00:00', '--job-id', '944', '--raw', '--subdir', 'DAGS_FOLDER/etl_dag.py', '--cfg-path', '/tmp/tmp_9ix4m5m', '--error-file', '/tmp/tmp46tofcgy']
[2022-08-14 16:48:33,272] {standard_task_runner.py:80} INFO - Job 944: Subtask Ingest_from_current_food_expenditure_series
[2022-08-14 16:48:33,402] {task_command.py:371} INFO - Running <TaskInstance: ETL_DAG.Ingest_from_current_food_expenditure_series manual__2022-08-14T16:48:28.179984+00:00 [running]> on host 0dbf9d5e5cdb
[2022-08-14 16:48:33,480] {taskinstance.py:1591} INFO - Exporting the following env vars:
AIRFLOW_CTX_DAG_OWNER=narapady
AIRFLOW_CTX_DAG_ID=ETL_DAG
AIRFLOW_CTX_TASK_ID=Ingest_from_current_food_expenditure_series
AIRFLOW_CTX_EXECUTION_DATE=2022-08-14T16:48:28.179984+00:00
AIRFLOW_CTX_TRY_NUMBER=1
AIRFLOW_CTX_DAG_RUN_ID=manual__2022-08-14T16:48:28.179984+00:00
[2022-08-14 16:48:39,813] {logging_mixin.py:115} INFO - Successfully uploaded current-food-expenditure-series/nominal_expenditures.xlsx to s3-bucket-raw-usda
[2022-08-14 16:48:41,062] {logging_mixin.py:115} INFO - Successfully uploaded current-food-expenditure-series/nominal_expenditures_no_taxes_tips.xlsx to s3-bucket-raw-usda
[2022-08-14 16:48:42,272] {logging_mixin.py:115} INFO - Successfully uploaded current-food-expenditure-series/constant_dollar_expenditures.xlsx to s3-bucket-raw-usda
[2022-08-14 16:48:43,500] {logging_mixin.py:115} INFO - Successfully uploaded current-food-expenditure-series/constant_dollar_expenditures_no_taxes_tips.xlsx to s3-bucket-raw-usda
[2022-08-14 16:48:44,675] {logging_mixin.py:115} INFO - Successfully uploaded current-food-expenditure-series/food_expenditures_source_funds.xlsx to s3-bucket-raw-usda
[2022-08-14 16:48:45,912] {logging_mixin.py:115} INFO - Successfully uploaded current-food-expenditure-series/normalized_food_expenditures.xlsx to s3-bucket-raw-usda
[2022-08-14 16:48:47,345] {logging_mixin.py:115} INFO - Successfully uploaded current-food-expenditure-series/monthly_sales.xlsx to s3-bucket-raw-usda
[2022-08-14 16:48:48,722] {logging_mixin.py:115} INFO - Successfully uploaded current-food-expenditure-series/archived_nominal_expenditures_1.xlsx to s3-bucket-raw-usda
[2022-08-14 16:48:49,809] {logging_mixin.py:115} INFO - Successfully uploaded current-food-expenditure-series/archived_expenditures_purchaser_2.xlsx to s3-bucket-raw-usda
[2022-08-14 16:48:51,056] {logging_mixin.py:115} INFO - Successfully uploaded current-food-expenditure-series/archived_normalized_expenditures_3.xlsx to s3-bucket-raw-usda
[2022-08-14 16:48:52,270] {logging_mixin.py:115} INFO - Successfully uploaded current-food-expenditure-series/archived_monthly_4.xlsx to s3-bucket-raw-usda
[2022-08-14 16:48:52,273] {python.py:173} INFO - Done. Returned value was: None
[2022-08-14 16:48:52,289] {taskinstance.py:1420} INFO - Marking task as SUCCESS. dag_id=ETL_DAG, task_id=Ingest_from_current_food_expenditure_series, execution_date=20220814T164828, start_date=20220814T164833, end_date=20220814T164852
[2022-08-14 16:48:52,351] {local_task_job.py:156} INFO - Task exited with return code 0
[2022-08-14 16:48:52,382] {local_task_job.py:273} INFO - 0 downstream tasks scheduled from follow-on schedule check
