[2022-08-15 20:40:56,017] {taskinstance.py:1179} INFO - Dependencies all met for <TaskInstance: ETL_DAG.Ingest_from_2016 manual__2022-08-15T20:40:50.207703+00:00 [queued]>
[2022-08-15 20:40:56,054] {taskinstance.py:1179} INFO - Dependencies all met for <TaskInstance: ETL_DAG.Ingest_from_2016 manual__2022-08-15T20:40:50.207703+00:00 [queued]>
[2022-08-15 20:40:56,057] {taskinstance.py:1376} INFO - 
--------------------------------------------------------------------------------
[2022-08-15 20:40:56,058] {taskinstance.py:1377} INFO - Starting attempt 1 of 6
[2022-08-15 20:40:56,060] {taskinstance.py:1378} INFO - 
--------------------------------------------------------------------------------
[2022-08-15 20:40:56,082] {taskinstance.py:1397} INFO - Executing <Task(PythonOperator): Ingest_from_2016> on 2022-08-15 20:40:50.207703+00:00
[2022-08-15 20:40:56,089] {standard_task_runner.py:52} INFO - Started process 372 to run task
[2022-08-15 20:40:56,108] {standard_task_runner.py:79} INFO - Running: ['***', 'tasks', 'run', 'ETL_DAG', 'Ingest_from_2016', 'manual__2022-08-15T20:40:50.207703+00:00', '--job-id', '1006', '--raw', '--subdir', 'DAGS_FOLDER/etl_dag.py', '--cfg-path', '/tmp/tmpyeiupn7l', '--error-file', '/tmp/tmpk45t1m51']
[2022-08-15 20:40:56,117] {standard_task_runner.py:80} INFO - Job 1006: Subtask Ingest_from_2016
[2022-08-15 20:40:56,280] {task_command.py:371} INFO - Running <TaskInstance: ETL_DAG.Ingest_from_2016 manual__2022-08-15T20:40:50.207703+00:00 [running]> on host 42abdd2e54ec
[2022-08-15 20:40:56,457] {taskinstance.py:1591} INFO - Exporting the following env vars:
AIRFLOW_CTX_DAG_OWNER=narapady
AIRFLOW_CTX_DAG_ID=ETL_DAG
AIRFLOW_CTX_TASK_ID=Ingest_from_2016
AIRFLOW_CTX_EXECUTION_DATE=2022-08-15T20:40:50.207703+00:00
AIRFLOW_CTX_TRY_NUMBER=1
AIRFLOW_CTX_DAG_RUN_ID=manual__2022-08-15T20:40:50.207703+00:00
[2022-08-15 20:41:06,120] {logging_mixin.py:115} INFO - Successfully uploaded 2016/Table1_2016.xlsx to s3-bucket-raw-usda
[2022-08-15 20:41:07,816] {logging_mixin.py:115} INFO - Successfully uploaded 2016/Table2_2016.xlsx to s3-bucket-raw-usda
[2022-08-15 20:41:09,275] {logging_mixin.py:115} INFO - Successfully uploaded 2016/Table3_2016.xlsx to s3-bucket-raw-usda
[2022-08-15 20:41:10,568] {logging_mixin.py:115} INFO - Successfully uploaded 2016/Table4_2016.xlsx to s3-bucket-raw-usda
[2022-08-15 20:41:11,886] {logging_mixin.py:115} INFO - Successfully uploaded 2016/Table5_2016.xlsx to s3-bucket-raw-usda
[2022-08-15 20:41:13,516] {logging_mixin.py:115} INFO - Successfully uploaded 2016/Table6_2016.xlsx to s3-bucket-raw-usda
[2022-08-15 20:41:14,804] {logging_mixin.py:115} INFO - Successfully uploaded 2016/Table7_2016.xlsx to s3-bucket-raw-usda
[2022-08-15 20:41:16,066] {logging_mixin.py:115} INFO - Successfully uploaded 2016/Table8_2016.xlsx to s3-bucket-raw-usda
[2022-08-15 20:41:16,069] {python.py:173} INFO - Done. Returned value was: None
[2022-08-15 20:41:16,204] {taskinstance.py:1420} INFO - Marking task as SUCCESS. dag_id=ETL_DAG, task_id=Ingest_from_2016, execution_date=20220815T204050, start_date=20220815T204056, end_date=20220815T204116
[2022-08-15 20:41:16,237] {local_task_job.py:156} INFO - Task exited with return code 0
[2022-08-15 20:41:16,263] {local_task_job.py:273} INFO - 0 downstream tasks scheduled from follow-on schedule check
