[2022-08-11 21:16:07,646] {taskinstance.py:1179} INFO - Dependencies all met for <TaskInstance: ETL_DAG_V8.Ingest_from_nutrient_intake_estimates manual__2022-08-11T21:16:03.096610+00:00 [queued]>
[2022-08-11 21:16:07,676] {taskinstance.py:1179} INFO - Dependencies all met for <TaskInstance: ETL_DAG_V8.Ingest_from_nutrient_intake_estimates manual__2022-08-11T21:16:03.096610+00:00 [queued]>
[2022-08-11 21:16:07,677] {taskinstance.py:1376} INFO - 
--------------------------------------------------------------------------------
[2022-08-11 21:16:07,678] {taskinstance.py:1377} INFO - Starting attempt 1 of 6
[2022-08-11 21:16:07,680] {taskinstance.py:1378} INFO - 
--------------------------------------------------------------------------------
[2022-08-11 21:16:07,708] {taskinstance.py:1397} INFO - Executing <Task(PythonOperator): Ingest_from_nutrient_intake_estimates> on 2022-08-11 21:16:03.096610+00:00
[2022-08-11 21:16:07,730] {standard_task_runner.py:52} INFO - Started process 10109 to run task
[2022-08-11 21:16:07,747] {standard_task_runner.py:79} INFO - Running: ['***', 'tasks', 'run', 'ETL_DAG_V8', 'Ingest_from_nutrient_intake_estimates', 'manual__2022-08-11T21:16:03.096610+00:00', '--job-id', '629', '--raw', '--subdir', 'DAGS_FOLDER/etl_dag.py', '--cfg-path', '/tmp/tmplbail428', '--error-file', '/tmp/tmpohaxfjyf']
[2022-08-11 21:16:07,762] {standard_task_runner.py:80} INFO - Job 629: Subtask Ingest_from_nutrient_intake_estimates
[2022-08-11 21:16:07,875] {task_command.py:371} INFO - Running <TaskInstance: ETL_DAG_V8.Ingest_from_nutrient_intake_estimates manual__2022-08-11T21:16:03.096610+00:00 [running]> on host ce1be8c59d56
[2022-08-11 21:16:08,010] {taskinstance.py:1591} INFO - Exporting the following env vars:
AIRFLOW_CTX_DAG_OWNER=narapady
AIRFLOW_CTX_DAG_ID=ETL_DAG_V8
AIRFLOW_CTX_TASK_ID=Ingest_from_nutrient_intake_estimates
AIRFLOW_CTX_EXECUTION_DATE=2022-08-11T21:16:03.096610+00:00
AIRFLOW_CTX_TRY_NUMBER=1
AIRFLOW_CTX_DAG_RUN_ID=manual__2022-08-11T21:16:03.096610+00:00
[2022-08-11 21:16:16,040] {logging_mixin.py:115} INFO - Successfully uploaded nutrient-intake-estimates/nutrient_table1.xlsx to s3-bucket-raw-usda
[2022-08-11 21:16:17,311] {logging_mixin.py:115} INFO - Successfully uploaded nutrient-intake-estimates/nutrient_table2.xlsx to s3-bucket-raw-usda
[2022-08-11 21:16:21,632] {logging_mixin.py:115} INFO - Successfully uploaded nutrient-intake-estimates/Archived%202007-10%20Food%20Consumption%20and%20Nutrient%20Inta to s3-bucket-raw-usda
[2022-08-11 21:16:21,637] {python.py:173} INFO - Done. Returned value was: None
[2022-08-11 21:16:21,666] {taskinstance.py:1420} INFO - Marking task as SUCCESS. dag_id=ETL_DAG_V8, task_id=Ingest_from_nutrient_intake_estimates, execution_date=20220811T211603, start_date=20220811T211607, end_date=20220811T211621
[2022-08-11 21:16:21,689] {local_task_job.py:156} INFO - Task exited with return code 0
[2022-08-11 21:16:21,718] {local_task_job.py:273} INFO - 0 downstream tasks scheduled from follow-on schedule check
