[2022-08-11 19:16:47,388] {taskinstance.py:1179} INFO - Dependencies all met for <TaskInstance: ETL_DAG_V2.Ingest_from_loss-adjusted_food_availability manual__2022-08-11T05:57:31.582348+00:00 [queued]>
[2022-08-11 19:16:47,443] {taskinstance.py:1179} INFO - Dependencies all met for <TaskInstance: ETL_DAG_V2.Ingest_from_loss-adjusted_food_availability manual__2022-08-11T05:57:31.582348+00:00 [queued]>
[2022-08-11 19:16:47,452] {taskinstance.py:1376} INFO - 
--------------------------------------------------------------------------------
[2022-08-11 19:16:47,454] {taskinstance.py:1377} INFO - Starting attempt 1 of 6
[2022-08-11 19:16:47,455] {taskinstance.py:1378} INFO - 
--------------------------------------------------------------------------------
[2022-08-11 19:16:47,522] {taskinstance.py:1397} INFO - Executing <Task(PythonOperator): Ingest_from_loss-adjusted_food_availability> on 2022-08-11 05:57:31.582348+00:00
[2022-08-11 19:16:47,588] {standard_task_runner.py:52} INFO - Started process 1333 to run task
[2022-08-11 19:16:47,608] {standard_task_runner.py:79} INFO - Running: ['***', 'tasks', 'run', 'ETL_DAG_V2', 'Ingest_from_loss-adjusted_food_availability', 'manual__2022-08-11T05:57:31.582348+00:00', '--job-id', '424', '--raw', '--subdir', 'DAGS_FOLDER/etl_dag.py', '--cfg-path', '/tmp/tmplar0xbpy', '--error-file', '/tmp/tmpcimqm0qz']
[2022-08-11 19:16:47,648] {standard_task_runner.py:80} INFO - Job 424: Subtask Ingest_from_loss-adjusted_food_availability
[2022-08-11 19:16:47,837] {task_command.py:371} INFO - Running <TaskInstance: ETL_DAG_V2.Ingest_from_loss-adjusted_food_availability manual__2022-08-11T05:57:31.582348+00:00 [running]> on host ce1be8c59d56
[2022-08-11 19:16:48,071] {taskinstance.py:1591} INFO - Exporting the following env vars:
AIRFLOW_CTX_DAG_OWNER=narapady
AIRFLOW_CTX_DAG_ID=ETL_DAG_V2
AIRFLOW_CTX_TASK_ID=Ingest_from_loss-adjusted_food_availability
AIRFLOW_CTX_EXECUTION_DATE=2022-08-11T05:57:31.582348+00:00
AIRFLOW_CTX_TRY_NUMBER=1
AIRFLOW_CTX_DAG_RUN_ID=manual__2022-08-11T05:57:31.582348+00:00
[2022-08-11 19:16:49,065] {taskinstance.py:1909} ERROR - Task failed with exception
Traceback (most recent call last):
  File "/home/airflow/.local/lib/python3.7/site-packages/airflow/operators/python.py", line 171, in execute
    return_value = self.execute_callable()
  File "/home/airflow/.local/lib/python3.7/site-packages/airflow/operators/python.py", line 189, in execute_callable
    return self.python_callable(*self.op_args, **self.op_kwargs)
  File "/opt/airflow/dags/ingest/ingestor.py", line 122, in run
    usda = s3.create_bucket("s3-bucket-raw-usda")
  File "/opt/airflow/dags/storage/s3.py", line 26, in create_bucket
    return self.client.create_bucket(Bucket=bucket_name)
  File "/home/airflow/.local/lib/python3.7/site-packages/botocore/client.py", line 395, in _api_call
    return self._make_api_call(operation_name, kwargs)
  File "/home/airflow/.local/lib/python3.7/site-packages/botocore/client.py", line 725, in _make_api_call
    raise error_class(parsed_response, operation_name)
botocore.exceptions.ClientError: An error occurred (OperationAborted) when calling the CreateBucket operation: A conflicting conditional operation is currently in progress against this resource. Please try again.
[2022-08-11 19:16:49,088] {taskinstance.py:1420} INFO - Marking task as UP_FOR_RETRY. dag_id=ETL_DAG_V2, task_id=Ingest_from_loss-adjusted_food_availability, execution_date=20220811T055731, start_date=20220811T191647, end_date=20220811T191649
[2022-08-11 19:16:49,104] {standard_task_runner.py:97} ERROR - Failed to execute job 424 for task Ingest_from_loss-adjusted_food_availability (An error occurred (OperationAborted) when calling the CreateBucket operation: A conflicting conditional operation is currently in progress against this resource. Please try again.; 1333)
[2022-08-11 19:16:49,173] {local_task_job.py:156} INFO - Task exited with return code 1
[2022-08-11 19:16:49,244] {local_task_job.py:273} INFO - 0 downstream tasks scheduled from follow-on schedule check
