[2022-08-11 19:47:21,567] {taskinstance.py:1179} INFO - Dependencies all met for <TaskInstance: ETL_DAG_V6.Ingest_from_current_food_expenditure_series manual__2022-08-11T19:47:15.827552+00:00 [queued]>
[2022-08-11 19:47:21,583] {taskinstance.py:1179} INFO - Dependencies all met for <TaskInstance: ETL_DAG_V6.Ingest_from_current_food_expenditure_series manual__2022-08-11T19:47:15.827552+00:00 [queued]>
[2022-08-11 19:47:21,585] {taskinstance.py:1376} INFO - 
--------------------------------------------------------------------------------
[2022-08-11 19:47:21,586] {taskinstance.py:1377} INFO - Starting attempt 1 of 6
[2022-08-11 19:47:21,593] {taskinstance.py:1378} INFO - 
--------------------------------------------------------------------------------
[2022-08-11 19:47:21,610] {taskinstance.py:1397} INFO - Executing <Task(PythonOperator): Ingest_from_current_food_expenditure_series> on 2022-08-11 19:47:15.827552+00:00
[2022-08-11 19:47:21,624] {standard_task_runner.py:52} INFO - Started process 3846 to run task
[2022-08-11 19:47:21,629] {standard_task_runner.py:79} INFO - Running: ['***', 'tasks', 'run', 'ETL_DAG_V6', 'Ingest_from_current_food_expenditure_series', 'manual__2022-08-11T19:47:15.827552+00:00', '--job-id', '544', '--raw', '--subdir', 'DAGS_FOLDER/etl_dag.py', '--cfg-path', '/tmp/tmpgrs16c40', '--error-file', '/tmp/tmpv1g2lsb_']
[2022-08-11 19:47:21,633] {standard_task_runner.py:80} INFO - Job 544: Subtask Ingest_from_current_food_expenditure_series
[2022-08-11 19:47:21,742] {task_command.py:371} INFO - Running <TaskInstance: ETL_DAG_V6.Ingest_from_current_food_expenditure_series manual__2022-08-11T19:47:15.827552+00:00 [running]> on host ce1be8c59d56
[2022-08-11 19:47:21,856] {taskinstance.py:1591} INFO - Exporting the following env vars:
AIRFLOW_CTX_DAG_OWNER=narapady
AIRFLOW_CTX_DAG_ID=ETL_DAG_V6
AIRFLOW_CTX_TASK_ID=Ingest_from_current_food_expenditure_series
AIRFLOW_CTX_EXECUTION_DATE=2022-08-11T19:47:15.827552+00:00
AIRFLOW_CTX_TRY_NUMBER=1
AIRFLOW_CTX_DAG_RUN_ID=manual__2022-08-11T19:47:15.827552+00:00
[2022-08-11 19:47:29,439] {logging_mixin.py:115} INFO - Successfully uploaded current-food-expenditure-series/nominal_expenditures.xlsx to s3-bucket-raw-usda
[2022-08-11 19:47:30,760] {logging_mixin.py:115} INFO - Successfully uploaded current-food-expenditure-series/nominal_expenditures_no_taxes_tips.xlsx to s3-bucket-raw-usda
[2022-08-11 19:47:32,797] {logging_mixin.py:115} INFO - Successfully uploaded current-food-expenditure-series/constant_dollar_expenditures.xlsx to s3-bucket-raw-usda
[2022-08-11 19:47:34,174] {logging_mixin.py:115} INFO - Successfully uploaded current-food-expenditure-series/constant_dollar_expenditures_no_taxes_tips.xlsx to s3-bucket-raw-usda
[2022-08-11 19:47:36,146] {logging_mixin.py:115} INFO - Successfully uploaded current-food-expenditure-series/food_expenditures_source_funds.xlsx to s3-bucket-raw-usda
[2022-08-11 19:47:37,737] {logging_mixin.py:115} INFO - Successfully uploaded current-food-expenditure-series/normalized_food_expenditures.xlsx to s3-bucket-raw-usda
[2022-08-11 19:47:39,476] {logging_mixin.py:115} INFO - Successfully uploaded current-food-expenditure-series/monthly_sales.xlsx to s3-bucket-raw-usda
[2022-08-11 19:47:41,316] {logging_mixin.py:115} INFO - Successfully uploaded current-food-expenditure-series/archived_nominal_expenditures_1.xlsx to s3-bucket-raw-usda
[2022-08-11 19:47:42,500] {logging_mixin.py:115} INFO - Successfully uploaded current-food-expenditure-series/archived_expenditures_purchaser_2.xlsx to s3-bucket-raw-usda
[2022-08-11 19:47:44,126] {logging_mixin.py:115} INFO - Successfully uploaded current-food-expenditure-series/archived_normalized_expenditures_3.xlsx to s3-bucket-raw-usda
[2022-08-11 19:47:45,422] {logging_mixin.py:115} INFO - Successfully uploaded current-food-expenditure-series/archived_monthly_4.xlsx to s3-bucket-raw-usda
[2022-08-11 19:47:45,428] {python.py:173} INFO - Done. Returned value was: None
[2022-08-11 19:47:45,444] {taskinstance.py:1420} INFO - Marking task as SUCCESS. dag_id=ETL_DAG_V6, task_id=Ingest_from_current_food_expenditure_series, execution_date=20220811T194715, start_date=20220811T194721, end_date=20220811T194745
[2022-08-11 19:47:45,485] {local_task_job.py:156} INFO - Task exited with return code 0
[2022-08-11 19:47:45,513] {local_task_job.py:273} INFO - 0 downstream tasks scheduled from follow-on schedule check
