[2022-08-17 00:45:13,129] {taskinstance.py:1179} INFO - Dependencies all met for <TaskInstance: ETL_DAG.Transform_current-food-expenditure-series manual__2022-08-17T00:44:32.649423+00:00 [queued]>
[2022-08-17 00:45:13,145] {taskinstance.py:1179} INFO - Dependencies all met for <TaskInstance: ETL_DAG.Transform_current-food-expenditure-series manual__2022-08-17T00:44:32.649423+00:00 [queued]>
[2022-08-17 00:45:13,149] {taskinstance.py:1376} INFO - 
--------------------------------------------------------------------------------
[2022-08-17 00:45:13,150] {taskinstance.py:1377} INFO - Starting attempt 1 of 6
[2022-08-17 00:45:13,151] {taskinstance.py:1378} INFO - 
--------------------------------------------------------------------------------
[2022-08-17 00:45:13,178] {taskinstance.py:1397} INFO - Executing <Task(PythonOperator): Transform_current-food-expenditure-series> on 2022-08-17 00:44:32.649423+00:00
[2022-08-17 00:45:13,186] {standard_task_runner.py:52} INFO - Started process 351 to run task
[2022-08-17 00:45:13,191] {standard_task_runner.py:79} INFO - Running: ['***', 'tasks', 'run', 'ETL_DAG', 'Transform_current-food-expenditure-series', 'manual__2022-08-17T00:44:32.649423+00:00', '--job-id', '1133', '--raw', '--subdir', 'DAGS_FOLDER/etl_dag.py', '--cfg-path', '/tmp/tmpi35sc3xf', '--error-file', '/tmp/tmp5hv4rp8s']
[2022-08-17 00:45:13,194] {standard_task_runner.py:80} INFO - Job 1133: Subtask Transform_current-food-expenditure-series
[2022-08-17 00:45:13,285] {task_command.py:371} INFO - Running <TaskInstance: ETL_DAG.Transform_current-food-expenditure-series manual__2022-08-17T00:44:32.649423+00:00 [running]> on host b6e9d58543c5
[2022-08-17 00:45:13,366] {taskinstance.py:1591} INFO - Exporting the following env vars:
AIRFLOW_CTX_DAG_OWNER=narapady
AIRFLOW_CTX_DAG_ID=ETL_DAG
AIRFLOW_CTX_TASK_ID=Transform_current-food-expenditure-series
AIRFLOW_CTX_EXECUTION_DATE=2022-08-17T00:44:32.649423+00:00
AIRFLOW_CTX_TRY_NUMBER=1
AIRFLOW_CTX_DAG_RUN_ID=manual__2022-08-17T00:44:32.649423+00:00
[2022-08-17 00:45:31,019] {logging_mixin.py:115} INFO - Successfully process food-expenditure-clean/constant-total-fah.csv to S3
[2022-08-17 00:45:31,396] {logging_mixin.py:115} INFO - Successfully process food-expenditure-clean/constant-total-fafh.csv to S3
[2022-08-17 00:45:31,699] {logging_mixin.py:115} INFO - Successfully process food-expenditure-clean/constant-total-aah.csv to S3
[2022-08-17 00:45:32,004] {logging_mixin.py:115} INFO - Successfully process food-expenditure-clean/constant-total-aafh.csv to S3
[2022-08-17 00:45:48,231] {logging_mixin.py:115} INFO - Successfully process food-expenditure-clean/nominal-total-fah.csv to S3
[2022-08-17 00:45:48,694] {logging_mixin.py:115} INFO - Successfully process food-expenditure-clean/nominal-total-fafh.csv to S3
[2022-08-17 00:45:49,055] {logging_mixin.py:115} INFO - Successfully process food-expenditure-clean/nominal-total-aah.csv to S3
[2022-08-17 00:45:49,377] {logging_mixin.py:115} INFO - Successfully process food-expenditure-clean/nominal-total-aafh.csv to S3
[2022-08-17 00:46:14,878] {logging_mixin.py:115} INFO - Successfully process food-expenditure-clean/nominal-monthly-sale.csv to S3
[2022-08-17 00:46:15,351] {logging_mixin.py:115} INFO - Successfully process food-expenditure-clean/constant-monthly-sale.csv to S3
[2022-08-17 00:46:15,361] {python.py:173} INFO - Done. Returned value was: None
[2022-08-17 00:46:15,383] {taskinstance.py:1420} INFO - Marking task as SUCCESS. dag_id=ETL_DAG, task_id=Transform_current-food-expenditure-series, execution_date=20220817T004432, start_date=20220817T004513, end_date=20220817T004615
[2022-08-17 00:46:15,442] {local_task_job.py:156} INFO - Task exited with return code 0
[2022-08-17 00:46:15,469] {local_task_job.py:273} INFO - 1 downstream tasks scheduled from follow-on schedule check
