[2022-08-15 20:56:34,921] {taskinstance.py:1179} INFO - Dependencies all met for <TaskInstance: ETL_DAG.Ingest_from_current_food_expenditure_series manual__2022-08-15T20:56:28.970676+00:00 [queued]>
[2022-08-15 20:56:34,956] {taskinstance.py:1179} INFO - Dependencies all met for <TaskInstance: ETL_DAG.Ingest_from_current_food_expenditure_series manual__2022-08-15T20:56:28.970676+00:00 [queued]>
[2022-08-15 20:56:34,957] {taskinstance.py:1376} INFO - 
--------------------------------------------------------------------------------
[2022-08-15 20:56:34,958] {taskinstance.py:1377} INFO - Starting attempt 1 of 6
[2022-08-15 20:56:34,961] {taskinstance.py:1378} INFO - 
--------------------------------------------------------------------------------
[2022-08-15 20:56:34,985] {taskinstance.py:1397} INFO - Executing <Task(PythonOperator): Ingest_from_current_food_expenditure_series> on 2022-08-15 20:56:28.970676+00:00
[2022-08-15 20:56:34,996] {standard_task_runner.py:52} INFO - Started process 1548 to run task
[2022-08-15 20:56:35,022] {standard_task_runner.py:79} INFO - Running: ['***', 'tasks', 'run', 'ETL_DAG', 'Ingest_from_current_food_expenditure_series', 'manual__2022-08-15T20:56:28.970676+00:00', '--job-id', '1048', '--raw', '--subdir', 'DAGS_FOLDER/etl_dag.py', '--cfg-path', '/tmp/tmpsvqa4arw', '--error-file', '/tmp/tmp8tfqmfxx']
[2022-08-15 20:56:35,030] {standard_task_runner.py:80} INFO - Job 1048: Subtask Ingest_from_current_food_expenditure_series
[2022-08-15 20:56:35,154] {task_command.py:371} INFO - Running <TaskInstance: ETL_DAG.Ingest_from_current_food_expenditure_series manual__2022-08-15T20:56:28.970676+00:00 [running]> on host 42abdd2e54ec
[2022-08-15 20:56:35,249] {taskinstance.py:1591} INFO - Exporting the following env vars:
AIRFLOW_CTX_DAG_OWNER=narapady
AIRFLOW_CTX_DAG_ID=ETL_DAG
AIRFLOW_CTX_TASK_ID=Ingest_from_current_food_expenditure_series
AIRFLOW_CTX_EXECUTION_DATE=2022-08-15T20:56:28.970676+00:00
AIRFLOW_CTX_TRY_NUMBER=1
AIRFLOW_CTX_DAG_RUN_ID=manual__2022-08-15T20:56:28.970676+00:00
[2022-08-15 20:56:43,285] {logging_mixin.py:115} INFO - Successfully uploaded current-food-expenditure-series/nominal_expenditures.xlsx to s3-bucket-raw-usda
[2022-08-15 20:56:44,899] {logging_mixin.py:115} INFO - Successfully uploaded current-food-expenditure-series/nominal_expenditures_no_taxes_tips.xlsx to s3-bucket-raw-usda
[2022-08-15 20:56:46,292] {logging_mixin.py:115} INFO - Successfully uploaded current-food-expenditure-series/constant_dollar_expenditures.xlsx to s3-bucket-raw-usda
[2022-08-15 20:56:47,593] {logging_mixin.py:115} INFO - Successfully uploaded current-food-expenditure-series/constant_dollar_expenditures_no_taxes_tips.xlsx to s3-bucket-raw-usda
[2022-08-15 20:56:48,957] {logging_mixin.py:115} INFO - Successfully uploaded current-food-expenditure-series/food_expenditures_source_funds.xlsx to s3-bucket-raw-usda
[2022-08-15 20:56:50,225] {logging_mixin.py:115} INFO - Successfully uploaded current-food-expenditure-series/normalized_food_expenditures.xlsx to s3-bucket-raw-usda
[2022-08-15 20:56:51,730] {logging_mixin.py:115} INFO - Successfully uploaded current-food-expenditure-series/monthly_sales.xlsx to s3-bucket-raw-usda
[2022-08-15 20:56:53,254] {logging_mixin.py:115} INFO - Successfully uploaded current-food-expenditure-series/archived_nominal_expenditures_1.xlsx to s3-bucket-raw-usda
[2022-08-15 20:56:54,492] {logging_mixin.py:115} INFO - Successfully uploaded current-food-expenditure-series/archived_expenditures_purchaser_2.xlsx to s3-bucket-raw-usda
[2022-08-15 20:56:55,856] {logging_mixin.py:115} INFO - Successfully uploaded current-food-expenditure-series/archived_normalized_expenditures_3.xlsx to s3-bucket-raw-usda
[2022-08-15 20:56:57,031] {logging_mixin.py:115} INFO - Successfully uploaded current-food-expenditure-series/archived_monthly_4.xlsx to s3-bucket-raw-usda
[2022-08-15 20:56:57,035] {python.py:173} INFO - Done. Returned value was: None
[2022-08-15 20:56:57,055] {taskinstance.py:1420} INFO - Marking task as SUCCESS. dag_id=ETL_DAG, task_id=Ingest_from_current_food_expenditure_series, execution_date=20220815T205628, start_date=20220815T205634, end_date=20220815T205657
[2022-08-15 20:56:57,085] {local_task_job.py:156} INFO - Task exited with return code 0
[2022-08-15 20:56:57,114] {local_task_job.py:273} INFO - 0 downstream tasks scheduled from follow-on schedule check
