[2022-08-11 23:15:15,153] {taskinstance.py:1179} INFO - Dependencies all met for <TaskInstance: ETL_DAG_US_FOOD_NUTRITION.Stage_obesity manual__2022-08-11T23:09:24.436624+00:00 [queued]>
[2022-08-11 23:15:15,173] {taskinstance.py:1179} INFO - Dependencies all met for <TaskInstance: ETL_DAG_US_FOOD_NUTRITION.Stage_obesity manual__2022-08-11T23:09:24.436624+00:00 [queued]>
[2022-08-11 23:15:15,174] {taskinstance.py:1376} INFO - 
--------------------------------------------------------------------------------
[2022-08-11 23:15:15,175] {taskinstance.py:1377} INFO - Starting attempt 1 of 6
[2022-08-11 23:15:15,176] {taskinstance.py:1378} INFO - 
--------------------------------------------------------------------------------
[2022-08-11 23:15:15,191] {taskinstance.py:1397} INFO - Executing <Task(PythonOperator): Stage_obesity> on 2022-08-11 23:09:24.436624+00:00
[2022-08-11 23:15:15,209] {standard_task_runner.py:52} INFO - Started process 6645 to run task
[2022-08-11 23:15:15,217] {standard_task_runner.py:79} INFO - Running: ['***', 'tasks', 'run', 'ETL_DAG_US_FOOD_NUTRITION', 'Stage_obesity', 'manual__2022-08-11T23:09:24.436624+00:00', '--job-id', '729', '--raw', '--subdir', 'DAGS_FOLDER/etl_dag.py', '--cfg-path', '/tmp/tmptg_4quwy', '--error-file', '/tmp/tmpl_djpg71']
[2022-08-11 23:15:15,222] {standard_task_runner.py:80} INFO - Job 729: Subtask Stage_obesity
[2022-08-11 23:15:15,320] {task_command.py:371} INFO - Running <TaskInstance: ETL_DAG_US_FOOD_NUTRITION.Stage_obesity manual__2022-08-11T23:09:24.436624+00:00 [running]> on host a02c2b8cab8b
[2022-08-11 23:15:15,407] {taskinstance.py:1591} INFO - Exporting the following env vars:
AIRFLOW_CTX_DAG_OWNER=narapady
AIRFLOW_CTX_DAG_ID=ETL_DAG_US_FOOD_NUTRITION
AIRFLOW_CTX_TASK_ID=Stage_obesity
AIRFLOW_CTX_EXECUTION_DATE=2022-08-11T23:09:24.436624+00:00
AIRFLOW_CTX_TRY_NUMBER=1
AIRFLOW_CTX_DAG_RUN_ID=manual__2022-08-11T23:09:24.436624+00:00
[2022-08-11 23:15:18,574] {logging_mixin.py:115} INFO - Successfully loaded Obesity_GDP_PanelData-staged.csv to s3-bucket-staged
[2022-08-11 23:15:43,597] {logging_mixin.py:115} INFO - Successfully loaded obesity-staged.csv to s3-bucket-staged
[2022-08-11 23:15:43,605] {python.py:173} INFO - Done. Returned value was: None
[2022-08-11 23:15:43,618] {taskinstance.py:1420} INFO - Marking task as SUCCESS. dag_id=ETL_DAG_US_FOOD_NUTRITION, task_id=Stage_obesity, execution_date=20220811T230924, start_date=20220811T231515, end_date=20220811T231543
[2022-08-11 23:15:43,674] {local_task_job.py:156} INFO - Task exited with return code 0
[2022-08-11 23:15:43,702] {local_task_job.py:273} INFO - 0 downstream tasks scheduled from follow-on schedule check
