[2022-08-14 16:50:17,711] {taskinstance.py:1179} INFO - Dependencies all met for <TaskInstance: ETL_DAG.Ingest_from_2016 scheduled__2022-08-07T00:00:00+00:00 [queued]>
[2022-08-14 16:50:17,717] {taskinstance.py:1179} INFO - Dependencies all met for <TaskInstance: ETL_DAG.Ingest_from_2016 scheduled__2022-08-07T00:00:00+00:00 [queued]>
[2022-08-14 16:50:17,719] {taskinstance.py:1376} INFO - 
--------------------------------------------------------------------------------
[2022-08-14 16:50:17,719] {taskinstance.py:1377} INFO - Starting attempt 2 of 6
[2022-08-14 16:50:17,720] {taskinstance.py:1378} INFO - 
--------------------------------------------------------------------------------
[2022-08-14 16:50:17,728] {taskinstance.py:1397} INFO - Executing <Task(PythonOperator): Ingest_from_2016> on 2022-08-07 00:00:00+00:00
[2022-08-14 16:50:17,732] {standard_task_runner.py:52} INFO - Started process 594 to run task
[2022-08-14 16:50:17,735] {standard_task_runner.py:79} INFO - Running: ['***', 'tasks', 'run', 'ETL_DAG', 'Ingest_from_2016', 'scheduled__2022-08-07T00:00:00+00:00', '--job-id', '945', '--raw', '--subdir', 'DAGS_FOLDER/etl_dag.py', '--cfg-path', '/tmp/tmp3k_5swwk', '--error-file', '/tmp/tmp8twyig65']
[2022-08-14 16:50:17,738] {standard_task_runner.py:80} INFO - Job 945: Subtask Ingest_from_2016
[2022-08-14 16:50:17,780] {task_command.py:371} INFO - Running <TaskInstance: ETL_DAG.Ingest_from_2016 scheduled__2022-08-07T00:00:00+00:00 [running]> on host 0dbf9d5e5cdb
[2022-08-14 16:50:17,824] {taskinstance.py:1591} INFO - Exporting the following env vars:
AIRFLOW_CTX_DAG_OWNER=narapady
AIRFLOW_CTX_DAG_ID=ETL_DAG
AIRFLOW_CTX_TASK_ID=Ingest_from_2016
AIRFLOW_CTX_EXECUTION_DATE=2022-08-07T00:00:00+00:00
AIRFLOW_CTX_TRY_NUMBER=2
AIRFLOW_CTX_DAG_RUN_ID=scheduled__2022-08-07T00:00:00+00:00
[2022-08-14 16:50:25,532] {logging_mixin.py:115} INFO - Successfully uploaded 2016/Table1_2016.xlsx to s3-bucket-raw-usda
[2022-08-14 16:50:26,789] {logging_mixin.py:115} INFO - Successfully uploaded 2016/Table2_2016.xlsx to s3-bucket-raw-usda
[2022-08-14 16:50:28,123] {logging_mixin.py:115} INFO - Successfully uploaded 2016/Table3_2016.xlsx to s3-bucket-raw-usda
[2022-08-14 16:50:29,372] {logging_mixin.py:115} INFO - Successfully uploaded 2016/Table4_2016.xlsx to s3-bucket-raw-usda
[2022-08-14 16:50:30,630] {logging_mixin.py:115} INFO - Successfully uploaded 2016/Table5_2016.xlsx to s3-bucket-raw-usda
[2022-08-14 16:50:31,834] {logging_mixin.py:115} INFO - Successfully uploaded 2016/Table6_2016.xlsx to s3-bucket-raw-usda
[2022-08-14 16:50:33,022] {logging_mixin.py:115} INFO - Successfully uploaded 2016/Table7_2016.xlsx to s3-bucket-raw-usda
[2022-08-14 16:50:34,697] {logging_mixin.py:115} INFO - Successfully uploaded 2016/Table8_2016.xlsx to s3-bucket-raw-usda
[2022-08-14 16:50:34,699] {python.py:173} INFO - Done. Returned value was: None
[2022-08-14 16:50:34,709] {taskinstance.py:1420} INFO - Marking task as SUCCESS. dag_id=ETL_DAG, task_id=Ingest_from_2016, execution_date=20220807T000000, start_date=20220814T165017, end_date=20220814T165034
[2022-08-14 16:50:34,730] {local_task_job.py:156} INFO - Task exited with return code 0
[2022-08-14 16:50:34,757] {local_task_job.py:273} INFO - 1 downstream tasks scheduled from follow-on schedule check
