[2022-08-07 06:00:18,871] {taskinstance.py:1179} INFO - Dependencies all met for <TaskInstance: etl_dag.HelloWorld manual__2022-08-07T06:00:18.073486+00:00 [queued]>
[2022-08-07 06:00:18,881] {taskinstance.py:1179} INFO - Dependencies all met for <TaskInstance: etl_dag.HelloWorld manual__2022-08-07T06:00:18.073486+00:00 [queued]>
[2022-08-07 06:00:18,882] {taskinstance.py:1376} INFO - 
--------------------------------------------------------------------------------
[2022-08-07 06:00:18,883] {taskinstance.py:1377} INFO - Starting attempt 1 of 6
[2022-08-07 06:00:18,884] {taskinstance.py:1378} INFO - 
--------------------------------------------------------------------------------
[2022-08-07 06:00:18,893] {taskinstance.py:1397} INFO - Executing <Task(PythonOperator): HelloWorld> on 2022-08-07 06:00:18.073486+00:00
[2022-08-07 06:00:18,897] {standard_task_runner.py:52} INFO - Started process 592 to run task
[2022-08-07 06:00:18,899] {standard_task_runner.py:79} INFO - Running: ['***', 'tasks', 'run', 'etl_dag', 'HelloWorld', 'manual__2022-08-07T06:00:18.073486+00:00', '--job-id', '56', '--raw', '--subdir', 'DAGS_FOLDER/etl_dag.py', '--cfg-path', '/tmp/tmps6vgsb3h', '--error-file', '/tmp/tmpgj5w46sv']
[2022-08-07 06:00:18,901] {standard_task_runner.py:80} INFO - Job 56: Subtask HelloWorld
[2022-08-07 06:00:18,945] {task_command.py:371} INFO - Running <TaskInstance: etl_dag.HelloWorld manual__2022-08-07T06:00:18.073486+00:00 [running]> on host 9c2fa859e2fb
[2022-08-07 06:00:18,988] {taskinstance.py:1591} INFO - Exporting the following env vars:
AIRFLOW_CTX_DAG_OWNER=narapady
AIRFLOW_CTX_DAG_ID=etl_dag
AIRFLOW_CTX_TASK_ID=HelloWorld
AIRFLOW_CTX_EXECUTION_DATE=2022-08-07T06:00:18.073486+00:00
AIRFLOW_CTX_TRY_NUMBER=1
AIRFLOW_CTX_DAG_RUN_ID=manual__2022-08-07T06:00:18.073486+00:00
[2022-08-07 06:00:18,989] {logging_mixin.py:115} INFO - Hello World
[2022-08-07 06:00:18,990] {python.py:173} INFO - Done. Returned value was: None
[2022-08-07 06:00:19,000] {taskinstance.py:1420} INFO - Marking task as SUCCESS. dag_id=etl_dag, task_id=HelloWorld, execution_date=20220807T060018, start_date=20220807T060018, end_date=20220807T060019
[2022-08-07 06:00:19,033] {local_task_job.py:156} INFO - Task exited with return code 0
[2022-08-07 06:00:19,054] {local_task_job.py:273} INFO - 0 downstream tasks scheduled from follow-on schedule check
