[2022-08-11 20:45:39,743] {taskinstance.py:1179} INFO - Dependencies all met for <TaskInstance: ETL_DAG_V7.Ingest_from_current_food_expenditure_series manual__2022-08-11T02:24:39.409501+00:00 [queued]>
[2022-08-11 20:45:39,782] {taskinstance.py:1179} INFO - Dependencies all met for <TaskInstance: ETL_DAG_V7.Ingest_from_current_food_expenditure_series manual__2022-08-11T02:24:39.409501+00:00 [queued]>
[2022-08-11 20:45:39,783] {taskinstance.py:1376} INFO - 
--------------------------------------------------------------------------------
[2022-08-11 20:45:39,784] {taskinstance.py:1377} INFO - Starting attempt 1 of 6
[2022-08-11 20:45:39,785] {taskinstance.py:1378} INFO - 
--------------------------------------------------------------------------------
[2022-08-11 20:45:39,806] {taskinstance.py:1397} INFO - Executing <Task(PythonOperator): Ingest_from_current_food_expenditure_series> on 2022-08-11 02:24:39.409501+00:00
[2022-08-11 20:45:39,817] {standard_task_runner.py:52} INFO - Started process 7817 to run task
[2022-08-11 20:45:39,825] {standard_task_runner.py:79} INFO - Running: ['***', 'tasks', 'run', 'ETL_DAG_V7', 'Ingest_from_current_food_expenditure_series', 'manual__2022-08-11T02:24:39.409501+00:00', '--job-id', '566', '--raw', '--subdir', 'DAGS_FOLDER/etl_dag.py', '--cfg-path', '/tmp/tmppr4ft_2a', '--error-file', '/tmp/tmpbzc6n9c_']
[2022-08-11 20:45:39,828] {standard_task_runner.py:80} INFO - Job 566: Subtask Ingest_from_current_food_expenditure_series
[2022-08-11 20:45:39,953] {task_command.py:371} INFO - Running <TaskInstance: ETL_DAG_V7.Ingest_from_current_food_expenditure_series manual__2022-08-11T02:24:39.409501+00:00 [running]> on host ce1be8c59d56
[2022-08-11 20:45:40,035] {taskinstance.py:1591} INFO - Exporting the following env vars:
AIRFLOW_CTX_DAG_OWNER=narapady
AIRFLOW_CTX_DAG_ID=ETL_DAG_V7
AIRFLOW_CTX_TASK_ID=Ingest_from_current_food_expenditure_series
AIRFLOW_CTX_EXECUTION_DATE=2022-08-11T02:24:39.409501+00:00
AIRFLOW_CTX_TRY_NUMBER=1
AIRFLOW_CTX_DAG_RUN_ID=manual__2022-08-11T02:24:39.409501+00:00
[2022-08-11 20:45:47,767] {logging_mixin.py:115} INFO - Successfully uploaded current-food-expenditure-series/nominal_expenditures.xlsx to s3-bucket-raw-usda
[2022-08-11 20:45:49,005] {logging_mixin.py:115} INFO - Successfully uploaded current-food-expenditure-series/nominal_expenditures_no_taxes_tips.xlsx to s3-bucket-raw-usda
[2022-08-11 20:45:50,277] {logging_mixin.py:115} INFO - Successfully uploaded current-food-expenditure-series/constant_dollar_expenditures.xlsx to s3-bucket-raw-usda
[2022-08-11 20:45:51,534] {logging_mixin.py:115} INFO - Successfully uploaded current-food-expenditure-series/constant_dollar_expenditures_no_taxes_tips.xlsx to s3-bucket-raw-usda
[2022-08-11 20:45:53,476] {logging_mixin.py:115} INFO - Successfully uploaded current-food-expenditure-series/food_expenditures_source_funds.xlsx to s3-bucket-raw-usda
[2022-08-11 20:45:54,772] {logging_mixin.py:115} INFO - Successfully uploaded current-food-expenditure-series/normalized_food_expenditures.xlsx to s3-bucket-raw-usda
[2022-08-11 20:45:56,485] {logging_mixin.py:115} INFO - Successfully uploaded current-food-expenditure-series/monthly_sales.xlsx to s3-bucket-raw-usda
[2022-08-11 20:45:58,065] {logging_mixin.py:115} INFO - Successfully uploaded current-food-expenditure-series/archived_nominal_expenditures_1.xlsx to s3-bucket-raw-usda
[2022-08-11 20:45:59,201] {logging_mixin.py:115} INFO - Successfully uploaded current-food-expenditure-series/archived_expenditures_purchaser_2.xlsx to s3-bucket-raw-usda
[2022-08-11 20:46:00,488] {logging_mixin.py:115} INFO - Successfully uploaded current-food-expenditure-series/archived_normalized_expenditures_3.xlsx to s3-bucket-raw-usda
[2022-08-11 20:46:01,965] {logging_mixin.py:115} INFO - Successfully uploaded current-food-expenditure-series/archived_monthly_4.xlsx to s3-bucket-raw-usda
[2022-08-11 20:46:01,969] {python.py:173} INFO - Done. Returned value was: None
[2022-08-11 20:46:01,986] {taskinstance.py:1420} INFO - Marking task as SUCCESS. dag_id=ETL_DAG_V7, task_id=Ingest_from_current_food_expenditure_series, execution_date=20220811T022439, start_date=20220811T204539, end_date=20220811T204601
[2022-08-11 20:46:02,031] {local_task_job.py:156} INFO - Task exited with return code 0
[2022-08-11 20:46:02,071] {local_task_job.py:273} INFO - 0 downstream tasks scheduled from follow-on schedule check
