[2022-08-11 23:09:29,555] {taskinstance.py:1179} INFO - Dependencies all met for <TaskInstance: ETL_DAG_US_FOOD_NUTRITION.Ingest_from_loss-adjusted_food_availability manual__2022-08-11T23:09:24.436624+00:00 [queued]>
[2022-08-11 23:09:29,575] {taskinstance.py:1179} INFO - Dependencies all met for <TaskInstance: ETL_DAG_US_FOOD_NUTRITION.Ingest_from_loss-adjusted_food_availability manual__2022-08-11T23:09:24.436624+00:00 [queued]>
[2022-08-11 23:09:29,576] {taskinstance.py:1376} INFO - 
--------------------------------------------------------------------------------
[2022-08-11 23:09:29,577] {taskinstance.py:1377} INFO - Starting attempt 1 of 6
[2022-08-11 23:09:29,579] {taskinstance.py:1378} INFO - 
--------------------------------------------------------------------------------
[2022-08-11 23:09:29,602] {taskinstance.py:1397} INFO - Executing <Task(PythonOperator): Ingest_from_loss-adjusted_food_availability> on 2022-08-11 23:09:24.436624+00:00
[2022-08-11 23:09:29,620] {standard_task_runner.py:52} INFO - Started process 6202 to run task
[2022-08-11 23:09:29,634] {standard_task_runner.py:79} INFO - Running: ['***', 'tasks', 'run', 'ETL_DAG_US_FOOD_NUTRITION', 'Ingest_from_loss-adjusted_food_availability', 'manual__2022-08-11T23:09:24.436624+00:00', '--job-id', '709', '--raw', '--subdir', 'DAGS_FOLDER/etl_dag.py', '--cfg-path', '/tmp/tmpg0ajo6va', '--error-file', '/tmp/tmp1gk2z6k9']
[2022-08-11 23:09:29,637] {standard_task_runner.py:80} INFO - Job 709: Subtask Ingest_from_loss-adjusted_food_availability
[2022-08-11 23:09:29,790] {task_command.py:371} INFO - Running <TaskInstance: ETL_DAG_US_FOOD_NUTRITION.Ingest_from_loss-adjusted_food_availability manual__2022-08-11T23:09:24.436624+00:00 [running]> on host a02c2b8cab8b
[2022-08-11 23:09:30,091] {taskinstance.py:1591} INFO - Exporting the following env vars:
AIRFLOW_CTX_DAG_OWNER=narapady
AIRFLOW_CTX_DAG_ID=ETL_DAG_US_FOOD_NUTRITION
AIRFLOW_CTX_TASK_ID=Ingest_from_loss-adjusted_food_availability
AIRFLOW_CTX_EXECUTION_DATE=2022-08-11T23:09:24.436624+00:00
AIRFLOW_CTX_TRY_NUMBER=1
AIRFLOW_CTX_DAG_RUN_ID=manual__2022-08-11T23:09:24.436624+00:00
[2022-08-11 23:09:46,932] {logging_mixin.py:115} INFO - Successfully uploaded loss-adjusted-food-availability/calories.xls to s3-bucket-raw-usda
[2022-08-11 23:10:27,034] {logging_mixin.py:115} INFO - Successfully uploaded loss-adjusted-food-availability/Dairy.xls to s3-bucket-raw-usda
[2022-08-11 23:10:37,838] {logging_mixin.py:115} INFO - Successfully uploaded loss-adjusted-food-availability/fat.xls to s3-bucket-raw-usda
[2022-08-11 23:10:47,933] {logging_mixin.py:115} INFO - Successfully uploaded loss-adjusted-food-availability/servings.xls to s3-bucket-raw-usda
[2022-08-11 23:11:47,107] {logging_mixin.py:115} INFO - Successfully uploaded loss-adjusted-food-availability/Fruit.xls to s3-bucket-raw-usda
[2022-08-11 23:11:59,502] {logging_mixin.py:115} INFO - Successfully uploaded loss-adjusted-food-availability/grain.xls to s3-bucket-raw-usda
[2022-08-11 23:12:29,995] {logging_mixin.py:115} INFO - Successfully uploaded loss-adjusted-food-availability/meat.xls to s3-bucket-raw-usda
[2022-08-11 23:12:41,740] {logging_mixin.py:115} INFO - Successfully uploaded loss-adjusted-food-availability/sugar.xls to s3-bucket-raw-usda
[2022-08-11 23:13:43,590] {logging_mixin.py:115} INFO - Successfully uploaded loss-adjusted-food-availability/veg.xls to s3-bucket-raw-usda
[2022-08-11 23:13:47,971] {logging_mixin.py:115} INFO - Successfully uploaded loss-adjusted-food-availability/nutrients.xls to s3-bucket-raw-usda
[2022-08-11 23:13:56,115] {logging_mixin.py:115} INFO - Successfully uploaded loss-adjusted-food-availability/ctcsp.xls to s3-bucket-raw-usda
[2022-08-11 23:13:56,138] {python.py:173} INFO - Done. Returned value was: None
[2022-08-11 23:13:56,179] {taskinstance.py:1420} INFO - Marking task as SUCCESS. dag_id=ETL_DAG_US_FOOD_NUTRITION, task_id=Ingest_from_loss-adjusted_food_availability, execution_date=20220811T230924, start_date=20220811T230929, end_date=20220811T231356
[2022-08-11 23:13:56,243] {local_task_job.py:156} INFO - Task exited with return code 0
[2022-08-11 23:13:56,280] {local_task_job.py:273} INFO - 1 downstream tasks scheduled from follow-on schedule check
