[2022-08-11 21:39:12,758] {taskinstance.py:1179} INFO - Dependencies all met for <TaskInstance: ETL_DAG_V8.Stage_food-expenditure-clean manual__2022-08-11T21:34:01.587578+00:00 [queued]>
[2022-08-11 21:39:12,770] {taskinstance.py:1179} INFO - Dependencies all met for <TaskInstance: ETL_DAG_V8.Stage_food-expenditure-clean manual__2022-08-11T21:34:01.587578+00:00 [queued]>
[2022-08-11 21:39:12,772] {taskinstance.py:1376} INFO - 
--------------------------------------------------------------------------------
[2022-08-11 21:39:12,773] {taskinstance.py:1377} INFO - Starting attempt 1 of 6
[2022-08-11 21:39:12,774] {taskinstance.py:1378} INFO - 
--------------------------------------------------------------------------------
[2022-08-11 21:39:12,785] {taskinstance.py:1397} INFO - Executing <Task(PythonOperator): Stage_food-expenditure-clean> on 2022-08-11 21:34:01.587578+00:00
[2022-08-11 21:39:12,793] {standard_task_runner.py:52} INFO - Started process 628 to run task
[2022-08-11 21:39:12,797] {standard_task_runner.py:79} INFO - Running: ['***', 'tasks', 'run', 'ETL_DAG_V8', 'Stage_food-expenditure-clean', 'manual__2022-08-11T21:34:01.587578+00:00', '--job-id', '691', '--raw', '--subdir', 'DAGS_FOLDER/etl_dag.py', '--cfg-path', '/tmp/tmp0plker68', '--error-file', '/tmp/tmp4xlk54t_']
[2022-08-11 21:39:12,800] {standard_task_runner.py:80} INFO - Job 691: Subtask Stage_food-expenditure-clean
[2022-08-11 21:39:12,856] {task_command.py:371} INFO - Running <TaskInstance: ETL_DAG_V8.Stage_food-expenditure-clean manual__2022-08-11T21:34:01.587578+00:00 [running]> on host a02c2b8cab8b
[2022-08-11 21:39:12,985] {taskinstance.py:1591} INFO - Exporting the following env vars:
AIRFLOW_CTX_DAG_OWNER=narapady
AIRFLOW_CTX_DAG_ID=ETL_DAG_V8
AIRFLOW_CTX_TASK_ID=Stage_food-expenditure-clean
AIRFLOW_CTX_EXECUTION_DATE=2022-08-11T21:34:01.587578+00:00
AIRFLOW_CTX_TRY_NUMBER=1
AIRFLOW_CTX_DAG_RUN_ID=manual__2022-08-11T21:34:01.587578+00:00
[2022-08-11 21:39:22,423] {logging_mixin.py:115} INFO - Successfully loaded monthly-sales-staged.csv to s3-bucket-staged
[2022-08-11 21:39:22,853] {logging_mixin.py:115} INFO - Successfully loaded food-expenditure-staged.csv to s3-bucket-staged
[2022-08-11 21:39:22,855] {python.py:173} INFO - Done. Returned value was: None
[2022-08-11 21:39:22,866] {taskinstance.py:1420} INFO - Marking task as SUCCESS. dag_id=ETL_DAG_V8, task_id=Stage_food-expenditure-clean, execution_date=20220811T213401, start_date=20220811T213912, end_date=20220811T213922
[2022-08-11 21:39:22,887] {local_task_job.py:156} INFO - Task exited with return code 0
[2022-08-11 21:39:22,911] {local_task_job.py:273} INFO - 0 downstream tasks scheduled from follow-on schedule check
