[2022-08-12 18:20:58,164] {taskinstance.py:1179} INFO - Dependencies all met for <TaskInstance: ETL_DAG.Ingest_from_producer_price_index manual__2022-08-12T18:20:52.559703+00:00 [queued]>
[2022-08-12 18:20:58,188] {taskinstance.py:1179} INFO - Dependencies all met for <TaskInstance: ETL_DAG.Ingest_from_producer_price_index manual__2022-08-12T18:20:52.559703+00:00 [queued]>
[2022-08-12 18:20:58,193] {taskinstance.py:1376} INFO - 
--------------------------------------------------------------------------------
[2022-08-12 18:20:58,193] {taskinstance.py:1377} INFO - Starting attempt 1 of 6
[2022-08-12 18:20:58,194] {taskinstance.py:1378} INFO - 
--------------------------------------------------------------------------------
[2022-08-12 18:20:58,220] {taskinstance.py:1397} INFO - Executing <Task(PythonOperator): Ingest_from_producer_price_index> on 2022-08-12 18:20:52.559703+00:00
[2022-08-12 18:20:58,233] {standard_task_runner.py:52} INFO - Started process 263 to run task
[2022-08-12 18:20:58,258] {standard_task_runner.py:79} INFO - Running: ['***', 'tasks', 'run', 'ETL_DAG', 'Ingest_from_producer_price_index', 'manual__2022-08-12T18:20:52.559703+00:00', '--job-id', '894', '--raw', '--subdir', 'DAGS_FOLDER/etl_dag.py', '--cfg-path', '/tmp/tmpp91by1pz', '--error-file', '/tmp/tmpp07d2ltj']
[2022-08-12 18:20:58,261] {standard_task_runner.py:80} INFO - Job 894: Subtask Ingest_from_producer_price_index
[2022-08-12 18:20:58,332] {task_command.py:371} INFO - Running <TaskInstance: ETL_DAG.Ingest_from_producer_price_index manual__2022-08-12T18:20:52.559703+00:00 [running]> on host 00aa0783f116
[2022-08-12 18:20:58,406] {taskinstance.py:1591} INFO - Exporting the following env vars:
AIRFLOW_CTX_DAG_OWNER=narapady
AIRFLOW_CTX_DAG_ID=ETL_DAG
AIRFLOW_CTX_TASK_ID=Ingest_from_producer_price_index
AIRFLOW_CTX_EXECUTION_DATE=2022-08-12T18:20:52.559703+00:00
AIRFLOW_CTX_TRY_NUMBER=1
AIRFLOW_CTX_DAG_RUN_ID=manual__2022-08-12T18:20:52.559703+00:00
[2022-08-12 18:21:05,858] {logging_mixin.py:115} INFO - Successfully uploaded producer-price-index/PPIforecast.xlsx to s3-bucket-raw-usda
[2022-08-12 18:21:07,158] {logging_mixin.py:115} INFO - Successfully uploaded producer-price-index/historicalppi.xlsx to s3-bucket-raw-usda
[2022-08-12 18:21:09,428] {logging_mixin.py:115} INFO - Successfully uploaded producer-price-index/CPIArchivedForecasts.xlsx to s3-bucket-raw-usda
[2022-08-12 18:21:11,179] {logging_mixin.py:115} INFO - Successfully uploaded producer-price-index/PPIArchivedForecasts.xlsx to s3-bucket-raw-usda
[2022-08-12 18:21:11,202] {python.py:173} INFO - Done. Returned value was: None
[2022-08-12 18:21:11,224] {taskinstance.py:1420} INFO - Marking task as SUCCESS. dag_id=ETL_DAG, task_id=Ingest_from_producer_price_index, execution_date=20220812T182052, start_date=20220812T182058, end_date=20220812T182111
[2022-08-12 18:21:11,303] {local_task_job.py:156} INFO - Task exited with return code 0
[2022-08-12 18:21:11,362] {local_task_job.py:273} INFO - 0 downstream tasks scheduled from follow-on schedule check
