[2022-08-11 20:50:49,326] {taskinstance.py:1179} INFO - Dependencies all met for <TaskInstance: ETL_DAG_V7.Stage_data manual__2022-08-11T02:24:39.409501+00:00 [queued]>
[2022-08-11 20:50:49,333] {taskinstance.py:1179} INFO - Dependencies all met for <TaskInstance: ETL_DAG_V7.Stage_data manual__2022-08-11T02:24:39.409501+00:00 [queued]>
[2022-08-11 20:50:49,334] {taskinstance.py:1376} INFO - 
--------------------------------------------------------------------------------
[2022-08-11 20:50:49,335] {taskinstance.py:1377} INFO - Starting attempt 1 of 6
[2022-08-11 20:50:49,336] {taskinstance.py:1378} INFO - 
--------------------------------------------------------------------------------
[2022-08-11 20:50:49,344] {taskinstance.py:1397} INFO - Executing <Task(PythonOperator): Stage_data> on 2022-08-11 02:24:39.409501+00:00
[2022-08-11 20:50:49,349] {standard_task_runner.py:52} INFO - Started process 8267 to run task
[2022-08-11 20:50:49,353] {standard_task_runner.py:79} INFO - Running: ['***', 'tasks', 'run', 'ETL_DAG_V7', 'Stage_data', 'manual__2022-08-11T02:24:39.409501+00:00', '--job-id', '603', '--raw', '--subdir', 'DAGS_FOLDER/etl_dag.py', '--cfg-path', '/tmp/tmpmtrptzw6', '--error-file', '/tmp/tmpknbswj5k']
[2022-08-11 20:50:49,356] {standard_task_runner.py:80} INFO - Job 603: Subtask Stage_data
[2022-08-11 20:50:49,410] {task_command.py:371} INFO - Running <TaskInstance: ETL_DAG_V7.Stage_data manual__2022-08-11T02:24:39.409501+00:00 [running]> on host ce1be8c59d56
[2022-08-11 20:50:49,464] {taskinstance.py:1591} INFO - Exporting the following env vars:
AIRFLOW_CTX_DAG_OWNER=narapady
AIRFLOW_CTX_DAG_ID=ETL_DAG_V7
AIRFLOW_CTX_TASK_ID=Stage_data
AIRFLOW_CTX_EXECUTION_DATE=2022-08-11T02:24:39.409501+00:00
AIRFLOW_CTX_TRY_NUMBER=1
AIRFLOW_CTX_DAG_RUN_ID=manual__2022-08-11T02:24:39.409501+00:00
[2022-08-11 20:50:52,327] {logging_mixin.py:115} INFO - Successfully loaded Obesity_GDP_PanelData-staged.csv to s3-bucket-staged
[2022-08-11 20:51:15,657] {logging_mixin.py:115} INFO - Successfully loaded obesity-staged.csv to s3-bucket-staged
[2022-08-11 20:51:20,966] {logging_mixin.py:115} INFO - Successfully loaded fast-food-staged.csv to s3-bucket-staged
[2022-08-11 20:51:31,802] {logging_mixin.py:115} INFO - Successfully loaded food-consumption-estimates-staged.csv to s3-bucket-staged
[2022-08-11 20:51:43,274] {logging_mixin.py:115} INFO - Successfully loaded nutrient-intake-estimates-staged.csv to s3-bucket-staged
[2022-08-11 20:51:52,643] {logging_mixin.py:115} INFO - Successfully loaded monthly-sales-staged.csv to s3-bucket-staged
[2022-08-11 20:51:53,093] {logging_mixin.py:115} INFO - Successfully loaded food-expenditure-staged.csv to s3-bucket-staged
[2022-08-11 20:51:55,704] {logging_mixin.py:115} INFO - Successfully loaded price-index-staged.csv to s3-bucket-staged
[2022-08-11 20:52:30,733] {connection.py:545} WARNING - Certificate did not match expected hostname: s3-bucket-clean-usda.s3.amazonaws.com. Certificate: {'subject': ((('countryName', 'US'),), (('stateOrProvinceName', 'California'),), (('localityName', 'San Francisco'),), (('organizationName', 'Unity Technologies SF'),), (('commonName', '*.prd.mz.internal.unity3d.com'),)), 'issuer': ((('countryName', 'US'),), (('organizationName', 'DigiCert Inc'),), (('commonName', 'DigiCert TLS RSA SHA256 2020 CA1'),)), 'version': 3, 'serialNumber': '0218F14BD330176B3CF5AD0EFEFE536A', 'notBefore': 'Nov  5 00:00:00 2021 GMT', 'notAfter': 'Nov  8 23:59:59 2022 GMT', 'subjectAltName': (('DNS', '*.prd.mz.internal.unity3d.com'), ('DNS', 'prd.mz.internal.unity3d.com')), 'OCSP': ('http://ocsp.digicert.com',), 'caIssuers': ('http://cacerts.digicert.com/DigiCertTLSRSASHA2562020CA1-1.crt',), 'crlDistributionPoints': ('http://crl3.digicert.com/DigiCertTLSRSASHA2562020CA1-4.crl', 'http://crl4.digicert.com/DigiCertTLSRSASHA2562020CA1-4.crl')}
[2022-08-11 20:54:09,834] {logging_mixin.py:115} INFO - Successfully loaded percents-staged.csv to s3-bucket-staged
[2022-08-11 20:54:18,538] {logging_mixin.py:115} INFO - Successfully loaded totals-staged.csv to s3-bucket-staged
[2022-08-11 20:55:14,359] {logging_mixin.py:115} INFO - Successfully loaded loss-adjusted-food-availability-staged.csv to s3-bucket-staged
[2022-08-11 20:55:14,381] {python.py:173} INFO - Done. Returned value was: None
[2022-08-11 20:55:14,415] {taskinstance.py:1420} INFO - Marking task as SUCCESS. dag_id=ETL_DAG_V7, task_id=Stage_data, execution_date=20220811T022439, start_date=20220811T205049, end_date=20220811T205514
[2022-08-11 20:55:14,485] {local_task_job.py:156} INFO - Task exited with return code 0
[2022-08-11 20:55:14,516] {local_task_job.py:273} INFO - 1 downstream tasks scheduled from follow-on schedule check
