[2022-08-08 05:37:46,172] {taskinstance.py:1179} INFO - Dependencies all met for <TaskInstance: etl_dag.Ingest manual__2022-08-08T05:32:42.206995+00:00 [queued]>
[2022-08-08 05:37:46,179] {taskinstance.py:1179} INFO - Dependencies all met for <TaskInstance: etl_dag.Ingest manual__2022-08-08T05:32:42.206995+00:00 [queued]>
[2022-08-08 05:37:46,180] {taskinstance.py:1376} INFO - 
--------------------------------------------------------------------------------
[2022-08-08 05:37:46,180] {taskinstance.py:1377} INFO - Starting attempt 2 of 6
[2022-08-08 05:37:46,181] {taskinstance.py:1378} INFO - 
--------------------------------------------------------------------------------
[2022-08-08 05:37:46,191] {taskinstance.py:1397} INFO - Executing <Task(PythonOperator): Ingest> on 2022-08-08 05:32:42.206995+00:00
[2022-08-08 05:37:46,195] {standard_task_runner.py:52} INFO - Started process 922 to run task
[2022-08-08 05:37:46,198] {standard_task_runner.py:79} INFO - Running: ['***', 'tasks', 'run', 'etl_dag', 'Ingest', 'manual__2022-08-08T05:32:42.206995+00:00', '--job-id', '79', '--raw', '--subdir', 'DAGS_FOLDER/etl_dag.py', '--cfg-path', '/tmp/tmpj6uuab_s', '--error-file', '/tmp/tmpjfr05v07']
[2022-08-08 05:37:46,203] {standard_task_runner.py:80} INFO - Job 79: Subtask Ingest
[2022-08-08 05:37:46,253] {task_command.py:371} INFO - Running <TaskInstance: etl_dag.Ingest manual__2022-08-08T05:32:42.206995+00:00 [running]> on host 8d3924a1d70c
[2022-08-08 05:37:46,296] {taskinstance.py:1591} INFO - Exporting the following env vars:
AIRFLOW_CTX_DAG_OWNER=narapady
AIRFLOW_CTX_DAG_ID=etl_dag
AIRFLOW_CTX_TASK_ID=Ingest
AIRFLOW_CTX_EXECUTION_DATE=2022-08-08T05:32:42.206995+00:00
AIRFLOW_CTX_TRY_NUMBER=2
AIRFLOW_CTX_DAG_RUN_ID=manual__2022-08-08T05:32:42.206995+00:00
[2022-08-08 05:37:48,059] {taskinstance.py:1909} ERROR - Task failed with exception
Traceback (most recent call last):
  File "/home/airflow/.local/lib/python3.7/site-packages/airflow/operators/python.py", line 171, in execute
    return_value = self.execute_callable()
  File "/home/airflow/.local/lib/python3.7/site-packages/airflow/operators/python.py", line 189, in execute_callable
    return self.python_callable(*self.op_args, **self.op_kwargs)
  File "/opt/airflow/dags/ingest/ingestor.py", line 139, in main
    ingestor_usda.ingest("ingest_usda")
  File "/opt/airflow/dags/ingest/ingestor.py", line 107, in ingest
    ingest_usda(self.s3, self.sources, self.bucket_name)
  File "/opt/airflow/dags/ingest/ingestor.py", line 49, in ingest_usda
    source_list = [get_links(source) for source in sources]
  File "/opt/airflow/dags/ingest/ingestor.py", line 49, in <listcomp>
    source_list = [get_links(source) for source in sources]
  File "/opt/airflow/dags/ingest/ingestor.py", line 41, in get_links
    links[next(reversed(links.keys()))].append(base_url + link["href"])
TypeError: 'dict_keys' object is not reversible
[2022-08-08 05:37:48,070] {taskinstance.py:1420} INFO - Marking task as UP_FOR_RETRY. dag_id=etl_dag, task_id=Ingest, execution_date=20220808T053242, start_date=20220808T053746, end_date=20220808T053748
[2022-08-08 05:37:48,081] {standard_task_runner.py:97} ERROR - Failed to execute job 79 for task Ingest ('dict_keys' object is not reversible; 922)
[2022-08-08 05:37:48,126] {local_task_job.py:156} INFO - Task exited with return code 1
[2022-08-08 05:37:48,147] {local_task_job.py:273} INFO - 0 downstream tasks scheduled from follow-on schedule check
