[2022-08-12 01:25:33,793] {taskinstance.py:1179} INFO - Dependencies all met for <TaskInstance: ETL_DAG_US_FOOD_NUTRITION.Create_s3_bucket_transform manual__2022-08-12T01:21:26.402383+00:00 [queued]>
[2022-08-12 01:25:33,802] {taskinstance.py:1179} INFO - Dependencies all met for <TaskInstance: ETL_DAG_US_FOOD_NUTRITION.Create_s3_bucket_transform manual__2022-08-12T01:21:26.402383+00:00 [queued]>
[2022-08-12 01:25:33,804] {taskinstance.py:1376} INFO - 
--------------------------------------------------------------------------------
[2022-08-12 01:25:33,805] {taskinstance.py:1377} INFO - Starting attempt 1 of 6
[2022-08-12 01:25:33,806] {taskinstance.py:1378} INFO - 
--------------------------------------------------------------------------------
[2022-08-12 01:25:33,814] {taskinstance.py:1397} INFO - Executing <Task(PythonOperator): Create_s3_bucket_transform> on 2022-08-12 01:21:26.402383+00:00
[2022-08-12 01:25:33,819] {standard_task_runner.py:52} INFO - Started process 526 to run task
[2022-08-12 01:25:33,822] {standard_task_runner.py:79} INFO - Running: ['***', 'tasks', 'run', 'ETL_DAG_US_FOOD_NUTRITION', 'Create_s3_bucket_transform', 'manual__2022-08-12T01:21:26.402383+00:00', '--job-id', '757', '--raw', '--subdir', 'DAGS_FOLDER/etl_dag.py', '--cfg-path', '/tmp/tmp6nlkekbj', '--error-file', '/tmp/tmpev1i5fdz']
[2022-08-12 01:25:33,824] {standard_task_runner.py:80} INFO - Job 757: Subtask Create_s3_bucket_transform
[2022-08-12 01:25:33,868] {task_command.py:371} INFO - Running <TaskInstance: ETL_DAG_US_FOOD_NUTRITION.Create_s3_bucket_transform manual__2022-08-12T01:21:26.402383+00:00 [running]> on host ae5c2449a624
[2022-08-12 01:25:33,914] {taskinstance.py:1591} INFO - Exporting the following env vars:
AIRFLOW_CTX_DAG_OWNER=narapady
AIRFLOW_CTX_DAG_ID=ETL_DAG_US_FOOD_NUTRITION
AIRFLOW_CTX_TASK_ID=Create_s3_bucket_transform
AIRFLOW_CTX_EXECUTION_DATE=2022-08-12T01:21:26.402383+00:00
AIRFLOW_CTX_TRY_NUMBER=1
AIRFLOW_CTX_DAG_RUN_ID=manual__2022-08-12T01:21:26.402383+00:00
[2022-08-12 01:25:34,923] {python.py:173} INFO - Done. Returned value was: {'ResponseMetadata': {'RequestId': 'Q7MSNEBMXXSS8N22', 'HostId': 'ZhK6jYF6+tDwyJWK7m5xOe+N4i2gxL9+pZLPetNQ7YXIkgILRFxhxIxZF0j5Y0LdQQqXrJMCSSI=', 'HTTPStatusCode': 200, 'HTTPHeaders': {'x-amz-id-2': 'ZhK6jYF6+tDwyJWK7m5xOe+N4i2gxL9+pZLPetNQ7YXIkgILRFxhxIxZF0j5Y0LdQQqXrJMCSSI=', 'x-amz-request-id': 'Q7MSNEBMXXSS8N22', 'date': 'Fri, 12 Aug 2022 01:25:35 GMT', 'location': '/s3-bucket-clean-usda', 'server': 'AmazonS3', 'content-length': '0'}, 'RetryAttempts': 0}, 'Location': '/s3-bucket-clean-usda'}
[2022-08-12 01:25:34,972] {taskinstance.py:1420} INFO - Marking task as SUCCESS. dag_id=ETL_DAG_US_FOOD_NUTRITION, task_id=Create_s3_bucket_transform, execution_date=20220812T012126, start_date=20220812T012533, end_date=20220812T012534
[2022-08-12 01:25:35,001] {local_task_job.py:156} INFO - Task exited with return code 0
[2022-08-12 01:25:35,035] {local_task_job.py:273} INFO - 8 downstream tasks scheduled from follow-on schedule check
