[2022-08-11 02:24:41,339] {taskinstance.py:1179} INFO - Dependencies all met for <TaskInstance: ETL_DAG_V7.create_snowflake_table manual__2022-08-11T02:24:39.409501+00:00 [queued]>
[2022-08-11 02:24:41,346] {taskinstance.py:1179} INFO - Dependencies all met for <TaskInstance: ETL_DAG_V7.create_snowflake_table manual__2022-08-11T02:24:39.409501+00:00 [queued]>
[2022-08-11 02:24:41,347] {taskinstance.py:1376} INFO - 
--------------------------------------------------------------------------------
[2022-08-11 02:24:41,348] {taskinstance.py:1377} INFO - Starting attempt 1 of 6
[2022-08-11 02:24:41,348] {taskinstance.py:1378} INFO - 
--------------------------------------------------------------------------------
[2022-08-11 02:24:41,356] {taskinstance.py:1397} INFO - Executing <Task(SnowflakeOperator): create_snowflake_table> on 2022-08-11 02:24:39.409501+00:00
[2022-08-11 02:24:41,362] {standard_task_runner.py:52} INFO - Started process 8477 to run task
[2022-08-11 02:24:41,365] {standard_task_runner.py:79} INFO - Running: ['***', 'tasks', 'run', 'ETL_DAG_V7', 'create_snowflake_table', 'manual__2022-08-11T02:24:39.409501+00:00', '--job-id', '160', '--raw', '--subdir', 'DAGS_FOLDER/etl_dag.py', '--cfg-path', '/tmp/tmp80r7s_zc', '--error-file', '/tmp/tmp0jjrdhcz']
[2022-08-11 02:24:41,367] {standard_task_runner.py:80} INFO - Job 160: Subtask create_snowflake_table
[2022-08-11 02:24:41,411] {task_command.py:371} INFO - Running <TaskInstance: ETL_DAG_V7.create_snowflake_table manual__2022-08-11T02:24:39.409501+00:00 [running]> on host c9fcec21ee59
[2022-08-11 02:24:41,457] {taskinstance.py:1591} INFO - Exporting the following env vars:
AIRFLOW_CTX_DAG_OWNER=narapady
AIRFLOW_CTX_DAG_ID=ETL_DAG_V7
AIRFLOW_CTX_TASK_ID=create_snowflake_table
AIRFLOW_CTX_EXECUTION_DATE=2022-08-11T02:24:39.409501+00:00
AIRFLOW_CTX_TRY_NUMBER=1
AIRFLOW_CTX_DAG_RUN_ID=manual__2022-08-11T02:24:39.409501+00:00
[2022-08-11 02:24:41,459] {snowflake.py:118} INFO - Executing: 
create or replace table monthly_sales (
    id int,
    year datetime,
    month string,
    fah_sale float,
    fafh_sale float,
    total_sales float,
    dollar_type string
);

create or replace table food_availability_calories (
    id int,
    year datetime,
    protein float,
    dairy float,
    fruit float,
    veggie float,
    flour_and_cereal float,
    fat_oil_dairy_fat float,
    sugar_and_sweeteners float,
    total_calories float
);

create or replace table food_availability_percent (
    id int,
    year datetime,
    protein float,
    dairy float,
    fruit float,
    veggie float,
    flour_and_cereal float,
    fat_oil_dairy_fat float,
    sugar_and_sweeteners float,
    total_percentages float
);

create or replace table daily_food_availability(
    id int,
    year datetime,
    original_weight float,
    edible_weight float,
    total_percent_loss float,
    loss_lbs_per_year float,
    loss_gram_per_day float,
    available_calories_per_day float,
    type string,
    item_name string
);

create or replace table food_consumption_estimates(
    id int,
    food_nutrient_group string,
    total_at_home float,
    total_away_from_home float,
    restaurant float,
    fast_food float,
    school float,
    other float,
    demographic_year string
);

create or replace table nutrient_intake_estimates(
    id int,
    food_nutrient_group string,
    total_at_home float,
    total_away_from_home float,
    restaurant float,
    fast_food float,
    school float,
    other float,
    demographic_year string
);

create or replace table food_expenditure(
    id int,
    year datetime,
    hotels_motels_alcohol float,
    other_aafh float,
    total_aafh float,
    dollar_type string,
    food_stores float,
    other_aah float,
    total_aah float,
    restaurants float,
    drinking_places float,
    hotels_motels_food float,
    retail_stores_and_vending float,
    recreational_places float,
    schools float,
    other_fafh float,
    food_furnished_and_donated float,
    total_fafh float,
    grocery_stores float,
    convenience_stores float,
    other_foodstores float,
    clubs_and_supercenters float,
    other_stores_and_foodservicef float,
    mail_order_and_home_delivery float,
    farmers_manufacturers_wholesalers float,
    home_production_and_donation float,
    total_fah float
);

create or replace table fast_food(
    id int,
    times_per_week string,
    unit string,
    total float,
    men float,
    women float,
    year int,
    age_group string
);

create or replace table price_index(
    id int,
    price_index_item string,
    pc_1974 float,
    pc_1975 float,
    pc_1976 float,
    pc_1977 float,
    pc_1978 float,
    pc_1979 float,
    pc_1980 float,
    pc_1981 float,
    pc_1982 float,
    pc_1983 float,
    pc_1984 float,
    pc_1985 float,
    pc_1986 float,
    pc_1987 float,
    pc_1988 float,
    pc_1989 float,
    pc_1990 float,
    pc_1991 float,
    pc_1992 float,
    pc_1993 float,
    pc_1994 float,
    pc_1995 float,
    pc_1996 float,
    pc_1997 float,
    pc_1998 float,
    pc_1999 float,
    pc_2000 float,
    pc_2001 float,
    pc_2002 float,
    pc_2003 float,
    pc_2004 float,
    pc_2005 float,
    pc_2006 float,
    pc_2007 float,
    pc_2008 float,
    pc_2009 float,
    pc_2010 float,
    pc_2011 float,
    pc_2012 float,
    pc_2013 float,
    pc_2014 float,
    pc_2015 float,
    pc_2016 float,
    pc_2017 float,
    pc_2018 float,
    pc_2019 float,
    pc_2020 float,
    pc_2021 float,
    pc_2022 float,
    price_index_type string
);

create or replace table obesity_world(
    id int,
    country string,
    year datetime,
    obesity_percent float,
    sex string
);

create or replace table obesity_gdp(
    id int,
    state string,
    year datetime,
    obesity_rate float,
    average_age float,
    average_income float,
    population int,
    poverty_rate float,
    real_gdp float,
    real_gdp_growth float,
    real_personal_income float,
    region string,
    real_gdp_percapita float,
    state_code string
);
[2022-08-11 02:24:41,478] {taskinstance.py:1909} ERROR - Task failed with exception
Traceback (most recent call last):
  File "/home/airflow/.local/lib/python3.7/site-packages/airflow/providers/snowflake/operators/snowflake.py", line 120, in execute
    execution_info = hook.run(self.sql, autocommit=self.autocommit, parameters=self.parameters)
  File "/home/airflow/.local/lib/python3.7/site-packages/airflow/providers/snowflake/hooks/snowflake.py", line 320, in run
    with closing(self.get_conn()) as conn:
  File "/home/airflow/.local/lib/python3.7/site-packages/airflow/providers/snowflake/hooks/snowflake.py", line 258, in get_conn
    conn_config = self._get_conn_params()
  File "/home/airflow/.local/lib/python3.7/site-packages/airflow/providers/snowflake/hooks/snowflake.py", line 160, in _get_conn_params
    conn = self.get_connection(self.snowflake_conn_id)  # type: ignore[attr-defined]
  File "/home/airflow/.local/lib/python3.7/site-packages/airflow/hooks/base.py", line 67, in get_connection
    conn = Connection.get_connection_from_secrets(conn_id)
  File "/home/airflow/.local/lib/python3.7/site-packages/airflow/models/connection.py", line 430, in get_connection_from_secrets
    raise AirflowNotFoundException(f"The conn_id `{conn_id}` isn't defined")
airflow.exceptions.AirflowNotFoundException: The conn_id `snowflake_default` isn't defined
[2022-08-11 02:24:41,482] {taskinstance.py:1420} INFO - Marking task as UP_FOR_RETRY. dag_id=ETL_DAG_V7, task_id=create_snowflake_table, execution_date=20220811T022439, start_date=20220811T022441, end_date=20220811T022441
[2022-08-11 02:24:41,489] {standard_task_runner.py:97} ERROR - Failed to execute job 160 for task create_snowflake_table (The conn_id `snowflake_default` isn't defined; 8477)
[2022-08-11 02:24:41,542] {local_task_job.py:156} INFO - Task exited with return code 1
[2022-08-11 02:24:41,571] {local_task_job.py:273} INFO - 0 downstream tasks scheduled from follow-on schedule check
