[2022-08-15 20:40:52,657] {taskinstance.py:1179} INFO - Dependencies all met for <TaskInstance: ETL_DAG.Create_s3_bucket_ingest manual__2022-08-15T20:40:50.207703+00:00 [queued]>
[2022-08-15 20:40:52,665] {taskinstance.py:1179} INFO - Dependencies all met for <TaskInstance: ETL_DAG.Create_s3_bucket_ingest manual__2022-08-15T20:40:50.207703+00:00 [queued]>
[2022-08-15 20:40:52,666] {taskinstance.py:1376} INFO - 
--------------------------------------------------------------------------------
[2022-08-15 20:40:52,668] {taskinstance.py:1377} INFO - Starting attempt 1 of 6
[2022-08-15 20:40:52,669] {taskinstance.py:1378} INFO - 
--------------------------------------------------------------------------------
[2022-08-15 20:40:52,679] {taskinstance.py:1397} INFO - Executing <Task(PythonOperator): Create_s3_bucket_ingest> on 2022-08-15 20:40:50.207703+00:00
[2022-08-15 20:40:52,684] {standard_task_runner.py:52} INFO - Started process 331 to run task
[2022-08-15 20:40:52,688] {standard_task_runner.py:79} INFO - Running: ['***', 'tasks', 'run', 'ETL_DAG', 'Create_s3_bucket_ingest', 'manual__2022-08-15T20:40:50.207703+00:00', '--job-id', '1005', '--raw', '--subdir', 'DAGS_FOLDER/etl_dag.py', '--cfg-path', '/tmp/tmpn9nr7mhj', '--error-file', '/tmp/tmp_ag7i0u5']
[2022-08-15 20:40:52,691] {standard_task_runner.py:80} INFO - Job 1005: Subtask Create_s3_bucket_ingest
[2022-08-15 20:40:52,785] {task_command.py:371} INFO - Running <TaskInstance: ETL_DAG.Create_s3_bucket_ingest manual__2022-08-15T20:40:50.207703+00:00 [running]> on host 42abdd2e54ec
[2022-08-15 20:40:52,877] {taskinstance.py:1591} INFO - Exporting the following env vars:
AIRFLOW_CTX_DAG_OWNER=narapady
AIRFLOW_CTX_DAG_ID=ETL_DAG
AIRFLOW_CTX_TASK_ID=Create_s3_bucket_ingest
AIRFLOW_CTX_EXECUTION_DATE=2022-08-15T20:40:50.207703+00:00
AIRFLOW_CTX_TRY_NUMBER=1
AIRFLOW_CTX_DAG_RUN_ID=manual__2022-08-15T20:40:50.207703+00:00
[2022-08-15 20:40:53,958] {python.py:173} INFO - Done. Returned value was: {'ResponseMetadata': {'RequestId': 'YDQ599K1MJTWGSZN', 'HostId': '9OPp9brhcQD4DnN9nndtbDcB4OQdmeI4mUNkMIJ+vuqxRbl7vFE6SsVnVjgOsg1/itYVd9u5BK4=', 'HTTPStatusCode': 200, 'HTTPHeaders': {'x-amz-id-2': '9OPp9brhcQD4DnN9nndtbDcB4OQdmeI4mUNkMIJ+vuqxRbl7vFE6SsVnVjgOsg1/itYVd9u5BK4=', 'x-amz-request-id': 'YDQ599K1MJTWGSZN', 'date': 'Mon, 15 Aug 2022 20:40:54 GMT', 'location': '/s3-bucket-raw-usda', 'server': 'AmazonS3', 'content-length': '0'}, 'RetryAttempts': 0}, 'Location': '/s3-bucket-raw-usda'}
[2022-08-15 20:40:54,023] {taskinstance.py:1420} INFO - Marking task as SUCCESS. dag_id=ETL_DAG, task_id=Create_s3_bucket_ingest, execution_date=20220815T204050, start_date=20220815T204052, end_date=20220815T204054
[2022-08-15 20:40:54,049] {local_task_job.py:156} INFO - Task exited with return code 0
[2022-08-15 20:40:54,086] {local_task_job.py:273} INFO - 9 downstream tasks scheduled from follow-on schedule check
