[2022-08-11 19:47:21,386] {taskinstance.py:1179} INFO - Dependencies all met for <TaskInstance: ETL_DAG_V6.Ingest_from_loss-adjusted_food_availability manual__2022-08-11T19:47:15.827552+00:00 [queued]>
[2022-08-11 19:47:21,398] {taskinstance.py:1179} INFO - Dependencies all met for <TaskInstance: ETL_DAG_V6.Ingest_from_loss-adjusted_food_availability manual__2022-08-11T19:47:15.827552+00:00 [queued]>
[2022-08-11 19:47:21,399] {taskinstance.py:1376} INFO - 
--------------------------------------------------------------------------------
[2022-08-11 19:47:21,400] {taskinstance.py:1377} INFO - Starting attempt 1 of 6
[2022-08-11 19:47:21,402] {taskinstance.py:1378} INFO - 
--------------------------------------------------------------------------------
[2022-08-11 19:47:21,430] {taskinstance.py:1397} INFO - Executing <Task(PythonOperator): Ingest_from_loss-adjusted_food_availability> on 2022-08-11 19:47:15.827552+00:00
[2022-08-11 19:47:21,466] {standard_task_runner.py:52} INFO - Started process 3844 to run task
[2022-08-11 19:47:21,471] {standard_task_runner.py:79} INFO - Running: ['***', 'tasks', 'run', 'ETL_DAG_V6', 'Ingest_from_loss-adjusted_food_availability', 'manual__2022-08-11T19:47:15.827552+00:00', '--job-id', '542', '--raw', '--subdir', 'DAGS_FOLDER/etl_dag.py', '--cfg-path', '/tmp/tmpwmt20uuj', '--error-file', '/tmp/tmp92bepqr1']
[2022-08-11 19:47:21,481] {standard_task_runner.py:80} INFO - Job 542: Subtask Ingest_from_loss-adjusted_food_availability
[2022-08-11 19:47:21,588] {task_command.py:371} INFO - Running <TaskInstance: ETL_DAG_V6.Ingest_from_loss-adjusted_food_availability manual__2022-08-11T19:47:15.827552+00:00 [running]> on host ce1be8c59d56
[2022-08-11 19:47:21,683] {taskinstance.py:1591} INFO - Exporting the following env vars:
AIRFLOW_CTX_DAG_OWNER=narapady
AIRFLOW_CTX_DAG_ID=ETL_DAG_V6
AIRFLOW_CTX_TASK_ID=Ingest_from_loss-adjusted_food_availability
AIRFLOW_CTX_EXECUTION_DATE=2022-08-11T19:47:15.827552+00:00
AIRFLOW_CTX_TRY_NUMBER=1
AIRFLOW_CTX_DAG_RUN_ID=manual__2022-08-11T19:47:15.827552+00:00
[2022-08-11 19:47:37,214] {logging_mixin.py:115} INFO - Successfully uploaded loss-adjusted-food-availability/calories.xls to s3-bucket-raw-usda
[2022-08-11 19:48:14,689] {logging_mixin.py:115} INFO - Successfully uploaded loss-adjusted-food-availability/Dairy.xls to s3-bucket-raw-usda
[2022-08-11 19:48:29,238] {logging_mixin.py:115} INFO - Successfully uploaded loss-adjusted-food-availability/fat.xls to s3-bucket-raw-usda
[2022-08-11 19:48:38,526] {logging_mixin.py:115} INFO - Successfully uploaded loss-adjusted-food-availability/servings.xls to s3-bucket-raw-usda
[2022-08-11 19:49:27,394] {logging_mixin.py:115} INFO - Successfully uploaded loss-adjusted-food-availability/Fruit.xls to s3-bucket-raw-usda
[2022-08-11 19:49:38,290] {logging_mixin.py:115} INFO - Successfully uploaded loss-adjusted-food-availability/grain.xls to s3-bucket-raw-usda
[2022-08-11 19:50:04,064] {logging_mixin.py:115} INFO - Successfully uploaded loss-adjusted-food-availability/meat.xls to s3-bucket-raw-usda
[2022-08-11 19:50:12,895] {logging_mixin.py:115} INFO - Successfully uploaded loss-adjusted-food-availability/sugar.xls to s3-bucket-raw-usda
[2022-08-11 19:51:06,311] {logging_mixin.py:115} INFO - Successfully uploaded loss-adjusted-food-availability/veg.xls to s3-bucket-raw-usda
[2022-08-11 19:51:10,386] {logging_mixin.py:115} INFO - Successfully uploaded loss-adjusted-food-availability/nutrients.xls to s3-bucket-raw-usda
[2022-08-11 19:51:16,741] {logging_mixin.py:115} INFO - Successfully uploaded loss-adjusted-food-availability/ctcsp.xls to s3-bucket-raw-usda
[2022-08-11 19:51:16,744] {python.py:173} INFO - Done. Returned value was: None
[2022-08-11 19:51:16,765] {taskinstance.py:1420} INFO - Marking task as SUCCESS. dag_id=ETL_DAG_V6, task_id=Ingest_from_loss-adjusted_food_availability, execution_date=20220811T194715, start_date=20220811T194721, end_date=20220811T195116
[2022-08-11 19:51:16,843] {local_task_job.py:156} INFO - Task exited with return code 0
[2022-08-11 19:51:16,875] {local_task_job.py:273} INFO - 1 downstream tasks scheduled from follow-on schedule check
