[2022-08-11 21:19:59,735] {taskinstance.py:1179} INFO - Dependencies all met for <TaskInstance: ETL_DAG_V8.Transform_2014 manual__2022-08-11T21:16:03.096610+00:00 [queued]>
[2022-08-11 21:19:59,760] {taskinstance.py:1179} INFO - Dependencies all met for <TaskInstance: ETL_DAG_V8.Transform_2014 manual__2022-08-11T21:16:03.096610+00:00 [queued]>
[2022-08-11 21:19:59,761] {taskinstance.py:1376} INFO - 
--------------------------------------------------------------------------------
[2022-08-11 21:19:59,762] {taskinstance.py:1377} INFO - Starting attempt 1 of 6
[2022-08-11 21:19:59,763] {taskinstance.py:1378} INFO - 
--------------------------------------------------------------------------------
[2022-08-11 21:19:59,775] {taskinstance.py:1397} INFO - Executing <Task(PythonOperator): Transform_2014> on 2022-08-11 21:16:03.096610+00:00
[2022-08-11 21:19:59,784] {standard_task_runner.py:52} INFO - Started process 10389 to run task
[2022-08-11 21:19:59,794] {standard_task_runner.py:79} INFO - Running: ['***', 'tasks', 'run', 'ETL_DAG_V8', 'Transform_2014', 'manual__2022-08-11T21:16:03.096610+00:00', '--job-id', '642', '--raw', '--subdir', 'DAGS_FOLDER/etl_dag.py', '--cfg-path', '/tmp/tmp2pgtbdnt', '--error-file', '/tmp/tmp8ucryiqy']
[2022-08-11 21:19:59,797] {standard_task_runner.py:80} INFO - Job 642: Subtask Transform_2014
[2022-08-11 21:19:59,881] {task_command.py:371} INFO - Running <TaskInstance: ETL_DAG_V8.Transform_2014 manual__2022-08-11T21:16:03.096610+00:00 [running]> on host ce1be8c59d56
[2022-08-11 21:20:00,011] {taskinstance.py:1591} INFO - Exporting the following env vars:
AIRFLOW_CTX_DAG_OWNER=narapady
AIRFLOW_CTX_DAG_ID=ETL_DAG_V8
AIRFLOW_CTX_TASK_ID=Transform_2014
AIRFLOW_CTX_EXECUTION_DATE=2022-08-11T21:16:03.096610+00:00
AIRFLOW_CTX_TRY_NUMBER=1
AIRFLOW_CTX_DAG_RUN_ID=manual__2022-08-11T21:16:03.096610+00:00
[2022-08-11 21:20:03,997] {logging_mixin.py:115} INFO - Successfully process fast-food-clean/age-15-and-older-2014.csv to S3
[2022-08-11 21:20:04,337] {logging_mixin.py:115} INFO - Successfully process fast-food-clean/age-18-and-older-2014.csv to S3
[2022-08-11 21:20:04,342] {python.py:173} INFO - Done. Returned value was: None
[2022-08-11 21:20:04,363] {taskinstance.py:1420} INFO - Marking task as SUCCESS. dag_id=ETL_DAG_V8, task_id=Transform_2014, execution_date=20220811T211603, start_date=20220811T211959, end_date=20220811T212004
[2022-08-11 21:20:04,391] {local_task_job.py:156} INFO - Task exited with return code 0
[2022-08-11 21:20:04,428] {local_task_job.py:273} INFO - 0 downstream tasks scheduled from follow-on schedule check
