[2022-08-16 18:57:18,544] {taskinstance.py:1179} INFO - Dependencies all met for <TaskInstance: ETL_DAG.Ingest_from_producer_price_index manual__2022-08-16T18:57:11.917054+00:00 [queued]>
[2022-08-16 18:57:18,557] {taskinstance.py:1179} INFO - Dependencies all met for <TaskInstance: ETL_DAG.Ingest_from_producer_price_index manual__2022-08-16T18:57:11.917054+00:00 [queued]>
[2022-08-16 18:57:18,560] {taskinstance.py:1376} INFO - 
--------------------------------------------------------------------------------
[2022-08-16 18:57:18,562] {taskinstance.py:1377} INFO - Starting attempt 1 of 6
[2022-08-16 18:57:18,563] {taskinstance.py:1378} INFO - 
--------------------------------------------------------------------------------
[2022-08-16 18:57:18,574] {taskinstance.py:1397} INFO - Executing <Task(PythonOperator): Ingest_from_producer_price_index> on 2022-08-16 18:57:11.917054+00:00
[2022-08-16 18:57:18,579] {standard_task_runner.py:52} INFO - Started process 251 to run task
[2022-08-16 18:57:18,591] {standard_task_runner.py:79} INFO - Running: ['***', 'tasks', 'run', 'ETL_DAG', 'Ingest_from_producer_price_index', 'manual__2022-08-16T18:57:11.917054+00:00', '--job-id', '1089', '--raw', '--subdir', 'DAGS_FOLDER/etl_dag.py', '--cfg-path', '/tmp/tmpju8bucxf', '--error-file', '/tmp/tmpk1_jh3of']
[2022-08-16 18:57:18,594] {standard_task_runner.py:80} INFO - Job 1089: Subtask Ingest_from_producer_price_index
[2022-08-16 18:57:18,665] {task_command.py:371} INFO - Running <TaskInstance: ETL_DAG.Ingest_from_producer_price_index manual__2022-08-16T18:57:11.917054+00:00 [running]> on host c7fa0145da3e
[2022-08-16 18:57:18,726] {taskinstance.py:1591} INFO - Exporting the following env vars:
AIRFLOW_CTX_DAG_OWNER=narapady
AIRFLOW_CTX_DAG_ID=ETL_DAG
AIRFLOW_CTX_TASK_ID=Ingest_from_producer_price_index
AIRFLOW_CTX_EXECUTION_DATE=2022-08-16T18:57:11.917054+00:00
AIRFLOW_CTX_TRY_NUMBER=1
AIRFLOW_CTX_DAG_RUN_ID=manual__2022-08-16T18:57:11.917054+00:00
[2022-08-16 18:57:26,174] {logging_mixin.py:115} INFO - Successfully uploaded producer-price-index/PPIforecast.xlsx to s3-bucket-raw-usda
[2022-08-16 18:57:27,462] {logging_mixin.py:115} INFO - Successfully uploaded producer-price-index/historicalppi.xlsx to s3-bucket-raw-usda
[2022-08-16 18:57:29,531] {logging_mixin.py:115} INFO - Successfully uploaded producer-price-index/CPIArchivedForecasts.xlsx to s3-bucket-raw-usda
[2022-08-16 18:57:31,668] {logging_mixin.py:115} INFO - Successfully uploaded producer-price-index/PPIArchivedForecasts.xlsx to s3-bucket-raw-usda
[2022-08-16 18:57:31,673] {python.py:173} INFO - Done. Returned value was: None
[2022-08-16 18:57:31,693] {taskinstance.py:1420} INFO - Marking task as SUCCESS. dag_id=ETL_DAG, task_id=Ingest_from_producer_price_index, execution_date=20220816T185711, start_date=20220816T185718, end_date=20220816T185731
[2022-08-16 18:57:31,741] {local_task_job.py:156} INFO - Task exited with return code 0
[2022-08-16 18:57:31,771] {local_task_job.py:273} INFO - 0 downstream tasks scheduled from follow-on schedule check
