[2022-08-12 01:26:42,472] {taskinstance.py:1179} INFO - Dependencies all met for <TaskInstance: ETL_DAG_US_FOOD_NUTRITION.Create_s3_bucket_stage manual__2022-08-12T01:21:26.402383+00:00 [queued]>
[2022-08-12 01:26:42,480] {taskinstance.py:1179} INFO - Dependencies all met for <TaskInstance: ETL_DAG_US_FOOD_NUTRITION.Create_s3_bucket_stage manual__2022-08-12T01:21:26.402383+00:00 [queued]>
[2022-08-12 01:26:42,481] {taskinstance.py:1376} INFO - 
--------------------------------------------------------------------------------
[2022-08-12 01:26:42,481] {taskinstance.py:1377} INFO - Starting attempt 1 of 6
[2022-08-12 01:26:42,482] {taskinstance.py:1378} INFO - 
--------------------------------------------------------------------------------
[2022-08-12 01:26:42,490] {taskinstance.py:1397} INFO - Executing <Task(PythonOperator): Create_s3_bucket_stage> on 2022-08-12 01:21:26.402383+00:00
[2022-08-12 01:26:42,495] {standard_task_runner.py:52} INFO - Started process 630 to run task
[2022-08-12 01:26:42,498] {standard_task_runner.py:79} INFO - Running: ['***', 'tasks', 'run', 'ETL_DAG_US_FOOD_NUTRITION', 'Create_s3_bucket_stage', 'manual__2022-08-12T01:21:26.402383+00:00', '--job-id', '766', '--raw', '--subdir', 'DAGS_FOLDER/etl_dag.py', '--cfg-path', '/tmp/tmpvi4jo54z', '--error-file', '/tmp/tmpw0s555s9']
[2022-08-12 01:26:42,500] {standard_task_runner.py:80} INFO - Job 766: Subtask Create_s3_bucket_stage
[2022-08-12 01:26:42,543] {task_command.py:371} INFO - Running <TaskInstance: ETL_DAG_US_FOOD_NUTRITION.Create_s3_bucket_stage manual__2022-08-12T01:21:26.402383+00:00 [running]> on host ae5c2449a624
[2022-08-12 01:26:42,587] {taskinstance.py:1591} INFO - Exporting the following env vars:
AIRFLOW_CTX_DAG_OWNER=narapady
AIRFLOW_CTX_DAG_ID=ETL_DAG_US_FOOD_NUTRITION
AIRFLOW_CTX_TASK_ID=Create_s3_bucket_stage
AIRFLOW_CTX_EXECUTION_DATE=2022-08-12T01:21:26.402383+00:00
AIRFLOW_CTX_TRY_NUMBER=1
AIRFLOW_CTX_DAG_RUN_ID=manual__2022-08-12T01:21:26.402383+00:00
[2022-08-12 01:26:43,602] {python.py:173} INFO - Done. Returned value was: {'ResponseMetadata': {'RequestId': 'WKH0KN12M07XM3BN', 'HostId': 'AN+clKqfT7vf3sY8mIxI+9TX8AtGS0h4MnMBGLlN586n+F9iCRuaQtaQYsJqFbD7LtSEaxSq2fU=', 'HTTPStatusCode': 200, 'HTTPHeaders': {'x-amz-id-2': 'AN+clKqfT7vf3sY8mIxI+9TX8AtGS0h4MnMBGLlN586n+F9iCRuaQtaQYsJqFbD7LtSEaxSq2fU=', 'x-amz-request-id': 'WKH0KN12M07XM3BN', 'date': 'Fri, 12 Aug 2022 01:26:44 GMT', 'location': '/s3-bucket-staged', 'server': 'AmazonS3', 'content-length': '0'}, 'RetryAttempts': 0}, 'Location': '/s3-bucket-staged'}
[2022-08-12 01:26:43,651] {taskinstance.py:1420} INFO - Marking task as SUCCESS. dag_id=ETL_DAG_US_FOOD_NUTRITION, task_id=Create_s3_bucket_stage, execution_date=20220812T012126, start_date=20220812T012642, end_date=20220812T012643
[2022-08-12 01:26:43,698] {local_task_job.py:156} INFO - Task exited with return code 0
[2022-08-12 01:26:43,730] {local_task_job.py:273} INFO - 7 downstream tasks scheduled from follow-on schedule check
