[2022-08-08 20:10:22,462] {taskinstance.py:1179} INFO - Dependencies all met for <TaskInstance: etl_dag_v6.Ingestor manual__2022-08-08T20:10:20.944782+00:00 [queued]>
[2022-08-08 20:10:22,469] {taskinstance.py:1179} INFO - Dependencies all met for <TaskInstance: etl_dag_v6.Ingestor manual__2022-08-08T20:10:20.944782+00:00 [queued]>
[2022-08-08 20:10:22,470] {taskinstance.py:1376} INFO - 
--------------------------------------------------------------------------------
[2022-08-08 20:10:22,471] {taskinstance.py:1377} INFO - Starting attempt 1 of 6
[2022-08-08 20:10:22,473] {taskinstance.py:1378} INFO - 
--------------------------------------------------------------------------------
[2022-08-08 20:10:22,483] {taskinstance.py:1397} INFO - Executing <Task(PythonOperator): Ingestor> on 2022-08-08 20:10:20.944782+00:00
[2022-08-08 20:10:22,488] {standard_task_runner.py:52} INFO - Started process 13694 to run task
[2022-08-08 20:10:22,491] {standard_task_runner.py:79} INFO - Running: ['***', 'tasks', 'run', 'etl_dag_v6', 'Ingestor', 'manual__2022-08-08T20:10:20.944782+00:00', '--job-id', '98', '--raw', '--subdir', 'DAGS_FOLDER/etl_dag.py', '--cfg-path', '/tmp/tmp7hgytkuj', '--error-file', '/tmp/tmpxzc9451e']
[2022-08-08 20:10:22,493] {standard_task_runner.py:80} INFO - Job 98: Subtask Ingestor
[2022-08-08 20:10:22,545] {task_command.py:371} INFO - Running <TaskInstance: etl_dag_v6.Ingestor manual__2022-08-08T20:10:20.944782+00:00 [running]> on host 8d3924a1d70c
[2022-08-08 20:10:22,590] {taskinstance.py:1591} INFO - Exporting the following env vars:
AIRFLOW_CTX_DAG_OWNER=narapady
AIRFLOW_CTX_DAG_ID=etl_dag_v6
AIRFLOW_CTX_TASK_ID=Ingestor
AIRFLOW_CTX_EXECUTION_DATE=2022-08-08T20:10:20.944782+00:00
AIRFLOW_CTX_TRY_NUMBER=1
AIRFLOW_CTX_DAG_RUN_ID=manual__2022-08-08T20:10:20.944782+00:00
[2022-08-08 20:10:26,137] {logging_mixin.py:115} INFO - Successfully uploaded food-at-home-and-food-away-from-home/FAH_total.xls to s3-bucket-raw-usda
[2022-08-08 20:10:27,759] {logging_mixin.py:115} INFO - Successfully uploaded food-at-home-and-food-away-from-home/FAH_gender.xls to s3-bucket-raw-usda
[2022-08-08 20:10:29,299] {logging_mixin.py:115} INFO - Successfully uploaded food-at-home-and-food-away-from-home/FAH_income.xls to s3-bucket-raw-usda
[2022-08-08 20:10:30,832] {logging_mixin.py:115} INFO - Successfully uploaded food-at-home-and-food-away-from-home/FAH_education.xls to s3-bucket-raw-usda
[2022-08-08 20:10:32,686] {logging_mixin.py:115} INFO - Successfully uploaded food-at-home-and-food-away-from-home/FAH_race.xls to s3-bucket-raw-usda
[2022-08-08 20:10:34,636] {logging_mixin.py:115} INFO - Successfully uploaded food-at-home-and-food-away-from-home/FAFH_total.xls to s3-bucket-raw-usda
[2022-08-08 20:10:36,491] {logging_mixin.py:115} INFO - Successfully uploaded food-at-home-and-food-away-from-home/FAFH_gender.xls to s3-bucket-raw-usda
[2022-08-08 20:10:38,277] {logging_mixin.py:115} INFO - Successfully uploaded food-at-home-and-food-away-from-home/FAFH_income.xls to s3-bucket-raw-usda
[2022-08-08 20:10:40,775] {logging_mixin.py:115} INFO - Successfully uploaded food-at-home-and-food-away-from-home/FAFH_education.xls to s3-bucket-raw-usda
[2022-08-08 20:10:43,222] {logging_mixin.py:115} INFO - Successfully uploaded demographic-and-socioeconomic-characteristics/CommodityConsumption_table1.xls to s3-bucket-raw-usda
[2022-08-08 20:10:45,002] {logging_mixin.py:115} INFO - Successfully uploaded demographic-and-socioeconomic-characteristics/CommodityConsumption_table2.xls to s3-bucket-raw-usda
[2022-08-08 20:10:46,614] {logging_mixin.py:115} INFO - Successfully uploaded demographic-and-socioeconomic-characteristics/CommodityConsumption_table3.xls to s3-bucket-raw-usda
[2022-08-08 20:10:48,375] {logging_mixin.py:115} INFO - Successfully uploaded demographic-and-socioeconomic-characteristics/CommodityConsumption_table4.xls to s3-bucket-raw-usda
[2022-08-08 20:10:50,201] {logging_mixin.py:115} INFO - Successfully uploaded demographic-and-socioeconomic-characteristics/CommodityConsumption_table5.xls to s3-bucket-raw-usda
[2022-08-08 20:10:50,213] {python.py:173} INFO - Done. Returned value was: None
[2022-08-08 20:10:50,237] {taskinstance.py:1420} INFO - Marking task as SUCCESS. dag_id=etl_dag_v6, task_id=Ingestor, execution_date=20220808T201020, start_date=20220808T201022, end_date=20220808T201050
[2022-08-08 20:10:50,264] {local_task_job.py:156} INFO - Task exited with return code 0
[2022-08-08 20:10:50,288] {local_task_job.py:273} INFO - 1 downstream tasks scheduled from follow-on schedule check
