[2022-08-11 23:14:00,592] {taskinstance.py:1179} INFO - Dependencies all met for <TaskInstance: ETL_DAG_US_FOOD_NUTRITION.Transform_2014 manual__2022-08-11T23:09:24.436624+00:00 [queued]>
[2022-08-11 23:14:00,615] {taskinstance.py:1179} INFO - Dependencies all met for <TaskInstance: ETL_DAG_US_FOOD_NUTRITION.Transform_2014 manual__2022-08-11T23:09:24.436624+00:00 [queued]>
[2022-08-11 23:14:00,618] {taskinstance.py:1376} INFO - 
--------------------------------------------------------------------------------
[2022-08-11 23:14:00,618] {taskinstance.py:1377} INFO - Starting attempt 1 of 6
[2022-08-11 23:14:00,619] {taskinstance.py:1378} INFO - 
--------------------------------------------------------------------------------
[2022-08-11 23:14:00,646] {taskinstance.py:1397} INFO - Executing <Task(PythonOperator): Transform_2014> on 2022-08-11 23:09:24.436624+00:00
[2022-08-11 23:14:00,677] {standard_task_runner.py:52} INFO - Started process 6543 to run task
[2022-08-11 23:14:00,690] {standard_task_runner.py:79} INFO - Running: ['***', 'tasks', 'run', 'ETL_DAG_US_FOOD_NUTRITION', 'Transform_2014', 'manual__2022-08-11T23:09:24.436624+00:00', '--job-id', '725', '--raw', '--subdir', 'DAGS_FOLDER/etl_dag.py', '--cfg-path', '/tmp/tmpzqko77wm', '--error-file', '/tmp/tmpqlr_nog0']
[2022-08-11 23:14:00,695] {standard_task_runner.py:80} INFO - Job 725: Subtask Transform_2014
[2022-08-11 23:14:00,800] {task_command.py:371} INFO - Running <TaskInstance: ETL_DAG_US_FOOD_NUTRITION.Transform_2014 manual__2022-08-11T23:09:24.436624+00:00 [running]> on host a02c2b8cab8b
[2022-08-11 23:14:00,897] {taskinstance.py:1591} INFO - Exporting the following env vars:
AIRFLOW_CTX_DAG_OWNER=narapady
AIRFLOW_CTX_DAG_ID=ETL_DAG_US_FOOD_NUTRITION
AIRFLOW_CTX_TASK_ID=Transform_2014
AIRFLOW_CTX_EXECUTION_DATE=2022-08-11T23:09:24.436624+00:00
AIRFLOW_CTX_TRY_NUMBER=1
AIRFLOW_CTX_DAG_RUN_ID=manual__2022-08-11T23:09:24.436624+00:00
[2022-08-11 23:14:05,040] {logging_mixin.py:115} INFO - Successfully process fast-food-clean/age-15-and-older-2014.csv to S3
[2022-08-11 23:14:05,374] {logging_mixin.py:115} INFO - Successfully process fast-food-clean/age-18-and-older-2014.csv to S3
[2022-08-11 23:14:05,376] {python.py:173} INFO - Done. Returned value was: None
[2022-08-11 23:14:05,385] {taskinstance.py:1420} INFO - Marking task as SUCCESS. dag_id=ETL_DAG_US_FOOD_NUTRITION, task_id=Transform_2014, execution_date=20220811T230924, start_date=20220811T231400, end_date=20220811T231405
[2022-08-11 23:14:05,415] {local_task_job.py:156} INFO - Task exited with return code 0
[2022-08-11 23:14:05,572] {local_task_job.py:273} INFO - 0 downstream tasks scheduled from follow-on schedule check
