[2022-08-15 20:57:08,940] {taskinstance.py:1179} INFO - Dependencies all met for <TaskInstance: ETL_DAG.Transform_2014 manual__2022-08-15T20:56:28.970676+00:00 [queued]>
[2022-08-15 20:57:08,953] {taskinstance.py:1179} INFO - Dependencies all met for <TaskInstance: ETL_DAG.Transform_2014 manual__2022-08-15T20:56:28.970676+00:00 [queued]>
[2022-08-15 20:57:08,954] {taskinstance.py:1376} INFO - 
--------------------------------------------------------------------------------
[2022-08-15 20:57:08,955] {taskinstance.py:1377} INFO - Starting attempt 1 of 6
[2022-08-15 20:57:08,956] {taskinstance.py:1378} INFO - 
--------------------------------------------------------------------------------
[2022-08-15 20:57:08,967] {taskinstance.py:1397} INFO - Executing <Task(PythonOperator): Transform_2014> on 2022-08-15 20:56:28.970676+00:00
[2022-08-15 20:57:08,972] {standard_task_runner.py:52} INFO - Started process 1620 to run task
[2022-08-15 20:57:08,975] {standard_task_runner.py:79} INFO - Running: ['***', 'tasks', 'run', 'ETL_DAG', 'Transform_2014', 'manual__2022-08-15T20:56:28.970676+00:00', '--job-id', '1059', '--raw', '--subdir', 'DAGS_FOLDER/etl_dag.py', '--cfg-path', '/tmp/tmpdzvck2t0', '--error-file', '/tmp/tmp_27bk98b']
[2022-08-15 20:57:08,978] {standard_task_runner.py:80} INFO - Job 1059: Subtask Transform_2014
[2022-08-15 20:57:09,061] {task_command.py:371} INFO - Running <TaskInstance: ETL_DAG.Transform_2014 manual__2022-08-15T20:56:28.970676+00:00 [running]> on host 42abdd2e54ec
[2022-08-15 20:57:09,128] {taskinstance.py:1591} INFO - Exporting the following env vars:
AIRFLOW_CTX_DAG_OWNER=narapady
AIRFLOW_CTX_DAG_ID=ETL_DAG
AIRFLOW_CTX_TASK_ID=Transform_2014
AIRFLOW_CTX_EXECUTION_DATE=2022-08-15T20:56:28.970676+00:00
AIRFLOW_CTX_TRY_NUMBER=1
AIRFLOW_CTX_DAG_RUN_ID=manual__2022-08-15T20:56:28.970676+00:00
[2022-08-15 20:57:12,827] {logging_mixin.py:115} INFO - Successfully process fast-food-clean/age-15-and-older-2014.csv to S3
[2022-08-15 20:57:13,144] {logging_mixin.py:115} INFO - Successfully process fast-food-clean/age-18-and-older-2014.csv to S3
[2022-08-15 20:57:13,148] {python.py:173} INFO - Done. Returned value was: None
[2022-08-15 20:57:13,161] {taskinstance.py:1420} INFO - Marking task as SUCCESS. dag_id=ETL_DAG, task_id=Transform_2014, execution_date=20220815T205628, start_date=20220815T205708, end_date=20220815T205713
[2022-08-15 20:57:13,223] {local_task_job.py:156} INFO - Task exited with return code 0
[2022-08-15 20:57:13,264] {local_task_job.py:273} INFO - 0 downstream tasks scheduled from follow-on schedule check
