[2022-08-11 21:34:06,899] {taskinstance.py:1179} INFO - Dependencies all met for <TaskInstance: ETL_DAG_V8.Ingest_from_2016 manual__2022-08-11T21:34:01.587578+00:00 [queued]>
[2022-08-11 21:34:06,921] {taskinstance.py:1179} INFO - Dependencies all met for <TaskInstance: ETL_DAG_V8.Ingest_from_2016 manual__2022-08-11T21:34:01.587578+00:00 [queued]>
[2022-08-11 21:34:06,924] {taskinstance.py:1376} INFO - 
--------------------------------------------------------------------------------
[2022-08-11 21:34:06,925] {taskinstance.py:1377} INFO - Starting attempt 1 of 6
[2022-08-11 21:34:06,926] {taskinstance.py:1378} INFO - 
--------------------------------------------------------------------------------
[2022-08-11 21:34:06,955] {taskinstance.py:1397} INFO - Executing <Task(PythonOperator): Ingest_from_2016> on 2022-08-11 21:34:01.587578+00:00
[2022-08-11 21:34:06,975] {standard_task_runner.py:52} INFO - Started process 240 to run task
[2022-08-11 21:34:06,983] {standard_task_runner.py:79} INFO - Running: ['***', 'tasks', 'run', 'ETL_DAG_V8', 'Ingest_from_2016', 'manual__2022-08-11T21:34:01.587578+00:00', '--job-id', '677', '--raw', '--subdir', 'DAGS_FOLDER/etl_dag.py', '--cfg-path', '/tmp/tmpd2k26cem', '--error-file', '/tmp/tmp56hrxwzr']
[2022-08-11 21:34:06,992] {standard_task_runner.py:80} INFO - Job 677: Subtask Ingest_from_2016
[2022-08-11 21:34:07,107] {task_command.py:371} INFO - Running <TaskInstance: ETL_DAG_V8.Ingest_from_2016 manual__2022-08-11T21:34:01.587578+00:00 [running]> on host a02c2b8cab8b
[2022-08-11 21:34:07,176] {taskinstance.py:1591} INFO - Exporting the following env vars:
AIRFLOW_CTX_DAG_OWNER=narapady
AIRFLOW_CTX_DAG_ID=ETL_DAG_V8
AIRFLOW_CTX_TASK_ID=Ingest_from_2016
AIRFLOW_CTX_EXECUTION_DATE=2022-08-11T21:34:01.587578+00:00
AIRFLOW_CTX_TRY_NUMBER=1
AIRFLOW_CTX_DAG_RUN_ID=manual__2022-08-11T21:34:01.587578+00:00
[2022-08-11 21:34:14,404] {logging_mixin.py:115} INFO - Successfully uploaded 2016/Table1_2016.xlsx to s3-bucket-raw-usda
[2022-08-11 21:34:15,615] {logging_mixin.py:115} INFO - Successfully uploaded 2016/Table2_2016.xlsx to s3-bucket-raw-usda
[2022-08-11 21:34:16,813] {logging_mixin.py:115} INFO - Successfully uploaded 2016/Table3_2016.xlsx to s3-bucket-raw-usda
[2022-08-11 21:34:18,047] {logging_mixin.py:115} INFO - Successfully uploaded 2016/Table4_2016.xlsx to s3-bucket-raw-usda
[2022-08-11 21:34:19,217] {logging_mixin.py:115} INFO - Successfully uploaded 2016/Table5_2016.xlsx to s3-bucket-raw-usda
[2022-08-11 21:34:20,450] {logging_mixin.py:115} INFO - Successfully uploaded 2016/Table6_2016.xlsx to s3-bucket-raw-usda
[2022-08-11 21:34:21,625] {logging_mixin.py:115} INFO - Successfully uploaded 2016/Table7_2016.xlsx to s3-bucket-raw-usda
[2022-08-11 21:34:22,787] {logging_mixin.py:115} INFO - Successfully uploaded 2016/Table8_2016.xlsx to s3-bucket-raw-usda
[2022-08-11 21:34:22,790] {python.py:173} INFO - Done. Returned value was: None
[2022-08-11 21:34:22,801] {taskinstance.py:1420} INFO - Marking task as SUCCESS. dag_id=ETL_DAG_V8, task_id=Ingest_from_2016, execution_date=20220811T213401, start_date=20220811T213406, end_date=20220811T213422
[2022-08-11 21:34:22,838] {local_task_job.py:156} INFO - Task exited with return code 0
[2022-08-11 21:34:22,871] {local_task_job.py:273} INFO - 0 downstream tasks scheduled from follow-on schedule check
