[2022-08-12 05:18:37,893] {taskinstance.py:1179} INFO - Dependencies all met for <TaskInstance: ETL_DAG_US_FOOD_NUTRITION.Ingest_from_food_consumption_estimates manual__2022-08-12T05:11:17.280858+00:00 [queued]>
[2022-08-12 05:18:37,908] {taskinstance.py:1179} INFO - Dependencies all met for <TaskInstance: ETL_DAG_US_FOOD_NUTRITION.Ingest_from_food_consumption_estimates manual__2022-08-12T05:11:17.280858+00:00 [queued]>
[2022-08-12 05:18:37,909] {taskinstance.py:1376} INFO - 
--------------------------------------------------------------------------------
[2022-08-12 05:18:37,910] {taskinstance.py:1377} INFO - Starting attempt 2 of 6
[2022-08-12 05:18:37,916] {taskinstance.py:1378} INFO - 
--------------------------------------------------------------------------------
[2022-08-12 05:18:37,930] {taskinstance.py:1397} INFO - Executing <Task(PythonOperator): Ingest_from_food_consumption_estimates> on 2022-08-12 05:11:17.280858+00:00
[2022-08-12 05:18:37,942] {standard_task_runner.py:52} INFO - Started process 11089 to run task
[2022-08-12 05:18:37,949] {standard_task_runner.py:79} INFO - Running: ['***', 'tasks', 'run', 'ETL_DAG_US_FOOD_NUTRITION', 'Ingest_from_food_consumption_estimates', 'manual__2022-08-12T05:11:17.280858+00:00', '--job-id', '812', '--raw', '--subdir', 'DAGS_FOLDER/etl_dag.py', '--cfg-path', '/tmp/tmpidbryqee', '--error-file', '/tmp/tmpyf_yji7p']
[2022-08-12 05:18:37,968] {standard_task_runner.py:80} INFO - Job 812: Subtask Ingest_from_food_consumption_estimates
[2022-08-12 05:18:38,056] {task_command.py:371} INFO - Running <TaskInstance: ETL_DAG_US_FOOD_NUTRITION.Ingest_from_food_consumption_estimates manual__2022-08-12T05:11:17.280858+00:00 [running]> on host ae5c2449a624
[2022-08-12 05:18:38,143] {taskinstance.py:1591} INFO - Exporting the following env vars:
AIRFLOW_CTX_DAG_OWNER=narapady
AIRFLOW_CTX_DAG_ID=ETL_DAG_US_FOOD_NUTRITION
AIRFLOW_CTX_TASK_ID=Ingest_from_food_consumption_estimates
AIRFLOW_CTX_EXECUTION_DATE=2022-08-12T05:11:17.280858+00:00
AIRFLOW_CTX_TRY_NUMBER=2
AIRFLOW_CTX_DAG_RUN_ID=manual__2022-08-12T05:11:17.280858+00:00
[2022-08-12 05:18:45,614] {logging_mixin.py:115} INFO - Successfully uploaded food-consumption-estimates/food_table1.xlsx to s3-bucket-raw-usda
[2022-08-12 05:18:46,862] {logging_mixin.py:115} INFO - Successfully uploaded food-consumption-estimates/food_table2.xlsx to s3-bucket-raw-usda
[2022-08-12 05:18:47,917] {logging_mixin.py:115} INFO - Successfully uploaded food-consumption-estimates/food_table3.xlsx to s3-bucket-raw-usda
[2022-08-12 05:18:47,919] {python.py:173} INFO - Done. Returned value was: None
[2022-08-12 05:18:48,048] {taskinstance.py:1420} INFO - Marking task as SUCCESS. dag_id=ETL_DAG_US_FOOD_NUTRITION, task_id=Ingest_from_food_consumption_estimates, execution_date=20220812T051117, start_date=20220812T051837, end_date=20220812T051848
[2022-08-12 05:18:48,092] {local_task_job.py:156} INFO - Task exited with return code 0
[2022-08-12 05:18:48,122] {local_task_job.py:273} INFO - 0 downstream tasks scheduled from follow-on schedule check
