[2022-08-12 05:22:29,788] {taskinstance.py:1179} INFO - Dependencies all met for <TaskInstance: ETL_DAG_US_FOOD_NUTRITION.Transform_nutrient-intake-estimates manual__2022-08-12T05:11:17.280858+00:00 [queued]>
[2022-08-12 05:22:29,800] {taskinstance.py:1179} INFO - Dependencies all met for <TaskInstance: ETL_DAG_US_FOOD_NUTRITION.Transform_nutrient-intake-estimates manual__2022-08-12T05:11:17.280858+00:00 [queued]>
[2022-08-12 05:22:29,802] {taskinstance.py:1376} INFO - 
--------------------------------------------------------------------------------
[2022-08-12 05:22:29,804] {taskinstance.py:1377} INFO - Starting attempt 1 of 6
[2022-08-12 05:22:29,805] {taskinstance.py:1378} INFO - 
--------------------------------------------------------------------------------
[2022-08-12 05:22:29,819] {taskinstance.py:1397} INFO - Executing <Task(PythonOperator): Transform_nutrient-intake-estimates> on 2022-08-12 05:11:17.280858+00:00
[2022-08-12 05:22:29,829] {standard_task_runner.py:52} INFO - Started process 11372 to run task
[2022-08-12 05:22:29,846] {standard_task_runner.py:79} INFO - Running: ['***', 'tasks', 'run', 'ETL_DAG_US_FOOD_NUTRITION', 'Transform_nutrient-intake-estimates', 'manual__2022-08-12T05:11:17.280858+00:00', '--job-id', '821', '--raw', '--subdir', 'DAGS_FOLDER/etl_dag.py', '--cfg-path', '/tmp/tmpdhqre5kf', '--error-file', '/tmp/tmp15j59jl5']
[2022-08-12 05:22:29,855] {standard_task_runner.py:80} INFO - Job 821: Subtask Transform_nutrient-intake-estimates
[2022-08-12 05:22:29,967] {task_command.py:371} INFO - Running <TaskInstance: ETL_DAG_US_FOOD_NUTRITION.Transform_nutrient-intake-estimates manual__2022-08-12T05:11:17.280858+00:00 [running]> on host ae5c2449a624
[2022-08-12 05:22:30,044] {taskinstance.py:1591} INFO - Exporting the following env vars:
AIRFLOW_CTX_DAG_OWNER=narapady
AIRFLOW_CTX_DAG_ID=ETL_DAG_US_FOOD_NUTRITION
AIRFLOW_CTX_TASK_ID=Transform_nutrient-intake-estimates
AIRFLOW_CTX_EXECUTION_DATE=2022-08-12T05:11:17.280858+00:00
AIRFLOW_CTX_TRY_NUMBER=1
AIRFLOW_CTX_DAG_RUN_ID=manual__2022-08-12T05:11:17.280858+00:00
[2022-08-12 05:22:46,580] {logging_mixin.py:115} INFO - Successfully process nutrient-intake-estimates-clean/Total population-2015-2016.csv to S3
[2022-08-12 05:22:46,905] {logging_mixin.py:115} INFO - Successfully process nutrient-intake-estimates-clean/Total population-2017-2018.csv to S3
[2022-08-12 05:22:47,175] {logging_mixin.py:115} INFO - Successfully process nutrient-intake-estimates-clean/Children age 2–19-2015-2016.csv to S3
[2022-08-12 05:22:47,471] {logging_mixin.py:115} INFO - Successfully process nutrient-intake-estimates-clean/Children age 2–19-2017-2018.csv to S3
[2022-08-12 05:22:47,787] {logging_mixin.py:115} INFO - Successfully process nutrient-intake-estimates-clean/Adults age 20-64-2015-2016.csv to S3
[2022-08-12 05:22:48,099] {logging_mixin.py:115} INFO - Successfully process nutrient-intake-estimates-clean/Adults age 20-64-2017-2018.csv to S3
[2022-08-12 05:22:48,403] {logging_mixin.py:115} INFO - Successfully process nutrient-intake-estimates-clean/Seniors age 65 and above-2015-2016.csv to S3
[2022-08-12 05:22:48,683] {logging_mixin.py:115} INFO - Successfully process nutrient-intake-estimates-clean/Seniors age 65 and above-2017-2018.csv to S3
[2022-08-12 05:22:49,001] {logging_mixin.py:115} INFO - Successfully process nutrient-intake-estimates-clean/Household income < 185% poverty line-2015-2016.csv to S3
[2022-08-12 05:22:49,315] {logging_mixin.py:115} INFO - Successfully process nutrient-intake-estimates-clean/Household income < 185% poverty line-2017-2018.csv to S3
[2022-08-12 05:22:49,688] {logging_mixin.py:115} INFO - Successfully process nutrient-intake-estimates-clean/Household income 185–300% poverty line-2015-2016.csv to S3
[2022-08-12 05:22:49,980] {logging_mixin.py:115} INFO - Successfully process nutrient-intake-estimates-clean/Household income 185–300% poverty line-2017-2018.csv to S3
[2022-08-12 05:22:50,287] {logging_mixin.py:115} INFO - Successfully process nutrient-intake-estimates-clean/Household income > 300% poverty line-2015-2016.csv to S3
[2022-08-12 05:22:50,588] {logging_mixin.py:115} INFO - Successfully process nutrient-intake-estimates-clean/Household income > 300% poverty line-2017-2018.csv to S3
[2022-08-12 05:22:50,591] {python.py:173} INFO - Done. Returned value was: None
[2022-08-12 05:22:50,607] {taskinstance.py:1420} INFO - Marking task as SUCCESS. dag_id=ETL_DAG_US_FOOD_NUTRITION, task_id=Transform_nutrient-intake-estimates, execution_date=20220812T051117, start_date=20220812T052229, end_date=20220812T052250
[2022-08-12 05:22:50,645] {local_task_job.py:156} INFO - Task exited with return code 0
[2022-08-12 05:22:50,671] {local_task_job.py:273} INFO - 0 downstream tasks scheduled from follow-on schedule check
