[2022-08-15 20:40:56,309] {taskinstance.py:1179} INFO - Dependencies all met for <TaskInstance: ETL_DAG.Ingest_from_nutrient_intake_estimates manual__2022-08-15T20:40:50.207703+00:00 [queued]>
[2022-08-15 20:40:56,336] {taskinstance.py:1179} INFO - Dependencies all met for <TaskInstance: ETL_DAG.Ingest_from_nutrient_intake_estimates manual__2022-08-15T20:40:50.207703+00:00 [queued]>
[2022-08-15 20:40:56,338] {taskinstance.py:1376} INFO - 
--------------------------------------------------------------------------------
[2022-08-15 20:40:56,341] {taskinstance.py:1377} INFO - Starting attempt 1 of 6
[2022-08-15 20:40:56,345] {taskinstance.py:1378} INFO - 
--------------------------------------------------------------------------------
[2022-08-15 20:40:56,390] {taskinstance.py:1397} INFO - Executing <Task(PythonOperator): Ingest_from_nutrient_intake_estimates> on 2022-08-15 20:40:50.207703+00:00
[2022-08-15 20:40:56,402] {standard_task_runner.py:52} INFO - Started process 375 to run task
[2022-08-15 20:40:56,451] {standard_task_runner.py:79} INFO - Running: ['***', 'tasks', 'run', 'ETL_DAG', 'Ingest_from_nutrient_intake_estimates', 'manual__2022-08-15T20:40:50.207703+00:00', '--job-id', '1009', '--raw', '--subdir', 'DAGS_FOLDER/etl_dag.py', '--cfg-path', '/tmp/tmp45opkqhj', '--error-file', '/tmp/tmprlwccq_b']
[2022-08-15 20:40:56,462] {standard_task_runner.py:80} INFO - Job 1009: Subtask Ingest_from_nutrient_intake_estimates
[2022-08-15 20:40:56,601] {task_command.py:371} INFO - Running <TaskInstance: ETL_DAG.Ingest_from_nutrient_intake_estimates manual__2022-08-15T20:40:50.207703+00:00 [running]> on host 42abdd2e54ec
[2022-08-15 20:40:56,740] {taskinstance.py:1591} INFO - Exporting the following env vars:
AIRFLOW_CTX_DAG_OWNER=narapady
AIRFLOW_CTX_DAG_ID=ETL_DAG
AIRFLOW_CTX_TASK_ID=Ingest_from_nutrient_intake_estimates
AIRFLOW_CTX_EXECUTION_DATE=2022-08-15T20:40:50.207703+00:00
AIRFLOW_CTX_TRY_NUMBER=1
AIRFLOW_CTX_DAG_RUN_ID=manual__2022-08-15T20:40:50.207703+00:00
[2022-08-15 20:41:05,777] {logging_mixin.py:115} INFO - Successfully uploaded nutrient-intake-estimates/nutrient_table1.xlsx to s3-bucket-raw-usda
[2022-08-15 20:41:07,462] {logging_mixin.py:115} INFO - Successfully uploaded nutrient-intake-estimates/nutrient_table2.xlsx to s3-bucket-raw-usda
[2022-08-15 20:41:13,376] {logging_mixin.py:115} INFO - Successfully uploaded nutrient-intake-estimates/Archived%202007-10%20Food%20Consumption%20and%20Nutrient%20Inta to s3-bucket-raw-usda
[2022-08-15 20:41:13,381] {python.py:173} INFO - Done. Returned value was: None
[2022-08-15 20:41:13,534] {taskinstance.py:1420} INFO - Marking task as SUCCESS. dag_id=ETL_DAG, task_id=Ingest_from_nutrient_intake_estimates, execution_date=20220815T204050, start_date=20220815T204056, end_date=20220815T204113
[2022-08-15 20:41:13,583] {local_task_job.py:156} INFO - Task exited with return code 0
[2022-08-15 20:41:13,612] {local_task_job.py:273} INFO - 0 downstream tasks scheduled from follow-on schedule check
