[2022-08-14 16:45:02,802] {taskinstance.py:1179} INFO - Dependencies all met for <TaskInstance: ETL_DAG.Ingest_from_loss-adjusted_food_availability scheduled__2022-08-07T00:00:00+00:00 [queued]>
[2022-08-14 16:45:02,817] {taskinstance.py:1179} INFO - Dependencies all met for <TaskInstance: ETL_DAG.Ingest_from_loss-adjusted_food_availability scheduled__2022-08-07T00:00:00+00:00 [queued]>
[2022-08-14 16:45:02,818] {taskinstance.py:1376} INFO - 
--------------------------------------------------------------------------------
[2022-08-14 16:45:02,820] {taskinstance.py:1377} INFO - Starting attempt 1 of 6
[2022-08-14 16:45:02,821] {taskinstance.py:1378} INFO - 
--------------------------------------------------------------------------------
[2022-08-14 16:45:02,834] {taskinstance.py:1397} INFO - Executing <Task(PythonOperator): Ingest_from_loss-adjusted_food_availability> on 2022-08-07 00:00:00+00:00
[2022-08-14 16:45:02,841] {standard_task_runner.py:52} INFO - Started process 222 to run task
[2022-08-14 16:45:02,855] {standard_task_runner.py:79} INFO - Running: ['***', 'tasks', 'run', 'ETL_DAG', 'Ingest_from_loss-adjusted_food_availability', 'scheduled__2022-08-07T00:00:00+00:00', '--job-id', '934', '--raw', '--subdir', 'DAGS_FOLDER/etl_dag.py', '--cfg-path', '/tmp/tmpvp_jinmy', '--error-file', '/tmp/tmpmh7fvlv5']
[2022-08-14 16:45:02,862] {standard_task_runner.py:80} INFO - Job 934: Subtask Ingest_from_loss-adjusted_food_availability
[2022-08-14 16:45:02,946] {task_command.py:371} INFO - Running <TaskInstance: ETL_DAG.Ingest_from_loss-adjusted_food_availability scheduled__2022-08-07T00:00:00+00:00 [running]> on host 0dbf9d5e5cdb
[2022-08-14 16:45:03,034] {taskinstance.py:1591} INFO - Exporting the following env vars:
AIRFLOW_CTX_DAG_OWNER=narapady
AIRFLOW_CTX_DAG_ID=ETL_DAG
AIRFLOW_CTX_TASK_ID=Ingest_from_loss-adjusted_food_availability
AIRFLOW_CTX_EXECUTION_DATE=2022-08-07T00:00:00+00:00
AIRFLOW_CTX_TRY_NUMBER=1
AIRFLOW_CTX_DAG_RUN_ID=scheduled__2022-08-07T00:00:00+00:00
[2022-08-14 16:45:17,744] {logging_mixin.py:115} INFO - Successfully uploaded loss-adjusted-food-availability/calories.xls to s3-bucket-raw-usda
[2022-08-14 16:45:49,979] {logging_mixin.py:115} INFO - Successfully uploaded loss-adjusted-food-availability/Dairy.xls to s3-bucket-raw-usda
[2022-08-14 16:45:58,908] {logging_mixin.py:115} INFO - Successfully uploaded loss-adjusted-food-availability/fat.xls to s3-bucket-raw-usda
[2022-08-14 16:46:07,485] {logging_mixin.py:115} INFO - Successfully uploaded loss-adjusted-food-availability/servings.xls to s3-bucket-raw-usda
[2022-08-14 16:46:52,501] {logging_mixin.py:115} INFO - Successfully uploaded loss-adjusted-food-availability/Fruit.xls to s3-bucket-raw-usda
[2022-08-14 16:47:02,984] {logging_mixin.py:115} INFO - Successfully uploaded loss-adjusted-food-availability/grain.xls to s3-bucket-raw-usda
[2022-08-14 16:47:27,564] {logging_mixin.py:115} INFO - Successfully uploaded loss-adjusted-food-availability/meat.xls to s3-bucket-raw-usda
[2022-08-14 16:47:36,542] {logging_mixin.py:115} INFO - Successfully uploaded loss-adjusted-food-availability/sugar.xls to s3-bucket-raw-usda
[2022-08-14 16:48:27,475] {logging_mixin.py:115} INFO - Successfully uploaded loss-adjusted-food-availability/veg.xls to s3-bucket-raw-usda
[2022-08-14 16:48:30,948] {logging_mixin.py:115} INFO - Successfully uploaded loss-adjusted-food-availability/nutrients.xls to s3-bucket-raw-usda
[2022-08-14 16:48:36,456] {logging_mixin.py:115} INFO - Successfully uploaded loss-adjusted-food-availability/ctcsp.xls to s3-bucket-raw-usda
[2022-08-14 16:48:36,459] {python.py:173} INFO - Done. Returned value was: None
[2022-08-14 16:48:36,578] {taskinstance.py:1420} INFO - Marking task as SUCCESS. dag_id=ETL_DAG, task_id=Ingest_from_loss-adjusted_food_availability, execution_date=20220807T000000, start_date=20220814T164502, end_date=20220814T164836
[2022-08-14 16:48:36,614] {local_task_job.py:156} INFO - Task exited with return code 0
[2022-08-14 16:48:36,643] {local_task_job.py:273} INFO - 0 downstream tasks scheduled from follow-on schedule check
