[2022-08-12 05:38:43,990] {taskinstance.py:1179} INFO - Dependencies all met for <TaskInstance: ETL_DAG.Stage_price-index-clean manual__2022-08-12T05:33:31.619708+00:00 [queued]>
[2022-08-12 05:38:44,001] {taskinstance.py:1179} INFO - Dependencies all met for <TaskInstance: ETL_DAG.Stage_price-index-clean manual__2022-08-12T05:33:31.619708+00:00 [queued]>
[2022-08-12 05:38:44,002] {taskinstance.py:1376} INFO - 
--------------------------------------------------------------------------------
[2022-08-12 05:38:44,003] {taskinstance.py:1377} INFO - Starting attempt 1 of 6
[2022-08-12 05:38:44,004] {taskinstance.py:1378} INFO - 
--------------------------------------------------------------------------------
[2022-08-12 05:38:44,019] {taskinstance.py:1397} INFO - Executing <Task(PythonOperator): Stage_price-index-clean> on 2022-08-12 05:33:31.619708+00:00
[2022-08-12 05:38:44,030] {standard_task_runner.py:52} INFO - Started process 721 to run task
[2022-08-12 05:38:44,036] {standard_task_runner.py:79} INFO - Running: ['***', 'tasks', 'run', 'ETL_DAG', 'Stage_price-index-clean', 'manual__2022-08-12T05:33:31.619708+00:00', '--job-id', '869', '--raw', '--subdir', 'DAGS_FOLDER/etl_dag.py', '--cfg-path', '/tmp/tmp2ee30qpn', '--error-file', '/tmp/tmpasqv33wy']
[2022-08-12 05:38:44,039] {standard_task_runner.py:80} INFO - Job 869: Subtask Stage_price-index-clean
[2022-08-12 05:38:44,156] {task_command.py:371} INFO - Running <TaskInstance: ETL_DAG.Stage_price-index-clean manual__2022-08-12T05:33:31.619708+00:00 [running]> on host 959a8f00817b
[2022-08-12 05:38:44,228] {taskinstance.py:1591} INFO - Exporting the following env vars:
AIRFLOW_CTX_DAG_OWNER=narapady
AIRFLOW_CTX_DAG_ID=ETL_DAG
AIRFLOW_CTX_TASK_ID=Stage_price-index-clean
AIRFLOW_CTX_EXECUTION_DATE=2022-08-12T05:33:31.619708+00:00
AIRFLOW_CTX_TRY_NUMBER=1
AIRFLOW_CTX_DAG_RUN_ID=manual__2022-08-12T05:33:31.619708+00:00
[2022-08-12 05:38:47,536] {logging_mixin.py:115} INFO - Successfully loaded price-index-staged.csv to s3-bucket-staged
[2022-08-12 05:38:47,538] {python.py:173} INFO - Done. Returned value was: None
[2022-08-12 05:38:47,550] {taskinstance.py:1420} INFO - Marking task as SUCCESS. dag_id=ETL_DAG, task_id=Stage_price-index-clean, execution_date=20220812T053331, start_date=20220812T053843, end_date=20220812T053847
[2022-08-12 05:38:47,587] {local_task_job.py:156} INFO - Task exited with return code 0
[2022-08-12 05:38:47,616] {local_task_job.py:273} INFO - 0 downstream tasks scheduled from follow-on schedule check
