[2022-08-12 05:22:29,917] {taskinstance.py:1179} INFO - Dependencies all met for <TaskInstance: ETL_DAG_US_FOOD_NUTRITION.Transform_consumer-price-index manual__2022-08-12T05:11:17.280858+00:00 [queued]>
[2022-08-12 05:22:29,928] {taskinstance.py:1179} INFO - Dependencies all met for <TaskInstance: ETL_DAG_US_FOOD_NUTRITION.Transform_consumer-price-index manual__2022-08-12T05:11:17.280858+00:00 [queued]>
[2022-08-12 05:22:29,931] {taskinstance.py:1376} INFO - 
--------------------------------------------------------------------------------
[2022-08-12 05:22:29,932] {taskinstance.py:1377} INFO - Starting attempt 1 of 6
[2022-08-12 05:22:29,933] {taskinstance.py:1378} INFO - 
--------------------------------------------------------------------------------
[2022-08-12 05:22:29,953] {taskinstance.py:1397} INFO - Executing <Task(PythonOperator): Transform_consumer-price-index> on 2022-08-12 05:11:17.280858+00:00
[2022-08-12 05:22:29,961] {standard_task_runner.py:52} INFO - Started process 11382 to run task
[2022-08-12 05:22:29,975] {standard_task_runner.py:79} INFO - Running: ['***', 'tasks', 'run', 'ETL_DAG_US_FOOD_NUTRITION', 'Transform_consumer-price-index', 'manual__2022-08-12T05:11:17.280858+00:00', '--job-id', '823', '--raw', '--subdir', 'DAGS_FOLDER/etl_dag.py', '--cfg-path', '/tmp/tmpbwhiwu58', '--error-file', '/tmp/tmpfujk79km']
[2022-08-12 05:22:29,986] {standard_task_runner.py:80} INFO - Job 823: Subtask Transform_consumer-price-index
[2022-08-12 05:22:30,071] {task_command.py:371} INFO - Running <TaskInstance: ETL_DAG_US_FOOD_NUTRITION.Transform_consumer-price-index manual__2022-08-12T05:11:17.280858+00:00 [running]> on host ae5c2449a624
[2022-08-12 05:22:30,129] {taskinstance.py:1591} INFO - Exporting the following env vars:
AIRFLOW_CTX_DAG_OWNER=narapady
AIRFLOW_CTX_DAG_ID=ETL_DAG_US_FOOD_NUTRITION
AIRFLOW_CTX_TASK_ID=Transform_consumer-price-index
AIRFLOW_CTX_EXECUTION_DATE=2022-08-12T05:11:17.280858+00:00
AIRFLOW_CTX_TRY_NUMBER=1
AIRFLOW_CTX_DAG_RUN_ID=manual__2022-08-12T05:11:17.280858+00:00
[2022-08-12 05:23:01,326] {logging_mixin.py:115} INFO - Successfully process price-index-clean/consumer-price-index.csv to S3
[2022-08-12 05:23:01,344] {python.py:173} INFO - Done. Returned value was: None
[2022-08-12 05:23:01,369] {taskinstance.py:1420} INFO - Marking task as SUCCESS. dag_id=ETL_DAG_US_FOOD_NUTRITION, task_id=Transform_consumer-price-index, execution_date=20220812T051117, start_date=20220812T052229, end_date=20220812T052301
[2022-08-12 05:23:01,404] {local_task_job.py:156} INFO - Task exited with return code 0
[2022-08-12 05:23:01,430] {local_task_job.py:273} INFO - 0 downstream tasks scheduled from follow-on schedule check
