[2022-08-11 19:43:22,511] {taskinstance.py:1179} INFO - Dependencies all met for <TaskInstance: ETL_DAG_V5.Create_s3_buckek_raw manual__2022-08-11T19:43:19.932213+00:00 [queued]>
[2022-08-11 19:43:22,518] {taskinstance.py:1179} INFO - Dependencies all met for <TaskInstance: ETL_DAG_V5.Create_s3_buckek_raw manual__2022-08-11T19:43:19.932213+00:00 [queued]>
[2022-08-11 19:43:22,519] {taskinstance.py:1376} INFO - 
--------------------------------------------------------------------------------
[2022-08-11 19:43:22,520] {taskinstance.py:1377} INFO - Starting attempt 1 of 6
[2022-08-11 19:43:22,521] {taskinstance.py:1378} INFO - 
--------------------------------------------------------------------------------
[2022-08-11 19:43:22,529] {taskinstance.py:1397} INFO - Executing <Task(PythonOperator): Create_s3_buckek_raw> on 2022-08-11 19:43:19.932213+00:00
[2022-08-11 19:43:22,535] {standard_task_runner.py:52} INFO - Started process 3520 to run task
[2022-08-11 19:43:22,539] {standard_task_runner.py:79} INFO - Running: ['***', 'tasks', 'run', 'ETL_DAG_V5', 'Create_s3_buckek_raw', 'manual__2022-08-11T19:43:19.932213+00:00', '--job-id', '529', '--raw', '--subdir', 'DAGS_FOLDER/etl_dag.py', '--cfg-path', '/tmp/tmpu3v5y63x', '--error-file', '/tmp/tmp0vcb6oaf']
[2022-08-11 19:43:22,542] {standard_task_runner.py:80} INFO - Job 529: Subtask Create_s3_buckek_raw
[2022-08-11 19:43:22,594] {task_command.py:371} INFO - Running <TaskInstance: ETL_DAG_V5.Create_s3_buckek_raw manual__2022-08-11T19:43:19.932213+00:00 [running]> on host ce1be8c59d56
[2022-08-11 19:43:22,642] {taskinstance.py:1591} INFO - Exporting the following env vars:
AIRFLOW_CTX_DAG_OWNER=narapady
AIRFLOW_CTX_DAG_ID=ETL_DAG_V5
AIRFLOW_CTX_TASK_ID=Create_s3_buckek_raw
AIRFLOW_CTX_EXECUTION_DATE=2022-08-11T19:43:19.932213+00:00
AIRFLOW_CTX_TRY_NUMBER=1
AIRFLOW_CTX_DAG_RUN_ID=manual__2022-08-11T19:43:19.932213+00:00
[2022-08-11 19:43:23,506] {python.py:173} INFO - Done. Returned value was: {'ResponseMetadata': {'RequestId': 'QXW41RDP504C6KGY', 'HostId': 'R2cfcF1l/Q4j/SqLzf84F4WLFMlD8leImaXa9xXalwJYfnjMYrN/JMYS9KZSseN8+KkFpr3IGBI=', 'HTTPStatusCode': 200, 'HTTPHeaders': {'x-amz-id-2': 'R2cfcF1l/Q4j/SqLzf84F4WLFMlD8leImaXa9xXalwJYfnjMYrN/JMYS9KZSseN8+KkFpr3IGBI=', 'x-amz-request-id': 'QXW41RDP504C6KGY', 'date': 'Thu, 11 Aug 2022 19:43:24 GMT', 'location': '/s3-bucket-raw-usda', 'server': 'AmazonS3', 'content-length': '0'}, 'RetryAttempts': 0}, 'Location': '/s3-bucket-raw-usda'}
[2022-08-11 19:43:23,553] {taskinstance.py:1420} INFO - Marking task as SUCCESS. dag_id=ETL_DAG_V5, task_id=Create_s3_buckek_raw, execution_date=20220811T194319, start_date=20220811T194322, end_date=20220811T194323
[2022-08-11 19:43:23,586] {local_task_job.py:156} INFO - Task exited with return code 0
[2022-08-11 19:43:23,621] {local_task_job.py:273} INFO - 9 downstream tasks scheduled from follow-on schedule check
