[2022-08-14 16:45:02,388] {taskinstance.py:1179} INFO - Dependencies all met for <TaskInstance: ETL_DAG.Ingest_from_nutrient_intake_estimates scheduled__2022-08-07T00:00:00+00:00 [queued]>
[2022-08-14 16:45:02,405] {taskinstance.py:1179} INFO - Dependencies all met for <TaskInstance: ETL_DAG.Ingest_from_nutrient_intake_estimates scheduled__2022-08-07T00:00:00+00:00 [queued]>
[2022-08-14 16:45:02,405] {taskinstance.py:1376} INFO - 
--------------------------------------------------------------------------------
[2022-08-14 16:45:02,407] {taskinstance.py:1377} INFO - Starting attempt 1 of 6
[2022-08-14 16:45:02,408] {taskinstance.py:1378} INFO - 
--------------------------------------------------------------------------------
[2022-08-14 16:45:02,440] {taskinstance.py:1397} INFO - Executing <Task(PythonOperator): Ingest_from_nutrient_intake_estimates> on 2022-08-07 00:00:00+00:00
[2022-08-14 16:45:02,448] {standard_task_runner.py:52} INFO - Started process 214 to run task
[2022-08-14 16:45:02,468] {standard_task_runner.py:79} INFO - Running: ['***', 'tasks', 'run', 'ETL_DAG', 'Ingest_from_nutrient_intake_estimates', 'scheduled__2022-08-07T00:00:00+00:00', '--job-id', '928', '--raw', '--subdir', 'DAGS_FOLDER/etl_dag.py', '--cfg-path', '/tmp/tmpmux_933t', '--error-file', '/tmp/tmp6dmeq67p']
[2022-08-14 16:45:02,475] {standard_task_runner.py:80} INFO - Job 928: Subtask Ingest_from_nutrient_intake_estimates
[2022-08-14 16:45:02,603] {task_command.py:371} INFO - Running <TaskInstance: ETL_DAG.Ingest_from_nutrient_intake_estimates scheduled__2022-08-07T00:00:00+00:00 [running]> on host 0dbf9d5e5cdb
[2022-08-14 16:45:02,696] {taskinstance.py:1591} INFO - Exporting the following env vars:
AIRFLOW_CTX_DAG_OWNER=narapady
AIRFLOW_CTX_DAG_ID=ETL_DAG
AIRFLOW_CTX_TASK_ID=Ingest_from_nutrient_intake_estimates
AIRFLOW_CTX_EXECUTION_DATE=2022-08-07T00:00:00+00:00
AIRFLOW_CTX_TRY_NUMBER=1
AIRFLOW_CTX_DAG_RUN_ID=scheduled__2022-08-07T00:00:00+00:00
[2022-08-14 16:45:10,823] {logging_mixin.py:115} INFO - Successfully uploaded nutrient-intake-estimates/nutrient_table1.xlsx to s3-bucket-raw-usda
[2022-08-14 16:45:12,086] {logging_mixin.py:115} INFO - Successfully uploaded nutrient-intake-estimates/nutrient_table2.xlsx to s3-bucket-raw-usda
[2022-08-14 16:45:16,234] {logging_mixin.py:115} INFO - Successfully uploaded nutrient-intake-estimates/Archived%202007-10%20Food%20Consumption%20and%20Nutrient%20Inta to s3-bucket-raw-usda
[2022-08-14 16:45:16,236] {python.py:173} INFO - Done. Returned value was: None
[2022-08-14 16:45:16,358] {taskinstance.py:1420} INFO - Marking task as SUCCESS. dag_id=ETL_DAG, task_id=Ingest_from_nutrient_intake_estimates, execution_date=20220807T000000, start_date=20220814T164502, end_date=20220814T164516
[2022-08-14 16:45:16,399] {local_task_job.py:156} INFO - Task exited with return code 0
[2022-08-14 16:45:16,427] {local_task_job.py:273} INFO - 0 downstream tasks scheduled from follow-on schedule check
