[2022-08-11 21:16:05,288] {taskinstance.py:1179} INFO - Dependencies all met for <TaskInstance: ETL_DAG_V8.Create_s3_bucket_ingest manual__2022-08-11T21:16:03.096610+00:00 [queued]>
[2022-08-11 21:16:05,295] {taskinstance.py:1179} INFO - Dependencies all met for <TaskInstance: ETL_DAG_V8.Create_s3_bucket_ingest manual__2022-08-11T21:16:03.096610+00:00 [queued]>
[2022-08-11 21:16:05,296] {taskinstance.py:1376} INFO - 
--------------------------------------------------------------------------------
[2022-08-11 21:16:05,297] {taskinstance.py:1377} INFO - Starting attempt 1 of 6
[2022-08-11 21:16:05,298] {taskinstance.py:1378} INFO - 
--------------------------------------------------------------------------------
[2022-08-11 21:16:05,306] {taskinstance.py:1397} INFO - Executing <Task(PythonOperator): Create_s3_bucket_ingest> on 2022-08-11 21:16:03.096610+00:00
[2022-08-11 21:16:05,312] {standard_task_runner.py:52} INFO - Started process 10074 to run task
[2022-08-11 21:16:05,315] {standard_task_runner.py:79} INFO - Running: ['***', 'tasks', 'run', 'ETL_DAG_V8', 'Create_s3_bucket_ingest', 'manual__2022-08-11T21:16:03.096610+00:00', '--job-id', '628', '--raw', '--subdir', 'DAGS_FOLDER/etl_dag.py', '--cfg-path', '/tmp/tmppm70jpro', '--error-file', '/tmp/tmprwmiuwpj']
[2022-08-11 21:16:05,318] {standard_task_runner.py:80} INFO - Job 628: Subtask Create_s3_bucket_ingest
[2022-08-11 21:16:05,365] {task_command.py:371} INFO - Running <TaskInstance: ETL_DAG_V8.Create_s3_bucket_ingest manual__2022-08-11T21:16:03.096610+00:00 [running]> on host ce1be8c59d56
[2022-08-11 21:16:05,413] {taskinstance.py:1591} INFO - Exporting the following env vars:
AIRFLOW_CTX_DAG_OWNER=narapady
AIRFLOW_CTX_DAG_ID=ETL_DAG_V8
AIRFLOW_CTX_TASK_ID=Create_s3_bucket_ingest
AIRFLOW_CTX_EXECUTION_DATE=2022-08-11T21:16:03.096610+00:00
AIRFLOW_CTX_TRY_NUMBER=1
AIRFLOW_CTX_DAG_RUN_ID=manual__2022-08-11T21:16:03.096610+00:00
[2022-08-11 21:16:06,262] {python.py:173} INFO - Done. Returned value was: {'ResponseMetadata': {'RequestId': '3T3WEWA290DSXZCR', 'HostId': 'H4+ksdVgzCdXl/kJyAKdhI1QfBgnS9m4vQu4YnptoNaHzMKtefa1gVgCKPx26X8EQDS/yQJpQeo=', 'HTTPStatusCode': 200, 'HTTPHeaders': {'x-amz-id-2': 'H4+ksdVgzCdXl/kJyAKdhI1QfBgnS9m4vQu4YnptoNaHzMKtefa1gVgCKPx26X8EQDS/yQJpQeo=', 'x-amz-request-id': '3T3WEWA290DSXZCR', 'date': 'Thu, 11 Aug 2022 21:16:07 GMT', 'location': '/s3-bucket-raw-usda', 'server': 'AmazonS3', 'content-length': '0'}, 'RetryAttempts': 0}, 'Location': '/s3-bucket-raw-usda'}
[2022-08-11 21:16:06,306] {taskinstance.py:1420} INFO - Marking task as SUCCESS. dag_id=ETL_DAG_V8, task_id=Create_s3_bucket_ingest, execution_date=20220811T211603, start_date=20220811T211605, end_date=20220811T211606
[2022-08-11 21:16:06,355] {local_task_job.py:156} INFO - Task exited with return code 0
[2022-08-11 21:16:06,393] {local_task_job.py:273} INFO - 9 downstream tasks scheduled from follow-on schedule check
