[2022-08-07 05:39:44,091] {taskinstance.py:1179} INFO - Dependencies all met for <TaskInstance: etl_dag.greet manual__2022-08-07T05:39:42.169419+00:00 [queued]>
[2022-08-07 05:39:44,100] {taskinstance.py:1179} INFO - Dependencies all met for <TaskInstance: etl_dag.greet manual__2022-08-07T05:39:42.169419+00:00 [queued]>
[2022-08-07 05:39:44,101] {taskinstance.py:1376} INFO - 
--------------------------------------------------------------------------------
[2022-08-07 05:39:44,102] {taskinstance.py:1377} INFO - Starting attempt 1 of 6
[2022-08-07 05:39:44,103] {taskinstance.py:1378} INFO - 
--------------------------------------------------------------------------------
[2022-08-07 05:39:44,113] {taskinstance.py:1397} INFO - Executing <Task(PythonOperator): greet> on 2022-08-07 05:39:42.169419+00:00
[2022-08-07 05:39:44,116] {standard_task_runner.py:52} INFO - Started process 244 to run task
[2022-08-07 05:39:44,121] {standard_task_runner.py:79} INFO - Running: ['***', 'tasks', 'run', 'etl_dag', 'greet', 'manual__2022-08-07T05:39:42.169419+00:00', '--job-id', '53', '--raw', '--subdir', 'DAGS_FOLDER/etl_dag.py', '--cfg-path', '/tmp/tmpgadp6d6a', '--error-file', '/tmp/tmp96k1h7vz']
[2022-08-07 05:39:44,122] {standard_task_runner.py:80} INFO - Job 53: Subtask greet
[2022-08-07 05:39:44,173] {task_command.py:371} INFO - Running <TaskInstance: etl_dag.greet manual__2022-08-07T05:39:42.169419+00:00 [running]> on host 9c2fa859e2fb
[2022-08-07 05:39:44,220] {taskinstance.py:1591} INFO - Exporting the following env vars:
AIRFLOW_CTX_DAG_OWNER=narapady
AIRFLOW_CTX_DAG_ID=etl_dag
AIRFLOW_CTX_TASK_ID=greet
AIRFLOW_CTX_EXECUTION_DATE=2022-08-07T05:39:42.169419+00:00
AIRFLOW_CTX_TRY_NUMBER=1
AIRFLOW_CTX_DAG_RUN_ID=manual__2022-08-07T05:39:42.169419+00:00
[2022-08-07 05:39:44,222] {logging_mixin.py:115} INFO - Hello World
[2022-08-07 05:39:44,223] {python.py:173} INFO - Done. Returned value was: None
[2022-08-07 05:39:44,233] {taskinstance.py:1420} INFO - Marking task as SUCCESS. dag_id=etl_dag, task_id=greet, execution_date=20220807T053942, start_date=20220807T053944, end_date=20220807T053944
[2022-08-07 05:39:44,252] {local_task_job.py:156} INFO - Task exited with return code 0
[2022-08-07 05:39:44,276] {local_task_job.py:273} INFO - 0 downstream tasks scheduled from follow-on schedule check
