[2022-08-15 20:45:16,389] {taskinstance.py:1179} INFO - Dependencies all met for <TaskInstance: ETL_DAG.Transform_2015 manual__2022-08-15T20:40:50.207703+00:00 [queued]>
[2022-08-15 20:45:16,404] {taskinstance.py:1179} INFO - Dependencies all met for <TaskInstance: ETL_DAG.Transform_2015 manual__2022-08-15T20:40:50.207703+00:00 [queued]>
[2022-08-15 20:45:16,405] {taskinstance.py:1376} INFO - 
--------------------------------------------------------------------------------
[2022-08-15 20:45:16,406] {taskinstance.py:1377} INFO - Starting attempt 1 of 6
[2022-08-15 20:45:16,407] {taskinstance.py:1378} INFO - 
--------------------------------------------------------------------------------
[2022-08-15 20:45:16,431] {taskinstance.py:1397} INFO - Executing <Task(PythonOperator): Transform_2015> on 2022-08-15 20:40:50.207703+00:00
[2022-08-15 20:45:16,451] {standard_task_runner.py:52} INFO - Started process 683 to run task
[2022-08-15 20:45:16,474] {standard_task_runner.py:79} INFO - Running: ['***', 'tasks', 'run', 'ETL_DAG', 'Transform_2015', 'manual__2022-08-15T20:40:50.207703+00:00', '--job-id', '1016', '--raw', '--subdir', 'DAGS_FOLDER/etl_dag.py', '--cfg-path', '/tmp/tmpuhod_279', '--error-file', '/tmp/tmpme0f3l4a']
[2022-08-15 20:45:16,487] {standard_task_runner.py:80} INFO - Job 1016: Subtask Transform_2015
[2022-08-15 20:45:16,596] {task_command.py:371} INFO - Running <TaskInstance: ETL_DAG.Transform_2015 manual__2022-08-15T20:40:50.207703+00:00 [running]> on host 42abdd2e54ec
[2022-08-15 20:45:16,795] {taskinstance.py:1591} INFO - Exporting the following env vars:
AIRFLOW_CTX_DAG_OWNER=narapady
AIRFLOW_CTX_DAG_ID=ETL_DAG
AIRFLOW_CTX_TASK_ID=Transform_2015
AIRFLOW_CTX_EXECUTION_DATE=2022-08-15T20:40:50.207703+00:00
AIRFLOW_CTX_TRY_NUMBER=1
AIRFLOW_CTX_DAG_RUN_ID=manual__2022-08-15T20:40:50.207703+00:00
[2022-08-15 20:45:34,639] {logging_mixin.py:115} INFO - Successfully process fast-food-clean/age-15-and-older-2015.csv to S3
[2022-08-15 20:45:35,204] {logging_mixin.py:115} INFO - Successfully process fast-food-clean/age-18-and-older-2015.csv to S3
[2022-08-15 20:45:35,208] {python.py:173} INFO - Done. Returned value was: None
[2022-08-15 20:45:35,222] {taskinstance.py:1420} INFO - Marking task as SUCCESS. dag_id=ETL_DAG, task_id=Transform_2015, execution_date=20220815T204050, start_date=20220815T204516, end_date=20220815T204535
[2022-08-15 20:45:35,248] {local_task_job.py:156} INFO - Task exited with return code 0
[2022-08-15 20:45:35,275] {local_task_job.py:273} INFO - 0 downstream tasks scheduled from follow-on schedule check
