[2022-08-08 06:47:15,638] {taskinstance.py:1179} INFO - Dependencies all met for <TaskInstance: etl_dag_v2.Ingest manual__2022-08-08T06:47:14.560774+00:00 [queued]>
[2022-08-08 06:47:15,643] {taskinstance.py:1179} INFO - Dependencies all met for <TaskInstance: etl_dag_v2.Ingest manual__2022-08-08T06:47:14.560774+00:00 [queued]>
[2022-08-08 06:47:15,644] {taskinstance.py:1376} INFO - 
--------------------------------------------------------------------------------
[2022-08-08 06:47:15,645] {taskinstance.py:1377} INFO - Starting attempt 1 of 6
[2022-08-08 06:47:15,646] {taskinstance.py:1378} INFO - 
--------------------------------------------------------------------------------
[2022-08-08 06:47:15,655] {taskinstance.py:1397} INFO - Executing <Task(PythonOperator): Ingest> on 2022-08-08 06:47:14.560774+00:00
[2022-08-08 06:47:15,661] {standard_task_runner.py:52} INFO - Started process 5256 to run task
[2022-08-08 06:47:15,663] {standard_task_runner.py:79} INFO - Running: ['***', 'tasks', 'run', 'etl_dag_v2', 'Ingest', 'manual__2022-08-08T06:47:14.560774+00:00', '--job-id', '91', '--raw', '--subdir', 'DAGS_FOLDER/etl_dag.py', '--cfg-path', '/tmp/tmpk74u559d', '--error-file', '/tmp/tmptd_ktjiq']
[2022-08-08 06:47:15,666] {standard_task_runner.py:80} INFO - Job 91: Subtask Ingest
[2022-08-08 06:47:15,708] {task_command.py:371} INFO - Running <TaskInstance: etl_dag_v2.Ingest manual__2022-08-08T06:47:14.560774+00:00 [running]> on host 8d3924a1d70c
[2022-08-08 06:47:15,749] {taskinstance.py:1591} INFO - Exporting the following env vars:
AIRFLOW_CTX_DAG_OWNER=narapady
AIRFLOW_CTX_DAG_ID=etl_dag_v2
AIRFLOW_CTX_TASK_ID=Ingest
AIRFLOW_CTX_EXECUTION_DATE=2022-08-08T06:47:14.560774+00:00
AIRFLOW_CTX_TRY_NUMBER=1
AIRFLOW_CTX_DAG_RUN_ID=manual__2022-08-08T06:47:14.560774+00:00
[2022-08-08 06:47:19,714] {logging_mixin.py:115} INFO - Successfully uploaded food-at-home-and-food-away-from-home/FAH_total.xls to s3-bucket-raw-usda
[2022-08-08 06:47:21,608] {logging_mixin.py:115} INFO - Successfully uploaded food-at-home-and-food-away-from-home/FAH_gender.xls to s3-bucket-raw-usda
[2022-08-08 06:47:23,227] {logging_mixin.py:115} INFO - Successfully uploaded food-at-home-and-food-away-from-home/FAH_income.xls to s3-bucket-raw-usda
[2022-08-08 06:47:24,807] {logging_mixin.py:115} INFO - Successfully uploaded food-at-home-and-food-away-from-home/FAH_education.xls to s3-bucket-raw-usda
[2022-08-08 06:47:26,601] {logging_mixin.py:115} INFO - Successfully uploaded food-at-home-and-food-away-from-home/FAH_race.xls to s3-bucket-raw-usda
[2022-08-08 06:47:28,614] {logging_mixin.py:115} INFO - Successfully uploaded food-at-home-and-food-away-from-home/FAFH_total.xls to s3-bucket-raw-usda
[2022-08-08 06:47:30,314] {logging_mixin.py:115} INFO - Successfully uploaded food-at-home-and-food-away-from-home/FAFH_gender.xls to s3-bucket-raw-usda
[2022-08-08 06:47:32,239] {logging_mixin.py:115} INFO - Successfully uploaded food-at-home-and-food-away-from-home/FAFH_income.xls to s3-bucket-raw-usda
[2022-08-08 06:47:33,841] {logging_mixin.py:115} INFO - Successfully uploaded food-at-home-and-food-away-from-home/FAFH_education.xls to s3-bucket-raw-usda
[2022-08-08 06:47:35,890] {logging_mixin.py:115} INFO - Successfully uploaded demographic-and-socioeconomic-characteristics/CommodityConsumption_table1.xls to s3-bucket-raw-usda
[2022-08-08 06:47:37,756] {logging_mixin.py:115} INFO - Successfully uploaded demographic-and-socioeconomic-characteristics/CommodityConsumption_table2.xls to s3-bucket-raw-usda
[2022-08-08 06:47:39,438] {logging_mixin.py:115} INFO - Successfully uploaded demographic-and-socioeconomic-characteristics/CommodityConsumption_table3.xls to s3-bucket-raw-usda
[2022-08-08 06:47:41,046] {logging_mixin.py:115} INFO - Successfully uploaded demographic-and-socioeconomic-characteristics/CommodityConsumption_table4.xls to s3-bucket-raw-usda
[2022-08-08 06:47:42,804] {logging_mixin.py:115} INFO - Successfully uploaded demographic-and-socioeconomic-characteristics/CommodityConsumption_table5.xls to s3-bucket-raw-usda
[2022-08-08 06:47:42,816] {python.py:173} INFO - Done. Returned value was: None
[2022-08-08 06:47:42,839] {taskinstance.py:1420} INFO - Marking task as SUCCESS. dag_id=etl_dag_v2, task_id=Ingest, execution_date=20220808T064714, start_date=20220808T064715, end_date=20220808T064742
[2022-08-08 06:47:42,875] {local_task_job.py:156} INFO - Task exited with return code 0
[2022-08-08 06:47:42,893] {local_task_job.py:273} INFO - 0 downstream tasks scheduled from follow-on schedule check
