[2022-08-12 05:33:37,343] {taskinstance.py:1179} INFO - Dependencies all met for <TaskInstance: ETL_DAG.Ingest_from_food_consumption_estimates manual__2022-08-12T05:33:31.619708+00:00 [queued]>
[2022-08-12 05:33:37,365] {taskinstance.py:1179} INFO - Dependencies all met for <TaskInstance: ETL_DAG.Ingest_from_food_consumption_estimates manual__2022-08-12T05:33:31.619708+00:00 [queued]>
[2022-08-12 05:33:37,366] {taskinstance.py:1376} INFO - 
--------------------------------------------------------------------------------
[2022-08-12 05:33:37,367] {taskinstance.py:1377} INFO - Starting attempt 1 of 6
[2022-08-12 05:33:37,370] {taskinstance.py:1378} INFO - 
--------------------------------------------------------------------------------
[2022-08-12 05:33:37,390] {taskinstance.py:1397} INFO - Executing <Task(PythonOperator): Ingest_from_food_consumption_estimates> on 2022-08-12 05:33:31.619708+00:00
[2022-08-12 05:33:37,397] {standard_task_runner.py:52} INFO - Started process 319 to run task
[2022-08-12 05:33:37,417] {standard_task_runner.py:79} INFO - Running: ['***', 'tasks', 'run', 'ETL_DAG', 'Ingest_from_food_consumption_estimates', 'manual__2022-08-12T05:33:31.619708+00:00', '--job-id', '850', '--raw', '--subdir', 'DAGS_FOLDER/etl_dag.py', '--cfg-path', '/tmp/tmpicpf7l3q', '--error-file', '/tmp/tmp04tuvqfj']
[2022-08-12 05:33:37,428] {standard_task_runner.py:80} INFO - Job 850: Subtask Ingest_from_food_consumption_estimates
[2022-08-12 05:33:37,550] {task_command.py:371} INFO - Running <TaskInstance: ETL_DAG.Ingest_from_food_consumption_estimates manual__2022-08-12T05:33:31.619708+00:00 [running]> on host 959a8f00817b
[2022-08-12 05:33:37,695] {taskinstance.py:1591} INFO - Exporting the following env vars:
AIRFLOW_CTX_DAG_OWNER=narapady
AIRFLOW_CTX_DAG_ID=ETL_DAG
AIRFLOW_CTX_TASK_ID=Ingest_from_food_consumption_estimates
AIRFLOW_CTX_EXECUTION_DATE=2022-08-12T05:33:31.619708+00:00
AIRFLOW_CTX_TRY_NUMBER=1
AIRFLOW_CTX_DAG_RUN_ID=manual__2022-08-12T05:33:31.619708+00:00
[2022-08-12 05:33:46,373] {logging_mixin.py:115} INFO - Successfully uploaded food-consumption-estimates/food_table1.xlsx to s3-bucket-raw-usda
[2022-08-12 05:33:47,673] {logging_mixin.py:115} INFO - Successfully uploaded food-consumption-estimates/food_table2.xlsx to s3-bucket-raw-usda
[2022-08-12 05:33:48,940] {logging_mixin.py:115} INFO - Successfully uploaded food-consumption-estimates/food_table3.xlsx to s3-bucket-raw-usda
[2022-08-12 05:33:48,945] {python.py:173} INFO - Done. Returned value was: None
[2022-08-12 05:33:49,111] {taskinstance.py:1420} INFO - Marking task as SUCCESS. dag_id=ETL_DAG, task_id=Ingest_from_food_consumption_estimates, execution_date=20220812T053331, start_date=20220812T053337, end_date=20220812T053349
[2022-08-12 05:33:49,147] {local_task_job.py:156} INFO - Task exited with return code 0
[2022-08-12 05:33:49,192] {local_task_job.py:273} INFO - 0 downstream tasks scheduled from follow-on schedule check
