[2022-08-11 23:09:29,802] {taskinstance.py:1179} INFO - Dependencies all met for <TaskInstance: ETL_DAG_US_FOOD_NUTRITION.Ingest_from_consumer_price_index manual__2022-08-11T23:09:24.436624+00:00 [queued]>
[2022-08-11 23:09:29,827] {taskinstance.py:1179} INFO - Dependencies all met for <TaskInstance: ETL_DAG_US_FOOD_NUTRITION.Ingest_from_consumer_price_index manual__2022-08-11T23:09:24.436624+00:00 [queued]>
[2022-08-11 23:09:29,829] {taskinstance.py:1376} INFO - 
--------------------------------------------------------------------------------
[2022-08-11 23:09:29,830] {taskinstance.py:1377} INFO - Starting attempt 1 of 6
[2022-08-11 23:09:29,831] {taskinstance.py:1378} INFO - 
--------------------------------------------------------------------------------
[2022-08-11 23:09:29,855] {taskinstance.py:1397} INFO - Executing <Task(PythonOperator): Ingest_from_consumer_price_index> on 2022-08-11 23:09:24.436624+00:00
[2022-08-11 23:09:29,872] {standard_task_runner.py:52} INFO - Started process 6204 to run task
[2022-08-11 23:09:29,884] {standard_task_runner.py:79} INFO - Running: ['***', 'tasks', 'run', 'ETL_DAG_US_FOOD_NUTRITION', 'Ingest_from_consumer_price_index', 'manual__2022-08-11T23:09:24.436624+00:00', '--job-id', '710', '--raw', '--subdir', 'DAGS_FOLDER/etl_dag.py', '--cfg-path', '/tmp/tmpghr126oa', '--error-file', '/tmp/tmp74ixr38e']
[2022-08-11 23:09:29,888] {standard_task_runner.py:80} INFO - Job 710: Subtask Ingest_from_consumer_price_index
[2022-08-11 23:09:29,983] {task_command.py:371} INFO - Running <TaskInstance: ETL_DAG_US_FOOD_NUTRITION.Ingest_from_consumer_price_index manual__2022-08-11T23:09:24.436624+00:00 [running]> on host a02c2b8cab8b
[2022-08-11 23:09:30,183] {taskinstance.py:1591} INFO - Exporting the following env vars:
AIRFLOW_CTX_DAG_OWNER=narapady
AIRFLOW_CTX_DAG_ID=ETL_DAG_US_FOOD_NUTRITION
AIRFLOW_CTX_TASK_ID=Ingest_from_consumer_price_index
AIRFLOW_CTX_EXECUTION_DATE=2022-08-11T23:09:24.436624+00:00
AIRFLOW_CTX_TRY_NUMBER=1
AIRFLOW_CTX_DAG_RUN_ID=manual__2022-08-11T23:09:24.436624+00:00
[2022-08-11 23:09:38,054] {logging_mixin.py:115} INFO - Successfully uploaded consumer-price-index/CPIforecast.xlsx to s3-bucket-raw-usda
[2022-08-11 23:09:39,579] {logging_mixin.py:115} INFO - Successfully uploaded consumer-price-index/historicalcpi.xlsx to s3-bucket-raw-usda
[2022-08-11 23:09:39,584] {python.py:173} INFO - Done. Returned value was: None
[2022-08-11 23:09:39,613] {taskinstance.py:1420} INFO - Marking task as SUCCESS. dag_id=ETL_DAG_US_FOOD_NUTRITION, task_id=Ingest_from_consumer_price_index, execution_date=20220811T230924, start_date=20220811T230929, end_date=20220811T230939
[2022-08-11 23:09:39,643] {local_task_job.py:156} INFO - Task exited with return code 0
[2022-08-11 23:09:39,673] {local_task_job.py:273} INFO - 0 downstream tasks scheduled from follow-on schedule check
