[2022-08-12 18:24:59,475] {taskinstance.py:1179} INFO - Dependencies all met for <TaskInstance: ETL_DAG.Transform_nutrient-intake-estimates manual__2022-08-12T18:20:52.559703+00:00 [queued]>
[2022-08-12 18:24:59,493] {taskinstance.py:1179} INFO - Dependencies all met for <TaskInstance: ETL_DAG.Transform_nutrient-intake-estimates manual__2022-08-12T18:20:52.559703+00:00 [queued]>
[2022-08-12 18:24:59,494] {taskinstance.py:1376} INFO - 
--------------------------------------------------------------------------------
[2022-08-12 18:24:59,495] {taskinstance.py:1377} INFO - Starting attempt 1 of 6
[2022-08-12 18:24:59,496] {taskinstance.py:1378} INFO - 
--------------------------------------------------------------------------------
[2022-08-12 18:24:59,511] {taskinstance.py:1397} INFO - Executing <Task(PythonOperator): Transform_nutrient-intake-estimates> on 2022-08-12 18:20:52.559703+00:00
[2022-08-12 18:24:59,519] {standard_task_runner.py:52} INFO - Started process 553 to run task
[2022-08-12 18:24:59,529] {standard_task_runner.py:79} INFO - Running: ['***', 'tasks', 'run', 'ETL_DAG', 'Transform_nutrient-intake-estimates', 'manual__2022-08-12T18:20:52.559703+00:00', '--job-id', '903', '--raw', '--subdir', 'DAGS_FOLDER/etl_dag.py', '--cfg-path', '/tmp/tmpklmc8yk2', '--error-file', '/tmp/tmpybxyezx1']
[2022-08-12 18:24:59,540] {standard_task_runner.py:80} INFO - Job 903: Subtask Transform_nutrient-intake-estimates
[2022-08-12 18:24:59,609] {task_command.py:371} INFO - Running <TaskInstance: ETL_DAG.Transform_nutrient-intake-estimates manual__2022-08-12T18:20:52.559703+00:00 [running]> on host 00aa0783f116
[2022-08-12 18:24:59,662] {taskinstance.py:1591} INFO - Exporting the following env vars:
AIRFLOW_CTX_DAG_OWNER=narapady
AIRFLOW_CTX_DAG_ID=ETL_DAG
AIRFLOW_CTX_TASK_ID=Transform_nutrient-intake-estimates
AIRFLOW_CTX_EXECUTION_DATE=2022-08-12T18:20:52.559703+00:00
AIRFLOW_CTX_TRY_NUMBER=1
AIRFLOW_CTX_DAG_RUN_ID=manual__2022-08-12T18:20:52.559703+00:00
[2022-08-12 18:25:17,061] {logging_mixin.py:115} INFO - Successfully process nutrient-intake-estimates-clean/Total population-2015-2016.csv to S3
[2022-08-12 18:25:17,377] {logging_mixin.py:115} INFO - Successfully process nutrient-intake-estimates-clean/Total population-2017-2018.csv to S3
[2022-08-12 18:25:17,691] {logging_mixin.py:115} INFO - Successfully process nutrient-intake-estimates-clean/Children age 2–19-2015-2016.csv to S3
[2022-08-12 18:25:18,000] {logging_mixin.py:115} INFO - Successfully process nutrient-intake-estimates-clean/Children age 2–19-2017-2018.csv to S3
[2022-08-12 18:25:18,292] {logging_mixin.py:115} INFO - Successfully process nutrient-intake-estimates-clean/Adults age 20-64-2015-2016.csv to S3
[2022-08-12 18:25:18,614] {logging_mixin.py:115} INFO - Successfully process nutrient-intake-estimates-clean/Adults age 20-64-2017-2018.csv to S3
[2022-08-12 18:25:18,938] {logging_mixin.py:115} INFO - Successfully process nutrient-intake-estimates-clean/Seniors age 65 and above-2015-2016.csv to S3
[2022-08-12 18:25:19,310] {logging_mixin.py:115} INFO - Successfully process nutrient-intake-estimates-clean/Seniors age 65 and above-2017-2018.csv to S3
[2022-08-12 18:25:19,605] {logging_mixin.py:115} INFO - Successfully process nutrient-intake-estimates-clean/Household income < 185% poverty line-2015-2016.csv to S3
[2022-08-12 18:25:19,910] {logging_mixin.py:115} INFO - Successfully process nutrient-intake-estimates-clean/Household income < 185% poverty line-2017-2018.csv to S3
[2022-08-12 18:25:20,206] {logging_mixin.py:115} INFO - Successfully process nutrient-intake-estimates-clean/Household income 185–300% poverty line-2015-2016.csv to S3
[2022-08-12 18:25:20,535] {logging_mixin.py:115} INFO - Successfully process nutrient-intake-estimates-clean/Household income 185–300% poverty line-2017-2018.csv to S3
[2022-08-12 18:25:20,855] {logging_mixin.py:115} INFO - Successfully process nutrient-intake-estimates-clean/Household income > 300% poverty line-2015-2016.csv to S3
[2022-08-12 18:25:21,151] {logging_mixin.py:115} INFO - Successfully process nutrient-intake-estimates-clean/Household income > 300% poverty line-2017-2018.csv to S3
[2022-08-12 18:25:21,163] {python.py:173} INFO - Done. Returned value was: None
[2022-08-12 18:25:21,187] {taskinstance.py:1420} INFO - Marking task as SUCCESS. dag_id=ETL_DAG, task_id=Transform_nutrient-intake-estimates, execution_date=20220812T182052, start_date=20220812T182459, end_date=20220812T182521
[2022-08-12 18:25:21,218] {local_task_job.py:156} INFO - Task exited with return code 0
[2022-08-12 18:25:21,245] {local_task_job.py:273} INFO - 0 downstream tasks scheduled from follow-on schedule check
