[2022-08-12 01:21:31,584] {taskinstance.py:1179} INFO - Dependencies all met for <TaskInstance: ETL_DAG_US_FOOD_NUTRITION.Ingest_from_2014 manual__2022-08-12T01:21:26.402383+00:00 [queued]>
[2022-08-12 01:21:31,615] {taskinstance.py:1179} INFO - Dependencies all met for <TaskInstance: ETL_DAG_US_FOOD_NUTRITION.Ingest_from_2014 manual__2022-08-12T01:21:26.402383+00:00 [queued]>
[2022-08-12 01:21:31,620] {taskinstance.py:1376} INFO - 
--------------------------------------------------------------------------------
[2022-08-12 01:21:31,621] {taskinstance.py:1377} INFO - Starting attempt 1 of 6
[2022-08-12 01:21:31,622] {taskinstance.py:1378} INFO - 
--------------------------------------------------------------------------------
[2022-08-12 01:21:31,642] {taskinstance.py:1397} INFO - Executing <Task(PythonOperator): Ingest_from_2014> on 2022-08-12 01:21:26.402383+00:00
[2022-08-12 01:21:31,668] {standard_task_runner.py:52} INFO - Started process 248 to run task
[2022-08-12 01:21:31,685] {standard_task_runner.py:79} INFO - Running: ['***', 'tasks', 'run', 'ETL_DAG_US_FOOD_NUTRITION', 'Ingest_from_2014', 'manual__2022-08-12T01:21:26.402383+00:00', '--job-id', '748', '--raw', '--subdir', 'DAGS_FOLDER/etl_dag.py', '--cfg-path', '/tmp/tmpqpi88aw5', '--error-file', '/tmp/tmpysuozszo']
[2022-08-12 01:21:31,689] {standard_task_runner.py:80} INFO - Job 748: Subtask Ingest_from_2014
[2022-08-12 01:21:31,812] {task_command.py:371} INFO - Running <TaskInstance: ETL_DAG_US_FOOD_NUTRITION.Ingest_from_2014 manual__2022-08-12T01:21:26.402383+00:00 [running]> on host ae5c2449a624
[2022-08-12 01:21:31,933] {taskinstance.py:1591} INFO - Exporting the following env vars:
AIRFLOW_CTX_DAG_OWNER=narapady
AIRFLOW_CTX_DAG_ID=ETL_DAG_US_FOOD_NUTRITION
AIRFLOW_CTX_TASK_ID=Ingest_from_2014
AIRFLOW_CTX_EXECUTION_DATE=2022-08-12T01:21:26.402383+00:00
AIRFLOW_CTX_TRY_NUMBER=1
AIRFLOW_CTX_DAG_RUN_ID=manual__2022-08-12T01:21:26.402383+00:00
[2022-08-12 01:21:40,891] {logging_mixin.py:115} INFO - Successfully uploaded 2014/table1_2014.xls to s3-bucket-raw-usda
[2022-08-12 01:21:42,749] {logging_mixin.py:115} INFO - Successfully uploaded 2014/table2_2014.xls to s3-bucket-raw-usda
[2022-08-12 01:21:44,461] {logging_mixin.py:115} INFO - Successfully uploaded 2014/table3_2014.xls to s3-bucket-raw-usda
[2022-08-12 01:21:46,195] {logging_mixin.py:115} INFO - Successfully uploaded 2014/table4_2014.xls to s3-bucket-raw-usda
[2022-08-12 01:21:47,817] {logging_mixin.py:115} INFO - Successfully uploaded 2014/table5_2014.xls to s3-bucket-raw-usda
[2022-08-12 01:21:49,204] {logging_mixin.py:115} INFO - Successfully uploaded 2014/table6_2014.xls to s3-bucket-raw-usda
[2022-08-12 01:21:50,749] {logging_mixin.py:115} INFO - Successfully uploaded 2014/table7_2014.xls to s3-bucket-raw-usda
[2022-08-12 01:21:52,265] {logging_mixin.py:115} INFO - Successfully uploaded 2014/table8_2014.xls to s3-bucket-raw-usda
[2022-08-12 01:21:54,024] {logging_mixin.py:115} INFO - Successfully uploaded 2014/2008_table1.xls to s3-bucket-raw-usda
[2022-08-12 01:21:55,498] {logging_mixin.py:115} INFO - Successfully uploaded 2014/2008_table2.xls to s3-bucket-raw-usda
[2022-08-12 01:21:57,463] {logging_mixin.py:115} INFO - Successfully uploaded 2014/2008_table3.xls to s3-bucket-raw-usda
[2022-08-12 01:21:58,826] {logging_mixin.py:115} INFO - Successfully uploaded 2014/2008_table4.xls to s3-bucket-raw-usda
[2022-08-12 01:22:00,154] {logging_mixin.py:115} INFO - Successfully uploaded 2014/2008_table5.xls to s3-bucket-raw-usda
[2022-08-12 01:22:01,727] {logging_mixin.py:115} INFO - Successfully uploaded 2014/2008_table6.xls to s3-bucket-raw-usda
[2022-08-12 01:22:03,231] {logging_mixin.py:115} INFO - Successfully uploaded 2014/2008_table7.xls to s3-bucket-raw-usda
[2022-08-12 01:22:03,243] {python.py:173} INFO - Done. Returned value was: None
[2022-08-12 01:22:03,264] {taskinstance.py:1420} INFO - Marking task as SUCCESS. dag_id=ETL_DAG_US_FOOD_NUTRITION, task_id=Ingest_from_2014, execution_date=20220812T012126, start_date=20220812T012131, end_date=20220812T012203
[2022-08-12 01:22:03,312] {local_task_job.py:156} INFO - Task exited with return code 0
[2022-08-12 01:22:03,346] {local_task_job.py:273} INFO - 0 downstream tasks scheduled from follow-on schedule check
