[2022-08-11 20:45:46,125] {taskinstance.py:1179} INFO - Dependencies all met for <TaskInstance: ETL_DAG_V7.Ingest_from_food_consumption_estimates manual__2022-08-11T20:45:41.327998+00:00 [queued]>
[2022-08-11 20:45:46,137] {taskinstance.py:1179} INFO - Dependencies all met for <TaskInstance: ETL_DAG_V7.Ingest_from_food_consumption_estimates manual__2022-08-11T20:45:41.327998+00:00 [queued]>
[2022-08-11 20:45:46,138] {taskinstance.py:1376} INFO - 
--------------------------------------------------------------------------------
[2022-08-11 20:45:46,140] {taskinstance.py:1377} INFO - Starting attempt 1 of 6
[2022-08-11 20:45:46,141] {taskinstance.py:1378} INFO - 
--------------------------------------------------------------------------------
[2022-08-11 20:45:46,168] {taskinstance.py:1397} INFO - Executing <Task(PythonOperator): Ingest_from_food_consumption_estimates> on 2022-08-11 20:45:41.327998+00:00
[2022-08-11 20:45:46,176] {standard_task_runner.py:52} INFO - Started process 7853 to run task
[2022-08-11 20:45:46,184] {standard_task_runner.py:79} INFO - Running: ['***', 'tasks', 'run', 'ETL_DAG_V7', 'Ingest_from_food_consumption_estimates', 'manual__2022-08-11T20:45:41.327998+00:00', '--job-id', '578', '--raw', '--subdir', 'DAGS_FOLDER/etl_dag.py', '--cfg-path', '/tmp/tmpuh3kw7o1', '--error-file', '/tmp/tmpigenkdez']
[2022-08-11 20:45:46,187] {standard_task_runner.py:80} INFO - Job 578: Subtask Ingest_from_food_consumption_estimates
[2022-08-11 20:45:46,284] {task_command.py:371} INFO - Running <TaskInstance: ETL_DAG_V7.Ingest_from_food_consumption_estimates manual__2022-08-11T20:45:41.327998+00:00 [running]> on host ce1be8c59d56
[2022-08-11 20:45:46,529] {taskinstance.py:1591} INFO - Exporting the following env vars:
AIRFLOW_CTX_DAG_OWNER=narapady
AIRFLOW_CTX_DAG_ID=ETL_DAG_V7
AIRFLOW_CTX_TASK_ID=Ingest_from_food_consumption_estimates
AIRFLOW_CTX_EXECUTION_DATE=2022-08-11T20:45:41.327998+00:00
AIRFLOW_CTX_TRY_NUMBER=1
AIRFLOW_CTX_DAG_RUN_ID=manual__2022-08-11T20:45:41.327998+00:00
[2022-08-11 20:45:53,675] {logging_mixin.py:115} INFO - Successfully uploaded food-consumption-estimates/food_table1.xlsx to s3-bucket-raw-usda
[2022-08-11 20:45:55,042] {logging_mixin.py:115} INFO - Successfully uploaded food-consumption-estimates/food_table2.xlsx to s3-bucket-raw-usda
[2022-08-11 20:45:56,202] {logging_mixin.py:115} INFO - Successfully uploaded food-consumption-estimates/food_table3.xlsx to s3-bucket-raw-usda
[2022-08-11 20:45:56,205] {python.py:173} INFO - Done. Returned value was: None
[2022-08-11 20:45:56,224] {taskinstance.py:1420} INFO - Marking task as SUCCESS. dag_id=ETL_DAG_V7, task_id=Ingest_from_food_consumption_estimates, execution_date=20220811T204541, start_date=20220811T204546, end_date=20220811T204556
[2022-08-11 20:45:56,272] {local_task_job.py:156} INFO - Task exited with return code 0
[2022-08-11 20:45:56,306] {local_task_job.py:273} INFO - 0 downstream tasks scheduled from follow-on schedule check
